2026-04-24 14:09:38,200 | ======================================
2026-04-24 14:09:38,200 |  V23 流动性剃头皮策略 (防卡死+防幽灵+防抢跑增强版) 启动成功
2026-04-24 14:09:38,200 |  当前运行模式: 本地撮合 (测试网行情)
2026-04-24 14:09:38,200 |  策略: 流动性+Sweep+区间评分 | 启动盈利:0.01% | 止损:2.5% | 区间有效期:动态ATR自适应
2026-04-24 14:09:38,200 | ======================================
2026-04-24 14:09:39,745 | [时间同步] 完成
2026-04-24 14:09:39,747 | [历史K线] 正在拉取初始1分钟和15分钟K线数据...
2026-04-24 14:09:41,221 | [历史K线] 成功加载 14 根 1分钟K线
2026-04-24 14:09:42,595 | [历史K线] 成功加载 2 根 15分钟K线
2026-04-24 14:09:42,606 | [余额同步] 本地模式，初始资金: 10000.0 U
2026-04-24 14:09:42,606 | [本地持仓] None
2026-04-24 14:09:42,607 | [余额同步] 本地模式，初始资金: 10000.0 U
2026-04-24 14:09:42,608 | [账户监控] 无持仓
2026-04-24 14:09:44,875 | Websocket connected
2026-04-24 14:09:44,875 | [WebSocket] 连接成功 ✅ (模式: 本地撮合-测试网行情)
2026-04-24 14:09:44,875 | [状态校准] 正在重新同步持仓与余额，清理幽灵状态...
2026-04-24 14:09:44,875 | [本地持仓] None
2026-04-24 14:09:45,376 | [余额同步] 本地模式，初始资金: 10000.0 U
2026-04-24 14:09:45,778 | [WebSocket] 行情订阅成功 ✅
2026-04-24 14:09:47,608 | 🚨 WS心跳正常，但aggTrade行情断流超过10秒！可能TCP假死，强制重连！
2026-04-24 14:09:47,635 | [WebSocket] 断开，自动重连中...
2026-04-24 14:09:48,876 | Websocket connected
2026-04-24 14:09:48,878 | [WebSocket] 连接成功 ✅ (模式: 本地撮合-测试网行情)
2026-04-24 14:09:48,878 | [状态校准] 正在重新同步持仓与余额，清理幽灵状态...
2026-04-24 14:09:48,878 | [本地持仓] None
2026-04-24 14:09:49,378 | [余额同步] 本地模式，初始资金: 10000.0 U
2026-04-24 14:09:49,738 | [WebSocket] 行情订阅成功 ✅
2026-04-24 14:09:50,608 | [余额同步] 本地模式，初始资金: 10000.0 U
2026-04-24 14:09:50,608 | [账户监控] 无持仓
2026-04-24 14:09:58,072 | 🚨 WS心跳正常，但aggTrade行情断流超过10秒！可能TCP假死，强制重连！
2026-04-24 14:09:58,217 | [WebSocket] 断开，自动重连中...
2026-04-24 14:09:58,702 | [余额同步] 本地模式，初始资金: 10000.0 U
2026-04-24 14:09:58,702 | [账户监控] 无持仓
2026-04-24 14:10:00,673 | Websocket connected
2026-04-24 14:10:00,674 | [WebSocket] 连接成功 ✅ (模式: 本地撮合-测试网行情)
2026-04-24 14:10:00,674 | [状态校准] 正在重新同步持仓与余额，清理幽灵状态...
2026-04-24 14:10:00,674 | [本地持仓] None
2026-04-24 14:10:01,174 | [余额同步] 本地模式，初始资金: 10000.0 U
2026-04-24 14:10:01,463 | [WebSocket] 行情订阅成功 ✅
2026-04-24 14:10:06,703 | [余额同步] 本地模式，初始资金: 10000.0 U
2026-04-24 14:10:06,703 | [账户监控] 无持仓
2026-04-24 14:10:08,537 | 🚨 WS心跳正常，但aggTrade行情断流超过10秒！可能TCP假死，强制重连！
2026-04-24 14:10:08,540 | [WebSocket] 断开，自动重连中...
2026-04-24 14:10:11,020 | Websocket connected
2026-04-24 14:10:11,021 | [WebSocket] 连接成功 ✅ (模式: 本地撮合-测试网行情)
2026-04-24 14:10:11,022 | [状态校准] 正在重新同步持仓与余额，清理幽灵状态...
2026-04-24 14:10:11,022 | [本地持仓] None
2026-04-24 14:10:11,524 | [余额同步] 本地模式，初始资金: 10000.0 U
2026-04-24 14:10:11,904 | [WebSocket] 行情订阅成功 ✅
2026-04-24 14:10:14,704 | [余额同步] 本地模式，初始资金: 10000.0 U
2026-04-24 14:10:14,704 | [账户监控] 无持仓
2026-04-24 14:10:18,871 | 🚨 WS心跳正常，但aggTrade行情断流超过10秒！可能TCP假死，强制重连！
2026-04-24 14:10:18,883 | [WebSocket] 断开，自动重连中...
2026-04-24 14:10:20,043 | Websocket connected
2026-04-24 14:10:20,043 | [WebSocket] 连接成功 ✅ (模式: 本地撮合-测试网行情)
2026-04-24 14:10:20,044 | [状态校准] 正在重新同步持仓与余额，清理幽灵状态...
2026-04-24 14:10:20,044 | [本地持仓] None
2026-04-24 14:10:20,546 | [余额同步] 本地模式，初始资金: 10000.0 U
2026-04-24 14:10:20,871 | [WebSocket] 行情订阅成功 ✅
2026-04-24 14:10:22,708 | [余额同步] 本地模式，初始资金: 10000.0 U
2026-04-24 14:10:22,708 | [账户监控] 无持仓
2026-04-24 14:10:29,214 | 🚨 WS心跳正常，但aggTrade行情断流超过10秒！可能TCP假死，强制重连！
2026-04-24 14:10:29,279 | [WebSocket] 断开，自动重连中...
2026-04-24 14:10:30,708 | [余额同步] 本地模式，初始资金: 10000.0 U
2026-04-24 14:10:30,708 | [账户监控] 无持仓
2026-04-24 14:10:31,463 | Websocket connected
2026-04-24 14:10:31,464 | [WebSocket] 连接成功 ✅ (模式: 本地撮合-测试网行情)
2026-04-24 14:10:31,464 | [状态校准] 正在重新同步持仓与余额，清理幽灵状态...
2026-04-24 14:10:31,464 | [本地持仓] None
2026-04-24 14:10:31,964 | [余额同步] 本地模式，初始资金: 10000.0 U
2026-04-24 14:10:32,292 | [WebSocket] 行情订阅成功 ✅
2026-04-24 14:10:39,678 | [余额同步] 本地模式，初始资金: 10000.0 U
2026-04-24 14:10:39,678 | [账户监控] 无持仓
2026-04-24 14:10:39,697 | 🚨 WS心跳正常，但aggTrade行情断流超过10秒！可能TCP假死，强制重连！
2026-04-24 14:10:39,741 | [WebSocket] 断开，自动重连中...
2026-04-24 14:10:42,305 | Websocket connected
2026-04-24 14:10:42,305 | [WebSocket] 连接成功 ✅ (模式: 本地撮合-测试网行情)
2026-04-24 14:10:42,305 | [状态校准] 正在重新同步持仓与余额，清理幽灵状态...
2026-04-24 14:10:42,305 | [本地持仓] None
2026-04-24 14:10:42,806 | [余额同步] 本地模式，初始资金: 10000.0 U
2026-04-24 14:10:43,606 | [WebSocket] 行情订阅成功 ✅
2026-04-24 14:10:47,678 | [余额同步] 本地模式，初始资金: 10000.0 U
2026-04-24 14:10:47,678 | [账户监控] 无持仓
2026-04-24 14:10:50,017 | 🚨 WS心跳正常，但aggTrade行情断流超过10秒！可能TCP假死，强制重连！
2026-04-24 14:10:50,237 | [WebSocket] 断开，自动重连中...
2026-04-24 14:10:51,358 | Websocket connected
2026-04-24 14:10:51,358 | [WebSocket] 连接成功 ✅ (模式: 本地撮合-测试网行情)
2026-04-24 14:10:51,358 | [状态校准] 正在重新同步持仓与余额，清理幽灵状态...
2026-04-24 14:10:51,358 | [本地持仓] None
2026-04-24 14:10:51,858 | [余额同步] 本地模式，初始资金: 10000.0 U
2026-04-24 14:10:52,592 | [WebSocket] 行情订阅成功 ✅
2026-04-24 14:10:55,678 | [余额同步] 本地模式，初始资金: 10000.0 U
2026-04-24 14:10:55,679 | [账户监控] 无持仓
2026-04-24 14:11:00,382 | 🚨 WS心跳正常，但aggTrade行情断流超过10秒！可能TCP假死，强制重连！
2026-04-24 14:11:00,469 | [WebSocket] 断开，自动重连中...
2026-04-24 14:11:01,592 | Websocket connected
2026-04-24 14:11:01,592 | [WebSocket] 连接成功 ✅ (模式: 本地撮合-测试网行情)
2026-04-24 14:11:01,592 | [状态校准] 正在重新同步持仓与余额，清理幽灵状态...
2026-04-24 14:11:01,592 | [本地持仓] None
2026-04-24 14:11:02,093 | [余额同步] 本地模式，初始资金: 10000.0 U
2026-04-24 14:11:02,452 | [WebSocket] 行情订阅成功 ✅
2026-04-24 14:11:03,679 | [余额同步] 本地模式，初始资金: 10000.0 U
2026-04-24 14:11:03,680 | [账户监控] 无持仓
2026-04-24 14:11:10,720 | 🚨 WS心跳正常，但aggTrade行情断流超过10秒！可能TCP假死，强制重连！
2026-04-24 14:11:10,761 | [WebSocket] 断开，自动重连中...
2026-04-24 14:11:11,681 | [余额同步] 本地模式，初始资金: 10000.0 U
2026-04-24 14:11:11,681 | [账户监控] 无持仓
2026-04-24 14:11:12,117 | Websocket connected
2026-04-24 14:11:12,118 | [WebSocket] 连接成功 ✅ (模式: 本地撮合-测试网行情)
2026-04-24 14:11:12,118 | [状态校准] 正在重新同步持仓与余额，清理幽灵状态...
2026-04-24 14:11:12,118 | [本地持仓] None
2026-04-24 14:11:12,619 | [余额同步] 本地模式，初始资金: 10000.0 U
2026-04-24 14:11:12,980 | [WebSocket] 行情订阅成功 ✅
2026-04-24 14:11:19,681 | [余额同步] 本地模式，初始资金: 10000.0 U
2026-04-24 14:11:19,681 | [账户监控] 无持仓
2026-04-24 14:11:21,064 | 🚨 WS心跳正常，但aggTrade行情断流超过10秒！可能TCP假死，强制重连！
2026-04-24 14:11:21,123 | [WebSocket] 断开，自动重连中...
2026-04-24 14:11:22,338 | Websocket connected
2026-04-24 14:11:22,344 | [WebSocket] 连接成功 ✅ (模式: 本地撮合-测试网行情)
2026-04-24 14:11:22,344 | [状态校准] 正在重新同步持仓与余额，清理幽灵状态...
2026-04-24 14:11:22,344 | [本地持仓] None
2026-04-24 14:11:22,909 | [余额同步] 本地模式，初始资金: 10000.0 U
2026-04-24 14:11:23,342 | [WebSocket] 行情订阅成功 ✅
2026-04-24 14:11:26,340 | [WebSocket 错误] Connection to remote host was lost.
2026-04-24 14:11:26,340 | Connection to remote host was lost. - goodbye
2026-04-24 14:11:26,340 | [WebSocket] 断开，自动重连中...
2026-04-24 14:11:26,381 | [WebSocket 错误] [SSL: UNEXPECTED_EOF_WHILE_READING] EOF occurred in violation of protocol (_ssl.c:1081)
2026-04-24 14:11:26,382 | [SSL: UNEXPECTED_EOF_WHILE_READING] EOF occurred in violation of protocol (_ssl.c:1081) - goodbye
2026-04-24 14:11:26,382 | [WebSocket] 断开，自动重连中...
2026-04-24 14:11:26,471 | [WebSocket 错误] [WinError 10053] 你的主机中的软件中止了一个已建立的连接。
2026-04-24 14:11:26,471 | [WinError 10053] 你的主机中的软件中止了一个已建立的连接。 - goodbye
2026-04-24 14:11:26,471 | [WebSocket] 断开，自动重连中...
2026-04-24 14:11:27,688 | [余额同步] 本地模式，初始资金: 10000.0 U
2026-04-24 14:11:27,690 | [账户监控] 无持仓
2026-04-24 14:11:31,413 | 🚨 WS心跳正常，但aggTrade行情断流超过10秒！可能TCP假死，强制重连！
2026-04-24 14:11:35,513 | [程序退出]
