2026-04-24 15:29:45,826 | ======================================
2026-04-24 15:29:45,827 |         V19 终极防洗版 启动成功
2026-04-24 15:29:45,827 |         当前运行模式: 本地撮合 (实盘行情)
2026-04-24 15:29:45,827 |         仓位控制: 总资金 30% 动态开仓
2026-04-24 15:29:45,827 | ======================================
2026-04-24 15:29:47,179 | [时间同步] 完成
2026-04-24 15:29:47,180 | [余额同步] 本地模式，初始资金: 10000.0 U
2026-04-24 15:29:47,180 | [本地持仓] None
2026-04-24 15:29:47,182 | [余额同步] 本地模式，初始资金: 10000.0 U
2026-04-24 15:29:47,182 | [本地持仓监控] 无持仓 | 账户余额:10000.0 U | 预计开仓量:0.05
2026-04-24 15:29:48,644 | Websocket connected
2026-04-24 15:29:48,645 | [WebSocket] 连接成功 ✅ (模式: 本地撮合-实盘行情)
2026-04-24 15:29:48,645 | [本地持仓] None
2026-04-24 15:29:48,992 | [WebSocket] 行情订阅成功 ✅
2026-04-24 15:29:55,185 | [余额同步] 本地模式，初始资金: 10000.0 U
2026-04-24 15:29:55,186 | [本地持仓监控] 无持仓 | 账户余额:10000.0 U | 预计开仓量:0.05
2026-04-24 15:30:03,186 | [余额同步] 本地模式，初始资金: 10000.0 U
2026-04-24 15:30:03,186 | [本地持仓监控] 无持仓 | 账户余额:10000.0 U | 预计开仓量:0.05
2026-04-24 15:30:11,187 | [余额同步] 本地模式，初始资金: 10000.0 U
2026-04-24 15:30:11,187 | [本地持仓监控] 无持仓 | 账户余额:10000.0 U | 预计开仓量:0.05
2026-04-24 15:30:19,187 | [余额同步] 本地模式，初始资金: 10000.0 U
2026-04-24 15:30:19,187 | [本地持仓监控] 无持仓 | 账户余额:10000.0 U | 预计开仓量:0.05
2026-04-24 15:30:27,187 | [余额同步] 本地模式，初始资金: 10000.0 U
2026-04-24 15:30:27,188 | [本地持仓监控] 无持仓 | 账户余额:10000.0 U | 预计开仓量:0.05
2026-04-24 15:30:35,188 | [余额同步] 本地模式，初始资金: 10000.0 U
2026-04-24 15:30:35,188 | [本地持仓监控] 无持仓 | 账户余额:10000.0 U | 预计开仓量:0.05
2026-04-24 15:30:39,881 | [程序退出]
