2026-04-24 20:13:41,794 | ======================================
2026-04-24 20:13:41,794 |  V23 流动性剃头皮策略 (防卡死+防幽灵+防抢跑增强版) 启动成功
2026-04-24 20:13:41,794 |  当前运行模式: 本地撮合 (测试网行情)
2026-04-24 20:13:41,794 |  策略: 流动性+Sweep+区间评分 | 启动盈利:0.01% | 止损:2.5% | 区间有效期:动态ATR自适应
2026-04-24 20:13:41,794 | ======================================
2026-04-24 20:13:57,034 | [历史K线] 正在拉取初始1分钟和15分钟K线数据...
2026-04-24 20:13:59,515 | [历史K线] 成功加载 14 根 1分钟K线
2026-04-24 20:14:00,096 | [历史K线] 成功加载 2 根 15分钟K线
2026-04-24 20:14:00,107 | [余额同步] 本地模式，初始资金: 10000.0 U
2026-04-24 20:14:00,107 | [本地持仓] None
2026-04-24 20:14:00,108 | [余额同步] 本地模式，初始资金: 10000.0 U
2026-04-24 20:14:00,108 | [账户监控] 无持仓
2026-04-24 20:14:05,109 | 🚨 WS底层心跳断流超过20秒，主动断开触发重连！
2026-04-24 20:14:08,109 | [余额同步] 本地模式，初始资金: 10000.0 U
2026-04-24 20:14:08,109 | [账户监控] 无持仓
2026-04-24 20:14:10,341 | ⚠️ aggTrade行情断流1777032850秒！但底层连接存活，继续观察不重连...
2026-04-24 20:14:14,283 | Websocket connected
2026-04-24 20:14:14,283 | [WebSocket] 连接成功 ✅ (模式: 本地撮合-测试网行情)
2026-04-24 20:14:14,284 | [状态校准] 正在重新同步持仓与余额，清理幽灵状态...
2026-04-24 20:14:14,284 | [本地持仓] None
2026-04-24 20:14:14,785 | [余额同步] 本地模式，初始资金: 10000.0 U
2026-04-24 20:14:14,785 | error from callback <function on_open at 0x0000022D5636BCC0>: Connection is already closed.
2026-04-24 20:14:14,785 | [WebSocket 错误] Connection is already closed.
2026-04-24 20:14:14,785 | [WebSocket 错误] 'NoneType' object has no attribute 'sock'
2026-04-24 20:14:14,785 | 'NoneType' object has no attribute 'sock' - goodbye
2026-04-24 20:14:14,786 | [WebSocket] 断开，自动重连中...
2026-04-24 20:14:15,158 | Websocket connected
2026-04-24 20:14:15,158 | [WebSocket] 连接成功 ✅ (模式: 本地撮合-测试网行情)
2026-04-24 20:14:15,158 | [状态校准] 正在重新同步持仓与余额，清理幽灵状态...
2026-04-24 20:14:15,158 | [本地持仓] None
2026-04-24 20:14:15,659 | [余额同步] 本地模式，初始资金: 10000.0 U
2026-04-24 20:14:15,845 | [WebSocket] 行情订阅成功 ✅
2026-04-24 20:14:16,109 | [余额同步] 本地模式，初始资金: 10000.0 U
2026-04-24 20:14:16,109 | [账户监控] 无持仓
2026-04-24 20:14:24,239 | [余额同步] 本地模式，初始资金: 10000.0 U
2026-04-24 20:14:24,239 | [账户监控] 无持仓
2026-04-24 20:14:32,246 | [余额同步] 本地模式，初始资金: 10000.0 U
2026-04-24 20:14:32,250 | [账户监控] 无持仓
2026-04-24 20:14:40,252 | [余额同步] 本地模式，初始资金: 10000.0 U
2026-04-24 20:14:40,252 | [账户监控] 无持仓
2026-04-24 20:14:45,343 | ⚠️ aggTrade行情断流30秒！但底层连接存活，继续观察不重连...
2026-04-24 20:14:48,255 | [余额同步] 本地模式，初始资金: 10000.0 U
2026-04-24 20:14:48,255 | [账户监控] 无持仓
2026-04-24 20:14:50,344 | ⚠️ aggTrade行情断流35秒！但底层连接存活，继续观察不重连...
2026-04-24 20:14:55,344 | ⚠️ aggTrade行情断流40秒！但底层连接存活，继续观察不重连...
2026-04-24 20:14:56,255 | [余额同步] 本地模式，初始资金: 10000.0 U
2026-04-24 20:14:56,256 | [账户监控] 无持仓
2026-04-24 20:15:00,345 | ⚠️ aggTrade行情断流45秒！但底层连接存活，继续观察不重连...
2026-04-24 20:15:04,256 | [余额同步] 本地模式，初始资金: 10000.0 U
2026-04-24 20:15:04,256 | [账户监控] 无持仓
2026-04-24 20:15:05,345 | ⚠️ aggTrade行情断流50秒！但底层连接存活，继续观察不重连...
2026-04-24 20:15:10,345 | ⚠️ aggTrade行情断流55秒！但底层连接存活，继续观察不重连...
2026-04-24 20:15:12,257 | [余额同步] 本地模式，初始资金: 10000.0 U
2026-04-24 20:15:12,257 | [账户监控] 无持仓
2026-04-24 20:15:15,346 | ⚠️ aggTrade行情断流60秒！但底层连接存活，继续观察不重连...
2026-04-24 20:15:20,257 | [余额同步] 本地模式，初始资金: 10000.0 U
2026-04-24 20:15:20,257 | [账户监控] 无持仓
2026-04-24 20:15:20,346 | ⚠️ aggTrade行情断流65秒！但底层连接存活，继续观察不重连...
2026-04-24 20:15:25,347 | ⚠️ aggTrade行情断流70秒！但底层连接存活，继续观察不重连...
2026-04-24 20:15:28,258 | [余额同步] 本地模式，初始资金: 10000.0 U
2026-04-24 20:15:28,258 | [账户监控] 无持仓
2026-04-24 20:15:30,347 | ⚠️ aggTrade行情断流75秒！但底层连接存活，继续观察不重连...
2026-04-24 20:15:35,348 | ⚠️ aggTrade行情断流80秒！但底层连接存活，继续观察不重连...
2026-04-24 20:15:36,258 | [余额同步] 本地模式，初始资金: 10000.0 U
2026-04-24 20:15:36,258 | [账户监控] 无持仓
2026-04-24 20:15:40,349 | ⚠️ aggTrade行情断流85秒！但底层连接存活，继续观察不重连...
2026-04-24 20:15:44,259 | [余额同步] 本地模式，初始资金: 10000.0 U
2026-04-24 20:15:44,259 | [账户监控] 无持仓
2026-04-24 20:15:45,349 | ⚠️ aggTrade行情断流90秒！但底层连接存活，继续观察不重连...
2026-04-24 20:15:50,350 | ⚠️ aggTrade行情断流95秒！但底层连接存活，继续观察不重连...
2026-04-24 20:15:52,259 | [余额同步] 本地模式，初始资金: 10000.0 U
2026-04-24 20:15:52,259 | [账户监控] 无持仓
2026-04-24 20:15:55,351 | ⚠️ aggTrade行情断流100秒！但底层连接存活，继续观察不重连...
2026-04-24 20:16:00,260 | [余额同步] 本地模式，初始资金: 10000.0 U
2026-04-24 20:16:00,260 | [账户监控] 无持仓
2026-04-24 20:16:00,351 | ⚠️ aggTrade行情断流105秒！但底层连接存活，继续观察不重连...
2026-04-24 20:16:05,351 | ⚠️ aggTrade行情断流110秒！但底层连接存活，继续观察不重连...
2026-04-24 20:16:08,260 | [余额同步] 本地模式，初始资金: 10000.0 U
2026-04-24 20:16:08,260 | [账户监控] 无持仓
2026-04-24 20:16:10,352 | ⚠️ aggTrade行情断流115秒！但底层连接存活，继续观察不重连...
2026-04-24 20:16:15,352 | ⚠️ aggTrade行情断流120秒！但底层连接存活，继续观察不重连...
2026-04-24 20:16:16,262 | [余额同步] 本地模式，初始资金: 10000.0 U
2026-04-24 20:16:16,262 | [账户监控] 无持仓
2026-04-24 20:16:20,353 | ⚠️ aggTrade行情断流125秒！但底层连接存活，继续观察不重连...
2026-04-24 20:16:24,292 | [余额同步] 本地模式，初始资金: 10000.0 U
2026-04-24 20:16:24,417 | [账户监控] 无持仓
2026-04-24 20:16:25,353 | ⚠️ aggTrade行情断流130秒！但底层连接存活，继续观察不重连...
2026-04-24 20:16:30,354 | ⚠️ aggTrade行情断流135秒！但底层连接存活，继续观察不重连...
2026-04-24 20:16:32,418 | [余额同步] 本地模式，初始资金: 10000.0 U
2026-04-24 20:16:32,418 | [账户监控] 无持仓
2026-04-24 20:16:35,354 | ⚠️ aggTrade行情断流140秒！但底层连接存活，继续观察不重连...
2026-04-24 20:16:40,355 | ⚠️ aggTrade行情断流145秒！但底层连接存活，继续观察不重连...
2026-04-24 20:16:40,418 | [余额同步] 本地模式，初始资金: 10000.0 U
2026-04-24 20:16:40,419 | [账户监控] 无持仓
2026-04-24 20:16:45,355 | ⚠️ aggTrade行情断流150秒！但底层连接存活，继续观察不重连...
2026-04-24 20:16:48,419 | [余额同步] 本地模式，初始资金: 10000.0 U
2026-04-24 20:16:48,419 | [账户监控] 无持仓
2026-04-24 20:16:50,355 | ⚠️ aggTrade行情断流155秒！但底层连接存活，继续观察不重连...
2026-04-24 20:16:55,356 | ⚠️ aggTrade行情断流160秒！但底层连接存活，继续观察不重连...
2026-04-24 20:16:56,419 | [余额同步] 本地模式，初始资金: 10000.0 U
2026-04-24 20:16:56,420 | [账户监控] 无持仓
2026-04-24 20:17:00,356 | ⚠️ aggTrade行情断流165秒！但底层连接存活，继续观察不重连...
2026-04-24 20:17:04,420 | [余额同步] 本地模式，初始资金: 10000.0 U
2026-04-24 20:17:04,420 | [账户监控] 无持仓
2026-04-24 20:17:05,357 | ⚠️ aggTrade行情断流170秒！但底层连接存活，继续观察不重连...
2026-04-24 20:17:10,357 | ⚠️ aggTrade行情断流175秒！但底层连接存活，继续观察不重连...
2026-04-24 20:17:12,420 | [余额同步] 本地模式，初始资金: 10000.0 U
2026-04-24 20:17:12,421 | [账户监控] 无持仓
2026-04-24 20:17:15,358 | ⚠️ aggTrade行情断流180秒！但底层连接存活，继续观察不重连...
2026-04-24 20:17:20,358 | ⚠️ aggTrade行情断流185秒！但底层连接存活，继续观察不重连...
2026-04-24 20:17:20,421 | [余额同步] 本地模式，初始资金: 10000.0 U
2026-04-24 20:17:20,421 | [账户监控] 无持仓
2026-04-24 20:17:25,358 | ⚠️ aggTrade行情断流190秒！但底层连接存活，继续观察不重连...
2026-04-24 20:17:28,422 | [余额同步] 本地模式，初始资金: 10000.0 U
2026-04-24 20:17:28,422 | [账户监控] 无持仓
2026-04-24 20:17:30,359 | ⚠️ aggTrade行情断流195秒！但底层连接存活，继续观察不重连...
2026-04-24 20:17:35,359 | ⚠️ aggTrade行情断流200秒！但底层连接存活，继续观察不重连...
2026-04-24 20:17:36,424 | [余额同步] 本地模式，初始资金: 10000.0 U
2026-04-24 20:17:36,424 | [账户监控] 无持仓
2026-04-24 20:17:40,360 | ⚠️ aggTrade行情断流205秒！但底层连接存活，继续观察不重连...
2026-04-24 20:17:44,424 | [余额同步] 本地模式，初始资金: 10000.0 U
2026-04-24 20:17:44,424 | [账户监控] 无持仓
2026-04-24 20:17:45,360 | ⚠️ aggTrade行情断流210秒！但底层连接存活，继续观察不重连...
2026-04-24 20:17:50,361 | ⚠️ aggTrade行情断流215秒！但底层连接存活，继续观察不重连...
2026-04-24 20:17:52,425 | [余额同步] 本地模式，初始资金: 10000.0 U
2026-04-24 20:17:52,426 | [账户监控] 无持仓
2026-04-24 20:17:55,369 | ⚠️ aggTrade行情断流220秒！但底层连接存活，继续观察不重连...
2026-04-24 20:18:00,375 | ⚠️ aggTrade行情断流225秒！但底层连接存活，继续观察不重连...
2026-04-24 20:18:00,427 | [余额同步] 本地模式，初始资金: 10000.0 U
2026-04-24 20:18:00,427 | [账户监控] 无持仓
2026-04-24 20:18:05,376 | ⚠️ aggTrade行情断流230秒！但底层连接存活，继续观察不重连...
2026-04-24 20:18:08,428 | [余额同步] 本地模式，初始资金: 10000.0 U
2026-04-24 20:18:08,428 | [账户监控] 无持仓
2026-04-24 20:18:10,377 | ⚠️ aggTrade行情断流235秒！但底层连接存活，继续观察不重连...
2026-04-24 20:18:15,377 | ⚠️ aggTrade行情断流240秒！但底层连接存活，继续观察不重连...
2026-04-24 20:18:16,428 | [余额同步] 本地模式，初始资金: 10000.0 U
2026-04-24 20:18:16,428 | [账户监控] 无持仓
2026-04-24 20:18:20,377 | ⚠️ aggTrade行情断流245秒！但底层连接存活，继续观察不重连...
2026-04-24 20:18:24,511 | [余额同步] 本地模式，初始资金: 10000.0 U
2026-04-24 20:18:24,652 | [账户监控] 无持仓
2026-04-24 20:18:25,378 | ⚠️ aggTrade行情断流250秒！但底层连接存活，继续观察不重连...
2026-04-24 20:18:30,378 | ⚠️ aggTrade行情断流255秒！但底层连接存活，继续观察不重连...
2026-04-24 20:18:32,652 | [余额同步] 本地模式，初始资金: 10000.0 U
2026-04-24 20:18:32,652 | [账户监控] 无持仓
2026-04-24 20:18:35,379 | ⚠️ aggTrade行情断流260秒！但底层连接存活，继续观察不重连...
2026-04-24 20:18:40,379 | ⚠️ aggTrade行情断流265秒！但底层连接存活，继续观察不重连...
2026-04-24 20:18:40,654 | [余额同步] 本地模式，初始资金: 10000.0 U
2026-04-24 20:18:40,654 | [账户监控] 无持仓
2026-04-24 20:18:45,380 | ⚠️ aggTrade行情断流270秒！但底层连接存活，继续观察不重连...
2026-04-24 20:18:48,654 | [余额同步] 本地模式，初始资金: 10000.0 U
2026-04-24 20:18:48,654 | [账户监控] 无持仓
2026-04-24 20:18:50,381 | ⚠️ aggTrade行情断流275秒！但底层连接存活，继续观察不重连...
2026-04-24 20:18:55,381 | ⚠️ aggTrade行情断流280秒！但底层连接存活，继续观察不重连...
2026-04-24 20:18:56,656 | [余额同步] 本地模式，初始资金: 10000.0 U
2026-04-24 20:18:56,656 | [账户监控] 无持仓
2026-04-24 20:19:00,383 | ⚠️ aggTrade行情断流285秒！但底层连接存活，继续观察不重连...
2026-04-24 20:19:04,656 | [余额同步] 本地模式，初始资金: 10000.0 U
2026-04-24 20:19:04,656 | [账户监控] 无持仓
2026-04-24 20:19:05,383 | ⚠️ aggTrade行情断流290秒！但底层连接存活，继续观察不重连...
2026-04-24 20:19:10,426 | ⚠️ aggTrade行情断流295秒！但底层连接存活，继续观察不重连...
2026-04-24 20:19:12,656 | [余额同步] 本地模式，初始资金: 10000.0 U
2026-04-24 20:19:12,657 | [账户监控] 无持仓
2026-04-24 20:19:15,438 | ⚠️ aggTrade行情断流300秒！但底层连接存活，继续观察不重连...
2026-04-24 20:19:20,439 | ⚠️ aggTrade行情断流305秒！但底层连接存活，继续观察不重连...
2026-04-24 20:19:20,657 | [余额同步] 本地模式，初始资金: 10000.0 U
2026-04-24 20:19:20,657 | [账户监控] 无持仓
2026-04-24 20:19:25,439 | ⚠️ aggTrade行情断流310秒！但底层连接存活，继续观察不重连...
2026-04-24 20:19:28,658 | [余额同步] 本地模式，初始资金: 10000.0 U
2026-04-24 20:19:28,658 | [账户监控] 无持仓
2026-04-24 20:19:30,440 | ⚠️ aggTrade行情断流315秒！但底层连接存活，继续观察不重连...
2026-04-24 20:19:35,440 | ⚠️ aggTrade行情断流320秒！但底层连接存活，继续观察不重连...
2026-04-24 20:19:36,659 | [余额同步] 本地模式，初始资金: 10000.0 U
2026-04-24 20:19:36,659 | [账户监控] 无持仓
2026-04-24 20:19:40,441 | ⚠️ aggTrade行情断流325秒！但底层连接存活，继续观察不重连...
2026-04-24 20:19:44,659 | [余额同步] 本地模式，初始资金: 10000.0 U
2026-04-24 20:19:44,659 | [账户监控] 无持仓
2026-04-24 20:19:45,441 | ⚠️ aggTrade行情断流330秒！但底层连接存活，继续观察不重连...
2026-04-24 20:19:50,441 | ⚠️ aggTrade行情断流335秒！但底层连接存活，继续观察不重连...
2026-04-24 20:19:52,659 | [余额同步] 本地模式，初始资金: 10000.0 U
2026-04-24 20:19:52,659 | [账户监控] 无持仓
2026-04-24 20:19:55,444 | ⚠️ aggTrade行情断流340秒！但底层连接存活，继续观察不重连...
2026-04-24 20:20:00,446 | ⚠️ aggTrade行情断流345秒！但底层连接存活，继续观察不重连...
2026-04-24 20:20:00,668 | [余额同步] 本地模式，初始资金: 10000.0 U
2026-04-24 20:20:00,668 | [账户监控] 无持仓
2026-04-24 20:20:05,446 | ⚠️ aggTrade行情断流350秒！但底层连接存活，继续观察不重连...
2026-04-24 20:20:08,668 | [余额同步] 本地模式，初始资金: 10000.0 U
2026-04-24 20:20:08,668 | [账户监控] 无持仓
2026-04-24 20:20:10,447 | ⚠️ aggTrade行情断流355秒！但底层连接存活，继续观察不重连...
2026-04-24 20:20:15,448 | ⚠️ aggTrade行情断流360秒！但底层连接存活，继续观察不重连...
2026-04-24 20:20:16,668 | [余额同步] 本地模式，初始资金: 10000.0 U
2026-04-24 20:20:16,669 | [账户监控] 无持仓
2026-04-24 20:20:20,449 | ⚠️ aggTrade行情断流365秒！但底层连接存活，继续观察不重连...
2026-04-24 20:20:24,700 | [余额同步] 本地模式，初始资金: 10000.0 U
2026-04-24 20:20:24,710 | [账户监控] 无持仓
2026-04-24 20:20:25,449 | ⚠️ aggTrade行情断流370秒！但底层连接存活，继续观察不重连...
2026-04-24 20:20:30,450 | ⚠️ aggTrade行情断流375秒！但底层连接存活，继续观察不重连...
2026-04-24 20:20:32,710 | [余额同步] 本地模式，初始资金: 10000.0 U
2026-04-24 20:20:32,710 | [账户监控] 无持仓
2026-04-24 20:20:35,451 | ⚠️ aggTrade行情断流380秒！但底层连接存活，继续观察不重连...
2026-04-24 20:20:40,451 | ⚠️ aggTrade行情断流385秒！但底层连接存活，继续观察不重连...
2026-04-24 20:20:40,711 | [余额同步] 本地模式，初始资金: 10000.0 U
2026-04-24 20:20:40,711 | [账户监控] 无持仓
2026-04-24 20:20:45,452 | ⚠️ aggTrade行情断流390秒！但底层连接存活，继续观察不重连...
2026-04-24 20:20:48,712 | [余额同步] 本地模式，初始资金: 10000.0 U
2026-04-24 20:20:48,712 | [账户监控] 无持仓
2026-04-24 20:20:50,454 | ⚠️ aggTrade行情断流395秒！但底层连接存活，继续观察不重连...
2026-04-24 20:20:55,459 | ⚠️ aggTrade行情断流400秒！但底层连接存活，继续观察不重连...
2026-04-24 20:20:56,713 | [余额同步] 本地模式，初始资金: 10000.0 U
2026-04-24 20:20:56,714 | [账户监控] 无持仓
2026-04-24 20:21:00,459 | ⚠️ aggTrade行情断流405秒！但底层连接存活，继续观察不重连...
2026-04-24 20:21:04,715 | [余额同步] 本地模式，初始资金: 10000.0 U
2026-04-24 20:21:04,715 | [账户监控] 无持仓
2026-04-24 20:21:05,459 | ⚠️ aggTrade行情断流410秒！但底层连接存活，继续观察不重连...
2026-04-24 20:21:10,461 | ⚠️ aggTrade行情断流415秒！但底层连接存活，继续观察不重连...
2026-04-24 20:21:12,715 | [余额同步] 本地模式，初始资金: 10000.0 U
2026-04-24 20:21:12,715 | [账户监控] 无持仓
2026-04-24 20:21:15,462 | ⚠️ aggTrade行情断流420秒！但底层连接存活，继续观察不重连...
2026-04-24 20:21:20,463 | ⚠️ aggTrade行情断流425秒！但底层连接存活，继续观察不重连...
2026-04-24 20:21:20,716 | [余额同步] 本地模式，初始资金: 10000.0 U
2026-04-24 20:21:20,716 | [账户监控] 无持仓
2026-04-24 20:21:25,465 | ⚠️ aggTrade行情断流430秒！但底层连接存活，继续观察不重连...
2026-04-24 20:21:28,716 | [余额同步] 本地模式，初始资金: 10000.0 U
2026-04-24 20:21:28,716 | [账户监控] 无持仓
2026-04-24 20:21:30,466 | ⚠️ aggTrade行情断流435秒！但底层连接存活，继续观察不重连...
2026-04-24 20:21:35,467 | ⚠️ aggTrade行情断流440秒！但底层连接存活，继续观察不重连...
2026-04-24 20:21:36,717 | [余额同步] 本地模式，初始资金: 10000.0 U
2026-04-24 20:21:36,717 | [账户监控] 无持仓
2026-04-24 20:21:40,467 | ⚠️ aggTrade行情断流445秒！但底层连接存活，继续观察不重连...
2026-04-24 20:21:44,717 | [余额同步] 本地模式，初始资金: 10000.0 U
2026-04-24 20:21:44,717 | [账户监控] 无持仓
2026-04-24 20:21:45,468 | ⚠️ aggTrade行情断流450秒！但底层连接存活，继续观察不重连...
2026-04-24 20:21:50,468 | ⚠️ aggTrade行情断流455秒！但底层连接存活，继续观察不重连...
2026-04-24 20:21:52,717 | [余额同步] 本地模式，初始资金: 10000.0 U
2026-04-24 20:21:52,717 | [账户监控] 无持仓
2026-04-24 20:21:55,470 | ⚠️ aggTrade行情断流460秒！但底层连接存活，继续观察不重连...
2026-04-24 20:22:00,471 | ⚠️ aggTrade行情断流465秒！但底层连接存活，继续观察不重连...
2026-04-24 20:22:00,720 | [余额同步] 本地模式，初始资金: 10000.0 U
2026-04-24 20:22:00,720 | [账户监控] 无持仓
2026-04-24 20:22:05,472 | ⚠️ aggTrade行情断流470秒！但底层连接存活，继续观察不重连...
2026-04-24 20:22:08,721 | [余额同步] 本地模式，初始资金: 10000.0 U
2026-04-24 20:22:08,721 | [账户监控] 无持仓
2026-04-24 20:22:10,472 | ⚠️ aggTrade行情断流475秒！但底层连接存活，继续观察不重连...
2026-04-24 20:22:15,473 | ⚠️ aggTrade行情断流480秒！但底层连接存活，继续观察不重连...
2026-04-24 20:22:16,722 | [余额同步] 本地模式，初始资金: 10000.0 U
2026-04-24 20:22:16,722 | [账户监控] 无持仓
2026-04-24 20:22:20,473 | ⚠️ aggTrade行情断流485秒！但底层连接存活，继续观察不重连...
2026-04-24 20:22:24,722 | [余额同步] 本地模式，初始资金: 10000.0 U
2026-04-24 20:22:24,722 | [账户监控] 无持仓
2026-04-24 20:22:25,474 | ⚠️ aggTrade行情断流490秒！但底层连接存活，继续观察不重连...
2026-04-24 20:22:30,474 | ⚠️ aggTrade行情断流495秒！但底层连接存活，继续观察不重连...
2026-04-24 20:22:32,725 | [余额同步] 本地模式，初始资金: 10000.0 U
2026-04-24 20:22:32,725 | [账户监控] 无持仓
2026-04-24 20:22:35,475 | ⚠️ aggTrade行情断流500秒！但底层连接存活，继续观察不重连...
2026-04-24 20:22:40,475 | ⚠️ aggTrade行情断流505秒！但底层连接存活，继续观察不重连...
2026-04-24 20:22:40,730 | [余额同步] 本地模式，初始资金: 10000.0 U
2026-04-24 20:22:40,731 | [账户监控] 无持仓
2026-04-24 20:22:45,475 | ⚠️ aggTrade行情断流510秒！但底层连接存活，继续观察不重连...
2026-04-24 20:22:48,732 | [余额同步] 本地模式，初始资金: 10000.0 U
2026-04-24 20:22:48,732 | [账户监控] 无持仓
2026-04-24 20:22:50,477 | ⚠️ aggTrade行情断流515秒！但底层连接存活，继续观察不重连...
2026-04-24 20:22:55,478 | ⚠️ aggTrade行情断流520秒！但底层连接存活，继续观察不重连...
2026-04-24 20:22:56,733 | [余额同步] 本地模式，初始资金: 10000.0 U
2026-04-24 20:22:56,733 | [账户监控] 无持仓
2026-04-24 20:23:00,479 | ⚠️ aggTrade行情断流525秒！但底层连接存活，继续观察不重连...
2026-04-24 20:23:04,733 | [余额同步] 本地模式，初始资金: 10000.0 U
2026-04-24 20:23:04,733 | [账户监控] 无持仓
2026-04-24 20:23:05,479 | ⚠️ aggTrade行情断流530秒！但底层连接存活，继续观察不重连...
2026-04-24 20:23:10,480 | ⚠️ aggTrade行情断流535秒！但底层连接存活，继续观察不重连...
2026-04-24 20:23:12,734 | [余额同步] 本地模式，初始资金: 10000.0 U
2026-04-24 20:23:12,734 | [账户监控] 无持仓
2026-04-24 20:23:15,480 | ⚠️ aggTrade行情断流540秒！但底层连接存活，继续观察不重连...
2026-04-24 20:23:20,481 | ⚠️ aggTrade行情断流545秒！但底层连接存活，继续观察不重连...
2026-04-24 20:23:20,734 | [余额同步] 本地模式，初始资金: 10000.0 U
2026-04-24 20:23:20,734 | [账户监控] 无持仓
2026-04-24 20:23:25,481 | ⚠️ aggTrade行情断流550秒！但底层连接存活，继续观察不重连...
2026-04-24 20:23:28,736 | [余额同步] 本地模式，初始资金: 10000.0 U
2026-04-24 20:23:28,737 | [账户监控] 无持仓
2026-04-24 20:23:30,482 | ⚠️ aggTrade行情断流555秒！但底层连接存活，继续观察不重连...
2026-04-24 20:23:35,482 | ⚠️ aggTrade行情断流560秒！但底层连接存活，继续观察不重连...
2026-04-24 20:23:36,738 | [余额同步] 本地模式，初始资金: 10000.0 U
2026-04-24 20:23:36,738 | [账户监控] 无持仓
2026-04-24 20:23:40,587 | ⚠️ aggTrade行情断流565秒！但底层连接存活，继续观察不重连...
2026-04-24 20:23:44,738 | [余额同步] 本地模式，初始资金: 10000.0 U
2026-04-24 20:23:44,739 | [账户监控] 无持仓
2026-04-24 20:23:45,656 | ⚠️ aggTrade行情断流570秒！但底层连接存活，继续观察不重连...
2026-04-24 20:23:50,656 | ⚠️ aggTrade行情断流575秒！但底层连接存活，继续观察不重连...
2026-04-24 20:23:52,739 | [余额同步] 本地模式，初始资金: 10000.0 U
2026-04-24 20:23:52,739 | [账户监控] 无持仓
2026-04-24 20:23:55,658 | ⚠️ aggTrade行情断流580秒！但底层连接存活，继续观察不重连...
2026-04-24 20:24:00,660 | ⚠️ aggTrade行情断流586秒！但底层连接存活，继续观察不重连...
2026-04-24 20:24:00,740 | [余额同步] 本地模式，初始资金: 10000.0 U
2026-04-24 20:24:00,740 | [账户监控] 无持仓
2026-04-24 20:24:05,661 | ⚠️ aggTrade行情断流591秒！但底层连接存活，继续观察不重连...
2026-04-24 20:24:08,740 | [余额同步] 本地模式，初始资金: 10000.0 U
2026-04-24 20:24:08,740 | [账户监控] 无持仓
2026-04-24 20:24:10,661 | ⚠️ aggTrade行情断流596秒！但底层连接存活，继续观察不重连...
2026-04-24 20:24:15,662 | ⚠️ aggTrade行情断流601秒！但底层连接存活，继续观察不重连...
2026-04-24 20:24:16,741 | [余额同步] 本地模式，初始资金: 10000.0 U
2026-04-24 20:24:16,741 | [账户监控] 无持仓
2026-04-24 20:24:20,662 | ⚠️ aggTrade行情断流606秒！但底层连接存活，继续观察不重连...
2026-04-24 20:24:24,741 | [余额同步] 本地模式，初始资金: 10000.0 U
2026-04-24 20:24:24,741 | [账户监控] 无持仓
2026-04-24 20:24:25,673 | ⚠️ aggTrade行情断流611秒！但底层连接存活，继续观察不重连...
2026-04-24 20:24:30,674 | ⚠️ aggTrade行情断流616秒！但底层连接存活，继续观察不重连...
2026-04-24 20:24:32,742 | [余额同步] 本地模式，初始资金: 10000.0 U
2026-04-24 20:24:32,742 | [账户监控] 无持仓
2026-04-24 20:24:35,674 | ⚠️ aggTrade行情断流621秒！但底层连接存活，继续观察不重连...
2026-04-24 20:24:40,675 | ⚠️ aggTrade行情断流626秒！但底层连接存活，继续观察不重连...
2026-04-24 20:24:40,742 | [余额同步] 本地模式，初始资金: 10000.0 U
2026-04-24 20:24:40,743 | [账户监控] 无持仓
2026-04-24 20:24:45,676 | ⚠️ aggTrade行情断流631秒！但底层连接存活，继续观察不重连...
2026-04-24 20:24:48,743 | [余额同步] 本地模式，初始资金: 10000.0 U
2026-04-24 20:24:48,743 | [账户监控] 无持仓
2026-04-24 20:24:50,682 | ⚠️ aggTrade行情断流636秒！但底层连接存活，继续观察不重连...
2026-04-24 20:24:55,683 | ⚠️ aggTrade行情断流641秒！但底层连接存活，继续观察不重连...
2026-04-24 20:24:56,744 | [余额同步] 本地模式，初始资金: 10000.0 U
2026-04-24 20:24:56,744 | [账户监控] 无持仓
2026-04-24 20:25:00,684 | ⚠️ aggTrade行情断流646秒！但底层连接存活，继续观察不重连...
2026-04-24 20:25:04,744 | [余额同步] 本地模式，初始资金: 10000.0 U
2026-04-24 20:25:04,745 | [账户监控] 无持仓
2026-04-24 20:25:05,684 | ⚠️ aggTrade行情断流651秒！但底层连接存活，继续观察不重连...
2026-04-24 20:25:10,684 | ⚠️ aggTrade行情断流656秒！但底层连接存活，继续观察不重连...
2026-04-24 20:25:12,747 | [余额同步] 本地模式，初始资金: 10000.0 U
2026-04-24 20:25:12,747 | [账户监控] 无持仓
2026-04-24 20:25:15,685 | ⚠️ aggTrade行情断流661秒！但底层连接存活，继续观察不重连...
2026-04-24 20:25:20,685 | ⚠️ aggTrade行情断流666秒！但底层连接存活，继续观察不重连...
2026-04-24 20:25:20,747 | [余额同步] 本地模式，初始资金: 10000.0 U
2026-04-24 20:25:20,748 | [账户监控] 无持仓
2026-04-24 20:25:25,686 | ⚠️ aggTrade行情断流671秒！但底层连接存活，继续观察不重连...
2026-04-24 20:25:28,748 | [余额同步] 本地模式，初始资金: 10000.0 U
2026-04-24 20:25:28,748 | [账户监控] 无持仓
2026-04-24 20:25:30,690 | ⚠️ aggTrade行情断流676秒！但底层连接存活，继续观察不重连...
2026-04-24 20:25:35,691 | ⚠️ aggTrade行情断流681秒！但底层连接存活，继续观察不重连...
2026-04-24 20:25:36,749 | [余额同步] 本地模式，初始资金: 10000.0 U
2026-04-24 20:25:36,749 | [账户监控] 无持仓
2026-04-24 20:25:40,716 | ⚠️ aggTrade行情断流686秒！但底层连接存活，继续观察不重连...
2026-04-24 20:25:44,749 | [余额同步] 本地模式，初始资金: 10000.0 U
2026-04-24 20:25:44,749 | [账户监控] 无持仓
2026-04-24 20:25:45,718 | ⚠️ aggTrade行情断流691秒！但底层连接存活，继续观察不重连...
2026-04-24 20:25:50,718 | ⚠️ aggTrade行情断流696秒！但底层连接存活，继续观察不重连...
2026-04-24 20:25:52,750 | [余额同步] 本地模式，初始资金: 10000.0 U
2026-04-24 20:25:52,750 | [账户监控] 无持仓
2026-04-24 20:25:55,769 | ⚠️ aggTrade行情断流701秒！但底层连接存活，继续观察不重连...
2026-04-24 20:26:00,751 | [余额同步] 本地模式，初始资金: 10000.0 U
2026-04-24 20:26:00,751 | [账户监控] 无持仓
2026-04-24 20:26:00,804 | ⚠️ aggTrade行情断流706秒！但底层连接存活，继续观察不重连...
2026-04-24 20:26:05,804 | ⚠️ aggTrade行情断流711秒！但底层连接存活，继续观察不重连...
2026-04-24 20:26:08,751 | [余额同步] 本地模式，初始资金: 10000.0 U
2026-04-24 20:26:08,751 | [账户监控] 无持仓
2026-04-24 20:26:10,805 | ⚠️ aggTrade行情断流716秒！但底层连接存活，继续观察不重连...
2026-04-24 20:26:15,806 | ⚠️ aggTrade行情断流721秒！但底层连接存活，继续观察不重连...
2026-04-24 20:26:16,752 | [余额同步] 本地模式，初始资金: 10000.0 U
2026-04-24 20:26:16,752 | [账户监控] 无持仓
2026-04-24 20:26:20,806 | ⚠️ aggTrade行情断流726秒！但底层连接存活，继续观察不重连...
2026-04-24 20:26:24,752 | [余额同步] 本地模式，初始资金: 10000.0 U
2026-04-24 20:26:24,752 | [账户监控] 无持仓
2026-04-24 20:26:25,807 | ⚠️ aggTrade行情断流731秒！但底层连接存活，继续观察不重连...
2026-04-24 20:26:30,808 | ⚠️ aggTrade行情断流736秒！但底层连接存活，继续观察不重连...
2026-04-24 20:26:32,753 | [余额同步] 本地模式，初始资金: 10000.0 U
2026-04-24 20:26:32,753 | [账户监控] 无持仓
2026-04-24 20:26:35,809 | ⚠️ aggTrade行情断流741秒！但底层连接存活，继续观察不重连...
2026-04-24 20:26:40,755 | [余额同步] 本地模式，初始资金: 10000.0 U
2026-04-24 20:26:40,755 | [账户监控] 无持仓
2026-04-24 20:26:40,809 | ⚠️ aggTrade行情断流746秒！但底层连接存活，继续观察不重连...
2026-04-24 20:26:45,810 | ⚠️ aggTrade行情断流751秒！但底层连接存活，继续观察不重连...
2026-04-24 20:26:48,756 | [余额同步] 本地模式，初始资金: 10000.0 U
2026-04-24 20:26:48,756 | [账户监控] 无持仓
2026-04-24 20:26:50,811 | ⚠️ aggTrade行情断流756秒！但底层连接存活，继续观察不重连...
2026-04-24 20:26:55,811 | ⚠️ aggTrade行情断流761秒！但底层连接存活，继续观察不重连...
2026-04-24 20:26:56,757 | [余额同步] 本地模式，初始资金: 10000.0 U
2026-04-24 20:26:56,757 | [账户监控] 无持仓
2026-04-24 20:27:00,812 | ⚠️ aggTrade行情断流766秒！但底层连接存活，继续观察不重连...
2026-04-24 20:27:04,758 | [余额同步] 本地模式，初始资金: 10000.0 U
2026-04-24 20:27:04,758 | [账户监控] 无持仓
2026-04-24 20:27:05,813 | ⚠️ aggTrade行情断流771秒！但底层连接存活，继续观察不重连...
2026-04-24 20:27:10,899 | ⚠️ aggTrade行情断流776秒！但底层连接存活，继续观察不重连...
2026-04-24 20:27:12,758 | [余额同步] 本地模式，初始资金: 10000.0 U
2026-04-24 20:27:12,758 | [账户监控] 无持仓
2026-04-24 20:27:15,915 | ⚠️ aggTrade行情断流781秒！但底层连接存活，继续观察不重连...
2026-04-24 20:27:20,758 | [余额同步] 本地模式，初始资金: 10000.0 U
2026-04-24 20:27:20,759 | [账户监控] 无持仓
2026-04-24 20:27:20,916 | ⚠️ aggTrade行情断流786秒！但底层连接存活，继续观察不重连...
2026-04-24 20:27:25,916 | ⚠️ aggTrade行情断流791秒！但底层连接存活，继续观察不重连...
2026-04-24 20:27:28,759 | [余额同步] 本地模式，初始资金: 10000.0 U
2026-04-24 20:27:28,759 | [账户监控] 无持仓
2026-04-24 20:27:30,917 | ⚠️ aggTrade行情断流796秒！但底层连接存活，继续观察不重连...
2026-04-24 20:27:35,917 | ⚠️ aggTrade行情断流801秒！但底层连接存活，继续观察不重连...
2026-04-24 20:27:36,760 | [余额同步] 本地模式，初始资金: 10000.0 U
2026-04-24 20:27:36,760 | [账户监控] 无持仓
2026-04-24 20:27:40,927 | ⚠️ aggTrade行情断流806秒！但底层连接存活，继续观察不重连...
2026-04-24 20:27:44,760 | [余额同步] 本地模式，初始资金: 10000.0 U
2026-04-24 20:27:44,760 | [账户监控] 无持仓
2026-04-24 20:27:45,927 | ⚠️ aggTrade行情断流811秒！但底层连接存活，继续观察不重连...
2026-04-24 20:27:50,928 | ⚠️ aggTrade行情断流816秒！但底层连接存活，继续观察不重连...
2026-04-24 20:27:52,760 | [余额同步] 本地模式，初始资金: 10000.0 U
2026-04-24 20:27:52,761 | [账户监控] 无持仓
2026-04-24 20:27:55,939 | ⚠️ aggTrade行情断流821秒！但底层连接存活，继续观察不重连...
2026-04-24 20:28:00,761 | [余额同步] 本地模式，初始资金: 10000.0 U
2026-04-24 20:28:00,761 | [账户监控] 无持仓
2026-04-24 20:28:00,939 | ⚠️ aggTrade行情断流826秒！但底层连接存活，继续观察不重连...
2026-04-24 20:28:05,940 | ⚠️ aggTrade行情断流831秒！但底层连接存活，继续观察不重连...
2026-04-24 20:28:08,762 | [余额同步] 本地模式，初始资金: 10000.0 U
2026-04-24 20:28:08,762 | [账户监控] 无持仓
2026-04-24 20:28:11,288 | ⚠️ aggTrade行情断流836秒！但底层连接存活，继续观察不重连...
2026-04-24 20:28:16,289 | ⚠️ aggTrade行情断流841秒！但底层连接存活，继续观察不重连...
2026-04-24 20:28:16,763 | [余额同步] 本地模式，初始资金: 10000.0 U
2026-04-24 20:28:16,763 | [账户监控] 无持仓
2026-04-24 20:28:21,289 | ⚠️ aggTrade行情断流846秒！但底层连接存活，继续观察不重连...
2026-04-24 20:28:24,763 | [余额同步] 本地模式，初始资金: 10000.0 U
2026-04-24 20:28:24,763 | [账户监控] 无持仓
2026-04-24 20:28:26,290 | ⚠️ aggTrade行情断流851秒！但底层连接存活，继续观察不重连...
2026-04-24 20:28:31,290 | ⚠️ aggTrade行情断流856秒！但底层连接存活，继续观察不重连...
2026-04-24 20:28:32,763 | [余额同步] 本地模式，初始资金: 10000.0 U
2026-04-24 20:28:32,764 | [账户监控] 无持仓
2026-04-24 20:28:36,290 | ⚠️ aggTrade行情断流861秒！但底层连接存活，继续观察不重连...
2026-04-24 20:28:40,768 | [余额同步] 本地模式，初始资金: 10000.0 U
2026-04-24 20:28:40,768 | [账户监控] 无持仓
2026-04-24 20:28:41,291 | ⚠️ aggTrade行情断流866秒！但底层连接存活，继续观察不重连...
2026-04-24 20:28:46,292 | ⚠️ aggTrade行情断流871秒！但底层连接存活，继续观察不重连...
2026-04-24 20:28:48,769 | [余额同步] 本地模式，初始资金: 10000.0 U
2026-04-24 20:28:48,769 | [账户监控] 无持仓
2026-04-24 20:28:51,292 | ⚠️ aggTrade行情断流876秒！但底层连接存活，继续观察不重连...
2026-04-24 20:28:56,293 | ⚠️ aggTrade行情断流881秒！但底层连接存活，继续观察不重连...
2026-04-24 20:28:56,769 | [余额同步] 本地模式，初始资金: 10000.0 U
2026-04-24 20:28:56,769 | [账户监控] 无持仓
2026-04-24 20:29:01,293 | ⚠️ aggTrade行情断流886秒！但底层连接存活，继续观察不重连...
2026-04-24 20:29:04,770 | [余额同步] 本地模式，初始资金: 10000.0 U
2026-04-24 20:29:04,770 | [账户监控] 无持仓
2026-04-24 20:29:06,294 | ⚠️ aggTrade行情断流891秒！但底层连接存活，继续观察不重连...
2026-04-24 20:29:11,295 | ⚠️ aggTrade行情断流896秒！但底层连接存活，继续观察不重连...
2026-04-24 20:29:12,771 | [余额同步] 本地模式，初始资金: 10000.0 U
2026-04-24 20:29:12,772 | [账户监控] 无持仓
2026-04-24 20:29:16,296 | ⚠️ aggTrade行情断流901秒！但底层连接存活，继续观察不重连...
2026-04-24 20:29:20,773 | [余额同步] 本地模式，初始资金: 10000.0 U
2026-04-24 20:29:20,773 | [账户监控] 无持仓
2026-04-24 20:29:21,296 | ⚠️ aggTrade行情断流906秒！但底层连接存活，继续观察不重连...
2026-04-24 20:29:26,298 | ⚠️ aggTrade行情断流911秒！但底层连接存活，继续观察不重连...
2026-04-24 20:29:28,774 | [余额同步] 本地模式，初始资金: 10000.0 U
2026-04-24 20:29:28,774 | [账户监控] 无持仓
2026-04-24 20:29:31,298 | ⚠️ aggTrade行情断流916秒！但底层连接存活，继续观察不重连...
2026-04-24 20:29:36,299 | ⚠️ aggTrade行情断流921秒！但底层连接存活，继续观察不重连...
2026-04-24 20:29:36,774 | [余额同步] 本地模式，初始资金: 10000.0 U
2026-04-24 20:29:36,775 | [账户监控] 无持仓
2026-04-24 20:29:41,300 | ⚠️ aggTrade行情断流926秒！但底层连接存活，继续观察不重连...
2026-04-24 20:29:44,775 | [余额同步] 本地模式，初始资金: 10000.0 U
2026-04-24 20:29:44,776 | [账户监控] 无持仓
2026-04-24 20:29:46,301 | ⚠️ aggTrade行情断流931秒！但底层连接存活，继续观察不重连...
2026-04-24 20:29:51,301 | ⚠️ aggTrade行情断流936秒！但底层连接存活，继续观察不重连...
2026-04-24 20:29:52,776 | [余额同步] 本地模式，初始资金: 10000.0 U
2026-04-24 20:29:52,776 | [账户监控] 无持仓
2026-04-24 20:29:56,301 | ⚠️ aggTrade行情断流941秒！但底层连接存活，继续观察不重连...
2026-04-24 20:30:00,780 | [余额同步] 本地模式，初始资金: 10000.0 U
2026-04-24 20:30:00,780 | [账户监控] 无持仓
2026-04-24 20:30:01,302 | ⚠️ aggTrade行情断流946秒！但底层连接存活，继续观察不重连...
2026-04-24 20:30:06,303 | ⚠️ aggTrade行情断流951秒！但底层连接存活，继续观察不重连...
2026-04-24 20:30:08,782 | [余额同步] 本地模式，初始资金: 10000.0 U
2026-04-24 20:30:08,782 | [账户监控] 无持仓
2026-04-24 20:30:11,304 | ⚠️ aggTrade行情断流956秒！但底层连接存活，继续观察不重连...
2026-04-24 20:30:16,304 | ⚠️ aggTrade行情断流961秒！但底层连接存活，继续观察不重连...
2026-04-24 20:30:16,782 | [余额同步] 本地模式，初始资金: 10000.0 U
2026-04-24 20:30:16,782 | [账户监控] 无持仓
2026-04-24 20:30:21,305 | ⚠️ aggTrade行情断流966秒！但底层连接存活，继续观察不重连...
2026-04-24 20:30:24,783 | [余额同步] 本地模式，初始资金: 10000.0 U
2026-04-24 20:30:24,783 | [账户监控] 无持仓
2026-04-24 20:30:26,305 | ⚠️ aggTrade行情断流971秒！但底层连接存活，继续观察不重连...
2026-04-24 20:30:31,305 | ⚠️ aggTrade行情断流976秒！但底层连接存活，继续观察不重连...
2026-04-24 20:30:32,784 | [余额同步] 本地模式，初始资金: 10000.0 U
2026-04-24 20:30:32,784 | [账户监控] 无持仓
2026-04-24 20:30:36,306 | ⚠️ aggTrade行情断流981秒！但底层连接存活，继续观察不重连...
2026-04-24 20:30:40,814 | [余额同步] 本地模式，初始资金: 10000.0 U
2026-04-24 20:30:40,814 | [账户监控] 无持仓
2026-04-24 20:30:41,307 | ⚠️ aggTrade行情断流986秒！但底层连接存活，继续观察不重连...
2026-04-24 20:30:46,311 | ⚠️ aggTrade行情断流991秒！但底层连接存活，继续观察不重连...
2026-04-24 20:30:48,815 | [余额同步] 本地模式，初始资金: 10000.0 U
2026-04-24 20:30:48,815 | [账户监控] 无持仓
2026-04-24 20:30:51,314 | ⚠️ aggTrade行情断流996秒！但底层连接存活，继续观察不重连...
2026-04-24 20:30:56,316 | ⚠️ aggTrade行情断流1001秒！但底层连接存活，继续观察不重连...
2026-04-24 20:30:56,816 | [余额同步] 本地模式，初始资金: 10000.0 U
2026-04-24 20:30:56,817 | [账户监控] 无持仓
2026-04-24 20:31:01,317 | ⚠️ aggTrade行情断流1006秒！但底层连接存活，继续观察不重连...
2026-04-24 20:31:04,817 | [余额同步] 本地模式，初始资金: 10000.0 U
2026-04-24 20:31:04,817 | [账户监控] 无持仓
2026-04-24 20:31:06,318 | ⚠️ aggTrade行情断流1011秒！但底层连接存活，继续观察不重连...
2026-04-24 20:31:11,319 | ⚠️ aggTrade行情断流1016秒！但底层连接存活，继续观察不重连...
2026-04-24 20:31:12,818 | [余额同步] 本地模式，初始资金: 10000.0 U
2026-04-24 20:31:12,818 | [账户监控] 无持仓
2026-04-24 20:31:16,320 | ⚠️ aggTrade行情断流1021秒！但底层连接存活，继续观察不重连...
2026-04-24 20:31:20,818 | [余额同步] 本地模式，初始资金: 10000.0 U
2026-04-24 20:31:20,818 | [账户监控] 无持仓
2026-04-24 20:31:21,320 | ⚠️ aggTrade行情断流1026秒！但底层连接存活，继续观察不重连...
2026-04-24 20:31:26,321 | ⚠️ aggTrade行情断流1031秒！但底层连接存活，继续观察不重连...
2026-04-24 20:31:28,818 | [余额同步] 本地模式，初始资金: 10000.0 U
2026-04-24 20:31:28,818 | [账户监控] 无持仓
2026-04-24 20:31:31,322 | ⚠️ aggTrade行情断流1036秒！但底层连接存活，继续观察不重连...
2026-04-24 20:31:36,322 | ⚠️ aggTrade行情断流1041秒！但底层连接存活，继续观察不重连...
2026-04-24 20:31:36,819 | [余额同步] 本地模式，初始资金: 10000.0 U
2026-04-24 20:31:36,819 | [账户监控] 无持仓
2026-04-24 20:31:41,327 | ⚠️ aggTrade行情断流1046秒！但底层连接存活，继续观察不重连...
2026-04-24 20:31:44,820 | [余额同步] 本地模式，初始资金: 10000.0 U
2026-04-24 20:31:44,820 | [账户监控] 无持仓
2026-04-24 20:31:46,328 | ⚠️ aggTrade行情断流1051秒！但底层连接存活，继续观察不重连...
2026-04-24 20:31:51,328 | ⚠️ aggTrade行情断流1056秒！但底层连接存活，继续观察不重连...
2026-04-24 20:31:52,820 | [余额同步] 本地模式，初始资金: 10000.0 U
2026-04-24 20:31:52,820 | [账户监控] 无持仓
2026-04-24 20:31:56,331 | ⚠️ aggTrade行情断流1061秒！但底层连接存活，继续观察不重连...
2026-04-24 20:32:00,821 | [余额同步] 本地模式，初始资金: 10000.0 U
2026-04-24 20:32:00,821 | [账户监控] 无持仓
2026-04-24 20:32:01,331 | ⚠️ aggTrade行情断流1066秒！但底层连接存活，继续观察不重连...
2026-04-24 20:32:06,331 | ⚠️ aggTrade行情断流1071秒！但底层连接存活，继续观察不重连...
2026-04-24 20:32:08,822 | [余额同步] 本地模式，初始资金: 10000.0 U
2026-04-24 20:32:08,822 | [账户监控] 无持仓
2026-04-24 20:32:11,332 | ⚠️ aggTrade行情断流1076秒！但底层连接存活，继续观察不重连...
2026-04-24 20:32:16,333 | ⚠️ aggTrade行情断流1081秒！但底层连接存活，继续观察不重连...
2026-04-24 20:32:16,823 | [余额同步] 本地模式，初始资金: 10000.0 U
2026-04-24 20:32:16,823 | [账户监控] 无持仓
2026-04-24 20:32:21,334 | ⚠️ aggTrade行情断流1086秒！但底层连接存活，继续观察不重连...
2026-04-24 20:32:24,824 | [余额同步] 本地模式，初始资金: 10000.0 U
2026-04-24 20:32:24,824 | [账户监控] 无持仓
2026-04-24 20:32:26,383 | ⚠️ aggTrade行情断流1091秒！但底层连接存活，继续观察不重连...
2026-04-24 20:32:31,383 | ⚠️ aggTrade行情断流1096秒！但底层连接存活，继续观察不重连...
2026-04-24 20:32:32,824 | [余额同步] 本地模式，初始资金: 10000.0 U
2026-04-24 20:32:32,824 | [账户监控] 无持仓
2026-04-24 20:32:36,384 | ⚠️ aggTrade行情断流1101秒！但底层连接存活，继续观察不重连...
2026-04-24 20:32:40,825 | [余额同步] 本地模式，初始资金: 10000.0 U
2026-04-24 20:32:40,825 | [账户监控] 无持仓
2026-04-24 20:32:41,396 | ⚠️ aggTrade行情断流1106秒！但底层连接存活，继续观察不重连...
2026-04-24 20:32:46,397 | ⚠️ aggTrade行情断流1111秒！但底层连接存活，继续观察不重连...
2026-04-24 20:32:48,826 | [余额同步] 本地模式，初始资金: 10000.0 U
2026-04-24 20:32:48,826 | [账户监控] 无持仓
2026-04-24 20:32:51,397 | ⚠️ aggTrade行情断流1116秒！但底层连接存活，继续观察不重连...
2026-04-24 20:32:56,398 | ⚠️ aggTrade行情断流1121秒！但底层连接存活，继续观察不重连...
2026-04-24 20:32:56,826 | [余额同步] 本地模式，初始资金: 10000.0 U
2026-04-24 20:32:56,826 | [账户监控] 无持仓
2026-04-24 20:33:01,398 | ⚠️ aggTrade行情断流1126秒！但底层连接存活，继续观察不重连...
2026-04-24 20:33:04,827 | [余额同步] 本地模式，初始资金: 10000.0 U
2026-04-24 20:33:04,828 | [账户监控] 无持仓
2026-04-24 20:33:06,399 | ⚠️ aggTrade行情断流1131秒！但底层连接存活，继续观察不重连...
2026-04-24 20:33:11,406 | ⚠️ aggTrade行情断流1136秒！但底层连接存活，继续观察不重连...
2026-04-24 20:33:12,828 | [余额同步] 本地模式，初始资金: 10000.0 U
2026-04-24 20:33:12,828 | [账户监控] 无持仓
2026-04-24 20:33:16,407 | ⚠️ aggTrade行情断流1141秒！但底层连接存活，继续观察不重连...
2026-04-24 20:33:20,828 | [余额同步] 本地模式，初始资金: 10000.0 U
2026-04-24 20:33:20,829 | [账户监控] 无持仓
2026-04-24 20:33:21,408 | ⚠️ aggTrade行情断流1146秒！但底层连接存活，继续观察不重连...
2026-04-24 20:33:26,422 | ⚠️ aggTrade行情断流1151秒！但底层连接存活，继续观察不重连...
2026-04-24 20:33:28,829 | [余额同步] 本地模式，初始资金: 10000.0 U
2026-04-24 20:33:28,830 | [账户监控] 无持仓
2026-04-24 20:33:31,530 | ⚠️ aggTrade行情断流1156秒！但底层连接存活，继续观察不重连...
2026-04-24 20:33:36,530 | ⚠️ aggTrade行情断流1161秒！但底层连接存活，继续观察不重连...
2026-04-24 20:33:36,835 | [余额同步] 本地模式，初始资金: 10000.0 U
2026-04-24 20:33:36,835 | [账户监控] 无持仓
2026-04-24 20:33:41,531 | ⚠️ aggTrade行情断流1166秒！但底层连接存活，继续观察不重连...
2026-04-24 20:33:44,836 | [余额同步] 本地模式，初始资金: 10000.0 U
2026-04-24 20:33:44,836 | [账户监控] 无持仓
2026-04-24 20:33:46,532 | ⚠️ aggTrade行情断流1171秒！但底层连接存活，继续观察不重连...
2026-04-24 20:33:51,532 | ⚠️ aggTrade行情断流1176秒！但底层连接存活，继续观察不重连...
2026-04-24 20:33:52,836 | [余额同步] 本地模式，初始资金: 10000.0 U
2026-04-24 20:33:52,836 | [账户监控] 无持仓
2026-04-24 20:33:56,549 | ⚠️ aggTrade行情断流1181秒！但底层连接存活，继续观察不重连...
2026-04-24 20:34:00,837 | [余额同步] 本地模式，初始资金: 10000.0 U
2026-04-24 20:34:00,837 | [账户监控] 无持仓
2026-04-24 20:34:01,550 | ⚠️ aggTrade行情断流1186秒！但底层连接存活，继续观察不重连...
2026-04-24 20:34:06,552 | ⚠️ aggTrade行情断流1191秒！但底层连接存活，继续观察不重连...
2026-04-24 20:34:08,838 | [余额同步] 本地模式，初始资金: 10000.0 U
2026-04-24 20:34:08,838 | [账户监控] 无持仓
2026-04-24 20:34:11,557 | ⚠️ aggTrade行情断流1196秒！但底层连接存活，继续观察不重连...
2026-04-24 20:34:16,558 | ⚠️ aggTrade行情断流1201秒！但底层连接存活，继续观察不重连...
2026-04-24 20:34:16,840 | [余额同步] 本地模式，初始资金: 10000.0 U
2026-04-24 20:34:16,840 | [账户监控] 无持仓
2026-04-24 20:34:21,558 | ⚠️ aggTrade行情断流1206秒！但底层连接存活，继续观察不重连...
2026-04-24 20:34:24,841 | [余额同步] 本地模式，初始资金: 10000.0 U
2026-04-24 20:34:24,841 | [账户监控] 无持仓
2026-04-24 20:34:26,558 | ⚠️ aggTrade行情断流1211秒！但底层连接存活，继续观察不重连...
2026-04-24 20:34:31,559 | ⚠️ aggTrade行情断流1216秒！但底层连接存活，继续观察不重连...
2026-04-24 20:34:32,841 | [余额同步] 本地模式，初始资金: 10000.0 U
2026-04-24 20:34:32,841 | [账户监控] 无持仓
2026-04-24 20:34:36,560 | ⚠️ aggTrade行情断流1221秒！但底层连接存活，继续观察不重连...
2026-04-24 20:34:40,842 | [余额同步] 本地模式，初始资金: 10000.0 U
2026-04-24 20:34:40,842 | [账户监控] 无持仓
2026-04-24 20:34:41,568 | ⚠️ aggTrade行情断流1226秒！但底层连接存活，继续观察不重连...
2026-04-24 20:34:46,568 | ⚠️ aggTrade行情断流1231秒！但底层连接存活，继续观察不重连...
2026-04-24 20:34:48,843 | [余额同步] 本地模式，初始资金: 10000.0 U
2026-04-24 20:34:48,843 | [账户监控] 无持仓
2026-04-24 20:34:51,569 | ⚠️ aggTrade行情断流1236秒！但底层连接存活，继续观察不重连...
2026-04-24 20:34:56,579 | ⚠️ aggTrade行情断流1241秒！但底层连接存活，继续观察不重连...
2026-04-24 20:34:56,845 | [余额同步] 本地模式，初始资金: 10000.0 U
2026-04-24 20:34:56,845 | [账户监控] 无持仓
2026-04-24 20:35:01,580 | ⚠️ aggTrade行情断流1246秒！但底层连接存活，继续观察不重连...
2026-04-24 20:35:04,846 | [余额同步] 本地模式，初始资金: 10000.0 U
2026-04-24 20:35:04,846 | [账户监控] 无持仓
2026-04-24 20:35:06,581 | ⚠️ aggTrade行情断流1251秒！但底层连接存活，继续观察不重连...
2026-04-24 20:35:11,601 | ⚠️ aggTrade行情断流1256秒！但底层连接存活，继续观察不重连...
2026-04-24 20:35:12,848 | [余额同步] 本地模式，初始资金: 10000.0 U
2026-04-24 20:35:12,848 | [账户监控] 无持仓
2026-04-24 20:35:16,602 | ⚠️ aggTrade行情断流1261秒！但底层连接存活，继续观察不重连...
2026-04-24 20:35:20,848 | [余额同步] 本地模式，初始资金: 10000.0 U
2026-04-24 20:35:20,848 | [账户监控] 无持仓
2026-04-24 20:35:21,604 | ⚠️ aggTrade行情断流1266秒！但底层连接存活，继续观察不重连...
2026-04-24 20:35:26,612 | ⚠️ aggTrade行情断流1271秒！但底层连接存活，继续观察不重连...
2026-04-24 20:35:28,849 | [余额同步] 本地模式，初始资金: 10000.0 U
2026-04-24 20:35:28,849 | [账户监控] 无持仓
2026-04-24 20:35:31,613 | ⚠️ aggTrade行情断流1276秒！但底层连接存活，继续观察不重连...
2026-04-24 20:35:36,613 | ⚠️ aggTrade行情断流1281秒！但底层连接存活，继续观察不重连...
2026-04-24 20:35:36,850 | [余额同步] 本地模式，初始资金: 10000.0 U
2026-04-24 20:35:36,850 | [账户监控] 无持仓
2026-04-24 20:35:41,614 | ⚠️ aggTrade行情断流1286秒！但底层连接存活，继续观察不重连...
2026-04-24 20:35:44,850 | [余额同步] 本地模式，初始资金: 10000.0 U
2026-04-24 20:35:44,850 | [账户监控] 无持仓
2026-04-24 20:35:46,614 | ⚠️ aggTrade行情断流1291秒！但底层连接存活，继续观察不重连...
2026-04-24 20:35:51,616 | ⚠️ aggTrade行情断流1296秒！但底层连接存活，继续观察不重连...
2026-04-24 20:35:52,851 | [余额同步] 本地模式，初始资金: 10000.0 U
2026-04-24 20:35:52,867 | [账户监控] 无持仓
2026-04-24 20:35:56,617 | ⚠️ aggTrade行情断流1301秒！但底层连接存活，继续观察不重连...
2026-04-24 20:36:00,869 | [余额同步] 本地模式，初始资金: 10000.0 U
2026-04-24 20:36:00,869 | [账户监控] 无持仓
2026-04-24 20:36:01,617 | ⚠️ aggTrade行情断流1306秒！但底层连接存活，继续观察不重连...
2026-04-24 20:36:06,618 | ⚠️ aggTrade行情断流1311秒！但底层连接存活，继续观察不重连...
2026-04-24 20:36:08,870 | [余额同步] 本地模式，初始资金: 10000.0 U
2026-04-24 20:36:08,870 | [账户监控] 无持仓
2026-04-24 20:36:11,619 | ⚠️ aggTrade行情断流1316秒！但底层连接存活，继续观察不重连...
2026-04-24 20:36:16,620 | ⚠️ aggTrade行情断流1321秒！但底层连接存活，继续观察不重连...
2026-04-24 20:36:16,871 | [余额同步] 本地模式，初始资金: 10000.0 U
2026-04-24 20:36:16,871 | [账户监控] 无持仓
2026-04-24 20:36:21,620 | ⚠️ aggTrade行情断流1326秒！但底层连接存活，继续观察不重连...
2026-04-24 20:36:24,871 | [余额同步] 本地模式，初始资金: 10000.0 U
2026-04-24 20:36:24,871 | [账户监控] 无持仓
2026-04-24 20:36:26,621 | ⚠️ aggTrade行情断流1331秒！但底层连接存活，继续观察不重连...
2026-04-24 20:36:31,621 | ⚠️ aggTrade行情断流1336秒！但底层连接存活，继续观察不重连...
2026-04-24 20:36:32,873 | [余额同步] 本地模式，初始资金: 10000.0 U
2026-04-24 20:36:32,873 | [账户监控] 无持仓
2026-04-24 20:36:36,622 | ⚠️ aggTrade行情断流1341秒！但底层连接存活，继续观察不重连...
2026-04-24 20:36:40,874 | [余额同步] 本地模式，初始资金: 10000.0 U
2026-04-24 20:36:40,874 | [账户监控] 无持仓
2026-04-24 20:36:41,622 | ⚠️ aggTrade行情断流1346秒！但底层连接存活，继续观察不重连...
2026-04-24 20:36:46,623 | ⚠️ aggTrade行情断流1351秒！但底层连接存活，继续观察不重连...
2026-04-24 20:36:48,892 | [余额同步] 本地模式，初始资金: 10000.0 U
2026-04-24 20:36:48,893 | [账户监控] 无持仓
2026-04-24 20:36:51,624 | ⚠️ aggTrade行情断流1356秒！但底层连接存活，继续观察不重连...
2026-04-24 20:36:56,624 | ⚠️ aggTrade行情断流1361秒！但底层连接存活，继续观察不重连...
2026-04-24 20:36:56,893 | [余额同步] 本地模式，初始资金: 10000.0 U
2026-04-24 20:36:56,893 | [账户监控] 无持仓
2026-04-24 20:37:01,625 | ⚠️ aggTrade行情断流1366秒！但底层连接存活，继续观察不重连...
2026-04-24 20:37:04,894 | [余额同步] 本地模式，初始资金: 10000.0 U
2026-04-24 20:37:04,894 | [账户监控] 无持仓
2026-04-24 20:37:06,625 | ⚠️ aggTrade行情断流1371秒！但底层连接存活，继续观察不重连...
2026-04-24 20:37:11,626 | ⚠️ aggTrade行情断流1376秒！但底层连接存活，继续观察不重连...
2026-04-24 20:37:12,895 | [余额同步] 本地模式，初始资金: 10000.0 U
2026-04-24 20:37:12,895 | [账户监控] 无持仓
2026-04-24 20:37:16,627 | ⚠️ aggTrade行情断流1381秒！但底层连接存活，继续观察不重连...
2026-04-24 20:37:20,922 | [余额同步] 本地模式，初始资金: 10000.0 U
2026-04-24 20:37:20,922 | [账户监控] 无持仓
2026-04-24 20:37:21,627 | ⚠️ aggTrade行情断流1386秒！但底层连接存活，继续观察不重连...
2026-04-24 20:37:26,628 | ⚠️ aggTrade行情断流1391秒！但底层连接存活，继续观察不重连...
2026-04-24 20:37:28,923 | [余额同步] 本地模式，初始资金: 10000.0 U
2026-04-24 20:37:28,923 | [账户监控] 无持仓
2026-04-24 20:37:31,629 | ⚠️ aggTrade行情断流1396秒！但底层连接存活，继续观察不重连...
2026-04-24 20:37:36,630 | ⚠️ aggTrade行情断流1401秒！但底层连接存活，继续观察不重连...
2026-04-24 20:37:36,923 | [余额同步] 本地模式，初始资金: 10000.0 U
2026-04-24 20:37:36,923 | [账户监控] 无持仓
2026-04-24 20:37:41,630 | ⚠️ aggTrade行情断流1406秒！但底层连接存活，继续观察不重连...
2026-04-24 20:37:44,924 | [余额同步] 本地模式，初始资金: 10000.0 U
2026-04-24 20:37:44,924 | [账户监控] 无持仓
2026-04-24 20:37:46,631 | ⚠️ aggTrade行情断流1411秒！但底层连接存活，继续观察不重连...
2026-04-24 20:37:51,632 | ⚠️ aggTrade行情断流1416秒！但底层连接存活，继续观察不重连...
2026-04-24 20:37:52,925 | [余额同步] 本地模式，初始资金: 10000.0 U
2026-04-24 20:37:52,925 | [账户监控] 无持仓
2026-04-24 20:37:56,632 | ⚠️ aggTrade行情断流1421秒！但底层连接存活，继续观察不重连...
2026-04-24 20:38:00,925 | [余额同步] 本地模式，初始资金: 10000.0 U
2026-04-24 20:38:00,925 | [账户监控] 无持仓
2026-04-24 20:38:01,633 | ⚠️ aggTrade行情断流1426秒！但底层连接存活，继续观察不重连...
2026-04-24 20:38:06,634 | ⚠️ aggTrade行情断流1431秒！但底层连接存活，继续观察不重连...
2026-04-24 20:38:08,926 | [余额同步] 本地模式，初始资金: 10000.0 U
2026-04-24 20:38:08,926 | [账户监控] 无持仓
2026-04-24 20:38:11,634 | ⚠️ aggTrade行情断流1436秒！但底层连接存活，继续观察不重连...
2026-04-24 20:38:16,635 | ⚠️ aggTrade行情断流1441秒！但底层连接存活，继续观察不重连...
2026-04-24 20:38:16,926 | [余额同步] 本地模式，初始资金: 10000.0 U
2026-04-24 20:38:16,926 | [账户监控] 无持仓
2026-04-24 20:38:21,635 | ⚠️ aggTrade行情断流1446秒！但底层连接存活，继续观察不重连...
2026-04-24 20:38:24,927 | [余额同步] 本地模式，初始资金: 10000.0 U
2026-04-24 20:38:24,927 | [账户监控] 无持仓
2026-04-24 20:38:26,635 | ⚠️ aggTrade行情断流1451秒！但底层连接存活，继续观察不重连...
2026-04-24 20:38:31,636 | ⚠️ aggTrade行情断流1456秒！但底层连接存活，继续观察不重连...
2026-04-24 20:38:32,928 | [余额同步] 本地模式，初始资金: 10000.0 U
2026-04-24 20:38:32,928 | [账户监控] 无持仓
2026-04-24 20:38:36,637 | ⚠️ aggTrade行情断流1461秒！但底层连接存活，继续观察不重连...
2026-04-24 20:38:40,928 | [余额同步] 本地模式，初始资金: 10000.0 U
2026-04-24 20:38:40,928 | [账户监控] 无持仓
2026-04-24 20:38:41,637 | ⚠️ aggTrade行情断流1466秒！但底层连接存活，继续观察不重连...
2026-04-24 20:38:46,637 | ⚠️ aggTrade行情断流1471秒！但底层连接存活，继续观察不重连...
2026-04-24 20:38:48,929 | [余额同步] 本地模式，初始资金: 10000.0 U
2026-04-24 20:38:48,929 | [账户监控] 无持仓
2026-04-24 20:38:51,638 | ⚠️ aggTrade行情断流1476秒！但底层连接存活，继续观察不重连...
2026-04-24 20:38:56,638 | ⚠️ aggTrade行情断流1481秒！但底层连接存活，继续观察不重连...
2026-04-24 20:38:56,931 | [余额同步] 本地模式，初始资金: 10000.0 U
2026-04-24 20:38:56,931 | [账户监控] 无持仓
2026-04-24 20:39:01,639 | ⚠️ aggTrade行情断流1486秒！但底层连接存活，继续观察不重连...
2026-04-24 20:39:04,932 | [余额同步] 本地模式，初始资金: 10000.0 U
2026-04-24 20:39:04,932 | [账户监控] 无持仓
2026-04-24 20:39:06,640 | ⚠️ aggTrade行情断流1491秒！但底层连接存活，继续观察不重连...
2026-04-24 20:39:11,641 | ⚠️ aggTrade行情断流1496秒！但底层连接存活，继续观察不重连...
2026-04-24 20:39:12,932 | [余额同步] 本地模式，初始资金: 10000.0 U
2026-04-24 20:39:12,933 | [账户监控] 无持仓
2026-04-24 20:39:16,642 | ⚠️ aggTrade行情断流1501秒！但底层连接存活，继续观察不重连...
2026-04-24 20:39:20,933 | [余额同步] 本地模式，初始资金: 10000.0 U
2026-04-24 20:39:20,933 | [账户监控] 无持仓
2026-04-24 20:39:21,642 | ⚠️ aggTrade行情断流1506秒！但底层连接存活，继续观察不重连...
2026-04-24 20:39:26,643 | ⚠️ aggTrade行情断流1511秒！但底层连接存活，继续观察不重连...
2026-04-24 20:39:28,934 | [余额同步] 本地模式，初始资金: 10000.0 U
2026-04-24 20:39:28,934 | [账户监控] 无持仓
2026-04-24 20:39:31,643 | ⚠️ aggTrade行情断流1516秒！但底层连接存活，继续观察不重连...
2026-04-24 20:39:36,644 | ⚠️ aggTrade行情断流1521秒！但底层连接存活，继续观察不重连...
2026-04-24 20:39:36,935 | [余额同步] 本地模式，初始资金: 10000.0 U
2026-04-24 20:39:36,935 | [账户监控] 无持仓
2026-04-24 20:39:41,645 | ⚠️ aggTrade行情断流1526秒！但底层连接存活，继续观察不重连...
2026-04-24 20:39:44,935 | [余额同步] 本地模式，初始资金: 10000.0 U
2026-04-24 20:39:44,935 | [账户监控] 无持仓
2026-04-24 20:39:46,645 | ⚠️ aggTrade行情断流1531秒！但底层连接存活，继续观察不重连...
2026-04-24 20:39:51,646 | ⚠️ aggTrade行情断流1536秒！但底层连接存活，继续观察不重连...
2026-04-24 20:39:52,936 | [余额同步] 本地模式，初始资金: 10000.0 U
2026-04-24 20:39:52,936 | [账户监控] 无持仓
2026-04-24 20:39:56,647 | ⚠️ aggTrade行情断流1541秒！但底层连接存活，继续观察不重连...
2026-04-24 20:40:00,937 | [余额同步] 本地模式，初始资金: 10000.0 U
2026-04-24 20:40:00,937 | [账户监控] 无持仓
2026-04-24 20:40:01,647 | ⚠️ aggTrade行情断流1546秒！但底层连接存活，继续观察不重连...
2026-04-24 20:40:06,648 | ⚠️ aggTrade行情断流1551秒！但底层连接存活，继续观察不重连...
2026-04-24 20:40:08,938 | [余额同步] 本地模式，初始资金: 10000.0 U
2026-04-24 20:40:08,938 | [账户监控] 无持仓
2026-04-24 20:40:11,652 | ⚠️ aggTrade行情断流1556秒！但底层连接存活，继续观察不重连...
2026-04-24 20:40:16,653 | ⚠️ aggTrade行情断流1561秒！但底层连接存活，继续观察不重连...
2026-04-24 20:40:16,938 | [余额同步] 本地模式，初始资金: 10000.0 U
2026-04-24 20:40:16,938 | [账户监控] 无持仓
2026-04-24 20:40:21,656 | ⚠️ aggTrade行情断流1566秒！但底层连接存活，继续观察不重连...
2026-04-24 20:40:24,939 | [余额同步] 本地模式，初始资金: 10000.0 U
2026-04-24 20:40:24,939 | [账户监控] 无持仓
2026-04-24 20:40:26,657 | ⚠️ aggTrade行情断流1571秒！但底层连接存活，继续观察不重连...
2026-04-24 20:40:31,657 | ⚠️ aggTrade行情断流1576秒！但底层连接存活，继续观察不重连...
2026-04-24 20:40:32,940 | [余额同步] 本地模式，初始资金: 10000.0 U
2026-04-24 20:40:32,940 | [账户监控] 无持仓
2026-04-24 20:40:36,658 | ⚠️ aggTrade行情断流1581秒！但底层连接存活，继续观察不重连...
2026-04-24 20:40:40,941 | [余额同步] 本地模式，初始资金: 10000.0 U
2026-04-24 20:40:40,941 | [账户监控] 无持仓
2026-04-24 20:40:41,659 | ⚠️ aggTrade行情断流1587秒！但底层连接存活，继续观察不重连...
2026-04-24 20:40:46,659 | ⚠️ aggTrade行情断流1592秒！但底层连接存活，继续观察不重连...
2026-04-24 20:40:48,941 | [余额同步] 本地模式，初始资金: 10000.0 U
2026-04-24 20:40:48,942 | [账户监控] 无持仓
2026-04-24 20:40:51,660 | ⚠️ aggTrade行情断流1597秒！但底层连接存活，继续观察不重连...
2026-04-24 20:40:56,662 | ⚠️ aggTrade行情断流1602秒！但底层连接存活，继续观察不重连...
2026-04-24 20:40:56,943 | [余额同步] 本地模式，初始资金: 10000.0 U
2026-04-24 20:40:56,943 | [账户监控] 无持仓
2026-04-24 20:41:01,664 | ⚠️ aggTrade行情断流1607秒！但底层连接存活，继续观察不重连...
2026-04-24 20:41:04,943 | [余额同步] 本地模式，初始资金: 10000.0 U
2026-04-24 20:41:04,943 | [账户监控] 无持仓
2026-04-24 20:41:06,664 | ⚠️ aggTrade行情断流1612秒！但底层连接存活，继续观察不重连...
2026-04-24 20:41:11,665 | ⚠️ aggTrade行情断流1617秒！但底层连接存活，继续观察不重连...
2026-04-24 20:41:12,943 | [余额同步] 本地模式，初始资金: 10000.0 U
2026-04-24 20:41:12,944 | [账户监控] 无持仓
2026-04-24 20:41:16,666 | ⚠️ aggTrade行情断流1622秒！但底层连接存活，继续观察不重连...
2026-04-24 20:41:20,944 | [余额同步] 本地模式，初始资金: 10000.0 U
2026-04-24 20:41:20,945 | [账户监控] 无持仓
2026-04-24 20:41:21,667 | ⚠️ aggTrade行情断流1627秒！但底层连接存活，继续观察不重连...
2026-04-24 20:41:26,667 | ⚠️ aggTrade行情断流1632秒！但底层连接存活，继续观察不重连...
2026-04-24 20:41:28,945 | [余额同步] 本地模式，初始资金: 10000.0 U
2026-04-24 20:41:28,945 | [账户监控] 无持仓
2026-04-24 20:41:31,668 | ⚠️ aggTrade行情断流1637秒！但底层连接存活，继续观察不重连...
2026-04-24 20:41:36,669 | ⚠️ aggTrade行情断流1642秒！但底层连接存活，继续观察不重连...
2026-04-24 20:41:36,977 | [余额同步] 本地模式，初始资金: 10000.0 U
2026-04-24 20:41:36,977 | [账户监控] 无持仓
2026-04-24 20:41:41,669 | ⚠️ aggTrade行情断流1647秒！但底层连接存活，继续观察不重连...
2026-04-24 20:41:44,978 | [余额同步] 本地模式，初始资金: 10000.0 U
2026-04-24 20:41:44,978 | [账户监控] 无持仓
2026-04-24 20:41:46,670 | ⚠️ aggTrade行情断流1652秒！但底层连接存活，继续观察不重连...
2026-04-24 20:41:51,670 | ⚠️ aggTrade行情断流1657秒！但底层连接存活，继续观察不重连...
2026-04-24 20:41:52,979 | [余额同步] 本地模式，初始资金: 10000.0 U
2026-04-24 20:41:52,979 | [账户监控] 无持仓
2026-04-24 20:41:56,670 | ⚠️ aggTrade行情断流1662秒！但底层连接存活，继续观察不重连...
2026-04-24 20:42:00,980 | [余额同步] 本地模式，初始资金: 10000.0 U
2026-04-24 20:42:00,980 | [账户监控] 无持仓
2026-04-24 20:42:01,671 | ⚠️ aggTrade行情断流1667秒！但底层连接存活，继续观察不重连...
2026-04-24 20:42:06,672 | ⚠️ aggTrade行情断流1672秒！但底层连接存活，继续观察不重连...
2026-04-24 20:42:08,981 | [余额同步] 本地模式，初始资金: 10000.0 U
2026-04-24 20:42:08,981 | [账户监控] 无持仓
2026-04-24 20:42:11,673 | ⚠️ aggTrade行情断流1677秒！但底层连接存活，继续观察不重连...
2026-04-24 20:42:16,673 | ⚠️ aggTrade行情断流1682秒！但底层连接存活，继续观察不重连...
2026-04-24 20:42:16,982 | [余额同步] 本地模式，初始资金: 10000.0 U
2026-04-24 20:42:16,982 | [账户监控] 无持仓
2026-04-24 20:42:21,673 | ⚠️ aggTrade行情断流1687秒！但底层连接存活，继续观察不重连...
2026-04-24 20:42:24,982 | [余额同步] 本地模式，初始资金: 10000.0 U
2026-04-24 20:42:24,982 | [账户监控] 无持仓
2026-04-24 20:42:26,674 | ⚠️ aggTrade行情断流1692秒！但底层连接存活，继续观察不重连...
2026-04-24 20:42:31,674 | ⚠️ aggTrade行情断流1697秒！但底层连接存活，继续观察不重连...
2026-04-24 20:42:32,983 | [余额同步] 本地模式，初始资金: 10000.0 U
2026-04-24 20:42:32,983 | [账户监控] 无持仓
2026-04-24 20:42:36,677 | ⚠️ aggTrade行情断流1702秒！但底层连接存活，继续观察不重连...
2026-04-24 20:42:40,984 | [余额同步] 本地模式，初始资金: 10000.0 U
2026-04-24 20:42:40,984 | [账户监控] 无持仓
2026-04-24 20:42:41,678 | ⚠️ aggTrade行情断流1707秒！但底层连接存活，继续观察不重连...
2026-04-24 20:42:46,681 | ⚠️ aggTrade行情断流1712秒！但底层连接存活，继续观察不重连...
2026-04-24 20:42:48,984 | [余额同步] 本地模式，初始资金: 10000.0 U
2026-04-24 20:42:48,984 | [账户监控] 无持仓
2026-04-24 20:42:51,681 | ⚠️ aggTrade行情断流1717秒！但底层连接存活，继续观察不重连...
2026-04-24 20:42:56,682 | ⚠️ aggTrade行情断流1722秒！但底层连接存活，继续观察不重连...
2026-04-24 20:42:56,985 | [余额同步] 本地模式，初始资金: 10000.0 U
2026-04-24 20:42:56,985 | [账户监控] 无持仓
2026-04-24 20:43:01,682 | ⚠️ aggTrade行情断流1727秒！但底层连接存活，继续观察不重连...
2026-04-24 20:43:04,985 | [余额同步] 本地模式，初始资金: 10000.0 U
2026-04-24 20:43:04,985 | [账户监控] 无持仓
2026-04-24 20:43:06,683 | ⚠️ aggTrade行情断流1732秒！但底层连接存活，继续观察不重连...
2026-04-24 20:43:11,683 | ⚠️ aggTrade行情断流1737秒！但底层连接存活，继续观察不重连...
2026-04-24 20:43:12,986 | [余额同步] 本地模式，初始资金: 10000.0 U
2026-04-24 20:43:12,986 | [账户监控] 无持仓
2026-04-24 20:43:16,698 | ⚠️ aggTrade行情断流1742秒！但底层连接存活，继续观察不重连...
2026-04-24 20:43:20,986 | [余额同步] 本地模式，初始资金: 10000.0 U
2026-04-24 20:43:20,987 | [账户监控] 无持仓
2026-04-24 20:43:21,698 | ⚠️ aggTrade行情断流1747秒！但底层连接存活，继续观察不重连...
2026-04-24 20:43:26,699 | ⚠️ aggTrade行情断流1752秒！但底层连接存活，继续观察不重连...
2026-04-24 20:43:28,987 | [余额同步] 本地模式，初始资金: 10000.0 U
2026-04-24 20:43:28,987 | [账户监控] 无持仓
2026-04-24 20:43:31,699 | ⚠️ aggTrade行情断流1757秒！但底层连接存活，继续观察不重连...
2026-04-24 20:43:36,700 | ⚠️ aggTrade行情断流1762秒！但底层连接存活，继续观察不重连...
2026-04-24 20:43:36,987 | [余额同步] 本地模式，初始资金: 10000.0 U
2026-04-24 20:43:36,987 | [账户监控] 无持仓
2026-04-24 20:43:41,700 | ⚠️ aggTrade行情断流1767秒！但底层连接存活，继续观察不重连...
2026-04-24 20:43:44,988 | [余额同步] 本地模式，初始资金: 10000.0 U
2026-04-24 20:43:44,988 | [账户监控] 无持仓
2026-04-24 20:43:46,701 | ⚠️ aggTrade行情断流1772秒！但底层连接存活，继续观察不重连...
2026-04-24 20:43:51,701 | ⚠️ aggTrade行情断流1777秒！但底层连接存活，继续观察不重连...
2026-04-24 20:43:52,988 | [余额同步] 本地模式，初始资金: 10000.0 U
2026-04-24 20:43:52,988 | [账户监控] 无持仓
2026-04-24 20:43:56,702 | ⚠️ aggTrade行情断流1782秒！但底层连接存活，继续观察不重连...
2026-04-24 20:44:00,988 | [余额同步] 本地模式，初始资金: 10000.0 U
2026-04-24 20:44:00,989 | [账户监控] 无持仓
2026-04-24 20:44:01,702 | ⚠️ aggTrade行情断流1787秒！但底层连接存活，继续观察不重连...
2026-04-24 20:44:06,703 | ⚠️ aggTrade行情断流1792秒！但底层连接存活，继续观察不重连...
2026-04-24 20:44:08,989 | [余额同步] 本地模式，初始资金: 10000.0 U
2026-04-24 20:44:08,989 | [账户监控] 无持仓
2026-04-24 20:44:11,703 | ⚠️ aggTrade行情断流1797秒！但底层连接存活，继续观察不重连...
2026-04-24 20:44:16,704 | ⚠️ aggTrade行情断流1802秒！但底层连接存活，继续观察不重连...
2026-04-24 20:44:16,989 | [余额同步] 本地模式，初始资金: 10000.0 U
2026-04-24 20:44:16,989 | [账户监控] 无持仓
2026-04-24 20:44:21,705 | ⚠️ aggTrade行情断流1807秒！但底层连接存活，继续观察不重连...
2026-04-24 20:44:24,990 | [余额同步] 本地模式，初始资金: 10000.0 U
2026-04-24 20:44:24,990 | [账户监控] 无持仓
2026-04-24 20:44:26,706 | ⚠️ aggTrade行情断流1812秒！但底层连接存活，继续观察不重连...
2026-04-24 20:44:31,706 | ⚠️ aggTrade行情断流1817秒！但底层连接存活，继续观察不重连...
2026-04-24 20:44:32,990 | [余额同步] 本地模式，初始资金: 10000.0 U
2026-04-24 20:44:32,990 | [账户监控] 无持仓
2026-04-24 20:44:36,706 | ⚠️ aggTrade行情断流1822秒！但底层连接存活，继续观察不重连...
2026-04-24 20:44:40,991 | [余额同步] 本地模式，初始资金: 10000.0 U
2026-04-24 20:44:40,991 | [账户监控] 无持仓
2026-04-24 20:44:41,707 | ⚠️ aggTrade行情断流1827秒！但底层连接存活，继续观察不重连...
2026-04-24 20:44:46,707 | ⚠️ aggTrade行情断流1832秒！但底层连接存活，继续观察不重连...
2026-04-24 20:44:48,991 | [余额同步] 本地模式，初始资金: 10000.0 U
2026-04-24 20:44:48,991 | [账户监控] 无持仓
2026-04-24 20:44:51,707 | ⚠️ aggTrade行情断流1837秒！但底层连接存活，继续观察不重连...
2026-04-24 20:44:56,708 | ⚠️ aggTrade行情断流1842秒！但底层连接存活，继续观察不重连...
2026-04-24 20:44:56,992 | [余额同步] 本地模式，初始资金: 10000.0 U
2026-04-24 20:44:56,993 | [账户监控] 无持仓
2026-04-24 20:45:01,708 | ⚠️ aggTrade行情断流1847秒！但底层连接存活，继续观察不重连...
2026-04-24 20:45:05,000 | [余额同步] 本地模式，初始资金: 10000.0 U
2026-04-24 20:45:05,000 | [账户监控] 无持仓
2026-04-24 20:45:06,709 | ⚠️ aggTrade行情断流1852秒！但底层连接存活，继续观察不重连...
2026-04-24 20:45:11,709 | ⚠️ aggTrade行情断流1857秒！但底层连接存活，继续观察不重连...
2026-04-24 20:45:13,001 | [余额同步] 本地模式，初始资金: 10000.0 U
2026-04-24 20:45:13,001 | [账户监控] 无持仓
2026-04-24 20:45:16,709 | ⚠️ aggTrade行情断流1862秒！但底层连接存活，继续观察不重连...
2026-04-24 20:45:21,002 | [余额同步] 本地模式，初始资金: 10000.0 U
2026-04-24 20:45:21,002 | [账户监控] 无持仓
2026-04-24 20:45:21,710 | ⚠️ aggTrade行情断流1867秒！但底层连接存活，继续观察不重连...
2026-04-24 20:45:26,710 | ⚠️ aggTrade行情断流1872秒！但底层连接存活，继续观察不重连...
2026-04-24 20:45:29,003 | [余额同步] 本地模式，初始资金: 10000.0 U
2026-04-24 20:45:29,003 | [账户监控] 无持仓
2026-04-24 20:45:31,711 | ⚠️ aggTrade行情断流1877秒！但底层连接存活，继续观察不重连...
2026-04-24 20:45:36,717 | ⚠️ aggTrade行情断流1882秒！但底层连接存活，继续观察不重连...
2026-04-24 20:45:37,006 | [余额同步] 本地模式，初始资金: 10000.0 U
2026-04-24 20:45:37,006 | [账户监控] 无持仓
2026-04-24 20:45:41,721 | ⚠️ aggTrade行情断流1887秒！但底层连接存活，继续观察不重连...
2026-04-24 20:45:45,009 | [余额同步] 本地模式，初始资金: 10000.0 U
2026-04-24 20:45:45,009 | [账户监控] 无持仓
2026-04-24 20:45:46,722 | ⚠️ aggTrade行情断流1892秒！但底层连接存活，继续观察不重连...
2026-04-24 20:45:51,722 | ⚠️ aggTrade行情断流1897秒！但底层连接存活，继续观察不重连...
2026-04-24 20:45:53,009 | [余额同步] 本地模式，初始资金: 10000.0 U
2026-04-24 20:45:53,009 | [账户监控] 无持仓
2026-04-24 20:45:56,722 | ⚠️ aggTrade行情断流1902秒！但底层连接存活，继续观察不重连...
2026-04-24 20:46:01,010 | [余额同步] 本地模式，初始资金: 10000.0 U
2026-04-24 20:46:01,010 | [账户监控] 无持仓
2026-04-24 20:46:01,723 | ⚠️ aggTrade行情断流1907秒！但底层连接存活，继续观察不重连...
2026-04-24 20:46:06,732 | ⚠️ aggTrade行情断流1912秒！但底层连接存活，继续观察不重连...
2026-04-24 20:46:09,026 | [余额同步] 本地模式，初始资金: 10000.0 U
2026-04-24 20:46:09,026 | [账户监控] 无持仓
2026-04-24 20:46:11,733 | ⚠️ aggTrade行情断流1917秒！但底层连接存活，继续观察不重连...
2026-04-24 20:46:16,733 | ⚠️ aggTrade行情断流1922秒！但底层连接存活，继续观察不重连...
2026-04-24 20:46:17,026 | [余额同步] 本地模式，初始资金: 10000.0 U
2026-04-24 20:46:17,027 | [账户监控] 无持仓
2026-04-24 20:46:21,734 | ⚠️ aggTrade行情断流1927秒！但底层连接存活，继续观察不重连...
2026-04-24 20:46:25,027 | [余额同步] 本地模式，初始资金: 10000.0 U
2026-04-24 20:46:25,027 | [账户监控] 无持仓
2026-04-24 20:46:26,734 | ⚠️ aggTrade行情断流1932秒！但底层连接存活，继续观察不重连...
2026-04-24 20:46:31,735 | ⚠️ aggTrade行情断流1937秒！但底层连接存活，继续观察不重连...
2026-04-24 20:46:33,031 | [余额同步] 本地模式，初始资金: 10000.0 U
2026-04-24 20:46:33,032 | [账户监控] 无持仓
2026-04-24 20:46:36,735 | ⚠️ aggTrade行情断流1942秒！但底层连接存活，继续观察不重连...
2026-04-24 20:46:41,032 | [余额同步] 本地模式，初始资金: 10000.0 U
2026-04-24 20:46:41,032 | [账户监控] 无持仓
2026-04-24 20:46:41,735 | ⚠️ aggTrade行情断流1947秒！但底层连接存活，继续观察不重连...
2026-04-24 20:46:46,737 | ⚠️ aggTrade行情断流1952秒！但底层连接存活，继续观察不重连...
2026-04-24 20:46:49,033 | [余额同步] 本地模式，初始资金: 10000.0 U
2026-04-24 20:46:49,033 | [账户监控] 无持仓
2026-04-24 20:46:51,737 | ⚠️ aggTrade行情断流1957秒！但底层连接存活，继续观察不重连...
2026-04-24 20:46:56,738 | ⚠️ aggTrade行情断流1962秒！但底层连接存活，继续观察不重连...
2026-04-24 20:46:57,033 | [余额同步] 本地模式，初始资金: 10000.0 U
2026-04-24 20:46:57,033 | [账户监控] 无持仓
2026-04-24 20:47:01,738 | ⚠️ aggTrade行情断流1967秒！但底层连接存活，继续观察不重连...
2026-04-24 20:47:05,034 | [余额同步] 本地模式，初始资金: 10000.0 U
2026-04-24 20:47:05,034 | [账户监控] 无持仓
2026-04-24 20:47:06,738 | ⚠️ aggTrade行情断流1972秒！但底层连接存活，继续观察不重连...
2026-04-24 20:47:11,739 | ⚠️ aggTrade行情断流1977秒！但底层连接存活，继续观察不重连...
2026-04-24 20:47:13,034 | [余额同步] 本地模式，初始资金: 10000.0 U
2026-04-24 20:47:13,034 | [账户监控] 无持仓
2026-04-24 20:47:16,748 | ⚠️ aggTrade行情断流1982秒！但底层连接存活，继续观察不重连...
2026-04-24 20:47:21,035 | [余额同步] 本地模式，初始资金: 10000.0 U
2026-04-24 20:47:21,035 | [账户监控] 无持仓
2026-04-24 20:47:21,748 | ⚠️ aggTrade行情断流1987秒！但底层连接存活，继续观察不重连...
2026-04-24 20:47:26,748 | ⚠️ aggTrade行情断流1992秒！但底层连接存活，继续观察不重连...
2026-04-24 20:47:29,036 | [余额同步] 本地模式，初始资金: 10000.0 U
2026-04-24 20:47:29,036 | [账户监控] 无持仓
2026-04-24 20:47:31,749 | ⚠️ aggTrade行情断流1997秒！但底层连接存活，继续观察不重连...
2026-04-24 20:47:36,750 | ⚠️ aggTrade行情断流2002秒！但底层连接存活，继续观察不重连...
2026-04-24 20:47:37,036 | [余额同步] 本地模式，初始资金: 10000.0 U
2026-04-24 20:47:37,036 | [账户监控] 无持仓
2026-04-24 20:47:41,751 | ⚠️ aggTrade行情断流2007秒！但底层连接存活，继续观察不重连...
2026-04-24 20:47:45,037 | [余额同步] 本地模式，初始资金: 10000.0 U
2026-04-24 20:47:45,037 | [账户监控] 无持仓
2026-04-24 20:47:46,751 | ⚠️ aggTrade行情断流2012秒！但底层连接存活，继续观察不重连...
2026-04-24 20:47:51,752 | ⚠️ aggTrade行情断流2017秒！但底层连接存活，继续观察不重连...
2026-04-24 20:47:53,037 | [余额同步] 本地模式，初始资金: 10000.0 U
2026-04-24 20:47:53,037 | [账户监控] 无持仓
2026-04-24 20:47:56,752 | ⚠️ aggTrade行情断流2022秒！但底层连接存活，继续观察不重连...
2026-04-24 20:48:01,037 | [余额同步] 本地模式，初始资金: 10000.0 U
2026-04-24 20:48:01,037 | [账户监控] 无持仓
2026-04-24 20:48:01,753 | ⚠️ aggTrade行情断流2027秒！但底层连接存活，继续观察不重连...
2026-04-24 20:48:06,753 | ⚠️ aggTrade行情断流2032秒！但底层连接存活，继续观察不重连...
2026-04-24 20:48:09,038 | [余额同步] 本地模式，初始资金: 10000.0 U
2026-04-24 20:48:09,038 | [账户监控] 无持仓
2026-04-24 20:48:11,753 | ⚠️ aggTrade行情断流2037秒！但底层连接存活，继续观察不重连...
2026-04-24 20:48:16,766 | ⚠️ aggTrade行情断流2042秒！但底层连接存活，继续观察不重连...
2026-04-24 20:48:17,038 | [余额同步] 本地模式，初始资金: 10000.0 U
2026-04-24 20:48:17,038 | [账户监控] 无持仓
2026-04-24 20:48:21,767 | ⚠️ aggTrade行情断流2047秒！但底层连接存活，继续观察不重连...
2026-04-24 20:48:25,040 | [余额同步] 本地模式，初始资金: 10000.0 U
2026-04-24 20:48:25,040 | [账户监控] 无持仓
2026-04-24 20:48:26,767 | ⚠️ aggTrade行情断流2052秒！但底层连接存活，继续观察不重连...
2026-04-24 20:48:31,772 | ⚠️ aggTrade行情断流2057秒！但底层连接存活，继续观察不重连...
2026-04-24 20:48:33,040 | [余额同步] 本地模式，初始资金: 10000.0 U
2026-04-24 20:48:33,040 | [账户监控] 无持仓
2026-04-24 20:48:36,773 | ⚠️ aggTrade行情断流2062秒！但底层连接存活，继续观察不重连...
2026-04-24 20:48:41,041 | [余额同步] 本地模式，初始资金: 10000.0 U
2026-04-24 20:48:41,041 | [账户监控] 无持仓
2026-04-24 20:48:41,773 | ⚠️ aggTrade行情断流2067秒！但底层连接存活，继续观察不重连...
2026-04-24 20:48:46,777 | ⚠️ aggTrade行情断流2072秒！但底层连接存活，继续观察不重连...
2026-04-24 20:48:49,041 | [余额同步] 本地模式，初始资金: 10000.0 U
2026-04-24 20:48:49,041 | [账户监控] 无持仓
2026-04-24 20:48:51,777 | ⚠️ aggTrade行情断流2077秒！但底层连接存活，继续观察不重连...
2026-04-24 20:48:56,778 | ⚠️ aggTrade行情断流2082秒！但底层连接存活，继续观察不重连...
2026-04-24 20:48:57,042 | [余额同步] 本地模式，初始资金: 10000.0 U
2026-04-24 20:48:57,042 | [账户监控] 无持仓
2026-04-24 20:49:01,779 | ⚠️ aggTrade行情断流2087秒！但底层连接存活，继续观察不重连...
2026-04-24 20:49:05,042 | [余额同步] 本地模式，初始资金: 10000.0 U
2026-04-24 20:49:05,042 | [账户监控] 无持仓
2026-04-24 20:49:06,780 | ⚠️ aggTrade行情断流2092秒！但底层连接存活，继续观察不重连...
2026-04-24 20:49:11,781 | ⚠️ aggTrade行情断流2097秒！但底层连接存活，继续观察不重连...
2026-04-24 20:49:13,043 | [余额同步] 本地模式，初始资金: 10000.0 U
2026-04-24 20:49:13,043 | [账户监控] 无持仓
2026-04-24 20:49:16,785 | ⚠️ aggTrade行情断流2102秒！但底层连接存活，继续观察不重连...
2026-04-24 20:49:21,044 | [余额同步] 本地模式，初始资金: 10000.0 U
2026-04-24 20:49:21,044 | [账户监控] 无持仓
2026-04-24 20:49:21,785 | ⚠️ aggTrade行情断流2107秒！但底层连接存活，继续观察不重连...
2026-04-24 20:49:26,787 | ⚠️ aggTrade行情断流2112秒！但底层连接存活，继续观察不重连...
2026-04-24 20:49:29,044 | [余额同步] 本地模式，初始资金: 10000.0 U
2026-04-24 20:49:29,044 | [账户监控] 无持仓
2026-04-24 20:49:31,804 | ⚠️ aggTrade行情断流2117秒！但底层连接存活，继续观察不重连...
2026-04-24 20:49:36,804 | ⚠️ aggTrade行情断流2122秒！但底层连接存活，继续观察不重连...
2026-04-24 20:49:37,050 | [余额同步] 本地模式，初始资金: 10000.0 U
2026-04-24 20:49:37,050 | [账户监控] 无持仓
2026-04-24 20:49:41,805 | ⚠️ aggTrade行情断流2127秒！但底层连接存活，继续观察不重连...
2026-04-24 20:49:45,051 | [余额同步] 本地模式，初始资金: 10000.0 U
2026-04-24 20:49:45,051 | [账户监控] 无持仓
2026-04-24 20:49:46,806 | ⚠️ aggTrade行情断流2132秒！但底层连接存活，继续观察不重连...
2026-04-24 20:49:51,807 | ⚠️ aggTrade行情断流2137秒！但底层连接存活，继续观察不重连...
2026-04-24 20:49:53,051 | [余额同步] 本地模式，初始资金: 10000.0 U
2026-04-24 20:49:53,051 | [账户监控] 无持仓
2026-04-24 20:49:56,807 | ⚠️ aggTrade行情断流2142秒！但底层连接存活，继续观察不重连...
2026-04-24 20:50:01,052 | [余额同步] 本地模式，初始资金: 10000.0 U
2026-04-24 20:50:01,052 | [账户监控] 无持仓
2026-04-24 20:50:01,814 | ⚠️ aggTrade行情断流2147秒！但底层连接存活，继续观察不重连...
2026-04-24 20:50:06,814 | ⚠️ aggTrade行情断流2152秒！但底层连接存活，继续观察不重连...
2026-04-24 20:50:09,053 | [余额同步] 本地模式，初始资金: 10000.0 U
2026-04-24 20:50:09,053 | [账户监控] 无持仓
2026-04-24 20:50:11,815 | ⚠️ aggTrade行情断流2157秒！但底层连接存活，继续观察不重连...
2026-04-24 20:50:16,821 | ⚠️ aggTrade行情断流2162秒！但底层连接存活，继续观察不重连...
2026-04-24 20:50:17,058 | [余额同步] 本地模式，初始资金: 10000.0 U
2026-04-24 20:50:17,058 | [账户监控] 无持仓
2026-04-24 20:50:21,822 | ⚠️ aggTrade行情断流2167秒！但底层连接存活，继续观察不重连...
2026-04-24 20:50:25,058 | [余额同步] 本地模式，初始资金: 10000.0 U
2026-04-24 20:50:25,058 | [账户监控] 无持仓
2026-04-24 20:50:26,822 | ⚠️ aggTrade行情断流2172秒！但底层连接存活，继续观察不重连...
2026-04-24 20:50:31,830 | ⚠️ aggTrade行情断流2177秒！但底层连接存活，继续观察不重连...
2026-04-24 20:50:33,059 | [余额同步] 本地模式，初始资金: 10000.0 U
2026-04-24 20:50:33,059 | [账户监控] 无持仓
2026-04-24 20:50:36,830 | ⚠️ aggTrade行情断流2182秒！但底层连接存活，继续观察不重连...
2026-04-24 20:50:41,059 | [余额同步] 本地模式，初始资金: 10000.0 U
2026-04-24 20:50:41,059 | [账户监控] 无持仓
2026-04-24 20:50:41,830 | ⚠️ aggTrade行情断流2187秒！但底层连接存活，继续观察不重连...
2026-04-24 20:50:46,839 | ⚠️ aggTrade行情断流2192秒！但底层连接存活，继续观察不重连...
2026-04-24 20:50:49,060 | [余额同步] 本地模式，初始资金: 10000.0 U
2026-04-24 20:50:49,060 | [账户监控] 无持仓
2026-04-24 20:50:51,840 | ⚠️ aggTrade行情断流2197秒！但底层连接存活，继续观察不重连...
2026-04-24 20:50:56,841 | ⚠️ aggTrade行情断流2202秒！但底层连接存活，继续观察不重连...
2026-04-24 20:50:57,060 | [余额同步] 本地模式，初始资金: 10000.0 U
2026-04-24 20:50:57,068 | [账户监控] 无持仓
2026-04-24 20:51:01,842 | ⚠️ aggTrade行情断流2207秒！但底层连接存活，继续观察不重连...
2026-04-24 20:51:05,069 | [余额同步] 本地模式，初始资金: 10000.0 U
2026-04-24 20:51:05,069 | [账户监控] 无持仓
2026-04-24 20:51:06,842 | ⚠️ aggTrade行情断流2212秒！但底层连接存活，继续观察不重连...
2026-04-24 20:51:11,843 | ⚠️ aggTrade行情断流2217秒！但底层连接存活，继续观察不重连...
2026-04-24 20:51:13,069 | [余额同步] 本地模式，初始资金: 10000.0 U
2026-04-24 20:51:13,069 | [账户监控] 无持仓
2026-04-24 20:51:16,849 | ⚠️ aggTrade行情断流2222秒！但底层连接存活，继续观察不重连...
2026-04-24 20:51:21,069 | [余额同步] 本地模式，初始资金: 10000.0 U
2026-04-24 20:51:21,070 | [账户监控] 无持仓
2026-04-24 20:51:21,850 | ⚠️ aggTrade行情断流2227秒！但底层连接存活，继续观察不重连...
2026-04-24 20:51:26,850 | ⚠️ aggTrade行情断流2232秒！但底层连接存活，继续观察不重连...
2026-04-24 20:51:29,070 | [余额同步] 本地模式，初始资金: 10000.0 U
2026-04-24 20:51:29,070 | [账户监控] 无持仓
2026-04-24 20:51:31,850 | ⚠️ aggTrade行情断流2237秒！但底层连接存活，继续观察不重连...
2026-04-24 20:51:36,852 | ⚠️ aggTrade行情断流2242秒！但底层连接存活，继续观察不重连...
2026-04-24 20:51:37,070 | [余额同步] 本地模式，初始资金: 10000.0 U
2026-04-24 20:51:37,070 | [账户监控] 无持仓
2026-04-24 20:51:41,853 | ⚠️ aggTrade行情断流2247秒！但底层连接存活，继续观察不重连...
2026-04-24 20:51:45,071 | [余额同步] 本地模式，初始资金: 10000.0 U
2026-04-24 20:51:45,071 | [账户监控] 无持仓
2026-04-24 20:51:46,854 | ⚠️ aggTrade行情断流2252秒！但底层连接存活，继续观察不重连...
2026-04-24 20:51:51,854 | ⚠️ aggTrade行情断流2257秒！但底层连接存活，继续观察不重连...
2026-04-24 20:51:53,071 | [余额同步] 本地模式，初始资金: 10000.0 U
2026-04-24 20:51:53,071 | [账户监控] 无持仓
2026-04-24 20:51:56,855 | ⚠️ aggTrade行情断流2262秒！但底层连接存活，继续观察不重连...
2026-04-24 20:52:01,072 | [余额同步] 本地模式，初始资金: 10000.0 U
2026-04-24 20:52:01,072 | [账户监控] 无持仓
2026-04-24 20:52:01,855 | ⚠️ aggTrade行情断流2267秒！但底层连接存活，继续观察不重连...
2026-04-24 20:52:06,856 | ⚠️ aggTrade行情断流2272秒！但底层连接存活，继续观察不重连...
2026-04-24 20:52:09,072 | [余额同步] 本地模式，初始资金: 10000.0 U
2026-04-24 20:52:09,072 | [账户监控] 无持仓
2026-04-24 20:52:11,856 | ⚠️ aggTrade行情断流2277秒！但底层连接存活，继续观察不重连...
2026-04-24 20:52:16,896 | ⚠️ aggTrade行情断流2282秒！但底层连接存活，继续观察不重连...
2026-04-24 20:52:17,257 | [余额同步] 本地模式，初始资金: 10000.0 U
2026-04-24 20:52:17,258 | [账户监控] 无持仓
2026-04-24 20:52:21,954 | ⚠️ aggTrade行情断流2287秒！但底层连接存活，继续观察不重连...
2026-04-24 20:52:25,353 | [余额同步] 本地模式，初始资金: 10000.0 U
2026-04-24 20:52:25,509 | [账户监控] 无持仓
2026-04-24 20:52:26,974 | ⚠️ aggTrade行情断流2292秒！但底层连接存活，继续观察不重连...
2026-04-24 20:52:31,977 | ⚠️ aggTrade行情断流2297秒！但底层连接存活，继续观察不重连...
2026-04-24 20:52:32,056 | [程序退出]
