2026-04-24 21:47:34,371 | ======================================
2026-04-24 21:47:34,371 |  V23 流动性剃头皮策略 (防卡死+防幽灵+防抢跑增强版) 启动成功
2026-04-24 21:47:34,371 | [UserDataWS] 启动异常: name 'base_listen_url' is not defined
2026-04-24 21:47:34,371 |  当前运行模式: 本地撮合 (测试网行情)
2026-04-24 21:47:34,371 |  策略: 流动性+Sweep+区间评分 | 启动盈利:0.01% | 止损:2.5% | 区间有效期:动态ATR自适应
2026-04-24 21:47:34,371 | ======================================
2026-04-24 21:47:35,259 | [时间同步] 完成
2026-04-24 21:47:35,264 | [历史K线] 正在拉取初始1分钟和15分钟K线数据...
2026-04-24 21:47:36,197 | [历史K线] 成功加载 14 根 1分钟K线
2026-04-24 21:47:37,069 | [历史K线] 成功加载 2 根 15分钟K线
2026-04-24 21:47:37,069 | [余额同步] 本地模式，初始资金: 10000.0 U
2026-04-24 21:47:37,069 | [本地持仓] None
2026-04-24 21:47:37,070 | [余额同步] 本地模式，初始资金: 10000.0 U
2026-04-24 21:47:37,071 | [账户监控] 无持仓
2026-04-24 21:47:37,840 | Websocket connected
2026-04-24 21:47:37,841 | [WebSocket] 连接成功 ✅ (模式: 本地撮合-测试网行情)
2026-04-24 21:47:37,841 | [状态校准] 正在重新同步持仓与余额，清理幽灵状态...
2026-04-24 21:47:37,841 | [本地持仓] None
2026-04-24 21:47:38,341 | [余额同步] 本地模式，初始资金: 10000.0 U
2026-04-24 21:47:38,596 | [WebSocket] 行情订阅成功 ✅
2026-04-24 21:47:45,071 | [余额同步] 本地模式，初始资金: 10000.0 U
2026-04-24 21:47:45,071 | [账户监控] 无持仓
2026-04-24 21:47:53,072 | [余额同步] 本地模式，初始资金: 10000.0 U
2026-04-24 21:47:53,072 | [账户监控] 无持仓
2026-04-24 21:48:01,346 | [余额同步] 本地模式，初始资金: 10000.0 U
2026-04-24 21:48:01,346 | [账户监控] 无持仓
2026-04-24 21:48:09,347 | [余额同步] 本地模式，初始资金: 10000.0 U
2026-04-24 21:48:09,347 | [账户监控] 无持仓
2026-04-24 21:48:13,892 | [程序退出]
