2026-04-24 14:23:31,143 | ======================================
2026-04-24 14:23:31,143 |  V23 流动性剃头皮策略 (防卡死+防幽灵+防抢跑增强版) 启动成功
2026-04-24 14:23:31,144 |  当前运行模式: 本地撮合 (测试网行情)
2026-04-24 14:23:31,144 |  策略: 流动性+Sweep+区间评分 | 启动盈利:0.01% | 止损:2.5% | 区间有效期:动态ATR自适应
2026-04-24 14:23:31,144 | ======================================
2026-04-24 14:23:34,331 | [历史K线] 正在拉取初始1分钟和15分钟K线数据...
2026-04-24 14:23:39,026 | [历史K线] 成功加载 14 根 1分钟K线
2026-04-24 14:23:44,190 | [历史K线] 拉取失败: HTTPSConnectionPool(host='fapi.binance.com', port=443): Read timed out. (read timeout=5)，等待WebSocket推送积累...
2026-04-24 14:23:44,202 | [余额同步] 本地模式，初始资金: 10000.0 U
2026-04-24 14:23:44,202 | [本地持仓] None
2026-04-24 14:23:44,204 | [余额同步] 本地模式，初始资金: 10000.0 U
2026-04-24 14:23:44,204 | [账户监控] 无持仓
2026-04-24 14:23:49,204 | 🚨 WS底层心跳断流超过20秒，主动断开触发重连！
2026-04-24 14:23:52,205 | [余额同步] 本地模式，初始资金: 10000.0 U
2026-04-24 14:23:52,205 | [账户监控] 无持仓
2026-04-24 14:23:54,205 | ⚠️ aggTrade行情断流1777011834秒！但底层连接存活，继续观察不重连...
2026-04-24 14:23:59,205 | ⚠️ aggTrade行情断流1777011839秒！但底层连接存活，继续观察不重连...
2026-04-24 14:24:00,206 | [余额同步] 本地模式，初始资金: 10000.0 U
2026-04-24 14:24:00,206 | [账户监控] 无持仓
2026-04-24 14:24:00,520 | Websocket connected
2026-04-24 14:24:00,520 | [WebSocket] 连接成功 ✅ (模式: 本地撮合-测试网行情)
2026-04-24 14:24:00,520 | [状态校准] 正在重新同步持仓与余额，清理幽灵状态...
2026-04-24 14:24:00,520 | [本地持仓] None
2026-04-24 14:24:01,021 | [余额同步] 本地模式，初始资金: 10000.0 U
2026-04-24 14:24:01,021 | error from callback <function on_open at 0x000001FB0440FC10>: Connection is already closed.
2026-04-24 14:24:01,021 | [WebSocket 错误] Connection is already closed.
2026-04-24 14:24:01,021 | [WebSocket 错误] 'NoneType' object has no attribute 'sock'
2026-04-24 14:24:01,021 | 'NoneType' object has no attribute 'sock' - goodbye
2026-04-24 14:24:01,021 | [WebSocket] 断开，自动重连中...
2026-04-24 14:24:08,207 | [余额同步] 本地模式，初始资金: 10000.0 U
2026-04-24 14:24:08,207 | [账户监控] 无持仓
2026-04-24 14:24:11,446 | Websocket connected
2026-04-24 14:24:11,447 | [WebSocket] 连接成功 ✅ (模式: 本地撮合-测试网行情)
2026-04-24 14:24:11,447 | [状态校准] 正在重新同步持仓与余额，清理幽灵状态...
2026-04-24 14:24:11,447 | [本地持仓] None
2026-04-24 14:24:11,947 | [余额同步] 本地模式，初始资金: 10000.0 U
2026-04-24 14:24:12,136 | [WebSocket] 行情订阅成功 ✅
2026-04-24 14:24:16,208 | [余额同步] 本地模式，初始资金: 10000.0 U
2026-04-24 14:24:16,208 | [账户监控] 无持仓
2026-04-24 14:24:24,210 | [余额同步] 本地模式，初始资金: 10000.0 U
2026-04-24 14:24:24,210 | [账户监控] 无持仓
2026-04-24 14:24:31,445 | [程序退出]
