2026-04-18 00:59:21,399 | ======================================
2026-04-18 00:59:21,399 |  V23 流动性剃头皮策略 (多因子评分增强版) 启动成功
2026-04-18 00:59:21,399 |  当前运行模式: 本地撮合 (测试网行情)
2026-04-18 00:59:21,399 |  策略: 流动性+Sweep+区间评分 | 启动盈利:0.01% | 止损:1.5% | 区间有效期:120秒
2026-04-18 00:59:21,399 | ======================================
2026-04-18 00:59:22,707 | [时间同步] 完成
2026-04-18 00:59:22,711 | [历史K线] 正在拉取初始1分钟和15分钟K线数据...
2026-04-18 00:59:24,044 | [历史K线] 成功加载 14 根 1分钟K线
2026-04-18 00:59:25,407 | [历史K线] 成功加载 2 根 15分钟K线
2026-04-18 00:59:25,418 | [余额同步] 本地模式，初始资金: 10000.0 U
2026-04-18 00:59:25,418 | [本地持仓] None
2026-04-18 00:59:25,455 | [余额同步] 本地模式，初始资金: 10000.0 U
2026-04-18 00:59:25,455 | [账户监控] 无持仓
2026-04-18 00:59:27,244 | Websocket connected
2026-04-18 00:59:27,244 | [WebSocket] 连接成功 ✅ (模式: 本地撮合-测试网行情)
2026-04-18 00:59:27,244 | [状态校准] 正在重新同步持仓与余额，清理幽灵状态...
2026-04-18 00:59:27,244 | [本地持仓] None
2026-04-18 00:59:27,745 | [余额同步] 本地模式，初始资金: 10000.0 U
2026-04-18 00:59:28,043 | [WebSocket] 行情订阅成功 ✅
2026-04-18 00:59:28,210 | [价格] Last:None | Mark:77789.3 | 延迟:0.0s | aggDelay:1776445168.2s
2026-04-18 00:59:28,211 | [交易线程异常] '<=' not supported between instances of 'NoneType' and 'float'
2026-04-18 00:59:28,258 | [开仓雷达] 1.震荡市:代码✅(评分:85) | 5K✅ | 2.基础✅(K:14 A:68.8 W:216.2) | 3.盈亏比❌(0.19≥1.3 需W>0.0) | 4.靠轨❌(多:❌ 空:❌) | 5.过滤❌(偏:bear 触:0 向:sell) | 6.时效✅(剩:120s) | ==> 综合: 多🔴 空🔴
2026-04-18 00:59:30,709 | [开仓雷达] 1.震荡市:代码✅(评分:85) | 5K✅ | 2.基础✅(K:14 A:68.8 W:216.2) | 3.盈亏比❌(0.19≥1.3 需W>0.0) | 4.靠轨❌(多:❌ 空:❌) | 5.过滤❌(偏:bear 触:0 向:sell) | 6.时效✅(剩:118s) | ==> 综合: 多🔴 空🔴
2026-04-18 00:59:32,748 | [开仓雷达] 1.震荡市:代码✅(评分:85) | 5K✅ | 2.基础✅(K:14 A:68.8 W:216.2) | 3.盈亏比❌(0.19≥1.3 需W>0.0) | 4.靠轨❌(多:❌ 空:❌) | 5.过滤❌(偏:bull 触:0 向:sell) | 6.时效✅(剩:115s) | ==> 综合: 多🔴 空🔴
2026-04-18 00:59:33,455 | [价格] Last:77809.5 | Mark:77799.1 | 延迟:0.0s | aggDelay:0.0s
2026-04-18 00:59:33,456 | [余额同步] 本地模式，初始资金: 10000.0 U
2026-04-18 00:59:33,456 | [账户监控] 无持仓
2026-04-18 00:59:35,088 | [开仓雷达] 1.震荡市:代码✅(评分:85) | 5K✅ | 2.基础✅(K:14 A:68.8 W:216.2) | 3.盈亏比❌(0.19≥1.3 需W>0.0) | 4.靠轨❌(多:❌ 空:❌) | 5.过滤❌(偏:bull 触:0 向:buy) | 6.时效✅(剩:113s) | ==> 综合: 多🔴 空🔴
2026-04-18 00:59:37,181 | [开仓雷达] 1.震荡市:代码✅(评分:85) | 5K✅ | 2.基础✅(K:14 A:68.8 W:216.2) | 3.盈亏比❌(0.19≥1.3 需W>0.0) | 4.靠轨❌(多:❌ 空:❌) | 5.过滤❌(偏:bull 触:0 向:sell) | 6.时效✅(剩:111s) | ==> 综合: 多🔴 空🔴
2026-04-18 00:59:38,617 | [价格] Last:77815.0 | Mark:77811.0 | 延迟:0.0s | aggDelay:0.0s
2026-04-18 00:59:39,225 | [开仓雷达] 1.震荡市:代码✅(评分:85) | 5K✅ | 2.基础✅(K:14 A:68.8 W:216.2) | 3.盈亏比❌(0.19≥1.3 需W>0.0) | 4.靠轨❌(多:❌ 空:❌) | 5.过滤❌(偏:bull 触:0 向:sell) | 6.时效✅(剩:109s) | ==> 综合: 多🔴 空🔴
