2026-04-24 15:36:53,736 | ======================================
2026-04-24 15:36:53,736 |  V23 流动性剃头皮策略 (防卡死+防幽灵+防抢跑增强版) 启动成功
2026-04-24 15:36:53,736 |  当前运行模式: 本地撮合 (测试网行情)
2026-04-24 15:36:53,736 |  策略: 流动性+Sweep+区间评分 | 启动盈利:0.01% | 止损:2.5% | 绝对红线:5.0% | 区间有效期:动态ATR自适应
2026-04-24 15:36:53,736 | ======================================
2026-04-24 15:36:55,072 | [时间同步] 完成
2026-04-24 15:36:55,077 | [历史K线] 正在拉取初始1分钟和15分钟K线数据...
2026-04-24 15:36:56,385 | [历史K线] 成功加载 14 根 1分钟K线
2026-04-24 15:36:57,698 | [历史K线] 成功加载 2 根 15分钟K线
2026-04-24 15:36:57,698 | [余额同步] 本地模式，初始资金: 10000.0 U
2026-04-24 15:36:57,699 | [本地持仓] None
2026-04-24 15:36:57,705 | [余额同步] 本地模式，初始资金: 10000.0 U
2026-04-24 15:36:57,706 | [账户监控] 无持仓
2026-04-24 15:36:59,164 | Websocket connected
2026-04-24 15:36:59,165 | [WebSocket] 连接成功 ✅ (模式: 本地撮合-测试网行情)
2026-04-24 15:36:59,165 | [状态校准] 正在重新同步持仓与余额，清理幽灵状态...
2026-04-24 15:36:59,165 | [本地持仓] None
2026-04-24 15:36:59,665 | [余额同步] 本地模式，初始资金: 10000.0 U
2026-04-24 15:37:00,026 | [WebSocket] 行情订阅成功 ✅
2026-04-24 15:37:05,707 | [余额同步] 本地模式，初始资金: 10000.0 U
2026-04-24 15:37:05,707 | [账户监控] 无持仓
2026-04-24 15:37:13,709 | [余额同步] 本地模式，初始资金: 10000.0 U
2026-04-24 15:37:13,709 | [账户监控] 无持仓
2026-04-24 15:37:14,939 | [程序退出]
