2026-04-24 21:14:04,998 | ======================================
2026-04-24 21:14:04,998 |         V19 终极防洗版 启动成功
2026-04-24 21:14:04,998 |         当前运行模式: 本地撮合 (实盘行情)
2026-04-24 21:14:04,998 |         仓位控制: 总资金 30% 动态开仓
2026-04-24 21:14:04,998 | ======================================
2026-04-24 21:14:08,188 | [余额同步] 本地模式，初始资金: 10000.0 U
2026-04-24 21:14:08,189 | [本地持仓] None
2026-04-24 21:14:08,194 | [余额同步] 本地模式，初始资金: 10000.0 U
2026-04-24 21:14:08,194 | [本地持仓监控] 无持仓 | 账户余额:10000.0 U | 预计开仓量:0.05
2026-04-24 21:14:13,194 | ⚠️ WebSocket可能断流（10秒无数据）
2026-04-24 21:14:16,194 | [余额同步] 本地模式，初始资金: 10000.0 U
2026-04-24 21:14:16,195 | [本地持仓监控] 无持仓 | 账户余额:10000.0 U | 预计开仓量:0.05
2026-04-24 21:14:18,206 | ⚠️ WebSocket可能断流（10秒无数据）
2026-04-24 21:14:23,206 | ⚠️ WebSocket可能断流（10秒无数据）
2026-04-24 21:14:24,195 | [余额同步] 本地模式，初始资金: 10000.0 U
2026-04-24 21:14:24,195 | [本地持仓监控] 无持仓 | 账户余额:10000.0 U | 预计开仓量:0.05
2026-04-24 21:14:28,207 | ⚠️ WebSocket可能断流（10秒无数据）
2026-04-24 21:14:32,196 | [余额同步] 本地模式，初始资金: 10000.0 U
2026-04-24 21:14:32,196 | [本地持仓监控] 无持仓 | 账户余额:10000.0 U | 预计开仓量:0.05
2026-04-24 21:14:33,207 | ⚠️ WebSocket可能断流（10秒无数据）
2026-04-24 21:14:38,208 | ⚠️ WebSocket可能断流（10秒无数据）
2026-04-24 21:14:40,205 | [余额同步] 本地模式，初始资金: 10000.0 U
2026-04-24 21:14:40,209 | [本地持仓监控] 无持仓 | 账户余额:10000.0 U | 预计开仓量:0.05
2026-04-24 21:14:43,208 | ⚠️ WebSocket可能断流（10秒无数据）
2026-04-24 21:14:48,208 | ⚠️ WebSocket可能断流（10秒无数据）
2026-04-24 21:14:48,210 | [余额同步] 本地模式，初始资金: 10000.0 U
2026-04-24 21:14:48,210 | [本地持仓监控] 无持仓 | 账户余额:10000.0 U | 预计开仓量:0.05
2026-04-24 21:14:53,209 | ⚠️ WebSocket可能断流（10秒无数据）
2026-04-24 21:14:56,210 | [余额同步] 本地模式，初始资金: 10000.0 U
2026-04-24 21:14:56,210 | [本地持仓监控] 无持仓 | 账户余额:10000.0 U | 预计开仓量:0.05
2026-04-24 21:14:58,209 | ⚠️ WebSocket可能断流（10秒无数据）
2026-04-24 21:15:03,210 | ⚠️ WebSocket可能断流（10秒无数据）
2026-04-24 21:15:04,211 | [余额同步] 本地模式，初始资金: 10000.0 U
2026-04-24 21:15:04,211 | [本地持仓监控] 无持仓 | 账户余额:10000.0 U | 预计开仓量:0.05
2026-04-24 21:15:08,211 | ⚠️ WebSocket可能断流（10秒无数据）
2026-04-24 21:15:12,268 | [余额同步] 本地模式，初始资金: 10000.0 U
2026-04-24 21:15:12,270 | [本地持仓监控] 无持仓 | 账户余额:10000.0 U | 预计开仓量:0.05
2026-04-24 21:15:13,234 | ⚠️ WebSocket可能断流（10秒无数据）
2026-04-24 21:15:18,236 | ⚠️ WebSocket可能断流（10秒无数据）
2026-04-24 21:15:20,270 | [余额同步] 本地模式，初始资金: 10000.0 U
2026-04-24 21:15:20,270 | [本地持仓监控] 无持仓 | 账户余额:10000.0 U | 预计开仓量:0.05
2026-04-24 21:15:21,192 | [WebSocket 错误] [SSL: UNEXPECTED_EOF_WHILE_READING] EOF occurred in violation of protocol (_ssl.c:1081)
2026-04-24 21:15:21,192 | [SSL: UNEXPECTED_EOF_WHILE_READING] EOF occurred in violation of protocol (_ssl.c:1081) - goodbye
2026-04-24 21:15:21,192 | [WebSocket] 断开，自动重连中...
2026-04-24 21:15:23,237 | ⚠️ WebSocket可能断流（10秒无数据）
2026-04-24 21:15:28,237 | ⚠️ WebSocket可能断流（10秒无数据）
2026-04-24 21:15:28,271 | [余额同步] 本地模式，初始资金: 10000.0 U
2026-04-24 21:15:28,271 | [本地持仓监控] 无持仓 | 账户余额:10000.0 U | 预计开仓量:0.05
2026-04-24 21:15:33,238 | ⚠️ WebSocket可能断流（10秒无数据）
2026-04-24 21:15:36,271 | [余额同步] 本地模式，初始资金: 10000.0 U
2026-04-24 21:15:36,271 | [本地持仓监控] 无持仓 | 账户余额:10000.0 U | 预计开仓量:0.05
2026-04-24 21:15:38,238 | ⚠️ WebSocket可能断流（10秒无数据）
2026-04-24 21:15:43,239 | ⚠️ WebSocket可能断流（10秒无数据）
2026-04-24 21:15:44,272 | [余额同步] 本地模式，初始资金: 10000.0 U
2026-04-24 21:15:44,272 | [本地持仓监控] 无持仓 | 账户余额:10000.0 U | 预计开仓量:0.05
2026-04-24 21:15:48,240 | ⚠️ WebSocket可能断流（10秒无数据）
2026-04-24 21:15:52,273 | [余额同步] 本地模式，初始资金: 10000.0 U
2026-04-24 21:15:52,273 | [本地持仓监控] 无持仓 | 账户余额:10000.0 U | 预计开仓量:0.05
2026-04-24 21:15:53,241 | ⚠️ WebSocket可能断流（10秒无数据）
2026-04-24 21:15:58,242 | ⚠️ WebSocket可能断流（10秒无数据）
2026-04-24 21:16:00,275 | [余额同步] 本地模式，初始资金: 10000.0 U
2026-04-24 21:16:00,275 | [本地持仓监控] 无持仓 | 账户余额:10000.0 U | 预计开仓量:0.05
2026-04-24 21:16:03,242 | ⚠️ WebSocket可能断流（10秒无数据）
2026-04-24 21:16:08,243 | ⚠️ WebSocket可能断流（10秒无数据）
2026-04-24 21:16:08,276 | [余额同步] 本地模式，初始资金: 10000.0 U
2026-04-24 21:16:08,277 | [本地持仓监控] 无持仓 | 账户余额:10000.0 U | 预计开仓量:0.05
2026-04-24 21:16:13,244 | ⚠️ WebSocket可能断流（10秒无数据）
2026-04-24 21:16:16,277 | [余额同步] 本地模式，初始资金: 10000.0 U
2026-04-24 21:16:16,277 | [本地持仓监控] 无持仓 | 账户余额:10000.0 U | 预计开仓量:0.05
2026-04-24 21:16:18,244 | ⚠️ WebSocket可能断流（10秒无数据）
2026-04-24 21:16:23,244 | ⚠️ WebSocket可能断流（10秒无数据）
2026-04-24 21:16:24,278 | [余额同步] 本地模式，初始资金: 10000.0 U
2026-04-24 21:16:24,278 | [本地持仓监控] 无持仓 | 账户余额:10000.0 U | 预计开仓量:0.05
2026-04-24 21:16:28,245 | ⚠️ WebSocket可能断流（10秒无数据）
2026-04-24 21:16:32,278 | [余额同步] 本地模式，初始资金: 10000.0 U
2026-04-24 21:16:32,279 | [本地持仓监控] 无持仓 | 账户余额:10000.0 U | 预计开仓量:0.05
2026-04-24 21:16:33,245 | ⚠️ WebSocket可能断流（10秒无数据）
2026-04-24 21:16:38,246 | ⚠️ WebSocket可能断流（10秒无数据）
2026-04-24 21:16:40,279 | [余额同步] 本地模式，初始资金: 10000.0 U
2026-04-24 21:16:40,280 | [本地持仓监控] 无持仓 | 账户余额:10000.0 U | 预计开仓量:0.05
2026-04-24 21:16:41,809 | [WebSocket 错误] [SSL: UNEXPECTED_EOF_WHILE_READING] EOF occurred in violation of protocol (_ssl.c:1081)
2026-04-24 21:16:41,810 | [SSL: UNEXPECTED_EOF_WHILE_READING] EOF occurred in violation of protocol (_ssl.c:1081) - goodbye
2026-04-24 21:16:41,811 | [WebSocket] 断开，自动重连中...
2026-04-24 21:16:43,247 | ⚠️ WebSocket可能断流（10秒无数据）
2026-04-24 21:16:48,247 | ⚠️ WebSocket可能断流（10秒无数据）
2026-04-24 21:16:48,280 | [余额同步] 本地模式，初始资金: 10000.0 U
2026-04-24 21:16:48,280 | [本地持仓监控] 无持仓 | 账户余额:10000.0 U | 预计开仓量:0.05
2026-04-24 21:16:53,248 | ⚠️ WebSocket可能断流（10秒无数据）
2026-04-24 21:16:56,281 | [余额同步] 本地模式，初始资金: 10000.0 U
2026-04-24 21:16:56,282 | [本地持仓监控] 无持仓 | 账户余额:10000.0 U | 预计开仓量:0.05
2026-04-24 21:16:58,249 | ⚠️ WebSocket可能断流（10秒无数据）
2026-04-24 21:17:03,250 | ⚠️ WebSocket可能断流（10秒无数据）
2026-04-24 21:17:04,282 | [余额同步] 本地模式，初始资金: 10000.0 U
2026-04-24 21:17:04,282 | [本地持仓监控] 无持仓 | 账户余额:10000.0 U | 预计开仓量:0.05
2026-04-24 21:17:08,250 | ⚠️ WebSocket可能断流（10秒无数据）
2026-04-24 21:17:12,283 | [余额同步] 本地模式，初始资金: 10000.0 U
2026-04-24 21:17:12,283 | [本地持仓监控] 无持仓 | 账户余额:10000.0 U | 预计开仓量:0.05
2026-04-24 21:17:13,251 | ⚠️ WebSocket可能断流（10秒无数据）
2026-04-24 21:17:18,251 | ⚠️ WebSocket可能断流（10秒无数据）
2026-04-24 21:17:20,284 | [余额同步] 本地模式，初始资金: 10000.0 U
2026-04-24 21:17:20,284 | [本地持仓监控] 无持仓 | 账户余额:10000.0 U | 预计开仓量:0.05
2026-04-24 21:17:23,252 | ⚠️ WebSocket可能断流（10秒无数据）
2026-04-24 21:17:28,253 | ⚠️ WebSocket可能断流（10秒无数据）
2026-04-24 21:17:28,288 | [余额同步] 本地模式，初始资金: 10000.0 U
2026-04-24 21:17:28,288 | [本地持仓监控] 无持仓 | 账户余额:10000.0 U | 预计开仓量:0.05
2026-04-24 21:17:33,253 | ⚠️ WebSocket可能断流（10秒无数据）
2026-04-24 21:17:36,289 | [余额同步] 本地模式，初始资金: 10000.0 U
2026-04-24 21:17:36,289 | [本地持仓监控] 无持仓 | 账户余额:10000.0 U | 预计开仓量:0.05
2026-04-24 21:17:38,254 | ⚠️ WebSocket可能断流（10秒无数据）
2026-04-24 21:17:43,254 | ⚠️ WebSocket可能断流（10秒无数据）
2026-04-24 21:17:44,289 | [余额同步] 本地模式，初始资金: 10000.0 U
2026-04-24 21:17:44,290 | [本地持仓监控] 无持仓 | 账户余额:10000.0 U | 预计开仓量:0.05
2026-04-24 21:17:48,255 | ⚠️ WebSocket可能断流（10秒无数据）
2026-04-24 21:17:52,290 | [余额同步] 本地模式，初始资金: 10000.0 U
2026-04-24 21:17:52,290 | [本地持仓监控] 无持仓 | 账户余额:10000.0 U | 预计开仓量:0.05
2026-04-24 21:17:53,256 | ⚠️ WebSocket可能断流（10秒无数据）
2026-04-24 21:17:54,337 | [WebSocket 错误] [SSL: UNEXPECTED_EOF_WHILE_READING] EOF occurred in violation of protocol (_ssl.c:1081)
2026-04-24 21:17:54,337 | [SSL: UNEXPECTED_EOF_WHILE_READING] EOF occurred in violation of protocol (_ssl.c:1081) - goodbye
2026-04-24 21:17:54,337 | [WebSocket] 断开，自动重连中...
2026-04-24 21:17:58,257 | ⚠️ WebSocket可能断流（10秒无数据）
2026-04-24 21:18:00,290 | [余额同步] 本地模式，初始资金: 10000.0 U
2026-04-24 21:18:00,291 | [本地持仓监控] 无持仓 | 账户余额:10000.0 U | 预计开仓量:0.05
2026-04-24 21:18:03,257 | ⚠️ WebSocket可能断流（10秒无数据）
2026-04-24 21:18:08,258 | ⚠️ WebSocket可能断流（10秒无数据）
2026-04-24 21:18:08,292 | [余额同步] 本地模式，初始资金: 10000.0 U
2026-04-24 21:18:08,292 | [本地持仓监控] 无持仓 | 账户余额:10000.0 U | 预计开仓量:0.05
2026-04-24 21:18:13,259 | ⚠️ WebSocket可能断流（10秒无数据）
2026-04-24 21:18:16,293 | [余额同步] 本地模式，初始资金: 10000.0 U
2026-04-24 21:18:16,293 | [本地持仓监控] 无持仓 | 账户余额:10000.0 U | 预计开仓量:0.05
2026-04-24 21:18:18,259 | ⚠️ WebSocket可能断流（10秒无数据）
2026-04-24 21:18:23,271 | ⚠️ WebSocket可能断流（10秒无数据）
2026-04-24 21:18:24,294 | [余额同步] 本地模式，初始资金: 10000.0 U
2026-04-24 21:18:24,294 | [本地持仓监控] 无持仓 | 账户余额:10000.0 U | 预计开仓量:0.05
2026-04-24 21:18:28,271 | ⚠️ WebSocket可能断流（10秒无数据）
2026-04-24 21:18:32,295 | [余额同步] 本地模式，初始资金: 10000.0 U
2026-04-24 21:18:32,295 | [本地持仓监控] 无持仓 | 账户余额:10000.0 U | 预计开仓量:0.05
2026-04-24 21:18:33,272 | ⚠️ WebSocket可能断流（10秒无数据）
2026-04-24 21:18:38,272 | ⚠️ WebSocket可能断流（10秒无数据）
2026-04-24 21:18:40,296 | [余额同步] 本地模式，初始资金: 10000.0 U
2026-04-24 21:18:40,296 | [本地持仓监控] 无持仓 | 账户余额:10000.0 U | 预计开仓量:0.05
2026-04-24 21:18:43,273 | ⚠️ WebSocket可能断流（10秒无数据）
2026-04-24 21:18:48,273 | ⚠️ WebSocket可能断流（10秒无数据）
2026-04-24 21:18:48,296 | [余额同步] 本地模式，初始资金: 10000.0 U
2026-04-24 21:18:48,296 | [本地持仓监控] 无持仓 | 账户余额:10000.0 U | 预计开仓量:0.05
2026-04-24 21:18:53,274 | ⚠️ WebSocket可能断流（10秒无数据）
2026-04-24 21:18:56,298 | [余额同步] 本地模式，初始资金: 10000.0 U
2026-04-24 21:18:56,299 | [本地持仓监控] 无持仓 | 账户余额:10000.0 U | 预计开仓量:0.05
2026-04-24 21:18:58,274 | ⚠️ WebSocket可能断流（10秒无数据）
2026-04-24 21:19:03,274 | ⚠️ WebSocket可能断流（10秒无数据）
2026-04-24 21:19:04,299 | [余额同步] 本地模式，初始资金: 10000.0 U
2026-04-24 21:19:04,300 | [本地持仓监控] 无持仓 | 账户余额:10000.0 U | 预计开仓量:0.05
2026-04-24 21:19:08,275 | ⚠️ WebSocket可能断流（10秒无数据）
2026-04-24 21:19:12,300 | [余额同步] 本地模式，初始资金: 10000.0 U
2026-04-24 21:19:12,300 | [本地持仓监控] 无持仓 | 账户余额:10000.0 U | 预计开仓量:0.05
2026-04-24 21:19:13,276 | ⚠️ WebSocket可能断流（10秒无数据）
2026-04-24 21:19:18,276 | ⚠️ WebSocket可能断流（10秒无数据）
2026-04-24 21:19:20,300 | [余额同步] 本地模式，初始资金: 10000.0 U
2026-04-24 21:19:20,300 | [本地持仓监控] 无持仓 | 账户余额:10000.0 U | 预计开仓量:0.05
2026-04-24 21:19:23,277 | ⚠️ WebSocket可能断流（10秒无数据）
2026-04-24 21:19:24,181 | [WebSocket 错误] [SSL: UNEXPECTED_EOF_WHILE_READING] EOF occurred in violation of protocol (_ssl.c:1081)
2026-04-24 21:19:24,181 | [SSL: UNEXPECTED_EOF_WHILE_READING] EOF occurred in violation of protocol (_ssl.c:1081) - goodbye
2026-04-24 21:19:24,182 | [WebSocket] 断开，自动重连中...
2026-04-24 21:19:28,277 | ⚠️ WebSocket可能断流（10秒无数据）
2026-04-24 21:19:28,301 | [余额同步] 本地模式，初始资金: 10000.0 U
2026-04-24 21:19:28,301 | [本地持仓监控] 无持仓 | 账户余额:10000.0 U | 预计开仓量:0.05
2026-04-24 21:19:33,279 | ⚠️ WebSocket可能断流（10秒无数据）
2026-04-24 21:19:36,302 | [余额同步] 本地模式，初始资金: 10000.0 U
2026-04-24 21:19:36,302 | [本地持仓监控] 无持仓 | 账户余额:10000.0 U | 预计开仓量:0.05
2026-04-24 21:19:38,280 | ⚠️ WebSocket可能断流（10秒无数据）
2026-04-24 21:19:43,281 | ⚠️ WebSocket可能断流（10秒无数据）
2026-04-24 21:19:44,302 | [余额同步] 本地模式，初始资金: 10000.0 U
2026-04-24 21:19:44,302 | [本地持仓监控] 无持仓 | 账户余额:10000.0 U | 预计开仓量:0.05
2026-04-24 21:19:48,282 | ⚠️ WebSocket可能断流（10秒无数据）
2026-04-24 21:19:52,303 | [余额同步] 本地模式，初始资金: 10000.0 U
2026-04-24 21:19:52,303 | [本地持仓监控] 无持仓 | 账户余额:10000.0 U | 预计开仓量:0.05
2026-04-24 21:19:53,283 | ⚠️ WebSocket可能断流（10秒无数据）
2026-04-24 21:19:58,283 | ⚠️ WebSocket可能断流（10秒无数据）
2026-04-24 21:20:00,303 | [余额同步] 本地模式，初始资金: 10000.0 U
2026-04-24 21:20:00,303 | [本地持仓监控] 无持仓 | 账户余额:10000.0 U | 预计开仓量:0.05
2026-04-24 21:20:03,309 | ⚠️ WebSocket可能断流（10秒无数据）
2026-04-24 21:20:08,304 | [余额同步] 本地模式，初始资金: 10000.0 U
2026-04-24 21:20:08,304 | [本地持仓监控] 无持仓 | 账户余额:10000.0 U | 预计开仓量:0.05
2026-04-24 21:20:08,310 | ⚠️ WebSocket可能断流（10秒无数据）
2026-04-24 21:20:13,310 | ⚠️ WebSocket可能断流（10秒无数据）
2026-04-24 21:20:16,305 | [余额同步] 本地模式，初始资金: 10000.0 U
2026-04-24 21:20:16,305 | [本地持仓监控] 无持仓 | 账户余额:10000.0 U | 预计开仓量:0.05
2026-04-24 21:20:18,311 | ⚠️ WebSocket可能断流（10秒无数据）
2026-04-24 21:20:23,311 | ⚠️ WebSocket可能断流（10秒无数据）
2026-04-24 21:20:24,306 | [余额同步] 本地模式，初始资金: 10000.0 U
2026-04-24 21:20:24,306 | [本地持仓监控] 无持仓 | 账户余额:10000.0 U | 预计开仓量:0.05
2026-04-24 21:20:28,312 | ⚠️ WebSocket可能断流（10秒无数据）
2026-04-24 21:20:32,306 | [余额同步] 本地模式，初始资金: 10000.0 U
2026-04-24 21:20:32,306 | [本地持仓监控] 无持仓 | 账户余额:10000.0 U | 预计开仓量:0.05
2026-04-24 21:20:33,312 | ⚠️ WebSocket可能断流（10秒无数据）
2026-04-24 21:20:36,387 | [WebSocket 错误] [SSL: UNEXPECTED_EOF_WHILE_READING] EOF occurred in violation of protocol (_ssl.c:1081)
2026-04-24 21:20:36,387 | [SSL: UNEXPECTED_EOF_WHILE_READING] EOF occurred in violation of protocol (_ssl.c:1081) - goodbye
2026-04-24 21:20:36,387 | [WebSocket] 断开，自动重连中...
2026-04-24 21:20:38,315 | ⚠️ WebSocket可能断流（10秒无数据）
2026-04-24 21:20:40,311 | [余额同步] 本地模式，初始资金: 10000.0 U
2026-04-24 21:20:40,311 | [本地持仓监控] 无持仓 | 账户余额:10000.0 U | 预计开仓量:0.05
2026-04-24 21:20:43,317 | ⚠️ WebSocket可能断流（10秒无数据）
2026-04-24 21:20:48,312 | [余额同步] 本地模式，初始资金: 10000.0 U
2026-04-24 21:20:48,312 | [本地持仓监控] 无持仓 | 账户余额:10000.0 U | 预计开仓量:0.05
2026-04-24 21:20:48,317 | ⚠️ WebSocket可能断流（10秒无数据）
2026-04-24 21:20:48,681 | [程序退出]
