2026-04-24 14:29:01,596 | ======================================
2026-04-24 14:29:01,597 |  V23 流动性剃头皮策略 (防卡死+防幽灵+防抢跑增强版) 启动成功
2026-04-24 14:29:01,597 |  当前运行模式: 本地撮合 (测试网行情)
2026-04-24 14:29:01,597 |  策略: 流动性+Sweep+区间评分 | 启动盈利:0.01% | 止损:2.5% | 区间有效期:动态ATR自适应
2026-04-24 14:29:01,597 | ======================================
2026-04-24 14:29:03,145 | [时间同步] 完成
2026-04-24 14:29:03,151 | [历史K线] 正在拉取初始1分钟和15分钟K线数据...
2026-04-24 14:29:04,564 | [历史K线] 成功加载 14 根 1分钟K线
2026-04-24 14:29:05,894 | [历史K线] 成功加载 2 根 15分钟K线
2026-04-24 14:29:05,894 | [余额同步] 本地模式，初始资金: 10000.0 U
2026-04-24 14:29:05,894 | [本地持仓] None
2026-04-24 14:29:05,895 | [余额同步] 本地模式，初始资金: 10000.0 U
2026-04-24 14:29:05,895 | [账户监控] 无持仓
2026-04-24 14:29:07,551 | Websocket connected
2026-04-24 14:29:07,552 | [WebSocket] 连接成功 ✅ (模式: 本地撮合-测试网行情)
2026-04-24 14:29:07,553 | [状态校准] 正在重新同步持仓与余额，清理幽灵状态...
2026-04-24 14:29:07,553 | [本地持仓] None
2026-04-24 14:29:08,053 | [余额同步] 本地模式，初始资金: 10000.0 U
2026-04-24 14:29:08,414 | [WebSocket] 行情订阅成功 ✅
2026-04-24 14:29:13,896 | [余额同步] 本地模式，初始资金: 10000.0 U
2026-04-24 14:29:13,896 | [账户监控] 无持仓
2026-04-24 14:29:21,896 | [余额同步] 本地模式，初始资金: 10000.0 U
2026-04-24 14:29:21,896 | [账户监控] 无持仓
2026-04-24 14:29:29,897 | [余额同步] 本地模式，初始资金: 10000.0 U
2026-04-24 14:29:29,897 | [账户监控] 无持仓
2026-04-24 14:29:37,897 | [余额同步] 本地模式，初始资金: 10000.0 U
2026-04-24 14:29:37,897 | [账户监控] 无持仓
2026-04-24 14:29:40,899 | ⚠️ aggTrade行情断流33秒！但底层连接存活，继续观察不重连...
2026-04-24 14:29:45,898 | [余额同步] 本地模式，初始资金: 10000.0 U
2026-04-24 14:29:45,898 | [账户监控] 无持仓
2026-04-24 14:29:45,899 | ⚠️ aggTrade行情断流38秒！但底层连接存活，继续观察不重连...
2026-04-24 14:29:50,899 | ⚠️ aggTrade行情断流43秒！但底层连接存活，继续观察不重连...
2026-04-24 14:29:53,900 | [余额同步] 本地模式，初始资金: 10000.0 U
2026-04-24 14:29:53,900 | [账户监控] 无持仓
2026-04-24 14:29:55,902 | ⚠️ aggTrade行情断流48秒！但底层连接存活，继续观察不重连...
2026-04-24 14:30:00,903 | ⚠️ aggTrade行情断流53秒！但底层连接存活，继续观察不重连...
2026-04-24 14:30:01,901 | [余额同步] 本地模式，初始资金: 10000.0 U
2026-04-24 14:30:01,901 | [账户监控] 无持仓
2026-04-24 14:30:05,903 | ⚠️ aggTrade行情断流58秒！但底层连接存活，继续观察不重连...
2026-04-24 14:30:09,902 | [余额同步] 本地模式，初始资金: 10000.0 U
2026-04-24 14:30:09,902 | [账户监控] 无持仓
2026-04-24 14:30:10,903 | ⚠️ aggTrade行情断流63秒！但底层连接存活，继续观察不重连...
2026-04-24 14:30:15,904 | ⚠️ aggTrade行情断流68秒！但底层连接存活，继续观察不重连...
2026-04-24 14:30:17,902 | [余额同步] 本地模式，初始资金: 10000.0 U
2026-04-24 14:30:17,903 | [账户监控] 无持仓
2026-04-24 14:30:20,905 | ⚠️ aggTrade行情断流73秒！但底层连接存活，继续观察不重连...
2026-04-24 14:30:25,903 | [余额同步] 本地模式，初始资金: 10000.0 U
2026-04-24 14:30:25,904 | [账户监控] 无持仓
2026-04-24 14:30:25,905 | ⚠️ aggTrade行情断流78秒！但底层连接存活，继续观察不重连...
2026-04-24 14:30:30,906 | ⚠️ aggTrade行情断流83秒！但底层连接存活，继续观察不重连...
2026-04-24 14:30:33,904 | [余额同步] 本地模式，初始资金: 10000.0 U
2026-04-24 14:30:33,904 | [账户监控] 无持仓
2026-04-24 14:30:35,907 | ⚠️ aggTrade行情断流88秒！但底层连接存活，继续观察不重连...
2026-04-24 14:30:40,907 | ⚠️ aggTrade行情断流93秒！但底层连接存活，继续观察不重连...
2026-04-24 14:30:41,904 | [余额同步] 本地模式，初始资金: 10000.0 U
2026-04-24 14:30:41,904 | [账户监控] 无持仓
2026-04-24 14:30:45,907 | ⚠️ aggTrade行情断流98秒！但底层连接存活，继续观察不重连...
2026-04-24 14:30:49,905 | [余额同步] 本地模式，初始资金: 10000.0 U
2026-04-24 14:30:49,905 | [账户监控] 无持仓
2026-04-24 14:30:50,911 | ⚠️ aggTrade行情断流103秒！但底层连接存活，继续观察不重连...
2026-04-24 14:30:55,913 | ⚠️ aggTrade行情断流108秒！但底层连接存活，继续观察不重连...
2026-04-24 14:30:57,906 | [余额同步] 本地模式，初始资金: 10000.0 U
2026-04-24 14:30:57,906 | [账户监控] 无持仓
2026-04-24 14:31:00,915 | ⚠️ aggTrade行情断流113秒！但底层连接存活，继续观察不重连...
2026-04-24 14:31:05,907 | [余额同步] 本地模式，初始资金: 10000.0 U
2026-04-24 14:31:05,907 | [账户监控] 无持仓
2026-04-24 14:31:05,915 | ⚠️ aggTrade行情断流118秒！但底层连接存活，继续观察不重连...
2026-04-24 14:31:10,916 | ⚠️ aggTrade行情断流123秒！但底层连接存活，继续观察不重连...
2026-04-24 14:31:13,907 | [余额同步] 本地模式，初始资金: 10000.0 U
2026-04-24 14:31:13,907 | [账户监控] 无持仓
2026-04-24 14:31:15,917 | ⚠️ aggTrade行情断流128秒！但底层连接存活，继续观察不重连...
2026-04-24 14:31:20,917 | ⚠️ aggTrade行情断流133秒！但底层连接存活，继续观察不重连...
2026-04-24 14:31:21,908 | [余额同步] 本地模式，初始资金: 10000.0 U
2026-04-24 14:31:21,908 | [账户监控] 无持仓
2026-04-24 14:31:25,918 | ⚠️ aggTrade行情断流138秒！但底层连接存活，继续观察不重连...
2026-04-24 14:31:29,909 | [余额同步] 本地模式，初始资金: 10000.0 U
2026-04-24 14:31:29,909 | [账户监控] 无持仓
2026-04-24 14:31:30,918 | ⚠️ aggTrade行情断流143秒！但底层连接存活，继续观察不重连...
2026-04-24 14:31:35,919 | ⚠️ aggTrade行情断流148秒！但底层连接存活，继续观察不重连...
2026-04-24 14:31:37,909 | [余额同步] 本地模式，初始资金: 10000.0 U
2026-04-24 14:31:37,909 | [账户监控] 无持仓
2026-04-24 14:31:40,919 | ⚠️ aggTrade行情断流153秒！但底层连接存活，继续观察不重连...
2026-04-24 14:31:45,910 | [余额同步] 本地模式，初始资金: 10000.0 U
2026-04-24 14:31:45,910 | [账户监控] 无持仓
2026-04-24 14:31:45,920 | ⚠️ aggTrade行情断流158秒！但底层连接存活，继续观察不重连...
2026-04-24 14:31:50,920 | ⚠️ aggTrade行情断流163秒！但底层连接存活，继续观察不重连...
2026-04-24 14:31:53,910 | [余额同步] 本地模式，初始资金: 10000.0 U
2026-04-24 14:31:53,911 | [账户监控] 无持仓
2026-04-24 14:31:55,920 | ⚠️ aggTrade行情断流168秒！但底层连接存活，继续观察不重连...
2026-04-24 14:32:00,921 | ⚠️ aggTrade行情断流173秒！但底层连接存活，继续观察不重连...
2026-04-24 14:32:01,911 | [余额同步] 本地模式，初始资金: 10000.0 U
2026-04-24 14:32:01,911 | [账户监控] 无持仓
2026-04-24 14:32:05,922 | ⚠️ aggTrade行情断流178秒！但底层连接存活，继续观察不重连...
2026-04-24 14:32:09,911 | [余额同步] 本地模式，初始资金: 10000.0 U
2026-04-24 14:32:09,912 | [账户监控] 无持仓
2026-04-24 14:32:10,923 | ⚠️ aggTrade行情断流183秒！但底层连接存活，继续观察不重连...
2026-04-24 14:32:15,923 | ⚠️ aggTrade行情断流188秒！但底层连接存活，继续观察不重连...
2026-04-24 14:32:17,913 | [余额同步] 本地模式，初始资金: 10000.0 U
2026-04-24 14:32:17,914 | [账户监控] 无持仓
2026-04-24 14:32:20,923 | ⚠️ aggTrade行情断流193秒！但底层连接存活，继续观察不重连...
2026-04-24 14:32:21,661 | [程序退出]
