2026-04-24 14:16:33,228 | ======================================
2026-04-24 14:16:33,228 |  V23 流动性剃头皮策略 (防卡死+防幽灵+防抢跑增强版) 启动成功
2026-04-24 14:16:33,228 |  当前运行模式: 本地撮合 (测试网行情)
2026-04-24 14:16:33,228 |  策略: 流动性+Sweep+区间评分 | 启动盈利:0.01% | 止损:2.5% | 区间有效期:动态ATR自适应
2026-04-24 14:16:33,228 | ======================================
2026-04-24 14:16:34,510 | [时间同步] 完成
2026-04-24 14:16:34,511 | [历史K线] 正在拉取初始1分钟和15分钟K线数据...
2026-04-24 14:16:35,843 | [历史K线] 成功加载 14 根 1分钟K线
2026-04-24 14:16:37,154 | [历史K线] 成功加载 2 根 15分钟K线
2026-04-24 14:16:37,165 | [余额同步] 本地模式，初始资金: 10000.0 U
2026-04-24 14:16:37,165 | [本地持仓] None
2026-04-24 14:16:37,167 | [余额同步] 本地模式，初始资金: 10000.0 U
2026-04-24 14:16:37,168 | [账户监控] 无持仓
2026-04-24 14:16:38,313 | Websocket connected
2026-04-24 14:16:38,313 | [WebSocket] 连接成功 ✅ (模式: 本地撮合-测试网行情)
2026-04-24 14:16:38,313 | [状态校准] 正在重新同步持仓与余额，清理幽灵状态...
2026-04-24 14:16:38,313 | [本地持仓] None
2026-04-24 14:16:38,814 | [余额同步] 本地模式，初始资金: 10000.0 U
2026-04-24 14:16:39,170 | [WebSocket] 行情订阅成功 ✅
2026-04-24 14:16:42,168 | 🚨 WS心跳正常，但aggTrade行情断流超过10秒！可能TCP假死，强制重连！
2026-04-24 14:16:42,248 | [WebSocket] 断开，自动重连中...
2026-04-24 14:16:43,670 | Websocket connected
2026-04-24 14:16:43,671 | [WebSocket] 连接成功 ✅ (模式: 本地撮合-测试网行情)
2026-04-24 14:16:43,671 | [状态校准] 正在重新同步持仓与余额，清理幽灵状态...
2026-04-24 14:16:43,671 | [本地持仓] None
2026-04-24 14:16:44,172 | [余额同步] 本地模式，初始资金: 10000.0 U
2026-04-24 14:16:45,144 | [WebSocket] 行情订阅成功 ✅
2026-04-24 14:16:45,168 | [余额同步] 本地模式，初始资金: 10000.0 U
2026-04-24 14:16:45,168 | [账户监控] 无持仓
2026-04-24 14:16:52,476 | 🚨 WS心跳正常，但aggTrade行情断流超过10秒！可能TCP假死，强制重连！
2026-04-24 14:16:52,501 | [WebSocket] 断开，自动重连中...
2026-04-24 14:16:53,169 | [余额同步] 本地模式，初始资金: 10000.0 U
2026-04-24 14:16:53,169 | [账户监控] 无持仓
2026-04-24 14:16:53,650 | Websocket connected
2026-04-24 14:16:53,650 | [WebSocket] 连接成功 ✅ (模式: 本地撮合-测试网行情)
2026-04-24 14:16:53,650 | [状态校准] 正在重新同步持仓与余额，清理幽灵状态...
2026-04-24 14:16:53,650 | [本地持仓] None
2026-04-24 14:16:54,151 | [余额同步] 本地模式，初始资金: 10000.0 U
2026-04-24 14:16:54,452 | [WebSocket] 行情订阅成功 ✅
2026-04-24 14:17:01,169 | [余额同步] 本地模式，初始资金: 10000.0 U
2026-04-24 14:17:01,169 | [账户监控] 无持仓
2026-04-24 14:17:02,852 | 🚨 WS心跳正常，但aggTrade行情断流超过10秒！可能TCP假死，强制重连！
2026-04-24 14:17:02,929 | [WebSocket] 断开，自动重连中...
2026-04-24 14:17:04,089 | Websocket connected
2026-04-24 14:17:04,090 | [WebSocket] 连接成功 ✅ (模式: 本地撮合-测试网行情)
2026-04-24 14:17:04,090 | [状态校准] 正在重新同步持仓与余额，清理幽灵状态...
2026-04-24 14:17:04,090 | [本地持仓] None
2026-04-24 14:17:04,590 | [余额同步] 本地模式，初始资金: 10000.0 U
2026-04-24 14:17:04,912 | [WebSocket] 行情订阅成功 ✅
2026-04-24 14:17:09,170 | [余额同步] 本地模式，初始资金: 10000.0 U
2026-04-24 14:17:09,170 | [账户监控] 无持仓
2026-04-24 14:17:13,162 | 🚨 WS心跳正常，但aggTrade行情断流超过10秒！可能TCP假死，强制重连！
2026-04-24 14:17:13,256 | [WebSocket] 断开，自动重连中...
2026-04-24 14:17:14,415 | Websocket connected
2026-04-24 14:17:14,415 | [WebSocket] 连接成功 ✅ (模式: 本地撮合-测试网行情)
2026-04-24 14:17:14,415 | [状态校准] 正在重新同步持仓与余额，清理幽灵状态...
2026-04-24 14:17:14,415 | [本地持仓] None
2026-04-24 14:17:14,916 | [余额同步] 本地模式，初始资金: 10000.0 U
2026-04-24 14:17:15,234 | [WebSocket] 行情订阅成功 ✅
2026-04-24 14:17:17,171 | [余额同步] 本地模式，初始资金: 10000.0 U
2026-04-24 14:17:17,171 | [账户监控] 无持仓
2026-04-24 14:17:23,528 | 🚨 WS心跳正常，但aggTrade行情断流超过10秒！可能TCP假死，强制重连！
2026-04-24 14:17:23,594 | [WebSocket] 断开，自动重连中...
2026-04-24 14:17:24,726 | Websocket connected
2026-04-24 14:17:24,726 | [WebSocket] 连接成功 ✅ (模式: 本地撮合-测试网行情)
2026-04-24 14:17:24,726 | [状态校准] 正在重新同步持仓与余额，清理幽灵状态...
2026-04-24 14:17:24,727 | [本地持仓] None
2026-04-24 14:17:25,171 | [余额同步] 本地模式，初始资金: 10000.0 U
2026-04-24 14:17:25,172 | [账户监控] 无持仓
2026-04-24 14:17:25,227 | [余额同步] 本地模式，初始资金: 10000.0 U
2026-04-24 14:17:25,532 | [WebSocket] 行情订阅成功 ✅
2026-04-24 14:17:33,173 | [余额同步] 本地模式，初始资金: 10000.0 U
2026-04-24 14:17:33,173 | [账户监控] 无持仓
2026-04-24 14:17:33,851 | 🚨 WS心跳正常，但aggTrade行情断流超过10秒！可能TCP假死，强制重连！
2026-04-24 14:17:33,872 | [WebSocket] 断开，自动重连中...
2026-04-24 14:17:35,019 | Websocket connected
2026-04-24 14:17:35,019 | [WebSocket] 连接成功 ✅ (模式: 本地撮合-测试网行情)
2026-04-24 14:17:35,019 | [状态校准] 正在重新同步持仓与余额，清理幽灵状态...
2026-04-24 14:17:35,020 | [本地持仓] None
2026-04-24 14:17:35,520 | [余额同步] 本地模式，初始资金: 10000.0 U
2026-04-24 14:17:35,880 | [WebSocket] 行情订阅成功 ✅
2026-04-24 14:17:41,173 | [余额同步] 本地模式，初始资金: 10000.0 U
2026-04-24 14:17:41,174 | [账户监控] 无持仓
2026-04-24 14:17:44,145 | 🚨 WS心跳正常，但aggTrade行情断流超过10秒！可能TCP假死，强制重连！
2026-04-24 14:17:44,246 | [WebSocket] 断开，自动重连中...
2026-04-24 14:17:45,414 | Websocket connected
2026-04-24 14:17:45,415 | [WebSocket] 连接成功 ✅ (模式: 本地撮合-测试网行情)
2026-04-24 14:17:45,415 | [状态校准] 正在重新同步持仓与余额，清理幽灵状态...
2026-04-24 14:17:45,415 | [本地持仓] None
2026-04-24 14:17:45,915 | [余额同步] 本地模式，初始资金: 10000.0 U
2026-04-24 14:17:46,289 | [WebSocket] 行情订阅成功 ✅
2026-04-24 14:17:49,174 | [余额同步] 本地模式，初始资金: 10000.0 U
2026-04-24 14:17:49,174 | [账户监控] 无持仓
2026-04-24 14:17:54,494 | 🚨 WS心跳正常，但aggTrade行情断流超过10秒！可能TCP假死，强制重连！
2026-04-24 14:17:54,516 | [WebSocket] 断开，自动重连中...
2026-04-24 14:17:55,660 | Websocket connected
2026-04-24 14:17:55,660 | [WebSocket] 连接成功 ✅ (模式: 本地撮合-测试网行情)
2026-04-24 14:17:55,660 | [状态校准] 正在重新同步持仓与余额，清理幽灵状态...
2026-04-24 14:17:55,660 | [本地持仓] None
2026-04-24 14:17:56,161 | [余额同步] 本地模式，初始资金: 10000.0 U
2026-04-24 14:17:56,507 | [WebSocket] 行情订阅成功 ✅
2026-04-24 14:17:57,175 | [余额同步] 本地模式，初始资金: 10000.0 U
2026-04-24 14:17:57,175 | [账户监控] 无持仓
2026-04-24 14:18:04,801 | 🚨 WS心跳正常，但aggTrade行情断流超过10秒！可能TCP假死，强制重连！
2026-04-24 14:18:04,883 | [WebSocket] 断开，自动重连中...
2026-04-24 14:18:05,175 | [余额同步] 本地模式，初始资金: 10000.0 U
2026-04-24 14:18:05,176 | [账户监控] 无持仓
2026-04-24 14:18:06,075 | Websocket connected
2026-04-24 14:18:06,076 | [WebSocket] 连接成功 ✅ (模式: 本地撮合-测试网行情)
2026-04-24 14:18:06,076 | [状态校准] 正在重新同步持仓与余额，清理幽灵状态...
2026-04-24 14:18:06,076 | [本地持仓] None
2026-04-24 14:18:06,577 | [余额同步] 本地模式，初始资金: 10000.0 U
2026-04-24 14:18:06,931 | [WebSocket] 行情订阅成功 ✅
2026-04-24 14:18:13,176 | [余额同步] 本地模式，初始资金: 10000.0 U
2026-04-24 14:18:13,176 | [账户监控] 无持仓
2026-04-24 14:18:15,119 | 🚨 WS心跳正常，但aggTrade行情断流超过10秒！可能TCP假死，强制重连！
2026-04-24 14:18:15,181 | [WebSocket] 断开，自动重连中...
2026-04-24 14:18:16,307 | Websocket connected
2026-04-24 14:18:16,308 | [WebSocket] 连接成功 ✅ (模式: 本地撮合-测试网行情)
2026-04-24 14:18:16,309 | [状态校准] 正在重新同步持仓与余额，清理幽灵状态...
2026-04-24 14:18:16,309 | [本地持仓] None
2026-04-24 14:18:16,810 | [余额同步] 本地模式，初始资金: 10000.0 U
2026-04-24 14:18:17,152 | [WebSocket] 行情订阅成功 ✅
2026-04-24 14:18:21,177 | [余额同步] 本地模式，初始资金: 10000.0 U
2026-04-24 14:18:21,177 | [账户监控] 无持仓
2026-04-24 14:18:25,447 | 🚨 WS心跳正常，但aggTrade行情断流超过10秒！可能TCP假死，强制重连！
2026-04-24 14:18:25,505 | [WebSocket] 断开，自动重连中...
2026-04-24 14:18:26,652 | Websocket connected
2026-04-24 14:18:26,653 | [WebSocket] 连接成功 ✅ (模式: 本地撮合-测试网行情)
2026-04-24 14:18:26,653 | [状态校准] 正在重新同步持仓与余额，清理幽灵状态...
2026-04-24 14:18:26,653 | [本地持仓] None
2026-04-24 14:18:27,153 | [余额同步] 本地模式，初始资金: 10000.0 U
2026-04-24 14:18:27,511 | [WebSocket] 行情订阅成功 ✅
2026-04-24 14:18:29,178 | [余额同步] 本地模式，初始资金: 10000.0 U
2026-04-24 14:18:29,178 | [账户监控] 无持仓
2026-04-24 14:18:35,767 | 🚨 WS心跳正常，但aggTrade行情断流超过10秒！可能TCP假死，强制重连！
2026-04-24 14:18:35,858 | [WebSocket] 断开，自动重连中...
2026-04-24 14:18:37,015 | Websocket connected
2026-04-24 14:18:37,015 | [WebSocket] 连接成功 ✅ (模式: 本地撮合-测试网行情)
2026-04-24 14:18:37,015 | [状态校准] 正在重新同步持仓与余额，清理幽灵状态...
2026-04-24 14:18:37,015 | [本地持仓] None
2026-04-24 14:18:37,178 | [余额同步] 本地模式，初始资金: 10000.0 U
2026-04-24 14:18:37,178 | [账户监控] 无持仓
2026-04-24 14:18:37,516 | [余额同步] 本地模式，初始资金: 10000.0 U
2026-04-24 14:18:37,846 | [WebSocket] 行情订阅成功 ✅
2026-04-24 14:18:45,179 | [余额同步] 本地模式，初始资金: 10000.0 U
2026-04-24 14:18:45,179 | [账户监控] 无持仓
2026-04-24 14:18:46,123 | 🚨 WS心跳正常，但aggTrade行情断流超过10秒！可能TCP假死，强制重连！
2026-04-24 14:18:46,214 | [WebSocket] 断开，自动重连中...
2026-04-24 14:18:47,403 | Websocket connected
2026-04-24 14:18:47,404 | [WebSocket] 连接成功 ✅ (模式: 本地撮合-测试网行情)
2026-04-24 14:18:47,404 | [状态校准] 正在重新同步持仓与余额，清理幽灵状态...
2026-04-24 14:18:47,404 | [本地持仓] None
2026-04-24 14:18:47,905 | [余额同步] 本地模式，初始资金: 10000.0 U
2026-04-24 14:18:48,247 | [WebSocket] 行情订阅成功 ✅
2026-04-24 14:18:53,180 | [余额同步] 本地模式，初始资金: 10000.0 U
2026-04-24 14:18:53,180 | [账户监控] 无持仓
2026-04-24 14:18:56,459 | 🚨 WS心跳正常，但aggTrade行情断流超过10秒！可能TCP假死，强制重连！
2026-04-24 14:18:56,561 | [WebSocket] 断开，自动重连中...
2026-04-24 14:18:57,729 | Websocket connected
2026-04-24 14:18:57,730 | [WebSocket] 连接成功 ✅ (模式: 本地撮合-测试网行情)
2026-04-24 14:18:57,730 | [状态校准] 正在重新同步持仓与余额，清理幽灵状态...
2026-04-24 14:18:57,730 | [本地持仓] None
2026-04-24 14:18:58,230 | [余额同步] 本地模式，初始资金: 10000.0 U
2026-04-24 14:18:58,539 | [WebSocket] 行情订阅成功 ✅
2026-04-24 14:19:01,180 | [余额同步] 本地模式，初始资金: 10000.0 U
2026-04-24 14:19:01,180 | [账户监控] 无持仓
2026-04-24 14:19:06,761 | 🚨 WS心跳正常，但aggTrade行情断流超过10秒！可能TCP假死，强制重连！
2026-04-24 14:19:06,858 | [WebSocket] 断开，自动重连中...
2026-04-24 14:19:08,034 | Websocket connected
2026-04-24 14:19:08,034 | [WebSocket] 连接成功 ✅ (模式: 本地撮合-测试网行情)
2026-04-24 14:19:08,034 | [状态校准] 正在重新同步持仓与余额，清理幽灵状态...
2026-04-24 14:19:08,034 | [本地持仓] None
2026-04-24 14:19:08,534 | [余额同步] 本地模式，初始资金: 10000.0 U
2026-04-24 14:19:08,842 | [WebSocket] 行情订阅成功 ✅
2026-04-24 14:19:09,180 | [余额同步] 本地模式，初始资金: 10000.0 U
2026-04-24 14:19:09,180 | [账户监控] 无持仓
2026-04-24 14:19:17,051 | 🚨 WS心跳正常，但aggTrade行情断流超过10秒！可能TCP假死，强制重连！
2026-04-24 14:19:17,120 | [WebSocket] 断开，自动重连中...
2026-04-24 14:19:17,181 | [余额同步] 本地模式，初始资金: 10000.0 U
2026-04-24 14:19:17,181 | [账户监控] 无持仓
2026-04-24 14:19:18,331 | Websocket connected
2026-04-24 14:19:18,331 | [WebSocket] 连接成功 ✅ (模式: 本地撮合-测试网行情)
2026-04-24 14:19:18,331 | [状态校准] 正在重新同步持仓与余额，清理幽灵状态...
2026-04-24 14:19:18,331 | [本地持仓] None
2026-04-24 14:19:18,832 | [余额同步] 本地模式，初始资金: 10000.0 U
2026-04-24 14:19:19,171 | [WebSocket] 行情订阅成功 ✅
2026-04-24 14:19:25,181 | [余额同步] 本地模式，初始资金: 10000.0 U
2026-04-24 14:19:25,182 | [账户监控] 无持仓
2026-04-24 14:19:27,357 | 🚨 WS心跳正常，但aggTrade行情断流超过10秒！可能TCP假死，强制重连！
2026-04-24 14:19:27,399 | [WebSocket] 断开，自动重连中...
2026-04-24 14:19:28,543 | Websocket connected
2026-04-24 14:19:28,544 | [WebSocket] 连接成功 ✅ (模式: 本地撮合-测试网行情)
2026-04-24 14:19:28,545 | [状态校准] 正在重新同步持仓与余额，清理幽灵状态...
2026-04-24 14:19:28,545 | [本地持仓] None
2026-04-24 14:19:29,045 | [余额同步] 本地模式，初始资金: 10000.0 U
2026-04-24 14:19:29,417 | [WebSocket] 行情订阅成功 ✅
2026-04-24 14:19:33,182 | [余额同步] 本地模式，初始资金: 10000.0 U
2026-04-24 14:19:33,183 | [账户监控] 无持仓
2026-04-24 14:19:37,684 | 🚨 WS心跳正常，但aggTrade行情断流超过10秒！可能TCP假死，强制重连！
2026-04-24 14:19:37,686 | [WebSocket] 断开，自动重连中...
2026-04-24 14:19:38,845 | Websocket connected
2026-04-24 14:19:38,845 | [WebSocket] 连接成功 ✅ (模式: 本地撮合-测试网行情)
2026-04-24 14:19:38,845 | [状态校准] 正在重新同步持仓与余额，清理幽灵状态...
2026-04-24 14:19:38,845 | [本地持仓] None
2026-04-24 14:19:39,345 | [余额同步] 本地模式，初始资金: 10000.0 U
2026-04-24 14:19:39,684 | [WebSocket] 行情订阅成功 ✅
2026-04-24 14:19:41,183 | [余额同步] 本地模式，初始资金: 10000.0 U
2026-04-24 14:19:41,183 | [账户监控] 无持仓
2026-04-24 14:19:48,027 | 🚨 WS心跳正常，但aggTrade行情断流超过10秒！可能TCP假死，强制重连！
2026-04-24 14:19:48,042 | [WebSocket] 断开，自动重连中...
2026-04-24 14:19:49,176 | Websocket connected
2026-04-24 14:19:49,176 | [WebSocket] 连接成功 ✅ (模式: 本地撮合-测试网行情)
2026-04-24 14:19:49,176 | [状态校准] 正在重新同步持仓与余额，清理幽灵状态...
2026-04-24 14:19:49,176 | [本地持仓] None
2026-04-24 14:19:49,183 | [余额同步] 本地模式，初始资金: 10000.0 U
2026-04-24 14:19:49,183 | [账户监控] 无持仓
2026-04-24 14:19:49,677 | [余额同步] 本地模式，初始资金: 10000.0 U
2026-04-24 14:19:50,006 | [WebSocket] 行情订阅成功 ✅
2026-04-24 14:19:57,184 | [余额同步] 本地模式，初始资金: 10000.0 U
2026-04-24 14:19:57,184 | [账户监控] 无持仓
2026-04-24 14:19:58,861 | 🚨 WS心跳正常，但aggTrade行情断流超过10秒！可能TCP假死，强制重连！
2026-04-24 14:19:58,963 | [WebSocket] 断开，自动重连中...
2026-04-24 14:20:01,043 | Websocket connected
2026-04-24 14:20:01,044 | [WebSocket] 连接成功 ✅ (模式: 本地撮合-测试网行情)
2026-04-24 14:20:01,044 | [状态校准] 正在重新同步持仓与余额，清理幽灵状态...
2026-04-24 14:20:01,044 | [本地持仓] None
2026-04-24 14:20:01,549 | [余额同步] 本地模式，初始资金: 10000.0 U
2026-04-24 14:20:01,862 | [WebSocket] 行情订阅成功 ✅
2026-04-24 14:20:05,508 | [余额同步] 本地模式，初始资金: 10000.0 U
2026-04-24 14:20:05,509 | [账户监控] 无持仓
2026-04-24 14:20:09,939 | 🚨 WS心跳正常，但aggTrade行情断流超过10秒！可能TCP假死，强制重连！
2026-04-24 14:20:09,993 | [WebSocket] 断开，自动重连中...
2026-04-24 14:20:11,458 | Websocket connected
2026-04-24 14:20:11,459 | [WebSocket] 连接成功 ✅ (模式: 本地撮合-测试网行情)
2026-04-24 14:20:11,460 | [状态校准] 正在重新同步持仓与余额，清理幽灵状态...
2026-04-24 14:20:11,460 | [本地持仓] None
2026-04-24 14:20:11,960 | [余额同步] 本地模式，初始资金: 10000.0 U
2026-04-24 14:20:13,162 | [WebSocket] 行情订阅成功 ✅
2026-04-24 14:20:13,935 | [余额同步] 本地模式，初始资金: 10000.0 U
2026-04-24 14:20:14,478 | [账户监控] 无持仓
2026-04-24 14:20:20,376 | 🚨 WS心跳正常，但aggTrade行情断流超过10秒！可能TCP假死，强制重连！
2026-04-24 14:20:21,778 | [WebSocket] 断开，自动重连中...
2026-04-24 14:20:22,478 | [余额同步] 本地模式，初始资金: 10000.0 U
2026-04-24 14:20:22,478 | [账户监控] 无持仓
2026-04-24 14:20:23,501 | Websocket connected
2026-04-24 14:20:23,502 | [WebSocket] 连接成功 ✅ (模式: 本地撮合-测试网行情)
2026-04-24 14:20:23,502 | [状态校准] 正在重新同步持仓与余额，清理幽灵状态...
2026-04-24 14:20:23,502 | [本地持仓] None
2026-04-24 14:20:24,005 | [余额同步] 本地模式，初始资金: 10000.0 U
2026-04-24 14:20:24,336 | [WebSocket] 行情订阅成功 ✅
2026-04-24 14:20:30,479 | [余额同步] 本地模式，初始资金: 10000.0 U
2026-04-24 14:20:30,479 | [账户监控] 无持仓
2026-04-24 14:20:32,367 | 🚨 WS心跳正常，但aggTrade行情断流超过10秒！可能TCP假死，强制重连！
2026-04-24 14:20:32,453 | [WebSocket] 断开，自动重连中...
2026-04-24 14:20:33,607 | Websocket connected
2026-04-24 14:20:33,607 | [WebSocket] 连接成功 ✅ (模式: 本地撮合-测试网行情)
2026-04-24 14:20:33,607 | [状态校准] 正在重新同步持仓与余额，清理幽灵状态...
2026-04-24 14:20:33,607 | [本地持仓] None
2026-04-24 14:20:34,108 | [余额同步] 本地模式，初始资金: 10000.0 U
2026-04-24 14:20:34,446 | [WebSocket] 行情订阅成功 ✅
2026-04-24 14:20:38,480 | [余额同步] 本地模式，初始资金: 10000.0 U
2026-04-24 14:20:38,480 | [账户监控] 无持仓
2026-04-24 14:20:42,652 | 🚨 WS心跳正常，但aggTrade行情断流超过10秒！可能TCP假死，强制重连！
2026-04-24 14:20:42,741 | [WebSocket] 断开，自动重连中...
2026-04-24 14:20:43,920 | Websocket connected
2026-04-24 14:20:43,920 | [WebSocket] 连接成功 ✅ (模式: 本地撮合-测试网行情)
2026-04-24 14:20:43,921 | [状态校准] 正在重新同步持仓与余额，清理幽灵状态...
2026-04-24 14:20:43,921 | [本地持仓] None
2026-04-24 14:20:44,421 | [余额同步] 本地模式，初始资金: 10000.0 U
2026-04-24 14:20:44,799 | [WebSocket] 行情订阅成功 ✅
2026-04-24 14:20:46,481 | [余额同步] 本地模式，初始资金: 10000.0 U
2026-04-24 14:20:46,481 | [账户监控] 无持仓
2026-04-24 14:20:52,958 | 🚨 WS心跳正常，但aggTrade行情断流超过10秒！可能TCP假死，强制重连！
2026-04-24 14:20:53,004 | [WebSocket] 断开，自动重连中...
2026-04-24 14:20:54,176 | Websocket connected
2026-04-24 14:20:54,176 | [WebSocket] 连接成功 ✅ (模式: 本地撮合-测试网行情)
2026-04-24 14:20:54,176 | [状态校准] 正在重新同步持仓与余额，清理幽灵状态...
2026-04-24 14:20:54,176 | [本地持仓] None
2026-04-24 14:20:54,481 | [余额同步] 本地模式，初始资金: 10000.0 U
2026-04-24 14:20:54,481 | [账户监控] 无持仓
2026-04-24 14:20:54,676 | [余额同步] 本地模式，初始资金: 10000.0 U
2026-04-24 14:20:54,973 | [WebSocket] 行情订阅成功 ✅
2026-04-24 14:21:02,482 | [余额同步] 本地模式，初始资金: 10000.0 U
2026-04-24 14:21:02,482 | [账户监控] 无持仓
2026-04-24 14:21:03,315 | 🚨 WS心跳正常，但aggTrade行情断流超过10秒！可能TCP假死，强制重连！
2026-04-24 14:21:03,344 | [WebSocket] 断开，自动重连中...
2026-04-24 14:21:04,481 | Websocket connected
2026-04-24 14:21:04,481 | [WebSocket] 连接成功 ✅ (模式: 本地撮合-测试网行情)
2026-04-24 14:21:04,481 | [状态校准] 正在重新同步持仓与余额，清理幽灵状态...
2026-04-24 14:21:04,481 | [本地持仓] None
2026-04-24 14:21:04,982 | [余额同步] 本地模式，初始资金: 10000.0 U
2026-04-24 14:21:05,325 | [WebSocket] 行情订阅成功 ✅
2026-04-24 14:21:11,303 | [余额同步] 本地模式，初始资金: 10000.0 U
2026-04-24 14:21:11,304 | [账户监控] 无持仓
2026-04-24 14:21:13,686 | 🚨 WS心跳正常，但aggTrade行情断流超过10秒！可能TCP假死，强制重连！
2026-04-24 14:21:13,709 | [WebSocket] 断开，自动重连中...
2026-04-24 14:21:14,609 | [程序退出]
