2026-04-24 15:30:58,442 | ======================================
2026-04-24 15:30:58,442 |  V23 流动性剃头皮策略 (防卡死+防幽灵+防抢跑增强版) 启动成功
2026-04-24 15:30:58,442 |  当前运行模式: 本地撮合 (测试网行情)
2026-04-24 15:30:58,442 |  策略: 流动性+Sweep+区间评分 | 启动盈利:0.01% | 止损:2.5% | 区间有效期:动态ATR自适应
2026-04-24 15:30:58,442 | ======================================
2026-04-24 15:30:59,780 | [时间同步] 完成
2026-04-24 15:30:59,785 | [历史K线] 正在拉取初始1分钟和15分钟K线数据...
2026-04-24 15:31:01,116 | [历史K线] 成功加载 14 根 1分钟K线
2026-04-24 15:31:02,431 | [历史K线] 成功加载 2 根 15分钟K线
2026-04-24 15:31:02,432 | [余额同步] 本地模式，初始资金: 10000.0 U
2026-04-24 15:31:02,433 | [本地持仓] None
2026-04-24 15:31:02,440 | [余额同步] 本地模式，初始资金: 10000.0 U
2026-04-24 15:31:02,441 | [账户监控] 无持仓
2026-04-24 15:31:03,872 | Websocket connected
2026-04-24 15:31:03,873 | [WebSocket] 连接成功 ✅ (模式: 本地撮合-测试网行情)
2026-04-24 15:31:03,873 | [状态校准] 正在重新同步持仓与余额，清理幽灵状态...
2026-04-24 15:31:03,873 | [本地持仓] None
2026-04-24 15:31:04,373 | [余额同步] 本地模式，初始资金: 10000.0 U
2026-04-24 15:31:04,731 | [WebSocket] 行情订阅成功 ✅
2026-04-24 15:31:10,441 | [余额同步] 本地模式，初始资金: 10000.0 U
2026-04-24 15:31:10,441 | [账户监控] 无持仓
2026-04-24 15:31:18,442 | [余额同步] 本地模式，初始资金: 10000.0 U
2026-04-24 15:31:18,442 | [账户监控] 无持仓
2026-04-24 15:31:26,443 | [余额同步] 本地模式，初始资金: 10000.0 U
2026-04-24 15:31:26,443 | [账户监控] 无持仓
2026-04-24 15:31:34,443 | [余额同步] 本地模式，初始资金: 10000.0 U
2026-04-24 15:31:34,443 | [账户监控] 无持仓
2026-04-24 15:31:38,134 | ⚠️ aggTrade行情断流34秒！但底层连接存活，继续观察不重连...
2026-04-24 15:31:42,444 | [余额同步] 本地模式，初始资金: 10000.0 U
2026-04-24 15:31:42,444 | [账户监控] 无持仓
2026-04-24 15:31:43,134 | ⚠️ aggTrade行情断流39秒！但底层连接存活，继续观察不重连...
2026-04-24 15:31:48,136 | ⚠️ aggTrade行情断流44秒！但底层连接存活，继续观察不重连...
2026-04-24 15:31:50,447 | [余额同步] 本地模式，初始资金: 10000.0 U
2026-04-24 15:31:50,447 | [账户监控] 无持仓
2026-04-24 15:31:53,137 | ⚠️ aggTrade行情断流49秒！但底层连接存活，继续观察不重连...
2026-04-24 15:31:58,138 | ⚠️ aggTrade行情断流54秒！但底层连接存活，继续观察不重连...
2026-04-24 15:31:58,448 | [余额同步] 本地模式，初始资金: 10000.0 U
2026-04-24 15:31:58,448 | [账户监控] 无持仓
2026-04-24 15:32:03,138 | ⚠️ aggTrade行情断流59秒！但底层连接存活，继续观察不重连...
2026-04-24 15:32:06,448 | [余额同步] 本地模式，初始资金: 10000.0 U
2026-04-24 15:32:06,448 | [账户监控] 无持仓
2026-04-24 15:32:08,139 | ⚠️ aggTrade行情断流64秒！但底层连接存活，继续观察不重连...
2026-04-24 15:32:13,139 | ⚠️ aggTrade行情断流69秒！但底层连接存活，继续观察不重连...
2026-04-24 15:32:14,448 | [余额同步] 本地模式，初始资金: 10000.0 U
2026-04-24 15:32:14,448 | [账户监控] 无持仓
2026-04-24 15:32:18,139 | ⚠️ aggTrade行情断流74秒！但底层连接存活，继续观察不重连...
2026-04-24 15:32:22,449 | [余额同步] 本地模式，初始资金: 10000.0 U
2026-04-24 15:32:22,449 | [账户监控] 无持仓
2026-04-24 15:32:23,140 | ⚠️ aggTrade行情断流79秒！但底层连接存活，继续观察不重连...
2026-04-24 15:32:28,140 | ⚠️ aggTrade行情断流84秒！但底层连接存活，继续观察不重连...
2026-04-24 15:32:30,450 | [余额同步] 本地模式，初始资金: 10000.0 U
2026-04-24 15:32:30,450 | [账户监控] 无持仓
2026-04-24 15:32:33,142 | ⚠️ aggTrade行情断流89秒！但底层连接存活，继续观察不重连...
2026-04-24 15:32:38,142 | ⚠️ aggTrade行情断流94秒！但底层连接存活，继续观察不重连...
2026-04-24 15:32:38,451 | [余额同步] 本地模式，初始资金: 10000.0 U
2026-04-24 15:32:38,451 | [账户监控] 无持仓
2026-04-24 15:32:43,144 | ⚠️ aggTrade行情断流99秒！但底层连接存活，继续观察不重连...
2026-04-24 15:32:46,451 | [余额同步] 本地模式，初始资金: 10000.0 U
2026-04-24 15:32:46,451 | [账户监控] 无持仓
2026-04-24 15:32:48,145 | ⚠️ aggTrade行情断流104秒！但底层连接存活，继续观察不重连...
2026-04-24 15:32:53,145 | ⚠️ aggTrade行情断流109秒！但底层连接存活，继续观察不重连...
2026-04-24 15:32:54,452 | [余额同步] 本地模式，初始资金: 10000.0 U
2026-04-24 15:32:54,452 | [账户监控] 无持仓
2026-04-24 15:32:58,146 | ⚠️ aggTrade行情断流114秒！但底层连接存活，继续观察不重连...
2026-04-24 15:33:02,453 | [余额同步] 本地模式，初始资金: 10000.0 U
2026-04-24 15:33:02,453 | [账户监控] 无持仓
2026-04-24 15:33:03,147 | ⚠️ aggTrade行情断流119秒！但底层连接存活，继续观察不重连...
2026-04-24 15:33:08,147 | ⚠️ aggTrade行情断流124秒！但底层连接存活，继续观察不重连...
2026-04-24 15:33:10,454 | [余额同步] 本地模式，初始资金: 10000.0 U
2026-04-24 15:33:10,454 | [账户监控] 无持仓
2026-04-24 15:33:13,148 | ⚠️ aggTrade行情断流129秒！但底层连接存活，继续观察不重连...
2026-04-24 15:33:18,149 | ⚠️ aggTrade行情断流134秒！但底层连接存活，继续观察不重连...
2026-04-24 15:33:18,454 | [余额同步] 本地模式，初始资金: 10000.0 U
2026-04-24 15:33:18,454 | [账户监控] 无持仓
2026-04-24 15:33:23,150 | ⚠️ aggTrade行情断流139秒！但底层连接存活，继续观察不重连...
2026-04-24 15:33:26,454 | [余额同步] 本地模式，初始资金: 10000.0 U
2026-04-24 15:33:26,454 | [账户监控] 无持仓
2026-04-24 15:33:28,151 | ⚠️ aggTrade行情断流144秒！但底层连接存活，继续观察不重连...
2026-04-24 15:33:33,152 | ⚠️ aggTrade行情断流149秒！但底层连接存活，继续观察不重连...
2026-04-24 15:33:34,455 | [余额同步] 本地模式，初始资金: 10000.0 U
2026-04-24 15:33:34,455 | [账户监控] 无持仓
2026-04-24 15:33:38,153 | ⚠️ aggTrade行情断流154秒！但底层连接存活，继续观察不重连...
2026-04-24 15:33:42,456 | [余额同步] 本地模式，初始资金: 10000.0 U
2026-04-24 15:33:42,456 | [账户监控] 无持仓
2026-04-24 15:33:43,153 | ⚠️ aggTrade行情断流159秒！但底层连接存活，继续观察不重连...
2026-04-24 15:33:48,155 | ⚠️ aggTrade行情断流164秒！但底层连接存活，继续观察不重连...
2026-04-24 15:33:50,456 | [余额同步] 本地模式，初始资金: 10000.0 U
2026-04-24 15:33:50,456 | [账户监控] 无持仓
2026-04-24 15:33:53,155 | ⚠️ aggTrade行情断流169秒！但底层连接存活，继续观察不重连...
2026-04-24 15:33:58,156 | ⚠️ aggTrade行情断流174秒！但底层连接存活，继续观察不重连...
2026-04-24 15:33:58,457 | [余额同步] 本地模式，初始资金: 10000.0 U
2026-04-24 15:33:58,457 | [账户监控] 无持仓
2026-04-24 15:34:03,157 | ⚠️ aggTrade行情断流179秒！但底层连接存活，继续观察不重连...
2026-04-24 15:34:06,458 | [余额同步] 本地模式，初始资金: 10000.0 U
2026-04-24 15:34:06,458 | [账户监控] 无持仓
2026-04-24 15:34:08,157 | ⚠️ aggTrade行情断流184秒！但底层连接存活，继续观察不重连...
2026-04-24 15:34:13,158 | ⚠️ aggTrade行情断流189秒！但底层连接存活，继续观察不重连...
2026-04-24 15:34:14,459 | [余额同步] 本地模式，初始资金: 10000.0 U
2026-04-24 15:34:14,459 | [账户监控] 无持仓
2026-04-24 15:34:18,163 | ⚠️ aggTrade行情断流194秒！但底层连接存活，继续观察不重连...
2026-04-24 15:34:22,459 | [余额同步] 本地模式，初始资金: 10000.0 U
2026-04-24 15:34:22,459 | [账户监控] 无持仓
2026-04-24 15:34:23,163 | ⚠️ aggTrade行情断流199秒！但底层连接存活，继续观察不重连...
2026-04-24 15:34:28,164 | ⚠️ aggTrade行情断流204秒！但底层连接存活，继续观察不重连...
2026-04-24 15:34:30,460 | [余额同步] 本地模式，初始资金: 10000.0 U
2026-04-24 15:34:30,460 | [账户监控] 无持仓
2026-04-24 15:34:33,164 | ⚠️ aggTrade行情断流209秒！但底层连接存活，继续观察不重连...
2026-04-24 15:34:38,176 | ⚠️ aggTrade行情断流214秒！但底层连接存活，继续观察不重连...
2026-04-24 15:34:38,461 | [余额同步] 本地模式，初始资金: 10000.0 U
2026-04-24 15:34:38,461 | [账户监控] 无持仓
2026-04-24 15:34:43,179 | ⚠️ aggTrade行情断流219秒！但底层连接存活，继续观察不重连...
2026-04-24 15:34:46,462 | [余额同步] 本地模式，初始资金: 10000.0 U
2026-04-24 15:34:46,462 | [账户监控] 无持仓
2026-04-24 15:34:48,179 | ⚠️ aggTrade行情断流224秒！但底层连接存活，继续观察不重连...
2026-04-24 15:34:53,180 | ⚠️ aggTrade行情断流229秒！但底层连接存活，继续观察不重连...
2026-04-24 15:34:54,462 | [余额同步] 本地模式，初始资金: 10000.0 U
2026-04-24 15:34:54,462 | [账户监控] 无持仓
2026-04-24 15:34:58,180 | ⚠️ aggTrade行情断流234秒！但底层连接存活，继续观察不重连...
2026-04-24 15:35:02,463 | [余额同步] 本地模式，初始资金: 10000.0 U
2026-04-24 15:35:02,463 | [账户监控] 无持仓
2026-04-24 15:35:03,181 | ⚠️ aggTrade行情断流239秒！但底层连接存活，继续观察不重连...
2026-04-24 15:35:08,190 | ⚠️ aggTrade行情断流244秒！但底层连接存活，继续观察不重连...
2026-04-24 15:35:10,463 | [余额同步] 本地模式，初始资金: 10000.0 U
2026-04-24 15:35:10,464 | [账户监控] 无持仓
2026-04-24 15:35:13,190 | ⚠️ aggTrade行情断流249秒！但底层连接存活，继续观察不重连...
2026-04-24 15:35:18,191 | ⚠️ aggTrade行情断流254秒！但底层连接存活，继续观察不重连...
2026-04-24 15:35:18,465 | [余额同步] 本地模式，初始资金: 10000.0 U
2026-04-24 15:35:18,465 | [账户监控] 无持仓
2026-04-24 15:35:23,192 | ⚠️ aggTrade行情断流259秒！但底层连接存活，继续观察不重连...
2026-04-24 15:35:26,467 | [余额同步] 本地模式，初始资金: 10000.0 U
2026-04-24 15:35:26,467 | [账户监控] 无持仓
2026-04-24 15:35:28,193 | ⚠️ aggTrade行情断流264秒！但底层连接存活，继续观察不重连...
2026-04-24 15:35:33,193 | ⚠️ aggTrade行情断流269秒！但底层连接存活，继续观察不重连...
2026-04-24 15:35:34,468 | [余额同步] 本地模式，初始资金: 10000.0 U
2026-04-24 15:35:34,468 | [账户监控] 无持仓
2026-04-24 15:35:38,195 | ⚠️ aggTrade行情断流274秒！但底层连接存活，继续观察不重连...
2026-04-24 15:35:42,468 | [余额同步] 本地模式，初始资金: 10000.0 U
2026-04-24 15:35:42,468 | [账户监控] 无持仓
2026-04-24 15:35:43,197 | ⚠️ aggTrade行情断流279秒！但底层连接存活，继续观察不重连...
2026-04-24 15:35:48,198 | ⚠️ aggTrade行情断流284秒！但底层连接存活，继续观察不重连...
2026-04-24 15:35:50,469 | [余额同步] 本地模式，初始资金: 10000.0 U
2026-04-24 15:35:50,469 | [账户监控] 无持仓
2026-04-24 15:35:53,198 | ⚠️ aggTrade行情断流289秒！但底层连接存活，继续观察不重连...
2026-04-24 15:35:58,199 | ⚠️ aggTrade行情断流294秒！但底层连接存活，继续观察不重连...
2026-04-24 15:35:58,469 | [余额同步] 本地模式，初始资金: 10000.0 U
2026-04-24 15:35:58,469 | [账户监控] 无持仓
2026-04-24 15:36:03,199 | ⚠️ aggTrade行情断流299秒！但底层连接存活，继续观察不重连...
2026-04-24 15:36:06,470 | [余额同步] 本地模式，初始资金: 10000.0 U
2026-04-24 15:36:06,470 | [账户监控] 无持仓
2026-04-24 15:36:08,200 | ⚠️ aggTrade行情断流304秒！但底层连接存活，继续观察不重连...
2026-04-24 15:36:13,201 | ⚠️ aggTrade行情断流309秒！但底层连接存活，继续观察不重连...
2026-04-24 15:36:14,471 | [余额同步] 本地模式，初始资金: 10000.0 U
2026-04-24 15:36:14,471 | [账户监控] 无持仓
2026-04-24 15:36:18,230 | ⚠️ aggTrade行情断流314秒！但底层连接存活，继续观察不重连...
2026-04-24 15:36:22,471 | [余额同步] 本地模式，初始资金: 10000.0 U
2026-04-24 15:36:22,471 | [账户监控] 无持仓
2026-04-24 15:36:23,230 | ⚠️ aggTrade行情断流319秒！但底层连接存活，继续观察不重连...
2026-04-24 15:36:28,230 | ⚠️ aggTrade行情断流324秒！但底层连接存活，继续观察不重连...
2026-04-24 15:36:30,472 | [余额同步] 本地模式，初始资金: 10000.0 U
2026-04-24 15:36:30,472 | [账户监控] 无持仓
2026-04-24 15:36:33,231 | ⚠️ aggTrade行情断流329秒！但底层连接存活，继续观察不重连...
2026-04-24 15:36:38,232 | ⚠️ aggTrade行情断流334秒！但底层连接存活，继续观察不重连...
2026-04-24 15:36:38,472 | [余额同步] 本地模式，初始资金: 10000.0 U
2026-04-24 15:36:38,472 | [账户监控] 无持仓
2026-04-24 15:36:43,233 | ⚠️ aggTrade行情断流339秒！但底层连接存活，继续观察不重连...
2026-04-24 15:36:46,472 | [余额同步] 本地模式，初始资金: 10000.0 U
2026-04-24 15:36:46,473 | [账户监控] 无持仓
2026-04-24 15:36:48,233 | ⚠️ aggTrade行情断流344秒！但底层连接存活，继续观察不重连...
2026-04-24 15:36:48,807 | [程序退出]
