2026-04-10 21:59:07,108 | Imported existing <module 'comtypes.gen' from 'F:\\PRO_BTC\\.venv\\Lib\\site-packages\\comtypes\\gen\\__init__.py'>
2026-04-10 21:59:07,109 | Using writeable comtypes cache directory: 'F:\PRO_BTC\.venv\Lib\site-packages\comtypes\gen'
2026-04-10 21:59:07,609 | ======================================
2026-04-10 21:59:07,609 |         V18 官方合规版 启动成功
2026-04-10 21:59:07,609 | ======================================
2026-04-10 21:59:09,075 | [时间同步] 完成
2026-04-10 21:59:10,637 | [持仓] short | 数量:0.004 | 均价:72153.3
2026-04-10 21:59:12,332 | Websocket connected
2026-04-10 21:59:12,333 | [WebSocket] 连接成功 ✅
2026-04-10 21:59:12,463 | [持仓监控] short | 数量:0.004 | 价值:288.61U | 均价:72153.3 | 浮盈:0.00U | 杠杆:20.0x
2026-04-10 21:59:13,751 | [持仓] short | 数量:0.004 | 均价:72153.3
2026-04-10 21:59:14,167 | [WebSocket] 行情订阅成功 ✅
2026-04-10 21:59:14,186 | [价格] 72302.9
2026-04-10 21:59:22,284 | [持仓监控] short | 数量:0.004 | 价值:289.21U | 均价:72153.3 | 浮盈:-0.60U | 杠杆:20.0x
2026-04-10 21:59:25,654 | ⚠️ WebSocket可能断流（10秒无数据）
2026-04-10 21:59:30,655 | ⚠️ WebSocket可能断流（10秒无数据）
2026-04-10 21:59:32,028 | [持仓监控] short | 数量:0.004 | 价值:289.21U | 均价:72153.3 | 浮盈:-0.60U | 杠杆:20.0x
2026-04-10 21:59:35,655 | ⚠️ WebSocket可能断流（10秒无数据）
2026-04-10 21:59:40,656 | ⚠️ WebSocket可能断流（10秒无数据）
2026-04-10 21:59:41,902 | [持仓监控] short | 数量:0.004 | 价值:289.21U | 均价:72153.3 | 浮盈:-0.60U | 杠杆:20.0x
2026-04-10 21:59:45,657 | ⚠️ WebSocket可能断流（10秒无数据）
2026-04-10 21:59:50,657 | ⚠️ WebSocket可能断流（10秒无数据）
2026-04-10 21:59:51,630 | [持仓监控] short | 数量:0.004 | 价值:289.21U | 均价:72153.3 | 浮盈:-0.60U | 杠杆:20.0x
2026-04-10 21:59:53,040 | [程序退出]
