2026-04-24 14:41:54,745 | ======================================
2026-04-24 14:41:54,746 |  V23 流动性剃头皮策略 (防卡死+防幽灵+防抢跑增强版) 启动成功
2026-04-24 14:41:54,746 |  当前运行模式: 本地撮合 (测试网行情)
2026-04-24 14:41:54,746 |  策略: 流动性+Sweep+区间评分 | 启动盈利:0.01% | 止损:2.5% | 区间有效期:动态ATR自适应
2026-04-24 14:41:54,746 | ======================================
2026-04-24 14:41:56,026 | [时间同步] 完成
2026-04-24 14:41:56,027 | [历史K线] 正在拉取初始1分钟和15分钟K线数据...
2026-04-24 14:41:57,276 | [历史K线] 成功加载 14 根 1分钟K线
2026-04-24 14:41:58,585 | [历史K线] 成功加载 2 根 15分钟K线
2026-04-24 14:41:58,596 | [余额同步] 本地模式，初始资金: 10000.0 U
2026-04-24 14:41:58,596 | [本地持仓] None
2026-04-24 14:41:58,598 | [余额同步] 本地模式，初始资金: 10000.0 U
2026-04-24 14:41:58,598 | [账户监控] 无持仓
2026-04-24 14:42:00,049 | Websocket connected
2026-04-24 14:42:00,049 | [WebSocket] 连接成功 ✅ (模式: 本地撮合-测试网行情)
2026-04-24 14:42:00,049 | [状态校准] 正在重新同步持仓与余额，清理幽灵状态...
2026-04-24 14:42:00,049 | [本地持仓] None
2026-04-24 14:42:00,549 | [余额同步] 本地模式，初始资金: 10000.0 U
2026-04-24 14:42:00,900 | [WebSocket] 行情订阅成功 ✅
2026-04-24 14:42:06,598 | [余额同步] 本地模式，初始资金: 10000.0 U
2026-04-24 14:42:06,599 | [账户监控] 无持仓
2026-04-24 14:42:14,599 | [余额同步] 本地模式，初始资金: 10000.0 U
2026-04-24 14:42:14,599 | [账户监控] 无持仓
2026-04-24 14:42:22,600 | [余额同步] 本地模式，初始资金: 10000.0 U
2026-04-24 14:42:22,600 | [账户监控] 无持仓
2026-04-24 14:42:30,600 | [余额同步] 本地模式，初始资金: 10000.0 U
2026-04-24 14:42:30,601 | [账户监控] 无持仓
2026-04-24 14:42:33,601 | ⚠️ aggTrade行情断流34秒！但底层连接存活，继续观察不重连...
2026-04-24 14:42:38,601 | ⚠️ aggTrade行情断流39秒！但底层连接存活，继续观察不重连...
2026-04-24 14:42:38,602 | [余额同步] 本地模式，初始资金: 10000.0 U
2026-04-24 14:42:38,602 | [账户监控] 无持仓
2026-04-24 14:42:43,603 | ⚠️ aggTrade行情断流44秒！但底层连接存活，继续观察不重连...
2026-04-24 14:42:46,603 | [余额同步] 本地模式，初始资金: 10000.0 U
2026-04-24 14:42:46,603 | [账户监控] 无持仓
2026-04-24 14:42:48,604 | ⚠️ aggTrade行情断流49秒！但底层连接存活，继续观察不重连...
2026-04-24 14:42:53,604 | ⚠️ aggTrade行情断流54秒！但底层连接存活，继续观察不重连...
2026-04-24 14:42:54,603 | [余额同步] 本地模式，初始资金: 10000.0 U
2026-04-24 14:42:54,604 | [账户监控] 无持仓
2026-04-24 14:42:58,605 | ⚠️ aggTrade行情断流59秒！但底层连接存活，继续观察不重连...
2026-04-24 14:43:02,604 | [余额同步] 本地模式，初始资金: 10000.0 U
2026-04-24 14:43:02,604 | [账户监控] 无持仓
2026-04-24 14:43:03,605 | ⚠️ aggTrade行情断流64秒！但底层连接存活，继续观察不重连...
2026-04-24 14:43:08,605 | ⚠️ aggTrade行情断流69秒！但底层连接存活，继续观察不重连...
2026-04-24 14:43:10,605 | [余额同步] 本地模式，初始资金: 10000.0 U
2026-04-24 14:43:10,605 | [账户监控] 无持仓
2026-04-24 14:43:13,606 | ⚠️ aggTrade行情断流74秒！但底层连接存活，继续观察不重连...
2026-04-24 14:43:18,606 | [余额同步] 本地模式，初始资金: 10000.0 U
2026-04-24 14:43:18,606 | [账户监控] 无持仓
2026-04-24 14:43:18,607 | ⚠️ aggTrade行情断流79秒！但底层连接存活，继续观察不重连...
2026-04-24 14:43:23,607 | ⚠️ aggTrade行情断流84秒！但底层连接存活，继续观察不重连...
2026-04-24 14:43:26,607 | [余额同步] 本地模式，初始资金: 10000.0 U
2026-04-24 14:43:26,608 | [账户监控] 无持仓
2026-04-24 14:43:28,608 | ⚠️ aggTrade行情断流89秒！但底层连接存活，继续观察不重连...
2026-04-24 14:43:33,609 | ⚠️ aggTrade行情断流94秒！但底层连接存活，继续观察不重连...
2026-04-24 14:43:34,608 | [余额同步] 本地模式，初始资金: 10000.0 U
2026-04-24 14:43:34,608 | [账户监控] 无持仓
2026-04-24 14:43:38,609 | ⚠️ aggTrade行情断流99秒！但底层连接存活，继续观察不重连...
2026-04-24 14:43:42,608 | [余额同步] 本地模式，初始资金: 10000.0 U
2026-04-24 14:43:42,609 | [账户监控] 无持仓
2026-04-24 14:43:43,610 | ⚠️ aggTrade行情断流104秒！但底层连接存活，继续观察不重连...
2026-04-24 14:43:48,610 | ⚠️ aggTrade行情断流109秒！但底层连接存活，继续观察不重连...
2026-04-24 14:43:50,610 | [余额同步] 本地模式，初始资金: 10000.0 U
2026-04-24 14:43:50,610 | [账户监控] 无持仓
2026-04-24 14:43:53,611 | ⚠️ aggTrade行情断流114秒！但底层连接存活，继续观察不重连...
2026-04-24 14:43:58,610 | [余额同步] 本地模式，初始资金: 10000.0 U
2026-04-24 14:43:58,610 | [账户监控] 无持仓
2026-04-24 14:43:58,611 | ⚠️ aggTrade行情断流119秒！但底层连接存活，继续观察不重连...
2026-04-24 14:44:03,612 | ⚠️ aggTrade行情断流124秒！但底层连接存活，继续观察不重连...
2026-04-24 14:44:06,611 | [余额同步] 本地模式，初始资金: 10000.0 U
2026-04-24 14:44:06,611 | [账户监控] 无持仓
2026-04-24 14:44:08,612 | ⚠️ aggTrade行情断流129秒！但底层连接存活，继续观察不重连...
2026-04-24 14:44:13,613 | ⚠️ aggTrade行情断流134秒！但底层连接存活，继续观察不重连...
2026-04-24 14:44:14,612 | [余额同步] 本地模式，初始资金: 10000.0 U
2026-04-24 14:44:14,612 | [账户监控] 无持仓
2026-04-24 14:44:18,614 | ⚠️ aggTrade行情断流139秒！但底层连接存活，继续观察不重连...
2026-04-24 14:44:22,613 | [余额同步] 本地模式，初始资金: 10000.0 U
2026-04-24 14:44:22,613 | [账户监控] 无持仓
2026-04-24 14:44:23,614 | ⚠️ aggTrade行情断流144秒！但底层连接存活，继续观察不重连...
2026-04-24 14:44:28,615 | ⚠️ aggTrade行情断流149秒！但底层连接存活，继续观察不重连...
2026-04-24 14:44:30,614 | [余额同步] 本地模式，初始资金: 10000.0 U
2026-04-24 14:44:30,615 | [账户监控] 无持仓
2026-04-24 14:44:33,616 | ⚠️ aggTrade行情断流154秒！但底层连接存活，继续观察不重连...
2026-04-24 14:44:38,615 | [余额同步] 本地模式，初始资金: 10000.0 U
2026-04-24 14:44:38,615 | [账户监控] 无持仓
2026-04-24 14:44:38,616 | ⚠️ aggTrade行情断流159秒！但底层连接存活，继续观察不重连...
2026-04-24 14:44:43,616 | ⚠️ aggTrade行情断流164秒！但底层连接存活，继续观察不重连...
2026-04-24 14:44:46,615 | [余额同步] 本地模式，初始资金: 10000.0 U
2026-04-24 14:44:46,616 | [账户监控] 无持仓
2026-04-24 14:44:48,617 | ⚠️ aggTrade行情断流169秒！但底层连接存活，继续观察不重连...
2026-04-24 14:44:53,617 | ⚠️ aggTrade行情断流174秒！但底层连接存活，继续观察不重连...
2026-04-24 14:44:54,616 | [余额同步] 本地模式，初始资金: 10000.0 U
2026-04-24 14:44:54,616 | [账户监控] 无持仓
2026-04-24 14:44:58,618 | ⚠️ aggTrade行情断流179秒！但底层连接存活，继续观察不重连...
2026-04-24 14:45:02,616 | [余额同步] 本地模式，初始资金: 10000.0 U
2026-04-24 14:45:02,616 | [账户监控] 无持仓
2026-04-24 14:45:03,618 | ⚠️ aggTrade行情断流184秒！但底层连接存活，继续观察不重连...
2026-04-24 14:45:08,619 | ⚠️ aggTrade行情断流189秒！但底层连接存活，继续观察不重连...
2026-04-24 14:45:10,617 | [余额同步] 本地模式，初始资金: 10000.0 U
2026-04-24 14:45:10,617 | [账户监控] 无持仓
2026-04-24 14:45:13,619 | ⚠️ aggTrade行情断流194秒！但底层连接存活，继续观察不重连...
2026-04-24 14:45:18,617 | [余额同步] 本地模式，初始资金: 10000.0 U
2026-04-24 14:45:18,617 | [账户监控] 无持仓
2026-04-24 14:45:18,620 | ⚠️ aggTrade行情断流199秒！但底层连接存活，继续观察不重连...
2026-04-24 14:45:23,620 | ⚠️ aggTrade行情断流204秒！但底层连接存活，继续观察不重连...
2026-04-24 14:45:26,618 | [余额同步] 本地模式，初始资金: 10000.0 U
2026-04-24 14:45:26,618 | [账户监控] 无持仓
2026-04-24 14:45:28,621 | ⚠️ aggTrade行情断流209秒！但底层连接存活，继续观察不重连...
2026-04-24 14:45:33,621 | ⚠️ aggTrade行情断流214秒！但底层连接存活，继续观察不重连...
2026-04-24 14:45:34,618 | [余额同步] 本地模式，初始资金: 10000.0 U
2026-04-24 14:45:34,618 | [账户监控] 无持仓
2026-04-24 14:45:38,622 | ⚠️ aggTrade行情断流219秒！但底层连接存活，继续观察不重连...
2026-04-24 14:45:42,619 | [余额同步] 本地模式，初始资金: 10000.0 U
2026-04-24 14:45:42,619 | [账户监控] 无持仓
2026-04-24 14:45:43,623 | ⚠️ aggTrade行情断流224秒！但底层连接存活，继续观察不重连...
2026-04-24 14:45:48,623 | ⚠️ aggTrade行情断流229秒！但底层连接存活，继续观察不重连...
2026-04-24 14:45:50,619 | [余额同步] 本地模式，初始资金: 10000.0 U
2026-04-24 14:45:50,619 | [账户监控] 无持仓
2026-04-24 14:45:53,623 | ⚠️ aggTrade行情断流234秒！但底层连接存活，继续观察不重连...
2026-04-24 14:45:58,620 | [余额同步] 本地模式，初始资金: 10000.0 U
2026-04-24 14:45:58,620 | [账户监控] 无持仓
2026-04-24 14:45:58,624 | ⚠️ aggTrade行情断流239秒！但底层连接存活，继续观察不重连...
2026-04-24 14:46:03,624 | ⚠️ aggTrade行情断流244秒！但底层连接存活，继续观察不重连...
2026-04-24 14:46:06,620 | [余额同步] 本地模式，初始资金: 10000.0 U
2026-04-24 14:46:06,620 | [账户监控] 无持仓
2026-04-24 14:46:08,625 | ⚠️ aggTrade行情断流249秒！但底层连接存活，继续观察不重连...
2026-04-24 14:46:13,625 | ⚠️ aggTrade行情断流254秒！但底层连接存活，继续观察不重连...
2026-04-24 14:46:14,620 | [余额同步] 本地模式，初始资金: 10000.0 U
2026-04-24 14:46:14,621 | [账户监控] 无持仓
2026-04-24 14:46:18,625 | ⚠️ aggTrade行情断流259秒！但底层连接存活，继续观察不重连...
2026-04-24 14:46:22,621 | [余额同步] 本地模式，初始资金: 10000.0 U
2026-04-24 14:46:22,621 | [账户监控] 无持仓
2026-04-24 14:46:23,626 | ⚠️ aggTrade行情断流264秒！但底层连接存活，继续观察不重连...
2026-04-24 14:46:28,627 | ⚠️ aggTrade行情断流269秒！但底层连接存活，继续观察不重连...
2026-04-24 14:46:30,622 | [余额同步] 本地模式，初始资金: 10000.0 U
2026-04-24 14:46:30,622 | [账户监控] 无持仓
2026-04-24 14:46:33,628 | ⚠️ aggTrade行情断流274秒！但底层连接存活，继续观察不重连...
2026-04-24 14:46:38,622 | [余额同步] 本地模式，初始资金: 10000.0 U
2026-04-24 14:46:38,623 | [账户监控] 无持仓
2026-04-24 14:46:38,629 | ⚠️ aggTrade行情断流279秒！但底层连接存活，继续观察不重连...
2026-04-24 14:46:43,629 | ⚠️ aggTrade行情断流284秒！但底层连接存活，继续观察不重连...
2026-04-24 14:46:46,624 | [余额同步] 本地模式，初始资金: 10000.0 U
2026-04-24 14:46:46,624 | [账户监控] 无持仓
2026-04-24 14:46:48,630 | ⚠️ aggTrade行情断流289秒！但底层连接存活，继续观察不重连...
2026-04-24 14:46:53,630 | ⚠️ aggTrade行情断流294秒！但底层连接存活，继续观察不重连...
2026-04-24 14:46:54,624 | [余额同步] 本地模式，初始资金: 10000.0 U
2026-04-24 14:46:54,625 | [账户监控] 无持仓
2026-04-24 14:46:58,631 | ⚠️ aggTrade行情断流299秒！但底层连接存活，继续观察不重连...
2026-04-24 14:47:02,625 | [余额同步] 本地模式，初始资金: 10000.0 U
2026-04-24 14:47:02,625 | [账户监控] 无持仓
2026-04-24 14:47:03,631 | ⚠️ aggTrade行情断流304秒！但底层连接存活，继续观察不重连...
2026-04-24 14:47:08,632 | ⚠️ aggTrade行情断流309秒！但底层连接存活，继续观察不重连...
2026-04-24 14:47:10,625 | [余额同步] 本地模式，初始资金: 10000.0 U
2026-04-24 14:47:10,626 | [账户监控] 无持仓
2026-04-24 14:47:13,632 | ⚠️ aggTrade行情断流314秒！但底层连接存活，继续观察不重连...
2026-04-24 14:47:18,626 | [余额同步] 本地模式，初始资金: 10000.0 U
2026-04-24 14:47:18,626 | [账户监控] 无持仓
2026-04-24 14:47:18,633 | ⚠️ aggTrade行情断流319秒！但底层连接存活，继续观察不重连...
2026-04-24 14:47:23,634 | ⚠️ aggTrade行情断流324秒！但底层连接存活，继续观察不重连...
2026-04-24 14:47:26,627 | [余额同步] 本地模式，初始资金: 10000.0 U
2026-04-24 14:47:26,627 | [账户监控] 无持仓
2026-04-24 14:47:28,634 | ⚠️ aggTrade行情断流329秒！但底层连接存活，继续观察不重连...
2026-04-24 14:47:33,635 | ⚠️ aggTrade行情断流334秒！但底层连接存活，继续观察不重连...
2026-04-24 14:47:34,627 | [余额同步] 本地模式，初始资金: 10000.0 U
2026-04-24 14:47:34,627 | [账户监控] 无持仓
2026-04-24 14:47:38,636 | ⚠️ aggTrade行情断流339秒！但底层连接存活，继续观察不重连...
2026-04-24 14:47:42,628 | [余额同步] 本地模式，初始资金: 10000.0 U
2026-04-24 14:47:42,629 | [账户监控] 无持仓
2026-04-24 14:47:43,636 | ⚠️ aggTrade行情断流344秒！但底层连接存活，继续观察不重连...
2026-04-24 14:47:48,637 | ⚠️ aggTrade行情断流349秒！但底层连接存活，继续观察不重连...
2026-04-24 14:47:50,629 | [余额同步] 本地模式，初始资金: 10000.0 U
2026-04-24 14:47:50,630 | [账户监控] 无持仓
2026-04-24 14:47:53,637 | ⚠️ aggTrade行情断流354秒！但底层连接存活，继续观察不重连...
2026-04-24 14:47:58,630 | [余额同步] 本地模式，初始资金: 10000.0 U
2026-04-24 14:47:58,631 | [账户监控] 无持仓
2026-04-24 14:47:58,638 | ⚠️ aggTrade行情断流359秒！但底层连接存活，继续观察不重连...
2026-04-24 14:48:03,638 | ⚠️ aggTrade行情断流364秒！但底层连接存活，继续观察不重连...
2026-04-24 14:48:06,632 | [余额同步] 本地模式，初始资金: 10000.0 U
2026-04-24 14:48:06,633 | [账户监控] 无持仓
2026-04-24 14:48:08,639 | ⚠️ aggTrade行情断流369秒！但底层连接存活，继续观察不重连...
2026-04-24 14:48:13,640 | ⚠️ aggTrade行情断流374秒！但底层连接存活，继续观察不重连...
2026-04-24 14:48:14,633 | [余额同步] 本地模式，初始资金: 10000.0 U
2026-04-24 14:48:14,634 | [账户监控] 无持仓
2026-04-24 14:48:18,640 | ⚠️ aggTrade行情断流379秒！但底层连接存活，继续观察不重连...
2026-04-24 14:48:22,634 | [余额同步] 本地模式，初始资金: 10000.0 U
2026-04-24 14:48:22,635 | [账户监控] 无持仓
2026-04-24 14:48:23,641 | ⚠️ aggTrade行情断流384秒！但底层连接存活，继续观察不重连...
2026-04-24 14:48:28,644 | ⚠️ aggTrade行情断流389秒！但底层连接存活，继续观察不重连...
2026-04-24 14:48:30,635 | [余额同步] 本地模式，初始资金: 10000.0 U
2026-04-24 14:48:30,636 | [账户监控] 无持仓
2026-04-24 14:48:33,644 | ⚠️ aggTrade行情断流394秒！但底层连接存活，继续观察不重连...
2026-04-24 14:48:38,636 | [余额同步] 本地模式，初始资金: 10000.0 U
2026-04-24 14:48:38,637 | [账户监控] 无持仓
2026-04-24 14:48:38,645 | ⚠️ aggTrade行情断流399秒！但底层连接存活，继续观察不重连...
2026-04-24 14:48:43,646 | ⚠️ aggTrade行情断流404秒！但底层连接存活，继续观察不重连...
2026-04-24 14:48:46,637 | [余额同步] 本地模式，初始资金: 10000.0 U
2026-04-24 14:48:46,637 | [账户监控] 无持仓
2026-04-24 14:48:48,646 | ⚠️ aggTrade行情断流409秒！但底层连接存活，继续观察不重连...
2026-04-24 14:48:53,647 | ⚠️ aggTrade行情断流414秒！但底层连接存活，继续观察不重连...
2026-04-24 14:48:54,637 | [余额同步] 本地模式，初始资金: 10000.0 U
2026-04-24 14:48:54,638 | [账户监控] 无持仓
2026-04-24 14:48:58,647 | ⚠️ aggTrade行情断流419秒！但底层连接存活，继续观察不重连...
2026-04-24 14:49:02,639 | [余额同步] 本地模式，初始资金: 10000.0 U
2026-04-24 14:49:02,639 | [账户监控] 无持仓
2026-04-24 14:49:03,649 | ⚠️ aggTrade行情断流424秒！但底层连接存活，继续观察不重连...
2026-04-24 14:49:08,650 | ⚠️ aggTrade行情断流429秒！但底层连接存活，继续观察不重连...
2026-04-24 14:49:10,639 | [余额同步] 本地模式，初始资金: 10000.0 U
2026-04-24 14:49:10,639 | [账户监控] 无持仓
2026-04-24 14:49:13,650 | ⚠️ aggTrade行情断流434秒！但底层连接存活，继续观察不重连...
2026-04-24 14:49:18,640 | [余额同步] 本地模式，初始资金: 10000.0 U
2026-04-24 14:49:18,640 | [账户监控] 无持仓
2026-04-24 14:49:18,650 | ⚠️ aggTrade行情断流439秒！但底层连接存活，继续观察不重连...
2026-04-24 14:49:23,651 | ⚠️ aggTrade行情断流444秒！但底层连接存活，继续观察不重连...
2026-04-24 14:49:26,641 | [余额同步] 本地模式，初始资金: 10000.0 U
2026-04-24 14:49:26,641 | [账户监控] 无持仓
2026-04-24 14:49:28,652 | ⚠️ aggTrade行情断流449秒！但底层连接存活，继续观察不重连...
2026-04-24 14:49:33,652 | ⚠️ aggTrade行情断流454秒！但底层连接存活，继续观察不重连...
2026-04-24 14:49:34,643 | [余额同步] 本地模式，初始资金: 10000.0 U
2026-04-24 14:49:34,643 | [账户监控] 无持仓
2026-04-24 14:49:38,653 | ⚠️ aggTrade行情断流459秒！但底层连接存活，继续观察不重连...
2026-04-24 14:49:42,643 | [余额同步] 本地模式，初始资金: 10000.0 U
2026-04-24 14:49:42,644 | [账户监控] 无持仓
2026-04-24 14:49:43,654 | ⚠️ aggTrade行情断流464秒！但底层连接存活，继续观察不重连...
2026-04-24 14:49:48,654 | ⚠️ aggTrade行情断流469秒！但底层连接存活，继续观察不重连...
2026-04-24 14:49:50,644 | [余额同步] 本地模式，初始资金: 10000.0 U
2026-04-24 14:49:50,645 | [账户监控] 无持仓
2026-04-24 14:49:53,654 | ⚠️ aggTrade行情断流474秒！但底层连接存活，继续观察不重连...
2026-04-24 14:49:58,645 | [余额同步] 本地模式，初始资金: 10000.0 U
2026-04-24 14:49:58,645 | [账户监控] 无持仓
2026-04-24 14:49:58,655 | ⚠️ aggTrade行情断流479秒！但底层连接存活，继续观察不重连...
2026-04-24 14:50:03,655 | ⚠️ aggTrade行情断流484秒！但底层连接存活，继续观察不重连...
2026-04-24 14:50:06,645 | [余额同步] 本地模式，初始资金: 10000.0 U
2026-04-24 14:50:06,645 | [账户监控] 无持仓
2026-04-24 14:50:08,656 | ⚠️ aggTrade行情断流489秒！但底层连接存活，继续观察不重连...
2026-04-24 14:50:13,656 | ⚠️ aggTrade行情断流494秒！但底层连接存活，继续观察不重连...
2026-04-24 14:50:14,646 | [余额同步] 本地模式，初始资金: 10000.0 U
2026-04-24 14:50:14,646 | [账户监控] 无持仓
2026-04-24 14:50:18,656 | ⚠️ aggTrade行情断流499秒！但底层连接存活，继续观察不重连...
2026-04-24 14:50:22,646 | [余额同步] 本地模式，初始资金: 10000.0 U
2026-04-24 14:50:22,647 | [账户监控] 无持仓
2026-04-24 14:50:23,657 | ⚠️ aggTrade行情断流504秒！但底层连接存活，继续观察不重连...
2026-04-24 14:50:28,657 | ⚠️ aggTrade行情断流509秒！但底层连接存活，继续观察不重连...
2026-04-24 14:50:30,647 | [余额同步] 本地模式，初始资金: 10000.0 U
2026-04-24 14:50:30,647 | [账户监控] 无持仓
2026-04-24 14:50:33,658 | ⚠️ aggTrade行情断流514秒！但底层连接存活，继续观察不重连...
2026-04-24 14:50:38,648 | [余额同步] 本地模式，初始资金: 10000.0 U
2026-04-24 14:50:38,649 | [账户监控] 无持仓
2026-04-24 14:50:38,659 | ⚠️ aggTrade行情断流519秒！但底层连接存活，继续观察不重连...
2026-04-24 14:50:43,659 | ⚠️ aggTrade行情断流524秒！但底层连接存活，继续观察不重连...
2026-04-24 14:50:46,649 | [余额同步] 本地模式，初始资金: 10000.0 U
2026-04-24 14:50:46,649 | [账户监控] 无持仓
2026-04-24 14:50:48,660 | ⚠️ aggTrade行情断流529秒！但底层连接存活，继续观察不重连...
2026-04-24 14:50:53,660 | ⚠️ aggTrade行情断流534秒！但底层连接存活，继续观察不重连...
2026-04-24 14:50:54,650 | [余额同步] 本地模式，初始资金: 10000.0 U
2026-04-24 14:50:54,650 | [账户监控] 无持仓
2026-04-24 14:50:58,661 | ⚠️ aggTrade行情断流539秒！但底层连接存活，继续观察不重连...
2026-04-24 14:51:02,650 | [余额同步] 本地模式，初始资金: 10000.0 U
2026-04-24 14:51:02,651 | [账户监控] 无持仓
2026-04-24 14:51:03,661 | ⚠️ aggTrade行情断流544秒！但底层连接存活，继续观察不重连...
2026-04-24 14:51:08,662 | ⚠️ aggTrade行情断流549秒！但底层连接存活，继续观察不重连...
2026-04-24 14:51:10,651 | [余额同步] 本地模式，初始资金: 10000.0 U
2026-04-24 14:51:10,651 | [账户监控] 无持仓
2026-04-24 14:51:13,663 | ⚠️ aggTrade行情断流554秒！但底层连接存活，继续观察不重连...
2026-04-24 14:51:18,652 | [余额同步] 本地模式，初始资金: 10000.0 U
2026-04-24 14:51:18,652 | [账户监控] 无持仓
2026-04-24 14:51:18,663 | ⚠️ aggTrade行情断流559秒！但底层连接存活，继续观察不重连...
2026-04-24 14:51:23,664 | ⚠️ aggTrade行情断流564秒！但底层连接存活，继续观察不重连...
2026-04-24 14:51:26,653 | [余额同步] 本地模式，初始资金: 10000.0 U
2026-04-24 14:51:26,653 | [账户监控] 无持仓
2026-04-24 14:51:28,665 | ⚠️ aggTrade行情断流569秒！但底层连接存活，继续观察不重连...
2026-04-24 14:51:33,665 | ⚠️ aggTrade行情断流574秒！但底层连接存活，继续观察不重连...
2026-04-24 14:51:34,653 | [余额同步] 本地模式，初始资金: 10000.0 U
2026-04-24 14:51:34,653 | [账户监控] 无持仓
2026-04-24 14:51:38,666 | ⚠️ aggTrade行情断流579秒！但底层连接存活，继续观察不重连...
2026-04-24 14:51:42,655 | [余额同步] 本地模式，初始资金: 10000.0 U
2026-04-24 14:51:42,655 | [账户监控] 无持仓
2026-04-24 14:51:43,666 | ⚠️ aggTrade行情断流584秒！但底层连接存活，继续观察不重连...
2026-04-24 14:51:48,667 | ⚠️ aggTrade行情断流589秒！但底层连接存活，继续观察不重连...
2026-04-24 14:51:50,655 | [余额同步] 本地模式，初始资金: 10000.0 U
2026-04-24 14:51:50,655 | [账户监控] 无持仓
2026-04-24 14:51:53,668 | ⚠️ aggTrade行情断流594秒！但底层连接存活，继续观察不重连...
2026-04-24 14:51:58,656 | [余额同步] 本地模式，初始资金: 10000.0 U
2026-04-24 14:51:58,656 | [账户监控] 无持仓
2026-04-24 14:51:58,668 | ⚠️ aggTrade行情断流599秒！但底层连接存活，继续观察不重连...
2026-04-24 14:52:03,669 | ⚠️ aggTrade行情断流604秒！但底层连接存活，继续观察不重连...
2026-04-24 14:52:06,659 | [余额同步] 本地模式，初始资金: 10000.0 U
2026-04-24 14:52:06,659 | [账户监控] 无持仓
2026-04-24 14:52:08,670 | ⚠️ aggTrade行情断流609秒！但底层连接存活，继续观察不重连...
2026-04-24 14:52:13,670 | ⚠️ aggTrade行情断流614秒！但底层连接存活，继续观察不重连...
2026-04-24 14:52:14,660 | [余额同步] 本地模式，初始资金: 10000.0 U
2026-04-24 14:52:14,660 | [账户监控] 无持仓
2026-04-24 14:52:18,671 | ⚠️ aggTrade行情断流619秒！但底层连接存活，继续观察不重连...
2026-04-24 14:52:22,661 | [余额同步] 本地模式，初始资金: 10000.0 U
2026-04-24 14:52:22,661 | [账户监控] 无持仓
2026-04-24 14:52:23,672 | ⚠️ aggTrade行情断流624秒！但底层连接存活，继续观察不重连...
2026-04-24 14:52:28,672 | ⚠️ aggTrade行情断流629秒！但底层连接存活，继续观察不重连...
2026-04-24 14:52:30,661 | [余额同步] 本地模式，初始资金: 10000.0 U
2026-04-24 14:52:30,662 | [账户监控] 无持仓
2026-04-24 14:52:33,672 | ⚠️ aggTrade行情断流634秒！但底层连接存活，继续观察不重连...
2026-04-24 14:52:38,662 | [余额同步] 本地模式，初始资金: 10000.0 U
2026-04-24 14:52:38,663 | [账户监控] 无持仓
2026-04-24 14:52:38,673 | ⚠️ aggTrade行情断流639秒！但底层连接存活，继续观察不重连...
2026-04-24 14:52:43,674 | ⚠️ aggTrade行情断流644秒！但底层连接存活，继续观察不重连...
2026-04-24 14:52:46,664 | [余额同步] 本地模式，初始资金: 10000.0 U
2026-04-24 14:52:46,664 | [账户监控] 无持仓
2026-04-24 14:52:48,675 | ⚠️ aggTrade行情断流649秒！但底层连接存活，继续观察不重连...
2026-04-24 14:52:53,677 | ⚠️ aggTrade行情断流654秒！但底层连接存活，继续观察不重连...
2026-04-24 14:52:54,665 | [余额同步] 本地模式，初始资金: 10000.0 U
2026-04-24 14:52:54,665 | [账户监控] 无持仓
2026-04-24 14:52:58,678 | ⚠️ aggTrade行情断流659秒！但底层连接存活，继续观察不重连...
2026-04-24 14:53:02,666 | [余额同步] 本地模式，初始资金: 10000.0 U
2026-04-24 14:53:02,666 | [账户监控] 无持仓
2026-04-24 14:53:03,679 | ⚠️ aggTrade行情断流664秒！但底层连接存活，继续观察不重连...
2026-04-24 14:53:08,679 | ⚠️ aggTrade行情断流669秒！但底层连接存活，继续观察不重连...
2026-04-24 14:53:10,666 | [余额同步] 本地模式，初始资金: 10000.0 U
2026-04-24 14:53:10,667 | [账户监控] 无持仓
2026-04-24 14:53:13,680 | ⚠️ aggTrade行情断流674秒！但底层连接存活，继续观察不重连...
2026-04-24 14:53:18,667 | [余额同步] 本地模式，初始资金: 10000.0 U
2026-04-24 14:53:18,667 | [账户监控] 无持仓
2026-04-24 14:53:18,680 | ⚠️ aggTrade行情断流679秒！但底层连接存活，继续观察不重连...
2026-04-24 14:53:23,681 | ⚠️ aggTrade行情断流684秒！但底层连接存活，继续观察不重连...
2026-04-24 14:53:26,667 | [余额同步] 本地模式，初始资金: 10000.0 U
2026-04-24 14:53:26,668 | [账户监控] 无持仓
2026-04-24 14:53:28,682 | ⚠️ aggTrade行情断流689秒！但底层连接存活，继续观察不重连...
2026-04-24 14:53:33,683 | ⚠️ aggTrade行情断流694秒！但底层连接存活，继续观察不重连...
2026-04-24 14:53:34,668 | [余额同步] 本地模式，初始资金: 10000.0 U
2026-04-24 14:53:34,668 | [账户监控] 无持仓
2026-04-24 14:53:38,683 | ⚠️ aggTrade行情断流699秒！但底层连接存活，继续观察不重连...
2026-04-24 14:53:42,669 | [余额同步] 本地模式，初始资金: 10000.0 U
2026-04-24 14:53:42,669 | [账户监控] 无持仓
2026-04-24 14:53:43,684 | ⚠️ aggTrade行情断流704秒！但底层连接存活，继续观察不重连...
2026-04-24 14:53:48,685 | ⚠️ aggTrade行情断流709秒！但底层连接存活，继续观察不重连...
2026-04-24 14:53:50,669 | [余额同步] 本地模式，初始资金: 10000.0 U
2026-04-24 14:53:50,670 | [账户监控] 无持仓
2026-04-24 14:53:53,685 | ⚠️ aggTrade行情断流714秒！但底层连接存活，继续观察不重连...
2026-04-24 14:53:58,670 | [余额同步] 本地模式，初始资金: 10000.0 U
2026-04-24 14:53:58,670 | [账户监控] 无持仓
2026-04-24 14:53:58,686 | ⚠️ aggTrade行情断流719秒！但底层连接存活，继续观察不重连...
2026-04-24 14:54:03,687 | ⚠️ aggTrade行情断流724秒！但底层连接存活，继续观察不重连...
2026-04-24 14:54:06,670 | [余额同步] 本地模式，初始资金: 10000.0 U
2026-04-24 14:54:06,671 | [账户监控] 无持仓
2026-04-24 14:54:08,687 | ⚠️ aggTrade行情断流729秒！但底层连接存活，继续观察不重连...
2026-04-24 14:54:13,688 | ⚠️ aggTrade行情断流734秒！但底层连接存活，继续观察不重连...
2026-04-24 14:54:14,672 | [余额同步] 本地模式，初始资金: 10000.0 U
2026-04-24 14:54:14,672 | [账户监控] 无持仓
2026-04-24 14:54:18,688 | ⚠️ aggTrade行情断流739秒！但底层连接存活，继续观察不重连...
2026-04-24 14:54:22,673 | [余额同步] 本地模式，初始资金: 10000.0 U
2026-04-24 14:54:22,673 | [账户监控] 无持仓
2026-04-24 14:54:23,689 | ⚠️ aggTrade行情断流744秒！但底层连接存活，继续观察不重连...
2026-04-24 14:54:28,690 | ⚠️ aggTrade行情断流749秒！但底层连接存活，继续观察不重连...
2026-04-24 14:54:30,673 | [余额同步] 本地模式，初始资金: 10000.0 U
2026-04-24 14:54:30,673 | [账户监控] 无持仓
2026-04-24 14:54:33,690 | ⚠️ aggTrade行情断流754秒！但底层连接存活，继续观察不重连...
2026-04-24 14:54:38,674 | [余额同步] 本地模式，初始资金: 10000.0 U
2026-04-24 14:54:38,674 | [账户监控] 无持仓
2026-04-24 14:54:38,691 | ⚠️ aggTrade行情断流759秒！但底层连接存活，继续观察不重连...
2026-04-24 14:54:43,691 | ⚠️ aggTrade行情断流764秒！但底层连接存活，继续观察不重连...
2026-04-24 14:54:46,674 | [余额同步] 本地模式，初始资金: 10000.0 U
2026-04-24 14:54:46,674 | [账户监控] 无持仓
2026-04-24 14:54:48,692 | ⚠️ aggTrade行情断流769秒！但底层连接存活，继续观察不重连...
2026-04-24 14:54:53,692 | ⚠️ aggTrade行情断流774秒！但底层连接存活，继续观察不重连...
2026-04-24 14:54:54,675 | [余额同步] 本地模式，初始资金: 10000.0 U
2026-04-24 14:54:54,675 | [账户监控] 无持仓
2026-04-24 14:54:58,692 | ⚠️ aggTrade行情断流779秒！但底层连接存活，继续观察不重连...
2026-04-24 14:55:02,675 | [余额同步] 本地模式，初始资金: 10000.0 U
2026-04-24 14:55:02,675 | [账户监控] 无持仓
2026-04-24 14:55:03,693 | ⚠️ aggTrade行情断流784秒！但底层连接存活，继续观察不重连...
2026-04-24 14:55:08,693 | ⚠️ aggTrade行情断流789秒！但底层连接存活，继续观察不重连...
2026-04-24 14:55:10,676 | [余额同步] 本地模式，初始资金: 10000.0 U
2026-04-24 14:55:10,676 | [账户监控] 无持仓
2026-04-24 14:55:13,695 | ⚠️ aggTrade行情断流794秒！但底层连接存活，继续观察不重连...
2026-04-24 14:55:18,676 | [余额同步] 本地模式，初始资金: 10000.0 U
2026-04-24 14:55:18,676 | [账户监控] 无持仓
2026-04-24 14:55:18,696 | ⚠️ aggTrade行情断流799秒！但底层连接存活，继续观察不重连...
2026-04-24 14:55:23,696 | ⚠️ aggTrade行情断流804秒！但底层连接存活，继续观察不重连...
2026-04-24 14:55:26,677 | [余额同步] 本地模式，初始资金: 10000.0 U
2026-04-24 14:55:26,677 | [账户监控] 无持仓
2026-04-24 14:55:28,697 | ⚠️ aggTrade行情断流809秒！但底层连接存活，继续观察不重连...
2026-04-24 14:55:33,697 | ⚠️ aggTrade行情断流814秒！但底层连接存活，继续观察不重连...
2026-04-24 14:55:34,678 | [余额同步] 本地模式，初始资金: 10000.0 U
2026-04-24 14:55:34,678 | [账户监控] 无持仓
2026-04-24 14:55:38,698 | ⚠️ aggTrade行情断流819秒！但底层连接存活，继续观察不重连...
2026-04-24 14:55:42,678 | [余额同步] 本地模式，初始资金: 10000.0 U
2026-04-24 14:55:42,678 | [账户监控] 无持仓
2026-04-24 14:55:43,698 | ⚠️ aggTrade行情断流824秒！但底层连接存活，继续观察不重连...
2026-04-24 14:55:48,699 | ⚠️ aggTrade行情断流829秒！但底层连接存活，继续观察不重连...
2026-04-24 14:55:50,679 | [余额同步] 本地模式，初始资金: 10000.0 U
2026-04-24 14:55:50,679 | [账户监控] 无持仓
2026-04-24 14:55:53,700 | ⚠️ aggTrade行情断流834秒！但底层连接存活，继续观察不重连...
2026-04-24 14:55:58,679 | [余额同步] 本地模式，初始资金: 10000.0 U
2026-04-24 14:55:58,680 | [账户监控] 无持仓
2026-04-24 14:55:58,701 | ⚠️ aggTrade行情断流839秒！但底层连接存活，继续观察不重连...
2026-04-24 14:56:03,701 | ⚠️ aggTrade行情断流844秒！但底层连接存活，继续观察不重连...
2026-04-24 14:56:06,680 | [余额同步] 本地模式，初始资金: 10000.0 U
2026-04-24 14:56:06,680 | [账户监控] 无持仓
2026-04-24 14:56:08,701 | ⚠️ aggTrade行情断流849秒！但底层连接存活，继续观察不重连...
2026-04-24 14:56:13,702 | ⚠️ aggTrade行情断流854秒！但底层连接存活，继续观察不重连...
2026-04-24 14:56:14,680 | [余额同步] 本地模式，初始资金: 10000.0 U
2026-04-24 14:56:14,680 | [账户监控] 无持仓
2026-04-24 14:56:18,702 | ⚠️ aggTrade行情断流859秒！但底层连接存活，继续观察不重连...
2026-04-24 14:56:22,681 | [余额同步] 本地模式，初始资金: 10000.0 U
2026-04-24 14:56:22,681 | [账户监控] 无持仓
2026-04-24 14:56:23,703 | ⚠️ aggTrade行情断流864秒！但底层连接存活，继续观察不重连...
2026-04-24 14:56:28,704 | ⚠️ aggTrade行情断流869秒！但底层连接存活，继续观察不重连...
2026-04-24 14:56:30,682 | [余额同步] 本地模式，初始资金: 10000.0 U
2026-04-24 14:56:30,682 | [账户监控] 无持仓
2026-04-24 14:56:33,704 | ⚠️ aggTrade行情断流874秒！但底层连接存活，继续观察不重连...
2026-04-24 14:56:38,684 | [余额同步] 本地模式，初始资金: 10000.0 U
2026-04-24 14:56:38,684 | [账户监控] 无持仓
2026-04-24 14:56:38,704 | ⚠️ aggTrade行情断流879秒！但底层连接存活，继续观察不重连...
2026-04-24 14:56:43,705 | ⚠️ aggTrade行情断流884秒！但底层连接存活，继续观察不重连...
2026-04-24 14:56:46,685 | [余额同步] 本地模式，初始资金: 10000.0 U
2026-04-24 14:56:46,685 | [账户监控] 无持仓
2026-04-24 14:56:48,706 | ⚠️ aggTrade行情断流889秒！但底层连接存活，继续观察不重连...
2026-04-24 14:56:53,706 | ⚠️ aggTrade行情断流894秒！但底层连接存活，继续观察不重连...
2026-04-24 14:56:54,686 | [余额同步] 本地模式，初始资金: 10000.0 U
2026-04-24 14:56:54,686 | [账户监控] 无持仓
2026-04-24 14:56:58,707 | ⚠️ aggTrade行情断流899秒！但底层连接存活，继续观察不重连...
2026-04-24 14:57:02,687 | [余额同步] 本地模式，初始资金: 10000.0 U
2026-04-24 14:57:02,687 | [账户监控] 无持仓
2026-04-24 14:57:03,708 | ⚠️ aggTrade行情断流904秒！但底层连接存活，继续观察不重连...
2026-04-24 14:57:08,708 | ⚠️ aggTrade行情断流909秒！但底层连接存活，继续观察不重连...
2026-04-24 14:57:10,688 | [余额同步] 本地模式，初始资金: 10000.0 U
2026-04-24 14:57:10,688 | [账户监控] 无持仓
2026-04-24 14:57:13,709 | ⚠️ aggTrade行情断流914秒！但底层连接存活，继续观察不重连...
2026-04-24 14:57:18,688 | [余额同步] 本地模式，初始资金: 10000.0 U
2026-04-24 14:57:18,688 | [账户监控] 无持仓
2026-04-24 14:57:18,709 | ⚠️ aggTrade行情断流919秒！但底层连接存活，继续观察不重连...
2026-04-24 14:57:23,710 | ⚠️ aggTrade行情断流924秒！但底层连接存活，继续观察不重连...
2026-04-24 14:57:26,689 | [余额同步] 本地模式，初始资金: 10000.0 U
2026-04-24 14:57:26,689 | [账户监控] 无持仓
2026-04-24 14:57:28,710 | ⚠️ aggTrade行情断流929秒！但底层连接存活，继续观察不重连...
2026-04-24 14:57:33,711 | ⚠️ aggTrade行情断流934秒！但底层连接存活，继续观察不重连...
2026-04-24 14:57:34,690 | [余额同步] 本地模式，初始资金: 10000.0 U
2026-04-24 14:57:34,690 | [账户监控] 无持仓
2026-04-24 14:57:38,711 | ⚠️ aggTrade行情断流939秒！但底层连接存活，继续观察不重连...
2026-04-24 14:57:42,690 | [余额同步] 本地模式，初始资金: 10000.0 U
2026-04-24 14:57:42,690 | [账户监控] 无持仓
2026-04-24 14:57:43,712 | ⚠️ aggTrade行情断流944秒！但底层连接存活，继续观察不重连...
2026-04-24 14:57:48,713 | ⚠️ aggTrade行情断流949秒！但底层连接存活，继续观察不重连...
2026-04-24 14:57:50,691 | [余额同步] 本地模式，初始资金: 10000.0 U
2026-04-24 14:57:50,691 | [账户监控] 无持仓
2026-04-24 14:57:53,713 | ⚠️ aggTrade行情断流954秒！但底层连接存活，继续观察不重连...
2026-04-24 14:57:58,691 | [余额同步] 本地模式，初始资金: 10000.0 U
2026-04-24 14:57:58,692 | [账户监控] 无持仓
2026-04-24 14:57:58,714 | ⚠️ aggTrade行情断流959秒！但底层连接存活，继续观察不重连...
2026-04-24 14:58:03,714 | ⚠️ aggTrade行情断流964秒！但底层连接存活，继续观察不重连...
2026-04-24 14:58:06,692 | [余额同步] 本地模式，初始资金: 10000.0 U
2026-04-24 14:58:06,692 | [账户监控] 无持仓
2026-04-24 14:58:08,715 | ⚠️ aggTrade行情断流969秒！但底层连接存活，继续观察不重连...
2026-04-24 14:58:13,716 | ⚠️ aggTrade行情断流974秒！但底层连接存活，继续观察不重连...
2026-04-24 14:58:14,692 | [余额同步] 本地模式，初始资金: 10000.0 U
2026-04-24 14:58:14,692 | [账户监控] 无持仓
2026-04-24 14:58:18,717 | ⚠️ aggTrade行情断流979秒！但底层连接存活，继续观察不重连...
2026-04-24 14:58:22,693 | [余额同步] 本地模式，初始资金: 10000.0 U
2026-04-24 14:58:22,693 | [账户监控] 无持仓
2026-04-24 14:58:23,718 | ⚠️ aggTrade行情断流984秒！但底层连接存活，继续观察不重连...
2026-04-24 14:58:28,718 | ⚠️ aggTrade行情断流989秒！但底层连接存活，继续观察不重连...
2026-04-24 14:58:30,693 | [余额同步] 本地模式，初始资金: 10000.0 U
2026-04-24 14:58:30,693 | [账户监控] 无持仓
2026-04-24 14:58:33,719 | ⚠️ aggTrade行情断流994秒！但底层连接存活，继续观察不重连...
2026-04-24 14:58:38,693 | [余额同步] 本地模式，初始资金: 10000.0 U
2026-04-24 14:58:38,693 | [账户监控] 无持仓
2026-04-24 14:58:38,720 | ⚠️ aggTrade行情断流999秒！但底层连接存活，继续观察不重连...
2026-04-24 14:58:43,720 | ⚠️ aggTrade行情断流1004秒！但底层连接存活，继续观察不重连...
2026-04-24 14:58:46,694 | [余额同步] 本地模式，初始资金: 10000.0 U
2026-04-24 14:58:46,694 | [账户监控] 无持仓
2026-04-24 14:58:48,721 | ⚠️ aggTrade行情断流1009秒！但底层连接存活，继续观察不重连...
2026-04-24 14:58:53,722 | ⚠️ aggTrade行情断流1014秒！但底层连接存活，继续观察不重连...
2026-04-24 14:58:54,695 | [余额同步] 本地模式，初始资金: 10000.0 U
2026-04-24 14:58:54,695 | [账户监控] 无持仓
2026-04-24 14:58:58,723 | ⚠️ aggTrade行情断流1019秒！但底层连接存活，继续观察不重连...
2026-04-24 14:59:02,695 | [余额同步] 本地模式，初始资金: 10000.0 U
2026-04-24 14:59:02,696 | [账户监控] 无持仓
2026-04-24 14:59:03,724 | ⚠️ aggTrade行情断流1024秒！但底层连接存活，继续观察不重连...
2026-04-24 14:59:08,724 | ⚠️ aggTrade行情断流1029秒！但底层连接存活，继续观察不重连...
2026-04-24 14:59:10,696 | [余额同步] 本地模式，初始资金: 10000.0 U
2026-04-24 14:59:10,696 | [账户监控] 无持仓
2026-04-24 14:59:13,725 | ⚠️ aggTrade行情断流1034秒！但底层连接存活，继续观察不重连...
2026-04-24 14:59:18,696 | [余额同步] 本地模式，初始资金: 10000.0 U
2026-04-24 14:59:18,697 | [账户监控] 无持仓
2026-04-24 14:59:18,726 | ⚠️ aggTrade行情断流1039秒！但底层连接存活，继续观察不重连...
2026-04-24 14:59:23,726 | ⚠️ aggTrade行情断流1044秒！但底层连接存活，继续观察不重连...
2026-04-24 14:59:26,697 | [余额同步] 本地模式，初始资金: 10000.0 U
2026-04-24 14:59:26,697 | [账户监控] 无持仓
2026-04-24 14:59:28,727 | ⚠️ aggTrade行情断流1049秒！但底层连接存活，继续观察不重连...
2026-04-24 14:59:33,728 | ⚠️ aggTrade行情断流1054秒！但底层连接存活，继续观察不重连...
2026-04-24 14:59:34,698 | [余额同步] 本地模式，初始资金: 10000.0 U
2026-04-24 14:59:34,698 | [账户监控] 无持仓
2026-04-24 14:59:38,728 | ⚠️ aggTrade行情断流1059秒！但底层连接存活，继续观察不重连...
2026-04-24 14:59:42,699 | [余额同步] 本地模式，初始资金: 10000.0 U
2026-04-24 14:59:42,699 | [账户监控] 无持仓
2026-04-24 14:59:43,729 | ⚠️ aggTrade行情断流1064秒！但底层连接存活，继续观察不重连...
2026-04-24 14:59:48,729 | ⚠️ aggTrade行情断流1069秒！但底层连接存活，继续观察不重连...
2026-04-24 14:59:50,700 | [余额同步] 本地模式，初始资金: 10000.0 U
2026-04-24 14:59:50,700 | [账户监控] 无持仓
2026-04-24 14:59:53,730 | ⚠️ aggTrade行情断流1074秒！但底层连接存活，继续观察不重连...
2026-04-24 14:59:58,701 | [余额同步] 本地模式，初始资金: 10000.0 U
2026-04-24 14:59:58,701 | [账户监控] 无持仓
2026-04-24 14:59:58,731 | ⚠️ aggTrade行情断流1079秒！但底层连接存活，继续观察不重连...
2026-04-24 15:00:03,732 | ⚠️ aggTrade行情断流1084秒！但底层连接存活，继续观察不重连...
2026-04-24 15:00:06,702 | [余额同步] 本地模式，初始资金: 10000.0 U
2026-04-24 15:00:06,702 | [账户监控] 无持仓
2026-04-24 15:00:08,733 | ⚠️ aggTrade行情断流1089秒！但底层连接存活，继续观察不重连...
2026-04-24 15:00:13,734 | ⚠️ aggTrade行情断流1094秒！但底层连接存活，继续观察不重连...
2026-04-24 15:00:14,703 | [余额同步] 本地模式，初始资金: 10000.0 U
2026-04-24 15:00:14,703 | [账户监控] 无持仓
2026-04-24 15:00:18,734 | ⚠️ aggTrade行情断流1099秒！但底层连接存活，继续观察不重连...
2026-04-24 15:00:22,704 | [余额同步] 本地模式，初始资金: 10000.0 U
2026-04-24 15:00:22,704 | [账户监控] 无持仓
2026-04-24 15:00:23,735 | ⚠️ aggTrade行情断流1104秒！但底层连接存活，继续观察不重连...
2026-04-24 15:00:28,735 | ⚠️ aggTrade行情断流1109秒！但底层连接存活，继续观察不重连...
2026-04-24 15:00:30,704 | [余额同步] 本地模式，初始资金: 10000.0 U
2026-04-24 15:00:30,704 | [账户监控] 无持仓
2026-04-24 15:00:33,735 | ⚠️ aggTrade行情断流1114秒！但底层连接存活，继续观察不重连...
2026-04-24 15:00:38,705 | [余额同步] 本地模式，初始资金: 10000.0 U
2026-04-24 15:00:38,705 | [账户监控] 无持仓
2026-04-24 15:00:38,736 | ⚠️ aggTrade行情断流1119秒！但底层连接存活，继续观察不重连...
2026-04-24 15:00:43,736 | ⚠️ aggTrade行情断流1124秒！但底层连接存活，继续观察不重连...
2026-04-24 15:00:46,706 | [余额同步] 本地模式，初始资金: 10000.0 U
2026-04-24 15:00:46,706 | [账户监控] 无持仓
2026-04-24 15:00:48,737 | ⚠️ aggTrade行情断流1129秒！但底层连接存活，继续观察不重连...
2026-04-24 15:00:53,738 | ⚠️ aggTrade行情断流1134秒！但底层连接存活，继续观察不重连...
2026-04-24 15:00:54,706 | [余额同步] 本地模式，初始资金: 10000.0 U
2026-04-24 15:00:54,707 | [账户监控] 无持仓
2026-04-24 15:00:58,738 | ⚠️ aggTrade行情断流1139秒！但底层连接存活，继续观察不重连...
2026-04-24 15:01:02,708 | [余额同步] 本地模式，初始资金: 10000.0 U
2026-04-24 15:01:02,709 | [账户监控] 无持仓
2026-04-24 15:01:03,739 | ⚠️ aggTrade行情断流1144秒！但底层连接存活，继续观察不重连...
2026-04-24 15:01:08,739 | ⚠️ aggTrade行情断流1149秒！但底层连接存活，继续观察不重连...
2026-04-24 15:01:10,709 | [余额同步] 本地模式，初始资金: 10000.0 U
2026-04-24 15:01:10,710 | [账户监控] 无持仓
2026-04-24 15:01:13,740 | ⚠️ aggTrade行情断流1154秒！但底层连接存活，继续观察不重连...
2026-04-24 15:01:18,710 | [余额同步] 本地模式，初始资金: 10000.0 U
2026-04-24 15:01:18,710 | [账户监控] 无持仓
2026-04-24 15:01:18,741 | ⚠️ aggTrade行情断流1159秒！但底层连接存活，继续观察不重连...
2026-04-24 15:01:23,742 | ⚠️ aggTrade行情断流1164秒！但底层连接存活，继续观察不重连...
2026-04-24 15:01:26,711 | [余额同步] 本地模式，初始资金: 10000.0 U
2026-04-24 15:01:26,711 | [账户监控] 无持仓
2026-04-24 15:01:28,743 | ⚠️ aggTrade行情断流1169秒！但底层连接存活，继续观察不重连...
2026-04-24 15:01:33,743 | ⚠️ aggTrade行情断流1174秒！但底层连接存活，继续观察不重连...
2026-04-24 15:01:34,712 | [余额同步] 本地模式，初始资金: 10000.0 U
2026-04-24 15:01:34,713 | [账户监控] 无持仓
2026-04-24 15:01:38,744 | ⚠️ aggTrade行情断流1179秒！但底层连接存活，继续观察不重连...
2026-04-24 15:01:42,713 | [余额同步] 本地模式，初始资金: 10000.0 U
2026-04-24 15:01:42,713 | [账户监控] 无持仓
2026-04-24 15:01:43,744 | ⚠️ aggTrade行情断流1184秒！但底层连接存活，继续观察不重连...
2026-04-24 15:01:48,745 | ⚠️ aggTrade行情断流1189秒！但底层连接存活，继续观察不重连...
2026-04-24 15:01:50,714 | [余额同步] 本地模式，初始资金: 10000.0 U
2026-04-24 15:01:50,714 | [账户监控] 无持仓
2026-04-24 15:01:53,745 | ⚠️ aggTrade行情断流1194秒！但底层连接存活，继续观察不重连...
2026-04-24 15:01:58,714 | [余额同步] 本地模式，初始资金: 10000.0 U
2026-04-24 15:01:58,715 | [账户监控] 无持仓
2026-04-24 15:01:58,746 | ⚠️ aggTrade行情断流1199秒！但底层连接存活，继续观察不重连...
2026-04-24 15:02:03,746 | ⚠️ aggTrade行情断流1204秒！但底层连接存活，继续观察不重连...
2026-04-24 15:02:06,716 | [余额同步] 本地模式，初始资金: 10000.0 U
2026-04-24 15:02:06,716 | [账户监控] 无持仓
2026-04-24 15:02:08,747 | ⚠️ aggTrade行情断流1209秒！但底层连接存活，继续观察不重连...
2026-04-24 15:02:13,748 | ⚠️ aggTrade行情断流1214秒！但底层连接存活，继续观察不重连...
2026-04-24 15:02:14,716 | [余额同步] 本地模式，初始资金: 10000.0 U
2026-04-24 15:02:14,716 | [账户监控] 无持仓
2026-04-24 15:02:18,749 | ⚠️ aggTrade行情断流1219秒！但底层连接存活，继续观察不重连...
2026-04-24 15:02:22,717 | [余额同步] 本地模式，初始资金: 10000.0 U
2026-04-24 15:02:22,717 | [账户监控] 无持仓
2026-04-24 15:02:23,750 | ⚠️ aggTrade行情断流1224秒！但底层连接存活，继续观察不重连...
2026-04-24 15:02:28,751 | ⚠️ aggTrade行情断流1229秒！但底层连接存活，继续观察不重连...
2026-04-24 15:02:30,718 | [余额同步] 本地模式，初始资金: 10000.0 U
2026-04-24 15:02:30,718 | [账户监控] 无持仓
2026-04-24 15:02:33,751 | ⚠️ aggTrade行情断流1234秒！但底层连接存活，继续观察不重连...
2026-04-24 15:02:38,719 | [余额同步] 本地模式，初始资金: 10000.0 U
2026-04-24 15:02:38,720 | [账户监控] 无持仓
2026-04-24 15:02:38,752 | ⚠️ aggTrade行情断流1239秒！但底层连接存活，继续观察不重连...
2026-04-24 15:02:43,753 | ⚠️ aggTrade行情断流1244秒！但底层连接存活，继续观察不重连...
2026-04-24 15:02:46,721 | [余额同步] 本地模式，初始资金: 10000.0 U
2026-04-24 15:02:46,721 | [账户监控] 无持仓
2026-04-24 15:02:48,753 | ⚠️ aggTrade行情断流1249秒！但底层连接存活，继续观察不重连...
2026-04-24 15:02:53,754 | ⚠️ aggTrade行情断流1254秒！但底层连接存活，继续观察不重连...
2026-04-24 15:02:54,721 | [余额同步] 本地模式，初始资金: 10000.0 U
2026-04-24 15:02:54,721 | [账户监控] 无持仓
2026-04-24 15:02:58,755 | ⚠️ aggTrade行情断流1259秒！但底层连接存活，继续观察不重连...
2026-04-24 15:03:02,722 | [余额同步] 本地模式，初始资金: 10000.0 U
2026-04-24 15:03:02,722 | [账户监控] 无持仓
2026-04-24 15:03:03,756 | ⚠️ aggTrade行情断流1264秒！但底层连接存活，继续观察不重连...
2026-04-24 15:03:08,757 | ⚠️ aggTrade行情断流1269秒！但底层连接存活，继续观察不重连...
2026-04-24 15:03:10,722 | [余额同步] 本地模式，初始资金: 10000.0 U
2026-04-24 15:03:10,722 | [账户监控] 无持仓
2026-04-24 15:03:13,758 | ⚠️ aggTrade行情断流1274秒！但底层连接存活，继续观察不重连...
2026-04-24 15:03:18,723 | [余额同步] 本地模式，初始资金: 10000.0 U
2026-04-24 15:03:18,723 | [账户监控] 无持仓
2026-04-24 15:03:18,758 | ⚠️ aggTrade行情断流1279秒！但底层连接存活，继续观察不重连...
2026-04-24 15:03:23,758 | ⚠️ aggTrade行情断流1284秒！但底层连接存活，继续观察不重连...
2026-04-24 15:03:26,724 | [余额同步] 本地模式，初始资金: 10000.0 U
2026-04-24 15:03:26,724 | [账户监控] 无持仓
2026-04-24 15:03:28,759 | ⚠️ aggTrade行情断流1289秒！但底层连接存活，继续观察不重连...
2026-04-24 15:03:33,760 | ⚠️ aggTrade行情断流1294秒！但底层连接存活，继续观察不重连...
2026-04-24 15:03:34,724 | [余额同步] 本地模式，初始资金: 10000.0 U
2026-04-24 15:03:34,724 | [账户监控] 无持仓
2026-04-24 15:03:38,760 | ⚠️ aggTrade行情断流1299秒！但底层连接存活，继续观察不重连...
2026-04-24 15:03:42,725 | [余额同步] 本地模式，初始资金: 10000.0 U
2026-04-24 15:03:42,725 | [账户监控] 无持仓
2026-04-24 15:03:43,761 | ⚠️ aggTrade行情断流1304秒！但底层连接存活，继续观察不重连...
2026-04-24 15:03:48,762 | ⚠️ aggTrade行情断流1309秒！但底层连接存活，继续观察不重连...
2026-04-24 15:03:50,725 | [余额同步] 本地模式，初始资金: 10000.0 U
2026-04-24 15:03:50,726 | [账户监控] 无持仓
2026-04-24 15:03:53,762 | ⚠️ aggTrade行情断流1314秒！但底层连接存活，继续观察不重连...
2026-04-24 15:03:58,726 | [余额同步] 本地模式，初始资金: 10000.0 U
2026-04-24 15:03:58,727 | [账户监控] 无持仓
2026-04-24 15:03:58,762 | ⚠️ aggTrade行情断流1319秒！但底层连接存活，继续观察不重连...
2026-04-24 15:04:03,763 | ⚠️ aggTrade行情断流1324秒！但底层连接存活，继续观察不重连...
2026-04-24 15:04:06,727 | [余额同步] 本地模式，初始资金: 10000.0 U
2026-04-24 15:04:06,727 | [账户监控] 无持仓
2026-04-24 15:04:08,763 | ⚠️ aggTrade行情断流1329秒！但底层连接存活，继续观察不重连...
2026-04-24 15:04:13,764 | ⚠️ aggTrade行情断流1334秒！但底层连接存活，继续观察不重连...
2026-04-24 15:04:14,727 | [余额同步] 本地模式，初始资金: 10000.0 U
2026-04-24 15:04:14,727 | [账户监控] 无持仓
2026-04-24 15:04:18,764 | ⚠️ aggTrade行情断流1339秒！但底层连接存活，继续观察不重连...
2026-04-24 15:04:22,728 | [余额同步] 本地模式，初始资金: 10000.0 U
2026-04-24 15:04:22,728 | [账户监控] 无持仓
2026-04-24 15:04:23,765 | ⚠️ aggTrade行情断流1344秒！但底层连接存活，继续观察不重连...
2026-04-24 15:04:28,766 | ⚠️ aggTrade行情断流1349秒！但底层连接存活，继续观察不重连...
2026-04-24 15:04:30,728 | [余额同步] 本地模式，初始资金: 10000.0 U
2026-04-24 15:04:30,729 | [账户监控] 无持仓
2026-04-24 15:04:33,766 | ⚠️ aggTrade行情断流1354秒！但底层连接存活，继续观察不重连...
2026-04-24 15:04:38,729 | [余额同步] 本地模式，初始资金: 10000.0 U
2026-04-24 15:04:38,729 | [账户监控] 无持仓
2026-04-24 15:04:38,767 | ⚠️ aggTrade行情断流1359秒！但底层连接存活，继续观察不重连...
2026-04-24 15:04:43,767 | ⚠️ aggTrade行情断流1364秒！但底层连接存活，继续观察不重连...
2026-04-24 15:04:46,730 | [余额同步] 本地模式，初始资金: 10000.0 U
2026-04-24 15:04:46,730 | [账户监控] 无持仓
2026-04-24 15:04:48,767 | ⚠️ aggTrade行情断流1369秒！但底层连接存活，继续观察不重连...
2026-04-24 15:04:53,768 | ⚠️ aggTrade行情断流1374秒！但底层连接存活，继续观察不重连...
2026-04-24 15:04:54,731 | [余额同步] 本地模式，初始资金: 10000.0 U
2026-04-24 15:04:54,731 | [账户监控] 无持仓
2026-04-24 15:04:58,769 | ⚠️ aggTrade行情断流1379秒！但底层连接存活，继续观察不重连...
2026-04-24 15:05:02,731 | [余额同步] 本地模式，初始资金: 10000.0 U
2026-04-24 15:05:02,731 | [账户监控] 无持仓
2026-04-24 15:05:03,769 | ⚠️ aggTrade行情断流1384秒！但底层连接存活，继续观察不重连...
2026-04-24 15:05:08,770 | ⚠️ aggTrade行情断流1389秒！但底层连接存活，继续观察不重连...
2026-04-24 15:05:10,732 | [余额同步] 本地模式，初始资金: 10000.0 U
2026-04-24 15:05:10,732 | [账户监控] 无持仓
2026-04-24 15:05:13,771 | ⚠️ aggTrade行情断流1394秒！但底层连接存活，继续观察不重连...
2026-04-24 15:05:18,732 | [余额同步] 本地模式，初始资金: 10000.0 U
2026-04-24 15:05:18,733 | [账户监控] 无持仓
2026-04-24 15:05:18,772 | ⚠️ aggTrade行情断流1399秒！但底层连接存活，继续观察不重连...
2026-04-24 15:05:23,772 | ⚠️ aggTrade行情断流1404秒！但底层连接存活，继续观察不重连...
2026-04-24 15:05:26,733 | [余额同步] 本地模式，初始资金: 10000.0 U
2026-04-24 15:05:26,733 | [账户监控] 无持仓
2026-04-24 15:05:28,773 | ⚠️ aggTrade行情断流1409秒！但底层连接存活，继续观察不重连...
2026-04-24 15:05:33,773 | ⚠️ aggTrade行情断流1414秒！但底层连接存活，继续观察不重连...
2026-04-24 15:05:34,733 | [余额同步] 本地模式，初始资金: 10000.0 U
2026-04-24 15:05:34,734 | [账户监控] 无持仓
2026-04-24 15:05:38,774 | ⚠️ aggTrade行情断流1419秒！但底层连接存活，继续观察不重连...
2026-04-24 15:05:42,734 | [余额同步] 本地模式，初始资金: 10000.0 U
2026-04-24 15:05:42,734 | [账户监控] 无持仓
2026-04-24 15:05:43,775 | ⚠️ aggTrade行情断流1424秒！但底层连接存活，继续观察不重连...
2026-04-24 15:05:48,776 | ⚠️ aggTrade行情断流1429秒！但底层连接存活，继续观察不重连...
2026-04-24 15:05:50,735 | [余额同步] 本地模式，初始资金: 10000.0 U
2026-04-24 15:05:50,735 | [账户监控] 无持仓
2026-04-24 15:05:53,776 | ⚠️ aggTrade行情断流1434秒！但底层连接存活，继续观察不重连...
2026-04-24 15:05:58,736 | [余额同步] 本地模式，初始资金: 10000.0 U
2026-04-24 15:05:58,736 | [账户监控] 无持仓
2026-04-24 15:05:58,777 | ⚠️ aggTrade行情断流1439秒！但底层连接存活，继续观察不重连...
2026-04-24 15:06:03,778 | ⚠️ aggTrade行情断流1444秒！但底层连接存活，继续观察不重连...
2026-04-24 15:06:06,737 | [余额同步] 本地模式，初始资金: 10000.0 U
2026-04-24 15:06:06,737 | [账户监控] 无持仓
2026-04-24 15:06:08,778 | ⚠️ aggTrade行情断流1449秒！但底层连接存活，继续观察不重连...
2026-04-24 15:06:13,779 | ⚠️ aggTrade行情断流1454秒！但底层连接存活，继续观察不重连...
2026-04-24 15:06:14,738 | [余额同步] 本地模式，初始资金: 10000.0 U
2026-04-24 15:06:14,738 | [账户监控] 无持仓
2026-04-24 15:06:18,779 | ⚠️ aggTrade行情断流1459秒！但底层连接存活，继续观察不重连...
2026-04-24 15:06:22,739 | [余额同步] 本地模式，初始资金: 10000.0 U
2026-04-24 15:06:22,739 | [账户监控] 无持仓
2026-04-24 15:06:23,780 | ⚠️ aggTrade行情断流1464秒！但底层连接存活，继续观察不重连...
2026-04-24 15:06:28,780 | ⚠️ aggTrade行情断流1469秒！但底层连接存活，继续观察不重连...
2026-04-24 15:06:30,740 | [余额同步] 本地模式，初始资金: 10000.0 U
2026-04-24 15:06:30,740 | [账户监控] 无持仓
2026-04-24 15:06:33,781 | ⚠️ aggTrade行情断流1474秒！但底层连接存活，继续观察不重连...
2026-04-24 15:06:38,740 | [余额同步] 本地模式，初始资金: 10000.0 U
2026-04-24 15:06:38,740 | [账户监控] 无持仓
2026-04-24 15:06:38,781 | ⚠️ aggTrade行情断流1479秒！但底层连接存活，继续观察不重连...
2026-04-24 15:06:43,781 | ⚠️ aggTrade行情断流1484秒！但底层连接存活，继续观察不重连...
2026-04-24 15:06:46,741 | [余额同步] 本地模式，初始资金: 10000.0 U
2026-04-24 15:06:46,741 | [账户监控] 无持仓
2026-04-24 15:06:48,782 | ⚠️ aggTrade行情断流1489秒！但底层连接存活，继续观察不重连...
2026-04-24 15:06:53,783 | ⚠️ aggTrade行情断流1494秒！但底层连接存活，继续观察不重连...
2026-04-24 15:06:54,742 | [余额同步] 本地模式，初始资金: 10000.0 U
2026-04-24 15:06:54,742 | [账户监控] 无持仓
2026-04-24 15:06:58,784 | ⚠️ aggTrade行情断流1499秒！但底层连接存活，继续观察不重连...
2026-04-24 15:07:02,743 | [余额同步] 本地模式，初始资金: 10000.0 U
2026-04-24 15:07:02,743 | [账户监控] 无持仓
2026-04-24 15:07:03,785 | ⚠️ aggTrade行情断流1504秒！但底层连接存活，继续观察不重连...
2026-04-24 15:07:08,785 | ⚠️ aggTrade行情断流1509秒！但底层连接存活，继续观察不重连...
2026-04-24 15:07:10,743 | [余额同步] 本地模式，初始资金: 10000.0 U
2026-04-24 15:07:10,743 | [账户监控] 无持仓
2026-04-24 15:07:13,786 | ⚠️ aggTrade行情断流1514秒！但底层连接存活，继续观察不重连...
2026-04-24 15:07:18,744 | [余额同步] 本地模式，初始资金: 10000.0 U
2026-04-24 15:07:18,744 | [账户监控] 无持仓
2026-04-24 15:07:18,787 | ⚠️ aggTrade行情断流1519秒！但底层连接存活，继续观察不重连...
2026-04-24 15:07:23,787 | ⚠️ aggTrade行情断流1524秒！但底层连接存活，继续观察不重连...
2026-04-24 15:07:26,745 | [余额同步] 本地模式，初始资金: 10000.0 U
2026-04-24 15:07:26,746 | [账户监控] 无持仓
2026-04-24 15:07:28,788 | ⚠️ aggTrade行情断流1529秒！但底层连接存活，继续观察不重连...
2026-04-24 15:07:33,789 | ⚠️ aggTrade行情断流1534秒！但底层连接存活，继续观察不重连...
2026-04-24 15:07:34,746 | [余额同步] 本地模式，初始资金: 10000.0 U
2026-04-24 15:07:34,746 | [账户监控] 无持仓
2026-04-24 15:07:38,790 | ⚠️ aggTrade行情断流1539秒！但底层连接存活，继续观察不重连...
2026-04-24 15:07:42,747 | [余额同步] 本地模式，初始资金: 10000.0 U
2026-04-24 15:07:42,747 | [账户监控] 无持仓
2026-04-24 15:07:43,790 | ⚠️ aggTrade行情断流1544秒！但底层连接存活，继续观察不重连...
2026-04-24 15:07:48,791 | ⚠️ aggTrade行情断流1549秒！但底层连接存活，继续观察不重连...
2026-04-24 15:07:50,747 | [余额同步] 本地模式，初始资金: 10000.0 U
2026-04-24 15:07:50,747 | [账户监控] 无持仓
2026-04-24 15:07:53,791 | ⚠️ aggTrade行情断流1554秒！但底层连接存活，继续观察不重连...
2026-04-24 15:07:58,747 | [余额同步] 本地模式，初始资金: 10000.0 U
2026-04-24 15:07:58,748 | [账户监控] 无持仓
2026-04-24 15:07:58,792 | ⚠️ aggTrade行情断流1559秒！但底层连接存活，继续观察不重连...
2026-04-24 15:08:03,793 | ⚠️ aggTrade行情断流1564秒！但底层连接存活，继续观察不重连...
2026-04-24 15:08:06,749 | [余额同步] 本地模式，初始资金: 10000.0 U
2026-04-24 15:08:06,749 | [账户监控] 无持仓
2026-04-24 15:08:08,793 | ⚠️ aggTrade行情断流1569秒！但底层连接存活，继续观察不重连...
2026-04-24 15:08:13,794 | ⚠️ aggTrade行情断流1574秒！但底层连接存活，继续观察不重连...
2026-04-24 15:08:14,750 | [余额同步] 本地模式，初始资金: 10000.0 U
2026-04-24 15:08:14,750 | [账户监控] 无持仓
2026-04-24 15:08:18,794 | ⚠️ aggTrade行情断流1579秒！但底层连接存活，继续观察不重连...
2026-04-24 15:08:22,750 | [余额同步] 本地模式，初始资金: 10000.0 U
2026-04-24 15:08:22,750 | [账户监控] 无持仓
2026-04-24 15:08:23,795 | ⚠️ aggTrade行情断流1584秒！但底层连接存活，继续观察不重连...
2026-04-24 15:08:28,795 | ⚠️ aggTrade行情断流1589秒！但底层连接存活，继续观察不重连...
2026-04-24 15:08:30,751 | [余额同步] 本地模式，初始资金: 10000.0 U
2026-04-24 15:08:30,751 | [账户监控] 无持仓
2026-04-24 15:08:33,796 | ⚠️ aggTrade行情断流1594秒！但底层连接存活，继续观察不重连...
2026-04-24 15:08:38,751 | [余额同步] 本地模式，初始资金: 10000.0 U
2026-04-24 15:08:38,752 | [账户监控] 无持仓
2026-04-24 15:08:38,796 | ⚠️ aggTrade行情断流1599秒！但底层连接存活，继续观察不重连...
2026-04-24 15:08:43,797 | ⚠️ aggTrade行情断流1604秒！但底层连接存活，继续观察不重连...
2026-04-24 15:08:46,752 | [余额同步] 本地模式，初始资金: 10000.0 U
2026-04-24 15:08:46,753 | [账户监控] 无持仓
2026-04-24 15:08:48,799 | ⚠️ aggTrade行情断流1609秒！但底层连接存活，继续观察不重连...
2026-04-24 15:08:53,800 | ⚠️ aggTrade行情断流1614秒！但底层连接存活，继续观察不重连...
2026-04-24 15:08:54,753 | [余额同步] 本地模式，初始资金: 10000.0 U
2026-04-24 15:08:54,753 | [账户监控] 无持仓
2026-04-24 15:08:58,801 | ⚠️ aggTrade行情断流1619秒！但底层连接存活，继续观察不重连...
2026-04-24 15:09:02,753 | [余额同步] 本地模式，初始资金: 10000.0 U
2026-04-24 15:09:02,753 | [账户监控] 无持仓
2026-04-24 15:09:03,801 | ⚠️ aggTrade行情断流1624秒！但底层连接存活，继续观察不重连...
2026-04-24 15:09:08,802 | ⚠️ aggTrade行情断流1629秒！但底层连接存活，继续观察不重连...
2026-04-24 15:09:10,754 | [余额同步] 本地模式，初始资金: 10000.0 U
2026-04-24 15:09:10,754 | [账户监控] 无持仓
2026-04-24 15:09:13,802 | ⚠️ aggTrade行情断流1634秒！但底层连接存活，继续观察不重连...
2026-04-24 15:09:18,755 | [余额同步] 本地模式，初始资金: 10000.0 U
2026-04-24 15:09:18,755 | [账户监控] 无持仓
2026-04-24 15:09:18,803 | ⚠️ aggTrade行情断流1639秒！但底层连接存活，继续观察不重连...
2026-04-24 15:09:23,804 | ⚠️ aggTrade行情断流1644秒！但底层连接存活，继续观察不重连...
2026-04-24 15:09:26,755 | [余额同步] 本地模式，初始资金: 10000.0 U
2026-04-24 15:09:26,756 | [账户监控] 无持仓
2026-04-24 15:09:28,804 | ⚠️ aggTrade行情断流1649秒！但底层连接存活，继续观察不重连...
2026-04-24 15:09:33,805 | ⚠️ aggTrade行情断流1654秒！但底层连接存活，继续观察不重连...
2026-04-24 15:09:34,756 | [余额同步] 本地模式，初始资金: 10000.0 U
2026-04-24 15:09:34,756 | [账户监控] 无持仓
2026-04-24 15:09:38,805 | ⚠️ aggTrade行情断流1659秒！但底层连接存活，继续观察不重连...
2026-04-24 15:09:42,756 | [余额同步] 本地模式，初始资金: 10000.0 U
2026-04-24 15:09:42,756 | [账户监控] 无持仓
2026-04-24 15:09:43,805 | ⚠️ aggTrade行情断流1664秒！但底层连接存活，继续观察不重连...
2026-04-24 15:09:48,806 | ⚠️ aggTrade行情断流1669秒！但底层连接存活，继续观察不重连...
2026-04-24 15:09:50,757 | [余额同步] 本地模式，初始资金: 10000.0 U
2026-04-24 15:09:50,757 | [账户监控] 无持仓
2026-04-24 15:09:53,807 | ⚠️ aggTrade行情断流1674秒！但底层连接存活，继续观察不重连...
2026-04-24 15:09:58,758 | [余额同步] 本地模式，初始资金: 10000.0 U
2026-04-24 15:09:58,758 | [账户监控] 无持仓
2026-04-24 15:09:58,807 | ⚠️ aggTrade行情断流1679秒！但底层连接存活，继续观察不重连...
2026-04-24 15:10:03,808 | ⚠️ aggTrade行情断流1684秒！但底层连接存活，继续观察不重连...
2026-04-24 15:10:06,759 | [余额同步] 本地模式，初始资金: 10000.0 U
2026-04-24 15:10:06,759 | [账户监控] 无持仓
2026-04-24 15:10:08,809 | ⚠️ aggTrade行情断流1689秒！但底层连接存活，继续观察不重连...
2026-04-24 15:10:13,809 | ⚠️ aggTrade行情断流1694秒！但底层连接存活，继续观察不重连...
2026-04-24 15:10:14,759 | [余额同步] 本地模式，初始资金: 10000.0 U
2026-04-24 15:10:14,760 | [账户监控] 无持仓
2026-04-24 15:10:18,810 | ⚠️ aggTrade行情断流1699秒！但底层连接存活，继续观察不重连...
2026-04-24 15:10:22,760 | [余额同步] 本地模式，初始资金: 10000.0 U
2026-04-24 15:10:22,760 | [账户监控] 无持仓
2026-04-24 15:10:23,811 | ⚠️ aggTrade行情断流1704秒！但底层连接存活，继续观察不重连...
2026-04-24 15:10:28,812 | ⚠️ aggTrade行情断流1709秒！但底层连接存活，继续观察不重连...
2026-04-24 15:10:30,761 | [余额同步] 本地模式，初始资金: 10000.0 U
2026-04-24 15:10:30,761 | [账户监控] 无持仓
2026-04-24 15:10:33,812 | ⚠️ aggTrade行情断流1714秒！但底层连接存活，继续观察不重连...
2026-04-24 15:10:38,762 | [余额同步] 本地模式，初始资金: 10000.0 U
2026-04-24 15:10:38,762 | [账户监控] 无持仓
2026-04-24 15:10:38,814 | ⚠️ aggTrade行情断流1719秒！但底层连接存活，继续观察不重连...
2026-04-24 15:10:43,815 | ⚠️ aggTrade行情断流1724秒！但底层连接存活，继续观察不重连...
2026-04-24 15:10:46,763 | [余额同步] 本地模式，初始资金: 10000.0 U
2026-04-24 15:10:46,763 | [账户监控] 无持仓
2026-04-24 15:10:48,816 | ⚠️ aggTrade行情断流1729秒！但底层连接存活，继续观察不重连...
2026-04-24 15:10:53,816 | ⚠️ aggTrade行情断流1734秒！但底层连接存活，继续观察不重连...
2026-04-24 15:10:54,763 | [余额同步] 本地模式，初始资金: 10000.0 U
2026-04-24 15:10:54,764 | [账户监控] 无持仓
2026-04-24 15:10:58,817 | ⚠️ aggTrade行情断流1739秒！但底层连接存活，继续观察不重连...
2026-04-24 15:11:02,764 | [余额同步] 本地模式，初始资金: 10000.0 U
2026-04-24 15:11:02,764 | [账户监控] 无持仓
2026-04-24 15:11:03,817 | ⚠️ aggTrade行情断流1744秒！但底层连接存活，继续观察不重连...
2026-04-24 15:11:08,819 | ⚠️ aggTrade行情断流1749秒！但底层连接存活，继续观察不重连...
2026-04-24 15:11:10,764 | [余额同步] 本地模式，初始资金: 10000.0 U
2026-04-24 15:11:10,765 | [账户监控] 无持仓
2026-04-24 15:11:13,820 | ⚠️ aggTrade行情断流1754秒！但底层连接存活，继续观察不重连...
2026-04-24 15:11:18,765 | [余额同步] 本地模式，初始资金: 10000.0 U
2026-04-24 15:11:18,765 | [账户监控] 无持仓
2026-04-24 15:11:18,820 | ⚠️ aggTrade行情断流1759秒！但底层连接存活，继续观察不重连...
2026-04-24 15:11:23,821 | ⚠️ aggTrade行情断流1764秒！但底层连接存活，继续观察不重连...
2026-04-24 15:11:26,766 | [余额同步] 本地模式，初始资金: 10000.0 U
2026-04-24 15:11:26,766 | [账户监控] 无持仓
2026-04-24 15:11:28,821 | ⚠️ aggTrade行情断流1769秒！但底层连接存活，继续观察不重连...
2026-04-24 15:11:33,822 | ⚠️ aggTrade行情断流1774秒！但底层连接存活，继续观察不重连...
2026-04-24 15:11:34,766 | [余额同步] 本地模式，初始资金: 10000.0 U
2026-04-24 15:11:34,766 | [账户监控] 无持仓
2026-04-24 15:11:38,822 | ⚠️ aggTrade行情断流1779秒！但底层连接存活，继续观察不重连...
2026-04-24 15:11:42,767 | [余额同步] 本地模式，初始资金: 10000.0 U
2026-04-24 15:11:42,767 | [账户监控] 无持仓
2026-04-24 15:11:43,823 | ⚠️ aggTrade行情断流1784秒！但底层连接存活，继续观察不重连...
2026-04-24 15:11:48,823 | ⚠️ aggTrade行情断流1789秒！但底层连接存活，继续观察不重连...
2026-04-24 15:11:50,767 | [余额同步] 本地模式，初始资金: 10000.0 U
2026-04-24 15:11:50,768 | [账户监控] 无持仓
2026-04-24 15:11:53,824 | ⚠️ aggTrade行情断流1794秒！但底层连接存活，继续观察不重连...
2026-04-24 15:11:58,768 | [余额同步] 本地模式，初始资金: 10000.0 U
2026-04-24 15:11:58,768 | [账户监控] 无持仓
2026-04-24 15:11:58,825 | ⚠️ aggTrade行情断流1799秒！但底层连接存活，继续观察不重连...
2026-04-24 15:12:03,825 | ⚠️ aggTrade行情断流1804秒！但底层连接存活，继续观察不重连...
2026-04-24 15:12:06,769 | [余额同步] 本地模式，初始资金: 10000.0 U
2026-04-24 15:12:06,769 | [账户监控] 无持仓
2026-04-24 15:12:08,825 | ⚠️ aggTrade行情断流1809秒！但底层连接存活，继续观察不重连...
2026-04-24 15:12:13,826 | ⚠️ aggTrade行情断流1814秒！但底层连接存活，继续观察不重连...
2026-04-24 15:12:14,769 | [余额同步] 本地模式，初始资金: 10000.0 U
2026-04-24 15:12:14,769 | [账户监控] 无持仓
2026-04-24 15:12:18,826 | ⚠️ aggTrade行情断流1819秒！但底层连接存活，继续观察不重连...
2026-04-24 15:12:22,770 | [余额同步] 本地模式，初始资金: 10000.0 U
2026-04-24 15:12:22,770 | [账户监控] 无持仓
2026-04-24 15:12:23,827 | ⚠️ aggTrade行情断流1824秒！但底层连接存活，继续观察不重连...
2026-04-24 15:12:28,828 | ⚠️ aggTrade行情断流1829秒！但底层连接存活，继续观察不重连...
2026-04-24 15:12:30,770 | [余额同步] 本地模式，初始资金: 10000.0 U
2026-04-24 15:12:30,770 | [账户监控] 无持仓
2026-04-24 15:12:33,828 | ⚠️ aggTrade行情断流1834秒！但底层连接存活，继续观察不重连...
2026-04-24 15:12:38,771 | [余额同步] 本地模式，初始资金: 10000.0 U
2026-04-24 15:12:38,771 | [账户监控] 无持仓
2026-04-24 15:12:38,828 | ⚠️ aggTrade行情断流1839秒！但底层连接存活，继续观察不重连...
2026-04-24 15:12:43,829 | ⚠️ aggTrade行情断流1844秒！但底层连接存活，继续观察不重连...
2026-04-24 15:12:46,771 | [余额同步] 本地模式，初始资金: 10000.0 U
2026-04-24 15:12:46,772 | [账户监控] 无持仓
2026-04-24 15:12:48,830 | ⚠️ aggTrade行情断流1849秒！但底层连接存活，继续观察不重连...
2026-04-24 15:12:53,831 | ⚠️ aggTrade行情断流1854秒！但底层连接存活，继续观察不重连...
2026-04-24 15:12:54,772 | [余额同步] 本地模式，初始资金: 10000.0 U
2026-04-24 15:12:54,772 | [账户监控] 无持仓
2026-04-24 15:12:58,831 | ⚠️ aggTrade行情断流1859秒！但底层连接存活，继续观察不重连...
2026-04-24 15:13:02,772 | [余额同步] 本地模式，初始资金: 10000.0 U
2026-04-24 15:13:02,773 | [账户监控] 无持仓
2026-04-24 15:13:03,832 | ⚠️ aggTrade行情断流1864秒！但底层连接存活，继续观察不重连...
2026-04-24 15:13:08,833 | ⚠️ aggTrade行情断流1869秒！但底层连接存活，继续观察不重连...
2026-04-24 15:13:10,774 | [余额同步] 本地模式，初始资金: 10000.0 U
2026-04-24 15:13:10,774 | [账户监控] 无持仓
2026-04-24 15:13:13,833 | ⚠️ aggTrade行情断流1874秒！但底层连接存活，继续观察不重连...
2026-04-24 15:13:18,774 | [余额同步] 本地模式，初始资金: 10000.0 U
2026-04-24 15:13:18,775 | [账户监控] 无持仓
2026-04-24 15:13:18,834 | ⚠️ aggTrade行情断流1879秒！但底层连接存活，继续观察不重连...
2026-04-24 15:13:23,834 | ⚠️ aggTrade行情断流1884秒！但底层连接存活，继续观察不重连...
2026-04-24 15:13:26,775 | [余额同步] 本地模式，初始资金: 10000.0 U
2026-04-24 15:13:26,775 | [账户监控] 无持仓
2026-04-24 15:13:28,835 | ⚠️ aggTrade行情断流1889秒！但底层连接存活，继续观察不重连...
2026-04-24 15:13:33,836 | ⚠️ aggTrade行情断流1894秒！但底层连接存活，继续观察不重连...
2026-04-24 15:13:34,776 | [余额同步] 本地模式，初始资金: 10000.0 U
2026-04-24 15:13:34,776 | [账户监控] 无持仓
2026-04-24 15:13:38,836 | ⚠️ aggTrade行情断流1899秒！但底层连接存活，继续观察不重连...
2026-04-24 15:13:42,776 | [余额同步] 本地模式，初始资金: 10000.0 U
2026-04-24 15:13:42,777 | [账户监控] 无持仓
2026-04-24 15:13:43,837 | ⚠️ aggTrade行情断流1904秒！但底层连接存活，继续观察不重连...
2026-04-24 15:13:48,837 | ⚠️ aggTrade行情断流1909秒！但底层连接存活，继续观察不重连...
2026-04-24 15:13:50,777 | [余额同步] 本地模式，初始资金: 10000.0 U
2026-04-24 15:13:50,777 | [账户监控] 无持仓
2026-04-24 15:13:53,838 | ⚠️ aggTrade行情断流1914秒！但底层连接存活，继续观察不重连...
2026-04-24 15:13:58,778 | [余额同步] 本地模式，初始资金: 10000.0 U
2026-04-24 15:13:58,778 | [账户监控] 无持仓
2026-04-24 15:13:58,838 | ⚠️ aggTrade行情断流1919秒！但底层连接存活，继续观察不重连...
2026-04-24 15:14:03,839 | ⚠️ aggTrade行情断流1924秒！但底层连接存活，继续观察不重连...
2026-04-24 15:14:06,779 | [余额同步] 本地模式，初始资金: 10000.0 U
2026-04-24 15:14:06,779 | [账户监控] 无持仓
2026-04-24 15:14:08,839 | ⚠️ aggTrade行情断流1929秒！但底层连接存活，继续观察不重连...
2026-04-24 15:14:13,840 | ⚠️ aggTrade行情断流1934秒！但底层连接存活，继续观察不重连...
2026-04-24 15:14:14,779 | [余额同步] 本地模式，初始资金: 10000.0 U
2026-04-24 15:14:14,780 | [账户监控] 无持仓
2026-04-24 15:14:18,840 | ⚠️ aggTrade行情断流1939秒！但底层连接存活，继续观察不重连...
2026-04-24 15:14:22,780 | [余额同步] 本地模式，初始资金: 10000.0 U
2026-04-24 15:14:22,781 | [账户监控] 无持仓
2026-04-24 15:14:23,841 | ⚠️ aggTrade行情断流1944秒！但底层连接存活，继续观察不重连...
2026-04-24 15:14:28,842 | ⚠️ aggTrade行情断流1949秒！但底层连接存活，继续观察不重连...
2026-04-24 15:14:30,781 | [余额同步] 本地模式，初始资金: 10000.0 U
2026-04-24 15:14:30,781 | [账户监控] 无持仓
2026-04-24 15:14:33,843 | ⚠️ aggTrade行情断流1954秒！但底层连接存活，继续观察不重连...
2026-04-24 15:14:38,782 | [余额同步] 本地模式，初始资金: 10000.0 U
2026-04-24 15:14:38,782 | [账户监控] 无持仓
2026-04-24 15:14:38,843 | ⚠️ aggTrade行情断流1959秒！但底层连接存活，继续观察不重连...
2026-04-24 15:14:43,843 | ⚠️ aggTrade行情断流1964秒！但底层连接存活，继续观察不重连...
2026-04-24 15:14:46,782 | [余额同步] 本地模式，初始资金: 10000.0 U
2026-04-24 15:14:46,782 | [账户监控] 无持仓
2026-04-24 15:14:48,844 | ⚠️ aggTrade行情断流1969秒！但底层连接存活，继续观察不重连...
2026-04-24 15:14:53,844 | ⚠️ aggTrade行情断流1974秒！但底层连接存活，继续观察不重连...
2026-04-24 15:14:54,783 | [余额同步] 本地模式，初始资金: 10000.0 U
2026-04-24 15:14:54,784 | [账户监控] 无持仓
2026-04-24 15:14:58,845 | ⚠️ aggTrade行情断流1979秒！但底层连接存活，继续观察不重连...
2026-04-24 15:15:02,784 | [余额同步] 本地模式，初始资金: 10000.0 U
2026-04-24 15:15:02,784 | [账户监控] 无持仓
2026-04-24 15:15:03,845 | ⚠️ aggTrade行情断流1984秒！但底层连接存活，继续观察不重连...
2026-04-24 15:15:08,845 | ⚠️ aggTrade行情断流1989秒！但底层连接存活，继续观察不重连...
2026-04-24 15:15:10,785 | [余额同步] 本地模式，初始资金: 10000.0 U
2026-04-24 15:15:10,785 | [账户监控] 无持仓
2026-04-24 15:15:13,847 | ⚠️ aggTrade行情断流1994秒！但底层连接存活，继续观察不重连...
2026-04-24 15:15:18,785 | [余额同步] 本地模式，初始资金: 10000.0 U
2026-04-24 15:15:18,785 | [账户监控] 无持仓
2026-04-24 15:15:18,848 | ⚠️ aggTrade行情断流1999秒！但底层连接存活，继续观察不重连...
2026-04-24 15:15:23,848 | ⚠️ aggTrade行情断流2004秒！但底层连接存活，继续观察不重连...
2026-04-24 15:15:26,786 | [余额同步] 本地模式，初始资金: 10000.0 U
2026-04-24 15:15:26,786 | [账户监控] 无持仓
2026-04-24 15:15:28,848 | ⚠️ aggTrade行情断流2009秒！但底层连接存活，继续观察不重连...
2026-04-24 15:15:33,849 | ⚠️ aggTrade行情断流2014秒！但底层连接存活，继续观察不重连...
2026-04-24 15:15:34,786 | [余额同步] 本地模式，初始资金: 10000.0 U
2026-04-24 15:15:34,787 | [账户监控] 无持仓
2026-04-24 15:15:38,849 | ⚠️ aggTrade行情断流2019秒！但底层连接存活，继续观察不重连...
2026-04-24 15:15:42,787 | [余额同步] 本地模式，初始资金: 10000.0 U
2026-04-24 15:15:42,787 | [账户监控] 无持仓
2026-04-24 15:15:43,850 | ⚠️ aggTrade行情断流2024秒！但底层连接存活，继续观察不重连...
2026-04-24 15:15:48,852 | ⚠️ aggTrade行情断流2029秒！但底层连接存活，继续观察不重连...
2026-04-24 15:15:50,788 | [余额同步] 本地模式，初始资金: 10000.0 U
2026-04-24 15:15:50,788 | [账户监控] 无持仓
2026-04-24 15:15:53,852 | ⚠️ aggTrade行情断流2034秒！但底层连接存活，继续观察不重连...
2026-04-24 15:15:58,790 | [余额同步] 本地模式，初始资金: 10000.0 U
2026-04-24 15:15:58,791 | [账户监控] 无持仓
2026-04-24 15:15:58,854 | ⚠️ aggTrade行情断流2039秒！但底层连接存活，继续观察不重连...
2026-04-24 15:16:03,855 | ⚠️ aggTrade行情断流2044秒！但底层连接存活，继续观察不重连...
2026-04-24 15:16:06,792 | [余额同步] 本地模式，初始资金: 10000.0 U
2026-04-24 15:16:06,793 | [账户监控] 无持仓
2026-04-24 15:16:08,856 | ⚠️ aggTrade行情断流2049秒！但底层连接存活，继续观察不重连...
2026-04-24 15:16:13,857 | ⚠️ aggTrade行情断流2054秒！但底层连接存活，继续观察不重连...
2026-04-24 15:16:14,793 | [余额同步] 本地模式，初始资金: 10000.0 U
2026-04-24 15:16:14,793 | [账户监控] 无持仓
2026-04-24 15:16:18,857 | ⚠️ aggTrade行情断流2059秒！但底层连接存活，继续观察不重连...
2026-04-24 15:16:22,794 | [余额同步] 本地模式，初始资金: 10000.0 U
2026-04-24 15:16:22,794 | [账户监控] 无持仓
2026-04-24 15:16:23,858 | ⚠️ aggTrade行情断流2064秒！但底层连接存活，继续观察不重连...
2026-04-24 15:16:28,858 | ⚠️ aggTrade行情断流2069秒！但底层连接存活，继续观察不重连...
2026-04-24 15:16:30,794 | [余额同步] 本地模式，初始资金: 10000.0 U
2026-04-24 15:16:30,795 | [账户监控] 无持仓
2026-04-24 15:16:33,859 | ⚠️ aggTrade行情断流2074秒！但底层连接存活，继续观察不重连...
2026-04-24 15:16:38,795 | [余额同步] 本地模式，初始资金: 10000.0 U
2026-04-24 15:16:38,795 | [账户监控] 无持仓
2026-04-24 15:16:38,860 | ⚠️ aggTrade行情断流2079秒！但底层连接存活，继续观察不重连...
2026-04-24 15:16:43,860 | ⚠️ aggTrade行情断流2084秒！但底层连接存活，继续观察不重连...
2026-04-24 15:16:46,795 | [余额同步] 本地模式，初始资金: 10000.0 U
2026-04-24 15:16:46,796 | [账户监控] 无持仓
2026-04-24 15:16:48,860 | ⚠️ aggTrade行情断流2089秒！但底层连接存活，继续观察不重连...
2026-04-24 15:16:53,861 | ⚠️ aggTrade行情断流2094秒！但底层连接存活，继续观察不重连...
2026-04-24 15:16:54,796 | [余额同步] 本地模式，初始资金: 10000.0 U
2026-04-24 15:16:54,797 | [账户监控] 无持仓
2026-04-24 15:16:58,862 | ⚠️ aggTrade行情断流2099秒！但底层连接存活，继续观察不重连...
2026-04-24 15:17:02,797 | [余额同步] 本地模式，初始资金: 10000.0 U
2026-04-24 15:17:02,797 | [账户监控] 无持仓
2026-04-24 15:17:03,863 | ⚠️ aggTrade行情断流2104秒！但底层连接存活，继续观察不重连...
2026-04-24 15:17:08,863 | ⚠️ aggTrade行情断流2109秒！但底层连接存活，继续观察不重连...
2026-04-24 15:17:10,798 | [余额同步] 本地模式，初始资金: 10000.0 U
2026-04-24 15:17:10,798 | [账户监控] 无持仓
2026-04-24 15:17:13,864 | ⚠️ aggTrade行情断流2114秒！但底层连接存活，继续观察不重连...
2026-04-24 15:17:18,799 | [余额同步] 本地模式，初始资金: 10000.0 U
2026-04-24 15:17:18,799 | [账户监控] 无持仓
2026-04-24 15:17:18,864 | ⚠️ aggTrade行情断流2119秒！但底层连接存活，继续观察不重连...
2026-04-24 15:17:23,865 | ⚠️ aggTrade行情断流2124秒！但底层连接存活，继续观察不重连...
2026-04-24 15:17:26,799 | [余额同步] 本地模式，初始资金: 10000.0 U
2026-04-24 15:17:26,800 | [账户监控] 无持仓
2026-04-24 15:17:28,865 | ⚠️ aggTrade行情断流2129秒！但底层连接存活，继续观察不重连...
2026-04-24 15:17:33,866 | ⚠️ aggTrade行情断流2134秒！但底层连接存活，继续观察不重连...
2026-04-24 15:17:34,800 | [余额同步] 本地模式，初始资金: 10000.0 U
2026-04-24 15:17:34,801 | [账户监控] 无持仓
2026-04-24 15:17:38,867 | ⚠️ aggTrade行情断流2139秒！但底层连接存活，继续观察不重连...
2026-04-24 15:17:42,801 | [余额同步] 本地模式，初始资金: 10000.0 U
2026-04-24 15:17:42,801 | [账户监控] 无持仓
2026-04-24 15:17:43,867 | ⚠️ aggTrade行情断流2144秒！但底层连接存活，继续观察不重连...
2026-04-24 15:17:48,868 | ⚠️ aggTrade行情断流2149秒！但底层连接存活，继续观察不重连...
2026-04-24 15:17:50,802 | [余额同步] 本地模式，初始资金: 10000.0 U
2026-04-24 15:17:50,802 | [账户监控] 无持仓
2026-04-24 15:17:53,869 | ⚠️ aggTrade行情断流2154秒！但底层连接存活，继续观察不重连...
2026-04-24 15:17:58,803 | [余额同步] 本地模式，初始资金: 10000.0 U
2026-04-24 15:17:58,804 | [账户监控] 无持仓
2026-04-24 15:17:58,869 | ⚠️ aggTrade行情断流2159秒！但底层连接存活，继续观察不重连...
2026-04-24 15:18:03,870 | ⚠️ aggTrade行情断流2164秒！但底层连接存活，继续观察不重连...
2026-04-24 15:18:06,805 | [余额同步] 本地模式，初始资金: 10000.0 U
2026-04-24 15:18:06,805 | [账户监控] 无持仓
2026-04-24 15:18:08,870 | ⚠️ aggTrade行情断流2169秒！但底层连接存活，继续观察不重连...
2026-04-24 15:18:13,871 | ⚠️ aggTrade行情断流2174秒！但底层连接存活，继续观察不重连...
2026-04-24 15:18:14,806 | [余额同步] 本地模式，初始资金: 10000.0 U
2026-04-24 15:18:14,806 | [账户监控] 无持仓
2026-04-24 15:18:18,871 | ⚠️ aggTrade行情断流2179秒！但底层连接存活，继续观察不重连...
2026-04-24 15:18:22,806 | [余额同步] 本地模式，初始资金: 10000.0 U
2026-04-24 15:18:22,807 | [账户监控] 无持仓
2026-04-24 15:18:23,871 | ⚠️ aggTrade行情断流2184秒！但底层连接存活，继续观察不重连...
2026-04-24 15:18:28,872 | ⚠️ aggTrade行情断流2189秒！但底层连接存活，继续观察不重连...
2026-04-24 15:18:30,807 | [余额同步] 本地模式，初始资金: 10000.0 U
2026-04-24 15:18:30,807 | [账户监控] 无持仓
2026-04-24 15:18:33,873 | ⚠️ aggTrade行情断流2194秒！但底层连接存活，继续观察不重连...
2026-04-24 15:18:38,808 | [余额同步] 本地模式，初始资金: 10000.0 U
2026-04-24 15:18:38,808 | [账户监控] 无持仓
2026-04-24 15:18:38,873 | ⚠️ aggTrade行情断流2199秒！但底层连接存活，继续观察不重连...
2026-04-24 15:18:43,874 | ⚠️ aggTrade行情断流2204秒！但底层连接存活，继续观察不重连...
2026-04-24 15:18:46,808 | [余额同步] 本地模式，初始资金: 10000.0 U
2026-04-24 15:18:46,809 | [账户监控] 无持仓
2026-04-24 15:18:48,875 | ⚠️ aggTrade行情断流2209秒！但底层连接存活，继续观察不重连...
2026-04-24 15:18:53,875 | ⚠️ aggTrade行情断流2214秒！但底层连接存活，继续观察不重连...
2026-04-24 15:18:54,809 | [余额同步] 本地模式，初始资金: 10000.0 U
2026-04-24 15:18:54,809 | [账户监控] 无持仓
2026-04-24 15:18:58,876 | ⚠️ aggTrade行情断流2219秒！但底层连接存活，继续观察不重连...
2026-04-24 15:19:02,809 | [余额同步] 本地模式，初始资金: 10000.0 U
2026-04-24 15:19:02,810 | [账户监控] 无持仓
2026-04-24 15:19:03,877 | ⚠️ aggTrade行情断流2224秒！但底层连接存活，继续观察不重连...
2026-04-24 15:19:08,877 | ⚠️ aggTrade行情断流2229秒！但底层连接存活，继续观察不重连...
2026-04-24 15:19:10,811 | [余额同步] 本地模式，初始资金: 10000.0 U
2026-04-24 15:19:10,812 | [账户监控] 无持仓
2026-04-24 15:19:13,879 | ⚠️ aggTrade行情断流2234秒！但底层连接存活，继续观察不重连...
2026-04-24 15:19:18,812 | [余额同步] 本地模式，初始资金: 10000.0 U
2026-04-24 15:19:18,812 | [账户监控] 无持仓
2026-04-24 15:19:18,880 | ⚠️ aggTrade行情断流2239秒！但底层连接存活，继续观察不重连...
2026-04-24 15:19:23,881 | ⚠️ aggTrade行情断流2244秒！但底层连接存活，继续观察不重连...
2026-04-24 15:19:26,813 | [余额同步] 本地模式，初始资金: 10000.0 U
2026-04-24 15:19:26,814 | [账户监控] 无持仓
2026-04-24 15:19:28,881 | ⚠️ aggTrade行情断流2249秒！但底层连接存活，继续观察不重连...
2026-04-24 15:19:33,882 | ⚠️ aggTrade行情断流2254秒！但底层连接存活，继续观察不重连...
2026-04-24 15:19:34,814 | [余额同步] 本地模式，初始资金: 10000.0 U
2026-04-24 15:19:34,814 | [账户监控] 无持仓
2026-04-24 15:19:38,883 | ⚠️ aggTrade行情断流2259秒！但底层连接存活，继续观察不重连...
2026-04-24 15:19:42,815 | [余额同步] 本地模式，初始资金: 10000.0 U
2026-04-24 15:19:42,815 | [账户监控] 无持仓
2026-04-24 15:19:43,883 | ⚠️ aggTrade行情断流2264秒！但底层连接存活，继续观察不重连...
2026-04-24 15:19:48,883 | ⚠️ aggTrade行情断流2269秒！但底层连接存活，继续观察不重连...
2026-04-24 15:19:50,816 | [余额同步] 本地模式，初始资金: 10000.0 U
2026-04-24 15:19:50,816 | [账户监控] 无持仓
2026-04-24 15:19:53,884 | ⚠️ aggTrade行情断流2274秒！但底层连接存活，继续观察不重连...
2026-04-24 15:19:58,816 | [余额同步] 本地模式，初始资金: 10000.0 U
2026-04-24 15:19:58,817 | [账户监控] 无持仓
2026-04-24 15:19:58,884 | ⚠️ aggTrade行情断流2279秒！但底层连接存活，继续观察不重连...
2026-04-24 15:20:03,884 | ⚠️ aggTrade行情断流2284秒！但底层连接存活，继续观察不重连...
2026-04-24 15:20:06,818 | [余额同步] 本地模式，初始资金: 10000.0 U
2026-04-24 15:20:06,818 | [账户监控] 无持仓
2026-04-24 15:20:08,885 | ⚠️ aggTrade行情断流2289秒！但底层连接存活，继续观察不重连...
2026-04-24 15:20:13,885 | ⚠️ aggTrade行情断流2294秒！但底层连接存活，继续观察不重连...
2026-04-24 15:20:14,819 | [余额同步] 本地模式，初始资金: 10000.0 U
2026-04-24 15:20:14,820 | [账户监控] 无持仓
2026-04-24 15:20:18,886 | ⚠️ aggTrade行情断流2299秒！但底层连接存活，继续观察不重连...
2026-04-24 15:20:22,821 | [余额同步] 本地模式，初始资金: 10000.0 U
2026-04-24 15:20:22,821 | [账户监控] 无持仓
2026-04-24 15:20:23,886 | ⚠️ aggTrade行情断流2304秒！但底层连接存活，继续观察不重连...
2026-04-24 15:20:28,887 | ⚠️ aggTrade行情断流2309秒！但底层连接存活，继续观察不重连...
2026-04-24 15:20:30,821 | [余额同步] 本地模式，初始资金: 10000.0 U
2026-04-24 15:20:30,821 | [账户监控] 无持仓
2026-04-24 15:20:33,888 | ⚠️ aggTrade行情断流2314秒！但底层连接存活，继续观察不重连...
2026-04-24 15:20:38,822 | [余额同步] 本地模式，初始资金: 10000.0 U
2026-04-24 15:20:38,822 | [账户监控] 无持仓
2026-04-24 15:20:38,889 | ⚠️ aggTrade行情断流2319秒！但底层连接存活，继续观察不重连...
2026-04-24 15:20:43,889 | ⚠️ aggTrade行情断流2324秒！但底层连接存活，继续观察不重连...
2026-04-24 15:20:46,822 | [余额同步] 本地模式，初始资金: 10000.0 U
2026-04-24 15:20:46,823 | [账户监控] 无持仓
2026-04-24 15:20:48,890 | ⚠️ aggTrade行情断流2329秒！但底层连接存活，继续观察不重连...
2026-04-24 15:20:53,890 | ⚠️ aggTrade行情断流2334秒！但底层连接存活，继续观察不重连...
2026-04-24 15:20:54,823 | [余额同步] 本地模式，初始资金: 10000.0 U
2026-04-24 15:20:54,823 | [账户监控] 无持仓
2026-04-24 15:20:58,891 | ⚠️ aggTrade行情断流2339秒！但底层连接存活，继续观察不重连...
2026-04-24 15:21:02,823 | [余额同步] 本地模式，初始资金: 10000.0 U
2026-04-24 15:21:02,824 | [账户监控] 无持仓
2026-04-24 15:21:03,891 | ⚠️ aggTrade行情断流2344秒！但底层连接存活，继续观察不重连...
2026-04-24 15:21:08,892 | ⚠️ aggTrade行情断流2349秒！但底层连接存活，继续观察不重连...
2026-04-24 15:21:10,824 | [余额同步] 本地模式，初始资金: 10000.0 U
2026-04-24 15:21:10,824 | [账户监控] 无持仓
2026-04-24 15:21:13,892 | ⚠️ aggTrade行情断流2354秒！但底层连接存活，继续观察不重连...
2026-04-24 15:21:18,825 | [余额同步] 本地模式，初始资金: 10000.0 U
2026-04-24 15:21:18,825 | [账户监控] 无持仓
2026-04-24 15:21:18,893 | ⚠️ aggTrade行情断流2359秒！但底层连接存活，继续观察不重连...
2026-04-24 15:21:23,894 | ⚠️ aggTrade行情断流2364秒！但底层连接存活，继续观察不重连...
2026-04-24 15:21:26,825 | [余额同步] 本地模式，初始资金: 10000.0 U
2026-04-24 15:21:26,825 | [账户监控] 无持仓
2026-04-24 15:21:28,894 | ⚠️ aggTrade行情断流2369秒！但底层连接存活，继续观察不重连...
2026-04-24 15:21:33,895 | ⚠️ aggTrade行情断流2374秒！但底层连接存活，继续观察不重连...
2026-04-24 15:21:34,826 | [余额同步] 本地模式，初始资金: 10000.0 U
2026-04-24 15:21:34,826 | [账户监控] 无持仓
2026-04-24 15:21:38,896 | ⚠️ aggTrade行情断流2379秒！但底层连接存活，继续观察不重连...
2026-04-24 15:21:42,826 | [余额同步] 本地模式，初始资金: 10000.0 U
2026-04-24 15:21:42,826 | [账户监控] 无持仓
2026-04-24 15:21:43,896 | ⚠️ aggTrade行情断流2384秒！但底层连接存活，继续观察不重连...
2026-04-24 15:21:48,896 | ⚠️ aggTrade行情断流2389秒！但底层连接存活，继续观察不重连...
2026-04-24 15:21:50,827 | [余额同步] 本地模式，初始资金: 10000.0 U
2026-04-24 15:21:50,827 | [账户监控] 无持仓
2026-04-24 15:21:53,897 | ⚠️ aggTrade行情断流2394秒！但底层连接存活，继续观察不重连...
2026-04-24 15:21:58,828 | [余额同步] 本地模式，初始资金: 10000.0 U
2026-04-24 15:21:58,828 | [账户监控] 无持仓
2026-04-24 15:21:58,897 | ⚠️ aggTrade行情断流2399秒！但底层连接存活，继续观察不重连...
2026-04-24 15:22:03,897 | ⚠️ aggTrade行情断流2404秒！但底层连接存活，继续观察不重连...
2026-04-24 15:22:06,829 | [余额同步] 本地模式，初始资金: 10000.0 U
2026-04-24 15:22:06,829 | [账户监控] 无持仓
2026-04-24 15:22:08,898 | ⚠️ aggTrade行情断流2409秒！但底层连接存活，继续观察不重连...
2026-04-24 15:22:13,898 | ⚠️ aggTrade行情断流2414秒！但底层连接存活，继续观察不重连...
2026-04-24 15:22:14,829 | [余额同步] 本地模式，初始资金: 10000.0 U
2026-04-24 15:22:14,830 | [账户监控] 无持仓
2026-04-24 15:22:18,899 | ⚠️ aggTrade行情断流2419秒！但底层连接存活，继续观察不重连...
2026-04-24 15:22:22,830 | [余额同步] 本地模式，初始资金: 10000.0 U
2026-04-24 15:22:22,830 | [账户监控] 无持仓
2026-04-24 15:22:23,900 | ⚠️ aggTrade行情断流2424秒！但底层连接存活，继续观察不重连...
2026-04-24 15:22:28,901 | ⚠️ aggTrade行情断流2429秒！但底层连接存活，继续观察不重连...
2026-04-24 15:22:30,831 | [余额同步] 本地模式，初始资金: 10000.0 U
2026-04-24 15:22:30,831 | [账户监控] 无持仓
2026-04-24 15:22:33,901 | ⚠️ aggTrade行情断流2434秒！但底层连接存活，继续观察不重连...
2026-04-24 15:22:38,831 | [余额同步] 本地模式，初始资金: 10000.0 U
2026-04-24 15:22:38,831 | [账户监控] 无持仓
2026-04-24 15:22:38,902 | ⚠️ aggTrade行情断流2439秒！但底层连接存活，继续观察不重连...
2026-04-24 15:22:43,903 | ⚠️ aggTrade行情断流2444秒！但底层连接存活，继续观察不重连...
2026-04-24 15:22:46,832 | [余额同步] 本地模式，初始资金: 10000.0 U
2026-04-24 15:22:46,832 | [账户监控] 无持仓
2026-04-24 15:22:48,903 | ⚠️ aggTrade行情断流2449秒！但底层连接存活，继续观察不重连...
2026-04-24 15:22:53,904 | ⚠️ aggTrade行情断流2454秒！但底层连接存活，继续观察不重连...
2026-04-24 15:22:54,833 | [余额同步] 本地模式，初始资金: 10000.0 U
2026-04-24 15:22:54,833 | [账户监控] 无持仓
2026-04-24 15:22:58,906 | ⚠️ aggTrade行情断流2459秒！但底层连接存活，继续观察不重连...
2026-04-24 15:23:02,834 | [余额同步] 本地模式，初始资金: 10000.0 U
2026-04-24 15:23:02,834 | [账户监控] 无持仓
2026-04-24 15:23:03,907 | ⚠️ aggTrade行情断流2464秒！但底层连接存活，继续观察不重连...
2026-04-24 15:23:08,907 | ⚠️ aggTrade行情断流2469秒！但底层连接存活，继续观察不重连...
2026-04-24 15:23:10,835 | [余额同步] 本地模式，初始资金: 10000.0 U
2026-04-24 15:23:10,835 | [账户监控] 无持仓
2026-04-24 15:23:13,908 | ⚠️ aggTrade行情断流2474秒！但底层连接存活，继续观察不重连...
2026-04-24 15:23:18,836 | [余额同步] 本地模式，初始资金: 10000.0 U
2026-04-24 15:23:18,836 | [账户监控] 无持仓
2026-04-24 15:23:18,908 | ⚠️ aggTrade行情断流2479秒！但底层连接存活，继续观察不重连...
2026-04-24 15:23:23,909 | ⚠️ aggTrade行情断流2484秒！但底层连接存活，继续观察不重连...
2026-04-24 15:23:26,837 | [余额同步] 本地模式，初始资金: 10000.0 U
2026-04-24 15:23:26,837 | [账户监控] 无持仓
2026-04-24 15:23:28,909 | ⚠️ aggTrade行情断流2489秒！但底层连接存活，继续观察不重连...
2026-04-24 15:23:33,909 | ⚠️ aggTrade行情断流2494秒！但底层连接存活，继续观察不重连...
2026-04-24 15:23:34,838 | [余额同步] 本地模式，初始资金: 10000.0 U
2026-04-24 15:23:34,838 | [账户监控] 无持仓
2026-04-24 15:23:38,910 | ⚠️ aggTrade行情断流2499秒！但底层连接存活，继续观察不重连...
2026-04-24 15:23:42,838 | [余额同步] 本地模式，初始资金: 10000.0 U
2026-04-24 15:23:42,838 | [账户监控] 无持仓
2026-04-24 15:23:43,910 | ⚠️ aggTrade行情断流2504秒！但底层连接存活，继续观察不重连...
2026-04-24 15:23:48,911 | ⚠️ aggTrade行情断流2509秒！但底层连接存活，继续观察不重连...
2026-04-24 15:23:50,839 | [余额同步] 本地模式，初始资金: 10000.0 U
2026-04-24 15:23:50,839 | [账户监控] 无持仓
2026-04-24 15:23:53,911 | ⚠️ aggTrade行情断流2514秒！但底层连接存活，继续观察不重连...
2026-04-24 15:23:58,839 | [余额同步] 本地模式，初始资金: 10000.0 U
2026-04-24 15:23:58,839 | [账户监控] 无持仓
2026-04-24 15:23:58,912 | ⚠️ aggTrade行情断流2519秒！但底层连接存活，继续观察不重连...
2026-04-24 15:24:03,913 | ⚠️ aggTrade行情断流2524秒！但底层连接存活，继续观察不重连...
2026-04-24 15:24:06,840 | [余额同步] 本地模式，初始资金: 10000.0 U
2026-04-24 15:24:06,840 | [账户监控] 无持仓
2026-04-24 15:24:08,914 | ⚠️ aggTrade行情断流2529秒！但底层连接存活，继续观察不重连...
2026-04-24 15:24:13,916 | ⚠️ aggTrade行情断流2534秒！但底层连接存活，继续观察不重连...
2026-04-24 15:24:14,841 | [余额同步] 本地模式，初始资金: 10000.0 U
2026-04-24 15:24:14,841 | [账户监控] 无持仓
2026-04-24 15:24:18,916 | ⚠️ aggTrade行情断流2539秒！但底层连接存活，继续观察不重连...
2026-04-24 15:24:22,841 | [余额同步] 本地模式，初始资金: 10000.0 U
2026-04-24 15:24:22,841 | [账户监控] 无持仓
2026-04-24 15:24:23,917 | ⚠️ aggTrade行情断流2544秒！但底层连接存活，继续观察不重连...
2026-04-24 15:24:28,918 | ⚠️ aggTrade行情断流2549秒！但底层连接存活，继续观察不重连...
2026-04-24 15:24:30,841 | [余额同步] 本地模式，初始资金: 10000.0 U
2026-04-24 15:24:30,842 | [账户监控] 无持仓
2026-04-24 15:24:33,919 | ⚠️ aggTrade行情断流2554秒！但底层连接存活，继续观察不重连...
2026-04-24 15:24:38,842 | [余额同步] 本地模式，初始资金: 10000.0 U
2026-04-24 15:24:38,842 | [账户监控] 无持仓
2026-04-24 15:24:38,919 | ⚠️ aggTrade行情断流2559秒！但底层连接存活，继续观察不重连...
2026-04-24 15:24:43,920 | ⚠️ aggTrade行情断流2564秒！但底层连接存活，继续观察不重连...
2026-04-24 15:24:46,843 | [余额同步] 本地模式，初始资金: 10000.0 U
2026-04-24 15:24:46,844 | [账户监控] 无持仓
2026-04-24 15:24:48,921 | ⚠️ aggTrade行情断流2569秒！但底层连接存活，继续观察不重连...
2026-04-24 15:24:53,923 | ⚠️ aggTrade行情断流2574秒！但底层连接存活，继续观察不重连...
2026-04-24 15:24:54,845 | [余额同步] 本地模式，初始资金: 10000.0 U
2026-04-24 15:24:54,845 | [账户监控] 无持仓
2026-04-24 15:24:58,923 | ⚠️ aggTrade行情断流2579秒！但底层连接存活，继续观察不重连...
2026-04-24 15:25:02,846 | [余额同步] 本地模式，初始资金: 10000.0 U
2026-04-24 15:25:02,846 | [账户监控] 无持仓
2026-04-24 15:25:03,924 | ⚠️ aggTrade行情断流2584秒！但底层连接存活，继续观察不重连...
2026-04-24 15:25:08,925 | ⚠️ aggTrade行情断流2589秒！但底层连接存活，继续观察不重连...
2026-04-24 15:25:10,847 | [余额同步] 本地模式，初始资金: 10000.0 U
2026-04-24 15:25:10,847 | [账户监控] 无持仓
2026-04-24 15:25:13,926 | ⚠️ aggTrade行情断流2594秒！但底层连接存活，继续观察不重连...
2026-04-24 15:25:18,848 | [余额同步] 本地模式，初始资金: 10000.0 U
2026-04-24 15:25:18,848 | [账户监控] 无持仓
2026-04-24 15:25:18,926 | ⚠️ aggTrade行情断流2599秒！但底层连接存活，继续观察不重连...
2026-04-24 15:25:23,927 | ⚠️ aggTrade行情断流2604秒！但底层连接存活，继续观察不重连...
2026-04-24 15:25:26,849 | [余额同步] 本地模式，初始资金: 10000.0 U
2026-04-24 15:25:26,849 | [账户监控] 无持仓
2026-04-24 15:25:28,928 | ⚠️ aggTrade行情断流2609秒！但底层连接存活，继续观察不重连...
2026-04-24 15:25:33,930 | ⚠️ aggTrade行情断流2614秒！但底层连接存活，继续观察不重连...
2026-04-24 15:25:34,850 | [余额同步] 本地模式，初始资金: 10000.0 U
2026-04-24 15:25:34,850 | [账户监控] 无持仓
2026-04-24 15:25:38,931 | ⚠️ aggTrade行情断流2619秒！但底层连接存活，继续观察不重连...
2026-04-24 15:25:42,851 | [余额同步] 本地模式，初始资金: 10000.0 U
2026-04-24 15:25:42,851 | [账户监控] 无持仓
2026-04-24 15:25:43,931 | ⚠️ aggTrade行情断流2624秒！但底层连接存活，继续观察不重连...
2026-04-24 15:25:48,932 | ⚠️ aggTrade行情断流2629秒！但底层连接存活，继续观察不重连...
2026-04-24 15:25:50,851 | [余额同步] 本地模式，初始资金: 10000.0 U
2026-04-24 15:25:50,851 | [账户监控] 无持仓
2026-04-24 15:25:53,932 | ⚠️ aggTrade行情断流2634秒！但底层连接存活，继续观察不重连...
2026-04-24 15:25:58,852 | [余额同步] 本地模式，初始资金: 10000.0 U
2026-04-24 15:25:58,852 | [账户监控] 无持仓
2026-04-24 15:25:58,933 | ⚠️ aggTrade行情断流2639秒！但底层连接存活，继续观察不重连...
2026-04-24 15:26:03,933 | ⚠️ aggTrade行情断流2644秒！但底层连接存活，继续观察不重连...
2026-04-24 15:26:06,853 | [余额同步] 本地模式，初始资金: 10000.0 U
2026-04-24 15:26:06,853 | [账户监控] 无持仓
2026-04-24 15:26:08,934 | ⚠️ aggTrade行情断流2649秒！但底层连接存活，继续观察不重连...
2026-04-24 15:26:13,934 | ⚠️ aggTrade行情断流2654秒！但底层连接存活，继续观察不重连...
2026-04-24 15:26:14,854 | [余额同步] 本地模式，初始资金: 10000.0 U
2026-04-24 15:26:14,854 | [账户监控] 无持仓
2026-04-24 15:26:18,935 | ⚠️ aggTrade行情断流2659秒！但底层连接存活，继续观察不重连...
2026-04-24 15:26:22,854 | [余额同步] 本地模式，初始资金: 10000.0 U
2026-04-24 15:26:22,855 | [账户监控] 无持仓
2026-04-24 15:26:23,936 | ⚠️ aggTrade行情断流2664秒！但底层连接存活，继续观察不重连...
2026-04-24 15:26:28,936 | ⚠️ aggTrade行情断流2669秒！但底层连接存活，继续观察不重连...
2026-04-24 15:26:30,855 | [余额同步] 本地模式，初始资金: 10000.0 U
2026-04-24 15:26:30,855 | [账户监控] 无持仓
2026-04-24 15:26:33,937 | ⚠️ aggTrade行情断流2674秒！但底层连接存活，继续观察不重连...
2026-04-24 15:26:38,856 | [余额同步] 本地模式，初始资金: 10000.0 U
2026-04-24 15:26:38,856 | [账户监控] 无持仓
2026-04-24 15:26:38,937 | ⚠️ aggTrade行情断流2679秒！但底层连接存活，继续观察不重连...
2026-04-24 15:26:43,938 | ⚠️ aggTrade行情断流2684秒！但底层连接存活，继续观察不重连...
2026-04-24 15:26:46,856 | [余额同步] 本地模式，初始资金: 10000.0 U
2026-04-24 15:26:46,856 | [账户监控] 无持仓
2026-04-24 15:26:48,939 | ⚠️ aggTrade行情断流2689秒！但底层连接存活，继续观察不重连...
2026-04-24 15:26:53,940 | ⚠️ aggTrade行情断流2694秒！但底层连接存活，继续观察不重连...
2026-04-24 15:26:54,857 | [余额同步] 本地模式，初始资金: 10000.0 U
2026-04-24 15:26:54,857 | [账户监控] 无持仓
2026-04-24 15:26:58,940 | ⚠️ aggTrade行情断流2699秒！但底层连接存活，继续观察不重连...
2026-04-24 15:27:02,858 | [余额同步] 本地模式，初始资金: 10000.0 U
2026-04-24 15:27:02,858 | [账户监控] 无持仓
2026-04-24 15:27:03,941 | ⚠️ aggTrade行情断流2704秒！但底层连接存活，继续观察不重连...
2026-04-24 15:27:08,941 | ⚠️ aggTrade行情断流2709秒！但底层连接存活，继续观察不重连...
2026-04-24 15:27:10,859 | [余额同步] 本地模式，初始资金: 10000.0 U
2026-04-24 15:27:10,859 | [账户监控] 无持仓
2026-04-24 15:27:13,941 | ⚠️ aggTrade行情断流2714秒！但底层连接存活，继续观察不重连...
2026-04-24 15:27:18,859 | [余额同步] 本地模式，初始资金: 10000.0 U
2026-04-24 15:27:18,860 | [账户监控] 无持仓
2026-04-24 15:27:18,942 | ⚠️ aggTrade行情断流2719秒！但底层连接存活，继续观察不重连...
2026-04-24 15:27:23,943 | ⚠️ aggTrade行情断流2724秒！但底层连接存活，继续观察不重连...
2026-04-24 15:27:26,860 | [余额同步] 本地模式，初始资金: 10000.0 U
2026-04-24 15:27:26,860 | [账户监控] 无持仓
2026-04-24 15:27:28,943 | ⚠️ aggTrade行情断流2729秒！但底层连接存活，继续观察不重连...
2026-04-24 15:27:33,945 | ⚠️ aggTrade行情断流2734秒！但底层连接存活，继续观察不重连...
2026-04-24 15:27:34,861 | [余额同步] 本地模式，初始资金: 10000.0 U
2026-04-24 15:27:34,861 | [账户监控] 无持仓
2026-04-24 15:27:38,946 | ⚠️ aggTrade行情断流2739秒！但底层连接存活，继续观察不重连...
2026-04-24 15:27:42,861 | [余额同步] 本地模式，初始资金: 10000.0 U
2026-04-24 15:27:42,862 | [账户监控] 无持仓
2026-04-24 15:27:43,946 | ⚠️ aggTrade行情断流2744秒！但底层连接存活，继续观察不重连...
2026-04-24 15:27:48,946 | ⚠️ aggTrade行情断流2749秒！但底层连接存活，继续观察不重连...
2026-04-24 15:27:50,863 | [余额同步] 本地模式，初始资金: 10000.0 U
2026-04-24 15:27:50,863 | [账户监控] 无持仓
2026-04-24 15:27:53,947 | ⚠️ aggTrade行情断流2754秒！但底层连接存活，继续观察不重连...
2026-04-24 15:27:58,864 | [余额同步] 本地模式，初始资金: 10000.0 U
2026-04-24 15:27:58,864 | [账户监控] 无持仓
2026-04-24 15:27:58,948 | ⚠️ aggTrade行情断流2759秒！但底层连接存活，继续观察不重连...
2026-04-24 15:28:03,948 | ⚠️ aggTrade行情断流2764秒！但底层连接存活，继续观察不重连...
2026-04-24 15:28:06,865 | [余额同步] 本地模式，初始资金: 10000.0 U
2026-04-24 15:28:06,865 | [账户监控] 无持仓
2026-04-24 15:28:08,949 | ⚠️ aggTrade行情断流2769秒！但底层连接存活，继续观察不重连...
2026-04-24 15:28:13,949 | ⚠️ aggTrade行情断流2774秒！但底层连接存活，继续观察不重连...
2026-04-24 15:28:14,866 | [余额同步] 本地模式，初始资金: 10000.0 U
2026-04-24 15:28:14,866 | [账户监控] 无持仓
2026-04-24 15:28:18,950 | ⚠️ aggTrade行情断流2779秒！但底层连接存活，继续观察不重连...
2026-04-24 15:28:22,866 | [余额同步] 本地模式，初始资金: 10000.0 U
2026-04-24 15:28:22,866 | [账户监控] 无持仓
2026-04-24 15:28:23,951 | ⚠️ aggTrade行情断流2784秒！但底层连接存活，继续观察不重连...
2026-04-24 15:28:28,951 | ⚠️ aggTrade行情断流2789秒！但底层连接存活，继续观察不重连...
2026-04-24 15:28:30,867 | [余额同步] 本地模式，初始资金: 10000.0 U
2026-04-24 15:28:30,867 | [账户监控] 无持仓
2026-04-24 15:28:33,952 | ⚠️ aggTrade行情断流2794秒！但底层连接存活，继续观察不重连...
2026-04-24 15:28:38,868 | [余额同步] 本地模式，初始资金: 10000.0 U
2026-04-24 15:28:38,869 | [账户监控] 无持仓
2026-04-24 15:28:38,952 | ⚠️ aggTrade行情断流2799秒！但底层连接存活，继续观察不重连...
2026-04-24 15:28:43,953 | ⚠️ aggTrade行情断流2804秒！但底层连接存活，继续观察不重连...
2026-04-24 15:28:46,869 | [余额同步] 本地模式，初始资金: 10000.0 U
2026-04-24 15:28:46,869 | [账户监控] 无持仓
2026-04-24 15:28:48,953 | ⚠️ aggTrade行情断流2809秒！但底层连接存活，继续观察不重连...
2026-04-24 15:28:53,954 | ⚠️ aggTrade行情断流2814秒！但底层连接存活，继续观察不重连...
2026-04-24 15:28:54,870 | [余额同步] 本地模式，初始资金: 10000.0 U
2026-04-24 15:28:54,870 | [账户监控] 无持仓
2026-04-24 15:28:58,954 | ⚠️ aggTrade行情断流2819秒！但底层连接存活，继续观察不重连...
2026-04-24 15:29:02,871 | [余额同步] 本地模式，初始资金: 10000.0 U
2026-04-24 15:29:02,871 | [账户监控] 无持仓
2026-04-24 15:29:03,957 | ⚠️ aggTrade行情断流2824秒！但底层连接存活，继续观察不重连...
2026-04-24 15:29:08,957 | ⚠️ aggTrade行情断流2829秒！但底层连接存活，继续观察不重连...
2026-04-24 15:29:10,872 | [余额同步] 本地模式，初始资金: 10000.0 U
2026-04-24 15:29:10,873 | [账户监控] 无持仓
2026-04-24 15:29:11,866 | [程序退出]
