2026-04-24 21:10:41,867 | ======================================
2026-04-24 21:10:41,867 |  V23 流动性剃头皮策略 (防卡死+防幽灵+防抢跑增强版) 启动成功
2026-04-24 21:10:41,867 |  当前运行模式: 本地撮合 (测试网行情)
2026-04-24 21:10:41,867 |  策略: 流动性+Sweep+区间评分 | 启动盈利:0.01% | 止损:2.5% | 区间有效期:动态ATR自适应
2026-04-24 21:10:41,867 | ======================================
2026-04-24 21:10:45,098 | [历史K线] 正在拉取初始1分钟和15分钟K线数据...
2026-04-24 21:10:48,410 | [历史K线] 成功加载 14 根 1分钟K线
2026-04-24 21:10:53,602 | [历史K线] 拉取失败: HTTPSConnectionPool(host='fapi.binance.com', port=443): Read timed out. (read timeout=5)，等待WebSocket推送积累...
2026-04-24 21:10:53,614 | [余额同步] 本地模式，初始资金: 10000.0 U
2026-04-24 21:10:53,614 | [本地持仓] None
2026-04-24 21:10:53,616 | [余额同步] 本地模式，初始资金: 10000.0 U
2026-04-24 21:10:53,616 | [账户监控] 无持仓
2026-04-24 21:10:54,850 | Websocket connected
2026-04-24 21:10:54,851 | [WebSocket] 连接成功 ✅ (模式: 本地撮合-测试网行情)
2026-04-24 21:10:54,851 | [状态校准] 正在重新同步持仓与余额，清理幽灵状态...
2026-04-24 21:10:54,852 | [本地持仓] None
2026-04-24 21:10:55,352 | [余额同步] 本地模式，初始资金: 10000.0 U
2026-04-24 21:10:55,458 | [WebSocket] 行情订阅成功 ✅
2026-04-24 21:11:01,617 | [余额同步] 本地模式，初始资金: 10000.0 U
2026-04-24 21:11:01,617 | [账户监控] 无持仓
2026-04-24 21:11:09,618 | [余额同步] 本地模式，初始资金: 10000.0 U
2026-04-24 21:11:09,618 | [账户监控] 无持仓
2026-04-24 21:11:17,618 | [余额同步] 本地模式，初始资金: 10000.0 U
2026-04-24 21:11:17,618 | [账户监控] 无持仓
2026-04-24 21:11:25,619 | [余额同步] 本地模式，初始资金: 10000.0 U
2026-04-24 21:11:25,619 | [账户监控] 无持仓
2026-04-24 21:11:28,710 | ⚠️ aggTrade行情断流34秒！但底层连接存活，继续观察不重连...
2026-04-24 21:11:33,620 | [余额同步] 本地模式，初始资金: 10000.0 U
2026-04-24 21:11:33,620 | [账户监控] 无持仓
2026-04-24 21:11:33,711 | ⚠️ aggTrade行情断流39秒！但底层连接存活，继续观察不重连...
2026-04-24 21:11:38,712 | ⚠️ aggTrade行情断流44秒！但底层连接存活，继续观察不重连...
2026-04-24 21:11:41,620 | [余额同步] 本地模式，初始资金: 10000.0 U
2026-04-24 21:11:41,620 | [账户监控] 无持仓
2026-04-24 21:11:43,713 | ⚠️ aggTrade行情断流49秒！但底层连接存活，继续观察不重连...
2026-04-24 21:11:48,713 | ⚠️ aggTrade行情断流54秒！但底层连接存活，继续观察不重连...
2026-04-24 21:11:49,621 | [余额同步] 本地模式，初始资金: 10000.0 U
2026-04-24 21:11:49,621 | [账户监控] 无持仓
2026-04-24 21:11:53,714 | ⚠️ aggTrade行情断流59秒！但底层连接存活，继续观察不重连...
2026-04-24 21:11:57,622 | [余额同步] 本地模式，初始资金: 10000.0 U
2026-04-24 21:11:57,623 | [账户监控] 无持仓
2026-04-24 21:11:58,715 | ⚠️ aggTrade行情断流64秒！但底层连接存活，继续观察不重连...
2026-04-24 21:12:03,718 | ⚠️ aggTrade行情断流69秒！但底层连接存活，继续观察不重连...
2026-04-24 21:12:05,623 | [余额同步] 本地模式，初始资金: 10000.0 U
2026-04-24 21:12:05,623 | [账户监控] 无持仓
2026-04-24 21:12:08,718 | ⚠️ aggTrade行情断流74秒！但底层连接存活，继续观察不重连...
2026-04-24 21:12:13,624 | [余额同步] 本地模式，初始资金: 10000.0 U
2026-04-24 21:12:13,624 | [账户监控] 无持仓
2026-04-24 21:12:13,719 | ⚠️ aggTrade行情断流79秒！但底层连接存活，继续观察不重连...
2026-04-24 21:12:18,720 | ⚠️ aggTrade行情断流84秒！但底层连接存活，继续观察不重连...
2026-04-24 21:12:21,624 | [余额同步] 本地模式，初始资金: 10000.0 U
2026-04-24 21:12:21,624 | [账户监控] 无持仓
2026-04-24 21:12:23,720 | ⚠️ aggTrade行情断流89秒！但底层连接存活，继续观察不重连...
2026-04-24 21:12:28,721 | ⚠️ aggTrade行情断流94秒！但底层连接存活，继续观察不重连...
2026-04-24 21:12:29,625 | [余额同步] 本地模式，初始资金: 10000.0 U
2026-04-24 21:12:29,625 | [账户监控] 无持仓
2026-04-24 21:12:33,721 | ⚠️ aggTrade行情断流99秒！但底层连接存活，继续观察不重连...
2026-04-24 21:12:37,625 | [余额同步] 本地模式，初始资金: 10000.0 U
2026-04-24 21:12:37,625 | [账户监控] 无持仓
2026-04-24 21:12:38,722 | ⚠️ aggTrade行情断流104秒！但底层连接存活，继续观察不重连...
2026-04-24 21:12:43,771 | ⚠️ aggTrade行情断流109秒！但底层连接存活，继续观察不重连...
2026-04-24 21:12:45,686 | [余额同步] 本地模式，初始资金: 10000.0 U
2026-04-24 21:12:45,686 | [账户监控] 无持仓
2026-04-24 21:12:48,771 | ⚠️ aggTrade行情断流114秒！但底层连接存活，继续观察不重连...
2026-04-24 21:12:53,687 | [余额同步] 本地模式，初始资金: 10000.0 U
2026-04-24 21:12:53,687 | [账户监控] 无持仓
2026-04-24 21:12:53,772 | ⚠️ aggTrade行情断流119秒！但底层连接存活，继续观察不重连...
2026-04-24 21:12:56,401 | [程序退出]
