2026-04-26 21:06:26,344 | ======================================
2026-04-26 21:06:26,344 |  V23 流动性剃头皮策略 (防卡死+防幽灵+防抢跑增强版) 启动成功
2026-04-26 21:06:26,344 |  当前运行模式: 本地撮合 (测试网行情)
2026-04-26 21:06:26,345 |  策略: 流动性+Sweep+区间评分 | 启动盈利:0.01% | 止损:2.5% | 区间有效期:动态ATR自适应
2026-04-26 21:06:26,345 | ======================================
2026-04-26 21:06:27,328 | [时间同步] 完成
2026-04-26 21:06:27,330 | [历史K线] 正在拉取初始1分钟和15分钟K线数据...
2026-04-26 21:06:28,558 | [历史K线] 成功加载 14 根 1分钟K线
2026-04-26 21:06:29,429 | [历史K线] 成功加载 2 根 15分钟K线
2026-04-26 21:06:29,445 | [余额同步] 本地模式，初始资金: 10000.0 U
2026-04-26 21:06:29,445 | [本地持仓] None
2026-04-26 21:06:29,447 | [余额同步] 本地模式，初始资金: 10000.0 U
2026-04-26 21:06:29,447 | [账户监控] 无持仓
2026-04-26 21:06:30,364 | Websocket connected
2026-04-26 21:06:30,365 | [WebSocket] 连接成功 ✅ (模式: 本地撮合-测试网行情)
2026-04-26 21:06:30,365 | [状态校准] 正在重新同步持仓与余额，清理幽灵状态...
2026-04-26 21:06:30,365 | [本地持仓] None
2026-04-26 21:06:30,865 | [余额同步] 本地模式，初始资金: 10000.0 U
2026-04-26 21:06:31,064 | [WebSocket] 行情订阅成功 ✅
2026-04-26 21:06:31,359 | [价格] Last:77803.1 | Mark:N/A | 延迟:0.0s | aggDelay:0.0s
2026-04-26 21:06:31,360 | [V24开仓雷达] 1.震荡:✅(评分:75) | 2.基础:✅ | 3.盈亏比:✅(RR:3.70) | 4.靠轨:❌ | 5.过滤:❌ | 6.时效:✅ | 7.15m趋:⚠️(weak_short) | 8.K线阴阳:⚠️(yang) | 9.未收盘:✅(neutral) | 10.破轨:✅(none) | ==> 多🔴 空🔴
2026-04-26 21:06:33,384 | [V24开仓雷达] 1.震荡:✅(评分:80) | 2.基础:✅ | 3.盈亏比:✅(RR:3.70) | 4.靠轨:❌ | 5.过滤:❌ | 6.时效:✅ | 7.15m趋:⚠️(weak_short) | 8.K线阴阳:⚠️(yang) | 9.未收盘:✅(neutral) | 10.破轨:✅(none) | ==> 多🔴 空🔴
2026-04-26 21:06:35,579 | [V24开仓雷达] 1.震荡:✅(评分:80) | 2.基础:✅ | 3.盈亏比:✅(RR:3.70) | 4.靠轨:❌ | 5.过滤:✅ | 6.时效:✅ | 7.15m趋:⚠️(weak_short) | 8.K线阴阳:⚠️(yang) | 9.未收盘:✅(neutral) | 10.破轨:✅(none) | ==> 多🔴 空🔴
2026-04-26 21:06:35,579 | ✅ 本地挂单成功 SELL | 价格:77820 | 数量:0.003 | 平仓单:False
2026-04-26 21:06:36,686 | [价格] Last:77803.1 | Mark:77803.1 | 延迟:0.0s | aggDelay:0.0s
2026-04-26 21:06:37,448 | [余额同步] 本地模式，初始资金: 10000.0 U
2026-04-26 21:06:37,448 | [账户监控] 无持仓
2026-04-26 21:06:38,030 | [V24开仓雷达] 1.震荡:✅(评分:80) | 2.基础:✅ | 3.盈亏比:✅(RR:3.70) | 4.靠轨:❌ | 5.过滤:✅ | 6.时效:✅ | 7.15m趋:⚠️(weak_short) | 8.K线阴阳:⚠️(yang) | 9.未收盘:✅(neutral) | 10.破轨:✅(none) | ==> 多🔴 空🔴
2026-04-26 21:06:40,156 | [V24开仓雷达] 1.震荡:✅(评分:80) | 2.基础:✅ | 3.盈亏比:✅(RR:3.70) | 4.靠轨:❌ | 5.过滤:✅ | 6.时效:✅ | 7.15m趋:⚠️(weak_short) | 8.K线阴阳:⚠️(yang) | 9.未收盘:✅(neutral) | 10.破轨:✅(none) | ==> 多🔴 空🔴
2026-04-26 21:06:42,244 | [价格] Last:77803.0 | Mark:77803.24032609 | 延迟:0.0s | aggDelay:0.0s
2026-04-26 21:06:42,244 | [V24开仓雷达] 1.震荡:✅(评分:80) | 2.基础:✅ | 3.盈亏比:✅(RR:3.70) | 4.靠轨:❌ | 5.过滤:✅ | 6.时效:✅ | 7.15m趋:⚠️(weak_short) | 8.K线阴阳:⚠️(yang) | 9.未收盘:✅(neutral) | 10.破轨:✅(none) | ==> 多🔴 空🔴
2026-04-26 21:06:45,234 | [V24开仓雷达] 1.震荡:✅(评分:80) | 2.基础:✅ | 3.盈亏比:✅(RR:3.70) | 4.靠轨:❌ | 5.过滤:✅ | 6.时效:✅ | 7.15m趋:⚠️(weak_short) | 8.K线阴阳:⚠️(yang) | 9.未收盘:✅(neutral) | 10.破轨:✅(none) | ==> 多🔴 空🔴
2026-04-26 21:06:45,674 | [余额同步] 本地模式，初始资金: 10000.0 U
2026-04-26 21:06:45,674 | [账户监控] 无持仓
2026-04-26 21:06:47,338 | [价格] Last:77803.1 | Mark:77804.10160145 | 延迟:0.0s | aggDelay:0.0s
2026-04-26 21:06:47,339 | [V24开仓雷达] 1.震荡:✅(评分:80) | 2.基础:✅ | 3.盈亏比:✅(RR:3.70) | 4.靠轨:❌ | 5.过滤:✅ | 6.时效:✅ | 7.15m趋:⚠️(weak_short) | 8.K线阴阳:⚠️(yang) | 9.未收盘:✅(neutral) | 10.破轨:✅(none) | ==> 多🔴 空🔴
2026-04-26 21:06:49,527 | [V24开仓雷达] 1.震荡:✅(评分:80) | 2.基础:✅ | 3.盈亏比:✅(RR:3.70) | 4.靠轨:❌ | 5.过滤:✅ | 6.时效:✅ | 7.15m趋:⚠️(weak_short) | 8.K线阴阳:⚠️(yang) | 9.未收盘:✅(neutral) | 10.破轨:✅(none) | ==> 多🔴 空🔴
2026-04-26 21:06:51,543 | [V24开仓雷达] 1.震荡:✅(评分:80) | 2.基础:✅ | 3.盈亏比:✅(RR:3.70) | 4.靠轨:❌ | 5.过滤:✅ | 6.时效:✅ | 7.15m趋:⚠️(weak_short) | 8.K线阴阳:⚠️(yang) | 9.未收盘:✅(neutral) | 10.破轨:✅(none) | ==> 多🔴 空🔴
2026-04-26 21:06:52,717 | [价格] Last:77803.1 | Mark:77804.0046087 | 延迟:0.0s | aggDelay:0.0s
2026-04-26 21:06:53,675 | [余额同步] 本地模式，初始资金: 10000.0 U
2026-04-26 21:06:53,675 | [账户监控] 无持仓
2026-04-26 21:06:53,941 | [V24开仓雷达] 1.震荡:✅(评分:80) | 2.基础:✅ | 3.盈亏比:✅(RR:3.70) | 4.靠轨:❌ | 5.过滤:✅ | 6.时效:✅ | 7.15m趋:⚠️(weak_short) | 8.K线阴阳:⚠️(yang) | 9.未收盘:✅(neutral) | 10.破轨:✅(none) | ==> 多🔴 空🔴
2026-04-26 21:06:56,167 | [V24开仓雷达] 1.震荡:✅(评分:80) | 2.基础:✅ | 3.盈亏比:✅(RR:3.70) | 4.靠轨:❌ | 5.过滤:✅ | 6.时效:✅ | 7.15m趋:⚠️(weak_short) | 8.K线阴阳:⚠️(yang) | 9.未收盘:✅(neutral) | 10.破轨:✅(none) | ==> 多🔴 空🔴
2026-04-26 21:06:57,906 | [价格] Last:77803.1 | Mark:77803.94295652 | 延迟:0.0s | aggDelay:0.0s
2026-04-26 21:06:58,216 | [V24开仓雷达] 1.震荡:✅(评分:80) | 2.基础:✅ | 3.盈亏比:✅(RR:3.70) | 4.靠轨:❌ | 5.过滤:✅ | 6.时效:✅ | 7.15m趋:⚠️(weak_short) | 8.K线阴阳:⚠️(yang) | 9.未收盘:✅(neutral) | 10.破轨:✅(none) | ==> 多🔴 空🔴
2026-04-26 21:07:00,271 | [V24开仓雷达] 1.震荡:✅(评分:80) | 2.基础:✅ | 3.盈亏比:✅(RR:3.70) | 4.靠轨:❌ | 5.过滤:✅ | 6.时效:✅ | 7.15m趋:⚠️(weak_short) | 8.K线阴阳:⚠️(yang) | 9.未收盘:✅(neutral) | 10.破轨:✅(none) | ==> 多🔴 空🔴
2026-04-26 21:07:01,675 | [余额同步] 本地模式，初始资金: 10000.0 U
2026-04-26 21:07:01,675 | [账户监控] 无持仓
2026-04-26 21:07:02,525 | [V24开仓雷达] 1.震荡:✅(评分:80) | 2.基础:✅ | 3.盈亏比:✅(RR:3.48) | 4.靠轨:✅ | 5.过滤:✅ | 6.时效:✅ | 7.15m趋:⚠️(weak_short) | 8.K线阴阳:⚠️(yin) | 9.未收盘:✅(neutral) | 10.破轨:✅(none) | ==> 多🔴 空🔴
2026-04-26 21:07:03,122 | [价格] Last:77803.1 | Mark:77803.0 | 延迟:0.0s | aggDelay:0.0s
2026-04-26 21:07:04,701 | [V24开仓雷达] 1.震荡:✅(评分:80) | 2.基础:✅ | 3.盈亏比:✅(RR:3.48) | 4.靠轨:✅ | 5.过滤:✅ | 6.时效:✅ | 7.15m趋:⚠️(weak_short) | 8.K线阴阳:⚠️(yin) | 9.未收盘:✅(neutral) | 10.破轨:✅(none) | ==> 多🔴 空🔴
2026-04-26 21:07:06,865 | [V24开仓雷达] 1.震荡:✅(评分:80) | 2.基础:✅ | 3.盈亏比:✅(RR:3.48) | 4.靠轨:❌ | 5.过滤:✅ | 6.时效:✅ | 7.15m趋:⚠️(weak_short) | 8.K线阴阳:⚠️(yin) | 9.未收盘:⚠️(bear) | 10.破轨:✅(none) | ==> 多🔴 空🔴
2026-04-26 21:07:09,641 | [价格] Last:77781.1 | Mark:77796.99318116 | 延迟:0.0s | aggDelay:0.0s
2026-04-26 21:07:09,641 | [V24开仓雷达] 1.震荡:✅(评分:80) | 2.基础:✅ | 3.盈亏比:✅(RR:3.48) | 4.靠轨:❌ | 5.过滤:✅ | 6.时效:✅ | 7.15m趋:⚠️(weak_short) | 8.K线阴阳:⚠️(yin) | 9.未收盘:⚠️(bear) | 10.破轨:✅(none) | ==> 多🔴 空🔴
2026-04-26 21:07:09,676 | [余额同步] 本地模式，初始资金: 10000.0 U
2026-04-26 21:07:09,676 | [账户监控] 无持仓
2026-04-26 21:07:12,214 | [V24开仓雷达] 1.震荡:✅(评分:80) | 2.基础:✅ | 3.盈亏比:✅(RR:3.48) | 4.靠轨:❌ | 5.过滤:✅ | 6.时效:✅ | 7.15m趋:⚠️(weak_short) | 8.K线阴阳:⚠️(yin) | 9.未收盘:⚠️(bear) | 10.破轨:✅(none) | ==> 多🔴 空🔴
2026-04-26 21:07:14,300 | [V24开仓雷达] 1.震荡:✅(评分:80) | 2.基础:✅ | 3.盈亏比:✅(RR:3.48) | 4.靠轨:❌ | 5.过滤:✅ | 6.时效:✅ | 7.15m趋:⚠️(weak_short) | 8.K线阴阳:⚠️(yin) | 9.未收盘:⚠️(bear) | 10.破轨:✅(none) | ==> 多🔴 空🔴
2026-04-26 21:07:15,378 | [价格] Last:77781.0 | Mark:77783.40934058 | 延迟:0.0s | aggDelay:0.0s
2026-04-26 21:07:16,868 | [V24开仓雷达] 1.震荡:✅(评分:80) | 2.基础:✅ | 3.盈亏比:✅(RR:3.48) | 4.靠轨:❌ | 5.过滤:✅ | 6.时效:✅ | 7.15m趋:⚠️(weak_short) | 8.K线阴阳:⚠️(yin) | 9.未收盘:⚠️(bear) | 10.破轨:✅(none) | ==> 多🔴 空🔴
2026-04-26 21:07:17,676 | [余额同步] 本地模式，初始资金: 10000.0 U
2026-04-26 21:07:17,676 | [账户监控] 无持仓
2026-04-26 21:07:19,285 | [V24开仓雷达] 1.震荡:✅(评分:80) | 2.基础:✅ | 3.盈亏比:✅(RR:3.48) | 4.靠轨:❌ | 5.过滤:✅ | 6.时效:✅ | 7.15m趋:⚠️(weak_short) | 8.K线阴阳:⚠️(yin) | 9.未收盘:⚠️(bear) | 10.破轨:✅(none) | ==> 多🔴 空🔴
2026-04-26 21:07:20,643 | [价格] Last:77781.0 | Mark:77781.0 | 延迟:0.0s | aggDelay:0.0s
2026-04-26 21:07:21,569 | [V24开仓雷达] 1.震荡:✅(评分:80) | 2.基础:✅ | 3.盈亏比:✅(RR:3.48) | 4.靠轨:❌ | 5.过滤:✅ | 6.时效:✅ | 7.15m趋:⚠️(weak_short) | 8.K线阴阳:⚠️(yin) | 9.未收盘:⚠️(bear) | 10.破轨:✅(none) | ==> 多🔴 空🔴
2026-04-26 21:07:24,839 | [V24开仓雷达] 1.震荡:✅(评分:80) | 2.基础:✅ | 3.盈亏比:✅(RR:3.48) | 4.靠轨:❌ | 5.过滤:✅ | 6.时效:✅ | 7.15m趋:⚠️(weak_short) | 8.K线阴阳:⚠️(yin) | 9.未收盘:⚠️(bear) | 10.破轨:✅(none) | ==> 多🔴 空🔴
2026-04-26 21:07:25,677 | [余额同步] 本地模式，初始资金: 10000.0 U
2026-04-26 21:07:25,677 | [账户监控] 无持仓
2026-04-26 21:07:26,091 | [价格] Last:77783.0 | Mark:77783.1 | 延迟:0.0s | aggDelay:0.0s
2026-04-26 21:07:27,046 | [V24开仓雷达] 1.震荡:✅(评分:80) | 2.基础:✅ | 3.盈亏比:✅(RR:3.48) | 4.靠轨:❌ | 5.过滤:✅ | 6.时效:✅ | 7.15m趋:⚠️(weak_short) | 8.K线阴阳:⚠️(yin) | 9.未收盘:⚠️(bear) | 10.破轨:✅(none) | ==> 多🔴 空🔴
2026-04-26 21:07:29,925 | [V24开仓雷达] 1.震荡:✅(评分:80) | 2.基础:✅ | 3.盈亏比:✅(RR:3.48) | 4.靠轨:❌ | 5.过滤:✅ | 6.时效:✅ | 7.15m趋:⚠️(weak_short) | 8.K线阴阳:⚠️(yin) | 9.未收盘:⚠️(bear) | 10.破轨:✅(none) | ==> 多🔴 空🔴
2026-04-26 21:07:31,214 | [价格] Last:77783.0 | Mark:77783.0 | 延迟:0.0s | aggDelay:0.0s
2026-04-26 21:07:32,119 | [V24开仓雷达] 1.震荡:✅(评分:80) | 2.基础:✅ | 3.盈亏比:✅(RR:3.48) | 4.靠轨:❌ | 5.过滤:✅ | 6.时效:✅ | 7.15m趋:⚠️(weak_short) | 8.K线阴阳:⚠️(yin) | 9.未收盘:⚠️(bear) | 10.破轨:✅(none) | ==> 多🔴 空🔴
2026-04-26 21:07:33,678 | [余额同步] 本地模式，初始资金: 10000.0 U
2026-04-26 21:07:33,678 | [账户监控] 无持仓
2026-04-26 21:07:34,527 | [V24开仓雷达] 1.震荡:✅(评分:80) | 2.基础:✅ | 3.盈亏比:✅(RR:3.48) | 4.靠轨:❌ | 5.过滤:✅ | 6.时效:✅ | 7.15m趋:⚠️(weak_short) | 8.K线阴阳:⚠️(yin) | 9.未收盘:⚠️(bear) | 10.破轨:✅(none) | ==> 多🔴 空🔴
2026-04-26 21:07:36,753 | [价格] Last:77783.0 | Mark:77783.0 | 延迟:0.0s | aggDelay:0.0s
2026-04-26 21:07:36,753 | [V24开仓雷达] 1.震荡:✅(评分:80) | 2.基础:✅ | 3.盈亏比:✅(RR:3.48) | 4.靠轨:❌ | 5.过滤:✅ | 6.时效:✅ | 7.15m趋:⚠️(weak_short) | 8.K线阴阳:⚠️(yin) | 9.未收盘:⚠️(bear) | 10.破轨:✅(none) | ==> 多🔴 空🔴
2026-04-26 21:07:39,084 | [V24开仓雷达] 1.震荡:✅(评分:80) | 2.基础:✅ | 3.盈亏比:✅(RR:3.48) | 4.靠轨:❌ | 5.过滤:✅ | 6.时效:✅ | 7.15m趋:⚠️(weak_short) | 8.K线阴阳:⚠️(yin) | 9.未收盘:⚠️(bear) | 10.破轨:✅(none) | ==> 多🔴 空🔴
2026-04-26 21:07:41,208 | [V24开仓雷达] 1.震荡:✅(评分:80) | 2.基础:✅ | 3.盈亏比:✅(RR:3.48) | 4.靠轨:❌ | 5.过滤:✅ | 6.时效:✅ | 7.15m趋:⚠️(weak_short) | 8.K线阴阳:⚠️(yin) | 9.未收盘:⚠️(bear) | 10.破轨:✅(none) | ==> 多🔴 空🔴
2026-04-26 21:07:41,679 | [余额同步] 本地模式，初始资金: 10000.0 U
2026-04-26 21:07:41,679 | [账户监控] 无持仓
2026-04-26 21:07:42,197 | [价格] Last:77783.0 | Mark:77783.0 | 延迟:0.0s | aggDelay:0.0s
2026-04-26 21:07:43,521 | [V24开仓雷达] 1.震荡:✅(评分:80) | 2.基础:✅ | 3.盈亏比:✅(RR:3.48) | 4.靠轨:❌ | 5.过滤:✅ | 6.时效:✅ | 7.15m趋:⚠️(weak_short) | 8.K线阴阳:⚠️(yin) | 9.未收盘:⚠️(bear) | 10.破轨:✅(none) | ==> 多🔴 空🔴
2026-04-26 21:07:45,829 | [V24开仓雷达] 1.震荡:✅(评分:80) | 2.基础:✅ | 3.盈亏比:✅(RR:3.48) | 4.靠轨:❌ | 5.过滤:✅ | 6.时效:✅ | 7.15m趋:⚠️(weak_short) | 8.K线阴阳:⚠️(yin) | 9.未收盘:⚠️(bear) | 10.破轨:✅(none) | ==> 多🔴 空🔴
2026-04-26 21:07:47,511 | [价格] Last:77783.1 | Mark:77783.0 | 延迟:0.0s | aggDelay:0.0s
2026-04-26 21:07:48,229 | [V24开仓雷达] 1.震荡:✅(评分:80) | 2.基础:✅ | 3.盈亏比:✅(RR:3.48) | 4.靠轨:❌ | 5.过滤:✅ | 6.时效:✅ | 7.15m趋:⚠️(weak_short) | 8.K线阴阳:⚠️(yin) | 9.未收盘:⚠️(bear) | 10.破轨:✅(none) | ==> 多🔴 空🔴
2026-04-26 21:07:49,679 | [余额同步] 本地模式，初始资金: 10000.0 U
2026-04-26 21:07:49,680 | [账户监控] 无持仓
2026-04-26 21:07:50,311 | [V24开仓雷达] 1.震荡:✅(评分:80) | 2.基础:✅ | 3.盈亏比:✅(RR:3.48) | 4.靠轨:❌ | 5.过滤:✅ | 6.时效:✅ | 7.15m趋:⚠️(weak_short) | 8.K线阴阳:⚠️(yin) | 9.未收盘:⚠️(bear) | 10.破轨:✅(none) | ==> 多🔴 空🔴
2026-04-26 21:07:52,415 | [V24开仓雷达] 1.震荡:✅(评分:80) | 2.基础:✅ | 3.盈亏比:✅(RR:3.48) | 4.靠轨:❌ | 5.过滤:✅ | 6.时效:✅ | 7.15m趋:⚠️(weak_short) | 8.K线阴阳:⚠️(yin) | 9.未收盘:⚠️(bear) | 10.破轨:✅(none) | ==> 多🔴 空🔴
2026-04-26 21:07:52,754 | [价格] Last:77783.1 | Mark:77783.0 | 延迟:0.0s | aggDelay:0.0s
2026-04-26 21:07:54,820 | [V24开仓雷达] 1.震荡:✅(评分:80) | 2.基础:✅ | 3.盈亏比:✅(RR:3.48) | 4.靠轨:❌ | 5.过滤:✅ | 6.时效:✅ | 7.15m趋:⚠️(weak_short) | 8.K线阴阳:⚠️(yin) | 9.未收盘:⚠️(bear) | 10.破轨:✅(none) | ==> 多🔴 空🔴
2026-04-26 21:07:56,871 | [V24开仓雷达] 1.震荡:✅(评分:80) | 2.基础:✅ | 3.盈亏比:✅(RR:3.48) | 4.靠轨:❌ | 5.过滤:✅ | 6.时效:✅ | 7.15m趋:⚠️(weak_short) | 8.K线阴阳:⚠️(yin) | 9.未收盘:⚠️(bear) | 10.破轨:✅(none) | ==> 多🔴 空🔴
2026-04-26 21:07:57,680 | [余额同步] 本地模式，初始资金: 10000.0 U
2026-04-26 21:07:57,680 | [账户监控] 无持仓
2026-04-26 21:07:57,772 | [价格] Last:77783.0 | Mark:77783.0 | 延迟:0.0s | aggDelay:0.0s
2026-04-26 21:07:58,908 | [V24开仓雷达] 1.震荡:✅(评分:80) | 2.基础:✅ | 3.盈亏比:✅(RR:3.48) | 4.靠轨:❌ | 5.过滤:✅ | 6.时效:✅ | 7.15m趋:⚠️(weak_short) | 8.K线阴阳:⚠️(yin) | 9.未收盘:⚠️(bear) | 10.破轨:✅(none) | ==> 多🔴 空🔴
2026-04-26 21:08:01,306 | [V24开仓雷达] 1.震荡:❌(评分:80) | 2.基础:✅ | 3.盈亏比:✅(RR:3.48) | 4.靠轨:❌ | 5.过滤:✅ | 6.时效:✅ | 7.15m趋:⚠️(strong_short) | 8.K线阴阳:⚠️(yin) | 9.未收盘:✅(neutral) | 10.破轨:✅(none) | ==> 多🔴 空🔴
2026-04-26 21:08:03,292 | [价格] Last:77783.1 | Mark:77783.1 | 延迟:0.0s | aggDelay:0.0s
2026-04-26 21:08:03,593 | [V24开仓雷达] 1.震荡:❌(评分:80) | 2.基础:✅ | 3.盈亏比:✅(RR:3.48) | 4.靠轨:❌ | 5.过滤:✅ | 6.时效:✅ | 7.15m趋:⚠️(strong_short) | 8.K线阴阳:⚠️(yin) | 9.未收盘:✅(neutral) | 10.破轨:✅(none) | ==> 多🔴 空🔴
2026-04-26 21:08:05,681 | [余额同步] 本地模式，初始资金: 10000.0 U
2026-04-26 21:08:05,681 | [账户监控] 无持仓
2026-04-26 21:08:05,777 | [V24开仓雷达] 1.震荡:❌(评分:80) | 2.基础:✅ | 3.盈亏比:✅(RR:3.48) | 4.靠轨:❌ | 5.过滤:✅ | 6.时效:✅ | 7.15m趋:⚠️(strong_short) | 8.K线阴阳:⚠️(yin) | 9.未收盘:✅(neutral) | 10.破轨:✅(none) | ==> 多🔴 空🔴
2026-04-26 21:08:07,910 | [V24开仓雷达] 1.震荡:❌(评分:80) | 2.基础:✅ | 3.盈亏比:✅(RR:3.48) | 4.靠轨:❌ | 5.过滤:✅ | 6.时效:✅ | 7.15m趋:⚠️(strong_short) | 8.K线阴阳:⚠️(yin) | 9.未收盘:✅(neutral) | 10.破轨:✅(none) | ==> 多🔴 空🔴
2026-04-26 21:08:09,178 | [价格] Last:77783.0 | Mark:77783.0 | 延迟:0.0s | aggDelay:0.0s
2026-04-26 21:08:10,064 | [V24开仓雷达] 1.震荡:❌(评分:80) | 2.基础:✅ | 3.盈亏比:✅(RR:3.48) | 4.靠轨:❌ | 5.过滤:✅ | 6.时效:✅ | 7.15m趋:⚠️(strong_short) | 8.K线阴阳:⚠️(yin) | 9.未收盘:✅(neutral) | 10.破轨:✅(none) | ==> 多🔴 空🔴
2026-04-26 21:08:12,747 | [V24开仓雷达] 1.震荡:❌(评分:80) | 2.基础:✅ | 3.盈亏比:✅(RR:3.48) | 4.靠轨:❌ | 5.过滤:✅ | 6.时效:✅ | 7.15m趋:⚠️(strong_short) | 8.K线阴阳:⚠️(yin) | 9.未收盘:✅(neutral) | 10.破轨:✅(none) | ==> 多🔴 空🔴
2026-04-26 21:08:13,703 | [余额同步] 本地模式，初始资金: 10000.0 U
2026-04-26 21:08:13,703 | [账户监控] 无持仓
2026-04-26 21:08:14,468 | [价格] Last:77783.0 | Mark:77783.1 | 延迟:0.0s | aggDelay:0.0s
2026-04-26 21:08:15,038 | [V24开仓雷达] 1.震荡:❌(评分:80) | 2.基础:✅ | 3.盈亏比:✅(RR:3.48) | 4.靠轨:❌ | 5.过滤:✅ | 6.时效:✅ | 7.15m趋:⚠️(strong_short) | 8.K线阴阳:⚠️(yin) | 9.未收盘:✅(neutral) | 10.破轨:✅(none) | ==> 多🔴 空🔴
2026-04-26 21:08:17,532 | [V24开仓雷达] 1.震荡:❌(评分:80) | 2.基础:✅ | 3.盈亏比:✅(RR:3.48) | 4.靠轨:❌ | 5.过滤:✅ | 6.时效:✅ | 7.15m趋:⚠️(strong_short) | 8.K线阴阳:⚠️(yin) | 9.未收盘:✅(neutral) | 10.破轨:✅(none) | ==> 多🔴 空🔴
2026-04-26 21:08:19,474 | [价格] Last:77783.3 | Mark:77783.4 | 延迟:0.0s | aggDelay:0.0s
2026-04-26 21:08:20,165 | [V24开仓雷达] 1.震荡:❌(评分:80) | 2.基础:✅ | 3.盈亏比:✅(RR:3.48) | 4.靠轨:❌ | 5.过滤:✅ | 6.时效:✅ | 7.15m趋:⚠️(strong_short) | 8.K线阴阳:⚠️(yin) | 9.未收盘:✅(neutral) | 10.破轨:✅(none) | ==> 多🔴 空🔴
2026-04-26 21:08:21,705 | [余额同步] 本地模式，初始资金: 10000.0 U
2026-04-26 21:08:21,705 | [账户监控] 无持仓
2026-04-26 21:08:22,255 | [V24开仓雷达] 1.震荡:❌(评分:80) | 2.基础:✅ | 3.盈亏比:✅(RR:3.48) | 4.靠轨:❌ | 5.过滤:✅ | 6.时效:✅ | 7.15m趋:⚠️(strong_short) | 8.K线阴阳:⚠️(yin) | 9.未收盘:✅(neutral) | 10.破轨:✅(none) | ==> 多🔴 空🔴
2026-04-26 21:08:24,270 | [V24开仓雷达] 1.震荡:❌(评分:80) | 2.基础:✅ | 3.盈亏比:✅(RR:3.48) | 4.靠轨:❌ | 5.过滤:✅ | 6.时效:✅ | 7.15m趋:⚠️(strong_short) | 8.K线阴阳:⚠️(yin) | 9.未收盘:✅(neutral) | 10.破轨:✅(none) | ==> 多🔴 空🔴
2026-04-26 21:08:24,709 | [价格] Last:77791.4 | Mark:77783.57645652 | 延迟:0.0s | aggDelay:0.0s
2026-04-26 21:08:26,457 | [V24开仓雷达] 1.震荡:❌(评分:80) | 2.基础:✅ | 3.盈亏比:✅(RR:3.48) | 4.靠轨:❌ | 5.过滤:✅ | 6.时效:✅ | 7.15m趋:⚠️(strong_short) | 8.K线阴阳:⚠️(yin) | 9.未收盘:✅(neutral) | 10.破轨:✅(none) | ==> 多🔴 空🔴
2026-04-26 21:08:28,484 | [V24开仓雷达] 1.震荡:❌(评分:80) | 2.基础:✅ | 3.盈亏比:✅(RR:3.48) | 4.靠轨:❌ | 5.过滤:✅ | 6.时效:✅ | 7.15m趋:⚠️(strong_short) | 8.K线阴阳:⚠️(yin) | 9.未收盘:✅(neutral) | 10.破轨:✅(none) | ==> 多🔴 空🔴
2026-04-26 21:08:29,706 | [余额同步] 本地模式，初始资金: 10000.0 U
2026-04-26 21:08:29,706 | [账户监控] 无持仓
2026-04-26 21:08:30,278 | [价格] Last:77791.5 | Mark:77793.61117391 | 延迟:0.0s | aggDelay:0.0s
2026-04-26 21:08:30,608 | [V24开仓雷达] 1.震荡:❌(评分:80) | 2.基础:✅ | 3.盈亏比:✅(RR:3.48) | 4.靠轨:❌ | 5.过滤:✅ | 6.时效:✅ | 7.15m趋:⚠️(strong_short) | 8.K线阴阳:⚠️(yin) | 9.未收盘:✅(neutral) | 10.破轨:✅(none) | ==> 多🔴 空🔴
2026-04-26 21:08:32,958 | [V24开仓雷达] 1.震荡:❌(评分:80) | 2.基础:✅ | 3.盈亏比:✅(RR:3.48) | 4.靠轨:❌ | 5.过滤:✅ | 6.时效:✅ | 7.15m趋:⚠️(strong_short) | 8.K线阴阳:⚠️(yin) | 9.未收盘:✅(neutral) | 10.破轨:✅(none) | ==> 多🔴 空🔴
2026-04-26 21:08:35,066 | [V24开仓雷达] 1.震荡:❌(评分:80) | 2.基础:✅ | 3.盈亏比:✅(RR:3.48) | 4.靠轨:❌ | 5.过滤:✅ | 6.时效:✅ | 7.15m趋:⚠️(strong_short) | 8.K线阴阳:⚠️(yin) | 9.未收盘:✅(neutral) | 10.破轨:✅(none) | ==> 多🔴 空🔴
2026-04-26 21:08:35,509 | [价格] Last:77791.5 | Mark:77793.37982009 | 延迟:0.0s | aggDelay:0.0s
2026-04-26 21:08:37,315 | [V24开仓雷达] 1.震荡:❌(评分:80) | 2.基础:✅ | 3.盈亏比:✅(RR:3.48) | 4.靠轨:❌ | 5.过滤:✅ | 6.时效:✅ | 7.15m趋:⚠️(strong_short) | 8.K线阴阳:⚠️(yin) | 9.未收盘:✅(neutral) | 10.破轨:✅(none) | ==> 多🔴 空🔴
2026-04-26 21:08:37,706 | [余额同步] 本地模式，初始资金: 10000.0 U
2026-04-26 21:08:37,706 | [账户监控] 无持仓
2026-04-26 21:08:39,684 | [V24开仓雷达] 1.震荡:❌(评分:80) | 2.基础:✅ | 3.盈亏比:✅(RR:3.48) | 4.靠轨:❌ | 5.过滤:✅ | 6.时效:✅ | 7.15m趋:⚠️(strong_short) | 8.K线阴阳:⚠️(yin) | 9.未收盘:✅(neutral) | 10.破轨:✅(none) | ==> 多🔴 空🔴
2026-04-26 21:08:40,791 | [价格] Last:77800.0 | Mark:77798.1 | 延迟:0.0s | aggDelay:0.0s
2026-04-26 21:08:41,857 | [V24开仓雷达] 1.震荡:❌(评分:80) | 2.基础:✅ | 3.盈亏比:✅(RR:3.48) | 4.靠轨:✅ | 5.过滤:✅ | 6.时效:✅ | 7.15m趋:⚠️(strong_short) | 8.K线阴阳:⚠️(yin) | 9.未收盘:⚠️(bull) | 10.破轨:✅(none) | ==> 多🔴 空🔴
2026-04-26 21:08:44,376 | [V24开仓雷达] 1.震荡:❌(评分:80) | 2.基础:✅ | 3.盈亏比:✅(RR:3.48) | 4.靠轨:✅ | 5.过滤:✅ | 6.时效:✅ | 7.15m趋:⚠️(strong_short) | 8.K线阴阳:⚠️(yin) | 9.未收盘:⚠️(bull) | 10.破轨:✅(none) | ==> 多🔴 空🔴
2026-04-26 21:08:45,707 | [余额同步] 本地模式，初始资金: 10000.0 U
2026-04-26 21:08:45,707 | [账户监控] 无持仓
2026-04-26 21:08:45,981 | [价格] Last:77808.2 | Mark:77808.2 | 延迟:0.0s | aggDelay:0.0s
2026-04-26 21:08:46,516 | [V24开仓雷达] 1.震荡:❌(评分:80) | 2.基础:✅ | 3.盈亏比:✅(RR:3.48) | 4.靠轨:✅ | 5.过滤:✅ | 6.时效:✅ | 7.15m趋:⚠️(strong_short) | 8.K线阴阳:⚠️(yin) | 9.未收盘:⚠️(bull) | 10.破轨:✅(none) | ==> 多🔴 空🔴
2026-04-26 21:08:48,658 | [V24开仓雷达] 1.震荡:❌(评分:80) | 2.基础:✅ | 3.盈亏比:✅(RR:3.48) | 4.靠轨:✅ | 5.过滤:✅ | 6.时效:✅ | 7.15m趋:⚠️(strong_short) | 8.K线阴阳:⚠️(yin) | 9.未收盘:⚠️(bull) | 10.破轨:✅(none) | ==> 多🔴 空🔴
2026-04-26 21:08:50,737 | [V24开仓雷达] 1.震荡:❌(评分:80) | 2.基础:✅ | 3.盈亏比:✅(RR:3.48) | 4.靠轨:✅ | 5.过滤:✅ | 6.时效:✅ | 7.15m趋:⚠️(strong_short) | 8.K线阴阳:⚠️(yin) | 9.未收盘:⚠️(bull) | 10.破轨:✅(none) | ==> 多🔴 空🔴
2026-04-26 21:08:51,004 | [价格] Last:77816.2 | Mark:77808.2 | 延迟:0.0s | aggDelay:0.0s
2026-04-26 21:08:52,064 | 🎉 [本地限价单成交] SELL | 成交价:77820.0 | 数量:0.003 | 记录开仓ATR:22.0
2026-04-26 21:08:52,376 | [本地持仓状态-ROI修正] short | 当前ROI:-0.00% | 最高ROI:-0.00% | 状态面板: 止盈锁定🔒 当前ROI:-0.00%<=0.08%
2026-04-26 21:08:53,708 | [余额同步] 本地模式，初始资金: 10000.0 U
2026-04-26 21:08:53,708 | [本地账户监控] short | 数量:0.003 | 均价:77820.0 | 现价:77820.0 | 浮盈:0.00U | ROI:0.00%
2026-04-26 21:08:54,540 | [本地持仓状态-ROI修正] short | 当前ROI:-0.00% | 最高ROI:-0.00% | 状态面板: 止盈锁定🔒 当前ROI:-0.00%<=0.08%
2026-04-26 21:08:56,731 | [价格] Last:77820.1 | Mark:77820.1 | 延迟:0.0s | aggDelay:0.0s
2026-04-26 21:08:56,731 | [本地持仓状态-ROI修正] short | 当前ROI:-0.00% | 最高ROI:-0.00% | 状态面板: 止盈锁定🔒 当前ROI:-0.00%<=0.08%
2026-04-26 21:08:58,777 | [本地持仓状态-ROI修正] short | 当前ROI:-0.10% | 最高ROI:-0.10% | 状态面板: 止盈锁定🔒 当前ROI:-0.10%<=0.08%
2026-04-26 21:09:00,854 | [本地持仓状态-ROI修正] short | 当前ROI:-0.42% | 最高ROI:-0.42% | 状态面板: 止盈锁定🔒 当前ROI:-0.42%<=0.08%
2026-04-26 21:09:01,708 | [余额同步] 本地模式，初始资金: 10000.0 U
2026-04-26 21:09:01,708 | [本地账户监控] short | 数量:0.003 | 均价:77820.0 | 现价:77836.1 | 浮盈:-0.05U | ROI:-0.41%
2026-04-26 21:09:01,901 | [价格] Last:77836.2 | Mark:77831.9 | 延迟:0.0s | aggDelay:0.0s
2026-04-26 21:09:03,161 | [本地持仓状态-ROI修正] short | 当前ROI:-0.42% | 最高ROI:-0.42% | 状态面板: 止盈锁定🔒 当前ROI:-0.42%<=0.08%
2026-04-26 21:09:05,524 | [本地持仓状态-ROI修正] short | 当前ROI:-0.49% | 最高ROI:-0.49% | 状态面板: 止盈锁定🔒 当前ROI:-0.49%<=0.08%
2026-04-26 21:09:07,101 | [价格] Last:77839.0 | Mark:77839.28267391 | 延迟:0.0s | aggDelay:0.0s
2026-04-26 21:09:07,772 | [本地持仓状态-ROI修正] short | 当前ROI:-0.49% | 最高ROI:-0.49% | 状态面板: 止盈锁定🔒 当前ROI:-0.49%<=0.08%
2026-04-26 21:09:09,709 | [余额同步] 本地模式，初始资金: 10000.0 U
2026-04-26 21:09:09,709 | [本地账户监控] short | 数量:0.003 | 均价:77820.0 | 现价:77846.0 | 浮盈:-0.08U | ROI:-0.67%
2026-04-26 21:09:09,841 | [本地持仓状态-ROI修正] short | 当前ROI:-0.67% | 最高ROI:-0.67% | 状态面板: 止盈锁定🔒 当前ROI:-0.67%<=0.08%
2026-04-26 21:09:11,979 | [本地持仓状态-ROI修正] short | 当前ROI:-0.77% | 最高ROI:-0.77% | 状态面板: 止盈锁定🔒 当前ROI:-0.77%<=0.08%
2026-04-26 21:09:12,303 | [价格] Last:77856.3 | Mark:77846.0 | 延迟:0.0s | aggDelay:0.0s
2026-04-26 21:09:14,065 | [本地持仓状态-ROI修正] short | 当前ROI:-0.75% | 最高ROI:-0.75% | 状态面板: 止盈锁定🔒 当前ROI:-0.75%<=0.08%
2026-04-26 21:09:16,239 | [本地持仓状态-ROI修正] short | 当前ROI:-0.65% | 最高ROI:-0.65% | 状态面板: 止盈锁定🔒 当前ROI:-0.65%<=0.08%
2026-04-26 21:09:17,478 | [价格] Last:77845.1 | Mark:77859.14486232 | 延迟:0.0s | aggDelay:0.0s
2026-04-26 21:09:17,715 | [余额同步] 本地模式，初始资金: 10000.0 U
2026-04-26 21:09:17,715 | [本地账户监控] short | 数量:0.003 | 均价:77820.0 | 现价:77845.0 | 浮盈:-0.07U | ROI:-0.64%
2026-04-26 21:09:18,471 | [本地持仓状态-ROI修正] short | 当前ROI:-0.65% | 最高ROI:-0.65% | 状态面板: 止盈锁定🔒 当前ROI:-0.65%<=0.08%
2026-04-26 21:09:20,627 | [本地持仓状态-ROI修正] short | 当前ROI:-0.65% | 最高ROI:-0.65% | 状态面板: 止盈锁定🔒 当前ROI:-0.65%<=0.08%
2026-04-26 21:09:22,556 | [价格] Last:77844.0 | Mark:77854.82417391 | 延迟:0.0s | aggDelay:0.0s
2026-04-26 21:09:22,920 | [本地持仓状态-ROI修正] short | 当前ROI:-0.62% | 最高ROI:-0.62% | 状态面板: 止盈锁定🔒 当前ROI:-0.62%<=0.08%
2026-04-26 21:09:25,468 | [本地持仓状态-ROI修正] short | 当前ROI:-0.62% | 最高ROI:-0.62% | 状态面板: 止盈锁定🔒 当前ROI:-0.62%<=0.08%
2026-04-26 21:09:25,716 | [余额同步] 本地模式，初始资金: 10000.0 U
2026-04-26 21:09:25,716 | [本地账户监控] short | 数量:0.003 | 均价:77820.0 | 现价:77845.1 | 浮盈:-0.08U | ROI:-0.65%
2026-04-26 21:09:27,566 | [价格] Last:77851.9 | Mark:77851.6645942 | 延迟:0.0s | aggDelay:0.0s
2026-04-26 21:09:27,567 | [本地持仓状态-ROI修正] short | 当前ROI:-0.82% | 最高ROI:-0.82% | 状态面板: 止盈锁定🔒 当前ROI:-0.82%<=0.08%
2026-04-26 21:09:29,676 | [本地持仓状态-ROI修正] short | 当前ROI:-0.82% | 最高ROI:-0.82% | 状态面板: 止盈锁定🔒 当前ROI:-0.82%<=0.08%
2026-04-26 21:09:31,679 | [本地持仓状态-ROI修正] short | 当前ROI:-0.82% | 最高ROI:-0.82% | 状态面板: 止盈锁定🔒 当前ROI:-0.82%<=0.08%
2026-04-26 21:09:33,500 | [价格] Last:77851.8 | Mark:77853.27297826 | 延迟:0.0s | aggDelay:0.0s
2026-04-26 21:09:33,716 | [余额同步] 本地模式，初始资金: 10000.0 U
2026-04-26 21:09:33,717 | [本地账户监控] short | 数量:0.003 | 均价:77820.0 | 现价:77851.8 | 浮盈:-0.10U | ROI:-0.82%
2026-04-26 21:09:33,823 | [本地持仓状态-ROI修正] short | 当前ROI:-0.82% | 最高ROI:-0.82% | 状态面板: 止盈锁定🔒 当前ROI:-0.82%<=0.08%
2026-04-26 21:09:35,964 | [本地持仓状态-ROI修正] short | 当前ROI:-0.82% | 最高ROI:-0.82% | 状态面板: 止盈锁定🔒 当前ROI:-0.82%<=0.08%
2026-04-26 21:09:38,294 | [本地持仓状态-ROI修正] short | 当前ROI:-0.90% | 最高ROI:-0.90% | 状态面板: 止盈锁定🔒 当前ROI:-0.90%<=0.08%
2026-04-26 21:09:38,632 | [价格] Last:77855.2 | Mark:77853.28232609 | 延迟:0.0s | aggDelay:0.0s
2026-04-26 21:09:40,536 | [本地持仓状态-ROI修正] short | 当前ROI:-0.90% | 最高ROI:-0.90% | 状态面板: 止盈锁定🔒 当前ROI:-0.90%<=0.08%
2026-04-26 21:09:41,772 | [余额同步] 本地模式，初始资金: 10000.0 U
2026-04-26 21:09:41,772 | [本地账户监控] short | 数量:0.003 | 均价:77820.0 | 现价:77855.1 | 浮盈:-0.11U | ROI:-0.90%
2026-04-26 21:09:42,736 | [本地持仓状态-ROI修正] short | 当前ROI:-0.90% | 最高ROI:-0.90% | 状态面板: 止盈锁定🔒 当前ROI:-0.90%<=0.08%
2026-04-26 21:09:43,658 | [价格] Last:77856.7 | Mark:77855.47865217 | 延迟:0.0s | aggDelay:0.0s
2026-04-26 21:09:44,971 | [本地持仓状态-ROI修正] short | 当前ROI:-0.99% | 最高ROI:-0.99% | 状态面板: 止盈锁定🔒 当前ROI:-0.99%<=0.08%
2026-04-26 21:09:47,082 | [本地持仓状态-ROI修正] short | 当前ROI:-0.99% | 最高ROI:-0.99% | 状态面板: 止盈锁定🔒 当前ROI:-0.99%<=0.08%
2026-04-26 21:09:48,743 | [价格] Last:77860.2 | Mark:77858.3 | 延迟:0.0s | aggDelay:0.0s
2026-04-26 21:09:49,398 | [本地持仓状态-ROI修正] short | 当前ROI:-1.11% | 最高ROI:-1.11% | 状态面板: 止盈锁定🔒 当前ROI:-1.11%<=0.08%
2026-04-26 21:09:49,772 | [余额同步] 本地模式，初始资金: 10000.0 U
2026-04-26 21:09:49,772 | [本地账户监控] short | 数量:0.003 | 均价:77820.0 | 现价:77860.4 | 浮盈:-0.12U | ROI:-1.04%
2026-04-26 21:09:51,844 | [本地持仓状态-ROI修正] short | 当前ROI:-1.04% | 最高ROI:-1.04% | 状态面板: 止盈锁定🔒 当前ROI:-1.04%<=0.08%
2026-04-26 21:09:54,829 | [价格] Last:77860.3 | Mark:77860.56499275 | 延迟:0.0s | aggDelay:1.6s
2026-04-26 21:09:54,829 | [本地持仓状态-ROI修正] short | 当前ROI:-1.04% | 最高ROI:-1.04% | 状态面板: 止盈锁定🔒 当前ROI:-1.04%<=0.08%
2026-04-26 21:09:56,860 | [本地持仓状态-ROI修正] short | 当前ROI:-0.89% | 最高ROI:-0.89% | 状态面板: 止盈锁定🔒 当前ROI:-0.89%<=0.08%
2026-04-26 21:09:57,773 | [余额同步] 本地模式，初始资金: 10000.0 U
2026-04-26 21:09:57,773 | [本地账户监控] short | 数量:0.003 | 均价:77820.0 | 现价:77854.9 | 浮盈:-0.10U | ROI:-0.90%
2026-04-26 21:09:59,440 | [本地持仓状态-ROI修正] short | 当前ROI:-0.89% | 最高ROI:-0.89% | 状态面板: 止盈锁定🔒 当前ROI:-0.89%<=0.08%
2026-04-26 21:10:00,150 | [价格] Last:77854.9 | Mark:77861.2255 | 延迟:0.0s | aggDelay:0.0s
2026-04-26 21:10:01,480 | [本地持仓状态-ROI修正] short | 当前ROI:-0.90% | 最高ROI:-0.90% | 状态面板: 止盈锁定🔒 当前ROI:-0.90%<=0.08%
2026-04-26 21:10:03,587 | [本地持仓状态-ROI修正] short | 当前ROI:-0.70% | 最高ROI:-0.70% | 状态面板: 止盈锁定🔒 当前ROI:-0.70%<=0.08%
2026-04-26 21:10:05,773 | [余额同步] 本地模式，初始资金: 10000.0 U
2026-04-26 21:10:05,773 | [本地账户监控] short | 数量:0.003 | 均价:77820.0 | 现价:77840.6 | 浮盈:-0.06U | ROI:-0.53%
2026-04-26 21:10:05,900 | [价格] Last:77840.6 | Mark:77852.55481884 | 延迟:0.0s | aggDelay:0.0s
2026-04-26 21:10:05,901 | [本地持仓状态-ROI修正] short | 当前ROI:-0.53% | 最高ROI:-0.53% | 状态面板: 止盈锁定🔒 当前ROI:-0.53%<=0.08%
2026-04-26 21:10:08,083 | [本地持仓状态-ROI修正] short | 当前ROI:-0.53% | 最高ROI:-0.53% | 状态面板: 止盈锁定🔒 当前ROI:-0.53%<=0.08%
2026-04-26 21:10:10,803 | [本地持仓状态-ROI修正] short | 当前ROI:-0.53% | 最高ROI:-0.53% | 状态面板: 止盈锁定🔒 当前ROI:-0.53%<=0.08%
2026-04-26 21:10:11,247 | [价格] Last:77840.6 | Mark:77848.26023188 | 延迟:0.0s | aggDelay:0.0s
2026-04-26 21:10:12,838 | [本地持仓状态-ROI修正] short | 当前ROI:-0.53% | 最高ROI:-0.53% | 状态面板: 止盈锁定🔒 当前ROI:-0.53%<=0.08%
2026-04-26 21:10:13,774 | [余额同步] 本地模式，初始资金: 10000.0 U
2026-04-26 21:10:13,774 | [本地账户监控] short | 数量:0.003 | 均价:77820.0 | 现价:77840.7 | 浮盈:-0.06U | ROI:-0.53%
2026-04-26 21:10:15,555 | [本地持仓状态-ROI修正] short | 当前ROI:-0.53% | 最高ROI:-0.53% | 状态面板: 止盈锁定🔒 当前ROI:-0.53%<=0.08%
2026-04-26 21:10:16,398 | [价格] Last:77840.6 | Mark:77848.2674058 | 延迟:0.0s | aggDelay:0.0s
2026-04-26 21:10:18,108 | [本地持仓状态-ROI修正] short | 当前ROI:-0.53% | 最高ROI:-0.53% | 状态面板: 止盈锁定🔒 当前ROI:-0.53%<=0.08%
2026-04-26 21:10:20,246 | [本地持仓状态-ROI修正] short | 当前ROI:-0.53% | 最高ROI:-0.53% | 状态面板: 止盈锁定🔒 当前ROI:-0.53%<=0.08%
2026-04-26 21:10:21,775 | [余额同步] 本地模式，初始资金: 10000.0 U
2026-04-26 21:10:21,775 | [本地账户监控] short | 数量:0.003 | 均价:77820.0 | 现价:77840.7 | 浮盈:-0.06U | ROI:-0.53%
2026-04-26 21:10:21,829 | [价格] Last:77840.7 | Mark:77845.43673188 | 延迟:0.0s | aggDelay:0.6s
2026-04-26 21:10:22,254 | [本地持仓状态-ROI修正] short | 当前ROI:-0.53% | 最高ROI:-0.53% | 状态面板: 止盈锁定🔒 当前ROI:-0.53%<=0.08%
2026-04-26 21:10:24,288 | [本地持仓状态-ROI修正] short | 当前ROI:-0.53% | 最高ROI:-0.53% | 状态面板: 止盈锁定🔒 当前ROI:-0.53%<=0.08%
2026-04-26 21:10:26,472 | [本地持仓状态-ROI修正] short | 当前ROI:-0.53% | 最高ROI:-0.53% | 状态面板: 止盈锁定🔒 当前ROI:-0.53%<=0.08%
2026-04-26 21:10:27,139 | [价格] Last:77840.7 | Mark:77843.05544928 | 延迟:0.0s | aggDelay:0.0s
2026-04-26 21:10:28,507 | [本地持仓状态-ROI修正] short | 当前ROI:-0.53% | 最高ROI:-0.53% | 状态面板: 止盈锁定🔒 当前ROI:-0.53%<=0.08%
2026-04-26 21:10:29,778 | [余额同步] 本地模式，初始资金: 10000.0 U
2026-04-26 21:10:29,778 | [本地账户监控] short | 数量:0.003 | 均价:77820.0 | 现价:77840.7 | 浮盈:-0.06U | ROI:-0.53%
2026-04-26 21:10:30,745 | [本地持仓状态-ROI修正] short | 当前ROI:-0.53% | 最高ROI:-0.53% | 状态面板: 止盈锁定🔒 当前ROI:-0.53%<=0.08%
2026-04-26 21:10:32,343 | [价格] Last:77840.7 | Mark:77841.32207971 | 延迟:0.0s | aggDelay:0.0s
2026-04-26 21:10:32,753 | [本地持仓状态-ROI修正] short | 当前ROI:-0.53% | 最高ROI:-0.53% | 状态面板: 止盈锁定🔒 当前ROI:-0.53%<=0.08%
2026-04-26 21:10:35,683 | [本地持仓状态-ROI修正] short | 当前ROI:-0.53% | 最高ROI:-0.53% | 状态面板: 止盈锁定🔒 当前ROI:-0.53%<=0.08%
2026-04-26 21:10:37,753 | [价格] Last:77840.7 | Mark:77840.8 | 延迟:0.0s | aggDelay:0.0s
2026-04-26 21:10:37,754 | [本地持仓状态-ROI修正] short | 当前ROI:-0.53% | 最高ROI:-0.53% | 状态面板: 止盈锁定🔒 当前ROI:-0.53%<=0.08%
2026-04-26 21:10:37,778 | [余额同步] 本地模式，初始资金: 10000.0 U
2026-04-26 21:10:37,779 | [本地账户监控] short | 数量:0.003 | 均价:77820.0 | 现价:77840.7 | 浮盈:-0.06U | ROI:-0.53%
2026-04-26 21:10:39,989 | [本地持仓状态-ROI修正] short | 当前ROI:-0.53% | 最高ROI:-0.53% | 状态面板: 止盈锁定🔒 当前ROI:-0.53%<=0.08%
2026-04-26 21:10:42,209 | [本地持仓状态-ROI修正] short | 当前ROI:-0.63% | 最高ROI:-0.63% | 状态面板: 止盈锁定🔒 当前ROI:-0.63%<=0.08%
2026-04-26 21:10:42,832 | [价格] Last:77844.7 | Mark:77844.7 | 延迟:0.0s | aggDelay:0.3s
2026-04-26 21:10:44,394 | [本地持仓状态-ROI修正] short | 当前ROI:-0.63% | 最高ROI:-0.63% | 状态面板: 止盈锁定🔒 当前ROI:-0.63%<=0.08%
2026-04-26 21:10:45,779 | [余额同步] 本地模式，初始资金: 10000.0 U
2026-04-26 21:10:45,779 | [本地账户监控] short | 数量:0.003 | 均价:77820.0 | 现价:77844.7 | 浮盈:-0.07U | ROI:-0.63%
2026-04-26 21:10:47,093 | [本地持仓状态-ROI修正] short | 当前ROI:-0.63% | 最高ROI:-0.63% | 状态面板: 止盈锁定🔒 当前ROI:-0.63%<=0.08%
2026-04-26 21:10:48,824 | [价格] Last:77844.7 | Mark:77844.7 | 延迟:0.0s | aggDelay:1.5s
2026-04-26 21:10:49,107 | [本地持仓状态-ROI修正] short | 当前ROI:-0.63% | 最高ROI:-0.63% | 状态面板: 止盈锁定🔒 当前ROI:-0.63%<=0.08%
2026-04-26 21:10:51,202 | [本地持仓状态-ROI修正] short | 当前ROI:-0.90% | 最高ROI:-0.90% | 状态面板: 止盈锁定🔒 当前ROI:-0.90%<=0.08%
2026-04-26 21:10:53,389 | [本地持仓状态-ROI修正] short | 当前ROI:-1.57% | 最高ROI:-1.57% | 状态面板: 止盈锁定🔒 当前ROI:-1.57%<=0.08%
2026-04-26 21:10:53,779 | [余额同步] 本地模式，初始资金: 10000.0 U
2026-04-26 21:10:53,779 | [本地账户监控] short | 数量:0.003 | 均价:77820.0 | 现价:77881.1 | 浮盈:-0.18U | ROI:-1.57%
2026-04-26 21:10:54,662 | [价格] Last:77881.2 | Mark:77854.9 | 延迟:0.0s | aggDelay:0.0s
2026-04-26 21:10:55,480 | [本地持仓状态-ROI修正] short | 当前ROI:-1.57% | 最高ROI:-1.57% | 状态面板: 止盈锁定🔒 当前ROI:-1.57%<=0.08%
2026-04-26 21:10:57,783 | [本地持仓状态-ROI修正] short | 当前ROI:-1.57% | 最高ROI:-1.57% | 状态面板: 止盈锁定🔒 当前ROI:-1.57%<=0.08%
2026-04-26 21:10:59,796 | [价格] Last:77875.1 | Mark:77881.2 | 延迟:0.0s | aggDelay:0.0s
2026-04-26 21:10:59,796 | [本地持仓状态-ROI修正] short | 当前ROI:-1.42% | 最高ROI:-1.42% | 状态面板: 止盈锁定🔒 当前ROI:-1.42%<=0.08%
2026-04-26 21:11:01,780 | [余额同步] 本地模式，初始资金: 10000.0 U
2026-04-26 21:11:01,780 | [本地账户监控] short | 数量:0.003 | 均价:77820.0 | 现价:77875.0 | 浮盈:-0.17U | ROI:-1.41%
2026-04-26 21:11:02,011 | [本地持仓状态-ROI修正] short | 当前ROI:-1.42% | 最高ROI:-1.42% | 状态面板: 止盈锁定🔒 当前ROI:-1.42%<=0.08%
2026-04-26 21:11:04,189 | [本地持仓状态-ROI修正] short | 当前ROI:-1.41% | 最高ROI:-1.41% | 状态面板: 止盈锁定🔒 当前ROI:-1.41%<=0.08%
2026-04-26 21:11:05,097 | [价格] Last:77869.7 | Mark:77875.1 | 延迟:0.0s | aggDelay:0.0s
2026-04-26 21:11:06,568 | [本地持仓状态-ROI修正] short | 当前ROI:-1.19% | 最高ROI:-1.19% | 状态面板: 止盈锁定🔒 当前ROI:-1.19%<=0.08%
2026-04-26 21:11:09,136 | [本地持仓状态-ROI修正] short | 当前ROI:-1.19% | 最高ROI:-1.19% | 状态面板: 止盈锁定🔒 当前ROI:-1.19%<=0.08%
2026-04-26 21:11:09,781 | [余额同步] 本地模式，初始资金: 10000.0 U
2026-04-26 21:11:09,781 | [本地账户监控] short | 数量:0.003 | 均价:77820.0 | 现价:77866.3 | 浮盈:-0.14U | ROI:-1.19%
2026-04-26 21:11:10,516 | [价格] Last:77866.3 | Mark:77871.00383333 | 延迟:0.0s | aggDelay:0.0s
2026-04-26 21:11:11,182 | [本地持仓状态-ROI修正] short | 当前ROI:-1.19% | 最高ROI:-1.19% | 状态面板: 止盈锁定🔒 当前ROI:-1.19%<=0.08%
2026-04-26 21:11:13,420 | [本地持仓状态-ROI修正] short | 当前ROI:-1.19% | 最高ROI:-1.19% | 状态面板: 止盈锁定🔒 当前ROI:-1.19%<=0.08%
2026-04-26 21:11:15,718 | [价格] Last:77866.4 | Mark:77870.8147029 | 延迟:0.0s | aggDelay:0.0s
2026-04-26 21:11:15,719 | [本地持仓状态-ROI修正] short | 当前ROI:-1.19% | 最高ROI:-1.19% | 状态面板: 止盈锁定🔒 当前ROI:-1.19%<=0.08%
2026-04-26 21:11:17,781 | [余额同步] 本地模式，初始资金: 10000.0 U
2026-04-26 21:11:17,782 | [本地账户监控] short | 数量:0.003 | 均价:77820.0 | 现价:77866.3 | 浮盈:-0.14U | ROI:-1.19%
2026-04-26 21:11:17,865 | [本地持仓状态-ROI修正] short | 当前ROI:-1.19% | 最高ROI:-1.19% | 状态面板: 止盈锁定🔒 当前ROI:-1.19%<=0.08%
2026-04-26 21:11:20,042 | [本地持仓状态-ROI修正] short | 当前ROI:-1.19% | 最高ROI:-1.19% | 状态面板: 止盈锁定🔒 当前ROI:-1.19%<=0.08%
2026-04-26 21:11:21,178 | [价格] Last:77866.4 | Mark:77870.48315217 | 延迟:0.0s | aggDelay:0.0s
2026-04-26 21:11:22,493 | [本地持仓状态-ROI修正] short | 当前ROI:-1.19% | 最高ROI:-1.19% | 状态面板: 止盈锁定🔒 当前ROI:-1.19%<=0.08%
2026-04-26 21:11:24,844 | [本地持仓状态-ROI修正] short | 当前ROI:-1.18% | 最高ROI:-1.18% | 状态面板: 止盈锁定🔒 当前ROI:-1.18%<=0.08%
2026-04-26 21:11:25,797 | [余额同步] 本地模式，初始资金: 10000.0 U
2026-04-26 21:11:25,797 | [本地账户监控] short | 数量:0.003 | 均价:77820.0 | 现价:77860.1 | 浮盈:-0.12U | ROI:-1.03%
2026-04-26 21:11:26,202 | [价格] Last:77860.2 | Mark:77869.50896377 | 延迟:0.0s | aggDelay:0.0s
2026-04-26 21:11:27,087 | [本地持仓状态-ROI修正] short | 当前ROI:-1.03% | 最高ROI:-1.03% | 状态面板: 止盈锁定🔒 当前ROI:-1.03%<=0.08%
2026-04-26 21:11:29,261 | [本地持仓状态-ROI修正] short | 当前ROI:-1.03% | 最高ROI:-1.03% | 状态面板: 止盈锁定🔒 当前ROI:-1.03%<=0.08%
2026-04-26 21:11:31,511 | [价格] Last:77860.2 | Mark:77864.29694203 | 延迟:0.0s | aggDelay:0.0s
2026-04-26 21:11:31,511 | [本地持仓状态-ROI修正] short | 当前ROI:-1.03% | 最高ROI:-1.03% | 状态面板: 止盈锁定🔒 当前ROI:-1.03%<=0.08%
2026-04-26 21:11:33,798 | [余额同步] 本地模式，初始资金: 10000.0 U
2026-04-26 21:11:33,798 | [本地账户监控] short | 数量:0.003 | 均价:77820.0 | 现价:77860.1 | 浮盈:-0.12U | ROI:-1.03%
2026-04-26 21:11:33,841 | [本地持仓状态-ROI修正] short | 当前ROI:-1.03% | 最高ROI:-1.03% | 状态面板: 止盈锁定🔒 当前ROI:-1.03%<=0.08%
2026-04-26 21:11:36,153 | [本地持仓状态-ROI修正] short | 当前ROI:-1.03% | 最高ROI:-1.03% | 状态面板: 止盈锁定🔒 当前ROI:-1.03%<=0.08%
2026-04-26 21:11:36,661 | [价格] Last:77860.2 | Mark:77863.83824638 | 延迟:0.0s | aggDelay:0.0s
2026-04-26 21:11:38,207 | [本地持仓状态-ROI修正] short | 当前ROI:-1.03% | 最高ROI:-1.03% | 状态面板: 止盈锁定🔒 当前ROI:-1.03%<=0.08%
2026-04-26 21:11:40,598 | [本地持仓状态-ROI修正] short | 当前ROI:-1.03% | 最高ROI:-1.03% | 状态面板: 止盈锁定🔒 当前ROI:-1.03%<=0.08%
2026-04-26 21:11:41,799 | [余额同步] 本地模式，初始资金: 10000.0 U
2026-04-26 21:11:41,800 | [本地账户监控] short | 数量:0.003 | 均价:77820.0 | 现价:77860.1 | 浮盈:-0.12U | ROI:-1.03%
2026-04-26 21:11:42,310 | [价格] Last:77860.1 | Mark:77862.11483333 | 延迟:0.0s | aggDelay:0.0s
2026-04-26 21:11:42,840 | [本地持仓状态-ROI修正] short | 当前ROI:-1.03% | 最高ROI:-1.03% | 状态面板: 止盈锁定🔒 当前ROI:-1.03%<=0.08%
2026-04-26 21:11:45,417 | [本地持仓状态-ROI修正] short | 当前ROI:-0.83% | 最高ROI:-0.83% | 状态面板: 止盈锁定🔒 当前ROI:-0.83%<=0.08%
2026-04-26 21:11:47,455 | [价格] Last:77852.3 | Mark:77854.38533333 | 延迟:0.0s | aggDelay:0.0s
2026-04-26 21:11:47,455 | [本地持仓状态-ROI修正] short | 当前ROI:-0.83% | 最高ROI:-0.83% | 状态面板: 止盈锁定🔒 当前ROI:-0.83%<=0.08%
2026-04-26 21:11:49,794 | [本地持仓状态-ROI修正] short | 当前ROI:-0.83% | 最高ROI:-0.83% | 状态面板: 止盈锁定🔒 当前ROI:-0.83%<=0.08%
2026-04-26 21:11:49,800 | [余额同步] 本地模式，初始资金: 10000.0 U
2026-04-26 21:11:49,800 | [本地账户监控] short | 数量:0.003 | 均价:77820.0 | 现价:77852.2 | 浮盈:-0.10U | ROI:-0.83%
2026-04-26 21:11:51,822 | [本地持仓状态-ROI修正] short | 当前ROI:-0.83% | 最高ROI:-0.83% | 状态面板: 止盈锁定🔒 当前ROI:-0.83%<=0.08%
2026-04-26 21:11:52,756 | [价格] Last:77852.2 | Mark:77852.2 | 延迟:0.0s | aggDelay:0.0s
2026-04-26 21:11:54,242 | [本地持仓状态-ROI修正] short | 当前ROI:-0.83% | 最高ROI:-0.83% | 状态面板: 止盈锁定🔒 当前ROI:-0.83%<=0.08%
2026-04-26 21:11:56,461 | [本地持仓状态-ROI修正] short | 当前ROI:-0.83% | 最高ROI:-0.83% | 状态面板: 止盈锁定🔒 当前ROI:-0.83%<=0.08%
2026-04-26 21:11:57,795 | [价格] Last:77852.2 | Mark:77852.3 | 延迟:0.0s | aggDelay:0.0s
2026-04-26 21:11:57,801 | [余额同步] 本地模式，初始资金: 10000.0 U
2026-04-26 21:11:57,801 | [本地账户监控] short | 数量:0.003 | 均价:77820.0 | 现价:77852.2 | 浮盈:-0.10U | ROI:-0.83%
2026-04-26 21:11:59,108 | [本地持仓状态-ROI修正] short | 当前ROI:-0.83% | 最高ROI:-0.83% | 状态面板: 止盈锁定🔒 当前ROI:-0.83%<=0.08%
2026-04-26 21:12:01,307 | [本地持仓状态-ROI修正] short | 当前ROI:-0.83% | 最高ROI:-0.83% | 状态面板: 止盈锁定🔒 当前ROI:-0.83%<=0.08%
2026-04-26 21:12:03,441 | [价格] Last:77852.2 | Mark:77852.2 | 延迟:0.0s | aggDelay:0.0s
2026-04-26 21:12:03,441 | [本地持仓状态-ROI修正] short | 当前ROI:-0.83% | 最高ROI:-0.83% | 状态面板: 止盈锁定🔒 当前ROI:-0.83%<=0.08%
2026-04-26 21:12:05,802 | [余额同步] 本地模式，初始资金: 10000.0 U
2026-04-26 21:12:05,802 | [本地账户监控] short | 数量:0.003 | 均价:77820.0 | 现价:77852.3 | 浮盈:-0.10U | ROI:-0.83%
2026-04-26 21:12:06,833 | [本地持仓状态-ROI修正] short | 当前ROI:-0.83% | 最高ROI:-0.83% | 状态面板: 止盈锁定🔒 当前ROI:-0.83%<=0.08%
2026-04-26 21:12:08,667 | [价格] Last:77852.3 | Mark:77852.3 | 延迟:0.0s | aggDelay:0.0s
2026-04-26 21:12:09,829 | [本地持仓状态-ROI修正] short | 当前ROI:-0.83% | 最高ROI:-0.83% | 状态面板: 止盈锁定🔒 当前ROI:-0.83%<=0.08%
2026-04-26 21:12:11,831 | [本地持仓状态-ROI修正] short | 当前ROI:-0.83% | 最高ROI:-0.83% | 状态面板: 止盈锁定🔒 当前ROI:-0.83%<=0.08%
2026-04-26 21:12:13,802 | [余额同步] 本地模式，初始资金: 10000.0 U
2026-04-26 21:12:13,803 | [本地账户监控] short | 数量:0.003 | 均价:77820.0 | 现价:77852.3 | 浮盈:-0.10U | ROI:-0.83%
2026-04-26 21:12:14,007 | [价格] Last:77852.3 | Mark:77852.3 | 延迟:0.0s | aggDelay:0.0s
2026-04-26 21:12:14,007 | [本地持仓状态-ROI修正] short | 当前ROI:-0.83% | 最高ROI:-0.83% | 状态面板: 止盈锁定🔒 当前ROI:-0.83%<=0.08%
2026-04-26 21:12:16,924 | [本地持仓状态-ROI修正] short | 当前ROI:-0.83% | 最高ROI:-0.83% | 状态面板: 止盈锁定🔒 当前ROI:-0.83%<=0.08%
2026-04-26 21:12:19,350 | [价格] Last:77852.3 | Mark:77852.2 | 延迟:0.0s | aggDelay:0.0s
2026-04-26 21:12:19,350 | [本地持仓状态-ROI修正] short | 当前ROI:-0.83% | 最高ROI:-0.83% | 状态面板: 止盈锁定🔒 当前ROI:-0.83%<=0.08%
2026-04-26 21:12:21,446 | [本地持仓状态-ROI修正] short | 当前ROI:-1.20% | 最高ROI:-1.20% | 状态面板: 止盈锁定🔒 当前ROI:-1.20%<=0.08%
2026-04-26 21:12:21,805 | [余额同步] 本地模式，初始资金: 10000.0 U
2026-04-26 21:12:21,805 | [本地账户监控] short | 数量:0.003 | 均价:77820.0 | 现价:77866.6 | 浮盈:-0.14U | ROI:-1.20%
2026-04-26 21:12:23,678 | [本地持仓状态-ROI修正] short | 当前ROI:-1.20% | 最高ROI:-1.20% | 状态面板: 止盈锁定🔒 当前ROI:-1.20%<=0.08%
2026-04-26 21:12:24,826 | [价格] Last:77866.5 | Mark:77866.5 | 延迟:0.0s | aggDelay:0.9s
2026-04-26 21:12:25,715 | [本地持仓状态-ROI修正] short | 当前ROI:-1.20% | 最高ROI:-1.20% | 状态面板: 止盈锁定🔒 当前ROI:-1.20%<=0.08%
2026-04-26 21:12:27,831 | [本地持仓状态-ROI修正] short | 当前ROI:-1.20% | 最高ROI:-1.20% | 状态面板: 止盈锁定🔒 当前ROI:-1.20%<=0.08%
2026-04-26 21:12:29,805 | [余额同步] 本地模式，初始资金: 10000.0 U
2026-04-26 21:12:29,806 | [本地账户监控] short | 数量:0.003 | 均价:77820.0 | 现价:77864.5 | 浮盈:-0.13U | ROI:-1.14%
2026-04-26 21:12:29,844 | [价格] Last:77864.2 | Mark:77866.8 | 延迟:0.0s | aggDelay:0.0s
2026-04-26 21:12:29,844 | [本地持仓状态-ROI修正] short | 当前ROI:-1.14% | 最高ROI:-1.14% | 状态面板: 止盈锁定🔒 当前ROI:-1.14%<=0.08%
2026-04-26 21:12:32,392 | [本地持仓状态-ROI修正] short | 当前ROI:-1.14% | 最高ROI:-1.14% | 状态面板: 止盈锁定🔒 当前ROI:-1.14%<=0.08%
2026-04-26 21:12:34,967 | [价格] Last:77864.3 | Mark:77864.50457246 | 延迟:0.0s | aggDelay:0.0s
2026-04-26 21:12:34,967 | [本地持仓状态-ROI修正] short | 当前ROI:-1.14% | 最高ROI:-1.14% | 状态面板: 止盈锁定🔒 当前ROI:-1.14%<=0.08%
2026-04-26 21:12:37,191 | [本地持仓状态-ROI修正] short | 当前ROI:-1.14% | 最高ROI:-1.14% | 状态面板: 止盈锁定🔒 当前ROI:-1.14%<=0.08%
2026-04-26 21:12:37,806 | [余额同步] 本地模式，初始资金: 10000.0 U
2026-04-26 21:12:37,806 | [本地账户监控] short | 数量:0.003 | 均价:77820.0 | 现价:77864.3 | 浮盈:-0.13U | ROI:-1.14%
2026-04-26 21:12:39,577 | [本地持仓状态-ROI修正] short | 当前ROI:-1.14% | 最高ROI:-1.14% | 状态面板: 止盈锁定🔒 当前ROI:-1.14%<=0.08%
2026-04-26 21:12:40,788 | [价格] Last:77864.2 | Mark:77864.3 | 延迟:0.0s | aggDelay:0.0s
2026-04-26 21:12:41,745 | [本地持仓状态-ROI修正] short | 当前ROI:-1.14% | 最高ROI:-1.14% | 状态面板: 止盈锁定🔒 当前ROI:-1.14%<=0.08%
2026-04-26 21:12:44,123 | [本地持仓状态-ROI修正] short | 当前ROI:-1.14% | 最高ROI:-1.14% | 状态面板: 止盈锁定🔒 当前ROI:-1.14%<=0.08%
2026-04-26 21:12:45,808 | [余额同步] 本地模式，初始资金: 10000.0 U
2026-04-26 21:12:45,808 | [本地账户监控] short | 数量:0.003 | 均价:77820.0 | 现价:77864.2 | 浮盈:-0.13U | ROI:-1.14%
2026-04-26 21:12:45,842 | [价格] Last:77864.2 | Mark:77864.73466667 | 延迟:0.0s | aggDelay:0.3s
2026-04-26 21:12:46,367 | [本地持仓状态-ROI修正] short | 当前ROI:-1.14% | 最高ROI:-1.14% | 状态面板: 止盈锁定🔒 当前ROI:-1.14%<=0.08%
2026-04-26 21:12:48,833 | [本地持仓状态-ROI修正] short | 当前ROI:-1.14% | 最高ROI:-1.14% | 状态面板: 止盈锁定🔒 当前ROI:-1.14%<=0.08%
2026-04-26 21:12:51,091 | [价格] Last:77868.4 | Mark:77865.38060145 | 延迟:0.0s | aggDelay:0.0s
2026-04-26 21:12:51,091 | [本地持仓状态-ROI修正] short | 当前ROI:-1.24% | 最高ROI:-1.24% | 状态面板: 止盈锁定🔒 当前ROI:-1.24%<=0.08%
2026-04-26 21:12:53,113 | [本地持仓状态-ROI修正] short | 当前ROI:-1.43% | 最高ROI:-1.43% | 状态面板: 止盈锁定🔒 当前ROI:-1.43%<=0.08%
2026-04-26 21:12:53,808 | [余额同步] 本地模式，初始资金: 10000.0 U
2026-04-26 21:12:53,809 | [本地账户监控] short | 数量:0.003 | 均价:77820.0 | 现价:77875.9 | 浮盈:-0.17U | ROI:-1.44%
2026-04-26 21:12:55,211 | [本地持仓状态-ROI修正] short | 当前ROI:-1.44% | 最高ROI:-1.44% | 状态面板: 止盈锁定🔒 当前ROI:-1.44%<=0.08%
2026-04-26 21:12:56,447 | [价格] Last:77883.1 | Mark:77875.9 | 延迟:0.0s | aggDelay:0.0s
2026-04-26 21:12:57,478 | [本地持仓状态-ROI修正] short | 当前ROI:-1.62% | 最高ROI:-1.62% | 状态面板: 止盈锁定🔒 当前ROI:-1.62%<=0.08%
2026-04-26 21:13:00,486 | [本地持仓状态-ROI修正] short | 当前ROI:-1.62% | 最高ROI:-1.62% | 状态面板: 止盈锁定🔒 当前ROI:-1.62%<=0.08%
2026-04-26 21:13:01,620 | [价格] Last:77883.2 | Mark:77883.2 | 延迟:0.0s | aggDelay:0.0s
2026-04-26 21:13:01,810 | [余额同步] 本地模式，初始资金: 10000.0 U
2026-04-26 21:13:01,810 | [本地账户监控] short | 数量:0.003 | 均价:77820.0 | 现价:77890.9 | 浮盈:-0.21U | ROI:-1.82%
2026-04-26 21:13:02,648 | [本地持仓状态-ROI修正] short | 当前ROI:-1.90% | 最高ROI:-1.90% | 状态面板: 止盈锁定🔒 当前ROI:-1.90%<=0.08%
2026-04-26 21:13:04,809 | [本地持仓状态-ROI修正] short | 当前ROI:-1.90% | 最高ROI:-1.90% | 状态面板: 止盈锁定🔒 当前ROI:-1.90%<=0.08%
2026-04-26 21:13:06,795 | [价格] Last:77893.7 | Mark:77893.8 | 延迟:0.0s | aggDelay:0.0s
2026-04-26 21:13:07,097 | [本地持仓状态-ROI修正] short | 当前ROI:-1.89% | 最高ROI:-1.89% | 状态面板: 止盈锁定🔒 当前ROI:-1.89%<=0.08%
2026-04-26 21:13:09,403 | [本地持仓状态-ROI修正] short | 当前ROI:-1.90% | 最高ROI:-1.90% | 状态面板: 止盈锁定🔒 当前ROI:-1.90%<=0.08%
2026-04-26 21:13:09,811 | [余额同步] 本地模式，初始资金: 10000.0 U
2026-04-26 21:13:09,811 | [本地账户监控] short | 数量:0.003 | 均价:77820.0 | 现价:77893.8 | 浮盈:-0.22U | ROI:-1.90%
2026-04-26 21:13:11,457 | [本地持仓状态-ROI修正] short | 当前ROI:-1.78% | 最高ROI:-1.78% | 状态面板: 止盈锁定🔒 当前ROI:-1.78%<=0.08%
2026-04-26 21:13:12,062 | [价格] Last:77889.5 | Mark:77894.1717029 | 延迟:0.0s | aggDelay:0.0s
2026-04-26 21:13:13,457 | [本地持仓状态-ROI修正] short | 当前ROI:-1.79% | 最高ROI:-1.79% | 状态面板: 止盈锁定🔒 当前ROI:-1.79%<=0.08%
2026-04-26 21:13:15,650 | [本地持仓状态-ROI修正] short | 当前ROI:-1.70% | 最高ROI:-1.70% | 状态面板: 止盈锁定🔒 当前ROI:-1.70%<=0.08%
2026-04-26 21:13:17,450 | [价格] Last:77876.9 | Mark:77893.22842754 | 延迟:0.0s | aggDelay:0.0s
2026-04-26 21:13:17,726 | [本地持仓状态-ROI修正] short | 当前ROI:-1.46% | 最高ROI:-1.46% | 状态面板: 止盈锁定🔒 当前ROI:-1.46%<=0.08%
2026-04-26 21:13:17,811 | [余额同步] 本地模式，初始资金: 10000.0 U
2026-04-26 21:13:17,811 | [本地账户监控] short | 数量:0.003 | 均价:77820.0 | 现价:77876.8 | 浮盈:-0.17U | ROI:-1.46%
2026-04-26 21:13:19,967 | [本地持仓状态-ROI修正] short | 当前ROI:-1.46% | 最高ROI:-1.46% | 状态面板: 止盈锁定🔒 当前ROI:-1.46%<=0.08%
2026-04-26 21:13:22,118 | [本地持仓状态-ROI修正] short | 当前ROI:-1.46% | 最高ROI:-1.46% | 状态面板: 止盈锁定🔒 当前ROI:-1.46%<=0.08%
2026-04-26 21:13:22,517 | [价格] Last:77876.9 | Mark:77878.33753623 | 延迟:0.0s | aggDelay:0.0s
2026-04-26 21:13:24,331 | [本地持仓状态-ROI修正] short | 当前ROI:-1.46% | 最高ROI:-1.46% | 状态面板: 止盈锁定🔒 当前ROI:-1.46%<=0.08%
2026-04-26 21:13:25,812 | [余额同步] 本地模式，初始资金: 10000.0 U
2026-04-26 21:13:25,813 | [本地账户监控] short | 数量:0.003 | 均价:77820.0 | 现价:77876.9 | 浮盈:-0.17U | ROI:-1.46%
2026-04-26 21:13:26,644 | [本地持仓状态-ROI修正] short | 当前ROI:-1.46% | 最高ROI:-1.46% | 状态面板: 止盈锁定🔒 当前ROI:-1.46%<=0.08%
2026-04-26 21:13:27,837 | [价格] Last:77873.8 | Mark:77877.57657246 | 延迟:0.0s | aggDelay:0.2s
2026-04-26 21:13:29,011 | [本地持仓状态-ROI修正] short | 当前ROI:-1.38% | 最高ROI:-1.38% | 状态面板: 止盈锁定🔒 当前ROI:-1.38%<=0.08%
2026-04-26 21:13:31,259 | [本地持仓状态-ROI修正] short | 当前ROI:-1.38% | 最高ROI:-1.38% | 状态面板: 止盈锁定🔒 当前ROI:-1.38%<=0.08%
2026-04-26 21:13:33,489 | [价格] Last:77873.8 | Mark:77877.4480942 | 延迟:0.0s | aggDelay:0.0s
2026-04-26 21:13:33,489 | [本地持仓状态-ROI修正] short | 当前ROI:-1.38% | 最高ROI:-1.38% | 状态面板: 止盈锁定🔒 当前ROI:-1.38%<=0.08%
2026-04-26 21:13:33,820 | [余额同步] 本地模式，初始资金: 10000.0 U
2026-04-26 21:13:33,820 | [本地账户监控] short | 数量:0.003 | 均价:77820.0 | 现价:77873.8 | 浮盈:-0.16U | ROI:-1.38%
2026-04-26 21:13:35,712 | [本地持仓状态-ROI修正] short | 当前ROI:-1.38% | 最高ROI:-1.38% | 状态面板: 止盈锁定🔒 当前ROI:-1.38%<=0.08%
2026-04-26 21:13:38,014 | [本地持仓状态-ROI修正] short | 当前ROI:-1.38% | 最高ROI:-1.38% | 状态面板: 止盈锁定🔒 当前ROI:-1.38%<=0.08%
2026-04-26 21:13:38,625 | [价格] Last:77873.8 | Mark:77875.30442029 | 延迟:0.0s | aggDelay:0.0s
2026-04-26 21:13:40,091 | [本地持仓状态-ROI修正] short | 当前ROI:-1.38% | 最高ROI:-1.38% | 状态面板: 止盈锁定🔒 当前ROI:-1.38%<=0.08%
2026-04-26 21:13:41,821 | [余额同步] 本地模式，初始资金: 10000.0 U
2026-04-26 21:13:41,821 | [本地账户监控] short | 数量:0.003 | 均价:77820.0 | 现价:77873.8 | 浮盈:-0.16U | ROI:-1.38%
2026-04-26 21:13:42,110 | [本地持仓状态-ROI修正] short | 当前ROI:-1.38% | 最高ROI:-1.38% | 状态面板: 止盈锁定🔒 当前ROI:-1.38%<=0.08%
2026-04-26 21:13:43,637 | [价格] Last:77873.8 | Mark:77874.15872464 | 延迟:0.0s | aggDelay:0.0s
2026-04-26 21:13:44,430 | [本地持仓状态-ROI修正] short | 当前ROI:-1.38% | 最高ROI:-1.38% | 状态面板: 止盈锁定🔒 当前ROI:-1.38%<=0.08%
2026-04-26 21:13:46,522 | [本地持仓状态-ROI修正] short | 当前ROI:-1.29% | 最高ROI:-1.29% | 状态面板: 止盈锁定🔒 当前ROI:-1.29%<=0.08%
2026-04-26 21:13:48,790 | [价格] Last:77870.0 | Mark:77873.92894203 | 延迟:0.0s | aggDelay:0.0s
2026-04-26 21:13:48,790 | [本地持仓状态-ROI修正] short | 当前ROI:-1.29% | 最高ROI:-1.29% | 状态面板: 止盈锁定🔒 当前ROI:-1.29%<=0.08%
2026-04-26 21:13:49,822 | [余额同步] 本地模式，初始资金: 10000.0 U
2026-04-26 21:13:49,822 | [本地账户监控] short | 数量:0.003 | 均价:77820.0 | 现价:77870.0 | 浮盈:-0.15U | ROI:-1.29%
2026-04-26 21:13:51,125 | [本地持仓状态-ROI修正] short | 当前ROI:-1.29% | 最高ROI:-1.29% | 状态面板: 止盈锁定🔒 当前ROI:-1.29%<=0.08%
2026-04-26 21:13:53,178 | [本地持仓状态-ROI修正] short | 当前ROI:-1.29% | 最高ROI:-1.29% | 状态面板: 止盈锁定🔒 当前ROI:-1.29%<=0.08%
2026-04-26 21:13:54,182 | [价格] Last:77870.0 | Mark:77872.49328261 | 延迟:0.0s | aggDelay:0.0s
2026-04-26 21:13:55,278 | [本地持仓状态-ROI修正] short | 当前ROI:-1.02% | 最高ROI:-1.02% | 状态面板: 止盈锁定🔒 当前ROI:-1.02%<=0.08%
2026-04-26 21:13:57,313 | [本地持仓状态-ROI修正] short | 当前ROI:-1.02% | 最高ROI:-1.02% | 状态面板: 止盈锁定🔒 当前ROI:-1.02%<=0.08%
2026-04-26 21:13:57,822 | [余额同步] 本地模式，初始资金: 10000.0 U
2026-04-26 21:13:57,822 | [本地账户监控] short | 数量:0.003 | 均价:77820.0 | 现价:77859.7 | 浮盈:-0.12U | ROI:-1.02%
2026-04-26 21:13:59,802 | [价格] Last:77859.7 | Mark:77865.90872464 | 延迟:0.0s | aggDelay:0.0s
2026-04-26 21:13:59,802 | [本地持仓状态-ROI修正] short | 当前ROI:-1.02% | 最高ROI:-1.02% | 状态面板: 止盈锁定🔒 当前ROI:-1.02%<=0.08%
2026-04-26 21:14:01,981 | [本地持仓状态-ROI修正] short | 当前ROI:-1.02% | 最高ROI:-1.02% | 状态面板: 止盈锁定🔒 当前ROI:-1.02%<=0.08%
2026-04-26 21:14:05,670 | [价格] Last:77859.7 | Mark:77860.18665942 | 延迟:0.0s | aggDelay:0.0s
2026-04-26 21:14:05,670 | [本地持仓状态-ROI修正] short | 当前ROI:-1.02% | 最高ROI:-1.02% | 状态面板: 止盈锁定🔒 当前ROI:-1.02%<=0.08%
2026-04-26 21:14:05,823 | [余额同步] 本地模式，初始资金: 10000.0 U
2026-04-26 21:14:05,823 | [本地账户监控] short | 数量:0.003 | 均价:77820.0 | 现价:77859.8 | 浮盈:-0.12U | ROI:-1.02%
2026-04-26 21:14:08,301 | [本地持仓状态-ROI修正] short | 当前ROI:-1.02% | 最高ROI:-1.02% | 状态面板: 止盈锁定🔒 当前ROI:-1.02%<=0.08%
2026-04-26 21:14:10,820 | [价格] Last:77859.7 | Mark:77859.8 | 延迟:0.0s | aggDelay:0.0s
2026-04-26 21:14:10,820 | [本地持仓状态-ROI修正] short | 当前ROI:-1.02% | 最高ROI:-1.02% | 状态面板: 止盈锁定🔒 当前ROI:-1.02%<=0.08%
2026-04-26 21:14:12,826 | [本地持仓状态-ROI修正] short | 当前ROI:-1.02% | 最高ROI:-1.02% | 状态面板: 止盈锁定🔒 当前ROI:-1.02%<=0.08%
2026-04-26 21:14:13,824 | [余额同步] 本地模式，初始资金: 10000.0 U
2026-04-26 21:14:13,825 | [本地账户监控] short | 数量:0.003 | 均价:77820.0 | 现价:77859.8 | 浮盈:-0.12U | ROI:-1.02%
2026-04-26 21:14:14,978 | [本地持仓状态-ROI修正] short | 当前ROI:-1.02% | 最高ROI:-1.02% | 状态面板: 止盈锁定🔒 当前ROI:-1.02%<=0.08%
2026-04-26 21:14:15,850 | [价格] Last:77859.7 | Mark:77859.7 | 延迟:0.0s | aggDelay:0.4s
2026-04-26 21:14:17,270 | [本地持仓状态-ROI修正] short | 当前ROI:-1.02% | 最高ROI:-1.02% | 状态面板: 止盈锁定🔒 当前ROI:-1.02%<=0.08%
2026-04-26 21:14:19,314 | [本地持仓状态-ROI修正] short | 当前ROI:-1.02% | 最高ROI:-1.02% | 状态面板: 止盈锁定🔒 当前ROI:-1.02%<=0.08%
2026-04-26 21:14:20,972 | [价格] Last:77859.9 | Mark:77859.8 | 延迟:0.0s | aggDelay:0.0s
2026-04-26 21:14:21,552 | [本地持仓状态-ROI修正] short | 当前ROI:-1.03% | 最高ROI:-1.03% | 状态面板: 止盈锁定🔒 当前ROI:-1.03%<=0.08%
2026-04-26 21:14:21,825 | [余额同步] 本地模式，初始资金: 10000.0 U
2026-04-26 21:14:21,825 | [本地账户监控] short | 数量:0.003 | 均价:77820.0 | 现价:77860.0 | 浮盈:-0.12U | ROI:-1.03%
2026-04-26 21:14:24,111 | [本地持仓状态-ROI修正] short | 当前ROI:-1.03% | 最高ROI:-1.03% | 状态面板: 止盈锁定🔒 当前ROI:-1.03%<=0.08%
2026-04-26 21:14:26,061 | [价格] Last:77860.0 | Mark:77860.0 | 延迟:0.0s | aggDelay:0.0s
2026-04-26 21:14:26,337 | [本地持仓状态-ROI修正] short | 当前ROI:-1.03% | 最高ROI:-1.03% | 状态面板: 止盈锁定🔒 当前ROI:-1.03%<=0.08%
2026-04-26 21:14:28,585 | [本地持仓状态-ROI修正] short | 当前ROI:-1.03% | 最高ROI:-1.03% | 状态面板: 止盈锁定🔒 当前ROI:-1.03%<=0.08%
2026-04-26 21:14:29,825 | [余额同步] 本地模式，初始资金: 10000.0 U
2026-04-26 21:14:29,826 | [本地账户监控] short | 数量:0.003 | 均价:77820.0 | 现价:77860.0 | 浮盈:-0.12U | ROI:-1.03%
2026-04-26 21:14:30,825 | [本地持仓状态-ROI修正] short | 当前ROI:-1.03% | 最高ROI:-1.03% | 状态面板: 止盈锁定🔒 当前ROI:-1.03%<=0.08%
2026-04-26 21:14:31,510 | [价格] Last:77860.0 | Mark:77859.9 | 延迟:0.0s | aggDelay:0.0s
2026-04-26 21:14:33,170 | [本地持仓状态-ROI修正] short | 当前ROI:-1.03% | 最高ROI:-1.03% | 状态面板: 止盈锁定🔒 当前ROI:-1.03%<=0.08%
2026-04-26 21:14:35,821 | [本地持仓状态-ROI修正] short | 当前ROI:-1.03% | 最高ROI:-1.03% | 状态面板: 止盈锁定🔒 当前ROI:-1.03%<=0.08%
2026-04-26 21:14:36,663 | [价格] Last:77859.9 | Mark:77860.0 | 延迟:0.0s | aggDelay:0.0s
2026-04-26 21:14:37,826 | [余额同步] 本地模式，初始资金: 10000.0 U
2026-04-26 21:14:37,826 | [本地账户监控] short | 数量:0.003 | 均价:77820.0 | 现价:77859.9 | 浮盈:-0.12U | ROI:-1.03%
2026-04-26 21:14:38,141 | [本地持仓状态-ROI修正] short | 当前ROI:-1.03% | 最高ROI:-1.03% | 状态面板: 止盈锁定🔒 当前ROI:-1.03%<=0.08%
2026-04-26 21:14:40,497 | [本地持仓状态-ROI修正] short | 当前ROI:-1.03% | 最高ROI:-1.03% | 状态面板: 止盈锁定🔒 当前ROI:-1.03%<=0.08%
2026-04-26 21:14:42,536 | [价格] Last:77859.9 | Mark:77859.95712319 | 延迟:0.0s | aggDelay:0.0s
2026-04-26 21:14:42,536 | [本地持仓状态-ROI修正] short | 当前ROI:-1.03% | 最高ROI:-1.03% | 状态面板: 止盈锁定🔒 当前ROI:-1.03%<=0.08%
2026-04-26 21:14:44,888 | [本地持仓状态-ROI修正] short | 当前ROI:-1.03% | 最高ROI:-1.03% | 状态面板: 止盈锁定🔒 当前ROI:-1.03%<=0.08%
2026-04-26 21:14:45,828 | [余额同步] 本地模式，初始资金: 10000.0 U
2026-04-26 21:14:45,829 | [本地账户监控] short | 数量:0.003 | 均价:77820.0 | 现价:77860.0 | 浮盈:-0.12U | ROI:-1.03%
2026-04-26 21:14:47,144 | [本地持仓状态-ROI修正] short | 当前ROI:-1.03% | 最高ROI:-1.03% | 状态面板: 止盈锁定🔒 当前ROI:-1.03%<=0.08%
2026-04-26 21:14:49,053 | [价格] Last:77860.0 | Mark:77860.0 | 延迟:0.0s | aggDelay:0.0s
2026-04-26 21:14:49,349 | [本地持仓状态-ROI修正] short | 当前ROI:-1.03% | 最高ROI:-1.03% | 状态面板: 止盈锁定🔒 当前ROI:-1.03%<=0.08%
2026-04-26 21:14:51,693 | [本地持仓状态-ROI修正] short | 当前ROI:-1.03% | 最高ROI:-1.03% | 状态面板: 止盈锁定🔒 当前ROI:-1.03%<=0.08%
2026-04-26 21:14:53,830 | [余额同步] 本地模式，初始资金: 10000.0 U
2026-04-26 21:14:53,831 | [本地账户监控] short | 数量:0.003 | 均价:77820.0 | 现价:77860.0 | 浮盈:-0.12U | ROI:-1.03%
2026-04-26 21:14:54,830 | [价格] Last:77860.0 | Mark:77860.0 | 延迟:0.0s | aggDelay:1.2s
2026-04-26 21:14:54,830 | [本地持仓状态-ROI修正] short | 当前ROI:-1.03% | 最高ROI:-1.03% | 状态面板: 止盈锁定🔒 当前ROI:-1.03%<=0.08%
2026-04-26 21:14:56,984 | [本地持仓状态-ROI修正] short | 当前ROI:-1.03% | 最高ROI:-1.03% | 状态面板: 止盈锁定🔒 当前ROI:-1.03%<=0.08%
2026-04-26 21:14:59,922 | [价格] Last:77859.9 | Mark:77860.0 | 延迟:0.0s | aggDelay:0.0s
2026-04-26 21:14:59,922 | [本地持仓状态-ROI修正] short | 当前ROI:-1.03% | 最高ROI:-1.03% | 状态面板: 止盈锁定🔒 当前ROI:-1.03%<=0.08%
2026-04-26 21:15:01,831 | [余额同步] 本地模式，初始资金: 10000.0 U
2026-04-26 21:15:01,831 | [本地账户监控] short | 数量:0.003 | 均价:77820.0 | 现价:77859.9 | 浮盈:-0.12U | ROI:-1.03%
2026-04-26 21:15:02,909 | [本地持仓状态-ROI修正] short | 当前ROI:-1.03% | 最高ROI:-1.03% | 状态面板: 止盈锁定🔒 当前ROI:-1.03%<=0.08%
2026-04-26 21:15:05,142 | [价格] Last:77860.0 | Mark:77860.0 | 延迟:0.0s | aggDelay:0.0s
2026-04-26 21:15:05,142 | [本地持仓状态-ROI修正] short | 当前ROI:-1.03% | 最高ROI:-1.03% | 状态面板: 止盈锁定🔒 当前ROI:-1.03%<=0.08%
2026-04-26 21:15:07,497 | [本地持仓状态-ROI修正] short | 当前ROI:-1.03% | 最高ROI:-1.03% | 状态面板: 止盈锁定🔒 当前ROI:-1.03%<=0.08%
2026-04-26 21:15:09,703 | [本地持仓状态-ROI修正] short | 当前ROI:-1.03% | 最高ROI:-1.03% | 状态面板: 止盈锁定🔒 当前ROI:-1.03%<=0.08%
2026-04-26 21:15:09,833 | [余额同步] 本地模式，初始资金: 10000.0 U
2026-04-26 21:15:09,833 | [本地账户监控] short | 数量:0.003 | 均价:77820.0 | 现价:77860.0 | 浮盈:-0.12U | ROI:-1.03%
2026-04-26 21:15:10,157 | [价格] Last:77860.0 | Mark:77859.98395652 | 延迟:0.0s | aggDelay:0.0s
2026-04-26 21:15:12,292 | [本地持仓状态-ROI修正] short | 当前ROI:-1.03% | 最高ROI:-1.03% | 状态面板: 止盈锁定🔒 当前ROI:-1.03%<=0.08%
2026-04-26 21:15:14,733 | [本地持仓状态-ROI修正] short | 当前ROI:-1.03% | 最高ROI:-1.03% | 状态面板: 止盈锁定🔒 当前ROI:-1.03%<=0.08%
2026-04-26 21:15:15,591 | [价格] Last:77860.0 | Mark:77860.41284108 | 延迟:0.0s | aggDelay:0.0s
2026-04-26 21:15:16,950 | [本地持仓状态-ROI修正] short | 当前ROI:-1.03% | 最高ROI:-1.03% | 状态面板: 止盈锁定🔒 当前ROI:-1.03%<=0.08%
2026-04-26 21:15:17,833 | [余额同步] 本地模式，初始资金: 10000.0 U
2026-04-26 21:15:17,834 | [本地账户监控] short | 数量:0.003 | 均价:77820.0 | 现价:77860.0 | 浮盈:-0.12U | ROI:-1.03%
2026-04-26 21:15:19,292 | [本地持仓状态-ROI修正] short | 当前ROI:-1.46% | 最高ROI:-1.46% | 状态面板: 止盈锁定🔒 当前ROI:-1.46%<=0.08%
2026-04-26 21:15:20,723 | [价格] Last:77880.8 | Mark:77876.8 | 延迟:0.0s | aggDelay:0.0s
2026-04-26 21:15:21,424 | [本地持仓状态-ROI修正] short | 当前ROI:-1.92% | 最高ROI:-1.92% | 状态面板: 止盈锁定🔒 当前ROI:-1.92%<=0.08%
2026-04-26 21:15:23,893 | [本地持仓状态-ROI修正] short | 当前ROI:-2.05% | 最高ROI:-2.05% | 状态面板: 止盈锁定🔒 当前ROI:-2.05%<=0.08%
2026-04-26 21:15:25,834 | [余额同步] 本地模式，初始资金: 10000.0 U
2026-04-26 21:15:25,834 | [本地账户监控] short | 数量:0.003 | 均价:77820.0 | 现价:77899.6 | 浮盈:-0.24U | ROI:-2.05%
2026-04-26 21:15:25,929 | [价格] Last:77899.7 | Mark:77899.6 | 延迟:0.0s | aggDelay:0.0s
2026-04-26 21:15:25,929 | [本地持仓状态-ROI修正] short | 当前ROI:-2.05% | 最高ROI:-2.05% | 状态面板: 止盈锁定🔒 当前ROI:-2.05%<=0.08%
2026-04-26 21:15:28,335 | [本地持仓状态-ROI修正] short | 当前ROI:-1.98% | 最高ROI:-1.98% | 状态面板: 止盈锁定🔒 当前ROI:-1.98%<=0.08%
2026-04-26 21:15:30,620 | [本地持仓状态-ROI修正] short | 当前ROI:-1.59% | 最高ROI:-1.59% | 状态面板: 止盈锁定🔒 当前ROI:-1.59%<=0.08%
2026-04-26 21:15:31,048 | [价格] Last:77881.7 | Mark:77895.19686957 | 延迟:0.0s | aggDelay:0.0s
2026-04-26 21:15:32,859 | [本地持仓状态-ROI修正] short | 当前ROI:-1.59% | 最高ROI:-1.59% | 状态面板: 止盈锁定🔒 当前ROI:-1.59%<=0.08%
2026-04-26 21:15:33,843 | [余额同步] 本地模式，初始资金: 10000.0 U
2026-04-26 21:15:33,843 | [本地账户监控] short | 数量:0.003 | 均价:77820.0 | 现价:77881.7 | 浮盈:-0.19U | ROI:-1.59%
2026-04-26 21:15:34,912 | [本地持仓状态-ROI修正] short | 当前ROI:-1.59% | 最高ROI:-1.59% | 状态面板: 止盈锁定🔒 当前ROI:-1.59%<=0.08%
2026-04-26 21:15:36,832 | [价格] Last:77881.7 | Mark:77884.00378261 | 延迟:0.0s | aggDelay:0.8s
2026-04-26 21:15:38,333 | [本地持仓状态-ROI修正] short | 当前ROI:-1.59% | 最高ROI:-1.59% | 状态面板: 止盈锁定🔒 当前ROI:-1.59%<=0.08%
2026-04-26 21:15:40,957 | [本地持仓状态-ROI修正] short | 当前ROI:-1.54% | 最高ROI:-1.54% | 状态面板: 止盈锁定🔒 当前ROI:-1.54%<=0.08%
2026-04-26 21:15:41,843 | [余额同步] 本地模式，初始资金: 10000.0 U
2026-04-26 21:15:41,843 | [本地账户监控] short | 数量:0.003 | 均价:77820.0 | 现价:77880.1 | 浮盈:-0.18U | ROI:-1.54%
2026-04-26 21:15:41,955 | [价格] Last:77880.0 | Mark:77880.41747826 | 延迟:0.0s | aggDelay:0.0s
2026-04-26 21:15:43,060 | [本地持仓状态-ROI修正] short | 当前ROI:-1.58% | 最高ROI:-1.58% | 状态面板: 止盈锁定🔒 当前ROI:-1.58%<=0.08%
2026-04-26 21:15:45,239 | [本地持仓状态-ROI修正] short | 当前ROI:-1.76% | 最高ROI:-1.76% | 状态面板: 止盈锁定🔒 当前ROI:-1.76%<=0.08%
2026-04-26 21:15:47,128 | [价格] Last:77885.4 | Mark:77888.3 | 延迟:0.0s | aggDelay:0.0s
2026-04-26 21:15:47,725 | [本地持仓状态-ROI修正] short | 当前ROI:-1.68% | 最高ROI:-1.68% | 状态面板: 止盈锁定🔒 当前ROI:-1.68%<=0.08%
2026-04-26 21:15:49,843 | [余额同步] 本地模式，初始资金: 10000.0 U
2026-04-26 21:15:49,843 | [本地账户监控] short | 数量:0.003 | 均价:77820.0 | 现价:77888.3 | 浮盈:-0.20U | ROI:-1.76%
2026-04-26 21:15:50,052 | [本地持仓状态-ROI修正] short | 当前ROI:-1.76% | 最高ROI:-1.76% | 状态面板: 止盈锁定🔒 当前ROI:-1.76%<=0.08%
2026-04-26 21:15:52,149 | [价格] Last:77888.3 | Mark:77888.2 | 延迟:0.0s | aggDelay:0.0s
2026-04-26 21:15:52,149 | [本地持仓状态-ROI修正] short | 当前ROI:-1.76% | 最高ROI:-1.76% | 状态面板: 止盈锁定🔒 当前ROI:-1.76%<=0.08%
2026-04-26 21:15:54,592 | [本地持仓状态-ROI修正] short | 当前ROI:-1.76% | 最高ROI:-1.76% | 状态面板: 止盈锁定🔒 当前ROI:-1.76%<=0.08%
2026-04-26 21:15:57,170 | [价格] Last:77888.3 | Mark:77888.4 | 延迟:0.0s | aggDelay:0.0s
2026-04-26 21:15:57,170 | [本地持仓状态-ROI修正] short | 当前ROI:-1.76% | 最高ROI:-1.76% | 状态面板: 止盈锁定🔒 当前ROI:-1.76%<=0.08%
2026-04-26 21:15:57,844 | [余额同步] 本地模式，初始资金: 10000.0 U
2026-04-26 21:15:57,844 | [本地账户监控] short | 数量:0.003 | 均价:77820.0 | 现价:77888.4 | 浮盈:-0.21U | ROI:-1.76%
2026-04-26 21:15:59,659 | [本地持仓状态-ROI修正] short | 当前ROI:-1.89% | 最高ROI:-1.89% | 状态面板: 止盈锁定🔒 当前ROI:-1.89%<=0.08%
2026-04-26 21:16:01,714 | [本地持仓状态-ROI修正] short | 当前ROI:-1.89% | 最高ROI:-1.89% | 状态面板: 止盈锁定🔒 当前ROI:-1.89%<=0.08%
2026-04-26 21:16:02,741 | [价格] Last:77893.4 | Mark:77893.4 | 延迟:0.0s | aggDelay:0.0s
2026-04-26 21:16:03,767 | [本地持仓状态-ROI修正] short | 当前ROI:-1.89% | 最高ROI:-1.89% | 状态面板: 止盈锁定🔒 当前ROI:-1.89%<=0.08%
2026-04-26 21:16:05,844 | [余额同步] 本地模式，初始资金: 10000.0 U
2026-04-26 21:16:05,844 | [本地账户监控] short | 数量:0.003 | 均价:77820.0 | 现价:77893.4 | 浮盈:-0.22U | ROI:-1.89%
2026-04-26 21:16:06,652 | [本地持仓状态-ROI修正] short | 当前ROI:-1.88% | 最高ROI:-1.88% | 状态面板: 止盈锁定🔒 当前ROI:-1.88%<=0.08%
2026-04-26 21:16:08,089 | [价格] Last:77893.4 | Mark:77893.37725362 | 延迟:0.0s | aggDelay:0.0s
2026-04-26 21:16:08,872 | [本地持仓状态-ROI修正] short | 当前ROI:-1.89% | 最高ROI:-1.89% | 状态面板: 止盈锁定🔒 当前ROI:-1.89%<=0.08%
2026-04-26 21:16:12,372 | [本地持仓状态-ROI修正] short | 当前ROI:-1.89% | 最高ROI:-1.89% | 状态面板: 止盈锁定🔒 当前ROI:-1.89%<=0.08%
2026-04-26 21:16:13,176 | [价格] Last:77893.4 | Mark:77894.3967029 | 延迟:0.0s | aggDelay:0.0s
2026-04-26 21:16:13,844 | [余额同步] 本地模式，初始资金: 10000.0 U
2026-04-26 21:16:13,845 | [本地账户监控] short | 数量:0.003 | 均价:77820.0 | 现价:77893.4 | 浮盈:-0.22U | ROI:-1.89%
2026-04-26 21:16:14,514 | [本地持仓状态-ROI修正] short | 当前ROI:-1.89% | 最高ROI:-1.89% | 状态面板: 止盈锁定🔒 当前ROI:-1.89%<=0.08%
2026-04-26 21:16:16,563 | [本地持仓状态-ROI修正] short | 当前ROI:-1.89% | 最高ROI:-1.89% | 状态面板: 止盈锁定🔒 当前ROI:-1.89%<=0.08%
2026-04-26 21:16:18,294 | [价格] Last:77892.0 | Mark:77894.40974638 | 延迟:0.0s | aggDelay:0.0s
2026-04-26 21:16:18,844 | [本地持仓状态-ROI修正] short | 当前ROI:-1.57% | 最高ROI:-1.57% | 状态面板: 止盈锁定🔒 当前ROI:-1.57%<=0.08%
2026-04-26 21:16:21,839 | [本地持仓状态-ROI修正] short | 当前ROI:-1.54% | 最高ROI:-1.54% | 状态面板: 止盈锁定🔒 当前ROI:-1.54%<=0.08%
2026-04-26 21:16:21,845 | [余额同步] 本地模式，初始资金: 10000.0 U
2026-04-26 21:16:21,845 | [本地账户监控] short | 数量:0.003 | 均价:77820.0 | 现价:77880.1 | 浮盈:-0.18U | ROI:-1.54%
2026-04-26 21:16:23,349 | [价格] Last:77880.0 | Mark:77888.61334783 | 延迟:0.0s | aggDelay:0.0s
2026-04-26 21:16:24,021 | [本地持仓状态-ROI修正] short | 当前ROI:-1.54% | 最高ROI:-1.54% | 状态面板: 止盈锁定🔒 当前ROI:-1.54%<=0.08%
2026-04-26 21:16:26,155 | [本地持仓状态-ROI修正] short | 当前ROI:-1.44% | 最高ROI:-1.44% | 状态面板: 止盈锁定🔒 当前ROI:-1.44%<=0.08%
2026-04-26 21:16:28,507 | [价格] Last:77876.0 | Mark:77878.94814493 | 延迟:0.0s | aggDelay:0.0s
2026-04-26 21:16:28,508 | [本地持仓状态-ROI修正] short | 当前ROI:-1.44% | 最高ROI:-1.44% | 状态面板: 止盈锁定🔒 当前ROI:-1.44%<=0.08%
2026-04-26 21:16:29,846 | [余额同步] 本地模式，初始资金: 10000.0 U
2026-04-26 21:16:29,846 | [本地账户监控] short | 数量:0.003 | 均价:77820.0 | 现价:77875.9 | 浮盈:-0.17U | ROI:-1.44%
2026-04-26 21:16:30,839 | [本地持仓状态-ROI修正] short | 当前ROI:-1.44% | 最高ROI:-1.44% | 状态面板: 止盈锁定🔒 当前ROI:-1.44%<=0.08%
2026-04-26 21:16:33,265 | [本地持仓状态-ROI修正] short | 当前ROI:-1.44% | 最高ROI:-1.44% | 状态面板: 止盈锁定🔒 当前ROI:-1.44%<=0.08%
2026-04-26 21:16:33,752 | [价格] Last:77876.0 | Mark:77879.66316667 | 延迟:0.0s | aggDelay:0.0s
2026-04-26 21:16:35,756 | [本地持仓状态-ROI修正] short | 当前ROI:-1.44% | 最高ROI:-1.44% | 状态面板: 止盈锁定🔒 当前ROI:-1.44%<=0.08%
2026-04-26 21:16:37,847 | [余额同步] 本地模式，初始资金: 10000.0 U
2026-04-26 21:16:37,847 | [本地账户监控] short | 数量:0.003 | 均价:77820.0 | 现价:77875.9 | 浮盈:-0.17U | ROI:-1.44%
2026-04-26 21:16:37,992 | [本地持仓状态-ROI修正] short | 当前ROI:-1.44% | 最高ROI:-1.44% | 状态面板: 止盈锁定🔒 当前ROI:-1.44%<=0.08%
2026-04-26 21:16:39,486 | [价格] Last:77876.0 | Mark:77877.92362819 | 延迟:0.0s | aggDelay:0.0s
2026-04-26 21:16:40,025 | [本地持仓状态-ROI修正] short | 当前ROI:-1.35% | 最高ROI:-1.35% | 状态面板: 止盈锁定🔒 当前ROI:-1.35%<=0.08%
2026-04-26 21:16:42,709 | [本地持仓状态-ROI修正] short | 当前ROI:-1.35% | 最高ROI:-1.35% | 状态面板: 止盈锁定🔒 当前ROI:-1.35%<=0.08%
2026-04-26 21:16:44,863 | [价格] Last:77872.6 | Mark:77872.7 | 延迟:0.0s | aggDelay:0.0s
2026-04-26 21:16:44,864 | [本地持仓状态-ROI修正] short | 当前ROI:-1.35% | 最高ROI:-1.35% | 状态面板: 止盈锁定🔒 当前ROI:-1.35%<=0.08%
2026-04-26 21:16:45,847 | [余额同步] 本地模式，初始资金: 10000.0 U
2026-04-26 21:16:45,847 | [本地账户监控] short | 数量:0.003 | 均价:77820.0 | 现价:77871.2 | 浮盈:-0.15U | ROI:-1.32%
2026-04-26 21:16:46,977 | [本地持仓状态-ROI修正] short | 当前ROI:-1.32% | 最高ROI:-1.32% | 状态面板: 止盈锁定🔒 当前ROI:-1.32%<=0.08%
2026-04-26 21:16:49,078 | [本地持仓状态-ROI修正] short | 当前ROI:-1.32% | 最高ROI:-1.32% | 状态面板: 止盈锁定🔒 当前ROI:-1.32%<=0.08%
2026-04-26 21:16:50,492 | [价格] Last:77871.1 | Mark:77871.1 | 延迟:0.0s | aggDelay:0.0s
2026-04-26 21:16:51,420 | [本地持仓状态-ROI修正] short | 当前ROI:-1.32% | 最高ROI:-1.32% | 状态面板: 止盈锁定🔒 当前ROI:-1.32%<=0.08%
2026-04-26 21:16:53,481 | [本地持仓状态-ROI修正] short | 当前ROI:-1.32% | 最高ROI:-1.32% | 状态面板: 止盈锁定🔒 当前ROI:-1.32%<=0.08%
2026-04-26 21:16:53,848 | [余额同步] 本地模式，初始资金: 10000.0 U
2026-04-26 21:16:53,848 | [本地账户监控] short | 数量:0.003 | 均价:77820.0 | 现价:77871.2 | 浮盈:-0.15U | ROI:-1.32%
2026-04-26 21:16:55,550 | [价格] Last:77871.1 | Mark:77871.1 | 延迟:0.0s | aggDelay:0.0s
2026-04-26 21:16:55,550 | [本地持仓状态-ROI修正] short | 当前ROI:-1.31% | 最高ROI:-1.31% | 状态面板: 止盈锁定🔒 当前ROI:-1.31%<=0.08%
2026-04-26 21:16:57,834 | [本地持仓状态-ROI修正] short | 当前ROI:-1.31% | 最高ROI:-1.31% | 状态面板: 止盈锁定🔒 当前ROI:-1.31%<=0.08%
2026-04-26 21:16:59,953 | [本地持仓状态-ROI修正] short | 当前ROI:-1.32% | 最高ROI:-1.32% | 状态面板: 止盈锁定🔒 当前ROI:-1.32%<=0.08%
2026-04-26 21:17:00,862 | [价格] Last:77871.2 | Mark:77871.2 | 延迟:0.0s | aggDelay:0.4s
2026-04-26 21:17:01,848 | [余额同步] 本地模式，初始资金: 10000.0 U
2026-04-26 21:17:01,848 | [本地账户监控] short | 数量:0.003 | 均价:77820.0 | 现价:77871.1 | 浮盈:-0.15U | ROI:-1.31%
2026-04-26 21:17:02,092 | [本地持仓状态-ROI修正] short | 当前ROI:-1.32% | 最高ROI:-1.32% | 状态面板: 止盈锁定🔒 当前ROI:-1.32%<=0.08%
2026-04-26 21:17:04,513 | [本地持仓状态-ROI修正] short | 当前ROI:-1.31% | 最高ROI:-1.31% | 状态面板: 止盈锁定🔒 当前ROI:-1.31%<=0.08%
2026-04-26 21:17:05,988 | [价格] Last:77871.1 | Mark:77871.1 | 延迟:0.0s | aggDelay:0.0s
2026-04-26 21:17:06,842 | [本地持仓状态-ROI修正] short | 当前ROI:-1.31% | 最高ROI:-1.31% | 状态面板: 止盈锁定🔒 当前ROI:-1.31%<=0.08%
2026-04-26 21:17:09,080 | [本地持仓状态-ROI修正] short | 当前ROI:-1.31% | 最高ROI:-1.31% | 状态面板: 止盈锁定🔒 当前ROI:-1.31%<=0.08%
2026-04-26 21:17:09,848 | [余额同步] 本地模式，初始资金: 10000.0 U
2026-04-26 21:17:09,848 | [本地账户监控] short | 数量:0.003 | 均价:77820.0 | 现价:77863.7 | 浮盈:-0.13U | ROI:-1.12%
2026-04-26 21:17:11,369 | [价格] Last:77863.6 | Mark:77866.95358696 | 延迟:0.0s | aggDelay:0.0s
2026-04-26 21:17:11,370 | [本地持仓状态-ROI修正] short | 当前ROI:-1.12% | 最高ROI:-1.12% | 状态面板: 止盈锁定🔒 当前ROI:-1.12%<=0.08%
2026-04-26 21:17:13,450 | [本地持仓状态-ROI修正] short | 当前ROI:-1.12% | 最高ROI:-1.12% | 状态面板: 止盈锁定🔒 当前ROI:-1.12%<=0.08%
2026-04-26 21:17:15,724 | [本地持仓状态-ROI修正] short | 当前ROI:-1.12% | 最高ROI:-1.12% | 状态面板: 止盈锁定🔒 当前ROI:-1.12%<=0.08%
2026-04-26 21:17:16,928 | [价格] Last:77863.7 | Mark:77865.51118441 | 延迟:0.0s | aggDelay:0.0s
2026-04-26 21:17:17,849 | [余额同步] 本地模式，初始资金: 10000.0 U
2026-04-26 21:17:17,849 | [本地账户监控] short | 数量:0.003 | 均价:77820.0 | 现价:77863.6 | 浮盈:-0.13U | ROI:-1.12%
2026-04-26 21:17:17,930 | [本地持仓状态-ROI修正] short | 当前ROI:-1.12% | 最高ROI:-1.12% | 状态面板: 止盈锁定🔒 当前ROI:-1.12%<=0.08%
2026-04-26 21:17:20,439 | [本地持仓状态-ROI修正] short | 当前ROI:-1.12% | 最高ROI:-1.12% | 状态面板: 止盈锁定🔒 当前ROI:-1.12%<=0.08%
2026-04-26 21:17:22,111 | [价格] Last:77863.6 | Mark:77863.71287681 | 延迟:0.0s | aggDelay:0.0s
2026-04-26 21:17:23,085 | [本地持仓状态-ROI修正] short | 当前ROI:-1.12% | 最高ROI:-1.12% | 状态面板: 止盈锁定🔒 当前ROI:-1.12%<=0.08%
2026-04-26 21:17:25,550 | [本地持仓状态-ROI修正] short | 当前ROI:-1.12% | 最高ROI:-1.12% | 状态面板: 止盈锁定🔒 当前ROI:-1.12%<=0.08%
2026-04-26 21:17:25,850 | [余额同步] 本地模式，初始资金: 10000.0 U
2026-04-26 21:17:25,850 | [本地账户监控] short | 数量:0.003 | 均价:77820.0 | 现价:77863.6 | 浮盈:-0.13U | ROI:-1.12%
2026-04-26 21:17:27,838 | [价格] Last:77863.6 | Mark:77863.65765942 | 延迟:0.0s | aggDelay:0.8s
2026-04-26 21:17:27,839 | [本地持仓状态-ROI修正] short | 当前ROI:-1.12% | 最高ROI:-1.12% | 状态面板: 止盈锁定🔒 当前ROI:-1.12%<=0.08%
2026-04-26 21:17:30,567 | [本地持仓状态-ROI修正] short | 当前ROI:-1.12% | 最高ROI:-1.12% | 状态面板: 止盈锁定🔒 当前ROI:-1.12%<=0.08%
2026-04-26 21:17:33,122 | [价格] Last:77863.6 | Mark:77863.95258696 | 延迟:0.0s | aggDelay:0.0s
2026-04-26 21:17:33,122 | [本地持仓状态-ROI修正] short | 当前ROI:-1.12% | 最高ROI:-1.12% | 状态面板: 止盈锁定🔒 当前ROI:-1.12%<=0.08%
2026-04-26 21:17:33,850 | [余额同步] 本地模式，初始资金: 10000.0 U
2026-04-26 21:17:33,850 | [本地账户监控] short | 数量:0.003 | 均价:77820.0 | 现价:77863.6 | 浮盈:-0.13U | ROI:-1.12%
2026-04-26 21:17:36,625 | [本地持仓状态-ROI修正] short | 当前ROI:-1.12% | 最高ROI:-1.12% | 状态面板: 止盈锁定🔒 当前ROI:-1.12%<=0.08%
2026-04-26 21:17:38,987 | [价格] Last:77863.6 | Mark:77863.6 | 延迟:0.0s | aggDelay:0.0s
2026-04-26 21:17:38,987 | [本地持仓状态-ROI修正] short | 当前ROI:-1.12% | 最高ROI:-1.12% | 状态面板: 止盈锁定🔒 当前ROI:-1.12%<=0.08%
2026-04-26 21:17:41,851 | [余额同步] 本地模式，初始资金: 10000.0 U
2026-04-26 21:17:41,851 | [本地账户监控] short | 数量:0.003 | 均价:77820.0 | 现价:77863.7 | 浮盈:-0.13U | ROI:-1.12%
2026-04-26 21:17:42,127 | [本地持仓状态-ROI修正] short | 当前ROI:-1.12% | 最高ROI:-1.12% | 状态面板: 止盈锁定🔒 当前ROI:-1.12%<=0.08%
2026-04-26 21:17:44,127 | [价格] Last:77863.7 | Mark:77863.6 | 延迟:0.0s | aggDelay:0.0s
2026-04-26 21:17:44,384 | [本地持仓状态-ROI修正] short | 当前ROI:-1.12% | 最高ROI:-1.12% | 状态面板: 止盈锁定🔒 当前ROI:-1.12%<=0.08%
2026-04-26 21:17:46,566 | [本地持仓状态-ROI修正] short | 当前ROI:-1.12% | 最高ROI:-1.12% | 状态面板: 止盈锁定🔒 当前ROI:-1.12%<=0.08%
2026-04-26 21:17:48,837 | [本地持仓状态-ROI修正] short | 当前ROI:-1.03% | 最高ROI:-1.03% | 状态面板: 止盈锁定🔒 当前ROI:-1.03%<=0.08%
2026-04-26 21:17:49,226 | [价格] Last:77860.1 | Mark:77863.26512319 | 延迟:0.0s | aggDelay:0.0s
2026-04-26 21:17:49,851 | [余额同步] 本地模式，初始资金: 10000.0 U
2026-04-26 21:17:49,852 | [本地账户监控] short | 数量:0.003 | 均价:77820.0 | 现价:77860.2 | 浮盈:-0.12U | ROI:-1.03%
2026-04-26 21:17:51,192 | [本地持仓状态-ROI修正] short | 当前ROI:-1.03% | 最高ROI:-1.03% | 状态面板: 止盈锁定🔒 当前ROI:-1.03%<=0.08%
2026-04-26 21:17:53,284 | [本地持仓状态-ROI修正] short | 当前ROI:-0.96% | 最高ROI:-0.96% | 状态面板: 止盈锁定🔒 当前ROI:-0.96%<=0.08%
2026-04-26 21:17:54,240 | [价格] Last:77857.5 | Mark:77863.26077536 | 延迟:0.0s | aggDelay:0.0s
2026-04-26 21:17:55,616 | [本地持仓状态-ROI修正] short | 当前ROI:-0.92% | 最高ROI:-0.92% | 状态面板: 止盈锁定🔒 当前ROI:-0.92%<=0.08%
2026-04-26 21:17:57,641 | [本地持仓状态-ROI修正] short | 当前ROI:-0.47% | 最高ROI:-0.47% | 状态面板: 止盈锁定🔒 当前ROI:-0.47%<=0.08%
2026-04-26 21:17:57,852 | [余额同步] 本地模式，初始资金: 10000.0 U
2026-04-26 21:17:57,852 | [本地账户监控] short | 数量:0.003 | 均价:77820.0 | 现价:77838.1 | 浮盈:-0.05U | ROI:-0.47%
2026-04-26 21:17:59,469 | [价格] Last:77838.1 | Mark:77852.6181087 | 延迟:0.0s | aggDelay:0.0s
2026-04-26 21:17:59,865 | [本地持仓状态-ROI修正] short | 当前ROI:-0.47% | 最高ROI:-0.47% | 状态面板: 止盈锁定🔒 当前ROI:-0.47%<=0.08%
2026-04-26 21:18:02,179 | [本地持仓状态-ROI修正] short | 当前ROI:-0.46% | 最高ROI:-0.46% | 状态面板: 止盈锁定🔒 当前ROI:-0.46%<=0.08%
2026-04-26 21:18:05,149 | [价格] Last:77830.1 | Mark:77838.49072464 | 延迟:0.0s | aggDelay:0.0s
2026-04-26 21:18:05,149 | [本地持仓状态-ROI修正] short | 当前ROI:-0.26% | 最高ROI:-0.26% | 状态面板: 止盈锁定🔒 当前ROI:-0.26%<=0.08%
2026-04-26 21:18:05,864 | [余额同步] 本地模式，初始资金: 10000.0 U
2026-04-26 21:18:05,864 | [本地账户监控] short | 数量:0.003 | 均价:77820.0 | 现价:77819.3 | 浮盈:0.00U | ROI:0.02%
2026-04-26 21:18:07,182 | [本地持仓状态-ROI修正] short | 当前ROI:-0.08% | 最高ROI:-0.08% | 状态面板: 止盈锁定🔒 当前ROI:-0.08%<=0.08%
2026-04-26 21:18:09,541 | [本地持仓状态-ROI修正] short | 当前ROI:-0.25% | 最高ROI:-0.25% | 状态面板: 止盈锁定🔒 当前ROI:-0.25%<=0.08%
2026-04-26 21:18:10,322 | [价格] Last:77829.9 | Mark:77829.9 | 延迟:0.0s | aggDelay:0.0s
2026-04-26 21:18:11,680 | [本地持仓状态-ROI修正] short | 当前ROI:-0.25% | 最高ROI:-0.25% | 状态面板: 止盈锁定🔒 当前ROI:-0.25%<=0.08%
2026-04-26 21:18:13,865 | [余额同步] 本地模式，初始资金: 10000.0 U
2026-04-26 21:18:13,865 | [本地账户监控] short | 数量:0.003 | 均价:77820.0 | 现价:77829.8 | 浮盈:-0.03U | ROI:-0.25%
2026-04-26 21:18:14,155 | [本地持仓状态-ROI修正] short | 当前ROI:-0.25% | 最高ROI:-0.25% | 状态面板: 止盈锁定🔒 当前ROI:-0.25%<=0.08%
2026-04-26 21:18:15,634 | [价格] Last:77822.2 | Mark:77829.9 | 延迟:0.0s | aggDelay:0.0s
2026-04-26 21:18:16,239 | [本地持仓状态-ROI修正] short | 当前ROI:-0.05% | 最高ROI:-0.05% | 状态面板: 止盈锁定🔒 当前ROI:-0.05%<=0.08%
2026-04-26 21:18:18,673 | [本地持仓状态-ROI修正] short | 当前ROI:-0.05% | 最高ROI:-0.05% | 状态面板: 止盈锁定🔒 当前ROI:-0.05%<=0.08%
2026-04-26 21:18:20,780 | [价格] Last:77822.2 | Mark:77822.1 | 延迟:0.0s | aggDelay:0.0s
2026-04-26 21:18:20,781 | [本地持仓状态-ROI修正] short | 当前ROI:-0.06% | 最高ROI:-0.06% | 状态面板: 止盈锁定🔒 当前ROI:-0.06%<=0.08%
2026-04-26 21:18:21,865 | [余额同步] 本地模式，初始资金: 10000.0 U
2026-04-26 21:18:21,865 | [本地账户监控] short | 数量:0.003 | 均价:77820.0 | 现价:77822.1 | 浮盈:-0.01U | ROI:-0.05%
2026-04-26 21:18:22,947 | [本地持仓状态-ROI修正] short | 当前ROI:-0.05% | 最高ROI:-0.05% | 状态面板: 止盈锁定🔒 当前ROI:-0.05%<=0.08%
2026-04-26 21:18:25,086 | [本地持仓状态-ROI修正] short | 当前ROI:-0.06% | 最高ROI:-0.06% | 状态面板: 止盈锁定🔒 当前ROI:-0.06%<=0.08%
2026-04-26 21:18:26,587 | [价格] Last:77822.1 | Mark:77822.2 | 延迟:0.0s | aggDelay:0.0s
2026-04-26 21:18:27,637 | [本地持仓状态-ROI修正] short | 当前ROI:-0.05% | 最高ROI:-0.05% | 状态面板: 止盈锁定🔒 当前ROI:-0.05%<=0.08%
2026-04-26 21:18:29,865 | [余额同步] 本地模式，初始资金: 10000.0 U
2026-04-26 21:18:29,865 | [本地账户监控] short | 数量:0.003 | 均价:77820.0 | 现价:77822.1 | 浮盈:-0.01U | ROI:-0.05%
2026-04-26 21:18:30,846 | [本地持仓状态-ROI修正] short | 当前ROI:-0.05% | 最高ROI:-0.05% | 状态面板: 止盈锁定🔒 当前ROI:-0.05%<=0.08%
2026-04-26 21:18:32,086 | [价格] Last:77822.1 | Mark:77822.1 | 延迟:0.0s | aggDelay:0.0s
2026-04-26 21:18:32,925 | [本地持仓状态-ROI修正] short | 当前ROI:-0.05% | 最高ROI:-0.05% | 状态面板: 止盈锁定🔒 当前ROI:-0.05%<=0.08%
2026-04-26 21:18:35,092 | [本地持仓状态-ROI修正] short | 当前ROI:-0.06% | 最高ROI:-0.06% | 状态面板: 止盈锁定🔒 当前ROI:-0.06%<=0.08%
2026-04-26 21:18:37,477 | [价格] Last:77819.4 | Mark:77821.4925 | 延迟:0.0s | aggDelay:0.0s
2026-04-26 21:18:37,477 | [本地持仓状态-ROI修正] short | 当前ROI:0.02% | 最高ROI:0.02% | 状态面板: 止盈锁定🔒 当前ROI:0.02%<=0.08%
2026-04-26 21:18:37,866 | [余额同步] 本地模式，初始资金: 10000.0 U
2026-04-26 21:18:37,866 | [本地账户监控] short | 数量:0.003 | 均价:77820.0 | 现价:77819.4 | 浮盈:0.00U | ROI:0.02%
2026-04-26 21:18:39,593 | [本地持仓状态-ROI修正] short | 当前ROI:0.02% | 最高ROI:0.02% | 状态面板: 止盈锁定🔒 当前ROI:0.02%<=0.08%
2026-04-26 21:18:41,718 | [本地持仓状态-ROI修正] short | 当前ROI:0.02% | 最高ROI:0.02% | 状态面板: 止盈锁定🔒 当前ROI:0.02%<=0.08%
2026-04-26 21:18:42,845 | [价格] Last:77819.3 | Mark:77820.31256522 | 延迟:0.0s | aggDelay:0.5s
2026-04-26 21:18:43,902 | [本地持仓状态-ROI修正] short | 当前ROI:0.02% | 最高ROI:0.02% | 状态面板: 止盈锁定🔒 当前ROI:0.02%<=0.08%
2026-04-26 21:18:45,866 | [余额同步] 本地模式，初始资金: 10000.0 U
2026-04-26 21:18:45,866 | [本地账户监控] short | 数量:0.003 | 均价:77820.0 | 现价:77822.2 | 浮盈:-0.01U | ROI:-0.06%
2026-04-26 21:18:46,166 | [本地持仓状态-ROI修正] short | 当前ROI:-0.05% | 最高ROI:-0.05% | 状态面板: 止盈锁定🔒 当前ROI:-0.05%<=0.08%
2026-04-26 21:18:48,085 | [价格] Last:77829.7 | Mark:77822.1 | 延迟:0.0s | aggDelay:0.0s
2026-04-26 21:18:48,613 | [本地持仓状态-ROI修正] short | 当前ROI:-0.25% | 最高ROI:-0.25% | 状态面板: 止盈锁定🔒 当前ROI:-0.25%<=0.08%
2026-04-26 21:18:50,931 | [本地持仓状态-ROI修正] short | 当前ROI:-0.25% | 最高ROI:-0.25% | 状态面板: 止盈锁定🔒 当前ROI:-0.25%<=0.08%
2026-04-26 21:18:53,271 | [价格] Last:77829.7 | Mark:77829.7 | 延迟:0.0s | aggDelay:0.0s
2026-04-26 21:18:53,271 | [本地持仓状态-ROI修正] short | 当前ROI:-0.25% | 最高ROI:-0.25% | 状态面板: 止盈锁定🔒 当前ROI:-0.25%<=0.08%
2026-04-26 21:18:53,867 | [余额同步] 本地模式，初始资金: 10000.0 U
2026-04-26 21:18:53,867 | [本地账户监控] short | 数量:0.003 | 均价:77820.0 | 现价:77829.6 | 浮盈:-0.03U | ROI:-0.25%
2026-04-26 21:18:55,464 | [本地持仓状态-ROI修正] short | 当前ROI:-0.25% | 最高ROI:-0.25% | 状态面板: 止盈锁定🔒 当前ROI:-0.25%<=0.08%
2026-04-26 21:18:57,785 | [本地持仓状态-ROI修正] short | 当前ROI:-0.25% | 最高ROI:-0.25% | 状态面板: 止盈锁定🔒 当前ROI:-0.25%<=0.08%
2026-04-26 21:18:58,583 | [价格] Last:77829.6 | Mark:77829.7 | 延迟:0.0s | aggDelay:0.0s
2026-04-26 21:19:00,086 | [本地持仓状态-ROI修正] short | 当前ROI:-0.25% | 最高ROI:-0.25% | 状态面板: 止盈锁定🔒 当前ROI:-0.25%<=0.08%
2026-04-26 21:19:01,873 | [余额同步] 本地模式，初始资金: 10000.0 U
2026-04-26 21:19:01,873 | [本地账户监控] short | 数量:0.003 | 均价:77820.0 | 现价:77829.7 | 浮盈:-0.03U | ROI:-0.25%
2026-04-26 21:19:02,661 | [本地持仓状态-ROI修正] short | 当前ROI:-0.25% | 最高ROI:-0.25% | 状态面板: 止盈锁定🔒 当前ROI:-0.25%<=0.08%
2026-04-26 21:19:03,787 | [价格] Last:77829.6 | Mark:77829.7 | 延迟:0.0s | aggDelay:0.0s
2026-04-26 21:19:05,188 | [本地持仓状态-ROI修正] short | 当前ROI:-0.25% | 最高ROI:-0.25% | 状态面板: 止盈锁定🔒 当前ROI:-0.25%<=0.08%
2026-04-26 21:19:07,461 | [本地持仓状态-ROI修正] short | 当前ROI:-0.25% | 最高ROI:-0.25% | 状态面板: 止盈锁定🔒 当前ROI:-0.25%<=0.08%
2026-04-26 21:19:09,761 | [价格] Last:77829.7 | Mark:77829.6 | 延迟:0.0s | aggDelay:0.0s
2026-04-26 21:19:09,761 | [本地持仓状态-ROI修正] short | 当前ROI:-0.25% | 最高ROI:-0.25% | 状态面板: 止盈锁定🔒 当前ROI:-0.25%<=0.08%
2026-04-26 21:19:09,873 | [余额同步] 本地模式，初始资金: 10000.0 U
2026-04-26 21:19:09,873 | [本地账户监控] short | 数量:0.003 | 均价:77820.0 | 现价:77829.7 | 浮盈:-0.03U | ROI:-0.25%
2026-04-26 21:19:12,730 | [本地持仓状态-ROI修正] short | 当前ROI:-0.25% | 最高ROI:-0.25% | 状态面板: 止盈锁定🔒 当前ROI:-0.25%<=0.08%
2026-04-26 21:19:14,920 | [价格] Last:77829.6 | Mark:77829.7 | 延迟:0.0s | aggDelay:0.0s
2026-04-26 21:19:14,921 | [本地持仓状态-ROI修正] short | 当前ROI:-0.25% | 最高ROI:-0.25% | 状态面板: 止盈锁定🔒 当前ROI:-0.25%<=0.08%
2026-04-26 21:19:17,874 | [余额同步] 本地模式，初始资金: 10000.0 U
2026-04-26 21:19:17,874 | [本地账户监控] short | 数量:0.003 | 均价:77820.0 | 现价:77829.6 | 浮盈:-0.03U | ROI:-0.25%
2026-04-26 21:19:17,995 | [本地持仓状态-ROI修正] short | 当前ROI:-0.25% | 最高ROI:-0.25% | 状态面板: 止盈锁定🔒 当前ROI:-0.25%<=0.08%
2026-04-26 21:19:20,162 | [价格] Last:77829.6 | Mark:77830.51707246 | 延迟:0.0s | aggDelay:0.0s
2026-04-26 21:19:20,162 | [本地持仓状态-ROI修正] short | 当前ROI:-0.25% | 最高ROI:-0.25% | 状态面板: 止盈锁定🔒 当前ROI:-0.25%<=0.08%
2026-04-26 21:19:22,807 | [本地持仓状态-ROI修正] short | 当前ROI:-0.25% | 最高ROI:-0.25% | 状态面板: 止盈锁定🔒 当前ROI:-0.25%<=0.08%
2026-04-26 21:19:24,837 | [本地持仓状态-ROI修正] short | 当前ROI:-0.25% | 最高ROI:-0.25% | 状态面板: 止盈锁定🔒 当前ROI:-0.25%<=0.08%
2026-04-26 21:19:25,875 | [余额同步] 本地模式，初始资金: 10000.0 U
2026-04-26 21:19:25,875 | [本地账户监控] short | 数量:0.003 | 均价:77820.0 | 现价:77829.6 | 浮盈:-0.03U | ROI:-0.25%
2026-04-26 21:19:26,099 | [价格] Last:77829.7 | Mark:77830.90781884 | 延迟:0.0s | aggDelay:0.0s
2026-04-26 21:19:27,019 | [本地持仓状态-ROI修正] short | 当前ROI:-0.35% | 最高ROI:-0.35% | 状态面板: 止盈锁定🔒 当前ROI:-0.35%<=0.08%
2026-04-26 21:19:29,296 | [本地持仓状态-ROI修正] short | 当前ROI:-0.35% | 最高ROI:-0.35% | 状态面板: 止盈锁定🔒 当前ROI:-0.35%<=0.08%
2026-04-26 21:19:32,894 | [价格] Last:77839.9 | Mark:77840.0 | 延迟:0.0s | aggDelay:0.0s
2026-04-26 21:19:32,894 | [本地持仓状态-ROI修正] short | 当前ROI:-0.51% | 最高ROI:-0.51% | 状态面板: 止盈锁定🔒 当前ROI:-0.51%<=0.08%
2026-04-26 21:19:33,875 | [余额同步] 本地模式，初始资金: 10000.0 U
2026-04-26 21:19:33,875 | [本地账户监控] short | 数量:0.003 | 均价:77820.0 | 现价:77839.9 | 浮盈:-0.06U | ROI:-0.51%
2026-04-26 21:19:35,048 | [本地持仓状态-ROI修正] short | 当前ROI:-0.62% | 最高ROI:-0.62% | 状态面板: 止盈锁定🔒 当前ROI:-0.62%<=0.08%
2026-04-26 21:19:37,335 | [本地持仓状态-ROI修正] short | 当前ROI:-0.62% | 最高ROI:-0.62% | 状态面板: 止盈锁定🔒 当前ROI:-0.62%<=0.08%
2026-04-26 21:19:38,690 | [价格] Last:77844.4 | Mark:77844.3 | 延迟:0.0s | aggDelay:0.0s
2026-04-26 21:19:39,809 | [本地持仓状态-ROI修正] short | 当前ROI:-0.63% | 最高ROI:-0.63% | 状态面板: 止盈锁定🔒 当前ROI:-0.63%<=0.08%
2026-04-26 21:19:41,857 | [本地持仓状态-ROI修正] short | 当前ROI:-0.62% | 最高ROI:-0.62% | 状态面板: 止盈锁定🔒 当前ROI:-0.62%<=0.08%
2026-04-26 21:19:41,876 | [余额同步] 本地模式，初始资金: 10000.0 U
2026-04-26 21:19:41,876 | [本地账户监控] short | 数量:0.003 | 均价:77820.0 | 现价:77844.3 | 浮盈:-0.07U | ROI:-0.62%
2026-04-26 21:19:44,261 | [价格] Last:77844.4 | Mark:77844.4 | 延迟:0.0s | aggDelay:0.0s
2026-04-26 21:19:44,261 | [本地持仓状态-ROI修正] short | 当前ROI:-0.63% | 最高ROI:-0.63% | 状态面板: 止盈锁定🔒 当前ROI:-0.63%<=0.08%
2026-04-26 21:19:47,428 | [本地持仓状态-ROI修正] short | 当前ROI:-0.82% | 最高ROI:-0.82% | 状态面板: 止盈锁定🔒 当前ROI:-0.82%<=0.08%
2026-04-26 21:19:49,411 | [价格] Last:77852.0 | Mark:77852.0 | 延迟:0.0s | aggDelay:0.0s
2026-04-26 21:19:49,877 | [余额同步] 本地模式，初始资金: 10000.0 U
2026-04-26 21:19:49,878 | [本地账户监控] short | 数量:0.003 | 均价:77820.0 | 现价:77852.0 | 浮盈:-0.10U | ROI:-0.82%
2026-04-26 21:19:51,848 | [本地持仓状态-ROI修正] short | 当前ROI:-0.82% | 最高ROI:-0.82% | 状态面板: 止盈锁定🔒 当前ROI:-0.82%<=0.08%
2026-04-26 21:19:54,053 | [本地持仓状态-ROI修正] short | 当前ROI:-0.82% | 最高ROI:-0.82% | 状态面板: 止盈锁定🔒 当前ROI:-0.82%<=0.08%
2026-04-26 21:19:54,578 | [价格] Last:77852.0 | Mark:77852.0 | 延迟:0.0s | aggDelay:0.0s
2026-04-26 21:19:56,630 | [本地持仓状态-ROI修正] short | 当前ROI:-0.82% | 最高ROI:-0.82% | 状态面板: 止盈锁定🔒 当前ROI:-0.82%<=0.08%
2026-04-26 21:19:57,878 | [余额同步] 本地模式，初始资金: 10000.0 U
2026-04-26 21:19:57,878 | [本地账户监控] short | 数量:0.003 | 均价:77820.0 | 现价:77852.1 | 浮盈:-0.10U | ROI:-0.82%
2026-04-26 21:19:59,308 | [本地持仓状态-ROI修正] short | 当前ROI:-0.82% | 最高ROI:-0.82% | 状态面板: 止盈锁定🔒 当前ROI:-0.82%<=0.08%
2026-04-26 21:19:59,827 | [价格] Last:77852.1 | Mark:77852.42105072 | 延迟:0.0s | aggDelay:0.0s
2026-04-26 21:20:01,466 | [本地持仓状态-ROI修正] short | 当前ROI:-0.76% | 最高ROI:-0.76% | 状态面板: 止盈锁定🔒 当前ROI:-0.76%<=0.08%
2026-04-26 21:20:03,842 | [本地持仓状态-ROI修正] short | 当前ROI:-0.76% | 最高ROI:-0.76% | 状态面板: 止盈锁定🔒 当前ROI:-0.76%<=0.08%
2026-04-26 21:20:05,269 | [价格] Last:77849.6 | Mark:77852.49050725 | 延迟:0.0s | aggDelay:0.0s
2026-04-26 21:20:05,856 | [本地持仓状态-ROI修正] short | 当前ROI:-0.76% | 最高ROI:-0.76% | 状态面板: 止盈锁定🔒 当前ROI:-0.76%<=0.08%
2026-04-26 21:20:05,879 | [余额同步] 本地模式，初始资金: 10000.0 U
2026-04-26 21:20:05,879 | [本地账户监控] short | 数量:0.003 | 均价:77820.0 | 现价:77849.6 | 浮盈:-0.09U | ROI:-0.76%
2026-04-26 21:20:07,969 | [本地持仓状态-ROI修正] short | 当前ROI:-0.76% | 最高ROI:-0.76% | 状态面板: 止盈锁定🔒 当前ROI:-0.76%<=0.08%
2026-04-26 21:20:09,993 | [本地持仓状态-ROI修正] short | 当前ROI:-0.61% | 最高ROI:-0.61% | 状态面板: 止盈锁定🔒 当前ROI:-0.61%<=0.08%
2026-04-26 21:20:11,598 | [价格] Last:77844.0 | Mark:77851.92197826 | 延迟:0.0s | aggDelay:0.0s
2026-04-26 21:20:12,152 | [本地持仓状态-ROI修正] short | 当前ROI:-0.62% | 最高ROI:-0.62% | 状态面板: 止盈锁定🔒 当前ROI:-0.62%<=0.08%
2026-04-26 21:20:13,879 | [余额同步] 本地模式，初始资金: 10000.0 U
2026-04-26 21:20:13,879 | [本地账户监控] short | 数量:0.003 | 均价:77820.0 | 现价:77843.8 | 浮盈:-0.07U | ROI:-0.61%
2026-04-26 21:20:14,294 | [本地持仓状态-ROI修正] short | 当前ROI:-0.61% | 最高ROI:-0.61% | 状态面板: 止盈锁定🔒 当前ROI:-0.61%<=0.08%
2026-04-26 21:20:17,066 | [价格] Last:77840.0 | Mark:77843.8 | 延迟:0.0s | aggDelay:0.0s
2026-04-26 21:20:17,066 | [本地持仓状态-ROI修正] short | 当前ROI:-0.51% | 最高ROI:-0.51% | 状态面板: 止盈锁定🔒 当前ROI:-0.51%<=0.08%
2026-04-26 21:20:19,722 | [本地持仓状态-ROI修正] short | 当前ROI:-0.23% | 最高ROI:-0.23% | 状态面板: 止盈锁定🔒 当前ROI:-0.23%<=0.08%
2026-04-26 21:20:21,854 | [本地持仓状态-ROI修正] short | 当前ROI:-0.23% | 最高ROI:-0.23% | 状态面板: 止盈锁定🔒 当前ROI:-0.23%<=0.08%
2026-04-26 21:20:21,880 | [余额同步] 本地模式，初始资金: 10000.0 U
2026-04-26 21:20:21,880 | [本地账户监控] short | 数量:0.003 | 均价:77820.0 | 现价:77829.0 | 浮盈:-0.03U | ROI:-0.23%
2026-04-26 21:20:22,448 | [价格] Last:77829.0 | Mark:77831.65174638 | 延迟:0.0s | aggDelay:0.0s
2026-04-26 21:20:23,870 | [本地持仓状态-ROI修正] short | 当前ROI:-0.23% | 最高ROI:-0.23% | 状态面板: 止盈锁定🔒 当前ROI:-0.23%<=0.08%
2026-04-26 21:20:26,271 | [本地持仓状态-ROI修正] short | 当前ROI:-0.23% | 最高ROI:-0.23% | 状态面板: 止盈锁定🔒 当前ROI:-0.23%<=0.08%
2026-04-26 21:20:27,847 | [价格] Last:77829.1 | Mark:77829.64727536 | 延迟:0.0s | aggDelay:0.7s
2026-04-26 21:20:28,703 | [本地持仓状态-ROI修正] short | 当前ROI:-0.23% | 最高ROI:-0.23% | 状态面板: 止盈锁定🔒 当前ROI:-0.23%<=0.08%
2026-04-26 21:20:29,880 | [余额同步] 本地模式，初始资金: 10000.0 U
2026-04-26 21:20:29,880 | [本地账户监控] short | 数量:0.003 | 均价:77820.0 | 现价:77829.1 | 浮盈:-0.03U | ROI:-0.23%
2026-04-26 21:20:30,842 | [本地持仓状态-ROI修正] short | 当前ROI:-0.23% | 最高ROI:-0.23% | 状态面板: 止盈锁定🔒 当前ROI:-0.23%<=0.08%
2026-04-26 21:20:33,679 | [价格] Last:77829.0 | Mark:77829.50031884 | 延迟:0.0s | aggDelay:0.0s
2026-04-26 21:20:33,679 | [本地持仓状态-ROI修正] short | 当前ROI:-0.23% | 最高ROI:-0.23% | 状态面板: 止盈锁定🔒 当前ROI:-0.23%<=0.08%
2026-04-26 21:20:36,363 | [本地持仓状态-ROI修正] short | 当前ROI:-0.23% | 最高ROI:-0.23% | 状态面板: 止盈锁定🔒 当前ROI:-0.23%<=0.08%
2026-04-26 21:20:37,880 | [余额同步] 本地模式，初始资金: 10000.0 U
2026-04-26 21:20:37,880 | [本地账户监控] short | 数量:0.003 | 均价:77820.0 | 现价:77829.1 | 浮盈:-0.03U | ROI:-0.23%
2026-04-26 21:20:39,582 | [价格] Last:77829.0 | Mark:77829.0 | 延迟:0.0s | aggDelay:0.0s
2026-04-26 21:20:39,583 | [本地持仓状态-ROI修正] short | 当前ROI:-0.23% | 最高ROI:-0.23% | 状态面板: 止盈锁定🔒 当前ROI:-0.23%<=0.08%
2026-04-26 21:20:42,835 | [本地持仓状态-ROI修正] short | 当前ROI:-0.23% | 最高ROI:-0.23% | 状态面板: 止盈锁定🔒 当前ROI:-0.23%<=0.08%
2026-04-26 21:20:45,615 | [价格] Last:77829.1 | Mark:77829.0 | 延迟:0.0s | aggDelay:0.0s
2026-04-26 21:20:45,616 | [本地持仓状态-ROI修正] short | 当前ROI:-0.23% | 最高ROI:-0.23% | 状态面板: 止盈锁定🔒 当前ROI:-0.23%<=0.08%
2026-04-26 21:20:45,881 | [余额同步] 本地模式，初始资金: 10000.0 U
2026-04-26 21:20:45,881 | [本地账户监控] short | 数量:0.003 | 均价:77820.0 | 现价:77829.1 | 浮盈:-0.03U | ROI:-0.23%
2026-04-26 21:20:47,970 | [本地持仓状态-ROI修正] short | 当前ROI:-0.23% | 最高ROI:-0.23% | 状态面板: 止盈锁定🔒 当前ROI:-0.23%<=0.08%
2026-04-26 21:20:51,838 | [价格] Last:77829.0 | Mark:77829.11569565 | 延迟:0.0s | aggDelay:2.2s
2026-04-26 21:20:51,838 | [本地持仓状态-ROI修正] short | 当前ROI:-0.23% | 最高ROI:-0.23% | 状态面板: 止盈锁定🔒 当前ROI:-0.23%<=0.08%
2026-04-26 21:20:53,881 | [余额同步] 本地模式，初始资金: 10000.0 U
2026-04-26 21:20:53,881 | [本地账户监控] short | 数量:0.003 | 均价:77820.0 | 现价:77829.0 | 浮盈:-0.03U | ROI:-0.23%
2026-04-26 21:20:54,097 | [本地持仓状态-ROI修正] short | 当前ROI:-0.23% | 最高ROI:-0.23% | 状态面板: 止盈锁定🔒 当前ROI:-0.23%<=0.08%
2026-04-26 21:20:56,472 | [本地持仓状态-ROI修正] short | 当前ROI:-0.23% | 最高ROI:-0.23% | 状态面板: 止盈锁定🔒 当前ROI:-0.23%<=0.08%
2026-04-26 21:20:57,423 | [价格] Last:77829.1 | Mark:77829.11591304 | 延迟:0.0s | aggDelay:0.0s
2026-04-26 21:20:58,652 | [本地持仓状态-ROI修正] short | 当前ROI:-0.23% | 最高ROI:-0.23% | 状态面板: 止盈锁定🔒 当前ROI:-0.23%<=0.08%
2026-04-26 21:21:00,848 | [本地持仓状态-ROI修正] short | 当前ROI:-0.23% | 最高ROI:-0.23% | 状态面板: 止盈锁定🔒 当前ROI:-0.23%<=0.08%
2026-04-26 21:21:01,884 | [余额同步] 本地模式，初始资金: 10000.0 U
2026-04-26 21:21:01,885 | [本地账户监控] short | 数量:0.003 | 均价:77820.0 | 现价:77829.1 | 浮盈:-0.03U | ROI:-0.23%
2026-04-26 21:21:02,668 | [价格] Last:77829.0 | Mark:77829.72642429 | 延迟:0.0s | aggDelay:0.0s
2026-04-26 21:21:03,172 | [本地持仓状态-ROI修正] short | 当前ROI:-0.23% | 最高ROI:-0.23% | 状态面板: 止盈锁定🔒 当前ROI:-0.23%<=0.08%
2026-04-26 21:21:05,394 | [本地持仓状态-ROI修正] short | 当前ROI:-0.23% | 最高ROI:-0.23% | 状态面板: 止盈锁定🔒 当前ROI:-0.23%<=0.08%
2026-04-26 21:21:08,428 | [价格] Last:77829.0 | Mark:77829.61273913 | 延迟:0.0s | aggDelay:0.0s
2026-04-26 21:21:08,428 | [本地持仓状态-ROI修正] short | 当前ROI:-0.23% | 最高ROI:-0.23% | 状态面板: 止盈锁定🔒 当前ROI:-0.23%<=0.08%
2026-04-26 21:21:09,885 | [余额同步] 本地模式，初始资金: 10000.0 U
2026-04-26 21:21:09,885 | [本地账户监控] short | 数量:0.003 | 均价:77820.0 | 现价:77829.1 | 浮盈:-0.03U | ROI:-0.23%
2026-04-26 21:21:10,538 | [本地持仓状态-ROI修正] short | 当前ROI:-0.23% | 最高ROI:-0.23% | 状态面板: 止盈锁定🔒 当前ROI:-0.23%<=0.08%
2026-04-26 21:21:12,857 | [本地持仓状态-ROI修正] short | 当前ROI:-0.23% | 最高ROI:-0.23% | 状态面板: 止盈锁定🔒 当前ROI:-0.23%<=0.08%
2026-04-26 21:21:13,851 | [价格] Last:77829.1 | Mark:77829.52799275 | 延迟:0.0s | aggDelay:0.0s
2026-04-26 21:21:15,147 | [本地持仓状态-ROI修正] short | 当前ROI:-0.23% | 最高ROI:-0.23% | 状态面板: 止盈锁定🔒 当前ROI:-0.23%<=0.08%
2026-04-26 21:21:17,886 | [余额同步] 本地模式，初始资金: 10000.0 U
2026-04-26 21:21:17,886 | [本地账户监控] short | 数量:0.003 | 均价:77820.0 | 现价:77829.1 | 浮盈:-0.03U | ROI:-0.23%
2026-04-26 21:21:17,984 | [本地持仓状态-ROI修正] short | 当前ROI:-0.23% | 最高ROI:-0.23% | 状态面板: 止盈锁定🔒 当前ROI:-0.23%<=0.08%
2026-04-26 21:21:19,181 | [价格] Last:77829.0 | Mark:77829.22381884 | 延迟:0.0s | aggDelay:0.0s
2026-04-26 21:21:20,201 | [本地持仓状态-ROI修正] short | 当前ROI:-0.23% | 最高ROI:-0.23% | 状态面板: 止盈锁定🔒 当前ROI:-0.23%<=0.08%
2026-04-26 21:21:22,422 | [本地持仓状态-ROI修正] short | 当前ROI:-0.23% | 最高ROI:-0.23% | 状态面板: 止盈锁定🔒 当前ROI:-0.23%<=0.08%
2026-04-26 21:21:24,508 | [价格] Last:77829.1 | Mark:77829.22381884 | 延迟:0.0s | aggDelay:0.0s
2026-04-26 21:21:24,508 | [本地持仓状态-ROI修正] short | 当前ROI:-0.23% | 最高ROI:-0.23% | 状态面板: 止盈锁定🔒 当前ROI:-0.23%<=0.08%
2026-04-26 21:21:25,886 | [余额同步] 本地模式，初始资金: 10000.0 U
2026-04-26 21:21:25,886 | [本地账户监控] short | 数量:0.003 | 均价:77820.0 | 现价:77829.1 | 浮盈:-0.03U | ROI:-0.23%
2026-04-26 21:21:27,855 | [本地持仓状态-ROI修正] short | 当前ROI:-0.23% | 最高ROI:-0.23% | 状态面板: 止盈锁定🔒 当前ROI:-0.23%<=0.08%
2026-04-26 21:21:30,063 | [价格] Last:77829.0 | Mark:77829.33336957 | 延迟:0.0s | aggDelay:0.0s
2026-04-26 21:21:30,063 | [本地持仓状态-ROI修正] short | 当前ROI:-0.23% | 最高ROI:-0.23% | 状态面板: 止盈锁定🔒 当前ROI:-0.23%<=0.08%
2026-04-26 21:21:32,297 | [本地持仓状态-ROI修正] short | 当前ROI:-0.23% | 最高ROI:-0.23% | 状态面板: 止盈锁定🔒 当前ROI:-0.23%<=0.08%
2026-04-26 21:21:33,887 | [余额同步] 本地模式，初始资金: 10000.0 U
2026-04-26 21:21:33,887 | [本地账户监控] short | 数量:0.003 | 均价:77820.0 | 现价:77829.1 | 浮盈:-0.03U | ROI:-0.23%
2026-04-26 21:21:34,903 | [本地持仓状态-ROI修正] short | 当前ROI:-0.23% | 最高ROI:-0.23% | 状态面板: 止盈锁定🔒 当前ROI:-0.23%<=0.08%
2026-04-26 21:21:35,397 | [价格] Last:77829.0 | Mark:77829.19324638 | 延迟:0.0s | aggDelay:0.0s
2026-04-26 21:21:37,184 | [本地持仓状态-ROI修正] short | 当前ROI:-0.23% | 最高ROI:-0.23% | 状态面板: 止盈锁定🔒 当前ROI:-0.23%<=0.08%
2026-04-26 21:21:39,849 | [本地持仓状态-ROI修正] short | 当前ROI:-0.23% | 最高ROI:-0.23% | 状态面板: 止盈锁定🔒 当前ROI:-0.23%<=0.08%
2026-04-26 21:21:40,834 | [价格] Last:77829.0 | Mark:77829.13568216 | 延迟:0.0s | aggDelay:0.0s
2026-04-26 21:21:41,887 | [余额同步] 本地模式，初始资金: 10000.0 U
2026-04-26 21:21:41,888 | [本地账户监控] short | 数量:0.003 | 均价:77820.0 | 现价:77829.0 | 浮盈:-0.03U | ROI:-0.23%
2026-04-26 21:21:42,596 | [本地持仓状态-ROI修正] short | 当前ROI:-0.23% | 最高ROI:-0.23% | 状态面板: 止盈锁定🔒 当前ROI:-0.23%<=0.08%
2026-04-26 21:21:45,054 | [本地持仓状态-ROI修正] short | 当前ROI:-0.23% | 最高ROI:-0.23% | 状态面板: 止盈锁定🔒 当前ROI:-0.23%<=0.08%
2026-04-26 21:21:45,858 | [价格] Last:77829.0 | Mark:77829.12155072 | 延迟:0.0s | aggDelay:0.4s
2026-04-26 21:21:47,762 | [本地持仓状态-ROI修正] short | 当前ROI:-0.32% | 最高ROI:-0.32% | 状态面板: 止盈锁定🔒 当前ROI:-0.32%<=0.08%
2026-04-26 21:21:49,888 | [余额同步] 本地模式，初始资金: 10000.0 U
2026-04-26 21:21:49,888 | [本地账户监控] short | 数量:0.003 | 均价:77820.0 | 现价:77833.0 | 浮盈:-0.04U | ROI:-0.33%
2026-04-26 21:21:50,037 | [本地持仓状态-ROI修正] short | 当前ROI:-0.34% | 最高ROI:-0.34% | 状态面板: 止盈锁定🔒 当前ROI:-0.34%<=0.08%
2026-04-26 21:21:51,840 | [价格] Last:77836.9 | Mark:77836.9 | 延迟:0.0s | aggDelay:1.1s
2026-04-26 21:21:52,443 | [本地持仓状态-ROI修正] short | 当前ROI:-0.43% | 最高ROI:-0.43% | 状态面板: 止盈锁定🔒 当前ROI:-0.43%<=0.08%
2026-04-26 21:21:54,786 | [本地持仓状态-ROI修正] short | 当前ROI:-0.43% | 最高ROI:-0.43% | 状态面板: 止盈锁定🔒 当前ROI:-0.43%<=0.08%
2026-04-26 21:21:56,858 | [价格] Last:77839.1 | Mark:77836.8 | 延迟:0.0s | aggDelay:0.0s
2026-04-26 21:21:56,858 | [本地持仓状态-ROI修正] short | 当前ROI:-0.49% | 最高ROI:-0.49% | 状态面板: 止盈锁定🔒 当前ROI:-0.49%<=0.08%
2026-04-26 21:21:57,889 | [余额同步] 本地模式，初始资金: 10000.0 U
2026-04-26 21:21:57,889 | [本地账户监控] short | 数量:0.003 | 均价:77820.0 | 现价:77839.1 | 浮盈:-0.06U | ROI:-0.49%
2026-04-26 21:21:59,912 | [本地持仓状态-ROI修正] short | 当前ROI:-0.49% | 最高ROI:-0.49% | 状态面板: 止盈锁定🔒 当前ROI:-0.49%<=0.08%
2026-04-26 21:22:01,974 | [价格] Last:77837.6 | Mark:77839.1 | 延迟:0.0s | aggDelay:0.0s
2026-04-26 21:22:01,974 | [本地持仓状态-ROI修正] short | 当前ROI:-0.45% | 最高ROI:-0.45% | 状态面板: 止盈锁定🔒 当前ROI:-0.45%<=0.08%
2026-04-26 21:22:04,413 | [本地持仓状态-ROI修正] short | 当前ROI:-0.38% | 最高ROI:-0.38% | 状态面板: 止盈锁定🔒 当前ROI:-0.38%<=0.08%
2026-04-26 21:22:05,889 | [余额同步] 本地模式，初始资金: 10000.0 U
2026-04-26 21:22:05,889 | [本地账户监控] short | 数量:0.003 | 均价:77820.0 | 现价:77834.4 | 浮盈:-0.04U | ROI:-0.37%
2026-04-26 21:22:06,738 | [本地持仓状态-ROI修正] short | 当前ROI:-0.33% | 最高ROI:-0.33% | 状态面板: 止盈锁定🔒 当前ROI:-0.33%<=0.08%
2026-04-26 21:22:07,060 | [价格] Last:77832.8 | Mark:77834.13442754 | 延迟:0.0s | aggDelay:0.0s
2026-04-26 21:22:09,099 | [本地持仓状态-ROI修正] short | 当前ROI:-0.31% | 最高ROI:-0.31% | 状态面板: 止盈锁定🔒 当前ROI:-0.31%<=0.08%
2026-04-26 21:22:12,137 | [价格] Last:77832.0 | Mark:77834.12431159 | 延迟:0.0s | aggDelay:0.0s
2026-04-26 21:22:12,138 | [本地持仓状态-ROI修正] short | 当前ROI:-0.31% | 最高ROI:-0.31% | 状态面板: 止盈锁定🔒 当前ROI:-0.31%<=0.08%
2026-04-26 21:22:13,889 | [余额同步] 本地模式，初始资金: 10000.0 U
2026-04-26 21:22:13,890 | [本地账户监控] short | 数量:0.003 | 均价:77820.0 | 现价:77829.1 | 浮盈:-0.03U | ROI:-0.23%
2026-04-26 21:22:14,302 | [本地持仓状态-ROI修正] short | 当前ROI:-0.23% | 最高ROI:-0.23% | 状态面板: 止盈锁定🔒 当前ROI:-0.23%<=0.08%
2026-04-26 21:22:16,411 | [本地持仓状态-ROI修正] short | 当前ROI:-0.23% | 最高ROI:-0.23% | 状态面板: 止盈锁定🔒 当前ROI:-0.23%<=0.08%
2026-04-26 21:22:18,837 | [价格] Last:77829.0 | Mark:77830.70114493 | 延迟:0.0s | aggDelay:2.0s
2026-04-26 21:22:18,837 | [本地持仓状态-ROI修正] short | 当前ROI:-0.23% | 最高ROI:-0.23% | 状态面板: 止盈锁定🔒 当前ROI:-0.23%<=0.08%
2026-04-26 21:22:21,391 | [本地持仓状态-ROI修正] short | 当前ROI:-0.23% | 最高ROI:-0.23% | 状态面板: 止盈锁定🔒 当前ROI:-0.23%<=0.08%
2026-04-26 21:22:21,890 | [余额同步] 本地模式，初始资金: 10000.0 U
2026-04-26 21:22:21,890 | [本地账户监控] short | 数量:0.003 | 均价:77820.0 | 现价:77829.1 | 浮盈:-0.03U | ROI:-0.23%
2026-04-26 21:22:24,839 | [价格] Last:77829.1 | Mark:77829.93081884 | 延迟:0.0s | aggDelay:1.6s
2026-04-26 21:22:24,839 | [本地持仓状态-ROI修正] short | 当前ROI:-0.23% | 最高ROI:-0.23% | 状态面板: 止盈锁定🔒 当前ROI:-0.23%<=0.08%
2026-04-26 21:22:26,902 | [本地持仓状态-ROI修正] short | 当前ROI:-0.23% | 最高ROI:-0.23% | 状态面板: 止盈锁定🔒 当前ROI:-0.23%<=0.08%
2026-04-26 21:22:29,682 | [本地持仓状态-ROI修正] short | 当前ROI:-0.23% | 最高ROI:-0.23% | 状态面板: 止盈锁定🔒 当前ROI:-0.23%<=0.08%
2026-04-26 21:22:29,891 | [余额同步] 本地模式，初始资金: 10000.0 U
2026-04-26 21:22:29,891 | [本地账户监控] short | 数量:0.003 | 均价:77820.0 | 现价:77829.0 | 浮盈:-0.03U | ROI:-0.23%
2026-04-26 21:22:30,820 | [价格] Last:77829.0 | Mark:77829.93734058 | 延迟:0.0s | aggDelay:0.0s
2026-04-26 21:22:32,371 | [本地持仓状态-ROI修正] short | 当前ROI:-0.23% | 最高ROI:-0.23% | 状态面板: 止盈锁定🔒 当前ROI:-0.23%<=0.08%
2026-04-26 21:22:34,524 | [本地持仓状态-ROI修正] short | 当前ROI:-0.23% | 最高ROI:-0.23% | 状态面板: 止盈锁定🔒 当前ROI:-0.23%<=0.08%
2026-04-26 21:22:36,767 | [价格] Last:77829.0 | Mark:77829.24032609 | 延迟:0.0s | aggDelay:0.0s
2026-04-26 21:22:36,768 | [本地持仓状态-ROI修正] short | 当前ROI:-0.23% | 最高ROI:-0.23% | 状态面板: 止盈锁定🔒 当前ROI:-0.23%<=0.08%
2026-04-26 21:22:37,892 | [余额同步] 本地模式，初始资金: 10000.0 U
2026-04-26 21:22:37,892 | [本地账户监控] short | 数量:0.003 | 均价:77820.0 | 现价:77829.1 | 浮盈:-0.03U | ROI:-0.23%
2026-04-26 21:22:39,843 | [本地持仓状态-ROI修正] short | 当前ROI:-0.23% | 最高ROI:-0.23% | 状态面板: 止盈锁定🔒 当前ROI:-0.23%<=0.08%
2026-04-26 21:22:42,707 | [价格] Last:77829.0 | Mark:77829.1 | 延迟:0.0s | aggDelay:0.0s
2026-04-26 21:22:42,707 | [本地持仓状态-ROI修正] short | 当前ROI:-0.23% | 最高ROI:-0.23% | 状态面板: 止盈锁定🔒 当前ROI:-0.23%<=0.08%
2026-04-26 21:22:45,848 | [本地持仓状态-ROI修正] short | 当前ROI:-0.23% | 最高ROI:-0.23% | 状态面板: 止盈锁定🔒 当前ROI:-0.23%<=0.08%
2026-04-26 21:22:45,892 | [余额同步] 本地模式，初始资金: 10000.0 U
2026-04-26 21:22:45,892 | [本地账户监控] short | 数量:0.003 | 均价:77820.0 | 现价:77829.0 | 浮盈:-0.03U | ROI:-0.23%
2026-04-26 21:22:48,441 | [价格] Last:77829.0 | Mark:77829.87736232 | 延迟:0.0s | aggDelay:0.0s
2026-04-26 21:22:48,441 | [本地持仓状态-ROI修正] short | 当前ROI:-0.23% | 最高ROI:-0.23% | 状态面板: 止盈锁定🔒 当前ROI:-0.23%<=0.08%
2026-04-26 21:22:51,319 | [本地持仓状态-ROI修正] short | 当前ROI:-0.23% | 最高ROI:-0.23% | 状态面板: 止盈锁定🔒 当前ROI:-0.23%<=0.08%
2026-04-26 21:22:53,425 | [本地持仓状态-ROI修正] short | 当前ROI:-0.23% | 最高ROI:-0.23% | 状态面板: 止盈锁定🔒 当前ROI:-0.23%<=0.08%
2026-04-26 21:22:53,747 | [价格] Last:77829.1 | Mark:77829.86982609 | 延迟:0.0s | aggDelay:0.0s
2026-04-26 21:22:53,893 | [余额同步] 本地模式，初始资金: 10000.0 U
2026-04-26 21:22:53,893 | [本地账户监控] short | 数量:0.003 | 均价:77820.0 | 现价:77829.1 | 浮盈:-0.03U | ROI:-0.23%
2026-04-26 21:22:56,301 | [本地持仓状态-ROI修正] short | 当前ROI:-0.83% | 最高ROI:-0.83% | 状态面板: 止盈锁定🔒 当前ROI:-0.83%<=0.08%
2026-04-26 21:22:58,961 | [价格] Last:77850.3 | Mark:77850.4 | 延迟:0.0s | aggDelay:0.0s
2026-04-26 21:22:58,962 | [本地持仓状态-ROI修正] short | 当前ROI:-0.78% | 最高ROI:-0.78% | 状态面板: 止盈锁定🔒 当前ROI:-0.78%<=0.08%
2026-04-26 21:23:01,819 | [本地持仓状态-ROI修正] short | 当前ROI:-0.78% | 最高ROI:-0.78% | 状态面板: 止盈锁定🔒 当前ROI:-0.78%<=0.08%
2026-04-26 21:23:01,896 | [余额同步] 本地模式，初始资金: 10000.0 U
2026-04-26 21:23:01,897 | [本地账户监控] short | 数量:0.003 | 均价:77820.0 | 现价:77850.4 | 浮盈:-0.09U | ROI:-0.78%
2026-04-26 21:23:03,843 | [本地持仓状态-ROI修正] short | 当前ROI:-0.73% | 最高ROI:-0.73% | 状态面板: 止盈锁定🔒 当前ROI:-0.73%<=0.08%
2026-04-26 21:23:04,184 | [价格] Last:77848.3 | Mark:77851.33650675 | 延迟:0.0s | aggDelay:0.0s
2026-04-26 21:23:06,250 | [本地持仓状态-ROI修正] short | 当前ROI:-0.73% | 最高ROI:-0.73% | 状态面板: 止盈锁定🔒 当前ROI:-0.73%<=0.08%
2026-04-26 21:23:08,319 | [本地持仓状态-ROI修正] short | 当前ROI:-0.72% | 最高ROI:-0.72% | 状态面板: 止盈锁定🔒 当前ROI:-0.72%<=0.08%
2026-04-26 21:23:09,742 | [价格] Last:77848.3 | Mark:77851.06802849 | 延迟:0.0s | aggDelay:0.0s
2026-04-26 21:23:09,897 | [余额同步] 本地模式，初始资金: 10000.0 U
2026-04-26 21:23:09,897 | [本地账户监控] short | 数量:0.003 | 均价:77820.0 | 现价:77848.3 | 浮盈:-0.08U | ROI:-0.73%
2026-04-26 21:23:10,617 | [本地持仓状态-ROI修正] short | 当前ROI:-0.73% | 最高ROI:-0.73% | 状态面板: 止盈锁定🔒 当前ROI:-0.73%<=0.08%
2026-04-26 21:23:12,668 | [本地持仓状态-ROI修正] short | 当前ROI:-0.66% | 最高ROI:-0.66% | 状态面板: 止盈锁定🔒 当前ROI:-0.66%<=0.08%
2026-04-26 21:23:15,087 | [价格] Last:77834.1 | Mark:77849.82934783 | 延迟:0.0s | aggDelay:0.0s
2026-04-26 21:23:15,088 | [本地持仓状态-ROI修正] short | 当前ROI:-0.36% | 最高ROI:-0.36% | 状态面板: 止盈锁定🔒 当前ROI:-0.36%<=0.08%
2026-04-26 21:23:17,354 | [本地持仓状态-ROI修正] short | 当前ROI:-0.36% | 最高ROI:-0.36% | 状态面板: 止盈锁定🔒 当前ROI:-0.36%<=0.08%
2026-04-26 21:23:17,898 | [余额同步] 本地模式，初始资金: 10000.0 U
2026-04-26 21:23:17,898 | [本地账户监控] short | 数量:0.003 | 均价:77820.0 | 现价:77834.0 | 浮盈:-0.04U | ROI:-0.36%
2026-04-26 21:23:19,377 | [本地持仓状态-ROI修正] short | 当前ROI:-0.36% | 最高ROI:-0.36% | 状态面板: 止盈锁定🔒 当前ROI:-0.36%<=0.08%
2026-04-26 21:23:20,278 | [价格] Last:77834.1 | Mark:77838.84157971 | 延迟:0.0s | aggDelay:0.0s
2026-04-26 21:23:21,394 | [本地持仓状态-ROI修正] short | 当前ROI:-0.36% | 最高ROI:-0.36% | 状态面板: 止盈锁定🔒 当前ROI:-0.36%<=0.08%
2026-04-26 21:23:23,677 | [本地持仓状态-ROI修正] short | 当前ROI:-0.36% | 最高ROI:-0.36% | 状态面板: 止盈锁定🔒 当前ROI:-0.36%<=0.08%
2026-04-26 21:23:25,383 | [价格] Last:77834.1 | Mark:77837.21063768 | 延迟:0.0s | aggDelay:0.0s
2026-04-26 21:23:25,872 | [本地持仓状态-ROI修正] short | 当前ROI:-0.36% | 最高ROI:-0.36% | 状态面板: 止盈锁定🔒 当前ROI:-0.36%<=0.08%
2026-04-26 21:23:25,898 | [余额同步] 本地模式，初始资金: 10000.0 U
2026-04-26 21:23:25,898 | [本地账户监控] short | 数量:0.003 | 均价:77820.0 | 现价:77834.0 | 浮盈:-0.04U | ROI:-0.36%
2026-04-26 21:23:29,201 | [本地持仓状态-ROI修正] short | 当前ROI:-0.36% | 最高ROI:-0.36% | 状态面板: 止盈锁定🔒 当前ROI:-0.36%<=0.08%
2026-04-26 21:23:30,748 | [价格] Last:77834.0 | Mark:77837.20976812 | 延迟:0.0s | aggDelay:0.0s
2026-04-26 21:23:31,231 | [本地持仓状态-ROI修正] short | 当前ROI:-0.36% | 最高ROI:-0.36% | 状态面板: 止盈锁定🔒 当前ROI:-0.36%<=0.08%
2026-04-26 21:23:33,848 | [本地持仓状态-ROI修正] short | 当前ROI:-0.36% | 最高ROI:-0.36% | 状态面板: 止盈锁定🔒 当前ROI:-0.36%<=0.08%
2026-04-26 21:23:33,898 | [余额同步] 本地模式，初始资金: 10000.0 U
2026-04-26 21:23:33,898 | [本地账户监控] short | 数量:0.003 | 均价:77820.0 | 现价:77834.1 | 浮盈:-0.04U | ROI:-0.36%
2026-04-26 21:23:36,342 | [价格] Last:77830.5 | Mark:77834.61695652 | 延迟:0.0s | aggDelay:0.0s
2026-04-26 21:23:36,342 | [本地持仓状态-ROI修正] short | 当前ROI:-0.27% | 最高ROI:-0.27% | 状态面板: 止盈锁定🔒 当前ROI:-0.27%<=0.08%
2026-04-26 21:23:39,717 | [本地持仓状态-ROI修正] short | 当前ROI:-0.27% | 最高ROI:-0.27% | 状态面板: 止盈锁定🔒 当前ROI:-0.27%<=0.08%
2026-04-26 21:23:41,787 | [价格] Last:77830.5 | Mark:77833.42321014 | 延迟:0.0s | aggDelay:0.0s
2026-04-26 21:23:41,787 | [本地持仓状态-ROI修正] short | 当前ROI:-0.27% | 最高ROI:-0.27% | 状态面板: 止盈锁定🔒 当前ROI:-0.27%<=0.08%
2026-04-26 21:23:41,899 | [余额同步] 本地模式，初始资金: 10000.0 U
2026-04-26 21:23:41,899 | [本地账户监控] short | 数量:0.003 | 均价:77820.0 | 现价:77830.5 | 浮盈:-0.03U | ROI:-0.27%
2026-04-26 21:23:44,306 | [本地持仓状态-ROI修正] short | 当前ROI:-0.27% | 最高ROI:-0.27% | 状态面板: 止盈锁定🔒 当前ROI:-0.27%<=0.08%
2026-04-26 21:23:48,691 | [价格] Last:77829.0 | Mark:77832.15949275 | 延迟:0.0s | aggDelay:0.0s
2026-04-26 21:23:48,691 | [本地持仓状态-ROI修正] short | 当前ROI:-0.23% | 最高ROI:-0.23% | 状态面板: 止盈锁定🔒 当前ROI:-0.23%<=0.08%
2026-04-26 21:23:49,899 | [余额同步] 本地模式，初始资金: 10000.0 U
2026-04-26 21:23:49,899 | [本地账户监控] short | 数量:0.003 | 均价:77820.0 | 现价:77829.0 | 浮盈:-0.03U | ROI:-0.23%
2026-04-26 21:23:50,971 | [本地持仓状态-ROI修正] short | 当前ROI:-0.23% | 最高ROI:-0.23% | 状态面板: 止盈锁定🔒 当前ROI:-0.23%<=0.08%
2026-04-26 21:23:53,317 | [本地持仓状态-ROI修正] short | 当前ROI:-0.23% | 最高ROI:-0.23% | 状态面板: 止盈锁定🔒 当前ROI:-0.23%<=0.08%
2026-04-26 21:23:53,847 | [价格] Last:77829.1 | Mark:77829.0 | 延迟:0.0s | aggDelay:0.0s
2026-04-26 21:23:55,443 | [本地持仓状态-ROI修正] short | 当前ROI:-0.23% | 最高ROI:-0.23% | 状态面板: 止盈锁定🔒 当前ROI:-0.23%<=0.08%
2026-04-26 21:23:57,701 | [本地持仓状态-ROI修正] short | 当前ROI:-0.23% | 最高ROI:-0.23% | 状态面板: 止盈锁定🔒 当前ROI:-0.23%<=0.08%
2026-04-26 21:23:57,900 | [余额同步] 本地模式，初始资金: 10000.0 U
2026-04-26 21:23:57,900 | [本地账户监控] short | 数量:0.003 | 均价:77820.0 | 现价:77829.1 | 浮盈:-0.03U | ROI:-0.23%
2026-04-26 21:23:59,383 | [价格] Last:77829.0 | Mark:77829.1 | 延迟:0.0s | aggDelay:0.0s
2026-04-26 21:23:59,893 | [本地持仓状态-ROI修正] short | 当前ROI:-0.23% | 最高ROI:-0.23% | 状态面板: 止盈锁定🔒 当前ROI:-0.23%<=0.08%
2026-04-26 21:24:02,332 | [本地持仓状态-ROI修正] short | 当前ROI:-0.23% | 最高ROI:-0.23% | 状态面板: 止盈锁定🔒 当前ROI:-0.23%<=0.08%
2026-04-26 21:24:04,927 | [价格] Last:77829.1 | Mark:77829.0 | 延迟:0.0s | aggDelay:0.0s
2026-04-26 21:24:04,927 | [本地持仓状态-ROI修正] short | 当前ROI:-0.23% | 最高ROI:-0.23% | 状态面板: 止盈锁定🔒 当前ROI:-0.23%<=0.08%
2026-04-26 21:24:05,900 | [余额同步] 本地模式，初始资金: 10000.0 U
2026-04-26 21:24:05,900 | [本地账户监控] short | 数量:0.003 | 均价:77820.0 | 现价:77829.0 | 浮盈:-0.03U | ROI:-0.23%
2026-04-26 21:24:08,989 | [本地持仓状态-ROI修正] short | 当前ROI:-0.23% | 最高ROI:-0.23% | 状态面板: 止盈锁定🔒 当前ROI:-0.23%<=0.08%
2026-04-26 21:24:10,146 | [价格] Last:77829.1 | Mark:77829.1 | 延迟:0.0s | aggDelay:0.0s
2026-04-26 21:24:12,852 | [本地持仓状态-ROI修正] short | 当前ROI:-0.23% | 最高ROI:-0.23% | 状态面板: 止盈锁定🔒 当前ROI:-0.23%<=0.08%
2026-04-26 21:24:13,901 | [余额同步] 本地模式，初始资金: 10000.0 U
2026-04-26 21:24:13,901 | [本地账户监控] short | 数量:0.003 | 均价:77820.0 | 现价:77829.1 | 浮盈:-0.03U | ROI:-0.23%
2026-04-26 21:24:15,031 | [本地持仓状态-ROI修正] short | 当前ROI:-0.23% | 最高ROI:-0.23% | 状态面板: 止盈锁定🔒 当前ROI:-0.23%<=0.08%
2026-04-26 21:24:15,618 | [价格] Last:77825.1 | Mark:77829.1 | 延迟:0.0s | aggDelay:0.0s
2026-04-26 21:24:17,947 | [本地持仓状态-ROI修正] short | 当前ROI:-0.13% | 最高ROI:-0.13% | 状态面板: 止盈锁定🔒 当前ROI:-0.13%<=0.08%
2026-04-26 21:24:20,051 | [本地持仓状态-ROI修正] short | 当前ROI:-0.13% | 最高ROI:-0.13% | 状态面板: 止盈锁定🔒 当前ROI:-0.13%<=0.08%
2026-04-26 21:24:20,651 | [价格] Last:77825.0 | Mark:77826.76223913 | 延迟:0.0s | aggDelay:0.0s
2026-04-26 21:24:21,902 | [余额同步] 本地模式，初始资金: 10000.0 U
2026-04-26 21:24:21,902 | [本地账户监控] short | 数量:0.003 | 均价:77820.0 | 现价:77825.1 | 浮盈:-0.02U | ROI:-0.13%
2026-04-26 21:24:22,419 | [本地持仓状态-ROI修正] short | 当前ROI:-0.13% | 最高ROI:-0.13% | 状态面板: 止盈锁定🔒 当前ROI:-0.13%<=0.08%
2026-04-26 21:24:24,500 | [本地持仓状态-ROI修正] short | 当前ROI:-0.13% | 最高ROI:-0.13% | 状态面板: 止盈锁定🔒 当前ROI:-0.13%<=0.08%
2026-04-26 21:24:26,263 | [价格] Last:77825.1 | Mark:77825.44527536 | 延迟:0.0s | aggDelay:0.0s
2026-04-26 21:24:26,749 | [本地持仓状态-ROI修正] short | 当前ROI:-0.13% | 最高ROI:-0.13% | 状态面板: 止盈锁定🔒 当前ROI:-0.13%<=0.08%
2026-04-26 21:24:29,912 | [余额同步] 本地模式，初始资金: 10000.0 U
2026-04-26 21:24:29,912 | [本地账户监控] short | 数量:0.003 | 均价:77820.0 | 现价:77825.0 | 浮盈:-0.01U | ROI:-0.13%
2026-04-26 21:24:29,914 | [本地持仓状态-ROI修正] short | 当前ROI:-0.13% | 最高ROI:-0.13% | 状态面板: 止盈锁定🔒 当前ROI:-0.13%<=0.08%
