2026-04-24 14:22:08,658 | ======================================
2026-04-24 14:22:08,658 |  V23 流动性剃头皮策略 (防卡死+防幽灵+防抢跑增强版) 启动成功
2026-04-24 14:22:08,658 |  当前运行模式: 本地撮合 (测试网行情)
2026-04-24 14:22:08,658 |  策略: 流动性+Sweep+区间评分 | 启动盈利:0.01% | 止损:2.5% | 区间有效期:动态ATR自适应
2026-04-24 14:22:08,658 | ======================================
2026-04-24 14:22:09,956 | [时间同步] 完成
2026-04-24 14:22:09,958 | [历史K线] 正在拉取初始1分钟和15分钟K线数据...
2026-04-24 14:22:11,233 | [历史K线] 成功加载 14 根 1分钟K线
2026-04-24 14:22:12,520 | [历史K线] 成功加载 2 根 15分钟K线
2026-04-24 14:22:12,531 | [余额同步] 本地模式，初始资金: 10000.0 U
2026-04-24 14:22:12,531 | [本地持仓] None
2026-04-24 14:22:12,533 | [余额同步] 本地模式，初始资金: 10000.0 U
2026-04-24 14:22:12,533 | [账户监控] 无持仓
2026-04-24 14:22:14,021 | Websocket connected
2026-04-24 14:22:14,022 | [WebSocket] 连接成功 ✅ (模式: 本地撮合-测试网行情)
2026-04-24 14:22:14,022 | [状态校准] 正在重新同步持仓与余额，清理幽灵状态...
2026-04-24 14:22:14,022 | [本地持仓] None
2026-04-24 14:22:14,523 | [余额同步] 本地模式，初始资金: 10000.0 U
2026-04-24 14:22:14,826 | [WebSocket] 行情订阅成功 ✅
2026-04-24 14:22:20,534 | [余额同步] 本地模式，初始资金: 10000.0 U
2026-04-24 14:22:20,534 | [账户监控] 无持仓
2026-04-24 14:22:28,535 | [余额同步] 本地模式，初始资金: 10000.0 U
2026-04-24 14:22:28,535 | [账户监控] 无持仓
2026-04-24 14:22:36,535 | [余额同步] 本地模式，初始资金: 10000.0 U
2026-04-24 14:22:36,535 | [账户监控] 无持仓
2026-04-24 14:22:44,536 | [余额同步] 本地模式，初始资金: 10000.0 U
2026-04-24 14:22:44,537 | [账户监控] 无持仓
2026-04-24 14:22:47,536 | ⚠️ aggTrade行情断流34秒！但底层连接存活，继续观察不重连...
2026-04-24 14:22:52,536 | ⚠️ aggTrade行情断流39秒！但底层连接存活，继续观察不重连...
2026-04-24 14:22:52,538 | [余额同步] 本地模式，初始资金: 10000.0 U
2026-04-24 14:22:52,538 | [账户监控] 无持仓
2026-04-24 14:22:57,537 | ⚠️ aggTrade行情断流44秒！但底层连接存活，继续观察不重连...
2026-04-24 14:23:00,538 | [余额同步] 本地模式，初始资金: 10000.0 U
2026-04-24 14:23:00,539 | [账户监控] 无持仓
2026-04-24 14:23:02,537 | ⚠️ aggTrade行情断流49秒！但底层连接存活，继续观察不重连...
2026-04-24 14:23:07,538 | ⚠️ aggTrade行情断流54秒！但底层连接存活，继续观察不重连...
2026-04-24 14:23:08,539 | [余额同步] 本地模式，初始资金: 10000.0 U
2026-04-24 14:23:08,540 | [账户监控] 无持仓
2026-04-24 14:23:12,539 | ⚠️ aggTrade行情断流59秒！但底层连接存活，继续观察不重连...
2026-04-24 14:23:16,540 | [余额同步] 本地模式，初始资金: 10000.0 U
2026-04-24 14:23:16,540 | [账户监控] 无持仓
2026-04-24 14:23:17,542 | ⚠️ aggTrade行情断流64秒！但底层连接存活，继续观察不重连...
2026-04-24 14:23:21,558 | [WebSocket 错误] Connection to remote host was lost.
2026-04-24 14:23:21,558 | Connection to remote host was lost. - goodbye
2026-04-24 14:23:21,558 | [WebSocket] 断开，自动重连中...
2026-04-24 14:23:21,687 | [WebSocket 错误] [WinError 10054] 远程主机强迫关闭了一个现有的连接。
2026-04-24 14:23:21,687 | [WinError 10054] 远程主机强迫关闭了一个现有的连接。 - goodbye
2026-04-24 14:23:21,687 | [WebSocket] 断开，自动重连中...
2026-04-24 14:23:22,543 | ⚠️ aggTrade行情断流69秒！但底层连接存活，继续观察不重连...
2026-04-24 14:23:24,550 | [余额同步] 本地模式，初始资金: 10000.0 U
2026-04-24 14:23:24,550 | [账户监控] 无持仓
2026-04-24 14:23:27,513 | [程序退出]
