2026-04-24 22:54:37,548 | ======================================
2026-04-24 22:54:37,548 |  V23 流动性剃头皮策略 (防卡死+防幽灵+防抢跑增强版) 启动成功
2026-04-24 22:54:37,548 |  当前运行模式: 本地撮合 (测试网行情)
2026-04-24 22:54:37,548 |  策略: 流动性+Sweep+区间评分 | 启动盈利:0.01% | 止损:2.5% | 区间有效期:动态ATR自适应
2026-04-24 22:54:37,548 | ======================================
2026-04-24 22:54:38,506 | [时间同步] 完成
2026-04-24 22:54:38,507 | [历史K线] 正在拉取初始1分钟和15分钟K线数据...
2026-04-24 22:54:39,460 | [历史K线] 成功加载 14 根 1分钟K线
2026-04-24 22:54:40,470 | [历史K线] 成功加载 2 根 15分钟K线
2026-04-24 22:54:40,471 | [余额同步] 本地模式，初始资金: 10000.0 U
2026-04-24 22:54:40,471 | [本地持仓] None
2026-04-24 22:54:40,473 | [余额同步] 本地模式，初始资金: 10000.0 U
2026-04-24 22:54:40,473 | [账户监控] 无持仓
2026-04-24 22:54:41,516 | Websocket connected
2026-04-24 22:54:41,517 | [WebSocket] 连接成功 ✅ (模式: 本地撮合-测试网行情)
2026-04-24 22:54:41,518 | [状态校准] 正在重新同步持仓与余额，清理幽灵状态...
2026-04-24 22:54:41,518 | [本地持仓] None
2026-04-24 22:54:42,018 | [余额同步] 本地模式，初始资金: 10000.0 U
2026-04-24 22:54:42,265 | [WebSocket] 行情订阅成功 ✅
2026-04-24 22:54:48,474 | [余额同步] 本地模式，初始资金: 10000.0 U
2026-04-24 22:54:48,474 | [账户监控] 无持仓
2026-04-24 22:54:56,474 | [余额同步] 本地模式，初始资金: 10000.0 U
2026-04-24 22:54:56,474 | [账户监控] 无持仓
2026-04-24 22:55:04,475 | [余额同步] 本地模式，初始资金: 10000.0 U
2026-04-24 22:55:04,475 | [账户监控] 无持仓
2026-04-24 22:55:12,476 | [余额同步] 本地模式，初始资金: 10000.0 U
2026-04-24 22:55:12,476 | [账户监控] 无持仓
2026-04-24 22:55:15,476 | 🚨 aggTrade行情断流34秒！高频数据死亡，强制重连...
2026-04-24 22:55:15,524 | [WebSocket] 断开，自动重连中...
2026-04-24 22:55:16,262 | Websocket connected
2026-04-24 22:55:16,263 | [WebSocket] 连接成功 ✅ (模式: 本地撮合-测试网行情)
2026-04-24 22:55:16,263 | [状态校准] 正在重新同步持仓与余额，清理幽灵状态...
2026-04-24 22:55:16,263 | [本地持仓] None
2026-04-24 22:55:16,763 | [余额同步] 本地模式，初始资金: 10000.0 U
2026-04-24 22:55:16,970 | [WebSocket] 行情订阅成功 ✅
2026-04-24 22:55:20,477 | [余额同步] 本地模式，初始资金: 10000.0 U
2026-04-24 22:55:20,477 | [账户监控] 无持仓
2026-04-24 22:55:28,477 | [余额同步] 本地模式，初始资金: 10000.0 U
2026-04-24 22:55:28,477 | [账户监控] 无持仓
2026-04-24 22:55:36,478 | [余额同步] 本地模式，初始资金: 10000.0 U
2026-04-24 22:55:36,478 | [账户监控] 无持仓
2026-04-24 22:55:44,479 | [余额同步] 本地模式，初始资金: 10000.0 U
2026-04-24 22:55:44,479 | [账户监控] 无持仓
2026-04-24 22:55:50,714 | 🚨 aggTrade行情断流34秒！高频数据死亡，强制重连...
2026-04-24 22:55:50,812 | [WebSocket] 断开，自动重连中...
2026-04-24 22:55:51,699 | Websocket connected
2026-04-24 22:55:51,699 | [WebSocket] 连接成功 ✅ (模式: 本地撮合-测试网行情)
2026-04-24 22:55:51,700 | [状态校准] 正在重新同步持仓与余额，清理幽灵状态...
2026-04-24 22:55:51,700 | [本地持仓] None
2026-04-24 22:55:52,200 | [余额同步] 本地模式，初始资金: 10000.0 U
2026-04-24 22:55:52,457 | [WebSocket] 行情订阅成功 ✅
2026-04-24 22:55:52,479 | [余额同步] 本地模式，初始资金: 10000.0 U
2026-04-24 22:55:52,479 | [账户监控] 无持仓
2026-04-24 22:56:00,480 | [余额同步] 本地模式，初始资金: 10000.0 U
2026-04-24 22:56:00,480 | [账户监控] 无持仓
2026-04-24 22:56:08,481 | [余额同步] 本地模式，初始资金: 10000.0 U
2026-04-24 22:56:08,481 | [账户监控] 无持仓
2026-04-24 22:56:16,484 | [余额同步] 本地模式，初始资金: 10000.0 U
2026-04-24 22:56:16,484 | [账户监控] 无持仓
2026-04-24 22:56:24,485 | [余额同步] 本地模式，初始资金: 10000.0 U
2026-04-24 22:56:24,485 | [账户监控] 无持仓
2026-04-24 22:56:25,916 | 🚨 aggTrade行情断流34秒！高频数据死亡，强制重连...
2026-04-24 22:56:26,098 | [WebSocket] 断开，自动重连中...
2026-04-24 22:56:27,041 | Websocket connected
2026-04-24 22:56:27,042 | [WebSocket] 连接成功 ✅ (模式: 本地撮合-测试网行情)
2026-04-24 22:56:27,042 | [状态校准] 正在重新同步持仓与余额，清理幽灵状态...
2026-04-24 22:56:27,042 | [本地持仓] None
2026-04-24 22:56:27,543 | [余额同步] 本地模式，初始资金: 10000.0 U
2026-04-24 22:56:27,776 | [WebSocket] 行情订阅成功 ✅
2026-04-24 22:56:32,659 | [余额同步] 本地模式，初始资金: 10000.0 U
2026-04-24 22:56:32,659 | [账户监控] 无持仓
2026-04-24 22:56:40,660 | [余额同步] 本地模式，初始资金: 10000.0 U
2026-04-24 22:56:40,660 | [账户监控] 无持仓
2026-04-24 22:56:48,660 | [余额同步] 本地模式，初始资金: 10000.0 U
2026-04-24 22:56:48,661 | [账户监控] 无持仓
2026-04-24 22:56:56,662 | [余额同步] 本地模式，初始资金: 10000.0 U
2026-04-24 22:56:56,662 | [账户监控] 无持仓
2026-04-24 22:57:01,369 | 🚨 aggTrade行情断流34秒！高频数据死亡，强制重连...
2026-04-24 22:57:01,398 | [WebSocket] 断开，自动重连中...
2026-04-24 22:57:02,138 | Websocket connected
2026-04-24 22:57:02,140 | [WebSocket] 连接成功 ✅ (模式: 本地撮合-测试网行情)
2026-04-24 22:57:02,140 | [状态校准] 正在重新同步持仓与余额，清理幽灵状态...
2026-04-24 22:57:02,140 | [本地持仓] None
2026-04-24 22:57:02,641 | [余额同步] 本地模式，初始资金: 10000.0 U
2026-04-24 22:57:02,822 | [WebSocket] 行情订阅成功 ✅
2026-04-24 22:57:04,662 | [余额同步] 本地模式，初始资金: 10000.0 U
2026-04-24 22:57:04,662 | [账户监控] 无持仓
2026-04-24 22:57:12,663 | [余额同步] 本地模式，初始资金: 10000.0 U
2026-04-24 22:57:12,663 | [账户监控] 无持仓
2026-04-24 22:57:20,663 | [余额同步] 本地模式，初始资金: 10000.0 U
2026-04-24 22:57:20,663 | [账户监控] 无持仓
2026-04-24 22:57:28,664 | [余额同步] 本地模式，初始资金: 10000.0 U
2026-04-24 22:57:28,664 | [账户监控] 无持仓
2026-04-24 22:57:36,614 | 🚨 aggTrade行情断流34秒！高频数据死亡，强制重连...
2026-04-24 22:57:36,661 | [WebSocket] 断开，自动重连中...
2026-04-24 22:57:36,665 | [余额同步] 本地模式，初始资金: 10000.0 U
2026-04-24 22:57:36,666 | [账户监控] 无持仓
2026-04-24 22:57:37,344 | [程序退出]
