2026-04-10 21:41:40,768 | Imported existing <module 'comtypes.gen' from 'F:\\PRO_BTC\\.venv\\Lib\\site-packages\\comtypes\\gen\\__init__.py'>
2026-04-10 21:41:40,768 | Using writeable comtypes cache directory: 'F:\PRO_BTC\.venv\Lib\site-packages\comtypes\gen'
2026-04-10 21:41:42,208 | ======================================
2026-04-10 21:41:42,208 |         V18 官方合规版 启动成功
2026-04-10 21:41:42,208 | ======================================
2026-04-10 21:41:45,399 | [时间同步] 完成
2026-04-10 21:41:47,192 | [持仓] None
2026-04-10 21:41:49,002 | [持仓监控] 无持仓
2026-04-10 21:41:49,608 | Websocket connected
2026-04-10 21:41:49,609 | [WebSocket] 连接成功 ✅
2026-04-10 21:41:52,197 | ⚠️ WebSocket可能断流（10秒无数据）
2026-04-10 21:41:52,480 | [持仓] None
2026-04-10 21:41:52,914 | [WebSocket] 行情订阅成功 ✅
2026-04-10 21:41:52,920 | [价格] 71939.8
2026-04-10 21:41:57,980 | [价格] 71948.7
2026-04-10 21:41:59,162 | [持仓监控] 无持仓
2026-04-10 21:42:03,334 | [价格] 71948.6
2026-04-10 21:42:08,179 | ✅ 挂单成功 {'orderId': 13026764659, 'symbol': 'BTCUSDT', 'status': 'NEW', 'clientOrderId': 'TzzdfomRWa3k0fvbT70oAF', 'price': '71947.60', 'avgPrice': '0.00', 'origQty': '0.0040', 'executedQty': '0.0000', 'cumQty': '0.0000', 'cumQuote': '0.000000', 'timeInForce': 'GTC', 'type': 'LIMIT', 'reduceOnly': False, 'closePosition': False, 'side': 'BUY', 'positionSide': 'BOTH', 'stopPrice': '0.00', 'workingType': 'CONTRACT_PRICE', 'priceProtect': False, 'origType': 'LIMIT', 'priceMatch': 'NONE', 'selfTradePreventionMode': 'EXPIRE_MAKER', 'goodTillDate': 0, 'updateTime': 1775828526854}
2026-04-10 21:42:08,181 | [状态] 有挂单等待成交...
2026-04-10 21:42:08,182 | [状态] 有挂单等待成交...
2026-04-10 21:42:08,182 | [状态] 有挂单等待成交...
2026-04-10 21:42:08,182 | [状态] 有挂单等待成交...
2026-04-10 21:42:08,183 | [状态] 有挂单等待成交...
2026-04-10 21:42:08,183 | [状态] 有挂单等待成交...
2026-04-10 21:42:08,184 | [状态] 有挂单等待成交...
2026-04-10 21:42:08,184 | [状态] 有挂单等待成交...
2026-04-10 21:42:08,185 | [状态] 有挂单等待成交...
2026-04-10 21:42:08,185 | [状态] 有挂单等待成交...
2026-04-10 21:42:08,460 | [价格] 71947.2
2026-04-10 21:42:08,460 | [状态] 有挂单等待成交...
2026-04-10 21:42:08,468 | [状态] 有挂单等待成交...
2026-04-10 21:42:08,603 | [状态] 有挂单等待成交...
2026-04-10 21:42:08,675 | [状态] 有挂单等待成交...
2026-04-10 21:42:08,735 | [状态] 有挂单等待成交...
2026-04-10 21:42:08,735 | [状态] 有挂单等待成交...
2026-04-10 21:42:08,909 | [状态] 有挂单等待成交...
2026-04-10 21:42:09,014 | [持仓监控] long | 数量:0.004 | 价值:287.79U | 均价:71947.2 | 浮盈:0.00U | 杠杆:20.0x
2026-04-10 21:42:10,922 | [状态] 有挂单等待成交...
2026-04-10 21:42:10,923 | [状态] 有挂单等待成交...
2026-04-10 21:42:10,923 | [状态] 有挂单等待成交...
2026-04-10 21:42:10,923 | [状态] 有挂单等待成交...
2026-04-10 21:42:10,923 | [状态] 有挂单等待成交...
2026-04-10 21:42:10,923 | [状态] 有挂单等待成交...
2026-04-10 21:42:10,924 | [状态] 有挂单等待成交...
2026-04-10 21:42:10,924 | [状态] 有挂单等待成交...
2026-04-10 21:42:10,924 | [状态] 有挂单等待成交...
2026-04-10 21:42:10,925 | [状态] 有挂单等待成交...
2026-04-10 21:42:10,925 | [状态] 有挂单等待成交...
2026-04-10 21:42:10,925 | [状态] 有挂单等待成交...
2026-04-10 21:42:11,195 | [状态] 有挂单等待成交...
2026-04-10 21:42:11,328 | [状态] 有挂单等待成交...
2026-04-10 21:42:11,902 | [状态] 有挂单等待成交...
2026-04-10 21:42:11,933 | [状态] 有挂单等待成交...
2026-04-10 21:42:12,060 | [状态] 有挂单等待成交...
2026-04-10 21:42:12,061 | [状态] 有挂单等待成交...
2026-04-10 21:42:12,211 | [状态] 有挂单等待成交...
2026-04-10 21:42:12,904 | [状态] 有挂单等待成交...
2026-04-10 21:42:12,904 | [状态] 有挂单等待成交...
2026-04-10 21:42:12,908 | [状态] 有挂单等待成交...
2026-04-10 21:42:12,995 | [状态] 有挂单等待成交...
2026-04-10 21:42:13,057 | [状态] 有挂单等待成交...
2026-04-10 21:42:13,627 | [价格] 71947.2
2026-04-10 21:42:13,627 | [状态] 有挂单等待成交...
2026-04-10 21:42:13,658 | [状态] 有挂单等待成交...
2026-04-10 21:42:13,802 | [状态] 有挂单等待成交...
2026-04-10 21:42:17,964 | [撤单]
2026-04-10 21:42:19,080 | [持仓监控] long | 数量:0.004 | 价值:287.80U | 均价:71947.2 | 浮盈:0.01U | 杠杆:20.0x
2026-04-10 21:42:19,801 | ✅ 挂单成功 {'orderId': 13026764883, 'symbol': 'BTCUSDT', 'status': 'NEW', 'clientOrderId': '866y6UVi33ax6tSQZT5abN', 'price': '71950.20', 'avgPrice': '0.00', 'origQty': '0.0040', 'executedQty': '0.0000', 'cumQty': '0.0000', 'cumQuote': '0.000000', 'timeInForce': 'GTC', 'type': 'LIMIT', 'reduceOnly': False, 'closePosition': False, 'side': 'SELL', 'positionSide': 'BOTH', 'stopPrice': '0.00', 'workingType': 'CONTRACT_PRICE', 'priceProtect': False, 'origType': 'LIMIT', 'priceMatch': 'NONE', 'selfTradePreventionMode': 'EXPIRE_MAKER', 'goodTillDate': 0, 'updateTime': 1775828538864}
2026-04-10 21:42:19,802 | [价格] 71949.0
2026-04-10 21:42:22,321 | [状态] 有挂单等待成交...
2026-04-10 21:42:22,321 | [状态] 有挂单等待成交...
2026-04-10 21:42:22,322 | [状态] 有挂单等待成交...
2026-04-10 21:42:22,322 | [状态] 有挂单等待成交...
2026-04-10 21:42:22,322 | [状态] 有挂单等待成交...
2026-04-10 21:42:22,322 | [状态] 有挂单等待成交...
2026-04-10 21:42:22,323 | [状态] 有挂单等待成交...
2026-04-10 21:42:22,323 | [状态] 有挂单等待成交...
2026-04-10 21:42:22,324 | [状态] 有挂单等待成交...
2026-04-10 21:42:22,325 | [状态] 有挂单等待成交...
2026-04-10 21:42:22,326 | [状态] 有挂单等待成交...
2026-04-10 21:42:22,326 | [状态] 有挂单等待成交...
2026-04-10 21:42:22,326 | [状态] 有挂单等待成交...
2026-04-10 21:42:22,326 | [状态] 有挂单等待成交...
2026-04-10 21:42:22,327 | [状态] 有挂单等待成交...
2026-04-10 21:42:22,327 | [状态] 有挂单等待成交...
2026-04-10 21:42:22,328 | [状态] 有挂单等待成交...
2026-04-10 21:42:22,330 | [状态] 有挂单等待成交...
2026-04-10 21:42:22,330 | [状态] 有挂单等待成交...
2026-04-10 21:42:22,330 | [状态] 有挂单等待成交...
2026-04-10 21:42:22,331 | [状态] 有挂单等待成交...
2026-04-10 21:42:22,332 | [状态] 有挂单等待成交...
2026-04-10 21:42:22,333 | [状态] 有挂单等待成交...
2026-04-10 21:42:22,334 | [状态] 有挂单等待成交...
2026-04-10 21:42:22,334 | [状态] 有挂单等待成交...
2026-04-10 21:42:22,334 | [状态] 有挂单等待成交...
2026-04-10 21:42:22,335 | [状态] 有挂单等待成交...
2026-04-10 21:42:22,335 | [状态] 有挂单等待成交...
2026-04-10 21:42:22,335 | [状态] 有挂单等待成交...
2026-04-10 21:42:22,335 | [状态] 有挂单等待成交...
2026-04-10 21:42:22,335 | [状态] 有挂单等待成交...
2026-04-10 21:42:22,335 | [状态] 有挂单等待成交...
2026-04-10 21:42:22,336 | [状态] 有挂单等待成交...
2026-04-10 21:42:22,336 | [状态] 有挂单等待成交...
2026-04-10 21:42:22,336 | [状态] 有挂单等待成交...
2026-04-10 21:42:22,336 | [状态] 有挂单等待成交...
2026-04-10 21:42:22,337 | [状态] 有挂单等待成交...
2026-04-10 21:42:22,337 | [状态] 有挂单等待成交...
2026-04-10 21:42:22,338 | [状态] 有挂单等待成交...
2026-04-10 21:42:22,339 | [状态] 有挂单等待成交...
2026-04-10 21:42:22,339 | [状态] 有挂单等待成交...
2026-04-10 21:42:22,340 | [状态] 有挂单等待成交...
2026-04-10 21:42:22,341 | [状态] 有挂单等待成交...
2026-04-10 21:42:22,576 | [状态] 有挂单等待成交...
2026-04-10 21:42:22,953 | [状态] 有挂单等待成交...
2026-04-10 21:42:23,230 | [状态] 有挂单等待成交...
2026-04-10 21:42:23,678 | [状态] 有挂单等待成交...
2026-04-10 21:42:24,368 | [状态] 有挂单等待成交...
2026-04-10 21:42:24,368 | [状态] 有挂单等待成交...
2026-04-10 21:42:24,769 | [状态] 有挂单等待成交...
2026-04-10 21:42:24,934 | [价格] 71950.0
2026-04-10 21:42:24,934 | [状态] 有挂单等待成交...
2026-04-10 21:42:24,987 | [状态] 有挂单等待成交...
2026-04-10 21:42:27,584 | [状态] 有挂单等待成交...
2026-04-10 21:42:27,584 | [状态] 有挂单等待成交...
2026-04-10 21:42:27,585 | [状态] 有挂单等待成交...
2026-04-10 21:42:27,585 | [状态] 有挂单等待成交...
2026-04-10 21:42:27,586 | [状态] 有挂单等待成交...
2026-04-10 21:42:27,586 | [状态] 有挂单等待成交...
2026-04-10 21:42:27,797 | [状态] 有挂单等待成交...
2026-04-10 21:42:27,798 | [状态] 有挂单等待成交...
2026-04-10 21:42:27,799 | [状态] 有挂单等待成交...
2026-04-10 21:42:28,148 | [状态] 有挂单等待成交...
2026-04-10 21:42:28,427 | [状态] 有挂单等待成交...
2026-04-10 21:42:28,428 | [状态] 有挂单等待成交...
2026-04-10 21:42:29,207 | [持仓监控] 无持仓
2026-04-10 21:42:30,238 | [撤单]
2026-04-10 21:42:30,238 | [价格] 71949.7
2026-04-10 21:42:35,378 | [价格] 71944.4
2026-04-10 21:42:39,908 | [持仓监控] 无持仓
2026-04-10 21:42:41,687 | [价格] 71942.2
2026-04-10 21:42:46,732 | [价格] 71942.2
2026-04-10 21:42:50,076 | [持仓监控] 无持仓
2026-04-10 21:42:52,372 | [价格] 71954.1
2026-04-10 21:42:57,508 | [价格] 71956.9
2026-04-10 21:42:59,818 | [持仓监控] 无持仓
2026-04-10 21:43:02,582 | [价格] 71956.8
2026-04-10 21:43:05,245 | ✅ 挂单成功 {'orderId': 13026766074, 'symbol': 'BTCUSDT', 'status': 'NEW', 'clientOrderId': 'CJnrzn8YR2vmTPnYWsGxvP', 'price': '71956.40', 'avgPrice': '0.00', 'origQty': '0.0040', 'executedQty': '0.0000', 'cumQty': '0.0000', 'cumQuote': '0.000000', 'timeInForce': 'GTC', 'type': 'LIMIT', 'reduceOnly': False, 'closePosition': False, 'side': 'SELL', 'positionSide': 'BOTH', 'stopPrice': '0.00', 'workingType': 'CONTRACT_PRICE', 'priceProtect': False, 'origType': 'LIMIT', 'priceMatch': 'NONE', 'selfTradePreventionMode': 'EXPIRE_MAKER', 'goodTillDate': 0, 'updateTime': 1775828584312}
2026-04-10 21:43:07,036 | [状态] 有挂单等待成交...
2026-04-10 21:43:07,036 | [状态] 有挂单等待成交...
2026-04-10 21:43:07,037 | [状态] 有挂单等待成交...
2026-04-10 21:43:07,037 | [状态] 有挂单等待成交...
2026-04-10 21:43:07,038 | [状态] 有挂单等待成交...
2026-04-10 21:43:07,039 | [状态] 有挂单等待成交...
2026-04-10 21:43:07,040 | [状态] 有挂单等待成交...
2026-04-10 21:43:07,041 | [状态] 有挂单等待成交...
2026-04-10 21:43:07,041 | [状态] 有挂单等待成交...
2026-04-10 21:43:07,041 | [状态] 有挂单等待成交...
2026-04-10 21:43:07,041 | [状态] 有挂单等待成交...
2026-04-10 21:43:07,042 | [状态] 有挂单等待成交...
2026-04-10 21:43:07,042 | [状态] 有挂单等待成交...
2026-04-10 21:43:07,087 | [状态] 有挂单等待成交...
2026-04-10 21:43:07,263 | [状态] 有挂单等待成交...
2026-04-10 21:43:08,258 | [价格] 71956.9
2026-04-10 21:43:08,258 | [状态] 有挂单等待成交...
2026-04-10 21:43:08,409 | [状态] 有挂单等待成交...
2026-04-10 21:43:08,725 | [状态] 有挂单等待成交...
2026-04-10 21:43:08,991 | [状态] 有挂单等待成交...
2026-04-10 21:43:09,164 | [状态] 有挂单等待成交...
2026-04-10 21:43:09,208 | [状态] 有挂单等待成交...
2026-04-10 21:43:09,385 | [状态] 有挂单等待成交...
2026-04-10 21:43:09,987 | [状态] 有挂单等待成交...
2026-04-10 21:43:10,746 | [持仓监控] short | 数量:0.004 | 价值:287.83U | 均价:71956.4 | 浮盈:-0.00U | 杠杆:20.0x
2026-04-10 21:43:12,179 | [状态] 有挂单等待成交...
2026-04-10 21:43:12,179 | [状态] 有挂单等待成交...
2026-04-10 21:43:12,179 | [状态] 有挂单等待成交...
2026-04-10 21:43:12,181 | [状态] 有挂单等待成交...
2026-04-10 21:43:12,181 | [状态] 有挂单等待成交...
2026-04-10 21:43:12,182 | [状态] 有挂单等待成交...
2026-04-10 21:43:12,183 | [状态] 有挂单等待成交...
2026-04-10 21:43:12,445 | [状态] 有挂单等待成交...
2026-04-10 21:43:12,979 | [状态] 有挂单等待成交...
2026-04-10 21:43:13,636 | [价格] 71956.8
2026-04-10 21:43:13,637 | [状态] 有挂单等待成交...
2026-04-10 21:43:13,978 | [状态] 有挂单等待成交...
2026-04-10 21:43:13,978 | [状态] 有挂单等待成交...
2026-04-10 21:43:13,985 | [状态] 有挂单等待成交...
2026-04-10 21:43:14,134 | [状态] 有挂单等待成交...
2026-04-10 21:43:14,226 | [状态] 有挂单等待成交...
2026-04-10 21:43:14,270 | [状态] 有挂单等待成交...
2026-04-10 21:43:14,312 | [状态] 有挂单等待成交...
2026-04-10 21:43:14,334 | [状态] 有挂单等待成交...
2026-04-10 21:43:14,508 | [状态] 有挂单等待成交...
2026-04-10 21:43:16,789 | [状态] 有挂单等待成交...
2026-04-10 21:43:16,790 | [状态] 有挂单等待成交...
2026-04-10 21:43:16,791 | [状态] 有挂单等待成交...
2026-04-10 21:43:16,791 | [状态] 有挂单等待成交...
2026-04-10 21:43:16,792 | [状态] 有挂单等待成交...
2026-04-10 21:43:16,793 | [状态] 有挂单等待成交...
2026-04-10 21:43:17,491 | [状态] 有挂单等待成交...
2026-04-10 21:43:17,491 | [状态] 有挂单等待成交...
2026-04-10 21:43:17,645 | [状态] 有挂单等待成交...
2026-04-10 21:43:18,351 | [状态] 有挂单等待成交...
2026-04-10 21:43:18,351 | [状态] 有挂单等待成交...
2026-04-10 21:43:18,352 | [状态] 有挂单等待成交...
2026-04-10 21:43:18,352 | [状态] 有挂单等待成交...
2026-04-10 21:43:18,352 | [状态] 有挂单等待成交...
2026-04-10 21:43:18,352 | [状态] 有挂单等待成交...
2026-04-10 21:43:18,468 | [状态] 有挂单等待成交...
2026-04-10 21:43:18,478 | [状态] 有挂单等待成交...
2026-04-10 21:43:18,615 | [状态] 有挂单等待成交...
2026-04-10 21:43:18,977 | [价格] 71971.57164032
2026-04-10 21:43:18,977 | [状态] 有挂单等待成交...
2026-04-10 21:43:19,465 | [状态] 有挂单等待成交...
2026-04-10 21:43:19,610 | [状态] 有挂单等待成交...
2026-04-10 21:43:19,750 | [状态] 有挂单等待成交...
2026-04-10 21:43:20,549 | [持仓监控] short | 数量:0.004 | 价值:287.83U | 均价:71956.4 | 浮盈:-0.01U | 杠杆:20.0x
2026-04-10 21:43:21,766 | [状态] 有挂单等待成交...
2026-04-10 21:43:21,769 | [状态] 有挂单等待成交...
2026-04-10 21:43:21,769 | [状态] 有挂单等待成交...
2026-04-10 21:43:21,770 | [状态] 有挂单等待成交...
2026-04-10 21:43:21,770 | [状态] 有挂单等待成交...
2026-04-10 21:43:21,990 | [状态] 有挂单等待成交...
2026-04-10 21:43:22,226 | [状态] 有挂单等待成交...
2026-04-10 21:43:22,230 | [状态] 有挂单等待成交...
2026-04-10 21:43:22,387 | [状态] 有挂单等待成交...
2026-04-10 21:43:22,863 | [状态] 有挂单等待成交...
2026-04-10 21:43:22,863 | [状态] 有挂单等待成交...
2026-04-10 21:43:23,018 | [状态] 有挂单等待成交...
2026-04-10 21:43:23,173 | [状态] 有挂单等待成交...
2026-04-10 21:43:23,359 | [状态] 有挂单等待成交...
2026-04-10 21:43:23,836 | [状态] 有挂单等待成交...
2026-04-10 21:43:24,682 | [价格] 71959.2
2026-04-10 21:43:24,683 | [状态] 有挂单等待成交...
2026-04-10 21:43:24,715 | [状态] 有挂单等待成交...
2026-04-10 21:43:24,730 | [状态] 有挂单等待成交...
2026-04-10 21:43:26,274 | [状态] 有挂单等待成交...
2026-04-10 21:43:26,274 | [状态] 有挂单等待成交...
2026-04-10 21:43:26,275 | [状态] 有挂单等待成交...
2026-04-10 21:43:26,276 | [状态] 有挂单等待成交...
2026-04-10 21:43:26,276 | [状态] 有挂单等待成交...
2026-04-10 21:43:26,277 | [状态] 有挂单等待成交...
2026-04-10 21:43:26,277 | [状态] 有挂单等待成交...
2026-04-10 21:43:26,277 | [状态] 有挂单等待成交...
2026-04-10 21:43:26,277 | [状态] 有挂单等待成交...
2026-04-10 21:43:26,277 | [状态] 有挂单等待成交...
2026-04-10 21:43:26,277 | [状态] 有挂单等待成交...
2026-04-10 21:43:26,277 | [状态] 有挂单等待成交...
2026-04-10 21:43:26,646 | [状态] 有挂单等待成交...
2026-04-10 21:43:27,521 | [状态] 有挂单等待成交...
2026-04-10 21:43:27,977 | [状态] 有挂单等待成交...
2026-04-10 21:43:28,050 | [状态] 有挂单等待成交...
2026-04-10 21:43:28,128 | [状态] 有挂单等待成交...
2026-04-10 21:43:28,130 | [状态] 有挂单等待成交...
2026-04-10 21:43:28,289 | [状态] 有挂单等待成交...
2026-04-10 21:43:29,224 | [状态] 有挂单等待成交...
2026-04-10 21:43:30,291 | [持仓监控] short | 数量:0.004 | 价值:287.84U | 均价:71956.4 | 浮盈:-0.01U | 杠杆:20.0x
2026-04-10 21:43:31,045 | [状态] 有挂单等待成交...
2026-04-10 21:43:31,046 | [价格] 71960.1
2026-04-10 21:43:31,046 | [状态] 有挂单等待成交...
2026-04-10 21:43:31,048 | [状态] 有挂单等待成交...
2026-04-10 21:43:31,049 | [状态] 有挂单等待成交...
2026-04-10 21:43:32,512 | [撤单]
2026-04-10 21:43:33,937 | ✅ 挂单成功 {'orderId': 13026766437, 'symbol': 'BTCUSDT', 'status': 'NEW', 'clientOrderId': 'HlMDeeOco2LRSH24Lsi6o0', 'price': '71959.90', 'avgPrice': '0.00', 'origQty': '0.0040', 'executedQty': '0.0000', 'cumQty': '0.0000', 'cumQuote': '0.000000', 'timeInForce': 'GTC', 'type': 'LIMIT', 'reduceOnly': False, 'closePosition': False, 'side': 'SELL', 'positionSide': 'BOTH', 'stopPrice': '0.00', 'workingType': 'CONTRACT_PRICE', 'priceProtect': False, 'origType': 'LIMIT', 'priceMatch': 'NONE', 'selfTradePreventionMode': 'EXPIRE_MAKER', 'goodTillDate': 0, 'updateTime': 1775828613018}
2026-04-10 21:43:33,938 | [状态] 有挂单等待成交...
2026-04-10 21:43:33,939 | [状态] 有挂单等待成交...
2026-04-10 21:43:33,941 | [状态] 有挂单等待成交...
2026-04-10 21:43:33,943 | [状态] 有挂单等待成交...
2026-04-10 21:43:33,943 | [状态] 有挂单等待成交...
2026-04-10 21:43:33,943 | [状态] 有挂单等待成交...
2026-04-10 21:43:33,943 | [状态] 有挂单等待成交...
2026-04-10 21:43:33,945 | [状态] 有挂单等待成交...
2026-04-10 21:43:33,945 | [状态] 有挂单等待成交...
2026-04-10 21:43:33,946 | [状态] 有挂单等待成交...
2026-04-10 21:43:33,976 | [状态] 有挂单等待成交...
2026-04-10 21:43:34,032 | [状态] 有挂单等待成交...
2026-04-10 21:43:35,592 | [状态] 有挂单等待成交...
2026-04-10 21:43:35,593 | [状态] 有挂单等待成交...
2026-04-10 21:43:35,593 | [状态] 有挂单等待成交...
2026-04-10 21:43:35,593 | [状态] 有挂单等待成交...
2026-04-10 21:43:35,593 | [状态] 有挂单等待成交...
2026-04-10 21:43:35,595 | [状态] 有挂单等待成交...
2026-04-10 21:43:35,595 | [状态] 有挂单等待成交...
2026-04-10 21:43:35,595 | [状态] 有挂单等待成交...
2026-04-10 21:43:35,595 | [状态] 有挂单等待成交...
2026-04-10 21:43:35,826 | [状态] 有挂单等待成交...
2026-04-10 21:43:35,826 | [状态] 有挂单等待成交...
2026-04-10 21:43:35,826 | [状态] 有挂单等待成交...
2026-04-10 21:43:35,827 | [状态] 有挂单等待成交...
2026-04-10 21:43:36,009 | [状态] 有挂单等待成交...
2026-04-10 21:43:36,350 | [价格] 71962.3
2026-04-10 21:43:36,350 | [状态] 有挂单等待成交...
2026-04-10 21:43:36,681 | [状态] 有挂单等待成交...
2026-04-10 21:43:36,996 | [状态] 有挂单等待成交...
2026-04-10 21:43:38,549 | [撤单]
2026-04-10 21:43:40,963 | [持仓监控] short | 数量:0.008 | 价值:575.88U | 均价:71958.1 | 浮盈:-0.21U | 杠杆:20.0x
2026-04-10 21:43:41,450 | [价格] 71986.4
2026-04-10 21:43:46,946 | [价格] 71978.1
2026-04-10 21:43:51,350 | [持仓监控] short | 数量:0.008 | 价值:576.36U | 均价:71958.1 | 浮盈:-0.70U | 杠杆:20.0x
2026-04-10 21:43:51,976 | [价格] 71979.16722826
2026-04-10 21:43:57,978 | [价格] 72010.5
2026-04-10 21:44:01,187 | [持仓监控] short | 数量:0.008 | 价值:575.97U | 均价:71958.1 | 浮盈:-0.31U | 杠杆:20.0x
2026-04-10 21:44:03,203 | [价格] 72045.2
2026-04-10 21:44:09,479 | [价格] 72008.5
2026-04-10 21:44:10,834 | [持仓监控] short | 数量:0.008 | 价值:576.06U | 均价:71958.1 | 浮盈:-0.39U | 杠杆:20.0x
2026-04-10 21:44:15,437 | [价格] 72010.1
2026-04-10 21:44:20,415 | [持仓监控] short | 数量:0.008 | 价值:575.80U | 均价:71958.1 | 浮盈:-0.13U | 杠杆:20.0x
2026-04-10 21:44:21,976 | [价格] 71973.31201087
2026-04-10 21:44:27,943 | [价格] 72040.8
2026-04-10 21:44:30,784 | [持仓监控] short | 数量:0.008 | 价值:575.81U | 均价:71958.1 | 浮盈:-0.14U | 杠杆:20.0x
2026-04-10 21:44:33,031 | [价格] 71974.6
2026-04-10 21:44:39,183 | [价格] 71980.7
2026-04-10 21:44:40,751 | [持仓监控] short | 数量:0.008 | 价值:575.81U | 均价:71958.1 | 浮盈:-0.14U | 杠杆:20.0x
2026-04-10 21:44:45,386 | [价格] 72031.6
2026-04-10 21:44:50,713 | [持仓监控] short | 数量:0.008 | 价值:576.09U | 均价:71958.1 | 浮盈:-0.43U | 杠杆:20.0x
2026-04-10 21:44:51,330 | [价格] 72011.6
2026-04-10 21:44:56,785 | [价格] 72015.5
2026-04-10 21:45:00,571 | [持仓监控] short | 数量:0.008 | 价值:576.36U | 均价:71958.1 | 浮盈:-0.70U | 杠杆:20.0x
2026-04-10 21:45:01,933 | [价格] 72045.3
2026-04-10 21:45:06,994 | [价格] 72034.0
2026-04-10 21:45:10,326 | [持仓监控] short | 数量:0.008 | 价值:576.27U | 均价:71958.1 | 浮盈:-0.61U | 杠杆:20.0x
2026-04-10 21:45:12,064 | [价格] 72034.0
2026-04-10 21:45:17,227 | [价格] 72034.0
2026-04-10 21:45:20,046 | [持仓监控] short | 数量:0.008 | 价值:576.36U | 均价:71958.1 | 浮盈:-0.69U | 杠杆:20.0x
2026-04-10 21:45:22,246 | [价格] 72033.9
2026-04-10 21:45:27,338 | [价格] 72045.1
2026-04-10 21:45:29,509 | [持仓监控] short | 数量:0.008 | 价值:576.27U | 均价:71958.1 | 浮盈:-0.61U | 杠杆:20.0x
2026-04-10 21:45:32,535 | [价格] 72045.2
2026-04-10 21:45:37,571 | [价格] 72045.2
2026-04-10 21:45:39,667 | [持仓监控] short | 数量:0.008 | 价值:576.36U | 均价:71958.1 | 浮盈:-0.70U | 杠杆:20.0x
2026-04-10 21:45:42,717 | [价格] 72045.2
2026-04-10 21:45:47,838 | [价格] 72045.2
2026-04-10 21:45:49,421 | [持仓监控] short | 数量:0.008 | 价值:576.63U | 均价:71958.1 | 浮盈:-0.96U | 杠杆:20.0x
2026-04-10 21:45:53,425 | [价格] 72045.2
2026-04-10 21:45:58,551 | [价格] 72033.9
2026-04-10 21:45:58,961 | [持仓监控] short | 数量:0.008 | 价值:576.36U | 均价:71958.1 | 浮盈:-0.70U | 杠杆:20.0x
2026-04-10 21:46:02,486 | ✅ 挂单成功 {'orderId': 13026770089, 'symbol': 'BTCUSDT', 'status': 'NEW', 'clientOrderId': 'EhsawRu2CFg1ozQeCeTh6M', 'price': '72045.70', 'avgPrice': '0.00', 'origQty': '0.0040', 'executedQty': '0.0000', 'cumQty': '0.0000', 'cumQuote': '0.000000', 'timeInForce': 'GTC', 'type': 'LIMIT', 'reduceOnly': False, 'closePosition': False, 'side': 'BUY', 'positionSide': 'BOTH', 'stopPrice': '0.00', 'workingType': 'CONTRACT_PRICE', 'priceProtect': False, 'origType': 'LIMIT', 'priceMatch': 'NONE', 'selfTradePreventionMode': 'EXPIRE_MAKER', 'goodTillDate': 0, 'updateTime': 1775828761591}
2026-04-10 21:46:04,932 | [状态] 有挂单等待成交...
2026-04-10 21:46:04,933 | [价格] 72045.2
2026-04-10 21:46:04,933 | [状态] 有挂单等待成交...
2026-04-10 21:46:04,934 | [状态] 有挂单等待成交...
2026-04-10 21:46:04,934 | [状态] 有挂单等待成交...
2026-04-10 21:46:04,935 | [状态] 有挂单等待成交...
2026-04-10 21:46:04,936 | [状态] 有挂单等待成交...
2026-04-10 21:46:04,937 | [状态] 有挂单等待成交...
2026-04-10 21:46:04,937 | [状态] 有挂单等待成交...
2026-04-10 21:46:04,938 | [状态] 有挂单等待成交...
2026-04-10 21:46:04,939 | [状态] 有挂单等待成交...
2026-04-10 21:46:04,939 | [状态] 有挂单等待成交...
2026-04-10 21:46:04,939 | [状态] 有挂单等待成交...
2026-04-10 21:46:04,939 | [状态] 有挂单等待成交...
2026-04-10 21:46:04,940 | [状态] 有挂单等待成交...
2026-04-10 21:46:04,940 | [状态] 有挂单等待成交...
2026-04-10 21:46:04,940 | [状态] 有挂单等待成交...
2026-04-10 21:46:04,941 | [状态] 有挂单等待成交...
2026-04-10 21:46:04,941 | [状态] 有挂单等待成交...
2026-04-10 21:46:04,941 | [状态] 有挂单等待成交...
2026-04-10 21:46:04,941 | [状态] 有挂单等待成交...
2026-04-10 21:46:04,941 | [状态] 有挂单等待成交...
2026-04-10 21:46:04,941 | [状态] 有挂单等待成交...
2026-04-10 21:46:04,942 | [状态] 有挂单等待成交...
2026-04-10 21:46:04,943 | [状态] 有挂单等待成交...
2026-04-10 21:46:04,943 | [状态] 有挂单等待成交...
2026-04-10 21:46:04,944 | [状态] 有挂单等待成交...
2026-04-10 21:46:04,945 | [状态] 有挂单等待成交...
2026-04-10 21:46:05,095 | [状态] 有挂单等待成交...
2026-04-10 21:46:05,370 | [状态] 有挂单等待成交...
2026-04-10 21:46:05,758 | [状态] 有挂单等待成交...
2026-04-10 21:46:06,025 | [状态] 有挂单等待成交...
2026-04-10 21:46:06,808 | [状态] 有挂单等待成交...
2026-04-10 21:46:06,944 | [状态] 有挂单等待成交...
2026-04-10 21:46:06,969 | [状态] 有挂单等待成交...
2026-04-10 21:46:07,212 | [状态] 有挂单等待成交...
2026-04-10 21:46:07,615 | [状态] 有挂单等待成交...
2026-04-10 21:46:07,805 | [状态] 有挂单等待成交...
2026-04-10 21:46:08,721 | [持仓监控] short | 数量:0.004 | 价值:288.22U | 均价:71958.1 | 浮盈:-0.39U | 杠杆:20.0x
2026-04-10 21:46:09,680 | [状态] 有挂单等待成交...
2026-04-10 21:46:09,680 | [状态] 有挂单等待成交...
2026-04-10 21:46:09,680 | [状态] 有挂单等待成交...
2026-04-10 21:46:09,681 | [状态] 有挂单等待成交...
2026-04-10 21:46:09,682 | [状态] 有挂单等待成交...
2026-04-10 21:46:09,682 | [状态] 有挂单等待成交...
2026-04-10 21:46:09,682 | [状态] 有挂单等待成交...
2026-04-10 21:46:09,683 | [状态] 有挂单等待成交...
2026-04-10 21:46:09,708 | [状态] 有挂单等待成交...
2026-04-10 21:46:09,973 | [价格] 72081.0
2026-04-10 21:46:09,973 | [状态] 有挂单等待成交...
2026-04-10 21:46:11,052 | [状态] 有挂单等待成交...
2026-04-10 21:46:11,220 | [状态] 有挂单等待成交...
2026-04-10 21:46:11,913 | [状态] 有挂单等待成交...
2026-04-10 21:46:11,913 | [状态] 有挂单等待成交...
2026-04-10 21:46:11,914 | [状态] 有挂单等待成交...
2026-04-10 21:46:11,914 | [状态] 有挂单等待成交...
2026-04-10 21:46:11,948 | [状态] 有挂单等待成交...
2026-04-10 21:46:12,260 | [状态] 有挂单等待成交...
2026-04-10 21:46:12,385 | [状态] 有挂单等待成交...
2026-04-10 21:46:12,541 | [状态] 有挂单等待成交...
2026-04-10 21:46:14,243 | [状态] 有挂单等待成交...
2026-04-10 21:46:14,243 | [状态] 有挂单等待成交...
2026-04-10 21:46:14,243 | [状态] 有挂单等待成交...
2026-04-10 21:46:16,137 | [撤单]
2026-04-10 21:46:16,137 | [价格] 72054.7
2026-04-10 21:46:18,431 | [持仓监控] short | 数量:0.004 | 价值:288.22U | 均价:71958.1 | 浮盈:-0.39U | 杠杆:20.0x
2026-04-10 21:46:21,225 | [价格] 72054.0
2026-04-10 21:46:26,482 | [价格] 72055.0
2026-04-10 21:46:29,458 | [持仓监控] short | 数量:0.004 | 价值:288.22U | 均价:71958.1 | 浮盈:-0.38U | 杠杆:20.0x
2026-04-10 21:46:31,695 | [价格] 72054.0
2026-04-10 21:46:36,993 | [价格] 72063.68226449
2026-04-10 21:46:39,233 | [持仓监控] short | 数量:0.004 | 价值:288.21U | 均价:71958.1 | 浮盈:-0.37U | 杠杆:20.0x
2026-04-10 21:46:42,157 | [价格] 72059.6
2026-04-10 21:46:47,430 | [价格] 72059.6
2026-04-10 21:46:49,184 | [持仓监控] short | 数量:0.004 | 价值:288.24U | 均价:71958.1 | 浮盈:-0.41U | 杠杆:20.0x
2026-04-10 21:46:53,052 | [价格] 72059.5
2026-04-10 21:46:58,328 | [价格] 72054.0
2026-04-10 21:46:58,685 | [持仓监控] short | 数量:0.004 | 价值:288.22U | 均价:71958.1 | 浮盈:-0.38U | 杠杆:20.0x
2026-04-10 21:47:03,769 | [价格] 72054.1
2026-04-10 21:47:06,463 | ✅ 挂单成功 {'orderId': 13026771448, 'symbol': 'BTCUSDT', 'status': 'NEW', 'clientOrderId': 'tb20nCQH5AkebYnRSf2mU3', 'price': '72059.60', 'avgPrice': '0.00', 'origQty': '0.0040', 'executedQty': '0.0000', 'cumQty': '0.0000', 'cumQuote': '0.000000', 'timeInForce': 'GTC', 'type': 'LIMIT', 'reduceOnly': False, 'closePosition': False, 'side': 'BUY', 'positionSide': 'BOTH', 'stopPrice': '0.00', 'workingType': 'CONTRACT_PRICE', 'priceProtect': False, 'origType': 'LIMIT', 'priceMatch': 'NONE', 'selfTradePreventionMode': 'EXPIRE_MAKER', 'goodTillDate': 0, 'updateTime': 1775828825555}
2026-04-10 21:47:06,466 | [状态] 有挂单等待成交...
2026-04-10 21:47:06,467 | [状态] 有挂单等待成交...
2026-04-10 21:47:06,988 | [状态] 有挂单等待成交...
2026-04-10 21:47:08,585 | [持仓监控] 无持仓
2026-04-10 21:47:09,462 | [状态] 有挂单等待成交...
2026-04-10 21:47:09,464 | [价格] 72059.6
2026-04-10 21:47:09,464 | [状态] 有挂单等待成交...
2026-04-10 21:47:09,465 | [状态] 有挂单等待成交...
2026-04-10 21:47:09,465 | [状态] 有挂单等待成交...
2026-04-10 21:47:09,465 | [状态] 有挂单等待成交...
2026-04-10 21:47:09,466 | [状态] 有挂单等待成交...
2026-04-10 21:47:09,985 | [状态] 有挂单等待成交...
2026-04-10 21:47:10,124 | [状态] 有挂单等待成交...
2026-04-10 21:47:12,091 | [状态] 有挂单等待成交...
2026-04-10 21:47:13,925 | [状态] 有挂单等待成交...
2026-04-10 21:47:13,926 | [状态] 有挂单等待成交...
2026-04-10 21:47:14,444 | [状态] 有挂单等待成交...
2026-04-10 21:47:14,581 | [价格] 72059.2
2026-04-10 21:47:14,581 | [状态] 有挂单等待成交...
2026-04-10 21:47:15,179 | [状态] 有挂单等待成交...
2026-04-10 21:47:15,369 | [状态] 有挂单等待成交...
2026-04-10 21:47:15,709 | [状态] 有挂单等待成交...
2026-04-10 21:47:15,711 | [状态] 有挂单等待成交...
2026-04-10 21:47:15,880 | [状态] 有挂单等待成交...
2026-04-10 21:47:15,976 | [状态] 有挂单等待成交...
2026-04-10 21:47:15,992 | [状态] 有挂单等待成交...
2026-04-10 21:47:15,992 | [状态] 有挂单等待成交...
2026-04-10 21:47:15,992 | [状态] 有挂单等待成交...
2026-04-10 21:47:16,038 | [状态] 有挂单等待成交...
2026-04-10 21:47:16,070 | [状态] 有挂单等待成交...
2026-04-10 21:47:16,138 | [状态] 有挂单等待成交...
2026-04-10 21:47:16,323 | [状态] 有挂单等待成交...
2026-04-10 21:47:16,326 | [状态] 有挂单等待成交...
2026-04-10 21:47:16,473 | [状态] 有挂单等待成交...
2026-04-10 21:47:16,700 | [状态] 有挂单等待成交...
2026-04-10 21:47:16,855 | [状态] 有挂单等待成交...
2026-04-10 21:47:18,631 | [持仓监控] 无持仓
2026-04-10 21:47:19,025 | [状态] 有挂单等待成交...
2026-04-10 21:47:19,025 | [状态] 有挂单等待成交...
2026-04-10 21:47:19,026 | [状态] 有挂单等待成交...
2026-04-10 21:47:19,026 | [状态] 有挂单等待成交...
2026-04-10 21:47:19,027 | [状态] 有挂单等待成交...
2026-04-10 21:47:19,027 | [状态] 有挂单等待成交...
2026-04-10 21:47:19,028 | [状态] 有挂单等待成交...
2026-04-10 21:47:19,028 | [状态] 有挂单等待成交...
2026-04-10 21:47:19,028 | [状态] 有挂单等待成交...
2026-04-10 21:47:19,028 | [状态] 有挂单等待成交...
2026-04-10 21:47:19,736 | [价格] 72060.2
2026-04-10 21:47:19,736 | [状态] 有挂单等待成交...
2026-04-10 21:47:19,868 | [状态] 有挂单等待成交...
2026-04-10 21:47:21,048 | [状态] 有挂单等待成交...
2026-04-10 21:47:21,249 | [状态] 有挂单等待成交...
2026-04-10 21:47:21,670 | [状态] 有挂单等待成交...
2026-04-10 21:47:21,991 | [状态] 有挂单等待成交...
2026-04-10 21:47:24,065 | [状态] 有挂单等待成交...
2026-04-10 21:47:24,066 | [状态] 有挂单等待成交...
2026-04-10 21:47:24,067 | [状态] 有挂单等待成交...
2026-04-10 21:47:24,067 | [状态] 有挂单等待成交...
2026-04-10 21:47:25,008 | [价格] 72056.3
2026-04-10 21:47:25,008 | [状态] 有挂单等待成交...
2026-04-10 21:47:25,196 | [状态] 有挂单等待成交...
2026-04-10 21:47:28,087 | [持仓监控] 无持仓
2026-04-10 21:47:31,049 | [撤单]
2026-04-10 21:47:31,049 | [价格] 72056.2
2026-04-10 21:47:37,001 | [价格] 72051.1
2026-04-10 21:47:37,585 | [持仓监控] 无持仓
2026-04-10 21:47:42,483 | [价格] 72058.7
2026-04-10 21:47:47,061 | [持仓监控] 无持仓
2026-04-10 21:47:47,567 | [价格] 72058.9
2026-04-10 21:47:52,734 | [价格] 72058.9
2026-04-10 21:47:56,564 | [持仓监控] 无持仓
2026-04-10 21:47:57,899 | [价格] 72056.0
2026-04-10 21:48:03,222 | [价格] 72051.8
2026-04-10 21:48:06,356 | [持仓监控] 无持仓
2026-04-10 21:48:08,444 | [价格] 72062.6
2026-04-10 21:48:13,734 | [价格] 72061.0
2026-04-10 21:48:16,267 | [持仓监控] 无持仓
2026-04-10 21:48:18,873 | [价格] 72062.6
2026-04-10 21:48:23,961 | [价格] 72062.5
2026-04-10 21:48:25,739 | [持仓监控] 无持仓
2026-04-10 21:48:30,028 | [价格] 72061.4
2026-04-10 21:48:35,464 | [价格] 72062.5
2026-04-10 21:48:35,527 | [持仓监控] 无持仓
2026-04-10 21:48:41,140 | [价格] 72058.7
2026-04-10 21:48:45,390 | [持仓监控] 无持仓
2026-04-10 21:48:46,293 | [价格] 72058.7
2026-04-10 21:48:51,999 | [价格] 72196.6
2026-04-10 21:48:55,222 | [持仓监控] 无持仓
2026-04-10 21:48:57,395 | [价格] 72055.0
2026-04-10 21:49:02,763 | [价格] 72055.0
2026-04-10 21:49:05,079 | [持仓监控] 无持仓
2026-04-10 21:49:07,850 | [价格] 72064.1
2026-04-10 21:49:12,859 | [价格] 72065.2
2026-04-10 21:49:15,243 | [持仓监控] 无持仓
2026-04-10 21:49:18,364 | [价格] 72067.6
2026-04-10 21:49:23,514 | [价格] 72070.2
2026-04-10 21:49:25,018 | [持仓监控] 无持仓
2026-04-10 21:49:28,933 | [价格] 72071.3
2026-04-10 21:49:33,995 | [价格] 72222.21873188
2026-04-10 21:49:35,917 | [持仓监控] 无持仓
2026-04-10 21:49:39,276 | [价格] 72207.3
2026-04-10 21:49:44,457 | [价格] 72208.2
2026-04-10 21:49:45,413 | [持仓监控] 无持仓
2026-04-10 21:49:45,858 | ✅ 挂单成功 {'orderId': 13026774516, 'symbol': 'BTCUSDT', 'status': 'NEW', 'clientOrderId': 'cIOT439o6unpAVfP2Ap0RW', 'price': '72207.90', 'avgPrice': '0.00', 'origQty': '0.0040', 'executedQty': '0.0000', 'cumQty': '0.0000', 'cumQuote': '0.000000', 'timeInForce': 'GTC', 'type': 'LIMIT', 'reduceOnly': False, 'closePosition': False, 'side': 'SELL', 'positionSide': 'BOTH', 'stopPrice': '0.00', 'workingType': 'CONTRACT_PRICE', 'priceProtect': False, 'origType': 'LIMIT', 'priceMatch': 'NONE', 'selfTradePreventionMode': 'EXPIRE_MAKER', 'goodTillDate': 0, 'updateTime': 1775828984918}
2026-04-10 21:49:47,389 | [状态] 有挂单等待成交...
2026-04-10 21:49:48,859 | [撤单]
2026-04-10 21:49:49,689 | [价格] 72208.3
2026-04-10 21:49:54,860 | [持仓监控] short | 数量:0.004 | 价值:288.22U | 均价:72207.9 | 浮盈:0.61U | 杠杆:20.0x
2026-04-10 21:49:54,994 | [价格] 72275.73050725
2026-04-10 21:50:00,166 | [价格] 72189.4
2026-04-10 21:50:04,424 | [持仓监控] short | 数量:0.004 | 价值:288.22U | 均价:72207.9 | 浮盈:0.61U | 杠杆:20.0x
2026-04-10 21:50:05,184 | [价格] 72208.4
2026-04-10 21:50:10,246 | [价格] 72152.5
2026-04-10 21:50:14,311 | [持仓监控] short | 数量:0.004 | 价值:288.83U | 均价:72207.9 | 浮盈:-0.00U | 杠杆:20.0x
2026-04-10 21:50:15,988 | [价格] 72234.17976449
2026-04-10 21:50:21,071 | [价格] 72205.8
2026-04-10 21:50:24,147 | [持仓监控] short | 数量:0.004 | 价值:288.83U | 均价:72207.9 | 浮盈:0.00U | 杠杆:20.0x
2026-04-10 21:50:26,114 | [价格] 72185.2
2026-04-10 21:50:31,373 | [价格] 72178.1
2026-04-10 21:50:33,617 | [持仓监控] short | 数量:0.004 | 价值:288.68U | 均价:72207.9 | 浮盈:0.15U | 杠杆:20.0x
2026-04-10 21:50:35,461 | ✅ 挂单成功 {'orderId': 13026775819, 'symbol': 'BTCUSDT', 'status': 'NEW', 'clientOrderId': 'zOIgmPUAO4KN51Ra3Mitsw', 'price': '72163.50', 'avgPrice': '0.00', 'origQty': '0.0040', 'executedQty': '0.0000', 'cumQty': '0.0000', 'cumQuote': '0.000000', 'timeInForce': 'GTC', 'type': 'LIMIT', 'reduceOnly': False, 'closePosition': False, 'side': 'SELL', 'positionSide': 'BOTH', 'stopPrice': '0.00', 'workingType': 'CONTRACT_PRICE', 'priceProtect': False, 'origType': 'LIMIT', 'priceMatch': 'NONE', 'selfTradePreventionMode': 'EXPIRE_MAKER', 'goodTillDate': 0, 'updateTime': 1775829034508}
2026-04-10 21:50:35,464 | [状态] 有挂单等待成交...
2026-04-10 21:50:35,464 | [状态] 有挂单等待成交...
2026-04-10 21:50:35,464 | [状态] 有挂单等待成交...
2026-04-10 21:50:35,464 | [状态] 有挂单等待成交...
2026-04-10 21:50:35,464 | [状态] 有挂单等待成交...
2026-04-10 21:50:35,464 | [状态] 有挂单等待成交...
2026-04-10 21:50:35,465 | [状态] 有挂单等待成交...
2026-04-10 21:50:35,465 | [状态] 有挂单等待成交...
2026-04-10 21:50:35,465 | [状态] 有挂单等待成交...
2026-04-10 21:50:35,465 | [状态] 有挂单等待成交...
2026-04-10 21:50:35,556 | [状态] 有挂单等待成交...
2026-04-10 21:50:35,686 | [状态] 有挂单等待成交...
2026-04-10 21:50:35,687 | [状态] 有挂单等待成交...
2026-04-10 21:50:35,814 | [状态] 有挂单等待成交...
2026-04-10 21:50:35,929 | [状态] 有挂单等待成交...
2026-04-10 21:50:36,122 | [状态] 有挂单等待成交...
2026-04-10 21:50:36,283 | [状态] 有挂单等待成交...
2026-04-10 21:50:36,503 | [价格] 72163.3
2026-04-10 21:50:36,503 | [状态] 有挂单等待成交...
2026-04-10 21:50:39,379 | [状态] 有挂单等待成交...
2026-04-10 21:50:39,380 | [状态] 有挂单等待成交...
2026-04-10 21:50:39,380 | [状态] 有挂单等待成交...
2026-04-10 21:50:39,380 | [状态] 有挂单等待成交...
2026-04-10 21:50:39,380 | [状态] 有挂单等待成交...
2026-04-10 21:50:39,382 | [状态] 有挂单等待成交...
2026-04-10 21:50:39,382 | [状态] 有挂单等待成交...
2026-04-10 21:50:39,703 | [状态] 有挂单等待成交...
2026-04-10 21:50:39,865 | [状态] 有挂单等待成交...
2026-04-10 21:50:39,996 | [状态] 有挂单等待成交...
2026-04-10 21:50:40,308 | [状态] 有挂单等待成交...
2026-04-10 21:50:40,980 | [状态] 有挂单等待成交...
2026-04-10 21:50:41,628 | [价格] 72163.3
2026-04-10 21:50:41,628 | [状态] 有挂单等待成交...
2026-04-10 21:50:41,631 | [状态] 有挂单等待成交...
2026-04-10 21:50:41,678 | [状态] 有挂单等待成交...
2026-04-10 21:50:41,856 | [状态] 有挂单等待成交...
2026-04-10 21:50:42,193 | [状态] 有挂单等待成交...
2026-04-10 21:50:43,186 | [持仓监控] short | 数量:0.008 | 价值:577.31U | 均价:72185.7 | 浮盈:0.18U | 杠杆:20.0x
2026-04-10 21:50:44,116 | [状态] 有挂单等待成交...
2026-04-10 21:50:44,117 | [状态] 有挂单等待成交...
2026-04-10 21:50:44,117 | [状态] 有挂单等待成交...
2026-04-10 21:50:44,118 | [状态] 有挂单等待成交...
2026-04-10 21:50:44,119 | [状态] 有挂单等待成交...
2026-04-10 21:50:45,400 | [状态] 有挂单等待成交...
2026-04-10 21:50:45,624 | [状态] 有挂单等待成交...
2026-04-10 21:50:45,890 | [状态] 有挂单等待成交...
2026-04-10 21:50:45,997 | [状态] 有挂单等待成交...
2026-04-10 21:50:46,011 | [状态] 有挂单等待成交...
2026-04-10 21:50:46,089 | [状态] 有挂单等待成交...
2026-04-10 21:50:46,237 | [状态] 有挂单等待成交...
2026-04-10 21:50:46,527 | [状态] 有挂单等待成交...
2026-04-10 21:50:46,868 | [价格] 72163.4
2026-04-10 21:50:46,868 | [状态] 有挂单等待成交...
2026-04-10 21:50:48,842 | [状态] 有挂单等待成交...
2026-04-10 21:50:48,843 | [状态] 有挂单等待成交...
2026-04-10 21:50:48,844 | [状态] 有挂单等待成交...
2026-04-10 21:50:49,012 | [状态] 有挂单等待成交...
2026-04-10 21:50:49,138 | [状态] 有挂单等待成交...
2026-04-10 21:50:49,147 | [状态] 有挂单等待成交...
2026-04-10 21:50:49,280 | [状态] 有挂单等待成交...
2026-04-10 21:50:49,333 | [状态] 有挂单等待成交...
2026-04-10 21:50:49,417 | [状态] 有挂单等待成交...
2026-04-10 21:50:49,562 | [状态] 有挂单等待成交...
2026-04-10 21:50:49,718 | [状态] 有挂单等待成交...
2026-04-10 21:50:50,263 | [状态] 有挂单等待成交...
2026-04-10 21:50:50,711 | [状态] 有挂单等待成交...
2026-04-10 21:50:50,937 | [状态] 有挂单等待成交...
2026-04-10 21:50:51,312 | [状态] 有挂单等待成交...
2026-04-10 21:50:52,005 | [价格] 72136.5204529
2026-04-10 21:50:52,951 | [持仓监控] short | 数量:0.008 | 价值:577.09U | 均价:72185.7 | 浮盈:0.39U | 杠杆:20.0x
2026-04-10 21:50:53,750 | [状态] 有挂单等待成交...
2026-04-10 21:50:53,750 | [状态] 有挂单等待成交...
2026-04-10 21:50:53,751 | [状态] 有挂单等待成交...
2026-04-10 21:50:53,752 | [状态] 有挂单等待成交...
2026-04-10 21:50:53,752 | [状态] 有挂单等待成交...
2026-04-10 21:50:53,752 | [状态] 有挂单等待成交...
2026-04-10 21:50:53,752 | [状态] 有挂单等待成交...
2026-04-10 21:50:54,769 | [状态] 有挂单等待成交...
2026-04-10 21:50:54,979 | [状态] 有挂单等待成交...
2026-04-10 21:50:55,182 | [状态] 有挂单等待成交...
2026-04-10 21:50:55,348 | [状态] 有挂单等待成交...
2026-04-10 21:50:56,445 | [状态] 有挂单等待成交...
2026-04-10 21:50:56,714 | [状态] 有挂单等待成交...
2026-04-10 21:50:57,540 | [价格] 72163.4
2026-04-10 21:50:58,973 | [状态] 有挂单等待成交...
2026-04-10 21:50:58,974 | [状态] 有挂单等待成交...
2026-04-10 21:50:58,974 | [状态] 有挂单等待成交...
2026-04-10 21:50:58,975 | [状态] 有挂单等待成交...
2026-04-10 21:50:58,975 | [状态] 有挂单等待成交...
2026-04-10 21:50:59,033 | [状态] 有挂单等待成交...
2026-04-10 21:51:00,771 | [状态] 有挂单等待成交...
2026-04-10 21:51:01,001 | [状态] 有挂单等待成交...
2026-04-10 21:51:01,216 | [状态] 有挂单等待成交...
2026-04-10 21:51:01,754 | [状态] 有挂单等待成交...
2026-04-10 21:51:01,916 | [状态] 有挂单等待成交...
2026-04-10 21:51:02,723 | [持仓监控] short | 数量:0.008 | 价值:577.31U | 均价:72185.7 | 浮盈:0.18U | 杠杆:20.0x
2026-04-10 21:51:04,125 | [状态] 有挂单等待成交...
2026-04-10 21:51:04,125 | [价格] 72163.4
2026-04-10 21:51:04,125 | [状态] 有挂单等待成交...
2026-04-10 21:51:04,126 | [状态] 有挂单等待成交...
2026-04-10 21:51:04,127 | [状态] 有挂单等待成交...
2026-04-10 21:51:04,128 | [状态] 有挂单等待成交...
2026-04-10 21:51:04,130 | [状态] 有挂单等待成交...
2026-04-10 21:51:04,329 | [状态] 有挂单等待成交...
2026-04-10 21:51:04,723 | [状态] 有挂单等待成交...
2026-04-10 21:51:05,072 | [状态] 有挂单等待成交...
2026-04-10 21:51:05,231 | [状态] 有挂单等待成交...
2026-04-10 21:51:06,044 | [状态] 有挂单等待成交...
2026-04-10 21:51:06,330 | [状态] 有挂单等待成交...
2026-04-10 21:51:06,427 | [状态] 有挂单等待成交...
2026-04-10 21:51:06,487 | [状态] 有挂单等待成交...
2026-04-10 21:51:06,641 | [状态] 有挂单等待成交...
2026-04-10 21:51:06,753 | [状态] 有挂单等待成交...
2026-04-10 21:51:06,921 | [状态] 有挂单等待成交...
2026-04-10 21:51:06,987 | [状态] 有挂单等待成交...
2026-04-10 21:51:07,015 | [状态] 有挂单等待成交...
2026-04-10 21:51:08,588 | [状态] 有挂单等待成交...
2026-04-10 21:51:08,590 | [状态] 有挂单等待成交...
2026-04-10 21:51:08,590 | [状态] 有挂单等待成交...
2026-04-10 21:51:08,592 | [状态] 有挂单等待成交...
2026-04-10 21:51:08,759 | [状态] 有挂单等待成交...
2026-04-10 21:51:08,911 | [状态] 有挂单等待成交...
2026-04-10 21:51:08,994 | [状态] 有挂单等待成交...
2026-04-10 21:51:08,995 | [状态] 有挂单等待成交...
2026-04-10 21:51:09,149 | [价格] 72162.8
2026-04-10 21:51:09,149 | [状态] 有挂单等待成交...
2026-04-10 21:51:09,307 | [状态] 有挂单等待成交...
2026-04-10 21:51:09,960 | [状态] 有挂单等待成交...
2026-04-10 21:51:10,097 | [状态] 有挂单等待成交...
2026-04-10 21:51:11,170 | [状态] 有挂单等待成交...
2026-04-10 21:51:11,581 | [状态] 有挂单等待成交...
2026-04-10 21:51:11,582 | [状态] 有挂单等待成交...
2026-04-10 21:51:12,610 | [持仓监控] short | 数量:0.008 | 价值:577.31U | 均价:72185.7 | 浮盈:0.18U | 杠杆:20.0x
2026-04-10 21:51:13,524 | [状态] 有挂单等待成交...
2026-04-10 21:51:13,525 | [状态] 有挂单等待成交...
2026-04-10 21:51:15,410 | [撤单]
2026-04-10 21:51:15,411 | [价格] 72162.8
2026-04-10 21:51:20,500 | [价格] 72144.7
2026-04-10 21:51:22,411 | [持仓监控] short | 数量:0.008 | 价值:577.02U | 均价:72185.7 | 浮盈:0.47U | 杠杆:20.0x
2026-04-10 21:51:25,565 | [价格] 72121.2
2026-04-10 21:51:30,742 | [价格] 72116.5
2026-04-10 21:51:32,167 | [持仓监控] short | 数量:0.008 | 价值:576.96U | 均价:72185.7 | 浮盈:0.52U | 杠杆:20.0x
2026-04-10 21:51:35,996 | [价格] 72120.2
2026-04-10 21:51:41,097 | [价格] 72123.0
2026-04-10 21:51:42,149 | [持仓监控] short | 数量:0.008 | 价值:576.98U | 均价:72185.7 | 浮盈:0.50U | 杠杆:20.0x
2026-04-10 21:51:42,571 | ✅ 挂单成功 {'orderId': 13026777596, 'symbol': 'BTCUSDT', 'status': 'NEW', 'clientOrderId': 'bnuoGBkBmZd7E9FX16Vlqq', 'price': '72123.50', 'avgPrice': '0.00', 'origQty': '0.0040', 'executedQty': '0.0000', 'cumQty': '0.0000', 'cumQuote': '0.000000', 'timeInForce': 'GTC', 'type': 'LIMIT', 'reduceOnly': False, 'closePosition': False, 'side': 'BUY', 'positionSide': 'BOTH', 'stopPrice': '0.00', 'workingType': 'CONTRACT_PRICE', 'priceProtect': False, 'origType': 'LIMIT', 'priceMatch': 'NONE', 'selfTradePreventionMode': 'EXPIRE_MAKER', 'goodTillDate': 0, 'updateTime': 1775829101637}
2026-04-10 21:51:42,576 | [状态] 有挂单等待成交...
2026-04-10 21:51:42,576 | [状态] 有挂单等待成交...
2026-04-10 21:51:42,576 | [状态] 有挂单等待成交...
2026-04-10 21:51:42,576 | [状态] 有挂单等待成交...
2026-04-10 21:51:42,637 | [状态] 有挂单等待成交...
2026-04-10 21:51:44,458 | [状态] 有挂单等待成交...
2026-04-10 21:51:44,460 | [状态] 有挂单等待成交...
2026-04-10 21:51:44,460 | [状态] 有挂单等待成交...
2026-04-10 21:51:44,460 | [状态] 有挂单等待成交...
2026-04-10 21:51:46,093 | [撤单]
2026-04-10 21:51:46,097 | [价格] 72108.1
2026-04-10 21:51:48,367 | ✅ 挂单成功 {'orderId': 13026777846, 'symbol': 'BTCUSDT', 'status': 'NEW', 'clientOrderId': 'hWA0540PYZiLN25Aap1lxI', 'price': '72115.10', 'avgPrice': '0.00', 'origQty': '0.0040', 'executedQty': '0.0000', 'cumQty': '0.0000', 'cumQuote': '0.000000', 'timeInForce': 'GTC', 'type': 'LIMIT', 'reduceOnly': False, 'closePosition': False, 'side': 'BUY', 'positionSide': 'BOTH', 'stopPrice': '0.00', 'workingType': 'CONTRACT_PRICE', 'priceProtect': False, 'origType': 'LIMIT', 'priceMatch': 'NONE', 'selfTradePreventionMode': 'EXPIRE_MAKER', 'goodTillDate': 0, 'updateTime': 1775829107454}
2026-04-10 21:51:49,893 | [状态] 有挂单等待成交...
2026-04-10 21:51:49,893 | [状态] 有挂单等待成交...
2026-04-10 21:51:49,894 | [状态] 有挂单等待成交...
2026-04-10 21:51:49,894 | [状态] 有挂单等待成交...
2026-04-10 21:51:49,895 | [状态] 有挂单等待成交...
2026-04-10 21:51:49,896 | [状态] 有挂单等待成交...
2026-04-10 21:51:49,897 | [状态] 有挂单等待成交...
2026-04-10 21:51:49,897 | [状态] 有挂单等待成交...
2026-04-10 21:51:49,898 | [状态] 有挂单等待成交...
2026-04-10 21:51:49,898 | [状态] 有挂单等待成交...
2026-04-10 21:51:51,625 | [撤单]
2026-04-10 21:51:51,926 | [持仓监控] 无持仓
2026-04-10 21:51:53,149 | ✅ 挂单成功 {'orderId': 13026778226, 'symbol': 'BTCUSDT', 'status': 'NEW', 'clientOrderId': 'R9offsUScE0vzrtIjGhOfn', 'price': '72123.30', 'avgPrice': '0.00', 'origQty': '0.0040', 'executedQty': '0.0000', 'cumQty': '0.0000', 'cumQuote': '0.000000', 'timeInForce': 'GTC', 'type': 'LIMIT', 'reduceOnly': False, 'closePosition': False, 'side': 'SELL', 'positionSide': 'BOTH', 'stopPrice': '0.00', 'workingType': 'CONTRACT_PRICE', 'priceProtect': False, 'origType': 'LIMIT', 'priceMatch': 'NONE', 'selfTradePreventionMode': 'EXPIRE_MAKER', 'goodTillDate': 0, 'updateTime': 1775829112210}
2026-04-10 21:51:53,150 | [价格] 72115.1
2026-04-10 21:51:54,731 | [状态] 有挂单等待成交...
2026-04-10 21:51:54,732 | [状态] 有挂单等待成交...
2026-04-10 21:51:54,732 | [状态] 有挂单等待成交...
2026-04-10 21:51:56,540 | [撤单]
2026-04-10 21:51:57,989 | ✅ 挂单成功 {'orderId': 13026778460, 'symbol': 'BTCUSDT', 'status': 'NEW', 'clientOrderId': 'uNlCaM4TdMXW7IodV055xs', 'price': '72123.50', 'avgPrice': '0.00', 'origQty': '0.0040', 'executedQty': '0.0000', 'cumQty': '0.0000', 'cumQuote': '0.000000', 'timeInForce': 'GTC', 'type': 'LIMIT', 'reduceOnly': False, 'closePosition': False, 'side': 'BUY', 'positionSide': 'BOTH', 'stopPrice': '0.00', 'workingType': 'CONTRACT_PRICE', 'priceProtect': False, 'origType': 'LIMIT', 'priceMatch': 'NONE', 'selfTradePreventionMode': 'EXPIRE_MAKER', 'goodTillDate': 0, 'updateTime': 1775829117064}
2026-04-10 21:51:59,457 | [状态] 有挂单等待成交...
2026-04-10 21:51:59,457 | [价格] 72123.9
2026-04-10 21:51:59,458 | [状态] 有挂单等待成交...
2026-04-10 21:51:59,458 | [状态] 有挂单等待成交...
2026-04-10 21:51:59,458 | [状态] 有挂单等待成交...
2026-04-10 21:51:59,459 | [状态] 有挂单等待成交...
2026-04-10 21:52:01,324 | [撤单]
2026-04-10 21:52:01,836 | [持仓监控] long | 数量:0.004 | 价值:288.44U | 均价:72123.2 | 浮盈:-0.06U | 杠杆:20.0x
2026-04-10 21:52:03,086 | ✅ 挂单成功 {'orderId': 13026778589, 'symbol': 'BTCUSDT', 'status': 'NEW', 'clientOrderId': 'u6QJgSZwEp9dnqkZorFkNx', 'price': '72114.50', 'avgPrice': '0.00', 'origQty': '0.0040', 'executedQty': '0.0000', 'cumQty': '0.0000', 'cumQuote': '0.000000', 'timeInForce': 'GTC', 'type': 'LIMIT', 'reduceOnly': False, 'closePosition': False, 'side': 'BUY', 'positionSide': 'BOTH', 'stopPrice': '0.00', 'workingType': 'CONTRACT_PRICE', 'priceProtect': False, 'origType': 'LIMIT', 'priceMatch': 'NONE', 'selfTradePreventionMode': 'EXPIRE_MAKER', 'goodTillDate': 0, 'updateTime': 1775829122184}
2026-04-10 21:52:04,590 | [状态] 有挂单等待成交...
2026-04-10 21:52:04,591 | [价格] 72114.2
2026-04-10 21:52:04,592 | [状态] 有挂单等待成交...
2026-04-10 21:52:04,592 | [状态] 有挂单等待成交...
2026-04-10 21:52:04,592 | [状态] 有挂单等待成交...
2026-04-10 21:52:04,593 | [状态] 有挂单等待成交...
2026-04-10 21:52:04,593 | [状态] 有挂单等待成交...
2026-04-10 21:52:04,594 | [状态] 有挂单等待成交...
2026-04-10 21:52:04,595 | [状态] 有挂单等待成交...
2026-04-10 21:52:04,595 | [状态] 有挂单等待成交...
2026-04-10 21:52:04,596 | [状态] 有挂单等待成交...
2026-04-10 21:52:04,596 | [状态] 有挂单等待成交...
2026-04-10 21:52:04,596 | [状态] 有挂单等待成交...
2026-04-10 21:52:04,597 | [状态] 有挂单等待成交...
2026-04-10 21:52:04,598 | [状态] 有挂单等待成交...
2026-04-10 21:52:04,599 | [状态] 有挂单等待成交...
2026-04-10 21:52:04,599 | [状态] 有挂单等待成交...
2026-04-10 21:52:04,601 | [状态] 有挂单等待成交...
2026-04-10 21:52:04,885 | [状态] 有挂单等待成交...
2026-04-10 21:52:04,979 | [状态] 有挂单等待成交...
2026-04-10 21:52:05,156 | [状态] 有挂单等待成交...
2026-04-10 21:52:05,840 | [状态] 有挂单等待成交...
2026-04-10 21:52:05,964 | [状态] 有挂单等待成交...
2026-04-10 21:52:06,209 | [状态] 有挂单等待成交...
2026-04-10 21:52:06,531 | [状态] 有挂单等待成交...
2026-04-10 21:52:06,992 | [状态] 有挂单等待成交...
2026-04-10 21:52:09,136 | [状态] 有挂单等待成交...
2026-04-10 21:52:09,136 | [状态] 有挂单等待成交...
2026-04-10 21:52:09,137 | [状态] 有挂单等待成交...
2026-04-10 21:52:09,137 | [状态] 有挂单等待成交...
2026-04-10 21:52:09,518 | [状态] 有挂单等待成交...
2026-04-10 21:52:09,997 | [价格] 72122.0
2026-04-10 21:52:09,997 | [状态] 有挂单等待成交...
2026-04-10 21:52:10,042 | [状态] 有挂单等待成交...
2026-04-10 21:52:10,313 | [状态] 有挂单等待成交...
2026-04-10 21:52:11,035 | [状态] 有挂单等待成交...
2026-04-10 21:52:11,621 | [持仓监控] long | 数量:0.008 | 价值:576.91U | 均价:72118.7 | 浮盈:-0.04U | 杠杆:20.0x
2026-04-10 21:52:11,709 | [状态] 有挂单等待成交...
2026-04-10 21:52:14,316 | [状态] 有挂单等待成交...
2026-04-10 21:52:14,318 | [状态] 有挂单等待成交...
2026-04-10 21:52:14,318 | [状态] 有挂单等待成交...
2026-04-10 21:52:14,318 | [状态] 有挂单等待成交...
2026-04-10 21:52:14,318 | [状态] 有挂单等待成交...
2026-04-10 21:52:14,318 | [状态] 有挂单等待成交...
2026-04-10 21:52:14,318 | [状态] 有挂单等待成交...
2026-04-10 21:52:14,320 | [状态] 有挂单等待成交...
2026-04-10 21:52:14,320 | [状态] 有挂单等待成交...
2026-04-10 21:52:14,322 | [状态] 有挂单等待成交...
2026-04-10 21:52:14,322 | [状态] 有挂单等待成交...
2026-04-10 21:52:14,324 | [状态] 有挂单等待成交...
2026-04-10 21:52:14,324 | [状态] 有挂单等待成交...
2026-04-10 21:52:14,643 | [状态] 有挂单等待成交...
2026-04-10 21:52:15,140 | [价格] 72114.1
2026-04-10 21:52:15,140 | [状态] 有挂单等待成交...
2026-04-10 21:52:15,457 | [状态] 有挂单等待成交...
2026-04-10 21:52:15,972 | [状态] 有挂单等待成交...
2026-04-10 21:52:16,419 | [状态] 有挂单等待成交...
2026-04-10 21:52:16,584 | [状态] 有挂单等待成交...
2026-04-10 21:52:19,199 | [状态] 有挂单等待成交...
2026-04-10 21:52:19,200 | [状态] 有挂单等待成交...
2026-04-10 21:52:19,201 | [状态] 有挂单等待成交...
2026-04-10 21:52:19,201 | [状态] 有挂单等待成交...
2026-04-10 21:52:19,202 | [状态] 有挂单等待成交...
2026-04-10 21:52:19,203 | [状态] 有挂单等待成交...
2026-04-10 21:52:19,204 | [状态] 有挂单等待成交...
2026-04-10 21:52:19,464 | [状态] 有挂单等待成交...
2026-04-10 21:52:19,617 | [状态] 有挂单等待成交...
2026-04-10 21:52:19,832 | [状态] 有挂单等待成交...
2026-04-10 21:52:20,083 | [状态] 有挂单等待成交...
2026-04-10 21:52:20,317 | [价格] 72114.2
2026-04-10 21:52:20,317 | [状态] 有挂单等待成交...
2026-04-10 21:52:20,562 | [状态] 有挂单等待成交...
2026-04-10 21:52:21,034 | [状态] 有挂单等待成交...
2026-04-10 21:52:21,541 | [持仓监控] long | 数量:0.008 | 价值:576.91U | 均价:72118.7 | 浮盈:-0.04U | 杠杆:20.0x
2026-04-10 21:52:21,896 | [状态] 有挂单等待成交...
2026-04-10 21:52:21,970 | [状态] 有挂单等待成交...
2026-04-10 21:52:22,135 | [状态] 有挂单等待成交...
2026-04-10 21:52:24,292 | [状态] 有挂单等待成交...
2026-04-10 21:52:24,294 | [状态] 有挂单等待成交...
2026-04-10 21:52:24,296 | [状态] 有挂单等待成交...
2026-04-10 21:52:24,296 | [状态] 有挂单等待成交...
2026-04-10 21:52:24,297 | [状态] 有挂单等待成交...
2026-04-10 21:52:24,385 | [状态] 有挂单等待成交...
2026-04-10 21:52:24,785 | [状态] 有挂单等待成交...
2026-04-10 21:52:25,005 | [状态] 有挂单等待成交...
2026-04-10 21:52:25,415 | [价格] 72114.2
2026-04-10 21:52:25,415 | [状态] 有挂单等待成交...
2026-04-10 21:52:25,416 | [状态] 有挂单等待成交...
2026-04-10 21:52:25,430 | [状态] 有挂单等待成交...
2026-04-10 21:52:25,442 | [状态] 有挂单等待成交...
2026-04-10 21:52:25,451 | [状态] 有挂单等待成交...
2026-04-10 21:52:25,452 | [状态] 有挂单等待成交...
2026-04-10 21:52:25,464 | [状态] 有挂单等待成交...
2026-04-10 21:52:25,474 | [状态] 有挂单等待成交...
2026-04-10 21:52:25,483 | [状态] 有挂单等待成交...
2026-04-10 21:52:25,609 | [状态] 有挂单等待成交...
2026-04-10 21:52:25,964 | [状态] 有挂单等待成交...
2026-04-10 21:52:26,349 | [状态] 有挂单等待成交...
2026-04-10 21:52:27,278 | [状态] 有挂单等待成交...
2026-04-10 21:52:29,346 | [状态] 有挂单等待成交...
2026-04-10 21:52:29,347 | [状态] 有挂单等待成交...
2026-04-10 21:52:29,347 | [状态] 有挂单等待成交...
2026-04-10 21:52:29,348 | [状态] 有挂单等待成交...
2026-04-10 21:52:29,349 | [状态] 有挂单等待成交...
2026-04-10 21:52:29,350 | [状态] 有挂单等待成交...
2026-04-10 21:52:29,350 | [状态] 有挂单等待成交...
2026-04-10 21:52:29,351 | [状态] 有挂单等待成交...
2026-04-10 21:52:29,351 | [状态] 有挂单等待成交...
2026-04-10 21:52:29,351 | [状态] 有挂单等待成交...
2026-04-10 21:52:29,971 | [状态] 有挂单等待成交...
2026-04-10 21:52:30,788 | [价格] 72115.5
2026-04-10 21:52:30,788 | [状态] 有挂单等待成交...
2026-04-10 21:52:30,788 | [状态] 有挂单等待成交...
2026-04-10 21:52:30,788 | [状态] 有挂单等待成交...
2026-04-10 21:52:30,788 | [状态] 有挂单等待成交...
2026-04-10 21:52:30,789 | [状态] 有挂单等待成交...
2026-04-10 21:52:30,844 | [状态] 有挂单等待成交...
2026-04-10 21:52:30,983 | [状态] 有挂单等待成交...
2026-04-10 21:52:31,006 | [状态] 有挂单等待成交...
2026-04-10 21:52:31,041 | [持仓监控] long | 数量:0.008 | 价值:577.29U | 均价:72118.7 | 浮盈:0.34U | 杠杆:20.0x
2026-04-10 21:52:31,121 | [状态] 有挂单等待成交...
2026-04-10 21:52:31,381 | [状态] 有挂单等待成交...
2026-04-10 21:52:32,278 | [状态] 有挂单等待成交...
2026-04-10 21:52:32,295 | [状态] 有挂单等待成交...
2026-04-10 21:52:32,298 | [状态] 有挂单等待成交...
2026-04-10 21:52:34,342 | [状态] 有挂单等待成交...
2026-04-10 21:52:34,345 | [状态] 有挂单等待成交...
2026-04-10 21:52:34,345 | [状态] 有挂单等待成交...
2026-04-10 21:52:34,345 | [状态] 有挂单等待成交...
2026-04-10 21:52:34,346 | [状态] 有挂单等待成交...
2026-04-10 21:52:34,346 | [状态] 有挂单等待成交...
2026-04-10 21:52:34,346 | [状态] 有挂单等待成交...
2026-04-10 21:52:34,348 | [状态] 有挂单等待成交...
2026-04-10 21:52:34,348 | [状态] 有挂单等待成交...
2026-04-10 21:52:34,348 | [状态] 有挂单等待成交...
2026-04-10 21:52:34,348 | [状态] 有挂单等待成交...
2026-04-10 21:52:34,349 | [状态] 有挂单等待成交...
2026-04-10 21:52:34,528 | [状态] 有挂单等待成交...
2026-04-10 21:52:35,170 | [状态] 有挂单等待成交...
2026-04-10 21:52:36,095 | [价格] 72121.9
2026-04-10 21:52:36,096 | [状态] 有挂单等待成交...
2026-04-10 21:52:36,977 | [状态] 有挂单等待成交...
2026-04-10 21:52:36,978 | [状态] 有挂单等待成交...
2026-04-10 21:52:37,038 | [状态] 有挂单等待成交...
2026-04-10 21:52:37,110 | [状态] 有挂单等待成交...
2026-04-10 21:52:39,949 | [状态] 有挂单等待成交...
2026-04-10 21:52:39,949 | [状态] 有挂单等待成交...
2026-04-10 21:52:39,950 | [状态] 有挂单等待成交...
2026-04-10 21:52:39,950 | [状态] 有挂单等待成交...
2026-04-10 21:52:39,950 | [状态] 有挂单等待成交...
2026-04-10 21:52:39,950 | [状态] 有挂单等待成交...
2026-04-10 21:52:39,950 | [状态] 有挂单等待成交...
2026-04-10 21:52:39,950 | [状态] 有挂单等待成交...
2026-04-10 21:52:39,950 | [状态] 有挂单等待成交...
2026-04-10 21:52:39,951 | [状态] 有挂单等待成交...
2026-04-10 21:52:39,951 | [状态] 有挂单等待成交...
2026-04-10 21:52:39,951 | [状态] 有挂单等待成交...
2026-04-10 21:52:39,952 | [状态] 有挂单等待成交...
2026-04-10 21:52:39,952 | [状态] 有挂单等待成交...
2026-04-10 21:52:39,953 | [状态] 有挂单等待成交...
2026-04-10 21:52:40,006 | [状态] 有挂单等待成交...
2026-04-10 21:52:40,283 | [状态] 有挂单等待成交...
2026-04-10 21:52:40,856 | [持仓监控] long | 数量:0.004 | 价值:288.53U | 均价:72118.7 | 浮盈:0.05U | 杠杆:20.0x
2026-04-10 21:52:40,871 | [状态] 有挂单等待成交...
2026-04-10 21:52:40,872 | [状态] 有挂单等待成交...
2026-04-10 21:52:41,034 | [状态] 有挂单等待成交...
2026-04-10 21:52:41,188 | [价格] 72113.8
2026-04-10 21:52:41,189 | [状态] 有挂单等待成交...
2026-04-10 21:52:41,354 | [状态] 有挂单等待成交...
2026-04-10 21:52:42,741 | [状态] 有挂单等待成交...
2026-04-10 21:52:44,411 | [状态] 有挂单等待成交...
2026-04-10 21:52:44,412 | [状态] 有挂单等待成交...
2026-04-10 21:52:45,856 | [撤单]
2026-04-10 21:52:46,258 | [价格] 72139.8
2026-04-10 21:52:50,896 | [持仓监控] long | 数量:0.004 | 价值:288.59U | 均价:72118.7 | 浮盈:0.11U | 杠杆:20.0x
2026-04-10 21:52:51,306 | [价格] 72146.7
2026-04-10 21:52:53,774 | ✅ 挂单成功 {'orderId': 13026779812, 'symbol': 'BTCUSDT', 'status': 'NEW', 'clientOrderId': 'LEAIJ5jOsNWYPejQvqGc24', 'price': '72145.90', 'avgPrice': '0.00', 'origQty': '0.0040', 'executedQty': '0.0000', 'cumQty': '0.0000', 'cumQuote': '0.000000', 'timeInForce': 'GTC', 'type': 'LIMIT', 'reduceOnly': False, 'closePosition': False, 'side': 'SELL', 'positionSide': 'BOTH', 'stopPrice': '0.00', 'workingType': 'CONTRACT_PRICE', 'priceProtect': False, 'origType': 'LIMIT', 'priceMatch': 'NONE', 'selfTradePreventionMode': 'EXPIRE_MAKER', 'goodTillDate': 0, 'updateTime': 1775829172849}
2026-04-10 21:52:57,118 | [撤单]
2026-04-10 21:52:57,119 | [价格] 72146.3
2026-04-10 21:52:58,572 | ✅ 挂单成功 {'orderId': 13026780024, 'symbol': 'BTCUSDT', 'status': 'NEW', 'clientOrderId': 'XkahQZ3zrtxXfDWh1NkzIU', 'price': '72144.30', 'avgPrice': '0.00', 'origQty': '0.0040', 'executedQty': '0.0000', 'cumQty': '0.0000', 'cumQuote': '0.000000', 'timeInForce': 'GTC', 'type': 'LIMIT', 'reduceOnly': False, 'closePosition': False, 'side': 'BUY', 'positionSide': 'BOTH', 'stopPrice': '0.00', 'workingType': 'CONTRACT_PRICE', 'priceProtect': False, 'origType': 'LIMIT', 'priceMatch': 'NONE', 'selfTradePreventionMode': 'EXPIRE_MAKER', 'goodTillDate': 0, 'updateTime': 1775829177625}
2026-04-10 21:53:00,292 | [状态] 有挂单等待成交...
2026-04-10 21:53:00,293 | [状态] 有挂单等待成交...
2026-04-10 21:53:00,294 | [状态] 有挂单等待成交...
2026-04-10 21:53:00,296 | [状态] 有挂单等待成交...
2026-04-10 21:53:00,297 | [状态] 有挂单等待成交...
2026-04-10 21:53:00,298 | [状态] 有挂单等待成交...
2026-04-10 21:53:00,298 | [状态] 有挂单等待成交...
2026-04-10 21:53:00,299 | [状态] 有挂单等待成交...
2026-04-10 21:53:00,299 | [状态] 有挂单等待成交...
2026-04-10 21:53:00,301 | [状态] 有挂单等待成交...
2026-04-10 21:53:00,707 | [持仓监控] 无持仓
2026-04-10 21:53:01,796 | [撤单]
2026-04-10 21:53:03,290 | ✅ 挂单成功 {'orderId': 13026780109, 'symbol': 'BTCUSDT', 'status': 'NEW', 'clientOrderId': 'm5He3eioACjXThaHgdjx3G', 'price': '72153.30', 'avgPrice': '0.00', 'origQty': '0.0040', 'executedQty': '0.0000', 'cumQty': '0.0000', 'cumQuote': '0.000000', 'timeInForce': 'GTC', 'type': 'LIMIT', 'reduceOnly': False, 'closePosition': False, 'side': 'SELL', 'positionSide': 'BOTH', 'stopPrice': '0.00', 'workingType': 'CONTRACT_PRICE', 'priceProtect': False, 'origType': 'LIMIT', 'priceMatch': 'NONE', 'selfTradePreventionMode': 'EXPIRE_MAKER', 'goodTillDate': 0, 'updateTime': 1775829182382}
2026-04-10 21:53:03,291 | [价格] 72154.3
2026-04-10 21:53:03,291 | [状态] 有挂单等待成交...
2026-04-10 21:53:03,292 | [状态] 有挂单等待成交...
2026-04-10 21:53:05,091 | [状态] 有挂单等待成交...
2026-04-10 21:53:05,091 | [状态] 有挂单等待成交...
2026-04-10 21:53:05,092 | [状态] 有挂单等待成交...
2026-04-10 21:53:05,093 | [状态] 有挂单等待成交...
2026-04-10 21:53:05,095 | [状态] 有挂单等待成交...
2026-04-10 21:53:05,096 | [状态] 有挂单等待成交...
2026-04-10 21:53:05,096 | [状态] 有挂单等待成交...
2026-04-10 21:53:05,096 | [状态] 有挂单等待成交...
2026-04-10 21:53:05,096 | [状态] 有挂单等待成交...
2026-04-10 21:53:05,096 | [状态] 有挂单等待成交...
2026-04-10 21:53:05,097 | [状态] 有挂单等待成交...
2026-04-10 21:53:05,097 | [状态] 有挂单等待成交...
2026-04-10 21:53:05,098 | [状态] 有挂单等待成交...
2026-04-10 21:53:05,099 | [状态] 有挂单等待成交...
2026-04-10 21:53:05,099 | [状态] 有挂单等待成交...
2026-04-10 21:53:05,100 | [状态] 有挂单等待成交...
2026-04-10 21:53:05,100 | [状态] 有挂单等待成交...
2026-04-10 21:53:05,101 | [状态] 有挂单等待成交...
2026-04-10 21:53:05,102 | [状态] 有挂单等待成交...
2026-04-10 21:53:05,168 | [状态] 有挂单等待成交...
2026-04-10 21:53:05,426 | [状态] 有挂单等待成交...
2026-04-10 21:53:05,643 | [状态] 有挂单等待成交...
2026-04-10 21:53:05,738 | [状态] 有挂单等待成交...
2026-04-10 21:53:05,896 | [状态] 有挂单等待成交...
2026-04-10 21:53:06,113 | [状态] 有挂单等待成交...
2026-04-10 21:53:06,483 | [状态] 有挂单等待成交...
2026-04-10 21:53:06,643 | [状态] 有挂单等待成交...
2026-04-10 21:53:06,992 | [状态] 有挂单等待成交...
2026-04-10 21:53:07,069 | [状态] 有挂单等待成交...
2026-04-10 21:53:07,419 | [状态] 有挂单等待成交...
2026-04-10 21:53:09,714 | [状态] 有挂单等待成交...
2026-04-10 21:53:09,715 | [价格] 72154.3
2026-04-10 21:53:09,715 | [状态] 有挂单等待成交...
2026-04-10 21:53:09,715 | [状态] 有挂单等待成交...
2026-04-10 21:53:09,715 | [状态] 有挂单等待成交...
2026-04-10 21:53:09,716 | [状态] 有挂单等待成交...
2026-04-10 21:53:09,717 | [状态] 有挂单等待成交...
2026-04-10 21:53:09,722 | [状态] 有挂单等待成交...
2026-04-10 21:53:09,997 | [状态] 有挂单等待成交...
2026-04-10 21:53:10,314 | [状态] 有挂单等待成交...
2026-04-10 21:53:10,526 | [持仓监控] short | 数量:0.004 | 价值:288.62U | 均价:72153.3 | 浮盈:-0.00U | 杠杆:20.0x
2026-04-10 21:53:10,566 | [状态] 有挂单等待成交...
2026-04-10 21:53:10,912 | [状态] 有挂单等待成交...
2026-04-10 21:53:11,068 | [状态] 有挂单等待成交...
2026-04-10 21:53:11,428 | [状态] 有挂单等待成交...
2026-04-10 21:53:12,323 | [状态] 有挂单等待成交...
2026-04-10 21:53:12,469 | [状态] 有挂单等待成交...
2026-04-10 21:53:14,421 | [状态] 有挂单等待成交...
2026-04-10 21:53:14,421 | [状态] 有挂单等待成交...
2026-04-10 21:53:14,421 | [状态] 有挂单等待成交...
2026-04-10 21:53:14,422 | [状态] 有挂单等待成交...
2026-04-10 21:53:14,423 | [状态] 有挂单等待成交...
2026-04-10 21:53:14,423 | [状态] 有挂单等待成交...
2026-04-10 21:53:14,424 | [状态] 有挂单等待成交...
2026-04-10 21:53:14,525 | [状态] 有挂单等待成交...
2026-04-10 21:53:14,548 | [状态] 有挂单等待成交...
2026-04-10 21:53:14,633 | [状态] 有挂单等待成交...
2026-04-10 21:53:14,633 | [状态] 有挂单等待成交...
2026-04-10 21:53:14,791 | [价格] 72155.8
2026-04-10 21:53:14,791 | [状态] 有挂单等待成交...
2026-04-10 21:53:15,031 | [状态] 有挂单等待成交...
2026-04-10 21:53:15,282 | [状态] 有挂单等待成交...
2026-04-10 21:53:15,713 | [状态] 有挂单等待成交...
2026-04-10 21:53:15,882 | [状态] 有挂单等待成交...
2026-04-10 21:53:15,988 | [状态] 有挂单等待成交...
2026-04-10 21:53:16,105 | [状态] 有挂单等待成交...
2026-04-10 21:53:16,185 | [状态] 有挂单等待成交...
2026-04-10 21:53:16,335 | [状态] 有挂单等待成交...
2026-04-10 21:53:16,530 | [状态] 有挂单等待成交...
2026-04-10 21:53:16,712 | [状态] 有挂单等待成交...
2026-04-10 21:53:16,917 | [状态] 有挂单等待成交...
2026-04-10 21:53:17,089 | [状态] 有挂单等待成交...
2026-04-10 21:53:19,156 | [状态] 有挂单等待成交...
2026-04-10 21:53:19,157 | [状态] 有挂单等待成交...
2026-04-10 21:53:19,157 | [状态] 有挂单等待成交...
2026-04-10 21:53:19,159 | [状态] 有挂单等待成交...
2026-04-10 21:53:19,159 | [状态] 有挂单等待成交...
2026-04-10 21:53:19,159 | [状态] 有挂单等待成交...
2026-04-10 21:53:19,161 | [状态] 有挂单等待成交...
2026-04-10 21:53:19,162 | [状态] 有挂单等待成交...
2026-04-10 21:53:19,162 | [状态] 有挂单等待成交...
2026-04-10 21:53:19,163 | [状态] 有挂单等待成交...
2026-04-10 21:53:19,164 | [状态] 有挂单等待成交...
2026-04-10 21:53:19,164 | [状态] 有挂单等待成交...
2026-04-10 21:53:19,164 | [状态] 有挂单等待成交...
2026-04-10 21:53:19,165 | [状态] 有挂单等待成交...
2026-04-10 21:53:19,165 | [状态] 有挂单等待成交...
2026-04-10 21:53:19,165 | [状态] 有挂单等待成交...
2026-04-10 21:53:19,165 | [状态] 有挂单等待成交...
2026-04-10 21:53:19,165 | [状态] 有挂单等待成交...
2026-04-10 21:53:19,165 | [状态] 有挂单等待成交...
2026-04-10 21:53:19,166 | [状态] 有挂单等待成交...
2026-04-10 21:53:19,166 | [状态] 有挂单等待成交...
2026-04-10 21:53:19,584 | [状态] 有挂单等待成交...
2026-04-10 21:53:19,703 | [状态] 有挂单等待成交...
2026-04-10 21:53:19,834 | [价格] 72153.4
2026-04-10 21:53:19,834 | [状态] 有挂单等待成交...
2026-04-10 21:53:20,223 | [状态] 有挂单等待成交...
2026-04-10 21:53:20,390 | [状态] 有挂单等待成交...
2026-04-10 21:53:20,425 | [持仓监控] short | 数量:0.004 | 价值:288.65U | 均价:72153.3 | 浮盈:-0.03U | 杠杆:20.0x
2026-04-10 21:53:20,579 | [状态] 有挂单等待成交...
2026-04-10 21:53:20,973 | [状态] 有挂单等待成交...
2026-04-10 21:53:21,699 | [状态] 有挂单等待成交...
2026-04-10 21:53:21,952 | [状态] 有挂单等待成交...
2026-04-10 21:53:23,721 | [状态] 有挂单等待成交...
2026-04-10 21:53:23,721 | [状态] 有挂单等待成交...
2026-04-10 21:53:23,722 | [状态] 有挂单等待成交...
2026-04-10 21:53:23,722 | [状态] 有挂单等待成交...
2026-04-10 21:53:23,724 | [状态] 有挂单等待成交...
2026-04-10 21:53:23,745 | [状态] 有挂单等待成交...
2026-04-10 21:53:24,015 | [状态] 有挂单等待成交...
2026-04-10 21:53:24,330 | [状态] 有挂单等待成交...
2026-04-10 21:53:24,701 | [状态] 有挂单等待成交...
2026-04-10 21:53:24,898 | [价格] 72164.4
2026-04-10 21:53:24,898 | [状态] 有挂单等待成交...
2026-04-10 21:53:24,929 | [状态] 有挂单等待成交...
2026-04-10 21:53:24,970 | [状态] 有挂单等待成交...
2026-04-10 21:53:24,980 | [状态] 有挂单等待成交...
2026-04-10 21:53:25,095 | [状态] 有挂单等待成交...
2026-04-10 21:53:25,495 | [状态] 有挂单等待成交...
2026-04-10 21:53:25,845 | [状态] 有挂单等待成交...
2026-04-10 21:53:26,128 | [状态] 有挂单等待成交...
2026-04-10 21:53:26,555 | [状态] 有挂单等待成交...
2026-04-10 21:53:28,599 | [状态] 有挂单等待成交...
2026-04-10 21:53:28,600 | [状态] 有挂单等待成交...
2026-04-10 21:53:28,603 | [状态] 有挂单等待成交...
2026-04-10 21:53:28,603 | [状态] 有挂单等待成交...
2026-04-10 21:53:28,603 | [状态] 有挂单等待成交...
2026-04-10 21:53:28,603 | [状态] 有挂单等待成交...
2026-04-10 21:53:28,605 | [状态] 有挂单等待成交...
2026-04-10 21:53:28,917 | [状态] 有挂单等待成交...
2026-04-10 21:53:28,917 | [状态] 有挂单等待成交...
2026-04-10 21:53:28,917 | [状态] 有挂单等待成交...
2026-04-10 21:53:28,917 | [状态] 有挂单等待成交...
2026-04-10 21:53:28,919 | [状态] 有挂单等待成交...
2026-04-10 21:53:28,919 | [状态] 有挂单等待成交...
2026-04-10 21:53:28,923 | [状态] 有挂单等待成交...
2026-04-10 21:53:29,063 | [状态] 有挂单等待成交...
2026-04-10 21:53:29,297 | [状态] 有挂单等待成交...
2026-04-10 21:53:29,537 | [状态] 有挂单等待成交...
2026-04-10 21:53:30,178 | [价格] 72169.1
2026-04-10 21:53:30,178 | [状态] 有挂单等待成交...
2026-04-10 21:53:30,266 | [持仓监控] short | 数量:0.004 | 价值:288.68U | 均价:72153.3 | 浮盈:-0.06U | 杠杆:20.0x
2026-04-10 21:53:30,333 | [状态] 有挂单等待成交...
2026-04-10 21:53:30,710 | [状态] 有挂单等待成交...
2026-04-10 21:53:30,980 | [状态] 有挂单等待成交...
2026-04-10 21:53:31,006 | [状态] 有挂单等待成交...
2026-04-10 21:53:31,022 | [状态] 有挂单等待成交...
2026-04-10 21:53:31,109 | [状态] 有挂单等待成交...
2026-04-10 21:53:31,254 | [状态] 有挂单等待成交...
2026-04-10 21:53:32,233 | [程序退出]
