2026-04-17 23:53:09,291 | ======================================
2026-04-17 23:53:09,292 |  V23 流动性剃头皮策略 (多因子评分增强版) 启动成功
2026-04-17 23:53:09,292 |  当前运行模式: 本地撮合 (测试网行情)
2026-04-17 23:53:09,292 |  策略: 流动性+Sweep+区间评分 | 启动盈利:0.01% | 止损:0.08% | 区间有效期:120秒
2026-04-17 23:53:09,292 | ======================================
2026-04-17 23:53:10,665 | [时间同步] 完成
2026-04-17 23:53:10,666 | [历史K线] 正在拉取初始1分钟和15分钟K线数据...
2026-04-17 23:53:11,990 | [历史K线] 成功加载 14 根 1分钟K线
2026-04-17 23:53:15,519 | [历史K线] 成功加载 2 根 15分钟K线
2026-04-17 23:53:15,521 | [余额同步] 本地模式，初始资金: 10000.0 U
2026-04-17 23:53:15,522 | [本地持仓] None
2026-04-17 23:53:15,694 | [余额同步] 本地模式，初始资金: 10000.0 U
2026-04-17 23:53:15,694 | [账户监控] 无持仓
2026-04-17 23:53:20,462 | Websocket connected
2026-04-17 23:53:20,462 | [WebSocket] 连接成功 ✅ (模式: 本地撮合-测试网行情)
2026-04-17 23:53:20,463 | [状态校准] 正在重新同步持仓与余额，清理幽灵状态...
2026-04-17 23:53:20,463 | [本地持仓] None
2026-04-17 23:53:20,695 | 🚨 WS断流超过10秒，主动断开触发重连！
2026-04-17 23:53:20,963 | [余额同步] 本地模式，初始资金: 10000.0 U
2026-04-17 23:53:20,964 | [WebSocket] 断开，自动重连中...
2026-04-17 23:53:22,471 | Websocket connected
2026-04-17 23:53:22,472 | [WebSocket] 连接成功 ✅ (模式: 本地撮合-测试网行情)
2026-04-17 23:53:22,472 | [状态校准] 正在重新同步持仓与余额，清理幽灵状态...
2026-04-17 23:53:22,472 | [本地持仓] None
2026-04-17 23:53:22,972 | [余额同步] 本地模式，初始资金: 10000.0 U
2026-04-17 23:53:23,288 | [WebSocket] 行情订阅成功 ✅
2026-04-17 23:53:23,694 | [余额同步] 本地模式，初始资金: 10000.0 U
2026-04-17 23:53:23,694 | [账户监控] 无持仓
2026-04-17 23:53:23,941 | [价格] Last:77659.3 | Mark:N/A | 延迟:0.0s | aggDelay:0.0s
2026-04-17 23:53:23,942 | [开仓雷达] 1.震荡市:代码✅(评分:70) | 5K❌ | 2.基础✅(K:14 A:109.3 W:254.7) | 3.盈亏比✅(4.10≥1.3 需W>0.0) | 4.靠轨✅(多:❌ 空:✅) | 5.过滤❌(偏:bear 触:0 向:buy) | 6.时效✅(剩:120s) | ==> 综合: 多🔴 空🔴
2026-04-17 23:53:26,605 | [开仓雷达] 1.震荡市:代码✅(评分:75) | 5K❌ | 2.基础✅(K:14 A:109.3 W:254.7) | 3.盈亏比✅(4.10≥1.3 需W>0.0) | 4.靠轨✅(多:❌ 空:✅) | 5.过滤✅(偏:bear 触:6 向:buy) | 6.时效✅(剩:117s) | ==> 综合: 多🔴 空🔴
2026-04-17 23:53:29,713 | [价格] Last:77650.9 | Mark:77632.9 | 延迟:0.0s | aggDelay:0.0s
2026-04-17 23:53:29,713 | [开仓雷达] 1.震荡市:代码✅(评分:75) | 5K❌ | 2.基础✅(K:14 A:109.3 W:254.7) | 3.盈亏比✅(4.10≥1.3 需W>0.0) | 4.靠轨✅(多:❌ 空:✅) | 5.过滤✅(偏:bear 触:10 向:sell) | 6.时效✅(剩:114s) | ==> 综合: 多🔴 空🟢
2026-04-17 23:53:31,695 | [余额同步] 本地模式，初始资金: 10000.0 U
2026-04-17 23:53:31,695 | [账户监控] 无持仓
2026-04-17 23:53:33,136 | [开仓雷达] 1.震荡市:代码✅(评分:75) | 5K❌ | 2.基础✅(K:14 A:109.3 W:254.7) | 3.盈亏比✅(4.10≥1.3 需W>0.0) | 4.靠轨✅(多:❌ 空:✅) | 5.过滤✅(偏:bear 触:10 向:buy) | 6.时效✅(剩:111s) | ==> 综合: 多🔴 空🔴
2026-04-17 23:53:35,101 | [价格] Last:77667.4 | Mark:77679.4 | 延迟:0.0s | aggDelay:0.0s
2026-04-17 23:53:35,729 | [开仓雷达] 1.震荡市:代码✅(评分:75) | 5K❌ | 2.基础✅(K:14 A:109.3 W:254.7) | 3.盈亏比✅(4.10≥1.3 需W>0.0) | 4.靠轨✅(多:❌ 空:✅) | 5.过滤✅(偏:bear 触:10 向:sell) | 6.时效✅(剩:108s) | ==> 综合: 多🔴 空🟢
2026-04-17 23:53:38,303 | [开仓雷达] 1.震荡市:代码✅(评分:75) | 5K❌ | 2.基础✅(K:14 A:109.3 W:254.7) | 3.盈亏比✅(4.10≥1.3 需W>0.0) | 4.靠轨✅(多:❌ 空:✅) | 5.过滤✅(偏:bear 触:10 向:buy) | 6.时效✅(剩:106s) | ==> 综合: 多🔴 空🔴
2026-04-17 23:53:39,696 | [余额同步] 本地模式，初始资金: 10000.0 U
2026-04-17 23:53:39,696 | [账户监控] 无持仓
2026-04-17 23:53:40,152 | [价格] Last:77687.8 | Mark:77688.0 | 延迟:0.0s | aggDelay:0.5s
2026-04-17 23:53:40,392 | [开仓雷达] 1.震荡市:代码✅(评分:75) | 5K❌ | 2.基础✅(K:14 A:109.3 W:254.7) | 3.盈亏比✅(4.10≥1.3 需W>0.0) | 4.靠轨✅(多:❌ 空:✅) | 5.过滤✅(偏:bear 触:10 向:buy) | 6.时效✅(剩:104s) | ==> 综合: 多🔴 空🔴
2026-04-17 23:53:42,627 | [开仓雷达] 1.震荡市:代码✅(评分:75) | 5K❌ | 2.基础✅(K:14 A:109.3 W:254.7) | 3.盈亏比✅(4.10≥1.3 需W>0.0) | 4.靠轨✅(多:❌ 空:✅) | 5.过滤✅(偏:bear 触:10 向:sell) | 6.时效✅(剩:101s) | ==> 综合: 多🔴 空🟢
2026-04-17 23:53:44,724 | [开仓雷达] 1.震荡市:代码✅(评分:75) | 5K❌ | 2.基础✅(K:14 A:109.3 W:254.7) | 3.盈亏比✅(4.10≥1.3 需W>0.0) | 4.靠轨✅(多:❌ 空:✅) | 5.过滤✅(偏:bull 触:10 向:buy) | 6.时效✅(剩:99s) | ==> 综合: 多🔴 空🔴
2026-04-17 23:53:46,134 | [价格] Last:77711.5 | Mark:77736.0 | 延迟:0.0s | aggDelay:1.3s
2026-04-17 23:53:47,333 | [开仓雷达] 1.震荡市:代码✅(评分:75) | 5K❌ | 2.基础✅(K:14 A:109.3 W:254.7) | 3.盈亏比✅(4.10≥1.3 需W>0.0) | 4.靠轨✅(多:❌ 空:✅) | 5.过滤✅(偏:bull 触:10 向:buy) | 6.时效✅(剩:97s) | ==> 综合: 多🔴 空🔴
2026-04-17 23:53:48,887 | [余额同步] 本地模式，初始资金: 10000.0 U
2026-04-17 23:53:48,887 | [账户监控] 无持仓
2026-04-17 23:53:50,505 | [开仓雷达] 1.震荡市:代码✅(评分:75) | 5K❌ | 2.基础✅(K:14 A:109.3 W:254.7) | 3.盈亏比✅(4.10≥1.3 需W>0.0) | 4.靠轨✅(多:❌ 空:✅) | 5.过滤✅(偏:neutral 触:10 向:buy) | 6.时效✅(剩:93s) | ==> 综合: 多🔴 空🔴
2026-04-17 23:53:51,193 | [价格] Last:77719.2 | Mark:77730.0 | 延迟:0.0s | aggDelay:0.0s
2026-04-17 23:53:52,923 | [开仓雷达] 1.震荡市:代码✅(评分:75) | 5K❌ | 2.基础✅(K:14 A:109.3 W:254.7) | 3.盈亏比✅(4.10≥1.3 需W>0.0) | 4.靠轨✅(多:❌ 空:✅) | 5.过滤✅(偏:neutral 触:10 向:buy) | 6.时效✅(剩:91s) | ==> 综合: 多🔴 空🔴
2026-04-17 23:53:54,954 | [开仓雷达] 1.震荡市:代码✅(评分:75) | 5K❌ | 2.基础✅(K:14 A:109.3 W:254.7) | 3.盈亏比✅(4.10≥1.3 需W>0.0) | 4.靠轨✅(多:❌ 空:✅) | 5.过滤✅(偏:neutral 触:10 向:buy) | 6.时效✅(剩:89s) | ==> 综合: 多🔴 空🔴
2026-04-17 23:53:57,247 | [价格] Last:77723.1 | Mark:77763.8 | 延迟:0.0s | aggDelay:0.0s
2026-04-17 23:53:57,248 | [开仓雷达] 1.震荡市:代码✅(评分:75) | 5K❌ | 2.基础✅(K:14 A:109.3 W:254.7) | 3.盈亏比✅(4.10≥1.3 需W>0.0) | 4.靠轨✅(多:❌ 空:✅) | 5.过滤✅(偏:neutral 触:10 向:buy) | 6.时效✅(剩:87s) | ==> 综合: 多🔴 空🔴
2026-04-17 23:53:57,248 | [余额同步] 本地模式，初始资金: 10000.0 U
2026-04-17 23:53:57,249 | [账户监控] 无持仓
2026-04-17 23:53:59,275 | [开仓雷达] 1.震荡市:代码✅(评分:75) | 5K❌ | 2.基础✅(K:14 A:109.3 W:254.7) | 3.盈亏比✅(4.10≥1.3 需W>0.0) | 4.靠轨✅(多:❌ 空:✅) | 5.过滤✅(偏:bear 触:10 向:buy) | 6.时效✅(剩:85s) | ==> 综合: 多🔴 空🔴
2026-04-17 23:54:01,452 | [开仓雷达] 1.震荡市:代码❌(评分:75) | 5K❌ | 2.基础✅(K:15 A:114.6 W:350.6) | 3.盈亏比✅(5.64≥1.3 需W>0.0) | 4.靠轨✅(多:❌ 空:✅) | 5.过滤✅(偏:bear 触:1 向:buy) | 6.时效✅(剩:120s) | ==> 综合: 多🔴 空🔴
2026-04-17 23:54:02,259 | [价格] Last:77739.1 | Mark:77745.3 | 延迟:0.0s | aggDelay:0.0s
2026-04-17 23:54:03,554 | [开仓雷达] 1.震荡市:代码❌(评分:75) | 5K❌ | 2.基础✅(K:15 A:114.6 W:350.6) | 3.盈亏比✅(5.64≥1.3 需W>0.0) | 4.靠轨✅(多:❌ 空:✅) | 5.过滤✅(偏:bear 触:7 向:buy) | 6.时效✅(剩:118s) | ==> 综合: 多🔴 空🔴
2026-04-17 23:54:05,249 | [余额同步] 本地模式，初始资金: 10000.0 U
2026-04-17 23:54:05,250 | [账户监控] 无持仓
2026-04-17 23:54:05,951 | [开仓雷达] 1.震荡市:代码❌(评分:75) | 5K❌ | 2.基础✅(K:15 A:114.6 W:350.6) | 3.盈亏比✅(5.64≥1.3 需W>0.0) | 4.靠轨✅(多:❌ 空:✅) | 5.过滤✅(偏:bear 触:10 向:buy) | 6.时效✅(剩:116s) | ==> 综合: 多🔴 空🔴
2026-04-17 23:54:07,397 | [价格] Last:77739.6 | Mark:77757.5 | 延迟:0.0s | aggDelay:0.0s
2026-04-17 23:54:08,813 | [开仓雷达] 1.震荡市:代码❌(评分:75) | 5K❌ | 2.基础✅(K:15 A:114.6 W:350.6) | 3.盈亏比✅(5.64≥1.3 需W>0.0) | 4.靠轨✅(多:❌ 空:✅) | 5.过滤✅(偏:bear 触:10 向:buy) | 6.时效✅(剩:113s) | ==> 综合: 多🔴 空🔴
2026-04-17 23:54:10,901 | [开仓雷达] 1.震荡市:代码❌(评分:75) | 5K❌ | 2.基础✅(K:15 A:114.6 W:350.6) | 3.盈亏比✅(5.64≥1.3 需W>0.0) | 4.靠轨✅(多:❌ 空:✅) | 5.过滤✅(偏:bear 触:10 向:buy) | 6.时效✅(剩:111s) | ==> 综合: 多🔴 空🔴
2026-04-17 23:54:12,419 | [价格] Last:77742.2 | Mark:77753.7 | 延迟:0.0s | aggDelay:0.0s
2026-04-17 23:54:13,168 | [开仓雷达] 1.震荡市:代码❌(评分:75) | 5K❌ | 2.基础✅(K:15 A:114.6 W:350.6) | 3.盈亏比✅(5.64≥1.3 需W>0.0) | 4.靠轨✅(多:❌ 空:✅) | 5.过滤✅(偏:bear 触:10 向:buy) | 6.时效✅(剩:108s) | ==> 综合: 多🔴 空🔴
2026-04-17 23:54:13,250 | [余额同步] 本地模式，初始资金: 10000.0 U
2026-04-17 23:54:13,251 | [账户监控] 无持仓
2026-04-17 23:54:15,300 | [开仓雷达] 1.震荡市:代码❌(评分:75) | 5K❌ | 2.基础✅(K:15 A:114.6 W:350.6) | 3.盈亏比✅(5.64≥1.3 需W>0.0) | 4.靠轨✅(多:❌ 空:✅) | 5.过滤✅(偏:bear 触:10 向:sell) | 6.时效✅(剩:106s) | ==> 综合: 多🔴 空🔴
2026-04-17 23:54:17,758 | [价格] Last:77740.0 | Mark:77790.0 | 延迟:0.0s | aggDelay:0.0s
2026-04-17 23:54:17,758 | [开仓雷达] 1.震荡市:代码❌(评分:75) | 5K❌ | 2.基础✅(K:15 A:114.6 W:350.6) | 3.盈亏比✅(5.64≥1.3 需W>0.0) | 4.靠轨✅(多:❌ 空:✅) | 5.过滤✅(偏:bear 触:10 向:sell) | 6.时效✅(剩:104s) | ==> 综合: 多🔴 空🔴
2026-04-17 23:54:20,115 | [开仓雷达] 1.震荡市:代码❌(评分:75) | 5K❌ | 2.基础✅(K:15 A:114.6 W:350.6) | 3.盈亏比✅(5.64≥1.3 需W>0.0) | 4.靠轨✅(多:❌ 空:✅) | 5.过滤✅(偏:bear 触:10 向:buy) | 6.时效✅(剩:101s) | ==> 综合: 多🔴 空🔴
2026-04-17 23:54:21,251 | [余额同步] 本地模式，初始资金: 10000.0 U
2026-04-17 23:54:21,251 | [账户监控] 无持仓
2026-04-17 23:54:22,146 | [开仓雷达] 1.震荡市:代码❌(评分:75) | 5K❌ | 2.基础✅(K:15 A:114.6 W:350.6) | 3.盈亏比✅(5.64≥1.3 需W>0.0) | 4.靠轨✅(多:❌ 空:✅) | 5.过滤✅(偏:bear 触:10 向:sell) | 6.时效✅(剩:99s) | ==> 综合: 多🔴 空🔴
2026-04-17 23:54:22,934 | [价格] Last:77743.5 | Mark:77773.90968379 | 延迟:0.0s | aggDelay:0.0s
2026-04-17 23:54:24,228 | [开仓雷达] 1.震荡市:代码❌(评分:75) | 5K❌ | 2.基础✅(K:15 A:114.6 W:350.6) | 3.盈亏比✅(5.64≥1.3 需W>0.0) | 4.靠轨✅(多:❌ 空:✅) | 5.过滤✅(偏:bear 触:10 向:buy) | 6.时效✅(剩:97s) | ==> 综合: 多🔴 空🔴
2026-04-17 23:54:26,524 | [开仓雷达] 1.震荡市:代码❌(评分:75) | 5K❌ | 2.基础✅(K:15 A:114.6 W:350.6) | 3.盈亏比✅(5.64≥1.3 需W>0.0) | 4.靠轨✅(多:❌ 空:✅) | 5.过滤✅(偏:bear 触:10 向:buy) | 6.时效✅(剩:95s) | ==> 综合: 多🔴 空🔴
2026-04-17 23:54:28,136 | [价格] Last:77745.2 | Mark:77761.8025 | 延迟:0.0s | aggDelay:0.8s
2026-04-17 23:54:29,090 | [开仓雷达] 1.震荡市:代码❌(评分:75) | 5K❌ | 2.基础✅(K:15 A:114.6 W:350.6) | 3.盈亏比✅(5.64≥1.3 需W>0.0) | 4.靠轨✅(多:❌ 空:✅) | 5.过滤✅(偏:bear 触:10 向:buy) | 6.时效✅(剩:92s) | ==> 综合: 多🔴 空🔴
2026-04-17 23:54:29,252 | [余额同步] 本地模式，初始资金: 10000.0 U
2026-04-17 23:54:29,252 | [账户监控] 无持仓
2026-04-17 23:54:31,106 | [开仓雷达] 1.震荡市:代码❌(评分:75) | 5K❌ | 2.基础✅(K:15 A:114.6 W:350.6) | 3.盈亏比✅(5.64≥1.3 需W>0.0) | 4.靠轨✅(多:❌ 空:✅) | 5.过滤✅(偏:bear 触:10 向:buy) | 6.时效✅(剩:90s) | ==> 综合: 多🔴 空🔴
2026-04-17 23:54:33,311 | [价格] Last:77745.0 | Mark:77761.67054348 | 延迟:0.0s | aggDelay:0.0s
2026-04-17 23:54:33,311 | [开仓雷达] 1.震荡市:代码❌(评分:75) | 5K❌ | 2.基础✅(K:15 A:114.6 W:350.6) | 3.盈亏比✅(5.64≥1.3 需W>0.0) | 4.靠轨✅(多:❌ 空:✅) | 5.过滤✅(偏:bear 触:10 向:sell) | 6.时效✅(剩:88s) | ==> 综合: 多🔴 空🔴
2026-04-17 23:54:35,527 | [开仓雷达] 1.震荡市:代码❌(评分:75) | 5K❌ | 2.基础✅(K:15 A:114.6 W:350.6) | 3.盈亏比✅(5.64≥1.3 需W>0.0) | 4.靠轨✅(多:❌ 空:✅) | 5.过滤✅(偏:bear 触:10 向:buy) | 6.时效✅(剩:86s) | ==> 综合: 多🔴 空🔴
2026-04-17 23:54:37,253 | [余额同步] 本地模式，初始资金: 10000.0 U
2026-04-17 23:54:37,253 | [账户监控] 无持仓
2026-04-17 23:54:37,707 | [开仓雷达] 1.震荡市:代码❌(评分:75) | 5K❌ | 2.基础✅(K:15 A:114.6 W:350.6) | 3.盈亏比✅(5.64≥1.3 需W>0.0) | 4.靠轨✅(多:❌ 空:✅) | 5.过滤✅(偏:bear 触:10 向:buy) | 6.时效✅(剩:84s) | ==> 综合: 多🔴 空🔴
2026-04-17 23:54:38,782 | [价格] Last:77745.3 | Mark:77784.1 | 延迟:0.0s | aggDelay:0.0s
2026-04-17 23:54:39,772 | [开仓雷达] 1.震荡市:代码❌(评分:75) | 5K❌ | 2.基础✅(K:15 A:114.6 W:350.6) | 3.盈亏比✅(5.64≥1.3 需W>0.0) | 4.靠轨✅(多:❌ 空:✅) | 5.过滤✅(偏:bear 触:10 向:sell) | 6.时效✅(剩:82s) | ==> 综合: 多🔴 空🔴
2026-04-17 23:54:42,831 | [开仓雷达] 1.震荡市:代码❌(评分:75) | 5K❌ | 2.基础✅(K:15 A:114.6 W:350.6) | 3.盈亏比✅(5.64≥1.3 需W>0.0) | 4.靠轨✅(多:❌ 空:✅) | 5.过滤✅(偏:bear 触:10 向:buy) | 6.时效✅(剩:79s) | ==> 综合: 多🔴 空🔴
2026-04-17 23:54:44,158 | [价格] Last:77744.9 | Mark:77774.3 | 延迟:0.0s | aggDelay:0.0s
2026-04-17 23:54:44,885 | [开仓雷达] 1.震荡市:代码❌(评分:75) | 5K❌ | 2.基础✅(K:15 A:114.6 W:350.6) | 3.盈亏比✅(5.64≥1.3 需W>0.0) | 4.靠轨✅(多:❌ 空:✅) | 5.过滤✅(偏:bear 触:10 向:buy) | 6.时效✅(剩:77s) | ==> 综合: 多🔴 空🔴
2026-04-17 23:54:45,253 | [余额同步] 本地模式，初始资金: 10000.0 U
2026-04-17 23:54:45,253 | [账户监控] 无持仓
2026-04-17 23:54:46,987 | [开仓雷达] 1.震荡市:代码❌(评分:75) | 5K❌ | 2.基础✅(K:15 A:114.6 W:350.6) | 3.盈亏比✅(5.64≥1.3 需W>0.0) | 4.靠轨✅(多:❌ 空:✅) | 5.过滤✅(偏:bear 触:10 向:buy) | 6.时效✅(剩:74s) | ==> 综合: 多🔴 空🔴
2026-04-17 23:54:49,148 | [开仓雷达] 1.震荡市:代码❌(评分:75) | 5K❌ | 2.基础✅(K:15 A:114.6 W:350.6) | 3.盈亏比✅(5.64≥1.3 需W>0.0) | 4.靠轨✅(多:❌ 空:✅) | 5.过滤✅(偏:bear 触:10 向:sell) | 6.时效✅(剩:72s) | ==> 综合: 多🔴 空🔴
2026-04-17 23:54:49,170 | [价格] Last:77745.3 | Mark:77780.24882246 | 延迟:0.0s | aggDelay:0.0s
2026-04-17 23:54:51,714 | [开仓雷达] 1.震荡市:代码❌(评分:75) | 5K❌ | 2.基础✅(K:15 A:114.6 W:350.6) | 3.盈亏比✅(5.64≥1.3 需W>0.0) | 4.靠轨✅(多:❌ 空:✅) | 5.过滤✅(偏:bear 触:10 向:buy) | 6.时效✅(剩:70s) | ==> 综合: 多🔴 空🔴
2026-04-17 23:54:53,268 | [余额同步] 本地模式，初始资金: 10000.0 U
2026-04-17 23:54:53,269 | [账户监控] 无持仓
2026-04-17 23:54:53,866 | [开仓雷达] 1.震荡市:代码❌(评分:75) | 5K❌ | 2.基础✅(K:15 A:114.6 W:350.6) | 3.盈亏比✅(5.64≥1.3 需W>0.0) | 4.靠轨✅(多:❌ 空:✅) | 5.过滤✅(偏:bear 触:10 向:buy) | 6.时效✅(剩:68s) | ==> 综合: 多🔴 空🔴
2026-04-17 23:54:54,301 | [价格] Last:77745.4 | Mark:77789.9 | 延迟:0.0s | aggDelay:0.0s
2026-04-17 23:54:55,866 | [开仓雷达] 1.震荡市:代码❌(评分:75) | 5K❌ | 2.基础✅(K:15 A:114.6 W:350.6) | 3.盈亏比✅(5.64≥1.3 需W>0.0) | 4.靠轨✅(多:❌ 空:✅) | 5.过滤✅(偏:bear 触:10 向:buy) | 6.时效✅(剩:66s) | ==> 综合: 多🔴 空🔴
2026-04-17 23:54:57,979 | [开仓雷达] 1.震荡市:代码❌(评分:75) | 5K❌ | 2.基础✅(K:15 A:114.6 W:350.6) | 3.盈亏比✅(5.64≥1.3 需W>0.0) | 4.靠轨✅(多:❌ 空:✅) | 5.过滤✅(偏:bear 触:10 向:buy) | 6.时效✅(剩:63s) | ==> 综合: 多🔴 空🔴
2026-04-17 23:54:59,467 | [价格] Last:77745.6 | Mark:77790.28432971 | 延迟:0.0s | aggDelay:0.0s
2026-04-17 23:55:00,337 | [开仓雷达] 1.震荡市:代码❌(评分:75) | 5K❌ | 2.基础✅(K:15 A:114.6 W:350.6) | 3.盈亏比✅(5.64≥1.3 需W>0.0) | 4.靠轨✅(多:❌ 空:✅) | 5.过滤✅(偏:bear 触:10 向:sell) | 6.时效✅(剩:61s) | ==> 综合: 多🔴 空🔴
2026-04-17 23:55:02,157 | [余额同步] 本地模式，初始资金: 10000.0 U
2026-04-17 23:55:02,158 | [账户监控] 无持仓
2026-04-17 23:55:02,402 | [开仓雷达] 1.震荡市:代码❌(评分:75) | 5K❌ | 2.基础✅(K:15 A:114.6 W:350.6) | 3.盈亏比✅(5.64≥1.3 需W>0.0) | 4.靠轨✅(多:❌ 空:✅) | 5.过滤✅(偏:bear 触:10 向:sell) | 6.时效✅(剩:59s) | ==> 综合: 多🔴 空🔴
2026-04-17 23:55:04,766 | [价格] Last:77745.6 | Mark:77783.08061594 | 延迟:0.0s | aggDelay:0.0s
2026-04-17 23:55:04,766 | [开仓雷达] 1.震荡市:代码✅(评分:65) | 5K❌ | 2.基础✅(K:15 A:105.5 W:356.6) | 3.盈亏比✅(5.73≥1.3 需W>0.0) | 4.靠轨✅(多:❌ 空:✅) | 5.过滤✅(偏:bear 触:10 向:buy) | 6.时效✅(剩:57s) | ==> 综合: 多🔴 空🔴
2026-04-17 23:55:07,142 | [开仓雷达] 1.震荡市:代码✅(评分:65) | 5K❌ | 2.基础✅(K:15 A:105.5 W:356.6) | 3.盈亏比✅(5.73≥1.3 需W>0.0) | 4.靠轨✅(多:❌ 空:✅) | 5.过滤✅(偏:bear 触:10 向:buy) | 6.时效✅(剩:54s) | ==> 综合: 多🔴 空🔴
2026-04-17 23:55:10,158 | [余额同步] 本地模式，初始资金: 10000.0 U
2026-04-17 23:55:10,158 | [账户监控] 无持仓
2026-04-17 23:55:11,185 | [价格] Last:77745.6 | Mark:77787.1 | 延迟:0.0s | aggDelay:0.0s
2026-04-17 23:55:11,187 | [开仓雷达] 1.震荡市:代码✅(评分:65) | 5K❌ | 2.基础✅(K:15 A:105.5 W:356.6) | 3.盈亏比✅(5.73≥1.3 需W>0.0) | 4.靠轨✅(多:❌ 空:✅) | 5.过滤✅(偏:bear 触:10 向:buy) | 6.时效✅(剩:50s) | ==> 综合: 多🔴 空🔴
2026-04-17 23:55:13,264 | [开仓雷达] 1.震荡市:代码✅(评分:65) | 5K❌ | 2.基础✅(K:15 A:105.5 W:356.6) | 3.盈亏比✅(5.73≥1.3 需W>0.0) | 4.靠轨✅(多:❌ 空:✅) | 5.过滤✅(偏:bear 触:10 向:buy) | 6.时效✅(剩:48s) | ==> 综合: 多🔴 空🔴
2026-04-17 23:55:15,493 | [开仓雷达] 1.震荡市:代码✅(评分:65) | 5K❌ | 2.基础✅(K:15 A:105.5 W:356.6) | 3.盈亏比✅(5.73≥1.3 需W>0.0) | 4.靠轨✅(多:❌ 空:✅) | 5.过滤✅(偏:bear 触:10 向:sell) | 6.时效✅(剩:46s) | ==> 综合: 多🔴 空🟢
2026-04-17 23:55:16,202 | [价格] Last:77745.4 | Mark:77786.0 | 延迟:0.0s | aggDelay:0.0s
2026-04-17 23:55:17,823 | [开仓雷达] 1.震荡市:代码✅(评分:65) | 5K❌ | 2.基础✅(K:15 A:105.5 W:356.6) | 3.盈亏比✅(5.73≥1.3 需W>0.0) | 4.靠轨✅(多:❌ 空:✅) | 5.过滤✅(偏:bear 触:10 向:buy) | 6.时效✅(剩:44s) | ==> 综合: 多🔴 空🔴
2026-04-17 23:55:18,158 | [余额同步] 本地模式，初始资金: 10000.0 U
2026-04-17 23:55:18,159 | [账户监控] 无持仓
2026-04-17 23:55:19,996 | [开仓雷达] 1.震荡市:代码✅(评分:65) | 5K❌ | 2.基础✅(K:15 A:105.5 W:356.6) | 3.盈亏比✅(5.73≥1.3 需W>0.0) | 4.靠轨✅(多:❌ 空:✅) | 5.过滤✅(偏:bear 触:10 向:buy) | 6.时效✅(剩:41s) | ==> 综合: 多🔴 空🔴
2026-04-17 23:55:21,534 | [价格] Last:77745.3 | Mark:77782.25561594 | 延迟:0.0s | aggDelay:0.0s
2026-04-17 23:55:22,134 | [开仓雷达] 1.震荡市:代码✅(评分:65) | 5K❌ | 2.基础✅(K:15 A:105.5 W:356.6) | 3.盈亏比✅(5.73≥1.3 需W>0.0) | 4.靠轨✅(多:❌ 空:✅) | 5.过滤✅(偏:bull 触:10 向:buy) | 6.时效✅(剩:39s) | ==> 综合: 多🔴 空🔴
2026-04-17 23:55:24,271 | [开仓雷达] 1.震荡市:代码✅(评分:65) | 5K❌ | 2.基础✅(K:15 A:105.5 W:356.6) | 3.盈亏比✅(5.73≥1.3 需W>0.0) | 4.靠轨✅(多:❌ 空:✅) | 5.过滤✅(偏:bull 触:10 向:buy) | 6.时效✅(剩:37s) | ==> 综合: 多🔴 空🔴
2026-04-17 23:55:26,159 | [余额同步] 本地模式，初始资金: 10000.0 U
2026-04-17 23:55:26,160 | [账户监控] 无持仓
2026-04-17 23:55:26,327 | [开仓雷达] 1.震荡市:代码✅(评分:65) | 5K❌ | 2.基础✅(K:15 A:105.5 W:356.6) | 3.盈亏比✅(5.73≥1.3 需W>0.0) | 4.靠轨✅(多:❌ 空:✅) | 5.过滤✅(偏:neutral 触:10 向:buy) | 6.时效✅(剩:35s) | ==> 综合: 多🔴 空🔴
2026-04-17 23:55:27,154 | [价格] Last:77742.8 | Mark:77767.1934058 | 延迟:0.0s | aggDelay:0.0s
2026-04-17 23:55:28,473 | [开仓雷达] 1.震荡市:代码✅(评分:65) | 5K❌ | 2.基础✅(K:15 A:105.5 W:356.6) | 3.盈亏比✅(5.73≥1.3 需W>0.0) | 4.靠轨✅(多:❌ 空:✅) | 5.过滤✅(偏:neutral 触:10 向:sell) | 6.时效✅(剩:33s) | ==> 综合: 多🔴 空🟢
2026-04-17 23:55:30,779 | [开仓雷达] 1.震荡市:代码✅(评分:65) | 5K❌ | 2.基础✅(K:15 A:105.5 W:356.6) | 3.盈亏比✅(5.73≥1.3 需W>0.0) | 4.靠轨✅(多:❌ 空:✅) | 5.过滤✅(偏:neutral 触:10 向:sell) | 6.时效✅(剩:31s) | ==> 综合: 多🔴 空🟢
2026-04-17 23:55:32,213 | [价格] Last:77741.8 | Mark:77779.6532971 | 延迟:0.0s | aggDelay:0.0s
2026-04-17 23:55:33,096 | [开仓雷达] 1.震荡市:代码✅(评分:65) | 5K❌ | 2.基础✅(K:15 A:105.5 W:356.6) | 3.盈亏比✅(5.73≥1.3 需W>0.0) | 4.靠轨✅(多:❌ 空:✅) | 5.过滤✅(偏:neutral 触:10 向:sell) | 6.时效✅(剩:28s) | ==> 综合: 多🔴 空🟢
2026-04-17 23:55:34,161 | [余额同步] 本地模式，初始资金: 10000.0 U
2026-04-17 23:55:34,161 | [账户监控] 无持仓
2026-04-17 23:55:35,225 | [开仓雷达] 1.震荡市:代码✅(评分:65) | 5K❌ | 2.基础✅(K:15 A:105.5 W:356.6) | 3.盈亏比✅(5.73≥1.3 需W>0.0) | 4.靠轨✅(多:❌ 空:✅) | 5.过滤✅(偏:bull 触:10 向:buy) | 6.时效✅(剩:26s) | ==> 综合: 多🔴 空🔴
2026-04-17 23:55:37,270 | [价格] Last:77743.0 | Mark:77779.50362319 | 延迟:0.0s | aggDelay:0.0s
2026-04-17 23:55:37,270 | [开仓雷达] 1.震荡市:代码✅(评分:65) | 5K❌ | 2.基础✅(K:15 A:105.5 W:356.6) | 3.盈亏比✅(5.73≥1.3 需W>0.0) | 4.靠轨✅(多:❌ 空:✅) | 5.过滤✅(偏:neutral 触:10 向:buy) | 6.时效✅(剩:24s) | ==> 综合: 多🔴 空🔴
2026-04-17 23:55:39,280 | [开仓雷达] 1.震荡市:代码✅(评分:65) | 5K❌ | 2.基础✅(K:15 A:105.5 W:356.6) | 3.盈亏比✅(5.73≥1.3 需W>0.0) | 4.靠轨✅(多:❌ 空:✅) | 5.过滤✅(偏:neutral 触:10 向:buy) | 6.时效✅(剩:22s) | ==> 综合: 多🔴 空🔴
2026-04-17 23:55:41,367 | [开仓雷达] 1.震荡市:代码✅(评分:65) | 5K❌ | 2.基础✅(K:15 A:105.5 W:356.6) | 3.盈亏比✅(5.73≥1.3 需W>0.0) | 4.靠轨✅(多:❌ 空:✅) | 5.过滤✅(偏:neutral 触:10 向:buy) | 6.时效✅(剩:20s) | ==> 综合: 多🔴 空🔴
2026-04-17 23:55:42,161 | [余额同步] 本地模式，初始资金: 10000.0 U
2026-04-17 23:55:42,161 | [账户监控] 无持仓
2026-04-17 23:55:42,367 | [价格] Last:77743.3 | Mark:77778.44666667 | 延迟:0.0s | aggDelay:0.0s
2026-04-17 23:55:43,443 | [开仓雷达] 1.震荡市:代码✅(评分:65) | 5K❌ | 2.基础✅(K:15 A:105.5 W:356.6) | 3.盈亏比✅(5.73≥1.3 需W>0.0) | 4.靠轨✅(多:❌ 空:✅) | 5.过滤✅(偏:bull 触:10 向:buy) | 6.时效✅(剩:18s) | ==> 综合: 多🔴 空🔴
2026-04-17 23:55:46,154 | [开仓雷达] 1.震荡市:代码✅(评分:65) | 5K❌ | 2.基础✅(K:15 A:105.5 W:356.6) | 3.盈亏比✅(5.73≥1.3 需W>0.0) | 4.靠轨✅(多:❌ 空:✅) | 5.过滤✅(偏:bear 触:10 向:buy) | 6.时效✅(剩:15s) | ==> 综合: 多🔴 空🔴
2026-04-17 23:55:48,287 | [价格] Last:77745.0 | Mark:77778.57509881 | 延迟:0.0s | aggDelay:0.0s
2026-04-17 23:55:48,288 | [开仓雷达] 1.震荡市:代码✅(评分:65) | 5K❌ | 2.基础✅(K:15 A:105.5 W:356.6) | 3.盈亏比✅(5.73≥1.3 需W>0.0) | 4.靠轨✅(多:❌ 空:✅) | 5.过滤✅(偏:neutral 触:10 向:buy) | 6.时效✅(剩:13s) | ==> 综合: 多🔴 空🔴
2026-04-17 23:55:50,162 | [余额同步] 本地模式，初始资金: 10000.0 U
2026-04-17 23:55:50,162 | [账户监控] 无持仓
2026-04-17 23:55:50,562 | [开仓雷达] 1.震荡市:代码✅(评分:65) | 5K❌ | 2.基础✅(K:15 A:105.5 W:356.6) | 3.盈亏比✅(5.73≥1.3 需W>0.0) | 4.靠轨✅(多:❌ 空:✅) | 5.过滤✅(偏:neutral 触:10 向:buy) | 6.时效✅(剩:11s) | ==> 综合: 多🔴 空🔴
2026-04-17 23:55:53,745 | [价格] Last:77745.0 | Mark:77782.2 | 延迟:0.0s | aggDelay:0.0s
2026-04-17 23:55:53,745 | [开仓雷达] 1.震荡市:代码✅(评分:65) | 5K❌ | 2.基础✅(K:15 A:105.5 W:356.6) | 3.盈亏比✅(5.73≥1.3 需W>0.0) | 4.靠轨✅(多:❌ 空:✅) | 5.过滤✅(偏:neutral 触:10 向:buy) | 6.时效✅(剩:8s) | ==> 综合: 多🔴 空🔴
2026-04-17 23:55:55,811 | [开仓雷达] 1.震荡市:代码✅(评分:65) | 5K❌ | 2.基础✅(K:15 A:105.5 W:356.6) | 3.盈亏比✅(5.73≥1.3 需W>0.0) | 4.靠轨✅(多:❌ 空:✅) | 5.过滤✅(偏:bear 触:10 向:buy) | 6.时效✅(剩:6s) | ==> 综合: 多🔴 空🔴
2026-04-17 23:55:57,888 | [开仓雷达] 1.震荡市:代码✅(评分:65) | 5K❌ | 2.基础✅(K:15 A:105.5 W:356.6) | 3.盈亏比✅(5.73≥1.3 需W>0.0) | 4.靠轨✅(多:❌ 空:✅) | 5.过滤✅(偏:bear 触:10 向:buy) | 6.时效✅(剩:4s) | ==> 综合: 多🔴 空🔴
2026-04-17 23:55:58,162 | [余额同步] 本地模式，初始资金: 10000.0 U
2026-04-17 23:55:58,162 | [账户监控] 无持仓
2026-04-17 23:55:59,457 | [价格] Last:77745.0 | Mark:77780.23597826 | 延迟:0.0s | aggDelay:0.0s
2026-04-17 23:56:00,061 | [开仓雷达] 1.震荡市:代码✅(评分:65) | 5K❌ | 2.基础✅(K:15 A:105.5 W:356.6) | 3.盈亏比✅(5.73≥1.3 需W>0.0) | 4.靠轨✅(多:❌ 空:✅) | 5.过滤✅(偏:bear 触:10 向:buy) | 6.时效✅(剩:1s) | ==> 综合: 多🔴 空🔴
2026-04-17 23:56:02,072 | [开仓雷达] 1.震荡市:代码✅(评分:90) | 5K✅ | 2.基础✅(K:15 A:99.5 W:356.6) | 3.盈亏比✅(5.73≥1.3 需W>0.0) | 4.靠轨✅(多:❌ 空:✅) | 5.过滤✅(偏:bear 触:5 向:sell) | 6.时效✅(剩:119s) | ==> 综合: 多🔴 空🟢
2026-04-17 23:56:04,159 | [开仓雷达] 1.震荡市:代码✅(评分:90) | 5K✅ | 2.基础✅(K:15 A:99.5 W:356.6) | 3.盈亏比✅(5.73≥1.3 需W>0.0) | 4.靠轨✅(多:❌ 空:✅) | 5.过滤✅(偏:bull 触:10 向:buy) | 6.时效✅(剩:117s) | ==> 综合: 多🔴 空🔴
2026-04-17 23:56:05,173 | [价格] Last:77742.1 | Mark:77778.62713768 | 延迟:0.0s | aggDelay:0.0s
2026-04-17 23:56:06,163 | [余额同步] 本地模式，初始资金: 10000.0 U
2026-04-17 23:56:06,163 | [账户监控] 无持仓
2026-04-17 23:56:06,248 | [开仓雷达] 1.震荡市:代码✅(评分:90) | 5K✅ | 2.基础✅(K:15 A:99.5 W:356.6) | 3.盈亏比✅(5.73≥1.3 需W>0.0) | 4.靠轨✅(多:❌ 空:✅) | 5.过滤✅(偏:bull 触:10 向:buy) | 6.时效✅(剩:115s) | ==> 综合: 多🔴 空🔴
2026-04-17 23:56:08,820 | [开仓雷达] 1.震荡市:代码✅(评分:90) | 5K✅ | 2.基础✅(K:15 A:99.5 W:356.6) | 3.盈亏比✅(5.73≥1.3 需W>0.0) | 4.靠轨✅(多:❌ 空:✅) | 5.过滤✅(偏:bear 触:10 向:sell) | 6.时效✅(剩:113s) | ==> 综合: 多🔴 空🟢
2026-04-17 23:56:10,191 | [价格] Last:77744.9 | Mark:77765.60730072 | 延迟:0.0s | aggDelay:0.0s
2026-04-17 23:56:11,216 | [开仓雷达] 1.震荡市:代码✅(评分:90) | 5K✅ | 2.基础✅(K:15 A:99.5 W:356.6) | 3.盈亏比✅(5.73≥1.3 需W>0.0) | 4.靠轨✅(多:❌ 空:✅) | 5.过滤✅(偏:bear 触:10 向:sell) | 6.时效✅(剩:110s) | ==> 综合: 多🔴 空🟢
2026-04-17 23:56:13,541 | [开仓雷达] 1.震荡市:代码✅(评分:90) | 5K✅ | 2.基础✅(K:15 A:99.5 W:356.6) | 3.盈亏比✅(5.73≥1.3 需W>0.0) | 4.靠轨✅(多:❌ 空:✅) | 5.过滤✅(偏:bear 触:10 向:buy) | 6.时效✅(剩:108s) | ==> 综合: 多🔴 空🔴
2026-04-17 23:56:14,163 | [余额同步] 本地模式，初始资金: 10000.0 U
2026-04-17 23:56:14,163 | [账户监控] 无持仓
2026-04-17 23:56:15,308 | [价格] Last:77745.0 | Mark:77767.94394928 | 延迟:0.0s | aggDelay:0.0s
2026-04-17 23:56:15,720 | [开仓雷达] 1.震荡市:代码✅(评分:90) | 5K✅ | 2.基础✅(K:15 A:99.5 W:356.6) | 3.盈亏比✅(5.73≥1.3 需W>0.0) | 4.靠轨✅(多:❌ 空:✅) | 5.过滤✅(偏:bear 触:10 向:buy) | 6.时效✅(剩:106s) | ==> 综合: 多🔴 空🔴
2026-04-17 23:56:17,865 | [开仓雷达] 1.震荡市:代码✅(评分:90) | 5K✅ | 2.基础✅(K:15 A:99.5 W:356.6) | 3.盈亏比✅(5.73≥1.3 需W>0.0) | 4.靠轨✅(多:❌ 空:✅) | 5.过滤✅(偏:bear 触:10 向:buy) | 6.时效✅(剩:104s) | ==> 综合: 多🔴 空🔴
2026-04-17 23:56:20,344 | [价格] Last:77744.6 | Mark:77767.63132246 | 延迟:0.0s | aggDelay:0.0s
2026-04-17 23:56:20,344 | [开仓雷达] 1.震荡市:代码✅(评分:90) | 5K✅ | 2.基础✅(K:15 A:99.5 W:356.6) | 3.盈亏比✅(5.73≥1.3 需W>0.0) | 4.靠轨✅(多:❌ 空:✅) | 5.过滤✅(偏:bear 触:10 向:buy) | 6.时效✅(剩:101s) | ==> 综合: 多🔴 空🔴
2026-04-17 23:56:22,164 | [余额同步] 本地模式，初始资金: 10000.0 U
2026-04-17 23:56:22,164 | [账户监控] 无持仓
2026-04-17 23:56:22,519 | [开仓雷达] 1.震荡市:代码✅(评分:90) | 5K✅ | 2.基础✅(K:15 A:99.5 W:356.6) | 3.盈亏比✅(5.73≥1.3 需W>0.0) | 4.靠轨✅(多:❌ 空:✅) | 5.过滤✅(偏:bear 触:10 向:buy) | 6.时效✅(剩:99s) | ==> 综合: 多🔴 空🔴
2026-04-17 23:56:24,570 | [开仓雷达] 1.震荡市:代码✅(评分:90) | 5K✅ | 2.基础✅(K:15 A:99.5 W:356.6) | 3.盈亏比✅(5.73≥1.3 需W>0.0) | 4.靠轨✅(多:❌ 空:✅) | 5.过滤✅(偏:bear 触:10 向:sell) | 6.时效✅(剩:97s) | ==> 综合: 多🔴 空🟢
2026-04-17 23:56:25,809 | [价格] Last:77743.9 | Mark:77770.11018116 | 延迟:0.0s | aggDelay:0.0s
2026-04-17 23:56:26,674 | [开仓雷达] 1.震荡市:代码✅(评分:90) | 5K✅ | 2.基础✅(K:15 A:99.5 W:356.6) | 3.盈亏比✅(5.73≥1.3 需W>0.0) | 4.靠轨✅(多:❌ 空:✅) | 5.过滤✅(偏:neutral 触:10 向:buy) | 6.时效✅(剩:95s) | ==> 综合: 多🔴 空🔴
2026-04-17 23:56:28,759 | [开仓雷达] 1.震荡市:代码✅(评分:90) | 5K✅ | 2.基础✅(K:15 A:99.5 W:356.6) | 3.盈亏比✅(5.73≥1.3 需W>0.0) | 4.靠轨✅(多:❌ 空:✅) | 5.过滤✅(偏:neutral 触:10 向:buy) | 6.时效✅(剩:93s) | ==> 综合: 多🔴 空🔴
2026-04-17 23:56:30,164 | [余额同步] 本地模式，初始资金: 10000.0 U
2026-04-17 23:56:30,164 | [账户监控] 无持仓
2026-04-17 23:56:31,153 | [价格] Last:77743.5 | Mark:77755.79521739 | 延迟:0.0s | aggDelay:0.6s
2026-04-17 23:56:31,153 | [开仓雷达] 1.震荡市:代码✅(评分:90) | 5K✅ | 2.基础✅(K:15 A:99.5 W:356.6) | 3.盈亏比✅(5.73≥1.3 需W>0.0) | 4.靠轨✅(多:❌ 空:✅) | 5.过滤✅(偏:neutral 触:10 向:buy) | 6.时效✅(剩:90s) | ==> 综合: 多🔴 空🔴
2026-04-17 23:56:33,584 | [开仓雷达] 1.震荡市:代码✅(评分:90) | 5K✅ | 2.基础✅(K:15 A:99.5 W:356.6) | 3.盈亏比✅(5.73≥1.3 需W>0.0) | 4.靠轨✅(多:❌ 空:✅) | 5.过滤✅(偏:bear 触:10 向:buy) | 6.时效✅(剩:88s) | ==> 综合: 多🔴 空🔴
2026-04-17 23:56:35,679 | [开仓雷达] 1.震荡市:代码✅(评分:90) | 5K✅ | 2.基础✅(K:15 A:99.5 W:356.6) | 3.盈亏比✅(5.73≥1.3 需W>0.0) | 4.靠轨✅(多:❌ 空:✅) | 5.过滤✅(偏:bear 触:10 向:buy) | 6.时效✅(剩:86s) | ==> 综合: 多🔴 空🔴
2026-04-17 23:56:36,234 | [价格] Last:77743.9 | Mark:77769.05021739 | 延迟:0.0s | aggDelay:0.0s
2026-04-17 23:56:37,858 | [开仓雷达] 1.震荡市:代码✅(评分:90) | 5K✅ | 2.基础✅(K:15 A:99.5 W:356.6) | 3.盈亏比✅(5.73≥1.3 需W>0.0) | 4.靠轨✅(多:❌ 空:✅) | 5.过滤✅(偏:bear 触:10 向:buy) | 6.时效✅(剩:84s) | ==> 综合: 多🔴 空🔴
2026-04-17 23:56:38,165 | [余额同步] 本地模式，初始资金: 10000.0 U
2026-04-17 23:56:38,165 | [账户监控] 无持仓
2026-04-17 23:56:39,867 | [开仓雷达] 1.震荡市:代码✅(评分:90) | 5K✅ | 2.基础✅(K:15 A:99.5 W:356.6) | 3.盈亏比✅(5.73≥1.3 需W>0.0) | 4.靠轨✅(多:❌ 空:✅) | 5.过滤✅(偏:bear 触:10 向:sell) | 6.时效✅(剩:82s) | ==> 综合: 多🔴 空🟢
2026-04-17 23:56:41,422 | [价格] Last:77742.1 | Mark:77773.57092391 | 延迟:0.0s | aggDelay:0.0s
2026-04-17 23:56:42,260 | [开仓雷达] 1.震荡市:代码✅(评分:90) | 5K✅ | 2.基础✅(K:15 A:99.5 W:356.6) | 3.盈亏比✅(5.73≥1.3 需W>0.0) | 4.靠轨✅(多:❌ 空:✅) | 5.过滤✅(偏:bear 触:10 向:buy) | 6.时效✅(剩:79s) | ==> 综合: 多🔴 空🔴
2026-04-17 23:56:44,691 | [开仓雷达] 1.震荡市:代码✅(评分:90) | 5K✅ | 2.基础✅(K:15 A:99.5 W:356.6) | 3.盈亏比✅(5.73≥1.3 需W>0.0) | 4.靠轨✅(多:❌ 空:✅) | 5.过滤✅(偏:bear 触:10 向:buy) | 6.时效✅(剩:77s) | ==> 综合: 多🔴 空🔴
2026-04-17 23:56:46,166 | [余额同步] 本地模式，初始资金: 10000.0 U
2026-04-17 23:56:46,166 | [账户监控] 无持仓
2026-04-17 23:56:46,841 | [价格] Last:77743.5 | Mark:77797.71666667 | 延迟:0.0s | aggDelay:0.0s
2026-04-17 23:56:46,842 | [开仓雷达] 1.震荡市:代码✅(评分:90) | 5K✅ | 2.基础✅(K:15 A:99.5 W:356.6) | 3.盈亏比✅(5.73≥1.3 需W>0.0) | 4.靠轨✅(多:❌ 空:✅) | 5.过滤✅(偏:bull 触:10 向:buy) | 6.时效✅(剩:75s) | ==> 综合: 多🔴 空🔴
2026-04-17 23:56:49,152 | [开仓雷达] 1.震荡市:代码✅(评分:90) | 5K✅ | 2.基础✅(K:15 A:99.5 W:356.6) | 3.盈亏比✅(5.73≥1.3 需W>0.0) | 4.靠轨✅(多:❌ 空:✅) | 5.过滤✅(偏:bull 触:10 向:buy) | 6.时效✅(剩:72s) | ==> 综合: 多🔴 空🔴
2026-04-17 23:56:52,871 | [价格] Last:77743.5 | Mark:77799.9 | 延迟:0.0s | aggDelay:0.0s
2026-04-17 23:56:52,871 | [开仓雷达] 1.震荡市:代码✅(评分:90) | 5K✅ | 2.基础✅(K:15 A:99.5 W:356.6) | 3.盈亏比✅(5.73≥1.3 需W>0.0) | 4.靠轨✅(多:❌ 空:✅) | 5.过滤✅(偏:bull 触:10 向:buy) | 6.时效✅(剩:69s) | ==> 综合: 多🔴 空🔴
2026-04-17 23:56:54,167 | [余额同步] 本地模式，初始资金: 10000.0 U
2026-04-17 23:56:54,167 | [账户监控] 无持仓
2026-04-17 23:56:55,125 | [开仓雷达] 1.震荡市:代码✅(评分:90) | 5K✅ | 2.基础✅(K:15 A:99.5 W:356.6) | 3.盈亏比✅(5.73≥1.3 需W>0.0) | 4.靠轨✅(多:❌ 空:✅) | 5.过滤✅(偏:bull 触:10 向:buy) | 6.时效✅(剩:66s) | ==> 综合: 多🔴 空🔴
2026-04-17 23:56:57,680 | [开仓雷达] 1.震荡市:代码✅(评分:90) | 5K✅ | 2.基础✅(K:15 A:99.5 W:356.6) | 3.盈亏比✅(5.73≥1.3 需W>0.0) | 4.靠轨✅(多:❌ 空:✅) | 5.过滤✅(偏:bull 触:10 向:buy) | 6.时效✅(剩:64s) | ==> 综合: 多🔴 空🔴
2026-04-17 23:56:57,911 | [价格] Last:77739.0 | Mark:77798.7 | 延迟:0.0s | aggDelay:0.0s
2026-04-17 23:57:00,391 | [开仓雷达] 1.震荡市:代码✅(评分:90) | 5K✅ | 2.基础✅(K:15 A:99.5 W:356.6) | 3.盈亏比✅(5.73≥1.3 需W>0.0) | 4.靠轨✅(多:❌ 空:✅) | 5.过滤✅(偏:bull 触:10 向:buy) | 6.时效✅(剩:61s) | ==> 综合: 多🔴 空🔴
2026-04-17 23:57:02,167 | [余额同步] 本地模式，初始资金: 10000.0 U
2026-04-17 23:57:02,167 | [账户监控] 无持仓
2026-04-17 23:57:02,774 | [开仓雷达] 1.震荡市:代码✅(评分:100) | 5K✅ | 2.基础✅(K:15 A:75.3 W:356.6) | 3.盈亏比✅(5.73≥1.3 需W>0.0) | 4.靠轨✅(多:❌ 空:✅) | 5.过滤✅(偏:bull 触:10 向:buy) | 6.时效✅(剩:59s) | ==> 综合: 多🔴 空🔴
2026-04-17 23:57:03,012 | [价格] Last:77742.7 | Mark:77784.93525362 | 延迟:0.0s | aggDelay:0.0s
2026-04-17 23:57:04,827 | [开仓雷达] 1.震荡市:代码✅(评分:100) | 5K✅ | 2.基础✅(K:15 A:75.3 W:356.6) | 3.盈亏比✅(5.73≥1.3 需W>0.0) | 4.靠轨✅(多:❌ 空:✅) | 5.过滤✅(偏:bull 触:10 向:buy) | 6.时效✅(剩:57s) | ==> 综合: 多🔴 空🔴
2026-04-17 23:57:07,022 | [开仓雷达] 1.震荡市:代码✅(评分:100) | 5K✅ | 2.基础✅(K:15 A:75.3 W:356.6) | 3.盈亏比✅(5.73≥1.3 需W>0.0) | 4.靠轨✅(多:❌ 空:✅) | 5.过滤✅(偏:bull 触:10 向:buy) | 6.时效✅(剩:55s) | ==> 综合: 多🔴 空🔴
2026-04-17 23:57:08,151 | [价格] Last:77742.6 | Mark:77779.93913043 | 延迟:0.0s | aggDelay:0.0s
2026-04-17 23:57:09,196 | [开仓雷达] 1.震荡市:代码✅(评分:100) | 5K✅ | 2.基础✅(K:15 A:75.3 W:356.6) | 3.盈亏比✅(5.73≥1.3 需W>0.0) | 4.靠轨✅(多:❌ 空:✅) | 5.过滤✅(偏:bear 触:10 向:sell) | 6.时效✅(剩:52s) | ==> 综合: 多🔴 空🟢
2026-04-17 23:57:10,168 | [余额同步] 本地模式，初始资金: 10000.0 U
2026-04-17 23:57:10,168 | [账户监控] 无持仓
2026-04-17 23:57:12,184 | [开仓雷达] 1.震荡市:代码✅(评分:100) | 5K✅ | 2.基础✅(K:15 A:75.3 W:356.6) | 3.盈亏比✅(5.73≥1.3 需W>0.0) | 4.靠轨✅(多:❌ 空:✅) | 5.过滤✅(偏:neutral 触:10 向:buy) | 6.时效✅(剩:49s) | ==> 综合: 多🔴 空🔴
2026-04-17 23:57:13,165 | [价格] Last:77744.3 | Mark:77790.4 | 延迟:0.0s | aggDelay:0.7s
2026-04-17 23:57:14,328 | [开仓雷达] 1.震荡市:代码✅(评分:100) | 5K✅ | 2.基础✅(K:15 A:75.3 W:356.6) | 3.盈亏比✅(5.73≥1.3 需W>0.0) | 4.靠轨✅(多:❌ 空:✅) | 5.过滤✅(偏:neutral 触:10 向:buy) | 6.时效✅(剩:47s) | ==> 综合: 多🔴 空🔴
2026-04-17 23:57:16,721 | [开仓雷达] 1.震荡市:代码✅(评分:100) | 5K✅ | 2.基础✅(K:15 A:75.3 W:356.6) | 3.盈亏比✅(5.73≥1.3 需W>0.0) | 4.靠轨✅(多:❌ 空:✅) | 5.过滤✅(偏:neutral 触:10 向:buy) | 6.时效✅(剩:45s) | ==> 综合: 多🔴 空🔴
2026-04-17 23:57:18,169 | [余额同步] 本地模式，初始资金: 10000.0 U
2026-04-17 23:57:18,169 | [账户监控] 无持仓
2026-04-17 23:57:18,557 | [价格] Last:77745.5 | Mark:77785.73632246 | 延迟:0.0s | aggDelay:0.0s
2026-04-17 23:57:18,790 | [开仓雷达] 1.震荡市:代码✅(评分:100) | 5K✅ | 2.基础✅(K:15 A:75.3 W:356.6) | 3.盈亏比✅(5.73≥1.3 需W>0.0) | 4.靠轨✅(多:❌ 空:✅) | 5.过滤✅(偏:neutral 触:10 向:buy) | 6.时效✅(剩:43s) | ==> 综合: 多🔴 空🔴
2026-04-17 23:57:21,055 | [开仓雷达] 1.震荡市:代码✅(评分:100) | 5K✅ | 2.基础✅(K:15 A:75.3 W:356.6) | 3.盈亏比✅(5.73≥1.3 需W>0.0) | 4.靠轨✅(多:❌ 空:✅) | 5.过滤✅(偏:neutral 触:10 向:buy) | 6.时效✅(剩:40s) | ==> 综合: 多🔴 空🔴
2026-04-17 23:57:23,511 | [开仓雷达] 1.震荡市:代码✅(评分:100) | 5K✅ | 2.基础✅(K:15 A:75.3 W:356.6) | 3.盈亏比✅(5.73≥1.3 需W>0.0) | 4.靠轨✅(多:❌ 空:✅) | 5.过滤✅(偏:neutral 触:10 向:buy) | 6.时效✅(剩:38s) | ==> 综合: 多🔴 空🔴
2026-04-17 23:57:24,229 | [价格] Last:77745.6 | Mark:77786.36181159 | 延迟:0.0s | aggDelay:0.0s
2026-04-17 23:57:25,609 | [开仓雷达] 1.震荡市:代码✅(评分:100) | 5K✅ | 2.基础✅(K:15 A:75.3 W:356.6) | 3.盈亏比✅(5.73≥1.3 需W>0.0) | 4.靠轨✅(多:❌ 空:✅) | 5.过滤✅(偏:neutral 触:10 向:buy) | 6.时效✅(剩:36s) | ==> 综合: 多🔴 空🔴
2026-04-17 23:57:26,170 | [余额同步] 本地模式，初始资金: 10000.0 U
2026-04-17 23:57:26,170 | [账户监控] 无持仓
2026-04-17 23:57:27,825 | [开仓雷达] 1.震荡市:代码✅(评分:100) | 5K✅ | 2.基础✅(K:15 A:75.3 W:356.6) | 3.盈亏比✅(5.73≥1.3 需W>0.0) | 4.靠轨✅(多:❌ 空:✅) | 5.过滤✅(偏:neutral 触:10 向:buy) | 6.时效✅(剩:34s) | ==> 综合: 多🔴 空🔴
2026-04-17 23:57:29,292 | [价格] Last:77745.6 | Mark:77799.27304348 | 延迟:0.0s | aggDelay:0.0s
2026-04-17 23:57:29,974 | [开仓雷达] 1.震荡市:代码✅(评分:100) | 5K✅ | 2.基础✅(K:15 A:75.3 W:356.6) | 3.盈亏比✅(5.73≥1.3 需W>0.0) | 4.靠轨✅(多:❌ 空:✅) | 5.过滤✅(偏:neutral 触:10 向:sell) | 6.时效✅(剩:32s) | ==> 综合: 多🔴 空🟢
2026-04-17 23:57:31,149 | ⚠️ 价格偏离异常，仅暂停开仓判断，止盈止损继续执行
2026-04-17 23:57:31,575 | ⚠️ 价格偏离异常，仅暂停开仓判断，止盈止损继续执行
2026-04-17 23:57:31,973 | ⚠️ 价格偏离异常，仅暂停开仓判断，止盈止损继续执行
2026-04-17 23:57:32,373 | ⚠️ 价格偏离异常，仅暂停开仓判断，止盈止损继续执行
2026-04-17 23:57:32,373 | [开仓雷达] 1.震荡市:代码✅(评分:100) | 5K✅ | 2.基础✅(K:15 A:75.3 W:356.6) | 3.盈亏比✅(5.73≥1.3 需W>0.0) | 4.靠轨✅(多:❌ 空:✅) | 5.过滤✅(偏:neutral 触:10 向:sell) | 6.时效✅(剩:29s) | ==> 综合: 多🔴 空🟢
2026-04-17 23:57:32,435 | ⚠️ 价格偏离异常，仅暂停开仓判断，止盈止损继续执行
2026-04-17 23:57:32,594 | ⚠️ 价格偏离异常，仅暂停开仓判断，止盈止损继续执行
2026-04-17 23:57:33,579 | ⚠️ 价格偏离异常，仅暂停开仓判断，止盈止损继续执行
2026-04-17 23:57:34,170 | [余额同步] 本地模式，初始资金: 10000.0 U
2026-04-17 23:57:34,170 | [账户监控] 无持仓
2026-04-17 23:57:34,285 | ⚠️ 价格偏离异常，仅暂停开仓判断，止盈止损继续执行
2026-04-17 23:57:34,541 | ⚠️ 价格偏离异常，仅暂停开仓判断，止盈止损继续执行
2026-04-17 23:57:34,541 | [价格] Last:77743.2 | Mark:77827.9 | 延迟:0.0s | aggDelay:0.0s
2026-04-17 23:57:34,541 | [开仓雷达] 1.震荡市:代码✅(评分:100) | 5K✅ | 2.基础✅(K:15 A:75.3 W:356.6) | 3.盈亏比✅(5.73≥1.3 需W>0.0) | 4.靠轨✅(多:❌ 空:✅) | 5.过滤✅(偏:bull 触:10 向:buy) | 6.时效✅(剩:27s) | ==> 综合: 多🔴 空🔴
2026-04-17 23:57:35,729 | ⚠️ 价格偏离异常，仅暂停开仓判断，止盈止损继续执行
2026-04-17 23:57:36,258 | ⚠️ 价格偏离异常，仅暂停开仓判断，止盈止损继续执行
2026-04-17 23:57:36,406 | ⚠️ 价格偏离异常，仅暂停开仓判断，止盈止损继续执行
2026-04-17 23:57:36,590 | ⚠️ 价格偏离异常，仅暂停开仓判断，止盈止损继续执行
2026-04-17 23:57:36,590 | [开仓雷达] 1.震荡市:代码✅(评分:100) | 5K✅ | 2.基础✅(K:15 A:75.3 W:356.6) | 3.盈亏比✅(5.73≥1.3 需W>0.0) | 4.靠轨✅(多:❌ 空:✅) | 5.过滤✅(偏:bull 触:10 向:buy) | 6.时效✅(剩:25s) | ==> 综合: 多🔴 空🔴
2026-04-17 23:57:36,744 | ⚠️ 价格偏离异常，仅暂停开仓判断，止盈止损继续执行
2026-04-17 23:57:38,743 | [开仓雷达] 1.震荡市:代码✅(评分:100) | 5K✅ | 2.基础✅(K:15 A:75.3 W:356.6) | 3.盈亏比✅(5.73≥1.3 需W>0.0) | 4.靠轨✅(多:❌ 空:✅) | 5.过滤✅(偏:bull 触:10 向:buy) | 6.时效✅(剩:23s) | ==> 综合: 多🔴 空🔴
2026-04-17 23:57:39,596 | [价格] Last:77743.4 | Mark:77805.33175725 | 延迟:0.0s | aggDelay:0.0s
2026-04-17 23:57:40,885 | [开仓雷达] 1.震荡市:代码✅(评分:100) | 5K✅ | 2.基础✅(K:15 A:75.3 W:356.6) | 3.盈亏比✅(5.73≥1.3 需W>0.0) | 4.靠轨✅(多:❌ 空:✅) | 5.过滤✅(偏:bull 触:10 向:buy) | 6.时效✅(剩:21s) | ==> 综合: 多🔴 空🔴
2026-04-17 23:57:42,171 | [余额同步] 本地模式，初始资金: 10000.0 U
2026-04-17 23:57:42,171 | [账户监控] 无持仓
2026-04-17 23:57:42,901 | [开仓雷达] 1.震荡市:代码✅(评分:100) | 5K✅ | 2.基础✅(K:15 A:75.3 W:356.6) | 3.盈亏比✅(5.73≥1.3 需W>0.0) | 4.靠轨✅(多:❌ 空:✅) | 5.过滤✅(偏:bull 触:10 向:buy) | 6.时效✅(剩:19s) | ==> 综合: 多🔴 空🔴
2026-04-17 23:57:45,017 | [价格] Last:77743.4 | Mark:77801.07740942 | 延迟:0.0s | aggDelay:0.0s
2026-04-17 23:57:45,017 | [开仓雷达] 1.震荡市:代码✅(评分:100) | 5K✅ | 2.基础✅(K:15 A:75.3 W:356.6) | 3.盈亏比✅(5.73≥1.3 需W>0.0) | 4.靠轨✅(多:❌ 空:✅) | 5.过滤✅(偏:bull 触:10 向:buy) | 6.时效✅(剩:17s) | ==> 综合: 多🔴 空🔴
2026-04-17 23:57:47,502 | [开仓雷达] 1.震荡市:代码✅(评分:100) | 5K✅ | 2.基础✅(K:15 A:75.3 W:356.6) | 3.盈亏比✅(5.73≥1.3 需W>0.0) | 4.靠轨✅(多:❌ 空:✅) | 5.过滤✅(偏:bull 触:10 向:buy) | 6.时效✅(剩:14s) | ==> 综合: 多🔴 空🔴
2026-04-17 23:57:49,911 | [开仓雷达] 1.震荡市:代码✅(评分:100) | 5K✅ | 2.基础✅(K:15 A:75.3 W:356.6) | 3.盈亏比✅(5.73≥1.3 需W>0.0) | 4.靠轨✅(多:❌ 空:✅) | 5.过滤✅(偏:bull 触:10 向:buy) | 6.时效✅(剩:12s) | ==> 综合: 多🔴 空🔴
2026-04-17 23:57:50,057 | [价格] Last:77743.1 | Mark:77790.96882246 | 延迟:0.0s | aggDelay:0.0s
2026-04-17 23:57:50,171 | [余额同步] 本地模式，初始资金: 10000.0 U
2026-04-17 23:57:50,171 | [账户监控] 无持仓
2026-04-17 23:57:51,937 | [开仓雷达] 1.震荡市:代码✅(评分:100) | 5K✅ | 2.基础✅(K:15 A:75.3 W:356.6) | 3.盈亏比✅(5.73≥1.3 需W>0.0) | 4.靠轨✅(多:❌ 空:✅) | 5.过滤✅(偏:bull 触:10 向:buy) | 6.时效✅(剩:10s) | ==> 综合: 多🔴 空🔴
2026-04-17 23:57:54,346 | [开仓雷达] 1.震荡市:代码✅(评分:100) | 5K✅ | 2.基础✅(K:15 A:75.3 W:356.6) | 3.盈亏比✅(5.73≥1.3 需W>0.0) | 4.靠轨✅(多:❌ 空:✅) | 5.过滤✅(偏:bull 触:10 向:buy) | 6.时效✅(剩:7s) | ==> 综合: 多🔴 空🔴
2026-04-17 23:57:55,145 | [价格] Last:77743.4 | Mark:77780.42846014 | 延迟:0.0s | aggDelay:0.2s
2026-04-17 23:57:56,441 | [开仓雷达] 1.震荡市:代码✅(评分:100) | 5K✅ | 2.基础✅(K:15 A:75.3 W:356.6) | 3.盈亏比✅(5.73≥1.3 需W>0.0) | 4.靠轨✅(多:❌ 空:✅) | 5.过滤✅(偏:bull 触:10 向:buy) | 6.时效✅(剩:5s) | ==> 综合: 多🔴 空🔴
2026-04-17 23:57:58,172 | [余额同步] 本地模式，初始资金: 10000.0 U
2026-04-17 23:57:58,172 | [账户监控] 无持仓
2026-04-17 23:57:58,819 | [开仓雷达] 1.震荡市:代码✅(评分:100) | 5K✅ | 2.基础✅(K:15 A:75.3 W:356.6) | 3.盈亏比✅(5.73≥1.3 需W>0.0) | 4.靠轨✅(多:❌ 空:✅) | 5.过滤✅(偏:bull 触:10 向:buy) | 6.时效✅(剩:3s) | ==> 综合: 多🔴 空🔴
2026-04-17 23:58:00,660 | [价格] Last:77744.9 | Mark:77779.04487319 | 延迟:0.0s | aggDelay:0.0s
2026-04-17 23:58:00,820 | [开仓雷达] 1.震荡市:代码✅(评分:100) | 5K✅ | 2.基础✅(K:15 A:75.3 W:356.6) | 3.盈亏比✅(5.73≥1.3 需W>0.0) | 4.靠轨✅(多:❌ 空:✅) | 5.过滤✅(偏:bull 触:10 向:buy) | 6.时效✅(剩:1s) | ==> 综合: 多🔴 空🔴
2026-04-17 23:58:01,682 | ✅ 本地挂单成功 SELL | 价格:77740 | 数量:0.019 | 平仓单:False
2026-04-17 23:58:03,000 | 🎉 [本地限价单成交] SELL | 成交价:77740.0 | 数量:0.038
2026-04-17 23:58:03,000 | [开仓雷达] 1.震荡市:代码✅(评分:70) | 5K✅ | 2.基础✅(K:15 A:53.7 W:356.6) | 3.盈亏比✅(5.73≥1.3 需W>0.0) | 4.靠轨✅(多:❌ 空:✅) | 5.过滤✅(偏:bear 触:5 向:buy) | 6.时效✅(剩:119s) | ==> 综合: 多🔴 空🔴
2026-04-17 23:58:03,355 | [本地持仓状态-ROI修正] short | 当前ROI:-0.07% | 最高ROI:0.00% | 状态面板: 追踪止盈(未启动🟢)
2026-04-17 23:58:05,028 | [开仓雷达] 1.震荡市:代码✅(评分:70) | 5K✅ | 2.基础✅(K:15 A:53.7 W:356.6) | 3.盈亏比✅(5.73≥1.3 需W>0.0) | 4.靠轨✅(多:❌ 空:✅) | 5.过滤✅(偏:neutral 触:10 向:buy) | 6.时效✅(剩:117s) | ==> 综合: 多🔴 空🔴
2026-04-17 23:58:05,434 | [本地持仓状态-ROI修正] short | 当前ROI:0.01% | 最高ROI:0.02% | 状态面板: 追踪止盈(手续费不足🟡 当前ROI:0.01%<0.8%)
2026-04-17 23:58:05,917 | [价格] Last:77739.0 | Mark:77776.89382246 | 延迟:0.0s | aggDelay:0.0s
2026-04-17 23:58:06,173 | [余额同步] 本地模式，初始资金: 10000.0 U
2026-04-17 23:58:06,173 | [本地账户监控] short | 数量:0.038 | 均价:77740.0 | 现价:77739.0 | 浮盈:0.04U | ROI:0.03%
2026-04-17 23:58:07,144 | [开仓雷达] 1.震荡市:代码✅(评分:70) | 5K✅ | 2.基础✅(K:15 A:53.7 W:356.6) | 3.盈亏比✅(5.73≥1.3 需W>0.0) | 4.靠轨✅(多:❌ 空:✅) | 5.过滤✅(偏:neutral 触:10 向:sell) | 6.时效✅(剩:115s) | ==> 综合: 多🔴 空🟢
2026-04-17 23:58:07,505 | [本地持仓状态-ROI修正] short | 当前ROI:0.03% | 最高ROI:0.03% | 状态面板: 追踪止盈(手续费不足🟡 当前ROI:0.03%<0.8%)
2026-04-17 23:58:09,208 | [开仓雷达] 1.震荡市:代码✅(评分:70) | 5K✅ | 2.基础✅(K:15 A:53.7 W:356.6) | 3.盈亏比✅(5.73≥1.3 需W>0.0) | 4.靠轨✅(多:❌ 空:✅) | 5.过滤✅(偏:neutral 触:10 向:buy) | 6.时效✅(剩:112s) | ==> 综合: 多🔴 空🔴
2026-04-17 23:58:10,152 | [本地持仓状态-ROI修正] short | 当前ROI:0.02% | 最高ROI:0.03% | 状态面板: 追踪止盈(手续费不足🟡 当前ROI:0.02%<0.8%)
2026-04-17 23:58:10,921 | [价格] Last:77739.1 | Mark:77777.60021739 | 延迟:0.0s | aggDelay:0.0s
2026-04-17 23:58:11,287 | [开仓雷达] 1.震荡市:代码✅(评分:70) | 5K✅ | 2.基础✅(K:15 A:53.7 W:356.6) | 3.盈亏比✅(5.73≥1.3 需W>0.0) | 4.靠轨✅(多:❌ 空:✅) | 5.过滤✅(偏:bear 触:10 向:buy) | 6.时效✅(剩:110s) | ==> 综合: 多🔴 空🔴
2026-04-17 23:58:11,447 | [平仓触发] 硬止损(0.08%)
2026-04-17 23:58:11,447 | [本地市价平仓成功] BUY | 价格:77745.5
2026-04-17 23:58:13,626 | [开仓雷达] 1.震荡市:代码✅(评分:70) | 5K✅ | 2.基础✅(K:15 A:53.7 W:356.6) | 3.盈亏比✅(5.73≥1.3 需W>0.0) | 4.靠轨✅(多:❌ 空:✅) | 5.过滤✅(偏:bear 触:10 向:buy) | 6.时效✅(剩:108s) | ==> 综合: 多🔴 空🔴
2026-04-17 23:58:14,173 | [余额同步] 本地模式，初始资金: 10000.0 U
2026-04-17 23:58:14,173 | [账户监控] 无持仓
2026-04-17 23:58:15,731 | [开仓雷达] 1.震荡市:代码✅(评分:70) | 5K✅ | 2.基础✅(K:15 A:53.7 W:356.6) | 3.盈亏比✅(5.73≥1.3 需W>0.0) | 4.靠轨✅(多:❌ 空:✅) | 5.过滤✅(偏:bear 触:10 向:buy) | 6.时效✅(剩:106s) | ==> 综合: 多🔴 空🔴
2026-04-17 23:58:16,149 | [价格] Last:77745.6 | Mark:77759.83471014 | 延迟:0.0s | aggDelay:0.3s
2026-04-17 23:58:18,258 | [开仓雷达] 1.震荡市:代码✅(评分:70) | 5K✅ | 2.基础✅(K:15 A:53.7 W:356.6) | 3.盈亏比✅(5.73≥1.3 需W>0.0) | 4.靠轨✅(多:❌ 空:✅) | 5.过滤✅(偏:bear 触:10 向:sell) | 6.时效✅(剩:103s) | ==> 综合: 多🔴 空🟢
2026-04-17 23:58:20,654 | [开仓雷达] 1.震荡市:代码✅(评分:70) | 5K✅ | 2.基础✅(K:15 A:53.7 W:356.6) | 3.盈亏比✅(5.73≥1.3 需W>0.0) | 4.靠轨✅(多:❌ 空:✅) | 5.过滤✅(偏:bear 触:10 向:sell) | 6.时效✅(剩:101s) | ==> 综合: 多🔴 空🟢
2026-04-17 23:58:21,474 | [价格] Last:77745.5 | Mark:77745.57601449 | 延迟:0.0s | aggDelay:0.0s
2026-04-17 23:58:22,173 | [余额同步] 本地模式，初始资金: 10000.0 U
2026-04-17 23:58:22,174 | [账户监控] 无持仓
2026-04-17 23:58:22,669 | [开仓雷达] 1.震荡市:代码✅(评分:70) | 5K✅ | 2.基础✅(K:15 A:53.7 W:356.6) | 3.盈亏比✅(5.73≥1.3 需W>0.0) | 4.靠轨✅(多:❌ 空:✅) | 5.过滤✅(偏:bear 触:10 向:buy) | 6.时效✅(剩:99s) | ==> 综合: 多🔴 空🔴
2026-04-17 23:58:24,746 | [开仓雷达] 1.震荡市:代码✅(评分:70) | 5K✅ | 2.基础✅(K:15 A:53.7 W:356.6) | 3.盈亏比✅(5.73≥1.3 需W>0.0) | 4.靠轨✅(多:❌ 空:✅) | 5.过滤✅(偏:bear 触:10 向:buy) | 6.时效✅(剩:97s) | ==> 综合: 多🔴 空🔴
2026-04-17 23:58:27,264 | [价格] Last:77748.2 | Mark:77757.47525362 | 延迟:0.0s | aggDelay:0.0s
2026-04-17 23:58:27,264 | [开仓雷达] 1.震荡市:代码✅(评分:70) | 5K✅ | 2.基础✅(K:15 A:53.7 W:356.6) | 3.盈亏比✅(5.73≥1.3 需W>0.0) | 4.靠轨✅(多:❌ 空:✅) | 5.过滤✅(偏:bear 触:10 向:buy) | 6.时效✅(剩:94s) | ==> 综合: 多🔴 空🔴
2026-04-17 23:58:27,415 | ✅ 本地挂单成功 SELL | 价格:77740 | 数量:0.038 | 平仓单:False
2026-04-17 23:58:28,534 | 🎉 [本地限价单成交] SELL | 成交价:77740.0 | 数量:0.038
2026-04-17 23:58:28,710 | [本地持仓状态-ROI修正] short | 当前ROI:-0.00% | 最高ROI:0.00% | 状态面板: 追踪止盈(未启动🟢)
2026-04-17 23:58:28,972 | [平仓触发] 硬止损(0.08%)
2026-04-17 23:58:28,972 | [本地市价平仓成功] BUY | 价格:77744.0
2026-04-17 23:58:29,453 | [开仓雷达] 1.震荡市:代码✅(评分:70) | 5K✅ | 2.基础✅(K:15 A:53.7 W:356.6) | 3.盈亏比✅(5.73≥1.3 需W>0.0) | 4.靠轨✅(多:❌ 空:✅) | 5.过滤✅(偏:bear 触:10 向:sell) | 6.时效✅(剩:92s) | ==> 综合: 多🔴 空🟢
2026-04-17 23:58:30,174 | [余额同步] 本地模式，初始资金: 10000.0 U
2026-04-17 23:58:30,175 | [账户监控] 无持仓
2026-04-17 23:58:31,698 | [开仓雷达] 1.震荡市:代码✅(评分:70) | 5K✅ | 2.基础✅(K:15 A:53.7 W:356.6) | 3.盈亏比✅(5.73≥1.3 需W>0.0) | 4.靠轨✅(多:❌ 空:✅) | 5.过滤✅(偏:bear 触:10 向:sell) | 6.时效✅(剩:90s) | ==> 综合: 多🔴 空🟢
2026-04-17 23:58:32,649 | [价格] Last:77744.0 | Mark:77747.8132971 | 延迟:0.0s | aggDelay:0.0s
2026-04-17 23:58:33,831 | [开仓雷达] 1.震荡市:代码✅(评分:70) | 5K✅ | 2.基础✅(K:15 A:53.7 W:356.6) | 3.盈亏比✅(5.73≥1.3 需W>0.0) | 4.靠轨✅(多:❌ 空:✅) | 5.过滤✅(偏:bull 触:10 向:sell) | 6.时效✅(剩:88s) | ==> 综合: 多🔴 空🟢
2026-04-17 23:58:35,168 | ✅ 本地挂单成功 SELL | 价格:77740 | 数量:0.038 | 平仓单:False
2026-04-17 23:58:36,034 | [开仓雷达] 1.震荡市:代码✅(评分:70) | 5K✅ | 2.基础✅(K:15 A:53.7 W:356.6) | 3.盈亏比✅(5.73≥1.3 需W>0.0) | 4.靠轨✅(多:❌ 空:✅) | 5.过滤✅(偏:bull 触:10 向:buy) | 6.时效✅(剩:86s) | ==> 综合: 多🔴 空🔴
2026-04-17 23:58:37,824 | [价格] Last:77744.9 | Mark:77739.30844203 | 延迟:0.0s | aggDelay:0.0s
2026-04-17 23:58:38,176 | [余额同步] 本地模式，初始资金: 10000.0 U
2026-04-17 23:58:38,176 | [账户监控] 无持仓
2026-04-17 23:58:38,301 | [开仓雷达] 1.震荡市:代码✅(评分:70) | 5K✅ | 2.基础✅(K:15 A:53.7 W:356.6) | 3.盈亏比✅(5.73≥1.3 需W>0.0) | 4.靠轨✅(多:❌ 空:✅) | 5.过滤✅(偏:bull 触:10 向:sell) | 6.时效✅(剩:83s) | ==> 综合: 多🔴 空🟢
2026-04-17 23:58:41,325 | 🎉 [本地限价单成交] SELL | 成交价:77740.0 | 数量:0.038
2026-04-17 23:58:41,326 | [开仓雷达] 1.震荡市:代码✅(评分:70) | 5K✅ | 2.基础✅(K:15 A:53.7 W:356.6) | 3.盈亏比✅(5.73≥1.3 需W>0.0) | 4.靠轨✅(多:❌ 空:✅) | 5.过滤✅(偏:bull 触:10 向:buy) | 6.时效✅(剩:80s) | ==> 综合: 多🔴 空🔴
2026-04-17 23:58:41,331 | [平仓触发] 硬止损(0.08%)
2026-04-17 23:58:41,331 | [本地市价平仓成功] BUY | 价格:77744.9
2026-04-17 23:58:44,017 | [价格] Last:77744.9 | Mark:77733.54490942 | 延迟:0.0s | aggDelay:0.0s
2026-04-17 23:58:44,017 | [开仓雷达] 1.震荡市:代码✅(评分:70) | 5K✅ | 2.基础✅(K:15 A:53.7 W:356.6) | 3.盈亏比✅(5.73≥1.3 需W>0.0) | 4.靠轨✅(多:❌ 空:✅) | 5.过滤✅(偏:bull 触:10 向:buy) | 6.时效✅(剩:78s) | ==> 综合: 多🔴 空🔴
2026-04-17 23:58:44,182 | ✅ 本地挂单成功 SELL | 价格:77740 | 数量:0.038 | 平仓单:False
2026-04-17 23:58:46,139 | [开仓雷达] 1.震荡市:代码✅(评分:70) | 5K✅ | 2.基础✅(K:15 A:53.7 W:356.6) | 3.盈亏比✅(5.73≥1.3 需W>0.0) | 4.靠轨✅(多:❌ 空:✅) | 5.过滤✅(偏:bull 触:10 向:sell) | 6.时效✅(剩:76s) | ==> 综合: 多🔴 空🟢
2026-04-17 23:58:46,177 | [余额同步] 本地模式，初始资金: 10000.0 U
2026-04-17 23:58:46,177 | [账户监控] 无持仓
2026-04-17 23:58:48,557 | [开仓雷达] 1.震荡市:代码✅(评分:70) | 5K✅ | 2.基础✅(K:15 A:53.7 W:356.6) | 3.盈亏比✅(5.73≥1.3 需W>0.0) | 4.靠轨❌(多:❌ 空:❌) | 5.过滤✅(偏:bull 触:10 向:sell) | 6.时效✅(剩:73s) | ==> 综合: 多🔴 空🔴
2026-04-17 23:58:49,028 | [价格] Last:77731.0 | Mark:77731.48708333 | 延迟:0.0s | aggDelay:0.0s
2026-04-17 23:58:50,595 | [开仓雷达] 1.震荡市:代码✅(评分:70) | 5K✅ | 2.基础✅(K:15 A:53.7 W:356.6) | 3.盈亏比✅(5.73≥1.3 需W>0.0) | 4.靠轨❌(多:❌ 空:❌) | 5.过滤✅(偏:bull 触:10 向:sell) | 6.时效✅(剩:71s) | ==> 综合: 多🔴 空🔴
2026-04-17 23:58:51,822 | 🎉 [本地限价单成交] SELL | 成交价:77740.0 | 数量:0.038
2026-04-17 23:58:52,142 | [平仓触发] 硬止损(0.08%)
2026-04-17 23:58:52,142 | [本地市价平仓成功] BUY | 价格:77744.9
2026-04-17 23:58:52,773 | [开仓雷达] 1.震荡市:代码✅(评分:70) | 5K✅ | 2.基础✅(K:15 A:53.7 W:356.6) | 3.盈亏比✅(5.73≥1.3 需W>0.0) | 4.靠轨✅(多:❌ 空:✅) | 5.过滤✅(偏:bull 触:10 向:sell) | 6.时效✅(剩:69s) | ==> 综合: 多🔴 空🟢
2026-04-17 23:58:54,112 | [价格] Last:77740.1 | Mark:77740.0 | 延迟:0.0s | aggDelay:0.0s
2026-04-17 23:58:54,177 | [余额同步] 本地模式，初始资金: 10000.0 U
2026-04-17 23:58:54,177 | [账户监控] 无持仓
2026-04-17 23:58:55,166 | [开仓雷达] 1.震荡市:代码✅(评分:70) | 5K✅ | 2.基础✅(K:15 A:53.7 W:356.6) | 3.盈亏比✅(5.73≥1.3 需W>0.0) | 4.靠轨✅(多:❌ 空:✅) | 5.过滤✅(偏:bull 触:10 向:sell) | 6.时效✅(剩:67s) | ==> 综合: 多🔴 空🟢
2026-04-17 23:58:57,219 | [开仓雷达] 1.震荡市:代码✅(评分:70) | 5K✅ | 2.基础✅(K:15 A:53.7 W:356.6) | 3.盈亏比✅(5.73≥1.3 需W>0.0) | 4.靠轨❌(多:❌ 空:❌) | 5.过滤✅(偏:bull 触:10 向:sell) | 6.时效✅(剩:64s) | ==> 综合: 多🔴 空🔴
2026-04-17 23:58:59,361 | [价格] Last:77731.0 | Mark:77733.04278986 | 延迟:0.0s | aggDelay:0.0s
2026-04-17 23:58:59,361 | [开仓雷达] 1.震荡市:代码✅(评分:70) | 5K✅ | 2.基础✅(K:15 A:53.7 W:356.6) | 3.盈亏比✅(5.73≥1.3 需W>0.0) | 4.靠轨❌(多:❌ 空:❌) | 5.过滤✅(偏:bull 触:10 向:sell) | 6.时效✅(剩:62s) | ==> 综合: 多🔴 空🔴
2026-04-17 23:59:01,514 | [开仓雷达] 1.震荡市:代码✅(评分:70) | 5K✅ | 2.基础✅(K:15 A:38.7 W:359.3) | 3.盈亏比✅(5.78≥1.3 需W>0.0) | 4.靠轨❌(多:❌ 空:❌) | 5.过滤✅(偏:bear 触:10 向:sell) | 6.时效✅(剩:60s) | ==> 综合: 多🔴 空🔴
2026-04-17 23:59:02,178 | [余额同步] 本地模式，初始资金: 10000.0 U
2026-04-17 23:59:02,178 | [账户监控] 无持仓
2026-04-17 23:59:03,522 | [开仓雷达] 1.震荡市:代码✅(评分:70) | 5K✅ | 2.基础✅(K:15 A:38.7 W:359.3) | 3.盈亏比✅(5.78≥1.3 需W>0.0) | 4.靠轨❌(多:❌ 空:❌) | 5.过滤✅(偏:bear 触:10 向:sell) | 6.时效✅(剩:58s) | ==> 综合: 多🔴 空🔴
2026-04-17 23:59:05,453 | [价格] Last:77731.0 | Mark:77720.56244565 | 延迟:0.0s | aggDelay:0.0s
2026-04-17 23:59:05,970 | [开仓雷达] 1.震荡市:代码✅(评分:70) | 5K✅ | 2.基础✅(K:15 A:38.7 W:359.3) | 3.盈亏比✅(5.78≥1.3 需W>0.0) | 4.靠轨❌(多:❌ 空:❌) | 5.过滤✅(偏:bear 触:10 向:sell) | 6.时效✅(剩:56s) | ==> 综合: 多🔴 空🔴
2026-04-17 23:59:08,263 | [开仓雷达] 1.震荡市:代码✅(评分:70) | 5K✅ | 2.基础✅(K:15 A:38.7 W:359.3) | 3.盈亏比✅(5.78≥1.3 需W>0.0) | 4.靠轨❌(多:❌ 空:❌) | 5.过滤✅(偏:bull 触:10 向:sell) | 6.时效✅(剩:53s) | ==> 综合: 多🔴 空🔴
2026-04-17 23:59:10,178 | [余额同步] 本地模式，初始资金: 10000.0 U
2026-04-17 23:59:10,179 | [账户监控] 无持仓
2026-04-17 23:59:10,404 | [开仓雷达] 1.震荡市:代码✅(评分:70) | 5K✅ | 2.基础✅(K:15 A:38.7 W:359.3) | 3.盈亏比✅(5.78≥1.3 需W>0.0) | 4.靠轨❌(多:❌ 空:❌) | 5.过滤✅(偏:bull 触:10 向:sell) | 6.时效✅(剩:51s) | ==> 综合: 多🔴 空🔴
2026-04-17 23:59:11,087 | [价格] Last:77723.3 | Mark:77713.51865942 | 延迟:0.0s | aggDelay:0.0s
2026-04-17 23:59:12,674 | [开仓雷达] 1.震荡市:代码✅(评分:70) | 5K✅ | 2.基础✅(K:15 A:38.7 W:359.3) | 3.盈亏比✅(5.78≥1.3 需W>0.0) | 4.靠轨❌(多:❌ 空:❌) | 5.过滤✅(偏:bull 触:10 向:sell) | 6.时效✅(剩:49s) | ==> 综合: 多🔴 空🔴
2026-04-17 23:59:15,817 | [开仓雷达] 1.震荡市:代码✅(评分:70) | 5K✅ | 2.基础✅(K:15 A:38.7 W:359.3) | 3.盈亏比✅(5.78≥1.3 需W>0.0) | 4.靠轨❌(多:❌ 空:❌) | 5.过滤✅(偏:bull 触:10 向:sell) | 6.时效✅(剩:46s) | ==> 综合: 多🔴 空🔴
2026-04-17 23:59:16,173 | [价格] Last:77730.4 | Mark:77710.93297101 | 延迟:0.0s | aggDelay:0.1s
2026-04-17 23:59:18,459 | [余额同步] 本地模式，初始资金: 10000.0 U
2026-04-17 23:59:18,460 | [账户监控] 无持仓
2026-04-17 23:59:18,885 | [开仓雷达] 1.震荡市:代码✅(评分:70) | 5K✅ | 2.基础✅(K:15 A:38.7 W:359.3) | 3.盈亏比✅(5.78≥1.3 需W>0.0) | 4.靠轨❌(多:❌ 空:❌) | 5.过滤✅(偏:neutral 触:10 向:sell) | 6.时效✅(剩:43s) | ==> 综合: 多🔴 空🔴
