2026-04-24 21:48:19,880 | ======================================
2026-04-24 21:48:19,880 |         V19 终极防洗版 启动成功
2026-04-24 21:48:19,880 |         当前运行模式: 本地撮合 (实盘行情)
2026-04-24 21:48:19,880 |         仓位控制: 总资金 30% 动态开仓
2026-04-24 21:48:19,880 | ======================================
2026-04-24 21:48:20,787 | [时间同步] 完成
2026-04-24 21:48:20,789 | [余额同步] 本地模式，初始资金: 10000.0 U
2026-04-24 21:48:20,789 | [本地持仓] None
2026-04-24 21:48:20,792 | [余额同步] 本地模式，初始资金: 10000.0 U
2026-04-24 21:48:20,792 | [本地持仓监控] 无持仓 | 账户余额:10000.0 U | 预计开仓量:0.05
2026-04-24 21:48:21,785 | Websocket connected
2026-04-24 21:48:21,787 | [WebSocket] 连接成功 ✅ (模式: 本地撮合-实盘行情)
2026-04-24 21:48:21,787 | [本地持仓] None
2026-04-24 21:48:21,980 | [WebSocket] 行情订阅成功 ✅
2026-04-24 21:48:28,794 | [余额同步] 本地模式，初始资金: 10000.0 U
2026-04-24 21:48:28,794 | [本地持仓监控] 无持仓 | 账户余额:10000.0 U | 预计开仓量:0.05
2026-04-24 21:48:36,795 | [余额同步] 本地模式，初始资金: 10000.0 U
2026-04-24 21:48:36,795 | [本地持仓监控] 无持仓 | 账户余额:10000.0 U | 预计开仓量:0.05
2026-04-24 21:48:44,795 | [余额同步] 本地模式，初始资金: 10000.0 U
2026-04-24 21:48:44,795 | [本地持仓监控] 无持仓 | 账户余额:10000.0 U | 预计开仓量:0.05
2026-04-24 21:48:52,796 | [余额同步] 本地模式，初始资金: 10000.0 U
2026-04-24 21:48:52,796 | [本地持仓监控] 无持仓 | 账户余额:10000.0 U | 预计开仓量:0.05
2026-04-24 21:49:00,796 | [余额同步] 本地模式，初始资金: 10000.0 U
2026-04-24 21:49:00,797 | [本地持仓监控] 无持仓 | 账户余额:10000.0 U | 预计开仓量:0.05
2026-04-24 21:49:08,797 | [余额同步] 本地模式，初始资金: 10000.0 U
2026-04-24 21:49:08,797 | [本地持仓监控] 无持仓 | 账户余额:10000.0 U | 预计开仓量:0.05
2026-04-24 21:49:16,798 | [余额同步] 本地模式，初始资金: 10000.0 U
2026-04-24 21:49:16,798 | [本地持仓监控] 无持仓 | 账户余额:10000.0 U | 预计开仓量:0.05
2026-04-24 21:49:24,798 | [余额同步] 本地模式，初始资金: 10000.0 U
2026-04-24 21:49:24,798 | [本地持仓监控] 无持仓 | 账户余额:10000.0 U | 预计开仓量:0.05
2026-04-24 21:49:32,799 | [余额同步] 本地模式，初始资金: 10000.0 U
2026-04-24 21:49:32,799 | [本地持仓监控] 无持仓 | 账户余额:10000.0 U | 预计开仓量:0.05
2026-04-24 21:49:40,800 | [余额同步] 本地模式，初始资金: 10000.0 U
2026-04-24 21:49:40,800 | [本地持仓监控] 无持仓 | 账户余额:10000.0 U | 预计开仓量:0.05
2026-04-24 21:49:48,802 | [余额同步] 本地模式，初始资金: 10000.0 U
2026-04-24 21:49:48,802 | [本地持仓监控] 无持仓 | 账户余额:10000.0 U | 预计开仓量:0.05
2026-04-24 21:49:56,803 | [余额同步] 本地模式，初始资金: 10000.0 U
2026-04-24 21:49:56,804 | [本地持仓监控] 无持仓 | 账户余额:10000.0 U | 预计开仓量:0.05
2026-04-24 21:50:04,804 | [余额同步] 本地模式，初始资金: 10000.0 U
2026-04-24 21:50:04,805 | [本地持仓监控] 无持仓 | 账户余额:10000.0 U | 预计开仓量:0.05
2026-04-24 21:50:12,805 | [余额同步] 本地模式，初始资金: 10000.0 U
2026-04-24 21:50:12,805 | [本地持仓监控] 无持仓 | 账户余额:10000.0 U | 预计开仓量:0.05
2026-04-24 21:50:15,774 | [程序退出]
