2026-04-24 21:20:51,520 | ======================================
2026-04-24 21:20:51,520 |         V19 终极防洗版 启动成功
2026-04-24 21:20:51,520 |         当前运行模式: 本地撮合 (实盘行情)
2026-04-24 21:20:51,520 |         仓位控制: 总资金 30% 动态开仓
2026-04-24 21:20:51,520 | ======================================
2026-04-24 21:20:52,410 | [时间同步] 完成
2026-04-24 21:20:52,415 | [余额同步] 本地模式，初始资金: 10000.0 U
2026-04-24 21:20:52,415 | [本地持仓] None
2026-04-24 21:20:52,421 | [余额同步] 本地模式，初始资金: 10000.0 U
2026-04-24 21:20:52,422 | [本地持仓监控] 无持仓 | 账户余额:10000.0 U | 预计开仓量:0.05
2026-04-24 21:20:53,174 | Websocket connected
2026-04-24 21:20:53,174 | [WebSocket] 连接成功 ✅ (模式: 本地撮合-实盘行情)
2026-04-24 21:20:53,174 | [本地持仓] None
2026-04-24 21:20:53,426 | [WebSocket] 行情订阅成功 ✅
2026-04-24 21:21:00,434 | [余额同步] 本地模式，初始资金: 10000.0 U
2026-04-24 21:21:00,434 | [本地持仓监控] 无持仓 | 账户余额:10000.0 U | 预计开仓量:0.05
2026-04-24 21:21:08,435 | [余额同步] 本地模式，初始资金: 10000.0 U
2026-04-24 21:21:08,435 | [本地持仓监控] 无持仓 | 账户余额:10000.0 U | 预计开仓量:0.05
2026-04-24 21:21:16,435 | [余额同步] 本地模式，初始资金: 10000.0 U
2026-04-24 21:21:16,435 | [本地持仓监控] 无持仓 | 账户余额:10000.0 U | 预计开仓量:0.05
2026-04-24 21:21:24,436 | [余额同步] 本地模式，初始资金: 10000.0 U
2026-04-24 21:21:24,436 | [本地持仓监控] 无持仓 | 账户余额:10000.0 U | 预计开仓量:0.05
2026-04-24 21:21:32,436 | [余额同步] 本地模式，初始资金: 10000.0 U
2026-04-24 21:21:32,437 | [本地持仓监控] 无持仓 | 账户余额:10000.0 U | 预计开仓量:0.05
2026-04-24 21:21:40,438 | [余额同步] 本地模式，初始资金: 10000.0 U
2026-04-24 21:21:40,438 | [本地持仓监控] 无持仓 | 账户余额:10000.0 U | 预计开仓量:0.05
2026-04-24 21:21:48,438 | [余额同步] 本地模式，初始资金: 10000.0 U
2026-04-24 21:21:48,438 | [本地持仓监控] 无持仓 | 账户余额:10000.0 U | 预计开仓量:0.05
2026-04-24 21:21:56,462 | [余额同步] 本地模式，初始资金: 10000.0 U
2026-04-24 21:21:56,462 | [本地持仓监控] 无持仓 | 账户余额:10000.0 U | 预计开仓量:0.05
2026-04-24 21:22:04,463 | [余额同步] 本地模式，初始资金: 10000.0 U
2026-04-24 21:22:04,463 | [本地持仓监控] 无持仓 | 账户余额:10000.0 U | 预计开仓量:0.05
2026-04-24 21:22:12,475 | [余额同步] 本地模式，初始资金: 10000.0 U
2026-04-24 21:22:12,475 | [本地持仓监控] 无持仓 | 账户余额:10000.0 U | 预计开仓量:0.05
2026-04-24 21:22:20,476 | [余额同步] 本地模式，初始资金: 10000.0 U
2026-04-24 21:22:20,476 | [本地持仓监控] 无持仓 | 账户余额:10000.0 U | 预计开仓量:0.05
2026-04-24 21:22:28,476 | [余额同步] 本地模式，初始资金: 10000.0 U
2026-04-24 21:22:28,476 | [本地持仓监控] 无持仓 | 账户余额:10000.0 U | 预计开仓量:0.05
2026-04-24 21:22:36,476 | [余额同步] 本地模式，初始资金: 10000.0 U
2026-04-24 21:22:36,477 | [本地持仓监控] 无持仓 | 账户余额:10000.0 U | 预计开仓量:0.05
2026-04-24 21:22:44,477 | [余额同步] 本地模式，初始资金: 10000.0 U
2026-04-24 21:22:44,477 | [本地持仓监控] 无持仓 | 账户余额:10000.0 U | 预计开仓量:0.05
2026-04-24 21:22:52,477 | [余额同步] 本地模式，初始资金: 10000.0 U
2026-04-24 21:22:52,478 | [本地持仓监控] 无持仓 | 账户余额:10000.0 U | 预计开仓量:0.05
2026-04-24 21:23:00,478 | [余额同步] 本地模式，初始资金: 10000.0 U
2026-04-24 21:23:00,479 | [本地持仓监控] 无持仓 | 账户余额:10000.0 U | 预计开仓量:0.05
2026-04-24 21:23:08,479 | [余额同步] 本地模式，初始资金: 10000.0 U
2026-04-24 21:23:08,479 | [本地持仓监控] 无持仓 | 账户余额:10000.0 U | 预计开仓量:0.05
2026-04-24 21:23:16,480 | [余额同步] 本地模式，初始资金: 10000.0 U
2026-04-24 21:23:16,480 | [本地持仓监控] 无持仓 | 账户余额:10000.0 U | 预计开仓量:0.05
2026-04-24 21:23:24,480 | [余额同步] 本地模式，初始资金: 10000.0 U
2026-04-24 21:23:24,481 | [本地持仓监控] 无持仓 | 账户余额:10000.0 U | 预计开仓量:0.05
2026-04-24 21:23:32,481 | [余额同步] 本地模式，初始资金: 10000.0 U
2026-04-24 21:23:32,481 | [本地持仓监控] 无持仓 | 账户余额:10000.0 U | 预计开仓量:0.05
2026-04-24 21:23:40,482 | [余额同步] 本地模式，初始资金: 10000.0 U
2026-04-24 21:23:40,482 | [本地持仓监控] 无持仓 | 账户余额:10000.0 U | 预计开仓量:0.05
2026-04-24 21:23:48,482 | [余额同步] 本地模式，初始资金: 10000.0 U
2026-04-24 21:23:48,483 | [本地持仓监控] 无持仓 | 账户余额:10000.0 U | 预计开仓量:0.05
2026-04-24 21:23:56,483 | [余额同步] 本地模式，初始资金: 10000.0 U
2026-04-24 21:23:56,483 | [本地持仓监控] 无持仓 | 账户余额:10000.0 U | 预计开仓量:0.05
2026-04-24 21:24:04,484 | [余额同步] 本地模式，初始资金: 10000.0 U
2026-04-24 21:24:04,484 | [本地持仓监控] 无持仓 | 账户余额:10000.0 U | 预计开仓量:0.05
2026-04-24 21:24:12,484 | [余额同步] 本地模式，初始资金: 10000.0 U
2026-04-24 21:24:12,485 | [本地持仓监控] 无持仓 | 账户余额:10000.0 U | 预计开仓量:0.05
2026-04-24 21:24:20,485 | [余额同步] 本地模式，初始资金: 10000.0 U
2026-04-24 21:24:20,485 | [本地持仓监控] 无持仓 | 账户余额:10000.0 U | 预计开仓量:0.05
2026-04-24 21:24:28,486 | [余额同步] 本地模式，初始资金: 10000.0 U
2026-04-24 21:24:28,486 | [本地持仓监控] 无持仓 | 账户余额:10000.0 U | 预计开仓量:0.05
2026-04-24 21:24:36,486 | [余额同步] 本地模式，初始资金: 10000.0 U
2026-04-24 21:24:36,486 | [本地持仓监控] 无持仓 | 账户余额:10000.0 U | 预计开仓量:0.05
2026-04-24 21:24:44,487 | [余额同步] 本地模式，初始资金: 10000.0 U
2026-04-24 21:24:44,487 | [本地持仓监控] 无持仓 | 账户余额:10000.0 U | 预计开仓量:0.05
2026-04-24 21:24:52,488 | [余额同步] 本地模式，初始资金: 10000.0 U
2026-04-24 21:24:52,488 | [本地持仓监控] 无持仓 | 账户余额:10000.0 U | 预计开仓量:0.05
2026-04-24 21:25:00,489 | [余额同步] 本地模式，初始资金: 10000.0 U
2026-04-24 21:25:00,489 | [本地持仓监控] 无持仓 | 账户余额:10000.0 U | 预计开仓量:0.05
2026-04-24 21:25:08,489 | [余额同步] 本地模式，初始资金: 10000.0 U
2026-04-24 21:25:08,489 | [本地持仓监控] 无持仓 | 账户余额:10000.0 U | 预计开仓量:0.05
2026-04-24 21:25:16,490 | [余额同步] 本地模式，初始资金: 10000.0 U
2026-04-24 21:25:16,490 | [本地持仓监控] 无持仓 | 账户余额:10000.0 U | 预计开仓量:0.05
2026-04-24 21:25:24,490 | [余额同步] 本地模式，初始资金: 10000.0 U
2026-04-24 21:25:24,490 | [本地持仓监控] 无持仓 | 账户余额:10000.0 U | 预计开仓量:0.05
2026-04-24 21:25:32,565 | [余额同步] 本地模式，初始资金: 10000.0 U
2026-04-24 21:25:32,565 | [本地持仓监控] 无持仓 | 账户余额:10000.0 U | 预计开仓量:0.05
2026-04-24 21:25:40,566 | [余额同步] 本地模式，初始资金: 10000.0 U
2026-04-24 21:25:40,566 | [本地持仓监控] 无持仓 | 账户余额:10000.0 U | 预计开仓量:0.05
2026-04-24 21:25:48,567 | [余额同步] 本地模式，初始资金: 10000.0 U
2026-04-24 21:25:48,567 | [本地持仓监控] 无持仓 | 账户余额:10000.0 U | 预计开仓量:0.05
2026-04-24 21:25:56,568 | [余额同步] 本地模式，初始资金: 10000.0 U
2026-04-24 21:25:56,568 | [本地持仓监控] 无持仓 | 账户余额:10000.0 U | 预计开仓量:0.05
2026-04-24 21:26:02,051 | [程序退出]
