2026-04-24 14:21:16,701 | ======================================
2026-04-24 14:21:16,701 |  V23 流动性剃头皮策略 (防卡死+防幽灵+防抢跑增强版) 启动成功
2026-04-24 14:21:16,701 |  当前运行模式: 本地撮合 (测试网行情)
2026-04-24 14:21:16,701 |  策略: 流动性+Sweep+区间评分 | 启动盈利:0.01% | 止损:2.5% | 区间有效期:动态ATR自适应
2026-04-24 14:21:16,701 | ======================================
2026-04-24 14:21:17,934 | [时间同步] 完成
2026-04-24 14:21:17,935 | [历史K线] 正在拉取初始1分钟和15分钟K线数据...
2026-04-24 14:21:19,218 | [历史K线] 成功加载 14 根 1分钟K线
2026-04-24 14:21:20,534 | [历史K线] 成功加载 2 根 15分钟K线
2026-04-24 14:21:20,546 | [余额同步] 本地模式，初始资金: 10000.0 U
2026-04-24 14:21:20,546 | [本地持仓] None
2026-04-24 14:21:20,549 | [余额同步] 本地模式，初始资金: 10000.0 U
2026-04-24 14:21:20,549 | [账户监控] 无持仓
2026-04-24 14:21:21,683 | Websocket connected
2026-04-24 14:21:21,684 | [WebSocket] 连接成功 ✅ (模式: 本地撮合-测试网行情)
2026-04-24 14:21:21,684 | [状态校准] 正在重新同步持仓与余额，清理幽灵状态...
2026-04-24 14:21:21,684 | [本地持仓] None
2026-04-24 14:21:22,184 | [余额同步] 本地模式，初始资金: 10000.0 U
2026-04-24 14:21:22,536 | [WebSocket] 行情订阅成功 ✅
2026-04-24 14:21:28,549 | [余额同步] 本地模式，初始资金: 10000.0 U
2026-04-24 14:21:28,549 | [账户监控] 无持仓
2026-04-24 14:21:36,736 | [余额同步] 本地模式，初始资金: 10000.0 U
2026-04-24 14:21:36,737 | [账户监控] 无持仓
2026-04-24 14:21:44,737 | [余额同步] 本地模式，初始资金: 10000.0 U
2026-04-24 14:21:44,737 | [账户监控] 无持仓
2026-04-24 14:21:51,732 | ⚠️ aggTrade行情断流30秒！但底层连接存活，继续观察不重连...
2026-04-24 14:21:52,737 | [余额同步] 本地模式，初始资金: 10000.0 U
2026-04-24 14:21:52,738 | [账户监控] 无持仓
2026-04-24 14:21:56,732 | ⚠️ aggTrade行情断流35秒！但底层连接存活，继续观察不重连...
2026-04-24 14:22:00,738 | [余额同步] 本地模式，初始资金: 10000.0 U
2026-04-24 14:22:00,738 | [账户监控] 无持仓
2026-04-24 14:22:01,733 | ⚠️ aggTrade行情断流40秒！但底层连接存活，继续观察不重连...
2026-04-24 14:22:06,498 | [程序退出]
