2026-04-24 14:11:38,799 | ======================================
2026-04-24 14:11:38,799 |  V23 流动性剃头皮策略 (防卡死+防幽灵+防抢跑增强版) 启动成功
2026-04-24 14:11:38,799 |  当前运行模式: 本地撮合 (测试网行情)
2026-04-24 14:11:38,799 |  策略: 流动性+Sweep+区间评分 | 启动盈利:0.01% | 止损:2.5% | 区间有效期:动态ATR自适应
2026-04-24 14:11:38,799 | ======================================
2026-04-24 14:11:41,568 | [时间同步] 完成
2026-04-24 14:11:41,570 | [历史K线] 正在拉取初始1分钟和15分钟K线数据...
2026-04-24 14:11:42,859 | [历史K线] 成功加载 14 根 1分钟K线
2026-04-24 14:11:44,150 | [历史K线] 成功加载 2 根 15分钟K线
2026-04-24 14:11:44,150 | [余额同步] 本地模式，初始资金: 10000.0 U
2026-04-24 14:11:44,150 | [本地持仓] None
2026-04-24 14:11:44,151 | [余额同步] 本地模式，初始资金: 10000.0 U
2026-04-24 14:11:44,152 | [账户监控] 无持仓
2026-04-24 14:11:45,613 | Websocket connected
2026-04-24 14:11:45,614 | [WebSocket] 连接成功 ✅ (模式: 本地撮合-测试网行情)
2026-04-24 14:11:45,614 | [状态校准] 正在重新同步持仓与余额，清理幽灵状态...
2026-04-24 14:11:45,614 | [本地持仓] None
2026-04-24 14:11:46,114 | [余额同步] 本地模式，初始资金: 10000.0 U
2026-04-24 14:11:46,485 | [WebSocket] 行情订阅成功 ✅
2026-04-24 14:11:49,153 | 🚨 WS心跳正常，但aggTrade行情断流超过10秒！可能TCP假死，强制重连！
2026-04-24 14:11:49,225 | [WebSocket] 断开，自动重连中...
2026-04-24 14:11:50,379 | Websocket connected
2026-04-24 14:11:50,379 | [WebSocket] 连接成功 ✅ (模式: 本地撮合-测试网行情)
2026-04-24 14:11:50,379 | [状态校准] 正在重新同步持仓与余额，清理幽灵状态...
2026-04-24 14:11:50,379 | [本地持仓] None
2026-04-24 14:11:50,880 | [余额同步] 本地模式，初始资金: 10000.0 U
2026-04-24 14:11:51,207 | [WebSocket] 行情订阅成功 ✅
2026-04-24 14:11:52,152 | [余额同步] 本地模式，初始资金: 10000.0 U
2026-04-24 14:11:52,152 | [账户监控] 无持仓
2026-04-24 14:11:59,493 | 🚨 WS心跳正常，但aggTrade行情断流超过10秒！可能TCP假死，强制重连！
2026-04-24 14:11:59,574 | [WebSocket] 断开，自动重连中...
2026-04-24 14:12:00,153 | [余额同步] 本地模式，初始资金: 10000.0 U
2026-04-24 14:12:00,153 | [账户监控] 无持仓
2026-04-24 14:12:00,741 | Websocket connected
2026-04-24 14:12:00,743 | [WebSocket] 连接成功 ✅ (模式: 本地撮合-测试网行情)
2026-04-24 14:12:00,744 | [状态校准] 正在重新同步持仓与余额，清理幽灵状态...
2026-04-24 14:12:00,744 | [本地持仓] None
2026-04-24 14:12:01,245 | [余额同步] 本地模式，初始资金: 10000.0 U
2026-04-24 14:12:01,536 | [WebSocket] 行情订阅成功 ✅
2026-04-24 14:12:08,153 | [余额同步] 本地模式，初始资金: 10000.0 U
2026-04-24 14:12:08,153 | [账户监控] 无持仓
2026-04-24 14:12:09,821 | 🚨 WS心跳正常，但aggTrade行情断流超过10秒！可能TCP假死，强制重连！
2026-04-24 14:12:09,849 | [WebSocket] 断开，自动重连中...
2026-04-24 14:12:11,256 | Websocket connected
2026-04-24 14:12:11,257 | [WebSocket] 连接成功 ✅ (模式: 本地撮合-测试网行情)
2026-04-24 14:12:11,257 | [状态校准] 正在重新同步持仓与余额，清理幽灵状态...
2026-04-24 14:12:11,257 | [本地持仓] None
2026-04-24 14:12:11,758 | [余额同步] 本地模式，初始资金: 10000.0 U
2026-04-24 14:12:12,038 | [WebSocket] 行情订阅成功 ✅
2026-04-24 14:12:16,153 | [余额同步] 本地模式，初始资金: 10000.0 U
2026-04-24 14:12:16,153 | [账户监控] 无持仓
2026-04-24 14:12:20,179 | 🚨 WS心跳正常，但aggTrade行情断流超过10秒！可能TCP假死，强制重连！
2026-04-24 14:12:20,185 | [WebSocket] 断开，自动重连中...
2026-04-24 14:12:21,319 | Websocket connected
2026-04-24 14:12:21,319 | [WebSocket] 连接成功 ✅ (模式: 本地撮合-测试网行情)
2026-04-24 14:12:21,319 | [状态校准] 正在重新同步持仓与余额，清理幽灵状态...
2026-04-24 14:12:21,319 | [本地持仓] None
2026-04-24 14:12:21,819 | [余额同步] 本地模式，初始资金: 10000.0 U
2026-04-24 14:12:22,148 | [WebSocket] 行情订阅成功 ✅
2026-04-24 14:12:24,154 | [余额同步] 本地模式，初始资金: 10000.0 U
2026-04-24 14:12:24,154 | [账户监控] 无持仓
2026-04-24 14:12:30,629 | 🚨 WS心跳正常，但aggTrade行情断流超过10秒！可能TCP假死，强制重连！
2026-04-24 14:12:30,819 | [WebSocket] 断开，自动重连中...
2026-04-24 14:12:32,422 | [余额同步] 本地模式，初始资金: 10000.0 U
2026-04-24 14:12:32,422 | [账户监控] 无持仓
2026-04-24 14:12:34,014 | Websocket connected
2026-04-24 14:12:34,017 | [WebSocket] 连接成功 ✅ (模式: 本地撮合-测试网行情)
2026-04-24 14:12:34,017 | [状态校准] 正在重新同步持仓与余额，清理幽灵状态...
2026-04-24 14:12:34,017 | [本地持仓] None
2026-04-24 14:12:34,518 | [余额同步] 本地模式，初始资金: 10000.0 U
2026-04-24 14:12:34,875 | [WebSocket] 行情订阅成功 ✅
2026-04-24 14:12:40,422 | [余额同步] 本地模式，初始资金: 10000.0 U
2026-04-24 14:12:40,423 | [账户监控] 无持仓
2026-04-24 14:12:42,429 | 🚨 WS心跳正常，但aggTrade行情断流超过10秒！可能TCP假死，强制重连！
2026-04-24 14:12:42,509 | [WebSocket] 断开，自动重连中...
2026-04-24 14:12:43,663 | Websocket connected
2026-04-24 14:12:43,664 | [WebSocket] 连接成功 ✅ (模式: 本地撮合-测试网行情)
2026-04-24 14:12:43,664 | [状态校准] 正在重新同步持仓与余额，清理幽灵状态...
2026-04-24 14:12:43,664 | [本地持仓] None
2026-04-24 14:12:44,164 | [余额同步] 本地模式，初始资金: 10000.0 U
2026-04-24 14:12:44,456 | [WebSocket] 行情订阅成功 ✅
2026-04-24 14:12:48,423 | [余额同步] 本地模式，初始资金: 10000.0 U
2026-04-24 14:12:48,424 | [账户监控] 无持仓
2026-04-24 14:12:52,779 | 🚨 WS心跳正常，但aggTrade行情断流超过10秒！可能TCP假死，强制重连！
2026-04-24 14:12:52,881 | [WebSocket] 断开，自动重连中...
2026-04-24 14:12:54,006 | Websocket connected
2026-04-24 14:12:54,007 | [WebSocket] 连接成功 ✅ (模式: 本地撮合-测试网行情)
2026-04-24 14:12:54,007 | [状态校准] 正在重新同步持仓与余额，清理幽灵状态...
2026-04-24 14:12:54,007 | [本地持仓] None
2026-04-24 14:12:54,507 | [余额同步] 本地模式，初始资金: 10000.0 U
2026-04-24 14:12:54,829 | [WebSocket] 行情订阅成功 ✅
2026-04-24 14:12:56,424 | [余额同步] 本地模式，初始资金: 10000.0 U
2026-04-24 14:12:56,424 | [账户监控] 无持仓
2026-04-24 14:13:03,068 | 🚨 WS心跳正常，但aggTrade行情断流超过10秒！可能TCP假死，强制重连！
2026-04-24 14:13:03,155 | [WebSocket] 断开，自动重连中...
2026-04-24 14:13:04,425 | [余额同步] 本地模式，初始资金: 10000.0 U
2026-04-24 14:13:04,425 | [账户监控] 无持仓
2026-04-24 14:13:04,560 | Websocket connected
2026-04-24 14:13:04,560 | [WebSocket] 连接成功 ✅ (模式: 本地撮合-测试网行情)
2026-04-24 14:13:04,561 | [状态校准] 正在重新同步持仓与余额，清理幽灵状态...
2026-04-24 14:13:04,561 | [本地持仓] None
2026-04-24 14:13:05,061 | [余额同步] 本地模式，初始资金: 10000.0 U
2026-04-24 14:13:05,416 | [WebSocket] 行情订阅成功 ✅
2026-04-24 14:13:12,426 | [余额同步] 本地模式，初始资金: 10000.0 U
2026-04-24 14:13:12,426 | [账户监控] 无持仓
2026-04-24 14:13:13,343 | 🚨 WS心跳正常，但aggTrade行情断流超过10秒！可能TCP假死，强制重连！
2026-04-24 14:13:13,433 | [WebSocket] 断开，自动重连中...
2026-04-24 14:13:14,597 | Websocket connected
2026-04-24 14:13:14,597 | [WebSocket] 连接成功 ✅ (模式: 本地撮合-测试网行情)
2026-04-24 14:13:14,597 | [状态校准] 正在重新同步持仓与余额，清理幽灵状态...
2026-04-24 14:13:14,598 | [本地持仓] None
2026-04-24 14:13:15,098 | [余额同步] 本地模式，初始资金: 10000.0 U
2026-04-24 14:13:15,452 | [WebSocket] 行情订阅成功 ✅
2026-04-24 14:13:20,426 | [余额同步] 本地模式，初始资金: 10000.0 U
2026-04-24 14:13:20,426 | [账户监控] 无持仓
2026-04-24 14:13:23,627 | 🚨 WS心跳正常，但aggTrade行情断流超过10秒！可能TCP假死，强制重连！
2026-04-24 14:13:23,648 | [WebSocket] 断开，自动重连中...
2026-04-24 14:13:25,073 | Websocket connected
2026-04-24 14:13:25,074 | [WebSocket] 连接成功 ✅ (模式: 本地撮合-测试网行情)
2026-04-24 14:13:25,075 | [状态校准] 正在重新同步持仓与余额，清理幽灵状态...
2026-04-24 14:13:25,075 | [本地持仓] None
2026-04-24 14:13:25,576 | [余额同步] 本地模式，初始资金: 10000.0 U
2026-04-24 14:13:25,893 | [WebSocket] 行情订阅成功 ✅
2026-04-24 14:13:28,427 | [余额同步] 本地模式，初始资金: 10000.0 U
2026-04-24 14:13:28,427 | [账户监控] 无持仓
2026-04-24 14:13:33,976 | 🚨 WS心跳正常，但aggTrade行情断流超过10秒！可能TCP假死，强制重连！
2026-04-24 14:13:34,062 | [WebSocket] 断开，自动重连中...
2026-04-24 14:13:35,641 | Websocket connected
2026-04-24 14:13:35,642 | [WebSocket] 连接成功 ✅ (模式: 本地撮合-测试网行情)
2026-04-24 14:13:35,643 | [状态校准] 正在重新同步持仓与余额，清理幽灵状态...
2026-04-24 14:13:35,643 | [本地持仓] None
2026-04-24 14:13:36,143 | [余额同步] 本地模式，初始资金: 10000.0 U
2026-04-24 14:13:36,427 | [余额同步] 本地模式，初始资金: 10000.0 U
2026-04-24 14:13:36,428 | [账户监控] 无持仓
2026-04-24 14:13:36,498 | [WebSocket] 行情订阅成功 ✅
2026-04-24 14:13:44,297 | 🚨 WS心跳正常，但aggTrade行情断流超过10秒！可能TCP假死，强制重连！
2026-04-24 14:13:44,428 | [余额同步] 本地模式，初始资金: 10000.0 U
2026-04-24 14:13:44,428 | [账户监控] 无持仓
2026-04-24 14:13:44,433 | [WebSocket] 断开，自动重连中...
2026-04-24 14:13:45,596 | Websocket connected
2026-04-24 14:13:45,601 | [WebSocket] 连接成功 ✅ (模式: 本地撮合-测试网行情)
2026-04-24 14:13:45,601 | [状态校准] 正在重新同步持仓与余额，清理幽灵状态...
2026-04-24 14:13:45,601 | [本地持仓] None
2026-04-24 14:13:46,101 | [余额同步] 本地模式，初始资金: 10000.0 U
2026-04-24 14:13:46,412 | [WebSocket] 行情订阅成功 ✅
2026-04-24 14:13:52,428 | [余额同步] 本地模式，初始资金: 10000.0 U
2026-04-24 14:13:52,428 | [账户监控] 无持仓
2026-04-24 14:13:54,612 | 🚨 WS心跳正常，但aggTrade行情断流超过10秒！可能TCP假死，强制重连！
2026-04-24 14:13:54,652 | [WebSocket] 断开，自动重连中...
2026-04-24 14:13:55,842 | Websocket connected
2026-04-24 14:13:55,842 | [WebSocket] 连接成功 ✅ (模式: 本地撮合-测试网行情)
2026-04-24 14:13:55,842 | [状态校准] 正在重新同步持仓与余额，清理幽灵状态...
2026-04-24 14:13:55,842 | [本地持仓] None
2026-04-24 14:13:56,342 | [余额同步] 本地模式，初始资金: 10000.0 U
2026-04-24 14:13:56,713 | [WebSocket] 行情订阅成功 ✅
2026-04-24 14:14:00,442 | [余额同步] 本地模式，初始资金: 10000.0 U
2026-04-24 14:14:00,442 | [账户监控] 无持仓
2026-04-24 14:14:04,929 | 🚨 WS心跳正常，但aggTrade行情断流超过10秒！可能TCP假死，强制重连！
2026-04-24 14:14:04,950 | [WebSocket] 断开，自动重连中...
2026-04-24 14:14:06,085 | Websocket connected
2026-04-24 14:14:06,086 | [WebSocket] 连接成功 ✅ (模式: 本地撮合-测试网行情)
2026-04-24 14:14:06,086 | [状态校准] 正在重新同步持仓与余额，清理幽灵状态...
2026-04-24 14:14:06,086 | [本地持仓] None
2026-04-24 14:14:06,589 | [余额同步] 本地模式，初始资金: 10000.0 U
2026-04-24 14:14:06,947 | [WebSocket] 行情订阅成功 ✅
2026-04-24 14:14:08,442 | [余额同步] 本地模式，初始资金: 10000.0 U
2026-04-24 14:14:08,442 | [账户监控] 无持仓
2026-04-24 14:14:15,216 | 🚨 WS心跳正常，但aggTrade行情断流超过10秒！可能TCP假死，强制重连！
2026-04-24 14:14:15,274 | [WebSocket] 断开，自动重连中...
2026-04-24 14:14:16,443 | [余额同步] 本地模式，初始资金: 10000.0 U
2026-04-24 14:14:16,443 | [账户监控] 无持仓
2026-04-24 14:14:16,737 | Websocket connected
2026-04-24 14:14:16,738 | [WebSocket] 连接成功 ✅ (模式: 本地撮合-测试网行情)
2026-04-24 14:14:16,738 | [状态校准] 正在重新同步持仓与余额，清理幽灵状态...
2026-04-24 14:14:16,738 | [本地持仓] None
2026-04-24 14:14:17,239 | [余额同步] 本地模式，初始资金: 10000.0 U
2026-04-24 14:14:17,569 | [WebSocket] 行情订阅成功 ✅
2026-04-24 14:14:24,443 | [余额同步] 本地模式，初始资金: 10000.0 U
2026-04-24 14:14:24,444 | [账户监控] 无持仓
2026-04-24 14:14:25,563 | 🚨 WS心跳正常，但aggTrade行情断流超过10秒！可能TCP假死，强制重连！
2026-04-24 14:14:25,586 | [WebSocket] 断开，自动重连中...
2026-04-24 14:14:26,811 | Websocket connected
2026-04-24 14:14:26,815 | [WebSocket] 连接成功 ✅ (模式: 本地撮合-测试网行情)
2026-04-24 14:14:26,816 | [状态校准] 正在重新同步持仓与余额，清理幽灵状态...
2026-04-24 14:14:26,816 | [本地持仓] None
2026-04-24 14:14:27,316 | [余额同步] 本地模式，初始资金: 10000.0 U
2026-04-24 14:14:27,689 | [WebSocket] 行情订阅成功 ✅
2026-04-24 14:14:32,444 | [余额同步] 本地模式，初始资金: 10000.0 U
2026-04-24 14:14:32,444 | [账户监控] 无持仓
2026-04-24 14:14:35,882 | 🚨 WS心跳正常，但aggTrade行情断流超过10秒！可能TCP假死，强制重连！
2026-04-24 14:14:36,043 | [WebSocket] 断开，自动重连中...
2026-04-24 14:14:37,206 | Websocket connected
2026-04-24 14:14:37,207 | [WebSocket] 连接成功 ✅ (模式: 本地撮合-测试网行情)
2026-04-24 14:14:37,207 | [状态校准] 正在重新同步持仓与余额，清理幽灵状态...
2026-04-24 14:14:37,207 | [本地持仓] None
2026-04-24 14:14:37,707 | [余额同步] 本地模式，初始资金: 10000.0 U
2026-04-24 14:14:38,028 | [WebSocket] 行情订阅成功 ✅
2026-04-24 14:14:40,445 | [余额同步] 本地模式，初始资金: 10000.0 U
2026-04-24 14:14:40,445 | [账户监控] 无持仓
2026-04-24 14:14:46,230 | 🚨 WS心跳正常，但aggTrade行情断流超过10秒！可能TCP假死，强制重连！
2026-04-24 14:14:46,300 | [WebSocket] 断开，自动重连中...
2026-04-24 14:14:47,474 | Websocket connected
2026-04-24 14:14:47,474 | [WebSocket] 连接成功 ✅ (模式: 本地撮合-测试网行情)
2026-04-24 14:14:47,475 | [状态校准] 正在重新同步持仓与余额，清理幽灵状态...
2026-04-24 14:14:47,475 | [本地持仓] None
2026-04-24 14:14:47,975 | [余额同步] 本地模式，初始资金: 10000.0 U
2026-04-24 14:14:48,306 | [WebSocket] 行情订阅成功 ✅
2026-04-24 14:14:48,445 | [余额同步] 本地模式，初始资金: 10000.0 U
2026-04-24 14:14:48,446 | [账户监控] 无持仓
2026-04-24 14:14:56,446 | [余额同步] 本地模式，初始资金: 10000.0 U
2026-04-24 14:14:56,447 | [账户监控] 无持仓
2026-04-24 14:14:56,541 | 🚨 WS心跳正常，但aggTrade行情断流超过10秒！可能TCP假死，强制重连！
2026-04-24 14:14:56,632 | [WebSocket] 断开，自动重连中...
2026-04-24 14:14:57,847 | Websocket connected
2026-04-24 14:14:57,847 | [WebSocket] 连接成功 ✅ (模式: 本地撮合-测试网行情)
2026-04-24 14:14:57,847 | [状态校准] 正在重新同步持仓与余额，清理幽灵状态...
2026-04-24 14:14:57,847 | [本地持仓] None
2026-04-24 14:14:58,348 | [余额同步] 本地模式，初始资金: 10000.0 U
2026-04-24 14:14:58,687 | [WebSocket] 行情订阅成功 ✅
2026-04-24 14:15:04,447 | [余额同步] 本地模式，初始资金: 10000.0 U
2026-04-24 14:15:04,447 | [账户监控] 无持仓
2026-04-24 14:15:06,916 | 🚨 WS心跳正常，但aggTrade行情断流超过10秒！可能TCP假死，强制重连！
2026-04-24 14:15:06,926 | [WebSocket] 断开，自动重连中...
2026-04-24 14:15:08,343 | Websocket connected
2026-04-24 14:15:08,344 | [WebSocket] 连接成功 ✅ (模式: 本地撮合-测试网行情)
2026-04-24 14:15:08,345 | [状态校准] 正在重新同步持仓与余额，清理幽灵状态...
2026-04-24 14:15:08,345 | [本地持仓] None
2026-04-24 14:15:08,846 | [余额同步] 本地模式，初始资金: 10000.0 U
2026-04-24 14:15:09,129 | [WebSocket] 行情订阅成功 ✅
2026-04-24 14:15:12,447 | [余额同步] 本地模式，初始资金: 10000.0 U
2026-04-24 14:15:12,448 | [账户监控] 无持仓
2026-04-24 14:15:17,206 | 🚨 WS心跳正常，但aggTrade行情断流超过10秒！可能TCP假死，强制重连！
2026-04-24 14:15:17,289 | [WebSocket] 断开，自动重连中...
2026-04-24 14:15:18,460 | Websocket connected
2026-04-24 14:15:18,460 | [WebSocket] 连接成功 ✅ (模式: 本地撮合-测试网行情)
2026-04-24 14:15:18,460 | [状态校准] 正在重新同步持仓与余额，清理幽灵状态...
2026-04-24 14:15:18,460 | [本地持仓] None
2026-04-24 14:15:18,961 | [余额同步] 本地模式，初始资金: 10000.0 U
2026-04-24 14:15:19,240 | [WebSocket] 行情订阅成功 ✅
2026-04-24 14:15:20,448 | [余额同步] 本地模式，初始资金: 10000.0 U
2026-04-24 14:15:20,448 | [账户监控] 无持仓
2026-04-24 14:15:27,543 | 🚨 WS心跳正常，但aggTrade行情断流超过10秒！可能TCP假死，强制重连！
2026-04-24 14:15:27,585 | [WebSocket] 断开，自动重连中...
2026-04-24 14:15:28,448 | [余额同步] 本地模式，初始资金: 10000.0 U
2026-04-24 14:15:28,448 | [账户监控] 无持仓
2026-04-24 14:15:28,752 | Websocket connected
2026-04-24 14:15:28,753 | [WebSocket] 连接成功 ✅ (模式: 本地撮合-测试网行情)
2026-04-24 14:15:28,753 | [状态校准] 正在重新同步持仓与余额，清理幽灵状态...
2026-04-24 14:15:28,753 | [本地持仓] None
2026-04-24 14:15:29,253 | [余额同步] 本地模式，初始资金: 10000.0 U
2026-04-24 14:15:29,552 | [WebSocket] 行情订阅成功 ✅
2026-04-24 14:15:36,449 | [余额同步] 本地模式，初始资金: 10000.0 U
2026-04-24 14:15:36,450 | [账户监控] 无持仓
2026-04-24 14:15:37,853 | 🚨 WS心跳正常，但aggTrade行情断流超过10秒！可能TCP假死，强制重连！
2026-04-24 14:15:37,954 | [WebSocket] 断开，自动重连中...
2026-04-24 14:15:39,153 | Websocket connected
2026-04-24 14:15:39,154 | [WebSocket] 连接成功 ✅ (模式: 本地撮合-测试网行情)
2026-04-24 14:15:39,154 | [状态校准] 正在重新同步持仓与余额，清理幽灵状态...
2026-04-24 14:15:39,154 | [本地持仓] None
2026-04-24 14:15:39,654 | [余额同步] 本地模式，初始资金: 10000.0 U
2026-04-24 14:15:39,974 | [WebSocket] 行情订阅成功 ✅
2026-04-24 14:15:44,450 | [余额同步] 本地模式，初始资金: 10000.0 U
2026-04-24 14:15:44,450 | [账户监控] 无持仓
2026-04-24 14:15:48,147 | 🚨 WS心跳正常，但aggTrade行情断流超过10秒！可能TCP假死，强制重连！
2026-04-24 14:15:48,177 | [WebSocket] 断开，自动重连中...
2026-04-24 14:15:49,393 | Websocket connected
2026-04-24 14:15:49,394 | [WebSocket] 连接成功 ✅ (模式: 本地撮合-测试网行情)
2026-04-24 14:15:49,394 | [状态校准] 正在重新同步持仓与余额，清理幽灵状态...
2026-04-24 14:15:49,394 | [本地持仓] None
2026-04-24 14:15:49,895 | [余额同步] 本地模式，初始资金: 10000.0 U
2026-04-24 14:15:50,192 | [WebSocket] 行情订阅成功 ✅
2026-04-24 14:15:52,450 | [余额同步] 本地模式，初始资金: 10000.0 U
2026-04-24 14:15:52,451 | [账户监控] 无持仓
2026-04-24 14:15:58,486 | 🚨 WS心跳正常，但aggTrade行情断流超过10秒！可能TCP假死，强制重连！
2026-04-24 14:15:58,562 | [WebSocket] 断开，自动重连中...
2026-04-24 14:16:00,030 | Websocket connected
2026-04-24 14:16:00,031 | [WebSocket] 连接成功 ✅ (模式: 本地撮合-测试网行情)
2026-04-24 14:16:00,031 | [状态校准] 正在重新同步持仓与余额，清理幽灵状态...
2026-04-24 14:16:00,031 | [本地持仓] None
2026-04-24 14:16:00,452 | [余额同步] 本地模式，初始资金: 10000.0 U
2026-04-24 14:16:00,452 | [账户监控] 无持仓
2026-04-24 14:16:00,532 | [余额同步] 本地模式，初始资金: 10000.0 U
2026-04-24 14:16:00,949 | [WebSocket] 行情订阅成功 ✅
2026-04-24 14:16:08,453 | [余额同步] 本地模式，初始资金: 10000.0 U
2026-04-24 14:16:08,454 | [账户监控] 无持仓
2026-04-24 14:16:08,824 | 🚨 WS心跳正常，但aggTrade行情断流超过10秒！可能TCP假死，强制重连！
2026-04-24 14:16:08,840 | [WebSocket] 断开，自动重连中...
2026-04-24 14:16:10,028 | Websocket connected
2026-04-24 14:16:10,029 | [WebSocket] 连接成功 ✅ (模式: 本地撮合-测试网行情)
2026-04-24 14:16:10,030 | [状态校准] 正在重新同步持仓与余额，清理幽灵状态...
2026-04-24 14:16:10,030 | [本地持仓] None
2026-04-24 14:16:10,530 | [余额同步] 本地模式，初始资金: 10000.0 U
2026-04-24 14:16:10,834 | [WebSocket] 行情订阅成功 ✅
2026-04-24 14:16:16,454 | [余额同步] 本地模式，初始资金: 10000.0 U
2026-04-24 14:16:16,454 | [账户监控] 无持仓
2026-04-24 14:16:19,121 | 🚨 WS心跳正常，但aggTrade行情断流超过10秒！可能TCP假死，强制重连！
2026-04-24 14:16:19,212 | [WebSocket] 断开，自动重连中...
2026-04-24 14:16:20,357 | Websocket connected
2026-04-24 14:16:20,358 | [WebSocket] 连接成功 ✅ (模式: 本地撮合-测试网行情)
2026-04-24 14:16:20,358 | [状态校准] 正在重新同步持仓与余额，清理幽灵状态...
2026-04-24 14:16:20,358 | [本地持仓] None
2026-04-24 14:16:20,859 | [余额同步] 本地模式，初始资金: 10000.0 U
2026-04-24 14:16:21,207 | [WebSocket] 行情订阅成功 ✅
2026-04-24 14:16:24,455 | [余额同步] 本地模式，初始资金: 10000.0 U
2026-04-24 14:16:24,455 | [账户监控] 无持仓
2026-04-24 14:16:29,450 | 🚨 WS心跳正常，但aggTrade行情断流超过10秒！可能TCP假死，强制重连！
2026-04-24 14:16:29,486 | [WebSocket] 断开，自动重连中...
2026-04-24 14:16:30,655 | Websocket connected
2026-04-24 14:16:30,655 | [WebSocket] 连接成功 ✅ (模式: 本地撮合-测试网行情)
2026-04-24 14:16:30,656 | [状态校准] 正在重新同步持仓与余额，清理幽灵状态...
2026-04-24 14:16:30,656 | [本地持仓] None
2026-04-24 14:16:30,978 | [程序退出]
