2026-04-24 20:10:16,606 | ======================================
2026-04-24 20:10:16,606 |  V23 流动性剃头皮策略 (防卡死+防幽灵+防抢跑增强版) 启动成功
2026-04-24 20:10:16,606 |  当前运行模式: 本地撮合 (测试网行情)
2026-04-24 20:10:16,606 |  策略: 流动性+Sweep+区间评分 | 启动盈利:0.01% | 止损:2.5% | 区间有效期:动态ATR自适应
2026-04-24 20:10:16,606 | ======================================
2026-04-24 20:10:17,855 | [时间同步] 完成
2026-04-24 20:10:17,856 | [历史K线] 正在拉取初始1分钟和15分钟K线数据...
2026-04-24 20:10:18,869 | [历史K线] 成功加载 14 根 1分钟K线
2026-04-24 20:10:19,820 | [历史K线] 成功加载 2 根 15分钟K线
2026-04-24 20:10:19,831 | [余额同步] 本地模式，初始资金: 10000.0 U
2026-04-24 20:10:19,831 | [本地持仓] None
2026-04-24 20:10:19,833 | [余额同步] 本地模式，初始资金: 10000.0 U
2026-04-24 20:10:19,833 | [账户监控] 无持仓
2026-04-24 20:10:20,826 | Websocket connected
2026-04-24 20:10:20,827 | [WebSocket] 连接成功 ✅ (模式: 本地撮合-测试网行情)
2026-04-24 20:10:20,827 | [状态校准] 正在重新同步持仓与余额，清理幽灵状态...
2026-04-24 20:10:20,827 | [本地持仓] None
2026-04-24 20:10:21,327 | [余额同步] 本地模式，初始资金: 10000.0 U
2026-04-24 20:10:21,580 | [WebSocket] 行情订阅成功 ✅
2026-04-24 20:10:27,835 | [余额同步] 本地模式，初始资金: 10000.0 U
2026-04-24 20:10:27,835 | [账户监控] 无持仓
2026-04-24 20:10:35,836 | [余额同步] 本地模式，初始资金: 10000.0 U
2026-04-24 20:10:35,837 | [账户监控] 无持仓
2026-04-24 20:10:44,126 | [余额同步] 本地模式，初始资金: 10000.0 U
2026-04-24 20:10:44,126 | [账户监控] 无持仓
2026-04-24 20:10:52,143 | [余额同步] 本地模式，初始资金: 10000.0 U
2026-04-24 20:10:52,144 | [账户监控] 无持仓
2026-04-24 20:10:56,385 | ⚠️ aggTrade行情断流36秒！但底层连接存活，继续观察不重连...
2026-04-24 20:11:00,182 | [余额同步] 本地模式，初始资金: 10000.0 U
2026-04-24 20:11:00,182 | [账户监控] 无持仓
2026-04-24 20:11:01,385 | ⚠️ aggTrade行情断流41秒！但底层连接存活，继续观察不重连...
2026-04-24 20:11:06,386 | ⚠️ aggTrade行情断流46秒！但底层连接存活，继续观察不重连...
2026-04-24 20:11:08,182 | [余额同步] 本地模式，初始资金: 10000.0 U
2026-04-24 20:11:08,182 | [账户监控] 无持仓
2026-04-24 20:11:11,386 | ⚠️ aggTrade行情断流51秒！但底层连接存活，继续观察不重连...
2026-04-24 20:11:16,183 | [余额同步] 本地模式，初始资金: 10000.0 U
2026-04-24 20:11:16,183 | [账户监控] 无持仓
2026-04-24 20:11:16,390 | ⚠️ aggTrade行情断流56秒！但底层连接存活，继续观察不重连...
2026-04-24 20:11:21,398 | ⚠️ aggTrade行情断流61秒！但底层连接存活，继续观察不重连...
2026-04-24 20:11:24,183 | [余额同步] 本地模式，初始资金: 10000.0 U
2026-04-24 20:11:24,184 | [账户监控] 无持仓
2026-04-24 20:11:26,399 | ⚠️ aggTrade行情断流66秒！但底层连接存活，继续观察不重连...
2026-04-24 20:11:31,400 | ⚠️ aggTrade行情断流71秒！但底层连接存活，继续观察不重连...
2026-04-24 20:11:32,185 | [余额同步] 本地模式，初始资金: 10000.0 U
2026-04-24 20:11:32,185 | [账户监控] 无持仓
2026-04-24 20:11:36,401 | ⚠️ aggTrade行情断流76秒！但底层连接存活，继续观察不重连...
2026-04-24 20:11:40,186 | [余额同步] 本地模式，初始资金: 10000.0 U
2026-04-24 20:11:40,186 | [账户监控] 无持仓
2026-04-24 20:11:41,401 | ⚠️ aggTrade行情断流81秒！但底层连接存活，继续观察不重连...
2026-04-24 20:11:46,403 | ⚠️ aggTrade行情断流86秒！但底层连接存活，继续观察不重连...
2026-04-24 20:11:48,186 | [余额同步] 本地模式，初始资金: 10000.0 U
2026-04-24 20:11:48,186 | [账户监控] 无持仓
2026-04-24 20:11:51,403 | ⚠️ aggTrade行情断流91秒！但底层连接存活，继续观察不重连...
2026-04-24 20:11:56,187 | [余额同步] 本地模式，初始资金: 10000.0 U
2026-04-24 20:11:56,187 | [账户监控] 无持仓
2026-04-24 20:11:56,404 | ⚠️ aggTrade行情断流96秒！但底层连接存活，继续观察不重连...
2026-04-24 20:12:01,404 | ⚠️ aggTrade行情断流101秒！但底层连接存活，继续观察不重连...
2026-04-24 20:12:04,187 | [余额同步] 本地模式，初始资金: 10000.0 U
2026-04-24 20:12:04,187 | [账户监控] 无持仓
2026-04-24 20:12:06,405 | ⚠️ aggTrade行情断流106秒！但底层连接存活，继续观察不重连...
2026-04-24 20:12:11,405 | ⚠️ aggTrade行情断流111秒！但底层连接存活，继续观察不重连...
2026-04-24 20:12:12,187 | [余额同步] 本地模式，初始资金: 10000.0 U
2026-04-24 20:12:12,187 | [账户监控] 无持仓
2026-04-24 20:12:16,408 | ⚠️ aggTrade行情断流116秒！但底层连接存活，继续观察不重连...
2026-04-24 20:12:20,188 | [余额同步] 本地模式，初始资金: 10000.0 U
2026-04-24 20:12:20,188 | [账户监控] 无持仓
2026-04-24 20:12:21,408 | ⚠️ aggTrade行情断流121秒！但底层连接存活，继续观察不重连...
2026-04-24 20:12:26,416 | ⚠️ aggTrade行情断流126秒！但底层连接存活，继续观察不重连...
2026-04-24 20:12:28,188 | [余额同步] 本地模式，初始资金: 10000.0 U
2026-04-24 20:12:28,188 | [账户监控] 无持仓
2026-04-24 20:12:31,420 | ⚠️ aggTrade行情断流131秒！但底层连接存活，继续观察不重连...
2026-04-24 20:12:34,803 | [程序退出]
