2026-04-24 15:29:19,081 | ======================================
2026-04-24 15:29:19,081 |  V23 流动性剃头皮策略 (防卡死+防幽灵+防抢跑增强版) 启动成功
2026-04-24 15:29:19,081 |  当前运行模式: 本地撮合 (测试网行情)
2026-04-24 15:29:19,081 |  策略: 流动性+Sweep+区间评分 | 启动盈利:0.01% | 止损:2.5% | 区间有效期:动态ATR自适应
2026-04-24 15:29:19,081 | ======================================
2026-04-24 15:29:20,387 | [时间同步] 完成
2026-04-24 15:29:20,388 | [历史K线] 正在拉取初始1分钟和15分钟K线数据...
2026-04-24 15:29:21,709 | [历史K线] 成功加载 14 根 1分钟K线
2026-04-24 15:29:22,991 | [历史K线] 成功加载 2 根 15分钟K线
2026-04-24 15:29:23,002 | [余额同步] 本地模式，初始资金: 10000.0 U
2026-04-24 15:29:23,003 | [本地持仓] None
2026-04-24 15:29:23,005 | [余额同步] 本地模式，初始资金: 10000.0 U
2026-04-24 15:29:23,005 | [账户监控] 无持仓
2026-04-24 15:29:24,440 | Websocket connected
2026-04-24 15:29:24,440 | [WebSocket] 连接成功 ✅ (模式: 本地撮合-测试网行情)
2026-04-24 15:29:24,440 | [状态校准] 正在重新同步持仓与余额，清理幽灵状态...
2026-04-24 15:29:24,440 | [本地持仓] None
2026-04-24 15:29:24,941 | [余额同步] 本地模式，初始资金: 10000.0 U
2026-04-24 15:29:25,283 | [WebSocket] 行情订阅成功 ✅
2026-04-24 15:29:31,006 | [余额同步] 本地模式，初始资金: 10000.0 U
2026-04-24 15:29:31,006 | [账户监控] 无持仓
2026-04-24 15:29:39,006 | [余额同步] 本地模式，初始资金: 10000.0 U
2026-04-24 15:29:39,006 | [账户监控] 无持仓
2026-04-24 15:29:40,303 | [程序退出]
