2026-04-24 14:24:36,850 | ======================================
2026-04-24 14:24:36,850 |  V23 流动性剃头皮策略 (防卡死+防幽灵+防抢跑增强版) 启动成功
2026-04-24 14:24:36,850 |  当前运行模式: 本地撮合 (测试网行情)
2026-04-24 14:24:36,850 |  策略: 流动性+Sweep+区间评分 | 启动盈利:0.01% | 止损:2.5% | 区间有效期:动态ATR自适应
2026-04-24 14:24:36,850 | ======================================
2026-04-24 14:24:40,056 | [历史K线] 正在拉取初始1分钟和15分钟K线数据...
2026-04-24 14:24:43,508 | [历史K线] 成功加载 14 根 1分钟K线
2026-04-24 14:24:48,678 | [历史K线] 拉取失败: HTTPSConnectionPool(host='fapi.binance.com', port=443): Read timed out. (read timeout=5)，等待WebSocket推送积累...
2026-04-24 14:24:48,689 | [余额同步] 本地模式，初始资金: 10000.0 U
2026-04-24 14:24:48,690 | [本地持仓] None
2026-04-24 14:24:48,694 | [余额同步] 本地模式，初始资金: 10000.0 U
2026-04-24 14:24:48,695 | [账户监控] 无持仓
2026-04-24 14:24:53,132 | Websocket connected
2026-04-24 14:24:53,133 | [WebSocket] 连接成功 ✅ (模式: 本地撮合-测试网行情)
2026-04-24 14:24:53,133 | [状态校准] 正在重新同步持仓与余额，清理幽灵状态...
2026-04-24 14:24:53,133 | [本地持仓] None
2026-04-24 14:24:53,633 | [余额同步] 本地模式，初始资金: 10000.0 U
2026-04-24 14:24:53,695 | 🚨 WS底层心跳断流超过15秒，主动断开触发重连！
2026-04-24 14:24:53,733 | [WebSocket] 断开，自动重连中...
2026-04-24 14:24:54,151 | Websocket connected
2026-04-24 14:24:54,151 | [WebSocket] 连接成功 ✅ (模式: 本地撮合-测试网行情)
2026-04-24 14:24:54,151 | [状态校准] 正在重新同步持仓与余额，清理幽灵状态...
2026-04-24 14:24:54,151 | [本地持仓] None
2026-04-24 14:24:54,652 | [余额同步] 本地模式，初始资金: 10000.0 U
2026-04-24 14:24:54,818 | [WebSocket] 行情订阅成功 ✅
2026-04-24 14:24:56,695 | [余额同步] 本地模式，初始资金: 10000.0 U
2026-04-24 14:24:56,695 | [账户监控] 无持仓
2026-04-24 14:24:58,833 | 🚨 WS心跳正常，但aggTrade行情断流超过10秒！可能TCP假死，强制重连！
2026-04-24 14:24:58,867 | [WebSocket] 断开，自动重连中...
2026-04-24 14:25:04,280 | Websocket connected
2026-04-24 14:25:04,281 | [WebSocket] 连接成功 ✅ (模式: 本地撮合-测试网行情)
2026-04-24 14:25:04,281 | [状态校准] 正在重新同步持仓与余额，清理幽灵状态...
2026-04-24 14:25:04,281 | [本地持仓] None
2026-04-24 14:25:04,695 | [余额同步] 本地模式，初始资金: 10000.0 U
2026-04-24 14:25:04,696 | [账户监控] 无持仓
2026-04-24 14:25:04,782 | [余额同步] 本地模式，初始资金: 10000.0 U
2026-04-24 14:25:04,944 | [WebSocket] 行情订阅成功 ✅
2026-04-24 14:25:09,020 | 🚨 WS心跳正常，但aggTrade行情断流超过10秒！可能TCP假死，强制重连！
2026-04-24 14:25:09,051 | [WebSocket] 断开，自动重连中...
2026-04-24 14:25:10,508 | Websocket connected
2026-04-24 14:25:10,509 | [WebSocket] 连接成功 ✅ (模式: 本地撮合-测试网行情)
2026-04-24 14:25:10,509 | [状态校准] 正在重新同步持仓与余额，清理幽灵状态...
2026-04-24 14:25:10,509 | [本地持仓] None
2026-04-24 14:25:10,654 | [程序退出]
