2026-04-24 14:25:16,080 | ======================================
2026-04-24 14:25:16,081 |  V23 流动性剃头皮策略 (防卡死+防幽灵+防抢跑增强版) 启动成功
2026-04-24 14:25:16,081 |  当前运行模式: 本地撮合 (测试网行情)
2026-04-24 14:25:16,081 |  策略: 流动性+Sweep+区间评分 | 启动盈利:0.01% | 止损:2.5% | 区间有效期:动态ATR自适应
2026-04-24 14:25:16,081 | ======================================
2026-04-24 14:25:19,295 | [历史K线] 正在拉取初始1分钟和15分钟K线数据...
2026-04-24 14:25:21,667 | [历史K线] 成功加载 14 根 1分钟K线
2026-04-24 14:25:22,218 | [历史K线] 成功加载 2 根 15分钟K线
2026-04-24 14:25:22,222 | [余额同步] 本地模式，初始资金: 10000.0 U
2026-04-24 14:25:22,222 | [本地持仓] None
2026-04-24 14:25:22,225 | [余额同步] 本地模式，初始资金: 10000.0 U
2026-04-24 14:25:22,226 | [账户监控] 无持仓
2026-04-24 14:25:23,591 | Websocket connected
2026-04-24 14:25:23,592 | [WebSocket] 连接成功 ✅ (模式: 本地撮合-测试网行情)
2026-04-24 14:25:23,592 | [状态校准] 正在重新同步持仓与余额，清理幽灵状态...
2026-04-24 14:25:23,592 | [本地持仓] None
2026-04-24 14:25:24,092 | [余额同步] 本地模式，初始资金: 10000.0 U
2026-04-24 14:25:24,197 | [WebSocket] 行情订阅成功 ✅
2026-04-24 14:25:27,227 | 🚨 WS心跳正常，但aggTrade行情断流超过10秒！可能TCP假死，强制重连！
2026-04-24 14:25:27,429 | [WebSocket] 断开，自动重连中...
2026-04-24 14:25:30,226 | [余额同步] 本地模式，初始资金: 10000.0 U
2026-04-24 14:25:30,226 | [账户监控] 无持仓
2026-04-24 14:25:34,544 | Websocket connected
2026-04-24 14:25:34,554 | [WebSocket] 连接成功 ✅ (模式: 本地撮合-测试网行情)
2026-04-24 14:25:34,554 | [状态校准] 正在重新同步持仓与余额，清理幽灵状态...
2026-04-24 14:25:34,554 | [本地持仓] None
2026-04-24 14:25:35,054 | [余额同步] 本地模式，初始资金: 10000.0 U
2026-04-24 14:25:35,158 | [WebSocket] 行情订阅成功 ✅
2026-04-24 14:25:38,227 | [余额同步] 本地模式，初始资金: 10000.0 U
2026-04-24 14:25:38,227 | [账户监控] 无持仓
2026-04-24 14:25:38,283 | 🚨 WS心跳正常，但aggTrade行情断流超过10秒！可能TCP假死，强制重连！
2026-04-24 14:25:38,380 | [WebSocket] 断开，自动重连中...
2026-04-24 14:25:46,227 | [余额同步] 本地模式，初始资金: 10000.0 U
2026-04-24 14:25:46,227 | [账户监控] 无持仓
2026-04-24 14:25:48,488 | 🚨 WS心跳正常，但aggTrade行情断流超过10秒！可能TCP假死，强制重连！
2026-04-24 14:25:53,488 | 🚨 WS底层心跳断流超过15秒，主动断开触发重连！
2026-04-24 14:25:53,978 | Websocket connected
2026-04-24 14:25:53,979 | [WebSocket] 连接成功 ✅ (模式: 本地撮合-测试网行情)
2026-04-24 14:25:53,979 | [状态校准] 正在重新同步持仓与余额，清理幽灵状态...
2026-04-24 14:25:53,979 | [本地持仓] None
2026-04-24 14:25:54,227 | [余额同步] 本地模式，初始资金: 10000.0 U
2026-04-24 14:25:54,228 | [账户监控] 无持仓
2026-04-24 14:25:54,479 | [余额同步] 本地模式，初始资金: 10000.0 U
2026-04-24 14:25:54,479 | error from callback <function on_open at 0x000002051D3B78A0>: Connection is already closed.
2026-04-24 14:25:54,479 | [WebSocket 错误] Connection is already closed.
2026-04-24 14:25:54,480 | [WebSocket 错误] 'NoneType' object has no attribute 'sock'
2026-04-24 14:25:54,480 | 'NoneType' object has no attribute 'sock' - goodbye
2026-04-24 14:25:54,480 | [WebSocket] 断开，自动重连中...
2026-04-24 14:25:54,868 | Websocket connected
2026-04-24 14:25:54,869 | [WebSocket] 连接成功 ✅ (模式: 本地撮合-测试网行情)
2026-04-24 14:25:54,869 | [状态校准] 正在重新同步持仓与余额，清理幽灵状态...
2026-04-24 14:25:54,869 | [本地持仓] None
2026-04-24 14:25:55,370 | [余额同步] 本地模式，初始资金: 10000.0 U
2026-04-24 14:25:55,527 | [WebSocket] 行情订阅成功 ✅
2026-04-24 14:25:58,489 | 🚨 WS心跳正常，但aggTrade行情断流超过10秒！可能TCP假死，强制重连！
2026-04-24 14:25:58,556 | [WebSocket] 断开，自动重连中...
2026-04-24 14:26:02,228 | [余额同步] 本地模式，初始资金: 10000.0 U
2026-04-24 14:26:02,228 | [账户监控] 无持仓
2026-04-24 14:26:05,902 | Websocket connected
2026-04-24 14:26:05,902 | [WebSocket] 连接成功 ✅ (模式: 本地撮合-测试网行情)
2026-04-24 14:26:05,902 | [状态校准] 正在重新同步持仓与余额，清理幽灵状态...
2026-04-24 14:26:05,902 | [本地持仓] None
2026-04-24 14:26:06,403 | [余额同步] 本地模式，初始资金: 10000.0 U
2026-04-24 14:26:06,589 | [WebSocket] 行情订阅成功 ✅
2026-04-24 14:26:08,634 | 🚨 WS心跳正常，但aggTrade行情断流超过10秒！可能TCP假死，强制重连！
2026-04-24 14:26:08,721 | [WebSocket] 断开，自动重连中...
2026-04-24 14:26:10,228 | [余额同步] 本地模式，初始资金: 10000.0 U
2026-04-24 14:26:10,229 | [账户监控] 无持仓
2026-04-24 14:26:18,236 | [余额同步] 本地模式，初始资金: 10000.0 U
2026-04-24 14:26:18,236 | [账户监控] 无持仓
2026-04-24 14:26:18,586 | Websocket connected
2026-04-24 14:26:18,586 | [WebSocket] 连接成功 ✅ (模式: 本地撮合-测试网行情)
2026-04-24 14:26:18,586 | [状态校准] 正在重新同步持仓与余额，清理幽灵状态...
2026-04-24 14:26:18,587 | [本地持仓] None
2026-04-24 14:26:18,799 | 🚨 WS心跳正常，但aggTrade行情断流超过10秒！可能TCP假死，强制重连！
2026-04-24 14:26:19,088 | [余额同步] 本地模式，初始资金: 10000.0 U
2026-04-24 14:26:19,089 | error from callback <function on_open at 0x000002051D3B78A0>: Connection is already closed.
2026-04-24 14:26:19,089 | [WebSocket 错误] Connection is already closed.
2026-04-24 14:26:19,090 | [WebSocket 错误] 'NoneType' object has no attribute 'sock'
2026-04-24 14:26:19,090 | 'NoneType' object has no attribute 'sock' - goodbye
2026-04-24 14:26:19,091 | [WebSocket] 断开，自动重连中...
2026-04-24 14:26:23,333 | Websocket connected
2026-04-24 14:26:23,334 | [WebSocket] 连接成功 ✅ (模式: 本地撮合-测试网行情)
2026-04-24 14:26:23,334 | [状态校准] 正在重新同步持仓与余额，清理幽灵状态...
2026-04-24 14:26:23,334 | [本地持仓] None
2026-04-24 14:26:23,835 | [余额同步] 本地模式，初始资金: 10000.0 U
2026-04-24 14:26:23,968 | 🚨 WS底层心跳断流超过15秒，主动断开触发重连！
2026-04-24 14:26:24,034 | [WebSocket] 断开，自动重连中...
2026-04-24 14:26:24,757 | Websocket connected
2026-04-24 14:26:24,758 | [WebSocket] 连接成功 ✅ (模式: 本地撮合-测试网行情)
2026-04-24 14:26:24,758 | [状态校准] 正在重新同步持仓与余额，清理幽灵状态...
2026-04-24 14:26:24,759 | [本地持仓] None
2026-04-24 14:26:25,259 | [余额同步] 本地模式，初始资金: 10000.0 U
2026-04-24 14:26:25,561 | [WebSocket] 行情订阅成功 ✅
2026-04-24 14:26:26,237 | [余额同步] 本地模式，初始资金: 10000.0 U
2026-04-24 14:26:26,237 | [账户监控] 无持仓
2026-04-24 14:26:29,128 | 🚨 WS心跳正常，但aggTrade行情断流超过10秒！可能TCP假死，强制重连！
2026-04-24 14:26:29,207 | [WebSocket] 断开，自动重连中...
2026-04-24 14:26:34,237 | [余额同步] 本地模式，初始资金: 10000.0 U
2026-04-24 14:26:34,237 | [账户监控] 无持仓
2026-04-24 14:26:34,359 | Websocket connected
2026-04-24 14:26:34,360 | [WebSocket] 连接成功 ✅ (模式: 本地撮合-测试网行情)
2026-04-24 14:26:34,361 | [状态校准] 正在重新同步持仓与余额，清理幽灵状态...
2026-04-24 14:26:34,361 | [本地持仓] None
2026-04-24 14:26:34,863 | [余额同步] 本地模式，初始资金: 10000.0 U
2026-04-24 14:26:34,992 | [WebSocket] 行情订阅成功 ✅
2026-04-24 14:26:39,305 | 🚨 WS心跳正常，但aggTrade行情断流超过10秒！可能TCP假死，强制重连！
2026-04-24 14:26:39,447 | [WebSocket] 断开，自动重连中...
2026-04-24 14:26:42,238 | [余额同步] 本地模式，初始资金: 10000.0 U
2026-04-24 14:26:42,238 | [账户监控] 无持仓
2026-04-24 14:26:44,918 | Websocket connected
2026-04-24 14:26:44,919 | [WebSocket] 连接成功 ✅ (模式: 本地撮合-测试网行情)
2026-04-24 14:26:44,919 | [状态校准] 正在重新同步持仓与余额，清理幽灵状态...
2026-04-24 14:26:44,920 | [本地持仓] None
2026-04-24 14:26:45,420 | [余额同步] 本地模式，初始资金: 10000.0 U
2026-04-24 14:26:45,562 | [WebSocket] 行情订阅成功 ✅
2026-04-24 14:26:49,449 | 🚨 WS心跳正常，但aggTrade行情断流超过10秒！可能TCP假死，强制重连！
2026-04-24 14:26:49,482 | [WebSocket] 断开，自动重连中...
2026-04-24 14:26:49,872 | Websocket connected
2026-04-24 14:26:49,873 | [WebSocket] 连接成功 ✅ (模式: 本地撮合-测试网行情)
2026-04-24 14:26:49,874 | [状态校准] 正在重新同步持仓与余额，清理幽灵状态...
2026-04-24 14:26:49,874 | [本地持仓] None
2026-04-24 14:26:50,239 | [余额同步] 本地模式，初始资金: 10000.0 U
2026-04-24 14:26:50,239 | [账户监控] 无持仓
2026-04-24 14:26:50,375 | [余额同步] 本地模式，初始资金: 10000.0 U
2026-04-24 14:26:50,480 | [WebSocket] 行情订阅成功 ✅
2026-04-24 14:26:58,240 | [余额同步] 本地模式，初始资金: 10000.0 U
2026-04-24 14:26:58,240 | [账户监控] 无持仓
2026-04-24 14:26:59,567 | 🚨 WS心跳正常，但aggTrade行情断流超过10秒！可能TCP假死，强制重连！
2026-04-24 14:26:59,584 | [WebSocket] 断开，自动重连中...
2026-04-24 14:27:05,233 | Websocket connected
2026-04-24 14:27:05,233 | [WebSocket] 连接成功 ✅ (模式: 本地撮合-测试网行情)
2026-04-24 14:27:05,233 | [状态校准] 正在重新同步持仓与余额，清理幽灵状态...
2026-04-24 14:27:05,233 | [本地持仓] None
2026-04-24 14:27:05,734 | [余额同步] 本地模式，初始资金: 10000.0 U
2026-04-24 14:27:05,917 | [WebSocket] 行情订阅成功 ✅
2026-04-24 14:27:06,240 | [余额同步] 本地模式，初始资金: 10000.0 U
2026-04-24 14:27:06,240 | [账户监控] 无持仓
2026-04-24 14:27:09,695 | 🚨 WS心跳正常，但aggTrade行情断流超过10秒！可能TCP假死，强制重连！
2026-04-24 14:27:09,782 | [WebSocket] 断开，自动重连中...
2026-04-24 14:27:14,240 | [余额同步] 本地模式，初始资金: 10000.0 U
2026-04-24 14:27:14,241 | [账户监控] 无持仓
2026-04-24 14:27:19,816 | 🚨 WS心跳正常，但aggTrade行情断流超过10秒！可能TCP假死，强制重连！
2026-04-24 14:27:22,182 | Websocket connected
2026-04-24 14:27:22,183 | [WebSocket] 连接成功 ✅ (模式: 本地撮合-测试网行情)
2026-04-24 14:27:22,183 | [状态校准] 正在重新同步持仓与余额，清理幽灵状态...
2026-04-24 14:27:22,183 | [本地持仓] None
2026-04-24 14:27:22,241 | [余额同步] 本地模式，初始资金: 10000.0 U
2026-04-24 14:27:22,241 | [账户监控] 无持仓
2026-04-24 14:27:22,684 | [余额同步] 本地模式，初始资金: 10000.0 U
2026-04-24 14:27:22,684 | error from callback <function on_open at 0x000002051D3B78A0>: Connection is already closed.
2026-04-24 14:27:22,684 | [WebSocket 错误] Connection is already closed.
2026-04-24 14:27:22,684 | [WebSocket 错误] 'NoneType' object has no attribute 'sock'
2026-04-24 14:27:22,684 | 'NoneType' object has no attribute 'sock' - goodbye
2026-04-24 14:27:22,684 | [WebSocket] 断开，自动重连中...
2026-04-24 14:27:23,095 | Websocket connected
2026-04-24 14:27:23,096 | [WebSocket] 连接成功 ✅ (模式: 本地撮合-测试网行情)
2026-04-24 14:27:23,096 | [状态校准] 正在重新同步持仓与余额，清理幽灵状态...
2026-04-24 14:27:23,096 | [本地持仓] None
2026-04-24 14:27:23,596 | [余额同步] 本地模式，初始资金: 10000.0 U
2026-04-24 14:27:23,707 | [WebSocket] 行情订阅成功 ✅
2026-04-24 14:27:29,818 | 🚨 WS心跳正常，但aggTrade行情断流超过10秒！可能TCP假死，强制重连！
2026-04-24 14:27:29,917 | [WebSocket] 断开，自动重连中...
2026-04-24 14:27:30,242 | [余额同步] 本地模式，初始资金: 10000.0 U
2026-04-24 14:27:30,242 | [账户监控] 无持仓
2026-04-24 14:27:35,323 | Websocket connected
2026-04-24 14:27:35,323 | [WebSocket] 连接成功 ✅ (模式: 本地撮合-测试网行情)
2026-04-24 14:27:35,323 | [状态校准] 正在重新同步持仓与余额，清理幽灵状态...
2026-04-24 14:27:35,323 | [本地持仓] None
2026-04-24 14:27:35,824 | [余额同步] 本地模式，初始资金: 10000.0 U
2026-04-24 14:27:35,930 | [WebSocket] 行情订阅成功 ✅
2026-04-24 14:27:38,242 | [余额同步] 本地模式，初始资金: 10000.0 U
2026-04-24 14:27:38,242 | [账户监控] 无持仓
2026-04-24 14:27:40,008 | 🚨 WS心跳正常，但aggTrade行情断流超过10秒！可能TCP假死，强制重连！
2026-04-24 14:27:40,084 | [WebSocket] 断开，自动重连中...
2026-04-24 14:27:40,485 | Websocket connected
2026-04-24 14:27:40,485 | [WebSocket] 连接成功 ✅ (模式: 本地撮合-测试网行情)
2026-04-24 14:27:40,486 | [状态校准] 正在重新同步持仓与余额，清理幽灵状态...
2026-04-24 14:27:40,486 | [本地持仓] None
2026-04-24 14:27:40,986 | [余额同步] 本地模式，初始资金: 10000.0 U
2026-04-24 14:27:41,156 | [WebSocket] 行情订阅成功 ✅
2026-04-24 14:27:46,243 | [余额同步] 本地模式，初始资金: 10000.0 U
2026-04-24 14:27:46,243 | [账户监控] 无持仓
2026-04-24 14:27:50,133 | 🚨 WS心跳正常，但aggTrade行情断流超过10秒！可能TCP假死，强制重连！
2026-04-24 14:27:50,145 | [WebSocket] 断开，自动重连中...
2026-04-24 14:27:54,250 | [余额同步] 本地模式，初始资金: 10000.0 U
2026-04-24 14:27:54,251 | [账户监控] 无持仓
2026-04-24 14:27:54,291 | [WebSocket 错误] [SSL: UNEXPECTED_EOF_WHILE_READING] EOF occurred in violation of protocol (_ssl.c:1081)
2026-04-24 14:27:54,291 | [SSL: UNEXPECTED_EOF_WHILE_READING] EOF occurred in violation of protocol (_ssl.c:1081) - goodbye
2026-04-24 14:27:54,291 | [WebSocket] 断开，自动重连中...
2026-04-24 14:27:54,375 | [WebSocket 错误] [WinError 10053] 你的主机中的软件中止了一个已建立的连接。
2026-04-24 14:27:54,375 | [WinError 10053] 你的主机中的软件中止了一个已建立的连接。 - goodbye
2026-04-24 14:27:54,375 | [WebSocket] 断开，自动重连中...
2026-04-24 14:28:00,270 | 🚨 WS心跳正常，但aggTrade行情断流超过10秒！可能TCP假死，强制重连！
2026-04-24 14:28:02,252 | [余额同步] 本地模式，初始资金: 10000.0 U
2026-04-24 14:28:02,253 | [账户监控] 无持仓
2026-04-24 14:28:05,270 | 🚨 WS底层心跳断流超过15秒，主动断开触发重连！
2026-04-24 14:28:10,253 | [余额同步] 本地模式，初始资金: 10000.0 U
2026-04-24 14:28:10,254 | [账户监控] 无持仓
2026-04-24 14:28:10,273 | 🚨 WS心跳正常，但aggTrade行情断流超过10秒！可能TCP假死，强制重连！
2026-04-24 14:28:15,565 | [WebSocket 错误] [WinError 10060] 由于连接方在一段时间后没有正确答复或连接的主机没有反应，连接尝试失败。
2026-04-24 14:28:15,566 | [WinError 10060] 由于连接方在一段时间后没有正确答复或连接的主机没有反应，连接尝试失败。 - goodbye
2026-04-24 14:28:15,566 | [WebSocket] 断开，自动重连中...
2026-04-24 14:28:18,255 | [余额同步] 本地模式，初始资金: 10000.0 U
2026-04-24 14:28:18,255 | [账户监控] 无持仓
2026-04-24 14:28:20,275 | 🚨 WS底层心跳断流超过15秒，主动断开触发重连！
2026-04-24 14:28:21,397 | [程序退出]
