2026-04-24 22:07:32,266 | ======================================
2026-04-24 22:07:32,266 |  V23 流动性剃头皮策略 (防卡死+防幽灵+防抢跑增强版) 启动成功
2026-04-24 22:07:32,266 |  当前运行模式: 本地撮合 (测试网行情)
2026-04-24 22:07:32,266 |  策略: 流动性+Sweep+区间评分 | 启动盈利:0.01% | 止损:2.5% | 区间有效期:动态ATR自适应
2026-04-24 22:07:32,266 | ======================================
2026-04-24 22:07:33,276 | [时间同步] 完成
2026-04-24 22:07:33,277 | [历史K线] 正在拉取初始1分钟和15分钟K线数据...
2026-04-24 22:07:34,297 | [历史K线] 成功加载 14 根 1分钟K线
2026-04-24 22:07:35,279 | [历史K线] 成功加载 2 根 15分钟K线
2026-04-24 22:07:35,290 | [余额同步] 本地模式，初始资金: 10000.0 U
2026-04-24 22:07:35,290 | [本地持仓] None
2026-04-24 22:07:35,292 | [余额同步] 本地模式，初始资金: 10000.0 U
2026-04-24 22:07:35,293 | [账户监控] 无持仓
2026-04-24 22:07:36,333 | Websocket connected
2026-04-24 22:07:36,334 | [WebSocket] 连接成功 ✅ (模式: 本地撮合-测试网行情)
2026-04-24 22:07:36,335 | [状态校准] 正在重新同步持仓与余额，清理幽灵状态...
2026-04-24 22:07:36,335 | [本地持仓] None
2026-04-24 22:07:36,836 | [余额同步] 本地模式，初始资金: 10000.0 U
2026-04-24 22:07:37,048 | [WebSocket] 行情订阅成功 ✅
2026-04-24 22:07:43,293 | [余额同步] 本地模式，初始资金: 10000.0 U
2026-04-24 22:07:43,293 | [账户监控] 无持仓
2026-04-24 22:07:51,294 | [余额同步] 本地模式，初始资金: 10000.0 U
2026-04-24 22:07:51,294 | [账户监控] 无持仓
2026-04-24 22:07:59,294 | [余额同步] 本地模式，初始资金: 10000.0 U
2026-04-24 22:07:59,295 | [账户监控] 无持仓
2026-04-24 22:08:07,297 | [余额同步] 本地模式，初始资金: 10000.0 U
2026-04-24 22:08:07,298 | [账户监控] 无持仓
2026-04-24 22:08:10,304 | ⚠️ aggTrade行情断流34秒！但底层连接存活，继续观察不重连...
2026-04-24 22:08:15,299 | [余额同步] 本地模式，初始资金: 10000.0 U
2026-04-24 22:08:15,299 | [账户监控] 无持仓
2026-04-24 22:08:15,305 | ⚠️ aggTrade行情断流39秒！但底层连接存活，继续观察不重连...
2026-04-24 22:08:20,306 | ⚠️ aggTrade行情断流44秒！但底层连接存活，继续观察不重连...
2026-04-24 22:08:23,301 | [余额同步] 本地模式，初始资金: 10000.0 U
2026-04-24 22:08:23,301 | [账户监控] 无持仓
2026-04-24 22:08:25,307 | ⚠️ aggTrade行情断流49秒！但底层连接存活，继续观察不重连...
2026-04-24 22:08:30,312 | ⚠️ aggTrade行情断流54秒！但底层连接存活，继续观察不重连...
2026-04-24 22:08:31,302 | [余额同步] 本地模式，初始资金: 10000.0 U
2026-04-24 22:08:31,302 | [账户监控] 无持仓
2026-04-24 22:08:35,313 | ⚠️ aggTrade行情断流59秒！但底层连接存活，继续观察不重连...
2026-04-24 22:08:39,303 | [余额同步] 本地模式，初始资金: 10000.0 U
2026-04-24 22:08:39,303 | [账户监控] 无持仓
2026-04-24 22:08:40,314 | ⚠️ aggTrade行情断流64秒！但底层连接存活，继续观察不重连...
2026-04-24 22:08:45,316 | ⚠️ aggTrade行情断流69秒！但底层连接存活，继续观察不重连...
2026-04-24 22:08:47,325 | [余额同步] 本地模式，初始资金: 10000.0 U
2026-04-24 22:08:47,325 | [账户监控] 无持仓
2026-04-24 22:08:50,317 | ⚠️ aggTrade行情断流74秒！但底层连接存活，继续观察不重连...
2026-04-24 22:08:55,317 | ⚠️ aggTrade行情断流79秒！但底层连接存活，继续观察不重连...
2026-04-24 22:08:55,325 | [余额同步] 本地模式，初始资金: 10000.0 U
2026-04-24 22:08:55,325 | [账户监控] 无持仓
2026-04-24 22:09:00,318 | ⚠️ aggTrade行情断流84秒！但底层连接存活，继续观察不重连...
2026-04-24 22:09:03,326 | [余额同步] 本地模式，初始资金: 10000.0 U
2026-04-24 22:09:03,326 | [账户监控] 无持仓
2026-04-24 22:09:05,318 | ⚠️ aggTrade行情断流89秒！但底层连接存活，继续观察不重连...
2026-04-24 22:09:10,319 | ⚠️ aggTrade行情断流94秒！但底层连接存活，继续观察不重连...
2026-04-24 22:09:11,326 | [余额同步] 本地模式，初始资金: 10000.0 U
2026-04-24 22:09:11,327 | [账户监控] 无持仓
2026-04-24 22:09:15,319 | ⚠️ aggTrade行情断流99秒！但底层连接存活，继续观察不重连...
2026-04-24 22:09:19,327 | [余额同步] 本地模式，初始资金: 10000.0 U
2026-04-24 22:09:19,327 | [账户监控] 无持仓
2026-04-24 22:09:20,320 | ⚠️ aggTrade行情断流104秒！但底层连接存活，继续观察不重连...
2026-04-24 22:09:25,321 | ⚠️ aggTrade行情断流109秒！但底层连接存活，继续观察不重连...
2026-04-24 22:09:27,328 | [余额同步] 本地模式，初始资金: 10000.0 U
2026-04-24 22:09:27,328 | [账户监控] 无持仓
2026-04-24 22:09:30,322 | ⚠️ aggTrade行情断流114秒！但底层连接存活，继续观察不重连...
2026-04-24 22:09:35,325 | ⚠️ aggTrade行情断流119秒！但底层连接存活，继续观察不重连...
2026-04-24 22:09:35,328 | [余额同步] 本地模式，初始资金: 10000.0 U
2026-04-24 22:09:35,329 | [账户监控] 无持仓
2026-04-24 22:09:40,326 | ⚠️ aggTrade行情断流124秒！但底层连接存活，继续观察不重连...
2026-04-24 22:09:43,330 | [余额同步] 本地模式，初始资金: 10000.0 U
2026-04-24 22:09:43,332 | [账户监控] 无持仓
2026-04-24 22:09:45,326 | ⚠️ aggTrade行情断流129秒！但底层连接存活，继续观察不重连...
2026-04-24 22:09:50,327 | ⚠️ aggTrade行情断流134秒！但底层连接存活，继续观察不重连...
2026-04-24 22:09:51,332 | [余额同步] 本地模式，初始资金: 10000.0 U
2026-04-24 22:09:51,332 | [账户监控] 无持仓
2026-04-24 22:09:55,327 | ⚠️ aggTrade行情断流139秒！但底层连接存活，继续观察不重连...
2026-04-24 22:09:59,332 | [余额同步] 本地模式，初始资金: 10000.0 U
2026-04-24 22:09:59,332 | [账户监控] 无持仓
2026-04-24 22:10:00,334 | ⚠️ aggTrade行情断流144秒！但底层连接存活，继续观察不重连...
2026-04-24 22:10:05,335 | ⚠️ aggTrade行情断流149秒！但底层连接存活，继续观察不重连...
2026-04-24 22:10:07,333 | [余额同步] 本地模式，初始资金: 10000.0 U
2026-04-24 22:10:07,333 | [账户监控] 无持仓
2026-04-24 22:10:10,339 | ⚠️ aggTrade行情断流154秒！但底层连接存活，继续观察不重连...
2026-04-24 22:10:15,333 | [余额同步] 本地模式，初始资金: 10000.0 U
2026-04-24 22:10:15,334 | [账户监控] 无持仓
2026-04-24 22:10:15,340 | ⚠️ aggTrade行情断流159秒！但底层连接存活，继续观察不重连...
2026-04-24 22:10:20,341 | ⚠️ aggTrade行情断流164秒！但底层连接存活，继续观察不重连...
2026-04-24 22:10:23,335 | [余额同步] 本地模式，初始资金: 10000.0 U
2026-04-24 22:10:23,335 | [账户监控] 无持仓
2026-04-24 22:10:25,341 | ⚠️ aggTrade行情断流169秒！但底层连接存活，继续观察不重连...
2026-04-24 22:10:30,342 | ⚠️ aggTrade行情断流174秒！但底层连接存活，继续观察不重连...
2026-04-24 22:10:31,337 | [余额同步] 本地模式，初始资金: 10000.0 U
2026-04-24 22:10:31,337 | [账户监控] 无持仓
2026-04-24 22:10:35,343 | ⚠️ aggTrade行情断流179秒！但底层连接存活，继续观察不重连...
2026-04-24 22:10:39,338 | [余额同步] 本地模式，初始资金: 10000.0 U
2026-04-24 22:10:39,338 | [账户监控] 无持仓
2026-04-24 22:10:40,344 | ⚠️ aggTrade行情断流184秒！但底层连接存活，继续观察不重连...
2026-04-24 22:10:45,344 | ⚠️ aggTrade行情断流189秒！但底层连接存活，继续观察不重连...
2026-04-24 22:10:47,340 | [余额同步] 本地模式，初始资金: 10000.0 U
2026-04-24 22:10:47,340 | [账户监控] 无持仓
2026-04-24 22:10:50,345 | ⚠️ aggTrade行情断流194秒！但底层连接存活，继续观察不重连...
2026-04-24 22:10:55,342 | [余额同步] 本地模式，初始资金: 10000.0 U
2026-04-24 22:10:55,342 | [账户监控] 无持仓
2026-04-24 22:10:55,345 | ⚠️ aggTrade行情断流199秒！但底层连接存活，继续观察不重连...
2026-04-24 22:11:00,346 | ⚠️ aggTrade行情断流204秒！但底层连接存活，继续观察不重连...
2026-04-24 22:11:03,343 | [余额同步] 本地模式，初始资金: 10000.0 U
2026-04-24 22:11:03,343 | [账户监控] 无持仓
2026-04-24 22:11:05,346 | ⚠️ aggTrade行情断流209秒！但底层连接存活，继续观察不重连...
2026-04-24 22:11:10,347 | ⚠️ aggTrade行情断流214秒！但底层连接存活，继续观察不重连...
2026-04-24 22:11:11,343 | [余额同步] 本地模式，初始资金: 10000.0 U
2026-04-24 22:11:11,343 | [账户监控] 无持仓
2026-04-24 22:11:15,347 | ⚠️ aggTrade行情断流219秒！但底层连接存活，继续观察不重连...
2026-04-24 22:11:19,344 | [余额同步] 本地模式，初始资金: 10000.0 U
2026-04-24 22:11:19,344 | [账户监控] 无持仓
2026-04-24 22:11:20,348 | ⚠️ aggTrade行情断流224秒！但底层连接存活，继续观察不重连...
2026-04-24 22:11:25,348 | ⚠️ aggTrade行情断流229秒！但底层连接存活，继续观察不重连...
2026-04-24 22:11:27,344 | [余额同步] 本地模式，初始资金: 10000.0 U
2026-04-24 22:11:27,344 | [账户监控] 无持仓
2026-04-24 22:11:30,349 | ⚠️ aggTrade行情断流234秒！但底层连接存活，继续观察不重连...
2026-04-24 22:11:35,345 | [余额同步] 本地模式，初始资金: 10000.0 U
2026-04-24 22:11:35,345 | [账户监控] 无持仓
2026-04-24 22:11:35,350 | ⚠️ aggTrade行情断流239秒！但底层连接存活，继续观察不重连...
2026-04-24 22:11:40,351 | ⚠️ aggTrade行情断流244秒！但底层连接存活，继续观察不重连...
2026-04-24 22:11:43,345 | [余额同步] 本地模式，初始资金: 10000.0 U
2026-04-24 22:11:43,345 | [账户监控] 无持仓
2026-04-24 22:11:45,351 | ⚠️ aggTrade行情断流249秒！但底层连接存活，继续观察不重连...
2026-04-24 22:11:50,352 | ⚠️ aggTrade行情断流254秒！但底层连接存活，继续观察不重连...
2026-04-24 22:11:51,345 | [余额同步] 本地模式，初始资金: 10000.0 U
2026-04-24 22:11:51,345 | [账户监控] 无持仓
2026-04-24 22:11:55,353 | ⚠️ aggTrade行情断流259秒！但底层连接存活，继续观察不重连...
2026-04-24 22:11:57,392 | [WebSocket 错误] Connection to remote host was lost.
2026-04-24 22:11:57,393 | Connection to remote host was lost. - goodbye
2026-04-24 22:11:57,393 | [WebSocket] 断开，自动重连中...
2026-04-24 22:11:59,346 | [余额同步] 本地模式，初始资金: 10000.0 U
2026-04-24 22:11:59,346 | [账户监控] 无持仓
2026-04-24 22:12:00,354 | ⚠️ aggTrade行情断流264秒！但底层连接存活，继续观察不重连...
2026-04-24 22:12:05,354 | ⚠️ aggTrade行情断流269秒！但底层连接存活，继续观察不重连...
2026-04-24 22:12:07,346 | [余额同步] 本地模式，初始资金: 10000.0 U
2026-04-24 22:12:07,346 | [账户监控] 无持仓
2026-04-24 22:12:09,932 | Websocket connected
2026-04-24 22:12:09,932 | [WebSocket] 连接成功 ✅ (模式: 本地撮合-测试网行情)
2026-04-24 22:12:09,932 | [状态校准] 正在重新同步持仓与余额，清理幽灵状态...
2026-04-24 22:12:09,932 | [本地持仓] None
2026-04-24 22:12:10,433 | [余额同步] 本地模式，初始资金: 10000.0 U
2026-04-24 22:12:10,637 | [WebSocket] 行情订阅成功 ✅
2026-04-24 22:12:15,347 | [余额同步] 本地模式，初始资金: 10000.0 U
2026-04-24 22:12:15,347 | [账户监控] 无持仓
2026-04-24 22:12:23,347 | [余额同步] 本地模式，初始资金: 10000.0 U
2026-04-24 22:12:23,348 | [账户监控] 无持仓
2026-04-24 22:12:31,348 | [余额同步] 本地模式，初始资金: 10000.0 U
2026-04-24 22:12:31,348 | [账户监控] 无持仓
2026-04-24 22:12:39,348 | [余额同步] 本地模式，初始资金: 10000.0 U
2026-04-24 22:12:39,348 | [账户监控] 无持仓
2026-04-24 22:12:40,356 | ⚠️ aggTrade行情断流30秒！但底层连接存活，继续观察不重连...
2026-04-24 22:12:45,356 | ⚠️ aggTrade行情断流35秒！但底层连接存活，继续观察不重连...
2026-04-24 22:12:47,349 | [余额同步] 本地模式，初始资金: 10000.0 U
2026-04-24 22:12:47,349 | [账户监控] 无持仓
2026-04-24 22:12:50,357 | ⚠️ aggTrade行情断流40秒！但底层连接存活，继续观察不重连...
2026-04-24 22:12:55,350 | [余额同步] 本地模式，初始资金: 10000.0 U
2026-04-24 22:12:55,350 | [账户监控] 无持仓
2026-04-24 22:12:55,358 | ⚠️ aggTrade行情断流45秒！但底层连接存活，继续观察不重连...
2026-04-24 22:13:00,359 | ⚠️ aggTrade行情断流50秒！但底层连接存活，继续观察不重连...
2026-04-24 22:13:03,351 | [余额同步] 本地模式，初始资金: 10000.0 U
2026-04-24 22:13:03,351 | [账户监控] 无持仓
2026-04-24 22:13:05,360 | ⚠️ aggTrade行情断流55秒！但底层连接存活，继续观察不重连...
2026-04-24 22:13:10,361 | ⚠️ aggTrade行情断流60秒！但底层连接存活，继续观察不重连...
2026-04-24 22:13:11,351 | [余额同步] 本地模式，初始资金: 10000.0 U
2026-04-24 22:13:11,351 | [账户监控] 无持仓
2026-04-24 22:13:15,361 | ⚠️ aggTrade行情断流65秒！但底层连接存活，继续观察不重连...
2026-04-24 22:13:19,352 | [余额同步] 本地模式，初始资金: 10000.0 U
2026-04-24 22:13:19,353 | [账户监控] 无持仓
2026-04-24 22:13:20,362 | ⚠️ aggTrade行情断流70秒！但底层连接存活，继续观察不重连...
2026-04-24 22:13:25,363 | ⚠️ aggTrade行情断流75秒！但底层连接存活，继续观察不重连...
2026-04-24 22:13:27,353 | [余额同步] 本地模式，初始资金: 10000.0 U
2026-04-24 22:13:27,354 | [账户监控] 无持仓
2026-04-24 22:13:30,364 | ⚠️ aggTrade行情断流80秒！但底层连接存活，继续观察不重连...
2026-04-24 22:13:35,354 | [余额同步] 本地模式，初始资金: 10000.0 U
2026-04-24 22:13:35,354 | [账户监控] 无持仓
2026-04-24 22:13:35,365 | ⚠️ aggTrade行情断流85秒！但底层连接存活，继续观察不重连...
2026-04-24 22:13:40,366 | ⚠️ aggTrade行情断流90秒！但底层连接存活，继续观察不重连...
2026-04-24 22:13:43,355 | [余额同步] 本地模式，初始资金: 10000.0 U
2026-04-24 22:13:43,355 | [账户监控] 无持仓
2026-04-24 22:13:45,366 | ⚠️ aggTrade行情断流95秒！但底层连接存活，继续观察不重连...
2026-04-24 22:13:50,368 | ⚠️ aggTrade行情断流100秒！但底层连接存活，继续观察不重连...
2026-04-24 22:13:51,356 | [余额同步] 本地模式，初始资金: 10000.0 U
2026-04-24 22:13:51,356 | [账户监控] 无持仓
2026-04-24 22:13:55,279 | [程序退出]
