2026-04-18 01:03:39,413 | ======================================
2026-04-18 01:03:39,413 |  V23 流动性剃头皮策略 (多因子评分增强版) 启动成功
2026-04-18 01:03:39,413 |  当前运行模式: 本地撮合 (测试网行情)
2026-04-18 01:03:39,413 |  策略: 流动性+Sweep+区间评分 | 启动盈利:0.01% | 止损:1.5% | 区间有效期:120秒
2026-04-18 01:03:39,413 | ======================================
2026-04-18 01:03:40,651 | [时间同步] 完成
2026-04-18 01:03:40,652 | [历史K线] 正在拉取初始1分钟和15分钟K线数据...
2026-04-18 01:03:41,879 | [历史K线] 成功加载 14 根 1分钟K线
2026-04-18 01:03:43,130 | [历史K线] 成功加载 2 根 15分钟K线
2026-04-18 01:03:43,141 | [余额同步] 本地模式，初始资金: 10000.0 U
2026-04-18 01:03:43,142 | [本地持仓] None
2026-04-18 01:03:43,146 | [余额同步] 本地模式，初始资金: 10000.0 U
2026-04-18 01:03:43,146 | [账户监控] 无持仓
2026-04-18 01:03:44,887 | Websocket connected
2026-04-18 01:03:44,888 | [WebSocket] 连接成功 ✅ (模式: 本地撮合-测试网行情)
2026-04-18 01:03:44,888 | [状态校准] 正在重新同步持仓与余额，清理幽灵状态...
2026-04-18 01:03:44,888 | [本地持仓] None
2026-04-18 01:03:45,389 | [余额同步] 本地模式，初始资金: 10000.0 U
2026-04-18 01:03:45,690 | [WebSocket] 行情订阅成功 ✅
2026-04-18 01:03:45,965 | [价格] Last:77804.4 | Mark:N/A | 延迟:0.0s | aggDelay:0.0s
2026-04-18 01:03:45,966 | [开仓雷达] 1.震荡市:代码✅(评分:85) | 5K✅ | 2.基础✅(K:14 A:60.5 W:157.0) | 3.盈亏比❌(0.13≥1.3 需W>0.0) | 4.靠轨❌(多:❌ 空:❌) | 5.过滤❌(偏:neutral 触:0 向:buy) | 6.时效✅(剩:120s) | ==> 综合: 多🔴 空🔴
2026-04-18 01:03:47,971 | [开仓雷达] 1.震荡市:代码✅(评分:85) | 5K✅ | 2.基础✅(K:14 A:60.5 W:157.0) | 3.盈亏比❌(0.13≥1.3 需W>0.0) | 4.靠轨❌(多:❌ 空:❌) | 5.过滤❌(偏:bear 触:0 向:buy) | 6.时效✅(剩:118s) | ==> 综合: 多🔴 空🔴
2026-04-18 01:03:51,598 | [余额同步] 本地模式，初始资金: 10000.0 U
2026-04-18 01:03:51,598 | [账户监控] 无持仓
2026-04-18 01:03:51,651 | [价格] Last:77809.2 | Mark:77816.90262681 | 延迟:0.0s | aggDelay:0.0s
2026-04-18 01:03:51,652 | [开仓雷达] 1.震荡市:代码✅(评分:85) | 5K✅ | 2.基础✅(K:14 A:60.5 W:157.0) | 3.盈亏比❌(0.13≥1.3 需W>0.0) | 4.靠轨❌(多:❌ 空:❌) | 5.过滤❌(偏:bear 触:0 向:buy) | 6.时效✅(剩:114s) | ==> 综合: 多🔴 空🔴
2026-04-18 01:03:53,831 | [开仓雷达] 1.震荡市:代码✅(评分:85) | 5K✅ | 2.基础✅(K:14 A:60.5 W:157.0) | 3.盈亏比❌(0.13≥1.3 需W>0.0) | 4.靠轨❌(多:❌ 空:❌) | 5.过滤❌(偏:bear 触:0 向:sell) | 6.时效✅(剩:112s) | ==> 综合: 多🔴 空🔴
2026-04-18 01:03:56,221 | [开仓雷达] 1.震荡市:代码✅(评分:85) | 5K✅ | 2.基础✅(K:14 A:60.5 W:157.0) | 3.盈亏比❌(0.13≥1.3 需W>0.0) | 4.靠轨❌(多:❌ 空:❌) | 5.过滤❌(偏:bear 触:0 向:buy) | 6.时效✅(剩:110s) | ==> 综合: 多🔴 空🔴
2026-04-18 01:03:56,666 | [价格] Last:77794.7 | Mark:77811.4015942 | 延迟:0.0s | aggDelay:0.0s
2026-04-18 01:03:58,222 | [开仓雷达] 1.震荡市:代码✅(评分:85) | 5K✅ | 2.基础✅(K:14 A:60.5 W:157.0) | 3.盈亏比❌(0.13≥1.3 需W>0.0) | 4.靠轨❌(多:❌ 空:❌) | 5.过滤❌(偏:bear 触:0 向:buy) | 6.时效✅(剩:108s) | ==> 综合: 多🔴 空🔴
2026-04-18 01:03:59,599 | [余额同步] 本地模式，初始资金: 10000.0 U
2026-04-18 01:03:59,599 | [账户监控] 无持仓
2026-04-18 01:04:00,339 | [开仓雷达] 1.震荡市:代码✅(评分:85) | 5K✅ | 2.基础✅(K:14 A:60.5 W:157.0) | 3.盈亏比❌(0.13≥1.3 需W>0.0) | 4.靠轨❌(多:❌ 空:❌) | 5.过滤❌(偏:bear 触:0 向:buy) | 6.时效✅(剩:106s) | ==> 综合: 多🔴 空🔴
2026-04-18 01:04:02,372 | [价格] Last:77809.2 | Mark:77837.8 | 延迟:0.1s | aggDelay:1.6s
2026-04-18 01:04:02,372 | [开仓雷达] 1.震荡市:代码✅(评分:85) | 5K✅ | 2.基础✅(K:14 A:60.5 W:157.0) | 3.盈亏比❌(0.13≥1.3 需W>0.0) | 4.靠轨❌(多:❌ 空:❌) | 5.过滤❌(偏:bear 触:0 向:buy) | 6.时效✅(剩:104s) | ==> 综合: 多🔴 空🔴
2026-04-18 01:04:04,404 | [开仓雷达] 1.震荡市:代码❌(评分:85) | 5K✅ | 2.基础✅(K:15 A:61.4 W:142.7) | 3.盈亏比❌(0.12≥1.3 需W>0.0) | 4.靠轨❌(多:❌ 空:❌) | 5.过滤❌(偏:bear 触:0 向:buy) | 6.时效✅(剩:102s) | ==> 综合: 多🔴 空🔴
2026-04-18 01:04:06,718 | [开仓雷达] 1.震荡市:代码❌(评分:85) | 5K✅ | 2.基础✅(K:15 A:61.4 W:142.7) | 3.盈亏比❌(0.12≥1.3 需W>0.0) | 4.靠轨❌(多:❌ 空:❌) | 5.过滤❌(偏:bear 触:0 向:sell) | 6.时效✅(剩:99s) | ==> 综合: 多🔴 空🔴
2026-04-18 01:04:07,599 | [余额同步] 本地模式，初始资金: 10000.0 U
2026-04-18 01:04:07,599 | [账户监控] 无持仓
2026-04-18 01:04:07,765 | [价格] Last:77822.3 | Mark:77826.28278986 | 延迟:0.0s | aggDelay:0.0s
2026-04-18 01:04:08,769 | [开仓雷达] 1.震荡市:代码❌(评分:85) | 5K✅ | 2.基础✅(K:15 A:61.4 W:142.7) | 3.盈亏比❌(0.12≥1.3 需W>0.0) | 4.靠轨❌(多:❌ 空:❌) | 5.过滤❌(偏:bear 触:0 向:sell) | 6.时效✅(剩:97s) | ==> 综合: 多🔴 空🔴
2026-04-18 01:04:10,975 | [开仓雷达] 1.震荡市:代码❌(评分:85) | 5K✅ | 2.基础✅(K:15 A:61.4 W:142.7) | 3.盈亏比❌(0.12≥1.3 需W>0.0) | 4.靠轨❌(多:❌ 空:❌) | 5.过滤❌(偏:bear 触:0 向:buy) | 6.时效✅(剩:95s) | ==> 综合: 多🔴 空🔴
2026-04-18 01:04:13,220 | [价格] Last:77817.5 | Mark:77814.88625 | 延迟:0.0s | aggDelay:0.5s
2026-04-18 01:04:13,220 | [开仓雷达] 1.震荡市:代码❌(评分:85) | 5K✅ | 2.基础✅(K:15 A:61.4 W:142.7) | 3.盈亏比❌(0.12≥1.3 需W>0.0) | 4.靠轨❌(多:❌ 空:❌) | 5.过滤❌(偏:bear 触:0 向:sell) | 6.时效✅(剩:93s) | ==> 综合: 多🔴 空🔴
2026-04-18 01:04:15,373 | [开仓雷达] 1.震荡市:代码❌(评分:85) | 5K✅ | 2.基础✅(K:15 A:61.4 W:142.7) | 3.盈亏比❌(0.12≥1.3 需W>0.0) | 4.靠轨❌(多:❌ 空:❌) | 5.过滤❌(偏:bear 触:0 向:sell) | 6.时效✅(剩:91s) | ==> 综合: 多🔴 空🔴
2026-04-18 01:04:15,600 | [余额同步] 本地模式，初始资金: 10000.0 U
2026-04-18 01:04:15,600 | [账户监控] 无持仓
2026-04-18 01:04:17,380 | [开仓雷达] 1.震荡市:代码❌(评分:85) | 5K✅ | 2.基础✅(K:15 A:61.4 W:142.7) | 3.盈亏比❌(0.12≥1.3 需W>0.0) | 4.靠轨❌(多:❌ 空:❌) | 5.过滤❌(偏:bear 触:0 向:sell) | 6.时效✅(剩:89s) | ==> 综合: 多🔴 空🔴
2026-04-18 01:04:18,351 | [价格] Last:77816.3 | Mark:77812.38195652 | 延迟:0.0s | aggDelay:0.0s
2026-04-18 01:04:19,795 | [开仓雷达] 1.震荡市:代码❌(评分:85) | 5K✅ | 2.基础✅(K:15 A:61.4 W:142.7) | 3.盈亏比❌(0.12≥1.3 需W>0.0) | 4.靠轨❌(多:❌ 空:❌) | 5.过滤❌(偏:bear 触:0 向:buy) | 6.时效✅(剩:86s) | ==> 综合: 多🔴 空🔴
2026-04-18 01:04:21,914 | [开仓雷达] 1.震荡市:代码❌(评分:85) | 5K✅ | 2.基础✅(K:15 A:61.4 W:142.7) | 3.盈亏比❌(0.12≥1.3 需W>0.0) | 4.靠轨❌(多:❌ 空:❌) | 5.过滤❌(偏:bear 触:0 向:buy) | 6.时效✅(剩:84s) | ==> 综合: 多🔴 空🔴
2026-04-18 01:04:23,602 | [余额同步] 本地模式，初始资金: 10000.0 U
2026-04-18 01:04:23,602 | [账户监控] 无持仓
2026-04-18 01:04:23,955 | [价格] Last:77825.0 | Mark:77826.40596014 | 延迟:0.0s | aggDelay:0.0s
2026-04-18 01:04:23,956 | [开仓雷达] 1.震荡市:代码❌(评分:85) | 5K✅ | 2.基础✅(K:15 A:61.4 W:142.7) | 3.盈亏比❌(0.12≥1.3 需W>0.0) | 4.靠轨❌(多:❌ 空:❌) | 5.过滤❌(偏:bear 触:0 向:sell) | 6.时效✅(剩:82s) | ==> 综合: 多🔴 空🔴
2026-04-18 01:04:26,092 | [开仓雷达] 1.震荡市:代码❌(评分:85) | 5K✅ | 2.基础✅(K:15 A:61.4 W:142.7) | 3.盈亏比❌(0.12≥1.3 需W>0.0) | 4.靠轨❌(多:❌ 空:❌) | 5.过滤❌(偏:bear 触:0 向:sell) | 6.时效✅(剩:80s) | ==> 综合: 多🔴 空🔴
2026-04-18 01:04:28,211 | [开仓雷达] 1.震荡市:代码❌(评分:85) | 5K✅ | 2.基础✅(K:15 A:61.4 W:142.7) | 3.盈亏比❌(0.12≥1.3 需W>0.0) | 4.靠轨❌(多:❌ 空:❌) | 5.过滤❌(偏:bear 触:0 向:sell) | 6.时效✅(剩:78s) | ==> 综合: 多🔴 空🔴
2026-04-18 01:04:29,246 | [价格] Last:77825.0 | Mark:77820.14849802 | 延迟:0.0s | aggDelay:0.0s
2026-04-18 01:04:30,453 | [开仓雷达] 1.震荡市:代码❌(评分:85) | 5K✅ | 2.基础✅(K:15 A:61.4 W:142.7) | 3.盈亏比❌(0.12≥1.3 需W>0.0) | 4.靠轨❌(多:❌ 空:❌) | 5.过滤❌(偏:bear 触:0 向:sell) | 6.时效✅(剩:76s) | ==> 综合: 多🔴 空🔴
2026-04-18 01:04:31,603 | [余额同步] 本地模式，初始资金: 10000.0 U
2026-04-18 01:04:31,603 | [账户监控] 无持仓
2026-04-18 01:04:32,654 | [开仓雷达] 1.震荡市:代码❌(评分:85) | 5K✅ | 2.基础✅(K:15 A:61.4 W:142.7) | 3.盈亏比❌(0.12≥1.3 需W>0.0) | 4.靠轨❌(多:❌ 空:❌) | 5.过滤❌(偏:bear 触:0 向:buy) | 6.时效✅(剩:73s) | ==> 综合: 多🔴 空🔴
2026-04-18 01:04:34,386 | [价格] Last:77825.0 | Mark:77819.74862319 | 延迟:0.0s | aggDelay:0.0s
2026-04-18 01:04:34,829 | [开仓雷达] 1.震荡市:代码❌(评分:85) | 5K✅ | 2.基础✅(K:15 A:61.4 W:142.7) | 3.盈亏比❌(0.12≥1.3 需W>0.0) | 4.靠轨❌(多:❌ 空:❌) | 5.过滤❌(偏:bear 触:0 向:sell) | 6.时效✅(剩:71s) | ==> 综合: 多🔴 空🔴
2026-04-18 01:04:37,035 | [开仓雷达] 1.震荡市:代码❌(评分:85) | 5K✅ | 2.基础✅(K:15 A:61.4 W:142.7) | 3.盈亏比❌(0.12≥1.3 需W>0.0) | 4.靠轨❌(多:❌ 空:❌) | 5.过滤❌(偏:bear 触:0 向:sell) | 6.时效✅(剩:69s) | ==> 综合: 多🔴 空🔴
2026-04-18 01:04:39,164 | [开仓雷达] 1.震荡市:代码❌(评分:85) | 5K✅ | 2.基础✅(K:15 A:61.4 W:142.7) | 3.盈亏比❌(0.12≥1.3 需W>0.0) | 4.靠轨❌(多:❌ 空:❌) | 5.过滤❌(偏:bear 触:0 向:buy) | 6.时效✅(剩:67s) | ==> 综合: 多🔴 空🔴
2026-04-18 01:04:39,431 | [价格] Last:77825.0 | Mark:77828.1 | 延迟:0.0s | aggDelay:0.0s
2026-04-18 01:04:39,604 | [余额同步] 本地模式，初始资金: 10000.0 U
2026-04-18 01:04:39,604 | [账户监控] 无持仓
2026-04-18 01:04:41,715 | [开仓雷达] 1.震荡市:代码❌(评分:85) | 5K✅ | 2.基础✅(K:15 A:61.4 W:142.7) | 3.盈亏比❌(0.12≥1.3 需W>0.0) | 4.靠轨❌(多:❌ 空:❌) | 5.过滤❌(偏:bear 触:0 向:buy) | 6.时效✅(剩:64s) | ==> 综合: 多🔴 空🔴
2026-04-18 01:04:43,902 | [开仓雷达] 1.震荡市:代码❌(评分:85) | 5K✅ | 2.基础✅(K:15 A:61.4 W:142.7) | 3.盈亏比❌(0.12≥1.3 需W>0.0) | 4.靠轨❌(多:❌ 空:❌) | 5.过滤❌(偏:bear 触:0 向:buy) | 6.时效✅(剩:62s) | ==> 综合: 多🔴 空🔴
2026-04-18 01:04:44,865 | [价格] Last:77824.5 | Mark:77842.8 | 延迟:0.0s | aggDelay:0.0s
2026-04-18 01:04:46,133 | [开仓雷达] 1.震荡市:代码❌(评分:85) | 5K✅ | 2.基础✅(K:15 A:61.4 W:142.7) | 3.盈亏比❌(0.12≥1.3 需W>0.0) | 4.靠轨❌(多:❌ 空:❌) | 5.过滤❌(偏:bear 触:0 向:sell) | 6.时效✅(剩:60s) | ==> 综合: 多🔴 空🔴
2026-04-18 01:04:47,605 | [余额同步] 本地模式，初始资金: 10000.0 U
2026-04-18 01:04:47,605 | [账户监控] 无持仓
2026-04-18 01:04:48,264 | [开仓雷达] 1.震荡市:代码❌(评分:85) | 5K✅ | 2.基础✅(K:15 A:61.4 W:142.7) | 3.盈亏比❌(0.12≥1.3 需W>0.0) | 4.靠轨❌(多:❌ 空:❌) | 5.过滤❌(偏:neutral 触:0 向:buy) | 6.时效✅(剩:58s) | ==> 综合: 多🔴 空🔴
2026-04-18 01:04:50,291 | [价格] Last:77827.2 | Mark:77834.08708333 | 延迟:0.0s | aggDelay:0.0s
2026-04-18 01:04:50,292 | [开仓雷达] 1.震荡市:代码❌(评分:85) | 5K✅ | 2.基础✅(K:15 A:61.4 W:142.7) | 3.盈亏比❌(0.12≥1.3 需W>0.0) | 4.靠轨❌(多:❌ 空:❌) | 5.过滤❌(偏:neutral 触:0 向:buy) | 6.时效✅(剩:56s) | ==> 综合: 多🔴 空🔴
2026-04-18 01:04:52,455 | [开仓雷达] 1.震荡市:代码❌(评分:85) | 5K✅ | 2.基础✅(K:15 A:61.4 W:142.7) | 3.盈亏比❌(0.12≥1.3 需W>0.0) | 4.靠轨❌(多:❌ 空:❌) | 5.过滤❌(偏:neutral 触:0 向:sell) | 6.时效✅(剩:54s) | ==> 综合: 多🔴 空🔴
2026-04-18 01:04:54,678 | [开仓雷达] 1.震荡市:代码❌(评分:85) | 5K✅ | 2.基础✅(K:15 A:61.4 W:142.7) | 3.盈亏比❌(0.12≥1.3 需W>0.0) | 4.靠轨❌(多:❌ 空:❌) | 5.过滤❌(偏:neutral 触:0 向:sell) | 6.时效✅(剩:51s) | ==> 综合: 多🔴 空🔴
2026-04-18 01:04:55,369 | [价格] Last:77825.1 | Mark:77823.39293478 | 延迟:0.0s | aggDelay:0.0s
2026-04-18 01:04:55,606 | [余额同步] 本地模式，初始资金: 10000.0 U
2026-04-18 01:04:55,606 | [账户监控] 无持仓
2026-04-18 01:04:56,958 | [开仓雷达] 1.震荡市:代码❌(评分:85) | 5K✅ | 2.基础✅(K:15 A:61.4 W:142.7) | 3.盈亏比❌(0.12≥1.3 需W>0.0) | 4.靠轨❌(多:❌ 空:❌) | 5.过滤❌(偏:neutral 触:0 向:buy) | 6.时效✅(剩:49s) | ==> 综合: 多🔴 空🔴
2026-04-18 01:04:59,377 | [开仓雷达] 1.震荡市:代码❌(评分:85) | 5K✅ | 2.基础✅(K:15 A:61.4 W:142.7) | 3.盈亏比❌(0.12≥1.3 需W>0.0) | 4.靠轨❌(多:❌ 空:❌) | 5.过滤❌(偏:neutral 触:0 向:sell) | 6.时效✅(剩:47s) | ==> 综合: 多🔴 空🔴
2026-04-18 01:05:00,925 | [价格] Last:77824.1 | Mark:77821.81690217 | 延迟:0.0s | aggDelay:0.0s
2026-04-18 01:05:01,460 | [开仓雷达] 1.震荡市:代码✅(评分:60) | 5K✅ | 2.基础✅(K:15 A:57.1 W:98.4) | 3.盈亏比❌(0.08≥1.3 需W>0.0) | 4.靠轨✅(多:❌ 空:✅) | 5.过滤✅(偏:bull 触:2 向:sell) | 6.时效✅(剩:120s) | ==> 综合: 多🔴 空🔴
2026-04-18 01:05:03,623 | [余额同步] 本地模式，初始资金: 10000.0 U
2026-04-18 01:05:03,623 | [账户监控] 无持仓
2026-04-18 01:05:03,856 | [开仓雷达] 1.震荡市:代码✅(评分:60) | 5K✅ | 2.基础✅(K:15 A:57.1 W:98.4) | 3.盈亏比❌(0.08≥1.3 需W>0.0) | 4.靠轨✅(多:❌ 空:✅) | 5.过滤✅(偏:bull 触:10 向:sell) | 6.时效✅(剩:117s) | ==> 综合: 多🔴 空🔴
2026-04-18 01:05:06,482 | [价格] Last:77825.9 | Mark:77811.73565217 | 延迟:0.0s | aggDelay:0.0s
2026-04-18 01:05:06,482 | [开仓雷达] 1.震荡市:代码✅(评分:60) | 5K✅ | 2.基础✅(K:15 A:57.1 W:98.4) | 3.盈亏比❌(0.08≥1.3 需W>0.0) | 4.靠轨✅(多:❌ 空:✅) | 5.过滤✅(偏:bull 触:10 向:buy) | 6.时效✅(剩:115s) | ==> 综合: 多🔴 空🔴
2026-04-18 01:05:08,529 | [开仓雷达] 1.震荡市:代码✅(评分:60) | 5K✅ | 2.基础✅(K:15 A:57.1 W:98.4) | 3.盈亏比❌(0.08≥1.3 需W>0.0) | 4.靠轨✅(多:❌ 空:✅) | 5.过滤✅(偏:bull 触:10 向:sell) | 6.时效✅(剩:113s) | ==> 综合: 多🔴 空🔴
2026-04-18 01:05:10,587 | [开仓雷达] 1.震荡市:代码✅(评分:60) | 5K✅ | 2.基础✅(K:15 A:57.1 W:98.4) | 3.盈亏比❌(0.08≥1.3 需W>0.0) | 4.靠轨✅(多:❌ 空:✅) | 5.过滤✅(偏:bull 触:10 向:sell) | 6.时效✅(剩:111s) | ==> 综合: 多🔴 空🔴
2026-04-18 01:05:11,559 | [价格] Last:77824.6 | Mark:77800.88911232 | 延迟:0.0s | aggDelay:0.0s
2026-04-18 01:05:11,623 | [余额同步] 本地模式，初始资金: 10000.0 U
2026-04-18 01:05:11,623 | [账户监控] 无持仓
2026-04-18 01:05:12,772 | [开仓雷达] 1.震荡市:代码✅(评分:60) | 5K✅ | 2.基础✅(K:15 A:57.1 W:98.4) | 3.盈亏比❌(0.08≥1.3 需W>0.0) | 4.靠轨✅(多:❌ 空:✅) | 5.过滤✅(偏:bull 触:10 向:sell) | 6.时效✅(剩:108s) | ==> 综合: 多🔴 空🔴
2026-04-18 01:05:15,040 | [开仓雷达] 1.震荡市:代码✅(评分:60) | 5K✅ | 2.基础✅(K:15 A:57.1 W:98.4) | 3.盈亏比❌(0.08≥1.3 需W>0.0) | 4.靠轨✅(多:❌ 空:✅) | 5.过滤✅(偏:bull 触:10 向:sell) | 6.时效✅(剩:106s) | ==> 综合: 多🔴 空🔴
2026-04-18 01:05:16,788 | [价格] Last:77824.9 | Mark:77799.39672101 | 延迟:0.0s | aggDelay:0.0s
2026-04-18 01:05:17,152 | [开仓雷达] 1.震荡市:代码✅(评分:60) | 5K✅ | 2.基础✅(K:15 A:57.1 W:98.4) | 3.盈亏比❌(0.08≥1.3 需W>0.0) | 4.靠轨✅(多:❌ 空:✅) | 5.过滤✅(偏:bull 触:10 向:sell) | 6.时效✅(剩:104s) | ==> 综合: 多🔴 空🔴
2026-04-18 01:05:19,225 | [开仓雷达] 1.震荡市:代码✅(评分:60) | 5K✅ | 2.基础✅(K:15 A:57.1 W:98.4) | 3.盈亏比❌(0.08≥1.3 需W>0.0) | 4.靠轨✅(多:❌ 空:✅) | 5.过滤✅(偏:bear 触:10 向:buy) | 6.时效✅(剩:102s) | ==> 综合: 多🔴 空🔴
2026-04-18 01:05:19,624 | [余额同步] 本地模式，初始资金: 10000.0 U
2026-04-18 01:05:19,624 | [账户监控] 无持仓
2026-04-18 01:05:21,251 | [开仓雷达] 1.震荡市:代码✅(评分:60) | 5K✅ | 2.基础✅(K:15 A:57.1 W:98.4) | 3.盈亏比❌(0.08≥1.3 需W>0.0) | 4.靠轨✅(多:❌ 空:✅) | 5.过滤✅(偏:bear 触:10 向:sell) | 6.时效✅(剩:100s) | ==> 综合: 多🔴 空🔴
2026-04-18 01:05:21,997 | [价格] Last:77825.2 | Mark:77797.73693841 | 延迟:0.0s | aggDelay:0.0s
2026-04-18 01:05:23,599 | [开仓雷达] 1.震荡市:代码✅(评分:60) | 5K✅ | 2.基础✅(K:15 A:57.1 W:98.4) | 3.盈亏比❌(0.08≥1.3 需W>0.0) | 4.靠轨✅(多:❌ 空:✅) | 5.过滤✅(偏:neutral 触:10 向:sell) | 6.时效✅(剩:98s) | ==> 综合: 多🔴 空🔴
2026-04-18 01:05:26,506 | [开仓雷达] 1.震荡市:代码✅(评分:60) | 5K✅ | 2.基础✅(K:15 A:57.1 W:98.4) | 3.盈亏比❌(0.08≥1.3 需W>0.0) | 4.靠轨✅(多:❌ 空:✅) | 5.过滤✅(偏:bear 触:10 向:sell) | 6.时效✅(剩:95s) | ==> 综合: 多🔴 空🔴
2026-04-18 01:05:27,198 | [价格] Last:77825.4 | Mark:77794.69856884 | 延迟:0.0s | aggDelay:0.0s
2026-04-18 01:05:27,624 | [余额同步] 本地模式，初始资金: 10000.0 U
2026-04-18 01:05:27,624 | [账户监控] 无持仓
2026-04-18 01:05:28,728 | [开仓雷达] 1.震荡市:代码✅(评分:60) | 5K✅ | 2.基础✅(K:15 A:57.1 W:98.4) | 3.盈亏比❌(0.08≥1.3 需W>0.0) | 4.靠轨✅(多:❌ 空:✅) | 5.过滤✅(偏:bull 触:10 向:sell) | 6.时效✅(剩:92s) | ==> 综合: 多🔴 空🔴
2026-04-18 01:05:30,767 | [开仓雷达] 1.震荡市:代码✅(评分:60) | 5K✅ | 2.基础✅(K:15 A:57.1 W:98.4) | 3.盈亏比❌(0.08≥1.3 需W>0.0) | 4.靠轨✅(多:❌ 空:✅) | 5.过滤✅(偏:bear 触:10 向:sell) | 6.时效✅(剩:90s) | ==> 综合: 多🔴 空🔴
2026-04-18 01:05:32,437 | [价格] Last:77824.7 | Mark:77793.63889493 | 延迟:0.0s | aggDelay:0.0s
2026-04-18 01:05:32,880 | [开仓雷达] 1.震荡市:代码✅(评分:60) | 5K✅ | 2.基础✅(K:15 A:57.1 W:98.4) | 3.盈亏比❌(0.08≥1.3 需W>0.0) | 4.靠轨✅(多:❌ 空:✅) | 5.过滤✅(偏:bear 触:10 向:buy) | 6.时效✅(剩:88s) | ==> 综合: 多🔴 空🔴
2026-04-18 01:05:34,889 | [开仓雷达] 1.震荡市:代码✅(评分:60) | 5K✅ | 2.基础✅(K:15 A:57.1 W:98.4) | 3.盈亏比❌(0.08≥1.3 需W>0.0) | 4.靠轨✅(多:❌ 空:✅) | 5.过滤✅(偏:bear 触:10 向:sell) | 6.时效✅(剩:86s) | ==> 综合: 多🔴 空🔴
2026-04-18 01:05:35,624 | [余额同步] 本地模式，初始资金: 10000.0 U
2026-04-18 01:05:35,624 | [账户监控] 无持仓
2026-04-18 01:05:36,938 | [开仓雷达] 1.震荡市:代码✅(评分:60) | 5K✅ | 2.基础✅(K:15 A:57.1 W:98.4) | 3.盈亏比❌(0.08≥1.3 需W>0.0) | 4.靠轨✅(多:❌ 空:✅) | 5.过滤✅(偏:neutral 触:10 向:sell) | 6.时效✅(剩:84s) | ==> 综合: 多🔴 空🔴
2026-04-18 01:05:37,918 | [价格] Last:77824.4 | Mark:77780.81244565 | 延迟:0.0s | aggDelay:0.0s
2026-04-18 01:05:39,009 | [开仓雷达] 1.震荡市:代码✅(评分:60) | 5K✅ | 2.基础✅(K:15 A:57.1 W:98.4) | 3.盈亏比❌(0.08≥1.3 需W>0.0) | 4.靠轨✅(多:❌ 空:✅) | 5.过滤✅(偏:bear 触:10 向:buy) | 6.时效✅(剩:82s) | ==> 综合: 多🔴 空🔴
2026-04-18 01:05:41,471 | [开仓雷达] 1.震荡市:代码✅(评分:60) | 5K✅ | 2.基础✅(K:15 A:57.1 W:98.4) | 3.盈亏比❌(0.08≥1.3 需W>0.0) | 4.靠轨✅(多:❌ 空:✅) | 5.过滤✅(偏:bear 触:10 向:sell) | 6.时效✅(剩:80s) | ==> 综合: 多🔴 空🔴
2026-04-18 01:05:42,957 | [价格] Last:77824.0 | Mark:77778.02396739 | 延迟:0.0s | aggDelay:0.0s
2026-04-18 01:05:43,625 | [余额同步] 本地模式，初始资金: 10000.0 U
2026-04-18 01:05:43,625 | [账户监控] 无持仓
2026-04-18 01:05:43,898 | [开仓雷达] 1.震荡市:代码✅(评分:60) | 5K✅ | 2.基础✅(K:15 A:57.1 W:98.4) | 3.盈亏比❌(0.08≥1.3 需W>0.0) | 4.靠轨✅(多:❌ 空:✅) | 5.过滤✅(偏:bull 触:10 向:sell) | 6.时效✅(剩:77s) | ==> 综合: 多🔴 空🔴
2026-04-18 01:05:46,030 | [开仓雷达] 1.震荡市:代码✅(评分:60) | 5K✅ | 2.基础✅(K:15 A:57.1 W:98.4) | 3.盈亏比❌(0.08≥1.3 需W>0.0) | 4.靠轨✅(多:❌ 空:✅) | 5.过滤✅(偏:bull 触:10 向:buy) | 6.时效✅(剩:75s) | ==> 综合: 多🔴 空🔴
2026-04-18 01:05:48,630 | [价格] Last:77824.5 | Mark:77768.09711957 | 延迟:0.0s | aggDelay:0.0s
2026-04-18 01:05:48,630 | [开仓雷达] 1.震荡市:代码✅(评分:60) | 5K✅ | 2.基础✅(K:15 A:57.1 W:98.4) | 3.盈亏比❌(0.08≥1.3 需W>0.0) | 4.靠轨✅(多:❌ 空:✅) | 5.过滤✅(偏:bull 触:10 向:sell) | 6.时效✅(剩:73s) | ==> 综合: 多🔴 空🔴
2026-04-18 01:05:50,722 | [开仓雷达] 1.震荡市:代码✅(评分:60) | 5K✅ | 2.基础✅(K:15 A:57.1 W:98.4) | 3.盈亏比❌(0.08≥1.3 需W>0.0) | 4.靠轨❌(多:❌ 空:❌) | 5.过滤✅(偏:bull 触:10 向:sell) | 6.时效✅(剩:71s) | ==> 综合: 多🔴 空🔴
2026-04-18 01:05:51,645 | [余额同步] 本地模式，初始资金: 10000.0 U
2026-04-18 01:05:51,646 | [账户监控] 无持仓
2026-04-18 01:05:52,783 | [开仓雷达] 1.震荡市:代码✅(评分:60) | 5K✅ | 2.基础✅(K:15 A:57.1 W:98.4) | 3.盈亏比❌(0.08≥1.3 需W>0.0) | 4.靠轨✅(多:❌ 空:✅) | 5.过滤✅(偏:bull 触:10 向:buy) | 6.时效✅(剩:68s) | ==> 综合: 多🔴 空🔴
2026-04-18 01:05:53,678 | [价格] Last:77795.7 | Mark:77763.47106719 | 延迟:0.0s | aggDelay:0.0s
2026-04-18 01:05:54,961 | [开仓雷达] 1.震荡市:代码✅(评分:60) | 5K✅ | 2.基础✅(K:15 A:57.1 W:98.4) | 3.盈亏比❌(0.08≥1.3 需W>0.0) | 4.靠轨❌(多:❌ 空:❌) | 5.过滤✅(偏:bull 触:10 向:sell) | 6.时效✅(剩:66s) | ==> 综合: 多🔴 空🔴
2026-04-18 01:05:57,208 | [开仓雷达] 1.震荡市:代码✅(评分:60) | 5K✅ | 2.基础✅(K:15 A:57.1 W:98.4) | 3.盈亏比❌(0.08≥1.3 需W>0.0) | 4.靠轨❌(多:❌ 空:❌) | 5.过滤✅(偏:bull 触:10 向:sell) | 6.时效✅(剩:64s) | ==> 综合: 多🔴 空🔴
2026-04-18 01:05:58,728 | [价格] Last:77795.6 | Mark:77771.0 | 延迟:0.0s | aggDelay:0.0s
2026-04-18 01:05:59,403 | [开仓雷达] 1.震荡市:代码✅(评分:60) | 5K✅ | 2.基础✅(K:15 A:57.1 W:98.4) | 3.盈亏比❌(0.08≥1.3 需W>0.0) | 4.靠轨❌(多:❌ 空:❌) | 5.过滤✅(偏:neutral 触:10 向:sell) | 6.时效✅(剩:62s) | ==> 综合: 多🔴 空🔴
2026-04-18 01:05:59,646 | [余额同步] 本地模式，初始资金: 10000.0 U
2026-04-18 01:05:59,646 | [账户监控] 无持仓
2026-04-18 01:06:01,553 | [开仓雷达] 1.震荡市:代码✅(评分:60) | 5K✅ | 2.基础✅(K:15 A:53.4 W:98.4) | 3.盈亏比❌(0.08≥1.3 需W>0.0) | 4.靠轨❌(多:❌ 空:❌) | 5.过滤✅(偏:neutral 触:10 向:sell) | 6.时效✅(剩:60s) | ==> 综合: 多🔴 空🔴
2026-04-18 01:06:03,833 | [价格] Last:77795.9 | Mark:77771.0 | 延迟:0.0s | aggDelay:0.0s
2026-04-18 01:06:03,833 | [开仓雷达] 1.震荡市:代码✅(评分:60) | 5K✅ | 2.基础✅(K:15 A:53.4 W:98.4) | 3.盈亏比❌(0.08≥1.3 需W>0.0) | 4.靠轨❌(多:❌ 空:❌) | 5.过滤✅(偏:neutral 触:10 向:sell) | 6.时效✅(剩:57s) | ==> 综合: 多🔴 空🔴
2026-04-18 01:06:07,228 | [开仓雷达] 1.震荡市:代码✅(评分:60) | 5K✅ | 2.基础✅(K:15 A:53.4 W:98.4) | 3.盈亏比❌(0.08≥1.3 需W>0.0) | 4.靠轨✅(多:❌ 空:✅) | 5.过滤✅(偏:bear 触:10 向:buy) | 6.时效✅(剩:54s) | ==> 综合: 多🔴 空🔴
2026-04-18 01:06:07,646 | [余额同步] 本地模式，初始资金: 10000.0 U
2026-04-18 01:06:07,647 | [账户监控] 无持仓
2026-04-18 01:06:09,529 | [价格] Last:77814.7 | Mark:77769.4503442 | 延迟:0.0s | aggDelay:0.0s
2026-04-18 01:06:09,529 | [开仓雷达] 1.震荡市:代码✅(评分:60) | 5K✅ | 2.基础✅(K:15 A:53.4 W:98.4) | 3.盈亏比❌(0.08≥1.3 需W>0.0) | 4.靠轨❌(多:❌ 空:❌) | 5.过滤✅(偏:bear 触:10 向:buy) | 6.时效✅(剩:52s) | ==> 综合: 多🔴 空🔴
2026-04-18 01:06:12,015 | [开仓雷达] 1.震荡市:代码✅(评分:60) | 5K✅ | 2.基础✅(K:15 A:53.4 W:98.4) | 3.盈亏比❌(0.08≥1.3 需W>0.0) | 4.靠轨❌(多:❌ 空:❌) | 5.过滤✅(偏:bear 触:10 向:sell) | 6.时效✅(剩:49s) | ==> 综合: 多🔴 空🔴
2026-04-18 01:06:14,105 | [开仓雷达] 1.震荡市:代码✅(评分:60) | 5K✅ | 2.基础✅(K:15 A:53.4 W:98.4) | 3.盈亏比❌(0.08≥1.3 需W>0.0) | 4.靠轨❌(多:❌ 空:❌) | 5.过滤✅(偏:neutral 触:10 向:sell) | 6.时效✅(剩:47s) | ==> 综合: 多🔴 空🔴
2026-04-18 01:06:15,204 | [价格] Last:77809.1 | Mark:77766.28737319 | 延迟:0.0s | aggDelay:0.0s
2026-04-18 01:06:15,647 | [余额同步] 本地模式，初始资金: 10000.0 U
2026-04-18 01:06:15,647 | [账户监控] 无持仓
2026-04-18 01:06:16,221 | [开仓雷达] 1.震荡市:代码✅(评分:60) | 5K✅ | 2.基础✅(K:15 A:53.4 W:98.4) | 3.盈亏比❌(0.08≥1.3 需W>0.0) | 4.靠轨❌(多:❌ 空:❌) | 5.过滤✅(偏:neutral 触:10 向:sell) | 6.时效✅(剩:45s) | ==> 综合: 多🔴 空🔴
2026-04-18 01:06:18,243 | [开仓雷达] 1.震荡市:代码✅(评分:60) | 5K✅ | 2.基础✅(K:15 A:53.4 W:98.4) | 3.盈亏比❌(0.08≥1.3 需W>0.0) | 4.靠轨❌(多:❌ 空:❌) | 5.过滤✅(偏:bull 触:10 向:buy) | 6.时效✅(剩:43s) | ==> 综合: 多🔴 空🔴
2026-04-18 01:06:20,387 | [价格] Last:77798.3 | Mark:77758.05847826 | 延迟:0.0s | aggDelay:0.0s
2026-04-18 01:06:20,387 | [开仓雷达] 1.震荡市:代码✅(评分:60) | 5K✅ | 2.基础✅(K:15 A:53.4 W:98.4) | 3.盈亏比❌(0.08≥1.3 需W>0.0) | 4.靠轨❌(多:❌ 空:❌) | 5.过滤✅(偏:bull 触:10 向:sell) | 6.时效✅(剩:41s) | ==> 综合: 多🔴 空🔴
2026-04-18 01:06:23,163 | [开仓雷达] 1.震荡市:代码✅(评分:60) | 5K✅ | 2.基础✅(K:15 A:53.4 W:98.4) | 3.盈亏比❌(0.08≥1.3 需W>0.0) | 4.靠轨❌(多:❌ 空:❌) | 5.过滤✅(偏:bull 触:10 向:sell) | 6.时效✅(剩:38s) | ==> 综合: 多🔴 空🔴
2026-04-18 01:06:23,649 | [余额同步] 本地模式，初始资金: 10000.0 U
2026-04-18 01:06:23,649 | [账户监控] 无持仓
2026-04-18 01:06:25,414 | [价格] Last:77798.8 | Mark:77754.6951087 | 延迟:0.0s | aggDelay:0.3s
2026-04-18 01:06:25,415 | [开仓雷达] 1.震荡市:代码✅(评分:60) | 5K✅ | 2.基础✅(K:15 A:53.4 W:98.4) | 3.盈亏比❌(0.08≥1.3 需W>0.0) | 4.靠轨❌(多:❌ 空:❌) | 5.过滤✅(偏:bull 触:10 向:buy) | 6.时效✅(剩:36s) | ==> 综合: 多🔴 空🔴
2026-04-18 01:06:27,620 | [开仓雷达] 1.震荡市:代码✅(评分:60) | 5K✅ | 2.基础✅(K:15 A:53.4 W:98.4) | 3.盈亏比❌(0.08≥1.3 需W>0.0) | 4.靠轨❌(多:❌ 空:❌) | 5.过滤✅(偏:bull 触:10 向:sell) | 6.时效✅(剩:34s) | ==> 综合: 多🔴 空🔴
2026-04-18 01:06:32,501 | [余额同步] 本地模式，初始资金: 10000.0 U
2026-04-18 01:06:32,501 | [账户监控] 无持仓
2026-04-18 01:06:32,897 | [价格] Last:77782.0 | Mark:77754.7 | 延迟:0.0s | aggDelay:0.0s
2026-04-18 01:06:32,897 | [开仓雷达] 1.震荡市:代码✅(评分:60) | 5K✅ | 2.基础✅(K:15 A:53.4 W:98.4) | 3.盈亏比❌(0.08≥1.3 需W>0.0) | 4.靠轨❌(多:❌ 空:❌) | 5.过滤✅(偏:bear 触:10 向:sell) | 6.时效✅(剩:28s) | ==> 综合: 多🔴 空🔴
2026-04-18 01:06:35,609 | [开仓雷达] 1.震荡市:代码✅(评分:60) | 5K✅ | 2.基础✅(K:15 A:53.4 W:98.4) | 3.盈亏比❌(0.08≥1.3 需W>0.0) | 4.靠轨❌(多:❌ 空:❌) | 5.过滤✅(偏:bull 触:10 向:sell) | 6.时效✅(剩:26s) | ==> 综合: 多🔴 空🔴
2026-04-18 01:06:37,614 | [开仓雷达] 1.震荡市:代码✅(评分:60) | 5K✅ | 2.基础✅(K:15 A:53.4 W:98.4) | 3.盈亏比❌(0.08≥1.3 需W>0.0) | 4.靠轨❌(多:❌ 空:❌) | 5.过滤✅(偏:bull 触:10 向:sell) | 6.时效✅(剩:24s) | ==> 综合: 多🔴 空🔴
2026-04-18 01:06:38,021 | [价格] Last:77769.2 | Mark:77756.6 | 延迟:0.0s | aggDelay:0.0s
2026-04-18 01:06:40,241 | [开仓雷达] 1.震荡市:代码✅(评分:60) | 5K✅ | 2.基础✅(K:15 A:53.4 W:98.4) | 3.盈亏比❌(0.08≥1.3 需W>0.0) | 4.靠轨❌(多:❌ 空:❌) | 5.过滤✅(偏:bull 触:10 向:buy) | 6.时效✅(剩:21s) | ==> 综合: 多🔴 空🔴
2026-04-18 01:06:40,501 | [余额同步] 本地模式，初始资金: 10000.0 U
2026-04-18 01:06:40,502 | [账户监控] 无持仓
2026-04-18 01:06:42,783 | [开仓雷达] 1.震荡市:代码✅(评分:60) | 5K✅ | 2.基础✅(K:15 A:53.4 W:98.4) | 3.盈亏比❌(0.08≥1.3 需W>0.0) | 4.靠轨❌(多:❌ 空:❌) | 5.过滤✅(偏:bull 触:10 向:buy) | 6.时效✅(剩:18s) | ==> 综合: 多🔴 空🔴
2026-04-18 01:06:43,213 | [价格] Last:77774.1 | Mark:77756.5 | 延迟:0.0s | aggDelay:0.0s
2026-04-18 01:06:46,340 | [开仓雷达] 1.震荡市:代码✅(评分:60) | 5K✅ | 2.基础✅(K:15 A:53.4 W:98.4) | 3.盈亏比❌(0.08≥1.3 需W>0.0) | 4.靠轨❌(多:❌ 空:❌) | 5.过滤✅(偏:bull 触:10 向:sell) | 6.时效✅(剩:15s) | ==> 综合: 多🔴 空🔴
2026-04-18 01:06:48,297 | [价格] Last:77769.2 | Mark:77766.9 | 延迟:0.0s | aggDelay:0.0s
2026-04-18 01:06:48,502 | [余额同步] 本地模式，初始资金: 10000.0 U
2026-04-18 01:06:48,502 | [账户监控] 无持仓
2026-04-18 01:06:48,704 | [开仓雷达] 1.震荡市:代码✅(评分:60) | 5K✅ | 2.基础✅(K:15 A:53.4 W:98.4) | 3.盈亏比❌(0.08≥1.3 需W>0.0) | 4.靠轨❌(多:❌ 空:❌) | 5.过滤✅(偏:bear 触:10 向:sell) | 6.时效✅(剩:13s) | ==> 综合: 多🔴 空🔴
2026-04-18 01:06:50,977 | [开仓雷达] 1.震荡市:代码✅(评分:60) | 5K✅ | 2.基础✅(K:15 A:53.4 W:98.4) | 3.盈亏比❌(0.08≥1.3 需W>0.0) | 4.靠轨❌(多:❌ 空:❌) | 5.过滤✅(偏:bear 触:10 向:buy) | 6.时效✅(剩:10s) | ==> 综合: 多🔴 空🔴
2026-04-18 01:06:54,884 | [价格] Last:77767.0 | Mark:77753.5 | 延迟:0.0s | aggDelay:0.0s
2026-04-18 01:06:54,884 | [开仓雷达] 1.震荡市:代码✅(评分:60) | 5K✅ | 2.基础✅(K:15 A:53.4 W:98.4) | 3.盈亏比❌(0.08≥1.3 需W>0.0) | 4.靠轨❌(多:❌ 空:❌) | 5.过滤✅(偏:bear 触:10 向:sell) | 6.时效✅(剩:6s) | ==> 综合: 多🔴 空🔴
2026-04-18 01:06:55,210 | [程序退出]
