2026-04-10 22:23:15,360 | Imported existing <module 'comtypes.gen' from 'F:\\PRO_BTC\\.venv\\Lib\\site-packages\\comtypes\\gen\\__init__.py'>
2026-04-10 22:23:15,360 | Using writeable comtypes cache directory: 'F:\PRO_BTC\.venv\Lib\site-packages\comtypes\gen'
2026-04-10 22:23:16,244 | ======================================
2026-04-10 22:23:16,244 |         V18 官方合规版 启动成功
2026-04-10 22:23:16,244 | ======================================
2026-04-10 22:23:17,812 | [时间同步] 完成
2026-04-10 22:23:19,613 | [持仓] short | 数量:0.004 | 均价:72153.3
2026-04-10 22:23:21,475 | [持仓监控] short | 数量:0.004 | 价值:288.61U | 均价:72153.3 | 浮盈:0.00U | 杠杆:20.0x
2026-04-10 22:23:21,594 | Websocket connected
2026-04-10 22:23:21,595 | [WebSocket] 连接成功 ✅
2026-04-10 22:23:23,009 | [持仓] short | 数量:0.004 | 均价:72153.3
2026-04-10 22:23:23,366 | [WebSocket] 行情订阅成功 ✅
2026-04-10 22:23:23,516 | [价格] 72737.2
2026-04-10 22:23:32,789 | [持仓监控] short | 数量:0.004 | 价值:290.95U | 均价:72153.3 | 浮盈:-2.34U | 杠杆:20.0x
2026-04-10 22:23:34,629 | ⚠️ WebSocket可能断流（10秒无数据）
2026-04-10 22:23:39,629 | ⚠️ WebSocket可能断流（10秒无数据）
2026-04-10 22:23:42,630 | [持仓监控] short | 数量:0.004 | 价值:290.95U | 均价:72153.3 | 浮盈:-2.34U | 杠杆:20.0x
2026-04-10 22:23:44,630 | ⚠️ WebSocket可能断流（10秒无数据）
2026-04-10 22:23:49,632 | ⚠️ WebSocket可能断流（10秒无数据）
2026-04-10 22:23:52,451 | [持仓监控] short | 数量:0.004 | 价值:290.95U | 均价:72153.3 | 浮盈:-2.34U | 杠杆:20.0x
2026-04-10 22:23:54,633 | ⚠️ WebSocket可能断流（10秒无数据）
2026-04-10 22:23:59,634 | ⚠️ WebSocket可能断流（10秒无数据）
2026-04-10 22:24:02,288 | [持仓监控] short | 数量:0.004 | 价值:290.95U | 均价:72153.3 | 浮盈:-2.34U | 杠杆:20.0x
2026-04-10 22:24:04,634 | ⚠️ WebSocket可能断流（10秒无数据）
2026-04-10 22:24:09,635 | ⚠️ WebSocket可能断流（10秒无数据）
2026-04-10 22:24:10,563 | [程序退出]
