2026-04-24 21:26:07,269 | ======================================
2026-04-24 21:26:07,269 |         V19 终极防洗版 启动成功
2026-04-24 21:26:07,269 |         当前运行模式: 本地撮合 (实盘行情)
2026-04-24 21:26:07,270 |         仓位控制: 总资金 30% 动态开仓
2026-04-24 21:26:07,270 | ======================================
2026-04-24 21:26:08,126 | [时间同步] 完成
2026-04-24 21:26:08,128 | [余额同步] 本地模式，初始资金: 10000.0 U
2026-04-24 21:26:08,129 | [本地持仓] None
2026-04-24 21:26:08,132 | [余额同步] 本地模式，初始资金: 10000.0 U
2026-04-24 21:26:08,132 | [本地持仓监控] 无持仓 | 账户余额:10000.0 U | 预计开仓量:0.05
2026-04-24 21:26:09,072 | Websocket connected
2026-04-24 21:26:09,073 | [WebSocket] 连接成功 ✅ (模式: 本地撮合-实盘行情)
2026-04-24 21:26:09,073 | [本地持仓] None
2026-04-24 21:26:09,341 | [WebSocket] 行情订阅成功 ✅
2026-04-24 21:26:16,150 | [余额同步] 本地模式，初始资金: 10000.0 U
2026-04-24 21:26:16,150 | [本地持仓监控] 无持仓 | 账户余额:10000.0 U | 预计开仓量:0.05
2026-04-24 21:26:24,151 | [余额同步] 本地模式，初始资金: 10000.0 U
2026-04-24 21:26:24,151 | [本地持仓监控] 无持仓 | 账户余额:10000.0 U | 预计开仓量:0.05
2026-04-24 21:26:32,152 | [余额同步] 本地模式，初始资金: 10000.0 U
2026-04-24 21:26:32,152 | [本地持仓监控] 无持仓 | 账户余额:10000.0 U | 预计开仓量:0.05
2026-04-24 21:26:40,153 | [余额同步] 本地模式，初始资金: 10000.0 U
2026-04-24 21:26:40,153 | [本地持仓监控] 无持仓 | 账户余额:10000.0 U | 预计开仓量:0.05
2026-04-24 21:26:48,156 | [余额同步] 本地模式，初始资金: 10000.0 U
2026-04-24 21:26:48,157 | [本地持仓监控] 无持仓 | 账户余额:10000.0 U | 预计开仓量:0.05
2026-04-24 21:26:56,158 | [余额同步] 本地模式，初始资金: 10000.0 U
2026-04-24 21:26:56,158 | [本地持仓监控] 无持仓 | 账户余额:10000.0 U | 预计开仓量:0.05
2026-04-24 21:27:04,158 | [余额同步] 本地模式，初始资金: 10000.0 U
2026-04-24 21:27:04,159 | [本地持仓监控] 无持仓 | 账户余额:10000.0 U | 预计开仓量:0.05
2026-04-24 21:27:12,160 | [余额同步] 本地模式，初始资金: 10000.0 U
2026-04-24 21:27:12,160 | [本地持仓监控] 无持仓 | 账户余额:10000.0 U | 预计开仓量:0.05
2026-04-24 21:27:20,161 | [余额同步] 本地模式，初始资金: 10000.0 U
2026-04-24 21:27:20,161 | [本地持仓监控] 无持仓 | 账户余额:10000.0 U | 预计开仓量:0.05
2026-04-24 21:27:28,168 | [余额同步] 本地模式，初始资金: 10000.0 U
2026-04-24 21:27:28,168 | [本地持仓监控] 无持仓 | 账户余额:10000.0 U | 预计开仓量:0.05
2026-04-24 21:27:36,170 | [余额同步] 本地模式，初始资金: 10000.0 U
2026-04-24 21:27:36,170 | [本地持仓监控] 无持仓 | 账户余额:10000.0 U | 预计开仓量:0.05
2026-04-24 21:27:44,170 | [余额同步] 本地模式，初始资金: 10000.0 U
2026-04-24 21:27:44,170 | [本地持仓监控] 无持仓 | 账户余额:10000.0 U | 预计开仓量:0.05
2026-04-24 21:27:52,171 | [余额同步] 本地模式，初始资金: 10000.0 U
2026-04-24 21:27:52,171 | [本地持仓监控] 无持仓 | 账户余额:10000.0 U | 预计开仓量:0.05
2026-04-24 21:28:00,171 | [余额同步] 本地模式，初始资金: 10000.0 U
2026-04-24 21:28:00,172 | [本地持仓监控] 无持仓 | 账户余额:10000.0 U | 预计开仓量:0.05
2026-04-24 21:28:08,172 | [余额同步] 本地模式，初始资金: 10000.0 U
2026-04-24 21:28:08,173 | [本地持仓监控] 无持仓 | 账户余额:10000.0 U | 预计开仓量:0.05
2026-04-24 21:28:16,173 | [余额同步] 本地模式，初始资金: 10000.0 U
2026-04-24 21:28:16,173 | [本地持仓监控] 无持仓 | 账户余额:10000.0 U | 预计开仓量:0.05
2026-04-24 21:28:24,176 | [余额同步] 本地模式，初始资金: 10000.0 U
2026-04-24 21:28:24,187 | [本地持仓监控] 无持仓 | 账户余额:10000.0 U | 预计开仓量:0.05
2026-04-24 21:28:32,188 | [余额同步] 本地模式，初始资金: 10000.0 U
2026-04-24 21:28:32,188 | [本地持仓监控] 无持仓 | 账户余额:10000.0 U | 预计开仓量:0.05
2026-04-24 21:28:40,188 | [余额同步] 本地模式，初始资金: 10000.0 U
2026-04-24 21:28:40,189 | [本地持仓监控] 无持仓 | 账户余额:10000.0 U | 预计开仓量:0.05
2026-04-24 21:28:48,189 | [余额同步] 本地模式，初始资金: 10000.0 U
2026-04-24 21:28:48,190 | [本地持仓监控] 无持仓 | 账户余额:10000.0 U | 预计开仓量:0.05
2026-04-24 21:28:56,191 | [余额同步] 本地模式，初始资金: 10000.0 U
2026-04-24 21:28:56,192 | [本地持仓监控] 无持仓 | 账户余额:10000.0 U | 预计开仓量:0.05
2026-04-24 21:29:04,193 | [余额同步] 本地模式，初始资金: 10000.0 U
2026-04-24 21:29:04,193 | [本地持仓监控] 无持仓 | 账户余额:10000.0 U | 预计开仓量:0.05
2026-04-24 21:29:12,198 | [余额同步] 本地模式，初始资金: 10000.0 U
2026-04-24 21:29:12,199 | [本地持仓监控] 无持仓 | 账户余额:10000.0 U | 预计开仓量:0.05
2026-04-24 21:29:20,199 | [余额同步] 本地模式，初始资金: 10000.0 U
2026-04-24 21:29:20,199 | [本地持仓监控] 无持仓 | 账户余额:10000.0 U | 预计开仓量:0.05
2026-04-24 21:29:28,199 | [余额同步] 本地模式，初始资金: 10000.0 U
2026-04-24 21:29:28,199 | [本地持仓监控] 无持仓 | 账户余额:10000.0 U | 预计开仓量:0.05
2026-04-24 21:29:36,235 | [余额同步] 本地模式，初始资金: 10000.0 U
2026-04-24 21:29:36,235 | [本地持仓监控] 无持仓 | 账户余额:10000.0 U | 预计开仓量:0.05
2026-04-24 21:29:38,103 | [程序退出]
