2026-04-18 00:17:07,375 | ======================================
2026-04-18 00:17:07,375 |  V23 流动性剃头皮策略 (多因子评分增强版) 启动成功
2026-04-18 00:17:07,376 |  当前运行模式: 本地撮合 (测试网行情)
2026-04-18 00:17:07,376 |  策略: 流动性+Sweep+区间评分 | 启动盈利:0.01% | 止损:0.15% | 区间有效期:120秒
2026-04-18 00:17:07,376 | ======================================
2026-04-18 00:17:11,774 | [时间同步] 完成
2026-04-18 00:17:11,776 | [历史K线] 正在拉取初始1分钟和15分钟K线数据...
2026-04-18 00:17:17,459 | [历史K线] 成功加载 14 根 1分钟K线
2026-04-18 00:17:21,795 | [历史K线] 成功加载 2 根 15分钟K线
2026-04-18 00:17:21,806 | [余额同步] 本地模式，初始资金: 10000.0 U
2026-04-18 00:17:21,806 | [本地持仓] None
2026-04-18 00:17:22,184 | [余额同步] 本地模式，初始资金: 10000.0 U
2026-04-18 00:17:22,184 | [账户监控] 无持仓
2026-04-18 00:17:23,911 | Websocket connected
2026-04-18 00:17:23,912 | [WebSocket] 连接成功 ✅ (模式: 本地撮合-测试网行情)
2026-04-18 00:17:23,912 | [状态校准] 正在重新同步持仓与余额，清理幽灵状态...
2026-04-18 00:17:23,912 | [本地持仓] None
2026-04-18 00:17:24,412 | [余额同步] 本地模式，初始资金: 10000.0 U
2026-04-18 00:17:24,720 | [WebSocket] 行情订阅成功 ✅
2026-04-18 00:17:24,763 | [价格] Last:77790.9 | Mark:N/A | 延迟:0.0s | aggDelay:0.0s
2026-04-18 00:17:24,763 | [开仓雷达] 1.震荡市:代码✅(评分:85) | 5K✅ | 2.基础✅(K:14 A:91.7 W:256.8) | 3.盈亏比✅(2.20≥1.3 需W>0.0) | 4.靠轨❌(多:❌ 空:❌) | 5.过滤❌(偏:bull 触:0 向:buy) | 6.时效✅(剩:120s) | ==> 综合: 多🔴 空🔴
2026-04-18 00:17:26,857 | [开仓雷达] 1.震荡市:代码✅(评分:85) | 5K✅ | 2.基础✅(K:14 A:91.7 W:256.8) | 3.盈亏比✅(2.20≥1.3 需W>0.0) | 4.靠轨❌(多:❌ 空:❌) | 5.过滤❌(偏:bull 触:0 向:sell) | 6.时效✅(剩:118s) | ==> 综合: 多🔴 空🔴
2026-04-18 00:17:29,272 | [开仓雷达] 1.震荡市:代码✅(评分:85) | 5K✅ | 2.基础✅(K:14 A:91.7 W:256.8) | 3.盈亏比✅(2.20≥1.3 需W>0.0) | 4.靠轨❌(多:❌ 空:❌) | 5.过滤❌(偏:neutral 触:0 向:buy) | 6.时效✅(剩:115s) | ==> 综合: 多🔴 空🔴
2026-04-18 00:17:29,832 | [价格] Last:77790.9 | Mark:77760.7 | 延迟:0.0s | aggDelay:0.0s
2026-04-18 00:17:30,185 | [余额同步] 本地模式，初始资金: 10000.0 U
2026-04-18 00:17:30,185 | [账户监控] 无持仓
2026-04-18 00:17:31,303 | [开仓雷达] 1.震荡市:代码✅(评分:85) | 5K✅ | 2.基础✅(K:14 A:91.7 W:256.8) | 3.盈亏比✅(2.20≥1.3 需W>0.0) | 4.靠轨❌(多:❌ 空:❌) | 5.过滤❌(偏:neutral 触:0 向:sell) | 6.时效✅(剩:113s) | ==> 综合: 多🔴 空🔴
2026-04-18 00:17:33,422 | [开仓雷达] 1.震荡市:代码✅(评分:85) | 5K✅ | 2.基础✅(K:14 A:91.7 W:256.8) | 3.盈亏比✅(2.20≥1.3 需W>0.0) | 4.靠轨❌(多:❌ 空:❌) | 5.过滤❌(偏:bull 触:0 向:buy) | 6.时效✅(剩:111s) | ==> 综合: 多🔴 空🔴
2026-04-18 00:17:34,995 | [价格] Last:77790.1 | Mark:77766.4 | 延迟:0.0s | aggDelay:0.0s
2026-04-18 00:17:35,793 | [开仓雷达] 1.震荡市:代码✅(评分:85) | 5K✅ | 2.基础✅(K:14 A:91.7 W:256.8) | 3.盈亏比✅(2.20≥1.3 需W>0.0) | 4.靠轨❌(多:❌ 空:❌) | 5.过滤❌(偏:bear 触:0 向:sell) | 6.时效✅(剩:109s) | ==> 综合: 多🔴 空🔴
2026-04-18 00:17:38,541 | [开仓雷达] 1.震荡市:代码✅(评分:85) | 5K✅ | 2.基础✅(K:14 A:91.7 W:256.8) | 3.盈亏比✅(2.20≥1.3 需W>0.0) | 4.靠轨❌(多:❌ 空:❌) | 5.过滤❌(偏:bear 触:0 向:sell) | 6.时效✅(剩:106s) | ==> 综合: 多🔴 空🔴
2026-04-18 00:17:38,547 | [余额同步] 本地模式，初始资金: 10000.0 U
2026-04-18 00:17:38,547 | [账户监控] 无持仓
2026-04-18 00:17:40,178 | [价格] Last:77790.1 | Mark:77791.4 | 延迟:0.0s | aggDelay:0.2s
2026-04-18 00:17:41,083 | [开仓雷达] 1.震荡市:代码✅(评分:85) | 5K✅ | 2.基础✅(K:14 A:91.7 W:256.8) | 3.盈亏比✅(2.20≥1.3 需W>0.0) | 4.靠轨❌(多:❌ 空:❌) | 5.过滤❌(偏:bear 触:0 向:sell) | 6.时效✅(剩:104s) | ==> 综合: 多🔴 空🔴
2026-04-18 00:17:43,159 | [开仓雷达] 1.震荡市:代码✅(评分:85) | 5K✅ | 2.基础✅(K:14 A:91.7 W:256.8) | 3.盈亏比✅(2.20≥1.3 需W>0.0) | 4.靠轨❌(多:❌ 空:❌) | 5.过滤❌(偏:bear 触:0 向:buy) | 6.时效✅(剩:102s) | ==> 综合: 多🔴 空🔴
2026-04-18 00:17:45,231 | [价格] Last:77792.0 | Mark:77795.9 | 延迟:0.0s | aggDelay:0.0s
2026-04-18 00:17:45,231 | [开仓雷达] 1.震荡市:代码✅(评分:85) | 5K✅ | 2.基础✅(K:14 A:91.7 W:256.8) | 3.盈亏比✅(2.20≥1.3 需W>0.0) | 4.靠轨❌(多:❌ 空:❌) | 5.过滤❌(偏:bear 触:0 向:buy) | 6.时效✅(剩:100s) | ==> 综合: 多🔴 空🔴
2026-04-18 00:17:46,547 | [余额同步] 本地模式，初始资金: 10000.0 U
2026-04-18 00:17:46,547 | [账户监控] 无持仓
2026-04-18 00:17:47,404 | [开仓雷达] 1.震荡市:代码✅(评分:85) | 5K✅ | 2.基础✅(K:14 A:91.7 W:256.8) | 3.盈亏比✅(2.20≥1.3 需W>0.0) | 4.靠轨❌(多:❌ 空:❌) | 5.过滤❌(偏:bear 触:0 向:buy) | 6.时效✅(剩:97s) | ==> 综合: 多🔴 空🔴
2026-04-18 00:17:49,449 | [开仓雷达] 1.震荡市:代码✅(评分:85) | 5K✅ | 2.基础✅(K:14 A:91.7 W:256.8) | 3.盈亏比✅(2.20≥1.3 需W>0.0) | 4.靠轨❌(多:❌ 空:❌) | 5.过滤❌(偏:bull 触:0 向:sell) | 6.时效✅(剩:95s) | ==> 综合: 多🔴 空🔴
2026-04-18 00:17:50,319 | [价格] Last:77799.7 | Mark:77803.4 | 延迟:0.0s | aggDelay:0.0s
2026-04-18 00:17:52,165 | [开仓雷达] 1.震荡市:代码✅(评分:85) | 5K✅ | 2.基础✅(K:14 A:91.7 W:256.8) | 3.盈亏比✅(2.20≥1.3 需W>0.0) | 4.靠轨❌(多:❌ 空:❌) | 5.过滤❌(偏:bear 触:0 向:sell) | 6.时效✅(剩:93s) | ==> 综合: 多🔴 空🔴
2026-04-18 00:17:54,245 | [开仓雷达] 1.震荡市:代码✅(评分:85) | 5K✅ | 2.基础✅(K:14 A:91.7 W:256.8) | 3.盈亏比✅(2.20≥1.3 需W>0.0) | 4.靠轨❌(多:❌ 空:❌) | 5.过滤❌(偏:bear 触:0 向:sell) | 6.时效✅(剩:91s) | ==> 综合: 多🔴 空🔴
2026-04-18 00:17:54,548 | [余额同步] 本地模式，初始资金: 10000.0 U
2026-04-18 00:17:54,548 | [账户监控] 无持仓
2026-04-18 00:17:55,338 | [价格] Last:77807.4 | Mark:77805.7 | 延迟:0.0s | aggDelay:0.0s
2026-04-18 00:17:56,344 | [开仓雷达] 1.震荡市:代码✅(评分:85) | 5K✅ | 2.基础✅(K:14 A:91.7 W:256.8) | 3.盈亏比✅(2.20≥1.3 需W>0.0) | 4.靠轨❌(多:❌ 空:❌) | 5.过滤❌(偏:bear 触:0 向:sell) | 6.时效✅(剩:88s) | ==> 综合: 多🔴 空🔴
2026-04-18 00:17:59,440 | [开仓雷达] 1.震荡市:代码✅(评分:85) | 5K✅ | 2.基础✅(K:14 A:91.7 W:256.8) | 3.盈亏比✅(2.20≥1.3 需W>0.0) | 4.靠轨❌(多:❌ 空:❌) | 5.过滤❌(偏:bear 触:0 向:sell) | 6.时效✅(剩:85s) | ==> 综合: 多🔴 空🔴
2026-04-18 00:18:00,678 | [价格] Last:77954.6 | Mark:77805.6 | 延迟:0.0s | aggDelay:0.0s
2026-04-18 00:18:01,559 | [开仓雷达] 1.震荡市:代码❌(评分:85) | 5K✅ | 2.基础✅(K:15 A:107.7 W:256.8) | 3.盈亏比✅(2.20≥1.3 需W>0.0) | 4.靠轨❌(多:❌ 空:❌) | 5.过滤❌(偏:bear 触:0 向:sell) | 6.时效✅(剩:83s) | ==> 综合: 多🔴 空🔴
2026-04-18 00:18:02,548 | [余额同步] 本地模式，初始资金: 10000.0 U
2026-04-18 00:18:02,549 | [账户监控] 无持仓
2026-04-18 00:18:03,620 | [开仓雷达] 1.震荡市:代码❌(评分:85) | 5K✅ | 2.基础✅(K:15 A:107.7 W:256.8) | 3.盈亏比✅(2.20≥1.3 需W>0.0) | 4.靠轨❌(多:❌ 空:❌) | 5.过滤❌(偏:bear 触:0 向:buy) | 6.时效✅(剩:81s) | ==> 综合: 多🔴 空🔴
2026-04-18 00:18:05,649 | [开仓雷达] 1.震荡市:代码❌(评分:85) | 5K✅ | 2.基础✅(K:15 A:107.7 W:256.8) | 3.盈亏比✅(2.20≥1.3 需W>0.0) | 4.靠轨❌(多:❌ 空:❌) | 5.过滤❌(偏:bear 触:0 向:sell) | 6.时效✅(剩:79s) | ==> 综合: 多🔴 空🔴
2026-04-18 00:18:06,134 | [价格] Last:77954.6 | Mark:77815.0 | 延迟:0.0s | aggDelay:0.0s
2026-04-18 00:18:07,862 | [开仓雷达] 1.震荡市:代码❌(评分:85) | 5K✅ | 2.基础✅(K:15 A:107.7 W:256.8) | 3.盈亏比✅(2.20≥1.3 需W>0.0) | 4.靠轨❌(多:❌ 空:❌) | 5.过滤❌(偏:bear 触:0 向:sell) | 6.时效✅(剩:77s) | ==> 综合: 多🔴 空🔴
2026-04-18 00:18:10,171 | [开仓雷达] 1.震荡市:代码❌(评分:85) | 5K✅ | 2.基础✅(K:15 A:107.7 W:256.8) | 3.盈亏比✅(2.20≥1.3 需W>0.0) | 4.靠轨❌(多:❌ 空:❌) | 5.过滤❌(偏:bear 触:0 向:sell) | 6.时效✅(剩:75s) | ==> 综合: 多🔴 空🔴
2026-04-18 00:18:10,549 | [余额同步] 本地模式，初始资金: 10000.0 U
2026-04-18 00:18:10,549 | [账户监控] 无持仓
2026-04-18 00:18:11,304 | [价格] Last:77953.2 | Mark:77797.65842391 | 延迟:0.0s | aggDelay:0.0s
2026-04-18 00:18:12,823 | [开仓雷达] 1.震荡市:代码❌(评分:85) | 5K✅ | 2.基础✅(K:15 A:107.7 W:256.8) | 3.盈亏比✅(2.20≥1.3 需W>0.0) | 4.靠轨❌(多:❌ 空:❌) | 5.过滤❌(偏:bear 触:0 向:buy) | 6.时效✅(剩:72s) | ==> 综合: 多🔴 空🔴
2026-04-18 00:18:15,061 | [开仓雷达] 1.震荡市:代码❌(评分:85) | 5K✅ | 2.基础✅(K:15 A:107.7 W:256.8) | 3.盈亏比✅(2.20≥1.3 需W>0.0) | 4.靠轨❌(多:❌ 空:❌) | 5.过滤❌(偏:neutral 触:0 向:sell) | 6.时效✅(剩:70s) | ==> 综合: 多🔴 空🔴
2026-04-18 00:18:16,541 | [价格] Last:77813.5 | Mark:77794.36186594 | 延迟:0.0s | aggDelay:0.0s
2026-04-18 00:18:17,097 | [开仓雷达] 1.震荡市:代码❌(评分:85) | 5K✅ | 2.基础✅(K:15 A:107.7 W:256.8) | 3.盈亏比✅(2.20≥1.3 需W>0.0) | 4.靠轨❌(多:❌ 空:❌) | 5.过滤❌(偏:neutral 触:0 向:buy) | 6.时效✅(剩:68s) | ==> 综合: 多🔴 空🔴
2026-04-18 00:18:18,550 | [余额同步] 本地模式，初始资金: 10000.0 U
2026-04-18 00:18:18,550 | [账户监控] 无持仓
2026-04-18 00:18:19,156 | [开仓雷达] 1.震荡市:代码❌(评分:85) | 5K✅ | 2.基础✅(K:15 A:107.7 W:256.8) | 3.盈亏比✅(2.20≥1.3 需W>0.0) | 4.靠轨❌(多:❌ 空:❌) | 5.过滤❌(偏:bull 触:0 向:buy) | 6.时效✅(剩:66s) | ==> 综合: 多🔴 空🔴
2026-04-18 00:18:21,161 | [开仓雷达] 1.震荡市:代码❌(评分:85) | 5K✅ | 2.基础✅(K:15 A:107.7 W:256.8) | 3.盈亏比✅(2.20≥1.3 需W>0.0) | 4.靠轨❌(多:❌ 空:❌) | 5.过滤❌(偏:bull 触:0 向:sell) | 6.时效✅(剩:64s) | ==> 综合: 多🔴 空🔴
2026-04-18 00:18:21,914 | [价格] Last:77812.1 | Mark:77797.8 | 延迟:0.0s | aggDelay:0.0s
2026-04-18 00:18:25,436 | [开仓雷达] 1.震荡市:代码❌(评分:85) | 5K✅ | 2.基础✅(K:15 A:107.7 W:256.8) | 3.盈亏比✅(2.20≥1.3 需W>0.0) | 4.靠轨❌(多:❌ 空:❌) | 5.过滤❌(偏:bear 触:0 向:buy) | 6.时效✅(剩:59s) | ==> 综合: 多🔴 空🔴
2026-04-18 00:18:26,550 | [余额同步] 本地模式，初始资金: 10000.0 U
2026-04-18 00:18:26,550 | [账户监控] 无持仓
2026-04-18 00:18:27,115 | [价格] Last:77828.1 | Mark:77816.1 | 延迟:0.0s | aggDelay:0.0s
2026-04-18 00:18:27,619 | [开仓雷达] 1.震荡市:代码❌(评分:85) | 5K✅ | 2.基础✅(K:15 A:107.7 W:256.8) | 3.盈亏比✅(2.20≥1.3 需W>0.0) | 4.靠轨❌(多:❌ 空:❌) | 5.过滤❌(偏:bear 触:0 向:sell) | 6.时效✅(剩:57s) | ==> 综合: 多🔴 空🔴
2026-04-18 00:18:29,625 | [开仓雷达] 1.震荡市:代码❌(评分:85) | 5K✅ | 2.基础✅(K:15 A:107.7 W:256.8) | 3.盈亏比✅(2.20≥1.3 需W>0.0) | 4.靠轨❌(多:❌ 空:❌) | 5.过滤❌(偏:bull 触:0 向:sell) | 6.时效✅(剩:55s) | ==> 综合: 多🔴 空🔴
2026-04-18 00:18:32,257 | [价格] Last:77823.4 | Mark:77820.8170471 | 延迟:0.0s | aggDelay:0.0s
2026-04-18 00:18:32,257 | [开仓雷达] 1.震荡市:代码❌(评分:85) | 5K✅ | 2.基础✅(K:15 A:107.7 W:256.8) | 3.盈亏比✅(2.20≥1.3 需W>0.0) | 4.靠轨❌(多:❌ 空:❌) | 5.过滤❌(偏:bull 触:0 向:sell) | 6.时效✅(剩:53s) | ==> 综合: 多🔴 空🔴
2026-04-18 00:18:34,340 | [开仓雷达] 1.震荡市:代码❌(评分:85) | 5K✅ | 2.基础✅(K:15 A:107.7 W:256.8) | 3.盈亏比✅(2.20≥1.3 需W>0.0) | 4.靠轨❌(多:❌ 空:❌) | 5.过滤❌(偏:bear 触:0 向:sell) | 6.时效✅(剩:50s) | ==> 综合: 多🔴 空🔴
2026-04-18 00:18:34,552 | [余额同步] 本地模式，初始资金: 10000.0 U
2026-04-18 00:18:34,552 | [账户监控] 无持仓
2026-04-18 00:18:36,564 | [开仓雷达] 1.震荡市:代码❌(评分:85) | 5K✅ | 2.基础✅(K:15 A:107.7 W:256.8) | 3.盈亏比✅(2.20≥1.3 需W>0.0) | 4.靠轨❌(多:❌ 空:❌) | 5.过滤❌(偏:bull 触:0 向:sell) | 6.时效✅(剩:48s) | ==> 综合: 多🔴 空🔴
2026-04-18 00:18:37,377 | [价格] Last:77830.7 | Mark:77830.7 | 延迟:0.0s | aggDelay:0.0s
2026-04-18 00:18:39,050 | [开仓雷达] 1.震荡市:代码❌(评分:85) | 5K✅ | 2.基础✅(K:15 A:107.7 W:256.8) | 3.盈亏比✅(2.20≥1.3 需W>0.0) | 4.靠轨❌(多:❌ 空:❌) | 5.过滤❌(偏:bear 触:0 向:sell) | 6.时效✅(剩:46s) | ==> 综合: 多🔴 空🔴
2026-04-18 00:18:41,392 | [开仓雷达] 1.震荡市:代码❌(评分:85) | 5K✅ | 2.基础✅(K:15 A:107.7 W:256.8) | 3.盈亏比✅(2.20≥1.3 需W>0.0) | 4.靠轨❌(多:❌ 空:❌) | 5.过滤❌(偏:bear 触:0 向:sell) | 6.时效✅(剩:43s) | ==> 综合: 多🔴 空🔴
2026-04-18 00:18:42,552 | [余额同步] 本地模式，初始资金: 10000.0 U
2026-04-18 00:18:42,553 | [账户监控] 无持仓
2026-04-18 00:18:42,651 | [价格] Last:77935.5 | Mark:77839.9 | 延迟:0.0s | aggDelay:0.0s
2026-04-18 00:18:43,797 | [开仓雷达] 1.震荡市:代码❌(评分:85) | 5K✅ | 2.基础✅(K:15 A:107.7 W:256.8) | 3.盈亏比✅(2.20≥1.3 需W>0.0) | 4.靠轨❌(多:❌ 空:❌) | 5.过滤❌(偏:bear 触:0 向:sell) | 6.时效✅(剩:41s) | ==> 综合: 多🔴 空🔴
2026-04-18 00:18:45,824 | [开仓雷达] 1.震荡市:代码❌(评分:85) | 5K✅ | 2.基础✅(K:15 A:107.7 W:256.8) | 3.盈亏比✅(2.20≥1.3 需W>0.0) | 4.靠轨❌(多:❌ 空:❌) | 5.过滤❌(偏:bear 触:0 向:buy) | 6.时效✅(剩:39s) | ==> 综合: 多🔴 空🔴
2026-04-18 00:18:48,369 | [价格] Last:77919.8 | Mark:77875.2 | 延迟:0.0s | aggDelay:0.0s
2026-04-18 00:18:48,369 | [开仓雷达] 1.震荡市:代码❌(评分:85) | 5K✅ | 2.基础✅(K:15 A:107.7 W:256.8) | 3.盈亏比✅(2.20≥1.3 需W>0.0) | 4.靠轨❌(多:❌ 空:❌) | 5.过滤❌(偏:bear 触:0 向:sell) | 6.时效✅(剩:36s) | ==> 综合: 多🔴 空🔴
2026-04-18 00:18:50,553 | [余额同步] 本地模式，初始资金: 10000.0 U
2026-04-18 00:18:50,553 | [账户监控] 无持仓
2026-04-18 00:18:50,617 | [开仓雷达] 1.震荡市:代码❌(评分:85) | 5K✅ | 2.基础✅(K:15 A:107.7 W:256.8) | 3.盈亏比✅(2.20≥1.3 需W>0.0) | 4.靠轨❌(多:❌ 空:❌) | 5.过滤❌(偏:bear 触:0 向:buy) | 6.时效✅(剩:34s) | ==> 综合: 多🔴 空🔴
2026-04-18 00:18:53,266 | [开仓雷达] 1.震荡市:代码❌(评分:85) | 5K✅ | 2.基础✅(K:15 A:107.7 W:256.8) | 3.盈亏比✅(2.20≥1.3 需W>0.0) | 4.靠轨❌(多:❌ 空:❌) | 5.过滤❌(偏:bear 触:0 向:sell) | 6.时效✅(剩:31s) | ==> 综合: 多🔴 空🔴
2026-04-18 00:18:53,661 | [价格] Last:77820.8 | Mark:77941.0 | 延迟:0.0s | aggDelay:0.0s
2026-04-18 00:18:55,287 | [开仓雷达] 1.震荡市:代码❌(评分:85) | 5K✅ | 2.基础✅(K:15 A:107.7 W:256.8) | 3.盈亏比✅(2.20≥1.3 需W>0.0) | 4.靠轨❌(多:❌ 空:❌) | 5.过滤❌(偏:bear 触:0 向:sell) | 6.时效✅(剩:29s) | ==> 综合: 多🔴 空🔴
2026-04-18 00:18:58,171 | [开仓雷达] 1.震荡市:代码❌(评分:85) | 5K✅ | 2.基础✅(K:15 A:107.7 W:256.8) | 3.盈亏比✅(2.20≥1.3 需W>0.0) | 4.靠轨❌(多:❌ 空:❌) | 5.过滤❌(偏:bear 触:0 向:sell) | 6.时效✅(剩:27s) | ==> 综合: 多🔴 空🔴
2026-04-18 00:18:58,553 | [余额同步] 本地模式，初始资金: 10000.0 U
2026-04-18 00:18:58,553 | [账户监控] 无持仓
2026-04-18 00:18:58,683 | [价格] Last:77954.7 | Mark:77928.63143116 | 延迟:0.0s | aggDelay:0.0s
2026-04-18 00:19:00,977 | [开仓雷达] 1.震荡市:代码❌(评分:85) | 5K✅ | 2.基础✅(K:15 A:107.7 W:256.8) | 3.盈亏比✅(2.20≥1.3 需W>0.0) | 4.靠轨❌(多:❌ 空:❌) | 5.过滤❌(偏:bear 触:0 向:buy) | 6.时效✅(剩:24s) | ==> 综合: 多🔴 空🔴
2026-04-18 00:19:02,990 | [开仓雷达] 1.震荡市:代码✅(评分:85) | 5K❌ | 2.基础✅(K:15 A:123.2 W:256.8) | 3.盈亏比✅(2.20≥1.3 需W>0.0) | 4.靠轨❌(多:❌ 空:❌) | 5.过滤❌(偏:bear 触:0 向:buy) | 6.时效✅(剩:22s) | ==> 综合: 多🔴 空🔴
2026-04-18 00:19:04,172 | [价格] Last:77937.7 | Mark:77939.65186594 | 延迟:0.0s | aggDelay:0.5s
2026-04-18 00:19:05,642 | [开仓雷达] 1.震荡市:代码✅(评分:85) | 5K❌ | 2.基础✅(K:15 A:123.2 W:256.8) | 3.盈亏比✅(2.20≥1.3 需W>0.0) | 4.靠轨❌(多:❌ 空:❌) | 5.过滤❌(偏:bear 触:0 向:sell) | 6.时效✅(剩:19s) | ==> 综合: 多🔴 空🔴
2026-04-18 00:19:06,554 | [余额同步] 本地模式，初始资金: 10000.0 U
2026-04-18 00:19:06,554 | [账户监控] 无持仓
2026-04-18 00:19:07,784 | [开仓雷达] 1.震荡市:代码✅(评分:85) | 5K❌ | 2.基础✅(K:15 A:123.2 W:256.8) | 3.盈亏比✅(2.20≥1.3 需W>0.0) | 4.靠轨❌(多:❌ 空:❌) | 5.过滤❌(偏:bear 触:0 向:sell) | 6.时效✅(剩:17s) | ==> 综合: 多🔴 空🔴
2026-04-18 00:19:10,186 | [价格] Last:77829.8 | Mark:77939.85197464 | 延迟:0.0s | aggDelay:2.2s
2026-04-18 00:19:10,186 | [开仓雷达] 1.震荡市:代码✅(评分:85) | 5K❌ | 2.基础✅(K:15 A:123.2 W:256.8) | 3.盈亏比✅(2.20≥1.3 需W>0.0) | 4.靠轨❌(多:❌ 空:❌) | 5.过滤❌(偏:bear 触:0 向:sell) | 6.时效✅(剩:15s) | ==> 综合: 多🔴 空🔴
2026-04-18 00:19:13,179 | [开仓雷达] 1.震荡市:代码✅(评分:85) | 5K❌ | 2.基础✅(K:15 A:123.2 W:256.8) | 3.盈亏比✅(2.20≥1.3 需W>0.0) | 4.靠轨❌(多:❌ 空:❌) | 5.过滤❌(偏:bear 触:0 向:sell) | 6.时效✅(剩:12s) | ==> 综合: 多🔴 空🔴
2026-04-18 00:19:14,554 | [余额同步] 本地模式，初始资金: 10000.0 U
2026-04-18 00:19:14,555 | [账户监控] 无持仓
2026-04-18 00:19:16,170 | [价格] Last:77831.9 | Mark:77929.60389328 | 延迟:0.0s | aggDelay:2.5s
2026-04-18 00:19:16,170 | [开仓雷达] 1.震荡市:代码✅(评分:85) | 5K❌ | 2.基础✅(K:15 A:123.2 W:256.8) | 3.盈亏比✅(2.20≥1.3 需W>0.0) | 4.靠轨❌(多:❌ 空:❌) | 5.过滤❌(偏:bear 触:0 向:sell) | 6.时效✅(剩:9s) | ==> 综合: 多🔴 空🔴
2026-04-18 00:19:18,229 | [开仓雷达] 1.震荡市:代码✅(评分:85) | 5K❌ | 2.基础✅(K:15 A:123.2 W:256.8) | 3.盈亏比✅(2.20≥1.3 需W>0.0) | 4.靠轨❌(多:❌ 空:❌) | 5.过滤❌(偏:bear 触:0 向:buy) | 6.时效✅(剩:7s) | ==> 综合: 多🔴 空🔴
2026-04-18 00:19:20,479 | [开仓雷达] 1.震荡市:代码✅(评分:85) | 5K❌ | 2.基础✅(K:15 A:123.2 W:256.8) | 3.盈亏比✅(2.20≥1.3 需W>0.0) | 4.靠轨❌(多:❌ 空:❌) | 5.过滤❌(偏:bear 触:0 向:sell) | 6.时效✅(剩:4s) | ==> 综合: 多🔴 空🔴
2026-04-18 00:19:21,281 | [价格] Last:77952.1 | Mark:77926.17300725 | 延迟:0.0s | aggDelay:0.0s
2026-04-18 00:19:22,556 | [余额同步] 本地模式，初始资金: 10000.0 U
2026-04-18 00:19:22,556 | [账户监控] 无持仓
2026-04-18 00:19:22,657 | [开仓雷达] 1.震荡市:代码✅(评分:85) | 5K❌ | 2.基础✅(K:15 A:123.2 W:256.8) | 3.盈亏比✅(2.20≥1.3 需W>0.0) | 4.靠轨❌(多:❌ 空:❌) | 5.过滤❌(偏:bear 触:0 向:sell) | 6.时效✅(剩:2s) | ==> 综合: 多🔴 空🔴
2026-04-18 00:19:24,737 | [开仓雷达] 1.震荡市:代码✅(评分:85) | 5K❌ | 2.基础✅(K:15 A:123.2 W:256.8) | 3.盈亏比✅(2.20≥1.3 需W>0.0) | 4.靠轨❌(多:❌ 空:❌) | 5.过滤❌(偏:bear 触:0 向:sell) | 6.时效✅(剩:0s) | ==> 综合: 多🔴 空🔴
2026-04-18 00:19:26,370 | [价格] Last:77944.6 | Mark:77931.46248188 | 延迟:0.0s | aggDelay:0.0s
2026-04-18 00:19:26,905 | [开仓雷达] 1.震荡市:代码✅(评分:85) | 5K❌ | 2.基础✅(K:15 A:123.2 W:256.8) | 3.盈亏比✅(2.20≥1.3 需W>0.0) | 4.靠轨❌(多:❌ 空:❌) | 5.过滤❌(偏:bear 触:0 向:sell) | 6.时效✅(剩:118s) | ==> 综合: 多🔴 空🔴
2026-04-18 00:19:28,909 | [开仓雷达] 1.震荡市:代码✅(评分:85) | 5K❌ | 2.基础✅(K:15 A:123.2 W:256.8) | 3.盈亏比✅(2.20≥1.3 需W>0.0) | 4.靠轨❌(多:❌ 空:❌) | 5.过滤❌(偏:bear 触:0 向:sell) | 6.时效✅(剩:116s) | ==> 综合: 多🔴 空🔴
2026-04-18 00:19:30,556 | [余额同步] 本地模式，初始资金: 10000.0 U
2026-04-18 00:19:30,556 | [账户监控] 无持仓
2026-04-18 00:19:31,218 | [开仓雷达] 1.震荡市:代码✅(评分:85) | 5K❌ | 2.基础✅(K:15 A:123.2 W:256.8) | 3.盈亏比✅(2.20≥1.3 需W>0.0) | 4.靠轨❌(多:❌ 空:❌) | 5.过滤❌(偏:bear 触:0 向:sell) | 6.时效✅(剩:114s) | ==> 综合: 多🔴 空🔴
2026-04-18 00:19:34,170 | ⚠️ aggTrade停滞3.8秒，降级使用mark_price估值
2026-04-18 00:19:34,170 | [价格] Last:77811.6 | Mark:77933.45849638 | 延迟:0.0s | aggDelay:3.8s
2026-04-18 00:19:34,170 | [开仓雷达] 1.震荡市:代码✅(评分:85) | 5K❌ | 2.基础✅(K:15 A:123.2 W:256.8) | 3.盈亏比✅(2.20≥1.3 需W>0.0) | 4.靠轨❌(多:❌ 空:❌) | 5.过滤❌(偏:bull 触:0 向:sell) | 6.时效✅(剩:111s) | ==> 综合: 多🔴 空🔴
2026-04-18 00:19:36,223 | [开仓雷达] 1.震荡市:代码✅(评分:85) | 5K❌ | 2.基础✅(K:15 A:123.2 W:256.8) | 3.盈亏比✅(2.20≥1.3 需W>0.0) | 4.靠轨❌(多:❌ 空:❌) | 5.过滤❌(偏:bull 触:0 向:sell) | 6.时效✅(剩:109s) | ==> 综合: 多🔴 空🔴
2026-04-18 00:19:38,541 | [开仓雷达] 1.震荡市:代码✅(评分:85) | 5K❌ | 2.基础✅(K:15 A:123.2 W:256.8) | 3.盈亏比✅(2.20≥1.3 需W>0.0) | 4.靠轨❌(多:❌ 空:❌) | 5.过滤❌(偏:bull 触:0 向:buy) | 6.时效✅(剩:106s) | ==> 综合: 多🔴 空🔴
2026-04-18 00:19:38,556 | [余额同步] 本地模式，初始资金: 10000.0 U
2026-04-18 00:19:38,556 | [账户监控] 无持仓
2026-04-18 00:19:39,454 | [价格] Last:77922.1 | Mark:77932.83664855 | 延迟:0.0s | aggDelay:0.0s
2026-04-18 00:19:40,794 | [开仓雷达] 1.震荡市:代码✅(评分:85) | 5K❌ | 2.基础✅(K:15 A:123.2 W:256.8) | 3.盈亏比✅(2.20≥1.3 需W>0.0) | 4.靠轨❌(多:❌ 空:❌) | 5.过滤❌(偏:bull 触:0 向:buy) | 6.时效✅(剩:104s) | ==> 综合: 多🔴 空🔴
2026-04-18 00:19:43,182 | [开仓雷达] 1.震荡市:代码✅(评分:85) | 5K❌ | 2.基础✅(K:15 A:123.2 W:256.8) | 3.盈亏比✅(2.20≥1.3 需W>0.0) | 4.靠轨❌(多:❌ 空:❌) | 5.过滤❌(偏:bull 触:0 向:sell) | 6.时效✅(剩:102s) | ==> 综合: 多🔴 空🔴
2026-04-18 00:19:44,645 | [价格] Last:77811.7 | Mark:77930.22554348 | 延迟:0.0s | aggDelay:0.0s
2026-04-18 00:19:46,169 | [开仓雷达] 1.震荡市:代码✅(评分:85) | 5K❌ | 2.基础✅(K:15 A:123.2 W:256.8) | 3.盈亏比✅(2.20≥1.3 需W>0.0) | 4.靠轨❌(多:❌ 空:❌) | 5.过滤❌(偏:bull 触:0 向:sell) | 6.时效✅(剩:99s) | ==> 综合: 多🔴 空🔴
2026-04-18 00:19:46,558 | [余额同步] 本地模式，初始资金: 10000.0 U
2026-04-18 00:19:46,558 | [账户监控] 无持仓
2026-04-18 00:19:48,455 | [开仓雷达] 1.震荡市:代码✅(评分:85) | 5K❌ | 2.基础✅(K:15 A:123.2 W:256.8) | 3.盈亏比✅(2.20≥1.3 需W>0.0) | 4.靠轨❌(多:❌ 空:❌) | 5.过滤❌(偏:bull 触:0 向:sell) | 6.时效✅(剩:97s) | ==> 综合: 多🔴 空🔴
2026-04-18 00:19:50,603 | [价格] Last:77811.7 | Mark:77927.8 | 延迟:0.0s | aggDelay:0.0s
2026-04-18 00:19:50,603 | [开仓雷达] 1.震荡市:代码✅(评分:85) | 5K❌ | 2.基础✅(K:15 A:123.2 W:256.8) | 3.盈亏比✅(2.20≥1.3 需W>0.0) | 4.靠轨❌(多:❌ 空:❌) | 5.过滤❌(偏:bull 触:0 向:sell) | 6.时效✅(剩:94s) | ==> 综合: 多🔴 空🔴
2026-04-18 00:19:52,751 | [开仓雷达] 1.震荡市:代码✅(评分:85) | 5K❌ | 2.基础✅(K:15 A:123.2 W:256.8) | 3.盈亏比✅(2.20≥1.3 需W>0.0) | 4.靠轨❌(多:❌ 空:❌) | 5.过滤❌(偏:bull 触:0 向:buy) | 6.时效✅(剩:92s) | ==> 综合: 多🔴 空🔴
2026-04-18 00:19:54,560 | [余额同步] 本地模式，初始资金: 10000.0 U
2026-04-18 00:19:54,560 | [账户监控] 无持仓
2026-04-18 00:19:55,159 | [开仓雷达] 1.震荡市:代码✅(评分:85) | 5K❌ | 2.基础✅(K:15 A:123.2 W:256.8) | 3.盈亏比✅(2.20≥1.3 需W>0.0) | 4.靠轨❌(多:❌ 空:❌) | 5.过滤❌(偏:bull 触:0 向:sell) | 6.时效✅(剩:90s) | ==> 综合: 多🔴 空🔴
2026-04-18 00:19:56,415 | [价格] Last:77811.7 | Mark:77919.16666667 | 延迟:0.0s | aggDelay:0.0s
2026-04-18 00:19:57,266 | [开仓雷达] 1.震荡市:代码✅(评分:85) | 5K❌ | 2.基础✅(K:15 A:123.2 W:256.8) | 3.盈亏比✅(2.20≥1.3 需W>0.0) | 4.靠轨❌(多:❌ 空:❌) | 5.过滤❌(偏:bull 触:0 向:buy) | 6.时效✅(剩:88s) | ==> 综合: 多🔴 空🔴
2026-04-18 00:20:01,172 | [开仓雷达] 1.震荡市:代码✅(评分:85) | 5K❌ | 2.基础✅(K:15 A:123.2 W:256.8) | 3.盈亏比✅(2.20≥1.3 需W>0.0) | 4.靠轨❌(多:❌ 空:❌) | 5.过滤❌(偏:bull 触:0 向:sell) | 6.时效✅(剩:84s) | ==> 综合: 多🔴 空🔴
2026-04-18 00:20:01,738 | [价格] Last:77811.7 | Mark:77918.06552536 | 延迟:0.0s | aggDelay:0.0s
2026-04-18 00:20:02,560 | [余额同步] 本地模式，初始资金: 10000.0 U
2026-04-18 00:20:02,560 | [账户监控] 无持仓
2026-04-18 00:20:03,334 | [开仓雷达] 1.震荡市:代码✅(评分:70) | 5K❌ | 2.基础✅(K:15 A:131.8 W:256.8) | 3.盈亏比✅(2.20≥1.3 需W>0.0) | 4.靠轨❌(多:❌ 空:❌) | 5.过滤❌(偏:bull 触:0 向:sell) | 6.时效✅(剩:82s) | ==> 综合: 多🔴 空🔴
2026-04-18 00:20:06,355 | [开仓雷达] 1.震荡市:代码✅(评分:70) | 5K❌ | 2.基础✅(K:15 A:131.8 W:256.8) | 3.盈亏比✅(2.20≥1.3 需W>0.0) | 4.靠轨❌(多:❌ 空:❌) | 5.过滤❌(偏:bull 触:0 向:buy) | 6.时效✅(剩:79s) | ==> 综合: 多🔴 空🔴
2026-04-18 00:20:07,166 | [价格] Last:77853.4 | Mark:77915.0484058 | 延迟:0.0s | aggDelay:0.8s
2026-04-18 00:20:08,589 | [开仓雷达] 1.震荡市:代码✅(评分:70) | 5K❌ | 2.基础✅(K:15 A:131.8 W:256.8) | 3.盈亏比✅(2.20≥1.3 需W>0.0) | 4.靠轨❌(多:❌ 空:❌) | 5.过滤❌(偏:bull 触:0 向:sell) | 6.时效✅(剩:76s) | ==> 综合: 多🔴 空🔴
2026-04-18 00:20:10,562 | [余额同步] 本地模式，初始资金: 10000.0 U
2026-04-18 00:20:10,562 | [账户监控] 无持仓
2026-04-18 00:20:10,780 | [开仓雷达] 1.震荡市:代码✅(评分:70) | 5K❌ | 2.基础✅(K:15 A:131.8 W:256.8) | 3.盈亏比✅(2.20≥1.3 需W>0.0) | 4.靠轨❌(多:❌ 空:❌) | 5.过滤❌(偏:neutral 触:0 向:sell) | 6.时效✅(剩:74s) | ==> 综合: 多🔴 空🔴
2026-04-18 00:20:13,169 | [价格] Last:77825.9 | Mark:77910.37641304 | 延迟:0.0s | aggDelay:2.4s
2026-04-18 00:20:13,169 | [开仓雷达] 1.震荡市:代码✅(评分:70) | 5K❌ | 2.基础✅(K:15 A:131.8 W:256.8) | 3.盈亏比✅(2.20≥1.3 需W>0.0) | 4.靠轨❌(多:❌ 空:❌) | 5.过滤❌(偏:bull 触:0 向:sell) | 6.时效✅(剩:72s) | ==> 综合: 多🔴 空🔴
2026-04-18 00:20:15,244 | [开仓雷达] 1.震荡市:代码✅(评分:70) | 5K❌ | 2.基础✅(K:15 A:131.8 W:256.8) | 3.盈亏比✅(2.20≥1.3 需W>0.0) | 4.靠轨❌(多:❌ 空:❌) | 5.过滤❌(偏:bull 触:0 向:sell) | 6.时效✅(剩:70s) | ==> 综合: 多🔴 空🔴
2026-04-18 00:20:17,627 | [开仓雷达] 1.震荡市:代码✅(评分:70) | 5K❌ | 2.基础✅(K:15 A:131.8 W:256.8) | 3.盈亏比✅(2.20≥1.3 需W>0.0) | 4.靠轨❌(多:❌ 空:❌) | 5.过滤❌(偏:bull 触:0 向:buy) | 6.时效✅(剩:67s) | ==> 综合: 多🔴 空🔴
2026-04-18 00:20:18,549 | [价格] Last:77814.4 | Mark:77919.9 | 延迟:0.0s | aggDelay:0.0s
2026-04-18 00:20:18,562 | [余额同步] 本地模式，初始资金: 10000.0 U
2026-04-18 00:20:18,563 | [账户监控] 无持仓
2026-04-18 00:20:20,345 | [开仓雷达] 1.震荡市:代码✅(评分:70) | 5K❌ | 2.基础✅(K:15 A:131.8 W:256.8) | 3.盈亏比✅(2.20≥1.3 需W>0.0) | 4.靠轨❌(多:❌ 空:❌) | 5.过滤❌(偏:bear 触:0 向:sell) | 6.时效✅(剩:65s) | ==> 综合: 多🔴 空🔴
2026-04-18 00:20:22,536 | [开仓雷达] 1.震荡市:代码✅(评分:70) | 5K❌ | 2.基础✅(K:15 A:131.8 W:256.8) | 3.盈亏比✅(2.20≥1.3 需W>0.0) | 4.靠轨❌(多:❌ 空:❌) | 5.过滤❌(偏:bear 触:0 向:sell) | 6.时效✅(剩:63s) | ==> 综合: 多🔴 空🔴
2026-04-18 00:20:24,991 | [价格] Last:77897.1 | Mark:77919.9 | 延迟:0.0s | aggDelay:0.0s
2026-04-18 00:20:24,991 | [开仓雷达] 1.震荡市:代码✅(评分:70) | 5K❌ | 2.基础✅(K:15 A:131.8 W:256.8) | 3.盈亏比✅(2.20≥1.3 需W>0.0) | 4.靠轨❌(多:❌ 空:❌) | 5.过滤❌(偏:bear 触:0 向:sell) | 6.时效✅(剩:60s) | ==> 综合: 多🔴 空🔴
2026-04-18 00:20:26,563 | [余额同步] 本地模式，初始资金: 10000.0 U
2026-04-18 00:20:26,563 | [账户监控] 无持仓
2026-04-18 00:20:28,167 | [开仓雷达] 1.震荡市:代码✅(评分:70) | 5K❌ | 2.基础✅(K:15 A:131.8 W:256.8) | 3.盈亏比✅(2.20≥1.3 需W>0.0) | 4.靠轨❌(多:❌ 空:❌) | 5.过滤❌(偏:bull 触:0 向:sell) | 6.时效✅(剩:57s) | ==> 综合: 多🔴 空🔴
2026-04-18 00:20:30,014 | [价格] Last:77911.1 | Mark:77914.5342029 | 延迟:0.0s | aggDelay:0.0s
2026-04-18 00:20:30,186 | [开仓雷达] 1.震荡市:代码✅(评分:70) | 5K❌ | 2.基础✅(K:15 A:131.8 W:256.8) | 3.盈亏比✅(2.20≥1.3 需W>0.0) | 4.靠轨❌(多:❌ 空:❌) | 5.过滤❌(偏:bear 触:0 向:sell) | 6.时效✅(剩:55s) | ==> 综合: 多🔴 空🔴
2026-04-18 00:20:32,342 | [开仓雷达] 1.震荡市:代码✅(评分:70) | 5K❌ | 2.基础✅(K:15 A:131.8 W:256.8) | 3.盈亏比✅(2.20≥1.3 需W>0.0) | 4.靠轨❌(多:❌ 空:❌) | 5.过滤❌(偏:bear 触:0 向:sell) | 6.时效✅(剩:53s) | ==> 综合: 多🔴 空🔴
2026-04-18 00:20:34,398 | [开仓雷达] 1.震荡市:代码✅(评分:70) | 5K❌ | 2.基础✅(K:15 A:131.8 W:256.8) | 3.盈亏比✅(2.20≥1.3 需W>0.0) | 4.靠轨❌(多:❌ 空:❌) | 5.过滤❌(偏:bear 触:0 向:sell) | 6.时效✅(剩:51s) | ==> 综合: 多🔴 空🔴
2026-04-18 00:20:34,563 | [余额同步] 本地模式，初始资金: 10000.0 U
2026-04-18 00:20:34,563 | [账户监控] 无持仓
2026-04-18 00:20:36,321 | [价格] Last:77920.0 | Mark:77920.0 | 延迟:0.0s | aggDelay:0.0s
2026-04-18 00:20:36,494 | [开仓雷达] 1.震荡市:代码✅(评分:70) | 5K❌ | 2.基础✅(K:15 A:131.8 W:256.8) | 3.盈亏比✅(2.20≥1.3 需W>0.0) | 4.靠轨❌(多:❌ 空:❌) | 5.过滤❌(偏:bear 触:0 向:sell) | 6.时效✅(剩:49s) | ==> 综合: 多🔴 空🔴
2026-04-18 00:20:40,170 | [开仓雷达] 1.震荡市:代码✅(评分:70) | 5K❌ | 2.基础✅(K:15 A:131.8 W:256.8) | 3.盈亏比✅(2.20≥1.3 需W>0.0) | 4.靠轨❌(多:❌ 空:❌) | 5.过滤❌(偏:bear 触:0 向:sell) | 6.时效✅(剩:45s) | ==> 综合: 多🔴 空🔴
2026-04-18 00:20:41,419 | [价格] Last:77839.5 | Mark:77914.2 | 延迟:0.0s | aggDelay:0.0s
2026-04-18 00:20:42,564 | [余额同步] 本地模式，初始资金: 10000.0 U
2026-04-18 00:20:42,564 | [账户监控] 无持仓
2026-04-18 00:20:42,625 | [开仓雷达] 1.震荡市:代码✅(评分:70) | 5K❌ | 2.基础✅(K:15 A:131.8 W:256.8) | 3.盈亏比✅(2.20≥1.3 需W>0.0) | 4.靠轨❌(多:❌ 空:❌) | 5.过滤❌(偏:bull 触:0 向:buy) | 6.时效✅(剩:42s) | ==> 综合: 多🔴 空🔴
2026-04-18 00:20:45,524 | [开仓雷达] 1.震荡市:代码✅(评分:70) | 5K❌ | 2.基础✅(K:15 A:131.8 W:256.8) | 3.盈亏比✅(2.20≥1.3 需W>0.0) | 4.靠轨❌(多:❌ 空:❌) | 5.过滤❌(偏:bull 触:0 向:buy) | 6.时效✅(剩:40s) | ==> 综合: 多🔴 空🔴
2026-04-18 00:20:47,097 | [价格] Last:77919.1 | Mark:77937.7 | 延迟:0.0s | aggDelay:0.0s
2026-04-18 00:20:48,279 | [开仓雷达] 1.震荡市:代码✅(评分:70) | 5K❌ | 2.基础✅(K:15 A:131.8 W:256.8) | 3.盈亏比✅(2.20≥1.3 需W>0.0) | 4.靠轨❌(多:❌ 空:❌) | 5.过滤❌(偏:bull 触:0 向:buy) | 6.时效✅(剩:37s) | ==> 综合: 多🔴 空🔴
2026-04-18 00:20:50,565 | [余额同步] 本地模式，初始资金: 10000.0 U
2026-04-18 00:20:50,565 | [账户监控] 无持仓
2026-04-18 00:20:50,808 | [开仓雷达] 1.震荡市:代码✅(评分:70) | 5K❌ | 2.基础✅(K:15 A:131.8 W:256.8) | 3.盈亏比✅(2.20≥1.3 需W>0.0) | 4.靠轨❌(多:❌ 空:❌) | 5.过滤❌(偏:bull 触:0 向:buy) | 6.时效✅(剩:34s) | ==> 综合: 多🔴 空🔴
2026-04-18 00:20:52,170 | [价格] Last:77839.5 | Mark:77937.7 | 延迟:0.0s | aggDelay:0.1s
2026-04-18 00:20:53,644 | [开仓雷达] 1.震荡市:代码✅(评分:70) | 5K❌ | 2.基础✅(K:15 A:131.8 W:256.8) | 3.盈亏比✅(2.20≥1.3 需W>0.0) | 4.靠轨❌(多:❌ 空:❌) | 5.过滤❌(偏:bull 触:0 向:buy) | 6.时效✅(剩:31s) | ==> 综合: 多🔴 空🔴
2026-04-18 00:20:55,883 | [开仓雷达] 1.震荡市:代码✅(评分:70) | 5K❌ | 2.基础✅(K:15 A:131.8 W:256.8) | 3.盈亏比✅(2.20≥1.3 需W>0.0) | 4.靠轨❌(多:❌ 空:❌) | 5.过滤❌(偏:bear 触:0 向:sell) | 6.时效✅(剩:29s) | ==> 综合: 多🔴 空🔴
2026-04-18 00:20:57,607 | [价格] Last:77954.7 | Mark:77943.9 | 延迟:0.0s | aggDelay:0.0s
2026-04-18 00:20:57,920 | [开仓雷达] 1.震荡市:代码✅(评分:70) | 5K❌ | 2.基础✅(K:15 A:131.8 W:256.8) | 3.盈亏比✅(2.20≥1.3 需W>0.0) | 4.靠轨❌(多:❌ 空:❌) | 5.过滤❌(偏:bear 触:0 向:sell) | 6.时效✅(剩:27s) | ==> 综合: 多🔴 空🔴
2026-04-18 00:20:58,565 | [余额同步] 本地模式，初始资金: 10000.0 U
2026-04-18 00:20:58,565 | [账户监控] 无持仓
2026-04-18 00:20:59,948 | [开仓雷达] 1.震荡市:代码✅(评分:70) | 5K❌ | 2.基础✅(K:15 A:131.8 W:256.8) | 3.盈亏比✅(2.20≥1.3 需W>0.0) | 4.靠轨❌(多:❌ 空:❌) | 5.过滤❌(偏:bear 触:0 向:buy) | 6.时效✅(剩:25s) | ==> 综合: 多🔴 空🔴
2026-04-18 00:21:01,997 | [开仓雷达] 1.震荡市:代码✅(评分:70) | 5K❌ | 2.基础✅(K:15 A:143.7 W:256.8) | 3.盈亏比✅(2.20≥1.3 需W>0.0) | 4.靠轨❌(多:❌ 空:❌) | 5.过滤❌(偏:neutral 触:0 向:buy) | 6.时效✅(剩:23s) | ==> 综合: 多🔴 空🔴
2026-04-18 00:21:02,681 | [价格] Last:77812.8 | Mark:78031.71512661 | 延迟:0.0s | aggDelay:0.0s
2026-04-18 00:21:04,150 | [开仓雷达] 1.震荡市:代码✅(评分:70) | 5K❌ | 2.基础✅(K:15 A:143.7 W:256.8) | 3.盈亏比✅(2.20≥1.3 需W>0.0) | 4.靠轨❌(多:❌ 空:❌) | 5.过滤❌(偏:bear 触:0 向:buy) | 6.时效✅(剩:21s) | ==> 综合: 多🔴 空🔴
2026-04-18 00:21:06,566 | [余额同步] 本地模式，初始资金: 10000.0 U
2026-04-18 00:21:06,566 | [账户监控] 无持仓
2026-04-18 00:21:06,834 | [开仓雷达] 1.震荡市:代码✅(评分:70) | 5K❌ | 2.基础✅(K:15 A:143.7 W:256.8) | 3.盈亏比✅(2.20≥1.3 需W>0.0) | 4.靠轨❌(多:❌ 空:❌) | 5.过滤❌(偏:bear 触:0 向:sell) | 6.时效✅(剩:18s) | ==> 综合: 多🔴 空🔴
2026-04-18 00:21:07,711 | [价格] Last:77957.0 | Mark:78077.00548913 | 延迟:0.0s | aggDelay:0.0s
2026-04-18 00:21:09,106 | [开仓雷达] 1.震荡市:代码✅(评分:70) | 5K❌ | 2.基础✅(K:15 A:143.7 W:256.8) | 3.盈亏比✅(2.20≥1.3 需W>0.0) | 4.靠轨❌(多:❌ 空:❌) | 5.过滤❌(偏:bull 触:0 向:sell) | 6.时效✅(剩:16s) | ==> 综合: 多🔴 空🔴
2026-04-18 00:21:11,128 | [开仓雷达] 1.震荡市:代码✅(评分:70) | 5K❌ | 2.基础✅(K:15 A:143.7 W:256.8) | 3.盈亏比✅(2.20≥1.3 需W>0.0) | 4.靠轨❌(多:❌ 空:❌) | 5.过滤❌(偏:bull 触:0 向:sell) | 6.时效✅(剩:14s) | ==> 综合: 多🔴 空🔴
2026-04-18 00:21:13,019 | [价格] Last:77822.6 | Mark:78109.1 | 延迟:0.0s | aggDelay:0.0s
2026-04-18 00:21:13,128 | [开仓雷达] 1.震荡市:代码✅(评分:70) | 5K❌ | 2.基础✅(K:15 A:143.7 W:256.8) | 3.盈亏比✅(2.20≥1.3 需W>0.0) | 4.靠轨❌(多:❌ 空:❌) | 5.过滤❌(偏:bear 触:0 向:buy) | 6.时效✅(剩:12s) | ==> 综合: 多🔴 空🔴
2026-04-18 00:21:14,567 | [余额同步] 本地模式，初始资金: 10000.0 U
2026-04-18 00:21:14,567 | [账户监控] 无持仓
2026-04-18 00:21:16,063 | [开仓雷达] 1.震荡市:代码✅(评分:70) | 5K❌ | 2.基础✅(K:15 A:143.7 W:256.8) | 3.盈亏比✅(2.20≥1.3 需W>0.0) | 4.靠轨❌(多:❌ 空:❌) | 5.过滤❌(偏:bear 触:0 向:buy) | 6.时效✅(剩:9s) | ==> 综合: 多🔴 空🔴
2026-04-18 00:21:18,027 | [价格] Last:77960.5 | Mark:78096.7 | 延迟:0.0s | aggDelay:0.0s
2026-04-18 00:21:18,182 | [开仓雷达] 1.震荡市:代码✅(评分:70) | 5K❌ | 2.基础✅(K:15 A:143.7 W:256.8) | 3.盈亏比✅(2.20≥1.3 需W>0.0) | 4.靠轨❌(多:❌ 空:❌) | 5.过滤❌(偏:bear 触:0 向:buy) | 6.时效✅(剩:7s) | ==> 综合: 多🔴 空🔴
2026-04-18 00:21:20,394 | [开仓雷达] 1.震荡市:代码✅(评分:70) | 5K❌ | 2.基础✅(K:15 A:143.7 W:256.8) | 3.盈亏比✅(2.20≥1.3 需W>0.0) | 4.靠轨❌(多:❌ 空:❌) | 5.过滤❌(偏:bear 触:0 向:sell) | 6.时效✅(剩:5s) | ==> 综合: 多🔴 空🔴
2026-04-18 00:21:22,567 | [余额同步] 本地模式，初始资金: 10000.0 U
2026-04-18 00:21:22,567 | [账户监控] 无持仓
2026-04-18 00:21:22,630 | [开仓雷达] 1.震荡市:代码✅(评分:75) | 5K❌ | 2.基础✅(K:15 A:143.7 W:256.8) | 3.盈亏比✅(2.20≥1.3 需W>0.0) | 4.靠轨❌(多:❌ 空:❌) | 5.过滤❌(偏:bear 触:9 向:buy) | 6.时效✅(剩:2s) | ==> 综合: 多🔴 空🔴
2026-04-18 00:21:24,563 | [价格] Last:77835.0 | Mark:78096.51481884 | 延迟:0.0s | aggDelay:0.0s
2026-04-18 00:21:25,168 | [开仓雷达] 1.震荡市:代码✅(评分:70) | 5K❌ | 2.基础✅(K:15 A:143.7 W:256.8) | 3.盈亏比✅(2.20≥1.3 需W>0.0) | 4.靠轨❌(多:❌ 空:❌) | 5.过滤❌(偏:bear 触:0 向:sell) | 6.时效✅(剩:120s) | ==> 综合: 多🔴 空🔴
2026-04-18 00:21:27,219 | [开仓雷达] 1.震荡市:代码✅(评分:75) | 5K❌ | 2.基础✅(K:15 A:143.7 W:256.8) | 3.盈亏比✅(2.20≥1.3 需W>0.0) | 4.靠轨❌(多:❌ 空:❌) | 5.过滤❌(偏:bear 触:4 向:buy) | 6.时效✅(剩:118s) | ==> 综合: 多🔴 空🔴
2026-04-18 00:21:29,561 | [开仓雷达] 1.震荡市:代码✅(评分:75) | 5K❌ | 2.基础✅(K:15 A:143.7 W:256.8) | 3.盈亏比✅(2.20≥1.3 需W>0.0) | 4.靠轨❌(多:❌ 空:❌) | 5.过滤❌(偏:bear 触:10 向:buy) | 6.时效✅(剩:116s) | ==> 综合: 多🔴 空🔴
2026-04-18 00:21:29,569 | [价格] Last:77873.9 | Mark:78141.84537549 | 延迟:0.0s | aggDelay:0.0s
2026-04-18 00:21:30,567 | [余额同步] 本地模式，初始资金: 10000.0 U
2026-04-18 00:21:30,567 | [账户监控] 无持仓
2026-04-18 00:21:31,617 | [开仓雷达] 1.震荡市:代码✅(评分:75) | 5K❌ | 2.基础✅(K:15 A:143.7 W:256.8) | 3.盈亏比✅(2.20≥1.3 需W>0.0) | 4.靠轨❌(多:❌ 空:❌) | 5.过滤✅(偏:bear 触:10 向:sell) | 6.时效✅(剩:114s) | ==> 综合: 多🔴 空🔴
2026-04-18 00:21:33,619 | [开仓雷达] 1.震荡市:代码✅(评分:75) | 5K❌ | 2.基础✅(K:15 A:143.7 W:256.8) | 3.盈亏比✅(2.20≥1.3 需W>0.0) | 4.靠轨❌(多:❌ 空:❌) | 5.过滤✅(偏:bear 触:10 向:sell) | 6.时效✅(剩:112s) | ==> 综合: 多🔴 空🔴
2026-04-18 00:21:34,810 | [价格] Last:77965.7 | Mark:78144.98105072 | 延迟:0.0s | aggDelay:0.0s
2026-04-18 00:21:35,639 | [开仓雷达] 1.震荡市:代码✅(评分:75) | 5K❌ | 2.基础✅(K:15 A:143.7 W:256.8) | 3.盈亏比✅(2.20≥1.3 需W>0.0) | 4.靠轨❌(多:❌ 空:❌) | 5.过滤❌(偏:bear 触:10 向:buy) | 6.时效✅(剩:110s) | ==> 综合: 多🔴 空🔴
2026-04-18 00:21:37,699 | [开仓雷达] 1.震荡市:代码✅(评分:75) | 5K❌ | 2.基础✅(K:15 A:143.7 W:256.8) | 3.盈亏比✅(2.20≥1.3 需W>0.0) | 4.靠轨❌(多:❌ 空:❌) | 5.过滤✅(偏:bear 触:10 向:sell) | 6.时效✅(剩:107s) | ==> 综合: 多🔴 空🔴
2026-04-18 00:21:38,568 | [余额同步] 本地模式，初始资金: 10000.0 U
2026-04-18 00:21:38,568 | [账户监控] 无持仓
2026-04-18 00:21:39,847 | [价格] Last:77845.7 | Mark:78137.41692029 | 延迟:0.0s | aggDelay:0.0s
2026-04-18 00:21:39,847 | [开仓雷达] 1.震荡市:代码✅(评分:75) | 5K❌ | 2.基础✅(K:15 A:143.7 W:256.8) | 3.盈亏比✅(2.20≥1.3 需W>0.0) | 4.靠轨❌(多:❌ 空:❌) | 5.过滤✅(偏:bear 触:10 向:sell) | 6.时效✅(剩:105s) | ==> 综合: 多🔴 空🔴
2026-04-18 00:21:42,413 | [开仓雷达] 1.震荡市:代码✅(评分:75) | 5K❌ | 2.基础✅(K:15 A:143.7 W:256.8) | 3.盈亏比✅(2.20≥1.3 需W>0.0) | 4.靠轨❌(多:❌ 空:❌) | 5.过滤✅(偏:bear 触:10 向:sell) | 6.时效✅(剩:103s) | ==> 综合: 多🔴 空🔴
2026-04-18 00:21:44,628 | [开仓雷达] 1.震荡市:代码✅(评分:75) | 5K❌ | 2.基础✅(K:15 A:143.7 W:256.8) | 3.盈亏比✅(2.20≥1.3 需W>0.0) | 4.靠轨❌(多:❌ 空:❌) | 5.过滤❌(偏:bear 触:10 向:buy) | 6.时效✅(剩:101s) | ==> 综合: 多🔴 空🔴
2026-04-18 00:21:45,021 | [价格] Last:77811.5 | Mark:78133.56302536 | 延迟:0.0s | aggDelay:0.0s
2026-04-18 00:21:46,568 | [余额同步] 本地模式，初始资金: 10000.0 U
2026-04-18 00:21:46,568 | [账户监控] 无持仓
2026-04-18 00:21:48,343 | [开仓雷达] 1.震荡市:代码✅(评分:75) | 5K❌ | 2.基础✅(K:15 A:143.7 W:256.8) | 3.盈亏比✅(2.20≥1.3 需W>0.0) | 4.靠轨❌(多:❌ 空:❌) | 5.过滤✅(偏:bear 触:10 向:sell) | 6.时效✅(剩:97s) | ==> 综合: 多🔴 空🔴
2026-04-18 00:21:50,135 | [价格] Last:77845.7 | Mark:78127.49583333 | 延迟:0.0s | aggDelay:0.0s
2026-04-18 00:21:50,380 | [开仓雷达] 1.震荡市:代码✅(评分:75) | 5K❌ | 2.基础✅(K:15 A:143.7 W:256.8) | 3.盈亏比✅(2.20≥1.3 需W>0.0) | 4.靠轨❌(多:❌ 空:❌) | 5.过滤✅(偏:bear 触:10 向:sell) | 6.时效✅(剩:95s) | ==> 综合: 多🔴 空🔴
2026-04-18 00:21:52,729 | [开仓雷达] 1.震荡市:代码✅(评分:75) | 5K❌ | 2.基础✅(K:15 A:143.7 W:256.8) | 3.盈亏比✅(2.20≥1.3 需W>0.0) | 4.靠轨❌(多:❌ 空:❌) | 5.过滤❌(偏:bear 触:10 向:buy) | 6.时效✅(剩:92s) | ==> 综合: 多🔴 空🔴
2026-04-18 00:21:54,569 | [余额同步] 本地模式，初始资金: 10000.0 U
2026-04-18 00:21:54,569 | [账户监控] 无持仓
2026-04-18 00:21:55,050 | [开仓雷达] 1.震荡市:代码✅(评分:75) | 5K❌ | 2.基础✅(K:15 A:143.7 W:256.8) | 3.盈亏比✅(2.20≥1.3 需W>0.0) | 4.靠轨❌(多:❌ 空:❌) | 5.过滤❌(偏:bear 触:10 向:buy) | 6.时效✅(剩:90s) | ==> 综合: 多🔴 空🔴
2026-04-18 00:21:55,169 | [价格] Last:77972.4 | Mark:78110.37211957 | 延迟:0.0s | aggDelay:0.1s
2026-04-18 00:21:57,089 | [开仓雷达] 1.震荡市:代码✅(评分:75) | 5K❌ | 2.基础✅(K:15 A:143.7 W:256.8) | 3.盈亏比✅(2.20≥1.3 需W>0.0) | 4.靠轨❌(多:❌ 空:❌) | 5.过滤❌(偏:bear 触:10 向:buy) | 6.时效✅(剩:88s) | ==> 综合: 多🔴 空🔴
2026-04-18 00:21:59,177 | [开仓雷达] 1.震荡市:代码✅(评分:75) | 5K❌ | 2.基础✅(K:15 A:143.7 W:256.8) | 3.盈亏比✅(2.20≥1.3 需W>0.0) | 4.靠轨❌(多:❌ 空:❌) | 5.过滤✅(偏:bear 触:10 向:sell) | 6.时效✅(剩:86s) | ==> 综合: 多🔴 空🔴
2026-04-18 00:22:00,553 | [价格] Last:77972.6 | Mark:78090.59798913 | 延迟:0.0s | aggDelay:0.0s
2026-04-18 00:22:01,178 | [开仓雷达] 1.震荡市:代码✅(评分:75) | 5K❌ | 2.基础✅(K:15 A:143.7 W:256.8) | 3.盈亏比✅(2.20≥1.3 需W>0.0) | 4.靠轨❌(多:❌ 空:❌) | 5.过滤❌(偏:bear 触:10 向:buy) | 6.时效✅(剩:84s) | ==> 综合: 多🔴 空🔴
2026-04-18 00:22:02,569 | [余额同步] 本地模式，初始资金: 10000.0 U
2026-04-18 00:22:02,569 | [账户监控] 无持仓
2026-04-18 00:22:03,369 | [开仓雷达] 1.震荡市:代码❌(评分:75) | 5K❌ | 2.基础✅(K:15 A:135.0 W:256.8) | 3.盈亏比✅(2.20≥1.3 需W>0.0) | 4.靠轨❌(多:❌ 空:❌) | 5.过滤✅(偏:bear 触:10 向:sell) | 6.时效✅(剩:82s) | ==> 综合: 多🔴 空🔴
2026-04-18 00:22:05,406 | [开仓雷达] 1.震荡市:代码❌(评分:75) | 5K❌ | 2.基础✅(K:15 A:135.0 W:256.8) | 3.盈亏比✅(2.20≥1.3 需W>0.0) | 4.靠轨❌(多:❌ 空:❌) | 5.过滤❌(偏:bear 触:10 向:buy) | 6.时效✅(剩:80s) | ==> 综合: 多🔴 空🔴
2026-04-18 00:22:05,572 | [价格] Last:77972.6 | Mark:78068.15978261 | 延迟:0.0s | aggDelay:0.0s
2026-04-18 00:22:08,626 | [开仓雷达] 1.震荡市:代码❌(评分:75) | 5K❌ | 2.基础✅(K:15 A:135.0 W:256.8) | 3.盈亏比✅(2.20≥1.3 需W>0.0) | 4.靠轨❌(多:❌ 空:❌) | 5.过滤❌(偏:bear 触:10 向:buy) | 6.时效✅(剩:77s) | ==> 综合: 多🔴 空🔴
2026-04-18 00:22:10,570 | [余额同步] 本地模式，初始资金: 10000.0 U
2026-04-18 00:22:10,570 | [账户监控] 无持仓
2026-04-18 00:22:10,651 | [价格] Last:77973.3 | Mark:78030.3246558 | 延迟:0.0s | aggDelay:0.0s
2026-04-18 00:22:10,651 | [开仓雷达] 1.震荡市:代码❌(评分:75) | 5K❌ | 2.基础✅(K:15 A:135.0 W:256.8) | 3.盈亏比✅(2.20≥1.3 需W>0.0) | 4.靠轨❌(多:❌ 空:❌) | 5.过滤❌(偏:bear 触:10 向:buy) | 6.时效✅(剩:75s) | ==> 综合: 多🔴 空🔴
2026-04-18 00:22:12,898 | [开仓雷达] 1.震荡市:代码❌(评分:75) | 5K❌ | 2.基础✅(K:15 A:135.0 W:256.8) | 3.盈亏比✅(2.20≥1.3 需W>0.0) | 4.靠轨❌(多:❌ 空:❌) | 5.过滤❌(偏:bear 触:10 向:buy) | 6.时效✅(剩:72s) | ==> 综合: 多🔴 空🔴
2026-04-18 00:22:15,452 | [开仓雷达] 1.震荡市:代码❌(评分:75) | 5K❌ | 2.基础✅(K:15 A:135.0 W:256.8) | 3.盈亏比✅(2.20≥1.3 需W>0.0) | 4.靠轨❌(多:❌ 空:❌) | 5.过滤❌(偏:bear 触:10 向:buy) | 6.时效✅(剩:70s) | ==> 综合: 多🔴 空🔴
2026-04-18 00:22:15,658 | [价格] Last:77973.9 | Mark:78030.84487319 | 延迟:0.0s | aggDelay:0.0s
2026-04-18 00:22:17,473 | [开仓雷达] 1.震荡市:代码❌(评分:75) | 5K❌ | 2.基础✅(K:15 A:135.0 W:256.8) | 3.盈亏比✅(2.20≥1.3 需W>0.0) | 4.靠轨❌(多:❌ 空:❌) | 5.过滤✅(偏:bear 触:10 向:sell) | 6.时效✅(剩:68s) | ==> 综合: 多🔴 空🔴
2026-04-18 00:22:18,570 | [余额同步] 本地模式，初始资金: 10000.0 U
2026-04-18 00:22:18,570 | [账户监控] 无持仓
2026-04-18 00:22:19,564 | [开仓雷达] 1.震荡市:代码❌(评分:75) | 5K❌ | 2.基础✅(K:15 A:135.0 W:256.8) | 3.盈亏比✅(2.20≥1.3 需W>0.0) | 4.靠轨❌(多:❌ 空:❌) | 5.过滤✅(偏:bear 触:10 向:sell) | 6.时效✅(剩:66s) | ==> 综合: 多🔴 空🔴
2026-04-18 00:22:20,850 | [价格] Last:77981.4 | Mark:78024.44958333 | 延迟:0.0s | aggDelay:0.0s
2026-04-18 00:22:21,623 | [开仓雷达] 1.震荡市:代码❌(评分:75) | 5K❌ | 2.基础✅(K:15 A:135.0 W:256.8) | 3.盈亏比✅(2.20≥1.3 需W>0.0) | 4.靠轨❌(多:❌ 空:❌) | 5.过滤❌(偏:bear 触:10 向:buy) | 6.时效✅(剩:64s) | ==> 综合: 多🔴 空🔴
2026-04-18 00:22:23,651 | [开仓雷达] 1.震荡市:代码❌(评分:75) | 5K❌ | 2.基础✅(K:15 A:135.0 W:256.8) | 3.盈亏比✅(2.19≥1.3 需W>0.0) | 4.靠轨✅(多:❌ 空:✅) | 5.过滤✅(偏:bear 触:10 向:buy) | 6.时效✅(剩:62s) | ==> 综合: 多🔴 空🔴
2026-04-18 00:22:25,731 | [开仓雷达] 1.震荡市:代码❌(评分:75) | 5K❌ | 2.基础✅(K:15 A:135.0 W:256.8) | 3.盈亏比✅(2.19≥1.3 需W>0.0) | 4.靠轨✅(多:❌ 空:✅) | 5.过滤❌(偏:bear 触:10 向:buy) | 6.时效✅(剩:59s) | ==> 综合: 多🔴 空🔴
2026-04-18 00:22:25,885 | [价格] Last:77839.5 | Mark:78026.39476449 | 延迟:0.0s | aggDelay:0.0s
2026-04-18 00:22:26,571 | [余额同步] 本地模式，初始资金: 10000.0 U
2026-04-18 00:22:26,571 | [账户监控] 无持仓
2026-04-18 00:22:28,170 | [开仓雷达] 1.震荡市:代码❌(评分:75) | 5K❌ | 2.基础✅(K:15 A:135.0 W:256.8) | 3.盈亏比✅(2.19≥1.3 需W>0.0) | 4.靠轨✅(多:❌ 空:✅) | 5.过滤✅(偏:bear 触:10 向:buy) | 6.时效✅(剩:57s) | ==> 综合: 多🔴 空🔴
2026-04-18 00:22:30,301 | [开仓雷达] 1.震荡市:代码❌(评分:75) | 5K❌ | 2.基础✅(K:15 A:135.0 W:256.8) | 3.盈亏比✅(2.19≥1.3 需W>0.0) | 4.靠轨✅(多:❌ 空:✅) | 5.过滤❌(偏:bear 触:10 向:buy) | 6.时效✅(剩:55s) | ==> 综合: 多🔴 空🔴
2026-04-18 00:22:31,038 | [价格] Last:77842.0 | Mark:78039.9 | 延迟:0.0s | aggDelay:0.0s
2026-04-18 00:22:32,324 | [开仓雷达] 1.震荡市:代码❌(评分:75) | 5K❌ | 2.基础✅(K:15 A:135.0 W:256.8) | 3.盈亏比✅(2.19≥1.3 需W>0.0) | 4.靠轨✅(多:❌ 空:✅) | 5.过滤❌(偏:bear 触:10 向:buy) | 6.时效✅(剩:53s) | ==> 综合: 多🔴 空🔴
2026-04-18 00:22:34,395 | [开仓雷达] 1.震荡市:代码❌(评分:75) | 5K❌ | 2.基础✅(K:15 A:135.0 W:256.8) | 3.盈亏比✅(2.19≥1.3 需W>0.0) | 4.靠轨✅(多:❌ 空:✅) | 5.过滤✅(偏:bear 触:10 向:buy) | 6.时效✅(剩:51s) | ==> 综合: 多🔴 空🔴
2026-04-18 00:22:34,572 | [余额同步] 本地模式，初始资金: 10000.0 U
2026-04-18 00:22:34,572 | [账户监控] 无持仓
2026-04-18 00:22:36,415 | [价格] Last:78032.7 | Mark:78039.70601449 | 延迟:0.0s | aggDelay:0.0s
2026-04-18 00:22:36,415 | [开仓雷达] 1.震荡市:代码❌(评分:75) | 5K❌ | 2.基础✅(K:15 A:135.0 W:256.8) | 3.盈亏比✅(2.19≥1.3 需W>0.0) | 4.靠轨✅(多:❌ 空:✅) | 5.过滤✅(偏:bear 触:10 向:buy) | 6.时效✅(剩:49s) | ==> 综合: 多🔴 空🔴
2026-04-18 00:22:38,448 | [开仓雷达] 1.震荡市:代码❌(评分:75) | 5K❌ | 2.基础✅(K:15 A:135.0 W:256.8) | 3.盈亏比✅(2.19≥1.3 需W>0.0) | 4.靠轨✅(多:❌ 空:✅) | 5.过滤✅(偏:bear 触:10 向:buy) | 6.时效✅(剩:47s) | ==> 综合: 多🔴 空🔴
2026-04-18 00:22:40,471 | [开仓雷达] 1.震荡市:代码❌(评分:75) | 5K❌ | 2.基础✅(K:15 A:135.0 W:256.8) | 3.盈亏比✅(2.19≥1.3 需W>0.0) | 4.靠轨✅(多:❌ 空:✅) | 5.过滤✅(偏:bear 触:10 向:buy) | 6.时效✅(剩:45s) | ==> 综合: 多🔴 空🔴
2026-04-18 00:22:41,424 | [价格] Last:78034.9 | Mark:78095.1 | 延迟:0.0s | aggDelay:0.0s
2026-04-18 00:22:42,572 | [余额同步] 本地模式，初始资金: 10000.0 U
2026-04-18 00:22:42,578 | [账户监控] 无持仓
2026-04-18 00:22:43,165 | [开仓雷达] 1.震荡市:代码❌(评分:75) | 5K❌ | 2.基础✅(K:15 A:135.0 W:256.8) | 3.盈亏比✅(2.19≥1.3 需W>0.0) | 4.靠轨✅(多:❌ 空:✅) | 5.过滤✅(偏:bear 触:10 向:sell) | 6.时效✅(剩:42s) | ==> 综合: 多🔴 空🔴
2026-04-18 00:22:45,385 | [开仓雷达] 1.震荡市:代码❌(评分:75) | 5K❌ | 2.基础✅(K:15 A:135.0 W:256.8) | 3.盈亏比✅(2.19≥1.3 需W>0.0) | 4.靠轨✅(多:❌ 空:✅) | 5.过滤✅(偏:bear 触:10 向:buy) | 6.时效✅(剩:40s) | ==> 综合: 多🔴 空🔴
2026-04-18 00:22:46,459 | [价格] Last:78079.0 | Mark:78071.4 | 延迟:0.0s | aggDelay:0.0s
2026-04-18 00:22:47,610 | [开仓雷达] 1.震荡市:代码❌(评分:75) | 5K❌ | 2.基础✅(K:15 A:135.0 W:256.8) | 3.盈亏比✅(2.19≥1.3 需W>0.0) | 4.靠轨✅(多:❌ 空:✅) | 5.过滤✅(偏:bear 触:10 向:sell) | 6.时效✅(剩:38s) | ==> 综合: 多🔴 空🔴
2026-04-18 00:22:49,615 | [开仓雷达] 1.震荡市:代码❌(评分:75) | 5K❌ | 2.基础✅(K:15 A:135.0 W:256.8) | 3.盈亏比✅(2.19≥1.3 需W>0.0) | 4.靠轨✅(多:❌ 空:✅) | 5.过滤✅(偏:bear 触:10 向:sell) | 6.时效✅(剩:36s) | ==> 综合: 多🔴 空🔴
2026-04-18 00:22:50,579 | [余额同步] 本地模式，初始资金: 10000.0 U
2026-04-18 00:22:50,579 | [账户监控] 无持仓
2026-04-18 00:22:51,600 | [价格] Last:78079.0 | Mark:78071.5 | 延迟:0.0s | aggDelay:0.0s
2026-04-18 00:22:52,027 | [开仓雷达] 1.震荡市:代码❌(评分:75) | 5K❌ | 2.基础✅(K:15 A:135.0 W:256.8) | 3.盈亏比✅(2.19≥1.3 需W>0.0) | 4.靠轨✅(多:❌ 空:✅) | 5.过滤✅(偏:bear 触:10 向:sell) | 6.时效✅(剩:33s) | ==> 综合: 多🔴 空🔴
2026-04-18 00:22:54,132 | [开仓雷达] 1.震荡市:代码❌(评分:75) | 5K❌ | 2.基础✅(K:15 A:135.0 W:256.8) | 3.盈亏比✅(2.19≥1.3 需W>0.0) | 4.靠轨✅(多:❌ 空:✅) | 5.过滤✅(偏:bear 触:10 向:sell) | 6.时效✅(剩:31s) | ==> 综合: 多🔴 空🔴
2026-04-18 00:22:56,262 | [开仓雷达] 1.震荡市:代码❌(评分:75) | 5K❌ | 2.基础✅(K:15 A:135.0 W:256.8) | 3.盈亏比✅(2.19≥1.3 需W>0.0) | 4.靠轨✅(多:❌ 空:✅) | 5.过滤✅(偏:bear 触:10 向:sell) | 6.时效✅(剩:29s) | ==> 综合: 多🔴 空🔴
2026-04-18 00:22:57,348 | [价格] Last:78079.0 | Mark:78051.20103261 | 延迟:0.0s | aggDelay:0.0s
2026-04-18 00:22:58,426 | [开仓雷达] 1.震荡市:代码❌(评分:75) | 5K❌ | 2.基础✅(K:15 A:135.0 W:256.8) | 3.盈亏比✅(2.19≥1.3 需W>0.0) | 4.靠轨✅(多:❌ 空:✅) | 5.过滤✅(偏:bear 触:10 向:sell) | 6.时效✅(剩:27s) | ==> 综合: 多🔴 空🔴
2026-04-18 00:22:58,580 | [余额同步] 本地模式，初始资金: 10000.0 U
2026-04-18 00:22:58,580 | [账户监控] 无持仓
2026-04-18 00:23:00,925 | [开仓雷达] 1.震荡市:代码❌(评分:75) | 5K❌ | 2.基础✅(K:15 A:135.0 W:256.8) | 3.盈亏比✅(2.19≥1.3 需W>0.0) | 4.靠轨✅(多:❌ 空:✅) | 5.过滤✅(偏:bear 触:10 向:sell) | 6.时效✅(剩:24s) | ==> 综合: 多🔴 空🔴
2026-04-18 00:23:02,622 | [价格] Last:78079.4 | Mark:78028.79918478 | 延迟:0.0s | aggDelay:0.0s
2026-04-18 00:23:02,929 | [开仓雷达] 1.震荡市:代码✅(评分:80) | 5K❌ | 2.基础✅(K:15 A:157.9 W:345.1) | 3.盈亏比✅(2.95≥1.3 需W>0.0) | 4.靠轨✅(多:❌ 空:✅) | 5.过滤✅(偏:bear 触:8 向:buy) | 6.时效✅(剩:118s) | ==> 综合: 多🔴 空🔴
2026-04-18 00:23:05,375 | [开仓雷达] 1.震荡市:代码✅(评分:80) | 5K❌ | 2.基础✅(K:15 A:157.9 W:345.1) | 3.盈亏比✅(2.95≥1.3 需W>0.0) | 4.靠轨✅(多:❌ 空:✅) | 5.过滤✅(偏:bear 触:10 向:buy) | 6.时效✅(剩:116s) | ==> 综合: 多🔴 空🔴
2026-04-18 00:23:06,581 | [余额同步] 本地模式，初始资金: 10000.0 U
2026-04-18 00:23:06,582 | [账户监控] 无持仓
2026-04-18 00:23:07,425 | [开仓雷达] 1.震荡市:代码✅(评分:80) | 5K❌ | 2.基础✅(K:15 A:157.9 W:345.1) | 3.盈亏比✅(2.95≥1.3 需W>0.0) | 4.靠轨✅(多:❌ 空:✅) | 5.过滤✅(偏:bear 触:10 向:buy) | 6.时效✅(剩:114s) | ==> 综合: 多🔴 空🔴
2026-04-18 00:23:08,699 | [价格] Last:78080.9 | Mark:78047.1 | 延迟:0.0s | aggDelay:0.0s
2026-04-18 00:23:09,527 | [开仓雷达] 1.震荡市:代码✅(评分:80) | 5K❌ | 2.基础✅(K:15 A:157.9 W:345.1) | 3.盈亏比✅(2.95≥1.3 需W>0.0) | 4.靠轨✅(多:❌ 空:✅) | 5.过滤✅(偏:bear 触:10 向:sell) | 6.时效✅(剩:112s) | ==> 综合: 多🔴 空🟢
2026-04-18 00:23:11,657 | [开仓雷达] 1.震荡市:代码✅(评分:80) | 5K❌ | 2.基础✅(K:15 A:157.9 W:345.1) | 3.盈亏比✅(2.95≥1.3 需W>0.0) | 4.靠轨✅(多:❌ 空:✅) | 5.过滤✅(偏:bear 触:10 向:sell) | 6.时效✅(剩:110s) | ==> 综合: 多🔴 空🟢
2026-04-18 00:23:13,660 | [开仓雷达] 1.震荡市:代码✅(评分:80) | 5K❌ | 2.基础✅(K:15 A:157.9 W:345.1) | 3.盈亏比✅(2.95≥1.3 需W>0.0) | 4.靠轨✅(多:❌ 空:✅) | 5.过滤✅(偏:bear 触:10 向:sell) | 6.时效✅(剩:108s) | ==> 综合: 多🔴 空🟢
2026-04-18 00:23:14,185 | [价格] Last:78080.9 | Mark:78040.2 | 延迟:0.0s | aggDelay:0.0s
2026-04-18 00:23:14,582 | [余额同步] 本地模式，初始资金: 10000.0 U
2026-04-18 00:23:14,582 | [账户监控] 无持仓
2026-04-18 00:23:15,805 | [开仓雷达] 1.震荡市:代码✅(评分:80) | 5K❌ | 2.基础✅(K:15 A:157.9 W:345.1) | 3.盈亏比✅(2.95≥1.3 需W>0.0) | 4.靠轨✅(多:❌ 空:✅) | 5.过滤✅(偏:bear 触:10 向:sell) | 6.时效✅(剩:105s) | ==> 综合: 多🔴 空🟢
2026-04-18 00:23:18,119 | [开仓雷达] 1.震荡市:代码✅(评分:80) | 5K❌ | 2.基础✅(K:15 A:157.9 W:345.1) | 3.盈亏比✅(2.95≥1.3 需W>0.0) | 4.靠轨✅(多:❌ 空:✅) | 5.过滤✅(偏:bear 触:10 向:sell) | 6.时效✅(剩:103s) | ==> 综合: 多🔴 空🟢
2026-04-18 00:23:19,205 | [价格] Last:78080.9 | Mark:78068.4 | 延迟:0.0s | aggDelay:0.2s
2026-04-18 00:23:20,298 | [开仓雷达] 1.震荡市:代码✅(评分:80) | 5K❌ | 2.基础✅(K:15 A:157.9 W:345.1) | 3.盈亏比✅(2.95≥1.3 需W>0.0) | 4.靠轨✅(多:❌ 空:✅) | 5.过滤✅(偏:bear 触:10 向:buy) | 6.时效✅(剩:101s) | ==> 综合: 多🔴 空🔴
2026-04-18 00:23:22,578 | [开仓雷达] 1.震荡市:代码✅(评分:80) | 5K❌ | 2.基础✅(K:15 A:157.9 W:345.1) | 3.盈亏比✅(2.95≥1.3 需W>0.0) | 4.靠轨✅(多:❌ 空:✅) | 5.过滤✅(偏:bear 触:10 向:sell) | 6.时效✅(剩:99s) | ==> 综合: 多🔴 空🟢
2026-04-18 00:23:22,583 | [余额同步] 本地模式，初始资金: 10000.0 U
2026-04-18 00:23:22,583 | [账户监控] 无持仓
2026-04-18 00:23:24,878 | [价格] Last:78081.0 | Mark:78068.0 | 延迟:0.0s | aggDelay:0.0s
2026-04-18 00:23:24,878 | [开仓雷达] 1.震荡市:代码✅(评分:80) | 5K❌ | 2.基础✅(K:15 A:157.9 W:345.1) | 3.盈亏比✅(2.95≥1.3 需W>0.0) | 4.靠轨✅(多:❌ 空:✅) | 5.过滤✅(偏:bear 触:10 向:buy) | 6.时效✅(剩:96s) | ==> 综合: 多🔴 空🔴
2026-04-18 00:23:26,940 | [开仓雷达] 1.震荡市:代码✅(评分:80) | 5K❌ | 2.基础✅(K:15 A:157.9 W:345.1) | 3.盈亏比✅(2.95≥1.3 需W>0.0) | 4.靠轨✅(多:❌ 空:✅) | 5.过滤✅(偏:bear 触:10 向:sell) | 6.时效✅(剩:94s) | ==> 综合: 多🔴 空🟢
2026-04-18 00:23:29,018 | [开仓雷达] 1.震荡市:代码✅(评分:80) | 5K❌ | 2.基础✅(K:15 A:157.9 W:345.1) | 3.盈亏比✅(2.95≥1.3 需W>0.0) | 4.靠轨✅(多:❌ 空:✅) | 5.过滤✅(偏:bear 触:10 向:buy) | 6.时效✅(剩:92s) | ==> 综合: 多🔴 空🔴
2026-04-18 00:23:29,886 | [价格] Last:78080.9 | Mark:78085.6 | 延迟:0.0s | aggDelay:0.0s
2026-04-18 00:23:30,583 | [余额同步] 本地模式，初始资金: 10000.0 U
2026-04-18 00:23:30,583 | [账户监控] 无持仓
2026-04-18 00:23:31,173 | [开仓雷达] 1.震荡市:代码✅(评分:80) | 5K❌ | 2.基础✅(K:15 A:157.9 W:345.1) | 3.盈亏比✅(2.95≥1.3 需W>0.0) | 4.靠轨✅(多:❌ 空:✅) | 5.过滤✅(偏:bear 触:10 向:sell) | 6.时效✅(剩:90s) | ==> 综合: 多🔴 空🟢
2026-04-18 00:23:33,287 | [开仓雷达] 1.震荡市:代码✅(评分:80) | 5K❌ | 2.基础✅(K:15 A:157.9 W:345.1) | 3.盈亏比✅(2.95≥1.3 需W>0.0) | 4.靠轨✅(多:❌ 空:✅) | 5.过滤✅(偏:bear 触:10 向:buy) | 6.时效✅(剩:88s) | ==> 综合: 多🔴 空🔴
2026-04-18 00:23:35,626 | [价格] Last:78081.0 | Mark:78085.5 | 延迟:0.0s | aggDelay:0.0s
2026-04-18 00:23:35,626 | [开仓雷达] 1.震荡市:代码✅(评分:80) | 5K❌ | 2.基础✅(K:15 A:157.9 W:345.1) | 3.盈亏比✅(2.95≥1.3 需W>0.0) | 4.靠轨✅(多:❌ 空:✅) | 5.过滤✅(偏:bear 触:10 向:buy) | 6.时效✅(剩:86s) | ==> 综合: 多🔴 空🔴
2026-04-18 00:23:37,660 | [开仓雷达] 1.震荡市:代码✅(评分:80) | 5K❌ | 2.基础✅(K:15 A:157.9 W:345.1) | 3.盈亏比✅(2.95≥1.3 需W>0.0) | 4.靠轨✅(多:❌ 空:✅) | 5.过滤✅(偏:bear 触:10 向:buy) | 6.时效✅(剩:84s) | ==> 综合: 多🔴 空🔴
2026-04-18 00:23:38,584 | [余额同步] 本地模式，初始资金: 10000.0 U
2026-04-18 00:23:38,584 | [账户监控] 无持仓
2026-04-18 00:23:39,708 | [开仓雷达] 1.震荡市:代码✅(评分:80) | 5K❌ | 2.基础✅(K:15 A:157.9 W:345.1) | 3.盈亏比✅(2.95≥1.3 需W>0.0) | 4.靠轨✅(多:❌ 空:✅) | 5.过滤✅(偏:bear 触:10 向:buy) | 6.时效✅(剩:82s) | ==> 综合: 多🔴 空🔴
2026-04-18 00:23:41,041 | [价格] Last:78080.9 | Mark:78086.0 | 延迟:0.0s | aggDelay:0.0s
2026-04-18 00:23:41,729 | [开仓雷达] 1.震荡市:代码✅(评分:80) | 5K❌ | 2.基础✅(K:15 A:157.9 W:345.1) | 3.盈亏比✅(2.95≥1.3 需W>0.0) | 4.靠轨✅(多:❌ 空:✅) | 5.过滤✅(偏:bear 触:10 向:buy) | 6.时效✅(剩:80s) | ==> 综合: 多🔴 空🔴
2026-04-18 00:23:43,927 | [开仓雷达] 1.震荡市:代码✅(评分:80) | 5K❌ | 2.基础✅(K:15 A:157.9 W:345.1) | 3.盈亏比✅(2.95≥1.3 需W>0.0) | 4.靠轨✅(多:❌ 空:✅) | 5.过滤✅(偏:bear 触:10 向:sell) | 6.时效✅(剩:77s) | ==> 综合: 多🔴 空🟢
2026-04-18 00:23:46,171 | [价格] Last:78080.9 | Mark:78059.67685771 | 延迟:0.0s | aggDelay:0.7s
2026-04-18 00:23:46,173 | [开仓雷达] 1.震荡市:代码✅(评分:80) | 5K❌ | 2.基础✅(K:15 A:157.9 W:345.1) | 3.盈亏比✅(2.95≥1.3 需W>0.0) | 4.靠轨✅(多:❌ 空:✅) | 5.过滤✅(偏:bear 触:10 向:sell) | 6.时效✅(剩:75s) | ==> 综合: 多🔴 空🟢
2026-04-18 00:23:46,584 | [余额同步] 本地模式，初始资金: 10000.0 U
2026-04-18 00:23:46,584 | [账户监控] 无持仓
2026-04-18 00:23:48,395 | [开仓雷达] 1.震荡市:代码✅(评分:80) | 5K❌ | 2.基础✅(K:15 A:157.9 W:345.1) | 3.盈亏比✅(2.95≥1.3 需W>0.0) | 4.靠轨✅(多:❌ 空:✅) | 5.过滤✅(偏:bear 触:10 向:buy) | 6.时效✅(剩:73s) | ==> 综合: 多🔴 空🔴
2026-04-18 00:23:50,506 | [开仓雷达] 1.震荡市:代码✅(评分:80) | 5K❌ | 2.基础✅(K:15 A:157.9 W:345.1) | 3.盈亏比✅(2.95≥1.3 需W>0.0) | 4.靠轨✅(多:❌ 空:✅) | 5.过滤✅(偏:bear 触:10 向:buy) | 6.时效✅(剩:71s) | ==> 综合: 多🔴 空🔴
2026-04-18 00:23:51,202 | [价格] Last:78080.9 | Mark:78080.8 | 延迟:0.0s | aggDelay:0.0s
2026-04-18 00:23:52,533 | [开仓雷达] 1.震荡市:代码✅(评分:80) | 5K❌ | 2.基础✅(K:15 A:157.9 W:345.1) | 3.盈亏比✅(2.95≥1.3 需W>0.0) | 4.靠轨✅(多:❌ 空:✅) | 5.过滤✅(偏:bear 触:10 向:buy) | 6.时效✅(剩:69s) | ==> 综合: 多🔴 空🔴
2026-04-18 00:23:54,563 | [开仓雷达] 1.震荡市:代码✅(评分:80) | 5K❌ | 2.基础✅(K:15 A:157.9 W:345.1) | 3.盈亏比✅(2.95≥1.3 需W>0.0) | 4.靠轨✅(多:❌ 空:✅) | 5.过滤✅(偏:neutral 触:10 向:buy) | 6.时效✅(剩:67s) | ==> 综合: 多🔴 空🔴
2026-04-18 00:23:54,584 | [余额同步] 本地模式，初始资金: 10000.0 U
2026-04-18 00:23:54,585 | [账户监控] 无持仓
2026-04-18 00:23:56,306 | [价格] Last:78081.0 | Mark:78240.2 | 延迟:0.0s | aggDelay:0.0s
2026-04-18 00:23:56,757 | [开仓雷达] 1.震荡市:代码✅(评分:80) | 5K❌ | 2.基础✅(K:15 A:157.9 W:345.1) | 3.盈亏比✅(2.95≥1.3 需W>0.0) | 4.靠轨✅(多:❌ 空:✅) | 5.过滤✅(偏:bull 触:10 向:buy) | 6.时效✅(剩:65s) | ==> 综合: 多🔴 空🔴
2026-04-18 00:23:58,950 | [开仓雷达] 1.震荡市:代码✅(评分:80) | 5K❌ | 2.基础✅(K:15 A:157.9 W:345.1) | 3.盈亏比✅(2.95≥1.3 需W>0.0) | 4.靠轨✅(多:❌ 空:✅) | 5.过滤✅(偏:bear 触:10 向:sell) | 6.时效✅(剩:62s) | ==> 综合: 多🔴 空🟢
2026-04-18 00:24:01,143 | [开仓雷达] 1.震荡市:代码✅(评分:80) | 5K❌ | 2.基础✅(K:15 A:157.9 W:345.1) | 3.盈亏比✅(2.95≥1.3 需W>0.0) | 4.靠轨✅(多:❌ 空:✅) | 5.过滤✅(偏:bear 触:10 向:buy) | 6.时效✅(剩:60s) | ==> 综合: 多🔴 空🔴
2026-04-18 00:24:01,470 | [价格] Last:78080.0 | Mark:78239.9 | 延迟:0.0s | aggDelay:0.0s
2026-04-18 00:24:02,585 | [余额同步] 本地模式，初始资金: 10000.0 U
2026-04-18 00:24:02,585 | [账户监控] 无持仓
2026-04-18 00:24:03,358 | [开仓雷达] 1.震荡市:代码✅(评分:90) | 5K❌ | 2.基础✅(K:15 A:150.3 W:354.5) | 3.盈亏比✅(3.03≥1.3 需W>0.0) | 4.靠轨✅(多:❌ 空:✅) | 5.过滤✅(偏:bear 触:10 向:buy) | 6.时效✅(剩:58s) | ==> 综合: 多🔴 空🔴
2026-04-18 00:24:05,384 | [开仓雷达] 1.震荡市:代码✅(评分:90) | 5K❌ | 2.基础✅(K:15 A:150.3 W:354.5) | 3.盈亏比✅(3.03≥1.3 需W>0.0) | 4.靠轨✅(多:❌ 空:✅) | 5.过滤✅(偏:bear 触:10 向:buy) | 6.时效✅(剩:56s) | ==> 综合: 多🔴 空🔴
2026-04-18 00:24:07,012 | [价格] Last:78089.3 | Mark:78223.16224638 | 延迟:0.0s | aggDelay:0.0s
2026-04-18 00:24:09,554 | [开仓雷达] 1.震荡市:代码✅(评分:90) | 5K❌ | 2.基础✅(K:15 A:150.3 W:354.5) | 3.盈亏比✅(3.03≥1.3 需W>0.0) | 4.靠轨✅(多:❌ 空:✅) | 5.过滤✅(偏:bear 触:10 向:sell) | 6.时效✅(剩:52s) | ==> 综合: 多🔴 空🟢
2026-04-18 00:24:10,586 | [余额同步] 本地模式，初始资金: 10000.0 U
2026-04-18 00:24:10,586 | [账户监控] 无持仓
2026-04-18 00:24:11,784 | [开仓雷达] 1.震荡市:代码✅(评分:90) | 5K❌ | 2.基础✅(K:15 A:150.3 W:354.5) | 3.盈亏比✅(3.03≥1.3 需W>0.0) | 4.靠轨✅(多:❌ 空:✅) | 5.过滤✅(偏:bear 触:10 向:buy) | 6.时效✅(剩:49s) | ==> 综合: 多🔴 空🔴
2026-04-18 00:24:13,180 | [价格] Last:78090.2 | Mark:78159.45251812 | 延迟:0.0s | aggDelay:1.2s
2026-04-18 00:24:14,052 | [开仓雷达] 1.震荡市:代码✅(评分:90) | 5K❌ | 2.基础✅(K:15 A:150.3 W:354.5) | 3.盈亏比✅(3.03≥1.3 需W>0.0) | 4.靠轨✅(多:❌ 空:✅) | 5.过滤✅(偏:bear 触:10 向:buy) | 6.时效✅(剩:47s) | ==> 综合: 多🔴 空🔴
2026-04-18 00:24:16,134 | [开仓雷达] 1.震荡市:代码✅(评分:90) | 5K❌ | 2.基础✅(K:15 A:150.3 W:354.5) | 3.盈亏比✅(3.03≥1.3 需W>0.0) | 4.靠轨✅(多:❌ 空:✅) | 5.过滤✅(偏:bear 触:10 向:buy) | 6.时效✅(剩:45s) | ==> 综合: 多🔴 空🔴
2026-04-18 00:24:18,325 | [价格] Last:78090.3 | Mark:78153.02143116 | 延迟:0.0s | aggDelay:0.0s
2026-04-18 00:24:18,325 | [开仓雷达] 1.震荡市:代码✅(评分:90) | 5K❌ | 2.基础✅(K:15 A:150.3 W:354.5) | 3.盈亏比✅(3.03≥1.3 需W>0.0) | 4.靠轨✅(多:❌ 空:✅) | 5.过滤✅(偏:bear 触:10 向:sell) | 6.时效✅(剩:43s) | ==> 综合: 多🔴 空🟢
2026-04-18 00:24:18,586 | [余额同步] 本地模式，初始资金: 10000.0 U
2026-04-18 00:24:18,586 | [账户监控] 无持仓
2026-04-18 00:24:20,373 | [开仓雷达] 1.震荡市:代码✅(评分:90) | 5K❌ | 2.基础✅(K:15 A:150.3 W:354.5) | 3.盈亏比✅(3.03≥1.3 需W>0.0) | 4.靠轨✅(多:❌ 空:✅) | 5.过滤✅(偏:bear 触:10 向:buy) | 6.时效✅(剩:41s) | ==> 综合: 多🔴 空🔴
2026-04-18 00:24:22,511 | [开仓雷达] 1.震荡市:代码✅(评分:90) | 5K❌ | 2.基础✅(K:15 A:150.3 W:354.5) | 3.盈亏比✅(3.03≥1.3 需W>0.0) | 4.靠轨✅(多:❌ 空:✅) | 5.过滤✅(偏:bear 触:10 向:sell) | 6.时效✅(剩:39s) | ==> 综合: 多🔴 空🟢
2026-04-18 00:24:23,419 | [价格] Last:78090.4 | Mark:78118.14873188 | 延迟:0.0s | aggDelay:0.0s
2026-04-18 00:24:25,206 | [开仓雷达] 1.震荡市:代码✅(评分:90) | 5K❌ | 2.基础✅(K:15 A:150.3 W:354.5) | 3.盈亏比✅(3.03≥1.3 需W>0.0) | 4.靠轨✅(多:❌ 空:✅) | 5.过滤✅(偏:bear 触:10 向:sell) | 6.时效✅(剩:36s) | ==> 综合: 多🔴 空🟢
2026-04-18 00:24:26,587 | [余额同步] 本地模式，初始资金: 10000.0 U
2026-04-18 00:24:26,587 | [账户监控] 无持仓
2026-04-18 00:24:27,278 | [开仓雷达] 1.震荡市:代码✅(评分:90) | 5K❌ | 2.基础✅(K:15 A:150.3 W:354.5) | 3.盈亏比✅(3.03≥1.3 需W>0.0) | 4.靠轨✅(多:❌ 空:✅) | 5.过滤✅(偏:bear 触:10 向:sell) | 6.时效✅(剩:34s) | ==> 综合: 多🔴 空🟢
2026-04-18 00:24:28,953 | [价格] Last:78090.4 | Mark:78094.03201087 | 延迟:0.0s | aggDelay:0.0s
2026-04-18 00:24:29,916 | [开仓雷达] 1.震荡市:代码✅(评分:90) | 5K❌ | 2.基础✅(K:15 A:150.3 W:354.5) | 3.盈亏比✅(3.03≥1.3 需W>0.0) | 4.靠轨✅(多:❌ 空:✅) | 5.过滤✅(偏:bear 触:10 向:sell) | 6.时效✅(剩:31s) | ==> 综合: 多🔴 空🟢
2026-04-18 00:24:32,041 | [开仓雷达] 1.震荡市:代码✅(评分:90) | 5K❌ | 2.基础✅(K:15 A:150.3 W:354.5) | 3.盈亏比✅(3.03≥1.3 需W>0.0) | 4.靠轨❌(多:❌ 空:❌) | 5.过滤✅(偏:bear 触:10 向:sell) | 6.时效✅(剩:29s) | ==> 综合: 多🔴 空🔴
2026-04-18 00:24:33,957 | [价格] Last:78080.7 | Mark:78098.52605072 | 延迟:0.0s | aggDelay:0.0s
2026-04-18 00:24:34,162 | [开仓雷达] 1.震荡市:代码✅(评分:90) | 5K❌ | 2.基础✅(K:15 A:150.3 W:354.5) | 3.盈亏比✅(3.03≥1.3 需W>0.0) | 4.靠轨✅(多:❌ 空:✅) | 5.过滤✅(偏:bear 触:10 向:buy) | 6.时效✅(剩:27s) | ==> 综合: 多🔴 空🔴
2026-04-18 00:24:34,587 | [余额同步] 本地模式，初始资金: 10000.0 U
2026-04-18 00:24:34,587 | [账户监控] 无持仓
2026-04-18 00:24:36,256 | [开仓雷达] 1.震荡市:代码✅(评分:90) | 5K❌ | 2.基础✅(K:15 A:150.3 W:354.5) | 3.盈亏比✅(3.03≥1.3 需W>0.0) | 4.靠轨✅(多:❌ 空:✅) | 5.过滤✅(偏:bear 触:10 向:sell) | 6.时效✅(剩:25s) | ==> 综合: 多🔴 空🟢
2026-04-18 00:24:38,513 | [开仓雷达] 1.震荡市:代码✅(评分:90) | 5K❌ | 2.基础✅(K:15 A:150.3 W:354.5) | 3.盈亏比✅(3.03≥1.3 需W>0.0) | 4.靠轨❌(多:❌ 空:❌) | 5.过滤✅(偏:bull 触:10 向:sell) | 6.时效✅(剩:23s) | ==> 综合: 多🔴 空🔴
2026-04-18 00:24:39,781 | [价格] Last:78080.0 | Mark:78088.44141304 | 延迟:0.0s | aggDelay:0.0s
2026-04-18 00:24:40,811 | [开仓雷达] 1.震荡市:代码✅(评分:90) | 5K❌ | 2.基础✅(K:15 A:150.3 W:354.5) | 3.盈亏比✅(3.03≥1.3 需W>0.0) | 4.靠轨❌(多:❌ 空:❌) | 5.过滤✅(偏:bull 触:10 向:sell) | 6.时效✅(剩:20s) | ==> 综合: 多🔴 空🔴
2026-04-18 00:24:42,588 | [余额同步] 本地模式，初始资金: 10000.0 U
2026-04-18 00:24:42,588 | [账户监控] 无持仓
2026-04-18 00:24:43,112 | [开仓雷达] 1.震荡市:代码✅(评分:90) | 5K❌ | 2.基础✅(K:15 A:150.3 W:354.5) | 3.盈亏比✅(3.03≥1.3 需W>0.0) | 4.靠轨❌(多:❌ 空:❌) | 5.过滤✅(偏:bear 触:10 向:sell) | 6.时效✅(剩:18s) | ==> 综合: 多🔴 空🔴
2026-04-18 00:24:44,808 | [价格] Last:78080.0 | Mark:78089.74291667 | 延迟:0.0s | aggDelay:0.0s
2026-04-18 00:24:45,493 | [开仓雷达] 1.震荡市:代码✅(评分:90) | 5K❌ | 2.基础✅(K:15 A:150.3 W:354.5) | 3.盈亏比✅(3.03≥1.3 需W>0.0) | 4.靠轨❌(多:❌ 空:❌) | 5.过滤✅(偏:bear 触:10 向:sell) | 6.时效✅(剩:16s) | ==> 综合: 多🔴 空🔴
2026-04-18 00:24:47,582 | [开仓雷达] 1.震荡市:代码✅(评分:90) | 5K❌ | 2.基础✅(K:15 A:150.3 W:354.5) | 3.盈亏比✅(3.03≥1.3 需W>0.0) | 4.靠轨❌(多:❌ 空:❌) | 5.过滤✅(偏:bull 触:10 向:sell) | 6.时效✅(剩:14s) | ==> 综合: 多🔴 空🔴
2026-04-18 00:24:49,654 | [开仓雷达] 1.震荡市:代码✅(评分:90) | 5K❌ | 2.基础✅(K:15 A:150.3 W:354.5) | 3.盈亏比✅(3.03≥1.3 需W>0.0) | 4.靠轨❌(多:❌ 空:❌) | 5.过滤✅(偏:bull 触:10 向:sell) | 6.时效✅(剩:12s) | ==> 综合: 多🔴 空🔴
2026-04-18 00:24:49,869 | [价格] Last:78080.6 | Mark:78069.92117754 | 延迟:0.0s | aggDelay:0.0s
2026-04-18 00:24:50,589 | [余额同步] 本地模式，初始资金: 10000.0 U
2026-04-18 00:24:50,589 | [账户监控] 无持仓
2026-04-18 00:24:51,848 | [开仓雷达] 1.震荡市:代码✅(评分:90) | 5K❌ | 2.基础✅(K:15 A:150.3 W:354.5) | 3.盈亏比✅(3.03≥1.3 需W>0.0) | 4.靠轨✅(多:❌ 空:✅) | 5.过滤✅(偏:bear 触:10 向:buy) | 6.时效✅(剩:9s) | ==> 综合: 多🔴 空🔴
2026-04-18 00:24:54,129 | [开仓雷达] 1.震荡市:代码✅(评分:90) | 5K❌ | 2.基础✅(K:15 A:150.3 W:354.5) | 3.盈亏比✅(3.03≥1.3 需W>0.0) | 4.靠轨✅(多:❌ 空:✅) | 5.过滤✅(偏:bear 触:10 向:sell) | 6.时效✅(剩:7s) | ==> 综合: 多🔴 空🟢
2026-04-18 00:24:54,909 | [价格] Last:78080.8 | Mark:78071.66498188 | 延迟:0.0s | aggDelay:0.0s
2026-04-18 00:24:56,185 | [开仓雷达] 1.震荡市:代码✅(评分:90) | 5K❌ | 2.基础✅(K:15 A:150.3 W:354.5) | 3.盈亏比✅(3.03≥1.3 需W>0.0) | 4.靠轨✅(多:❌ 空:✅) | 5.过滤✅(偏:bear 触:10 向:buy) | 6.时效✅(剩:5s) | ==> 综合: 多🔴 空🔴
2026-04-18 00:24:58,225 | [开仓雷达] 1.震荡市:代码✅(评分:90) | 5K❌ | 2.基础✅(K:15 A:150.3 W:354.5) | 3.盈亏比✅(3.03≥1.3 需W>0.0) | 4.靠轨✅(多:❌ 空:✅) | 5.过滤✅(偏:bear 触:10 向:sell) | 6.时效✅(剩:3s) | ==> 综合: 多🔴 空🟢
2026-04-18 00:24:58,589 | [余额同步] 本地模式，初始资金: 10000.0 U
2026-04-18 00:24:58,590 | [账户监控] 无持仓
2026-04-18 00:25:00,171 | [价格] Last:78090.3 | Mark:78074.5 | 延迟:0.0s | aggDelay:0.0s
2026-04-18 00:25:00,795 | [开仓雷达] 1.震荡市:代码✅(评分:90) | 5K❌ | 2.基础✅(K:15 A:150.3 W:354.5) | 3.盈亏比✅(3.03≥1.3 需W>0.0) | 4.靠轨✅(多:❌ 空:✅) | 5.过滤✅(偏:bear 触:10 向:buy) | 6.时效✅(剩:0s) | ==> 综合: 多🔴 空🔴
2026-04-18 00:25:02,932 | [开仓雷达] 1.震荡市:代码✅(评分:90) | 5K❌ | 2.基础✅(K:15 A:127.1 W:354.5) | 3.盈亏比✅(3.03≥1.3 需W>0.0) | 4.靠轨✅(多:❌ 空:✅) | 5.过滤✅(偏:bear 触:10 向:buy) | 6.时效✅(剩:119s) | ==> 综合: 多🔴 空🔴
2026-04-18 00:25:05,387 | [价格] Last:78090.4 | Mark:78109.3 | 延迟:0.0s | aggDelay:0.0s
2026-04-18 00:25:05,387 | [开仓雷达] 1.震荡市:代码✅(评分:90) | 5K❌ | 2.基础✅(K:15 A:127.1 W:354.5) | 3.盈亏比✅(3.03≥1.3 需W>0.0) | 4.靠轨✅(多:❌ 空:✅) | 5.过滤✅(偏:bear 触:10 向:buy) | 6.时效✅(剩:116s) | ==> 综合: 多🔴 空🔴
2026-04-18 00:25:06,590 | [余额同步] 本地模式，初始资金: 10000.0 U
2026-04-18 00:25:06,590 | [账户监控] 无持仓
2026-04-18 00:25:07,405 | [开仓雷达] 1.震荡市:代码✅(评分:90) | 5K❌ | 2.基础✅(K:15 A:127.1 W:354.5) | 3.盈亏比✅(3.03≥1.3 需W>0.0) | 4.靠轨✅(多:❌ 空:✅) | 5.过滤✅(偏:bear 触:10 向:sell) | 6.时效✅(剩:114s) | ==> 综合: 多🔴 空🟢
2026-04-18 00:25:09,528 | [开仓雷达] 1.震荡市:代码✅(评分:90) | 5K❌ | 2.基础✅(K:15 A:127.1 W:354.5) | 3.盈亏比✅(3.03≥1.3 需W>0.0) | 4.靠轨✅(多:❌ 空:✅) | 5.过滤✅(偏:bear 触:10 向:sell) | 6.时效✅(剩:112s) | ==> 综合: 多🔴 空🟢
2026-04-18 00:25:10,628 | [价格] Last:78083.3 | Mark:78181.2 | 延迟:0.0s | aggDelay:0.0s
2026-04-18 00:25:12,865 | [开仓雷达] 1.震荡市:代码✅(评分:90) | 5K❌ | 2.基础✅(K:15 A:127.1 W:354.5) | 3.盈亏比✅(3.03≥1.3 需W>0.0) | 4.靠轨✅(多:❌ 空:✅) | 5.过滤✅(偏:bear 触:10 向:buy) | 6.时效✅(剩:109s) | ==> 综合: 多🔴 空🔴
2026-04-18 00:25:14,590 | [余额同步] 本地模式，初始资金: 10000.0 U
2026-04-18 00:25:14,591 | [账户监控] 无持仓
2026-04-18 00:25:16,170 | [价格] Last:78090.3 | Mark:78178.8 | 延迟:0.0s | aggDelay:1.9s
2026-04-18 00:25:16,171 | [开仓雷达] 1.震荡市:代码✅(评分:90) | 5K❌ | 2.基础✅(K:15 A:127.1 W:354.5) | 3.盈亏比✅(3.03≥1.3 需W>0.0) | 4.靠轨✅(多:❌ 空:✅) | 5.过滤✅(偏:bear 触:10 向:buy) | 6.时效✅(剩:105s) | ==> 综合: 多🔴 空🔴
2026-04-18 00:25:18,581 | [开仓雷达] 1.震荡市:代码✅(评分:90) | 5K❌ | 2.基础✅(K:15 A:127.1 W:354.5) | 3.盈亏比✅(3.03≥1.3 需W>0.0) | 4.靠轨✅(多:❌ 空:✅) | 5.过滤✅(偏:bear 触:10 向:sell) | 6.时效✅(剩:103s) | ==> 综合: 多🔴 空🟢
2026-04-18 00:25:20,628 | [开仓雷达] 1.震荡市:代码✅(评分:90) | 5K❌ | 2.基础✅(K:15 A:127.1 W:354.5) | 3.盈亏比✅(3.03≥1.3 需W>0.0) | 4.靠轨✅(多:❌ 空:✅) | 5.过滤✅(偏:bear 触:10 向:buy) | 6.时效✅(剩:101s) | ==> 综合: 多🔴 空🔴
2026-04-18 00:25:21,300 | [价格] Last:78090.4 | Mark:78160.1 | 延迟:0.0s | aggDelay:0.0s
2026-04-18 00:25:22,591 | [余额同步] 本地模式，初始资金: 10000.0 U
2026-04-18 00:25:22,591 | [账户监控] 无持仓
2026-04-18 00:25:23,538 | [开仓雷达] 1.震荡市:代码✅(评分:90) | 5K❌ | 2.基础✅(K:15 A:127.1 W:354.5) | 3.盈亏比✅(3.03≥1.3 需W>0.0) | 4.靠轨✅(多:❌ 空:✅) | 5.过滤✅(偏:bear 触:10 向:buy) | 6.时效✅(剩:98s) | ==> 综合: 多🔴 空🔴
2026-04-18 00:25:25,638 | [开仓雷达] 1.震荡市:代码✅(评分:90) | 5K❌ | 2.基础✅(K:15 A:127.1 W:354.5) | 3.盈亏比✅(3.03≥1.3 需W>0.0) | 4.靠轨✅(多:❌ 空:✅) | 5.过滤✅(偏:bear 触:10 向:buy) | 6.时效✅(剩:96s) | ==> 综合: 多🔴 空🔴
2026-04-18 00:25:26,384 | [价格] Last:78087.6 | Mark:78146.8 | 延迟:0.0s | aggDelay:0.0s
2026-04-18 00:25:27,907 | [开仓雷达] 1.震荡市:代码✅(评分:90) | 5K❌ | 2.基础✅(K:15 A:127.1 W:354.5) | 3.盈亏比✅(3.03≥1.3 需W>0.0) | 4.靠轨✅(多:❌ 空:✅) | 5.过滤✅(偏:bear 触:10 向:buy) | 6.时效✅(剩:94s) | ==> 综合: 多🔴 空🔴
2026-04-18 00:25:29,981 | [开仓雷达] 1.震荡市:代码✅(评分:90) | 5K❌ | 2.基础✅(K:15 A:127.1 W:354.5) | 3.盈亏比✅(3.03≥1.3 需W>0.0) | 4.靠轨✅(多:❌ 空:✅) | 5.过滤✅(偏:bear 触:10 向:buy) | 6.时效✅(剩:92s) | ==> 综合: 多🔴 空🔴
2026-04-18 00:25:30,592 | [余额同步] 本地模式，初始资金: 10000.0 U
2026-04-18 00:25:30,592 | [账户监控] 无持仓
2026-04-18 00:25:31,690 | [价格] Last:78090.3 | Mark:78154.5 | 延迟:0.0s | aggDelay:0.0s
2026-04-18 00:25:32,255 | [开仓雷达] 1.震荡市:代码✅(评分:90) | 5K❌ | 2.基础✅(K:15 A:127.1 W:354.5) | 3.盈亏比✅(3.03≥1.3 需W>0.0) | 4.靠轨✅(多:❌ 空:✅) | 5.过滤✅(偏:bear 触:10 向:sell) | 6.时效✅(剩:89s) | ==> 综合: 多🔴 空🟢
2026-04-18 00:25:35,252 | [开仓雷达] 1.震荡市:代码✅(评分:90) | 5K❌ | 2.基础✅(K:15 A:127.1 W:354.5) | 3.盈亏比✅(3.03≥1.3 需W>0.0) | 4.靠轨✅(多:❌ 空:✅) | 5.过滤✅(偏:bear 触:10 向:buy) | 6.时效✅(剩:86s) | ==> 综合: 多🔴 空🔴
2026-04-18 00:25:37,163 | [价格] Last:78090.4 | Mark:78121.52112319 | 延迟:0.0s | aggDelay:0.5s
2026-04-18 00:25:37,450 | [开仓雷达] 1.震荡市:代码✅(评分:90) | 5K❌ | 2.基础✅(K:15 A:127.1 W:354.5) | 3.盈亏比✅(3.03≥1.3 需W>0.0) | 4.靠轨✅(多:❌ 空:✅) | 5.过滤✅(偏:bear 触:10 向:buy) | 6.时效✅(剩:84s) | ==> 综合: 多🔴 空🔴
2026-04-18 00:25:38,593 | [余额同步] 本地模式，初始资金: 10000.0 U
2026-04-18 00:25:38,593 | [账户监控] 无持仓
2026-04-18 00:25:39,627 | [开仓雷达] 1.震荡市:代码✅(评分:90) | 5K❌ | 2.基础✅(K:15 A:127.1 W:354.5) | 3.盈亏比✅(3.03≥1.3 需W>0.0) | 4.靠轨✅(多:❌ 空:✅) | 5.过滤✅(偏:bear 触:10 向:sell) | 6.时效✅(剩:82s) | ==> 综合: 多🔴 空🟢
2026-04-18 00:25:41,750 | [开仓雷达] 1.震荡市:代码✅(评分:90) | 5K❌ | 2.基础✅(K:15 A:127.1 W:354.5) | 3.盈亏比✅(3.03≥1.3 需W>0.0) | 4.靠轨✅(多:❌ 空:✅) | 5.过滤✅(偏:bear 触:10 向:buy) | 6.时效✅(剩:80s) | ==> 综合: 多🔴 空🔴
2026-04-18 00:25:42,806 | [价格] Last:78090.4 | Mark:78120.9 | 延迟:0.0s | aggDelay:0.0s
2026-04-18 00:25:43,776 | [开仓雷达] 1.震荡市:代码✅(评分:90) | 5K❌ | 2.基础✅(K:15 A:127.1 W:354.5) | 3.盈亏比✅(3.03≥1.3 需W>0.0) | 4.靠轨✅(多:❌ 空:✅) | 5.过滤✅(偏:bear 触:10 向:buy) | 6.时效✅(剩:78s) | ==> 综合: 多🔴 空🔴
2026-04-18 00:25:45,813 | [开仓雷达] 1.震荡市:代码✅(评分:90) | 5K❌ | 2.基础✅(K:15 A:127.1 W:354.5) | 3.盈亏比✅(3.03≥1.3 需W>0.0) | 4.靠轨✅(多:❌ 空:✅) | 5.过滤✅(偏:bear 触:10 向:buy) | 6.时效✅(剩:76s) | ==> 综合: 多🔴 空🔴
2026-04-18 00:25:46,593 | [余额同步] 本地模式，初始资金: 10000.0 U
2026-04-18 00:25:46,593 | [账户监控] 无持仓
2026-04-18 00:25:48,072 | [价格] Last:78090.4 | Mark:78108.0 | 延迟:0.0s | aggDelay:0.0s
2026-04-18 00:25:48,072 | [开仓雷达] 1.震荡市:代码✅(评分:90) | 5K❌ | 2.基础✅(K:15 A:127.1 W:354.5) | 3.盈亏比✅(3.03≥1.3 需W>0.0) | 4.靠轨✅(多:❌ 空:✅) | 5.过滤✅(偏:bear 触:10 向:buy) | 6.时效✅(剩:74s) | ==> 综合: 多🔴 空🔴
2026-04-18 00:25:50,183 | [开仓雷达] 1.震荡市:代码✅(评分:90) | 5K❌ | 2.基础✅(K:15 A:127.1 W:354.5) | 3.盈亏比✅(3.03≥1.3 需W>0.0) | 4.靠轨✅(多:❌ 空:✅) | 5.过滤✅(偏:bear 触:10 向:buy) | 6.时效✅(剩:71s) | ==> 综合: 多🔴 空🔴
2026-04-18 00:25:52,194 | [开仓雷达] 1.震荡市:代码✅(评分:90) | 5K❌ | 2.基础✅(K:15 A:127.1 W:354.5) | 3.盈亏比✅(3.03≥1.3 需W>0.0) | 4.靠轨✅(多:❌ 空:✅) | 5.过滤✅(偏:bear 触:10 向:buy) | 6.时效✅(剩:69s) | ==> 综合: 多🔴 空🔴
2026-04-18 00:25:53,311 | [价格] Last:78089.4 | Mark:78105.4 | 延迟:0.0s | aggDelay:0.0s
2026-04-18 00:25:54,594 | [余额同步] 本地模式，初始资金: 10000.0 U
2026-04-18 00:25:54,594 | [账户监控] 无持仓
2026-04-18 00:25:55,100 | [开仓雷达] 1.震荡市:代码✅(评分:90) | 5K❌ | 2.基础✅(K:15 A:127.1 W:354.5) | 3.盈亏比✅(3.03≥1.3 需W>0.0) | 4.靠轨✅(多:❌ 空:✅) | 5.过滤✅(偏:bear 触:10 向:buy) | 6.时效✅(剩:67s) | ==> 综合: 多🔴 空🔴
2026-04-18 00:25:57,177 | [开仓雷达] 1.震荡市:代码✅(评分:90) | 5K❌ | 2.基础✅(K:15 A:127.1 W:354.5) | 3.盈亏比✅(3.03≥1.3 需W>0.0) | 4.靠轨✅(多:❌ 空:✅) | 5.过滤✅(偏:bear 触:10 向:buy) | 6.时效✅(剩:64s) | ==> 综合: 多🔴 空🔴
2026-04-18 00:25:58,533 | [价格] Last:78089.4 | Mark:78131.0 | 延迟:0.0s | aggDelay:0.0s
2026-04-18 00:25:59,292 | [开仓雷达] 1.震荡市:代码✅(评分:90) | 5K❌ | 2.基础✅(K:15 A:127.1 W:354.5) | 3.盈亏比✅(3.03≥1.3 需W>0.0) | 4.靠轨✅(多:❌ 空:✅) | 5.过滤✅(偏:bear 触:10 向:buy) | 6.时效✅(剩:62s) | ==> 综合: 多🔴 空🔴
2026-04-18 00:26:01,731 | [开仓雷达] 1.震荡市:代码✅(评分:90) | 5K✅ | 2.基础✅(K:15 A:107.0 W:354.5) | 3.盈亏比✅(3.03≥1.3 需W>0.0) | 4.靠轨✅(多:❌ 空:✅) | 5.过滤✅(偏:neutral 触:10 向:buy) | 6.时效✅(剩:60s) | ==> 综合: 多🔴 空🔴
2026-04-18 00:26:02,594 | [余额同步] 本地模式，初始资金: 10000.0 U
2026-04-18 00:26:02,595 | [账户监控] 无持仓
2026-04-18 00:26:03,578 | [价格] Last:78087.8 | Mark:78125.7 | 延迟:0.0s | aggDelay:0.0s
2026-04-18 00:26:03,808 | [开仓雷达] 1.震荡市:代码✅(评分:90) | 5K✅ | 2.基础✅(K:15 A:107.0 W:354.5) | 3.盈亏比✅(3.03≥1.3 需W>0.0) | 4.靠轨✅(多:❌ 空:✅) | 5.过滤✅(偏:neutral 触:10 向:buy) | 6.时效✅(剩:58s) | ==> 综合: 多🔴 空🔴
2026-04-18 00:26:06,237 | [开仓雷达] 1.震荡市:代码✅(评分:90) | 5K✅ | 2.基础✅(K:15 A:107.0 W:354.5) | 3.盈亏比✅(3.03≥1.3 需W>0.0) | 4.靠轨✅(多:❌ 空:✅) | 5.过滤✅(偏:neutral 触:10 向:buy) | 6.时效✅(剩:55s) | ==> 综合: 多🔴 空🔴
2026-04-18 00:26:08,416 | [开仓雷达] 1.震荡市:代码✅(评分:90) | 5K✅ | 2.基础✅(K:15 A:107.0 W:354.5) | 3.盈亏比✅(3.03≥1.3 需W>0.0) | 4.靠轨❌(多:❌ 空:❌) | 5.过滤✅(偏:neutral 触:10 向:buy) | 6.时效✅(剩:53s) | ==> 综合: 多🔴 空🔴
2026-04-18 00:26:08,894 | [价格] Last:78080.1 | Mark:78128.3 | 延迟:0.0s | aggDelay:0.0s
2026-04-18 00:26:10,538 | [开仓雷达] 1.震荡市:代码✅(评分:90) | 5K✅ | 2.基础✅(K:15 A:107.0 W:354.5) | 3.盈亏比✅(3.03≥1.3 需W>0.0) | 4.靠轨❌(多:❌ 空:❌) | 5.过滤✅(偏:neutral 触:10 向:sell) | 6.时效✅(剩:51s) | ==> 综合: 多🔴 空🔴
2026-04-18 00:26:10,595 | [余额同步] 本地模式，初始资金: 10000.0 U
2026-04-18 00:26:10,595 | [账户监控] 无持仓
2026-04-18 00:26:13,139 | [开仓雷达] 1.震荡市:代码✅(评分:90) | 5K✅ | 2.基础✅(K:15 A:107.0 W:354.5) | 3.盈亏比✅(3.03≥1.3 需W>0.0) | 4.靠轨❌(多:❌ 空:❌) | 5.过滤✅(偏:neutral 触:10 向:buy) | 6.时效✅(剩:48s) | ==> 综合: 多🔴 空🔴
2026-04-18 00:26:14,204 | [价格] Last:78080.1 | Mark:78105.89382246 | 延迟:0.0s | aggDelay:0.0s
2026-04-18 00:26:15,604 | [开仓雷达] 1.震荡市:代码✅(评分:90) | 5K✅ | 2.基础✅(K:15 A:107.0 W:354.5) | 3.盈亏比✅(3.03≥1.3 需W>0.0) | 4.靠轨❌(多:❌ 空:❌) | 5.过滤✅(偏:neutral 触:10 向:buy) | 6.时效✅(剩:46s) | ==> 综合: 多🔴 空🔴
2026-04-18 00:26:17,935 | [开仓雷达] 1.震荡市:代码✅(评分:90) | 5K✅ | 2.基础✅(K:15 A:107.0 W:354.5) | 3.盈亏比✅(3.03≥1.3 需W>0.0) | 4.靠轨❌(多:❌ 空:❌) | 5.过滤✅(偏:neutral 触:10 向:buy) | 6.时效✅(剩:44s) | ==> 综合: 多🔴 空🔴
2026-04-18 00:26:18,596 | [余额同步] 本地模式，初始资金: 10000.0 U
2026-04-18 00:26:18,596 | [账户监控] 无持仓
2026-04-18 00:26:19,229 | [价格] Last:78080.1 | Mark:78128.1 | 延迟:0.0s | aggDelay:0.0s
2026-04-18 00:26:20,221 | [开仓雷达] 1.震荡市:代码✅(评分:90) | 5K✅ | 2.基础✅(K:15 A:107.0 W:354.5) | 3.盈亏比✅(3.03≥1.3 需W>0.0) | 4.靠轨❌(多:❌ 空:❌) | 5.过滤✅(偏:neutral 触:10 向:buy) | 6.时效✅(剩:41s) | ==> 综合: 多🔴 空🔴
2026-04-18 00:26:22,450 | [开仓雷达] 1.震荡市:代码✅(评分:90) | 5K✅ | 2.基础✅(K:15 A:107.0 W:354.5) | 3.盈亏比✅(3.03≥1.3 需W>0.0) | 4.靠轨❌(多:❌ 空:❌) | 5.过滤✅(偏:neutral 触:10 向:buy) | 6.时效✅(剩:39s) | ==> 综合: 多🔴 空🔴
2026-04-18 00:26:24,232 | [价格] Last:78080.1 | Mark:78115.2 | 延迟:0.0s | aggDelay:0.0s
2026-04-18 00:26:24,879 | [开仓雷达] 1.震荡市:代码✅(评分:90) | 5K✅ | 2.基础✅(K:15 A:107.0 W:354.5) | 3.盈亏比✅(3.03≥1.3 需W>0.0) | 4.靠轨❌(多:❌ 空:❌) | 5.过滤✅(偏:neutral 触:10 向:buy) | 6.时效✅(剩:37s) | ==> 综合: 多🔴 空🔴
2026-04-18 00:26:26,596 | [余额同步] 本地模式，初始资金: 10000.0 U
2026-04-18 00:26:26,596 | [账户监控] 无持仓
2026-04-18 00:26:27,032 | [开仓雷达] 1.震荡市:代码✅(评分:90) | 5K✅ | 2.基础✅(K:15 A:107.0 W:354.5) | 3.盈亏比✅(3.03≥1.3 需W>0.0) | 4.靠轨❌(多:❌ 空:❌) | 5.过滤✅(偏:neutral 触:10 向:sell) | 6.时效✅(剩:35s) | ==> 综合: 多🔴 空🔴
2026-04-18 00:26:29,720 | [价格] Last:78080.1 | Mark:78149.1 | 延迟:0.0s | aggDelay:0.0s
2026-04-18 00:26:29,720 | [开仓雷达] 1.震荡市:代码✅(评分:90) | 5K✅ | 2.基础✅(K:15 A:107.0 W:354.5) | 3.盈亏比✅(3.03≥1.3 需W>0.0) | 4.靠轨❌(多:❌ 空:❌) | 5.过滤✅(偏:neutral 触:10 向:buy) | 6.时效✅(剩:32s) | ==> 综合: 多🔴 空🔴
2026-04-18 00:26:31,906 | [开仓雷达] 1.震荡市:代码✅(评分:90) | 5K✅ | 2.基础✅(K:15 A:107.0 W:354.5) | 3.盈亏比✅(3.03≥1.3 需W>0.0) | 4.靠轨✅(多:❌ 空:✅) | 5.过滤✅(偏:bear 触:10 向:buy) | 6.时效✅(剩:30s) | ==> 综合: 多🔴 空🔴
2026-04-18 00:26:34,172 | [开仓雷达] 1.震荡市:代码✅(评分:90) | 5K✅ | 2.基础✅(K:15 A:107.0 W:354.5) | 3.盈亏比✅(3.03≥1.3 需W>0.0) | 4.靠轨✅(多:❌ 空:✅) | 5.过滤✅(偏:bear 触:10 向:buy) | 6.时效✅(剩:27s) | ==> 综合: 多🔴 空🔴
2026-04-18 00:26:34,597 | [余额同步] 本地模式，初始资金: 10000.0 U
2026-04-18 00:26:34,597 | [账户监控] 无持仓
2026-04-18 00:26:34,740 | [价格] Last:78092.2 | Mark:78159.3 | 延迟:0.0s | aggDelay:0.0s
2026-04-18 00:26:36,854 | [开仓雷达] 1.震荡市:代码✅(评分:90) | 5K✅ | 2.基础✅(K:15 A:107.0 W:354.5) | 3.盈亏比✅(3.03≥1.3 需W>0.0) | 4.靠轨✅(多:❌ 空:✅) | 5.过滤✅(偏:bear 触:10 向:buy) | 6.时效✅(剩:25s) | ==> 综合: 多🔴 空🔴
2026-04-18 00:26:39,067 | [开仓雷达] 1.震荡市:代码✅(评分:90) | 5K✅ | 2.基础✅(K:15 A:107.0 W:354.5) | 3.盈亏比✅(3.03≥1.3 需W>0.0) | 4.靠轨✅(多:❌ 空:✅) | 5.过滤✅(偏:bear 触:10 向:buy) | 6.时效✅(剩:23s) | ==> 综合: 多🔴 空🔴
2026-04-18 00:26:39,867 | [价格] Last:78097.3 | Mark:78143.4 | 延迟:0.0s | aggDelay:0.0s
2026-04-18 00:26:41,462 | [开仓雷达] 1.震荡市:代码✅(评分:90) | 5K✅ | 2.基础✅(K:15 A:107.0 W:354.5) | 3.盈亏比✅(3.03≥1.3 需W>0.0) | 4.靠轨✅(多:❌ 空:✅) | 5.过滤✅(偏:bear 触:10 向:buy) | 6.时效✅(剩:20s) | ==> 综合: 多🔴 空🔴
2026-04-18 00:26:42,597 | [余额同步] 本地模式，初始资金: 10000.0 U
2026-04-18 00:26:42,597 | [账户监控] 无持仓
2026-04-18 00:26:43,698 | [开仓雷达] 1.震荡市:代码✅(评分:90) | 5K✅ | 2.基础✅(K:15 A:107.0 W:354.5) | 3.盈亏比✅(3.03≥1.3 需W>0.0) | 4.靠轨✅(多:❌ 空:✅) | 5.过滤✅(偏:bull 触:10 向:sell) | 6.时效✅(剩:18s) | ==> 综合: 多🔴 空🟢
2026-04-18 00:26:46,006 | [价格] Last:78099.9 | Mark:78143.4 | 延迟:0.0s | aggDelay:0.0s
2026-04-18 00:26:46,006 | [开仓雷达] 1.震荡市:代码✅(评分:90) | 5K✅ | 2.基础✅(K:15 A:107.0 W:354.5) | 3.盈亏比✅(3.03≥1.3 需W>0.0) | 4.靠轨✅(多:❌ 空:✅) | 5.过滤✅(偏:bear 触:10 向:buy) | 6.时效✅(剩:16s) | ==> 综合: 多🔴 空🔴
2026-04-18 00:26:48,749 | [开仓雷达] 1.震荡市:代码✅(评分:90) | 5K✅ | 2.基础✅(K:15 A:107.0 W:354.5) | 3.盈亏比✅(3.03≥1.3 需W>0.0) | 4.靠轨✅(多:❌ 空:✅) | 5.过滤✅(偏:bear 触:10 向:buy) | 6.时效✅(剩:13s) | ==> 综合: 多🔴 空🔴
2026-04-18 00:26:50,598 | [余额同步] 本地模式，初始资金: 10000.0 U
2026-04-18 00:26:50,598 | [账户监控] 无持仓
2026-04-18 00:26:50,911 | [开仓雷达] 1.震荡市:代码✅(评分:90) | 5K✅ | 2.基础✅(K:15 A:107.0 W:354.5) | 3.盈亏比✅(3.03≥1.3 需W>0.0) | 4.靠轨✅(多:❌ 空:✅) | 5.过滤✅(偏:neutral 触:10 向:buy) | 6.时效✅(剩:11s) | ==> 综合: 多🔴 空🔴
2026-04-18 00:26:51,075 | [价格] Last:78100.0 | Mark:78143.3 | 延迟:0.0s | aggDelay:0.0s
2026-04-18 00:26:52,979 | [开仓雷达] 1.震荡市:代码✅(评分:90) | 5K✅ | 2.基础✅(K:15 A:107.0 W:354.5) | 3.盈亏比✅(3.03≥1.3 需W>0.0) | 4.靠轨✅(多:❌ 空:✅) | 5.过滤✅(偏:bear 触:10 向:buy) | 6.时效✅(剩:9s) | ==> 综合: 多🔴 空🔴
2026-04-18 00:26:54,991 | [开仓雷达] 1.震荡市:代码✅(评分:90) | 5K✅ | 2.基础✅(K:15 A:107.0 W:354.5) | 3.盈亏比✅(3.03≥1.3 需W>0.0) | 4.靠轨✅(多:❌ 空:✅) | 5.过滤✅(偏:bear 触:10 向:buy) | 6.时效✅(剩:7s) | ==> 综合: 多🔴 空🔴
2026-04-18 00:26:56,115 | [价格] Last:78099.9 | Mark:78143.2 | 延迟:0.0s | aggDelay:0.0s
2026-04-18 00:26:57,172 | [开仓雷达] 1.震荡市:代码✅(评分:90) | 5K✅ | 2.基础✅(K:15 A:107.0 W:354.5) | 3.盈亏比✅(3.03≥1.3 需W>0.0) | 4.靠轨✅(多:❌ 空:✅) | 5.过滤✅(偏:bear 触:10 向:buy) | 6.时效✅(剩:4s) | ==> 综合: 多🔴 空🔴
2026-04-18 00:26:58,598 | [余额同步] 本地模式，初始资金: 10000.0 U
2026-04-18 00:26:58,598 | [账户监控] 无持仓
2026-04-18 00:26:59,286 | [开仓雷达] 1.震荡市:代码✅(评分:90) | 5K✅ | 2.基础✅(K:15 A:107.0 W:354.5) | 3.盈亏比✅(3.03≥1.3 需W>0.0) | 4.靠轨✅(多:❌ 空:✅) | 5.过滤✅(偏:bear 触:10 向:buy) | 6.时效✅(剩:2s) | ==> 综合: 多🔴 空🔴
2026-04-18 00:27:01,177 | [价格] Last:78100.0 | Mark:78132.90143116 | 延迟:0.0s | aggDelay:0.5s
2026-04-18 00:27:01,801 | [开仓雷达] 1.震荡市:代码✅(评分:75) | 5K✅ | 2.基础✅(K:15 A:89.4 W:316.1) | 3.盈亏比✅(2.70≥1.3 需W>0.0) | 4.靠轨✅(多:❌ 空:✅) | 5.过滤✅(偏:neutral 触:2 向:buy) | 6.时效✅(剩:119s) | ==> 综合: 多🔴 空🔴
2026-04-18 00:27:04,173 | [开仓雷达] 1.震荡市:代码✅(评分:75) | 5K✅ | 2.基础✅(K:15 A:89.4 W:316.1) | 3.盈亏比✅(2.70≥1.3 需W>0.0) | 4.靠轨✅(多:❌ 空:✅) | 5.过滤✅(偏:neutral 触:6 向:buy) | 6.时效✅(剩:117s) | ==> 综合: 多🔴 空🔴
2026-04-18 00:27:06,287 | [价格] Last:78100.0 | Mark:78143.3 | 延迟:0.0s | aggDelay:0.0s
2026-04-18 00:27:06,287 | [开仓雷达] 1.震荡市:代码✅(评分:75) | 5K✅ | 2.基础✅(K:15 A:89.4 W:316.1) | 3.盈亏比✅(2.70≥1.3 需W>0.0) | 4.靠轨✅(多:❌ 空:✅) | 5.过滤✅(偏:neutral 触:10 向:buy) | 6.时效✅(剩:115s) | ==> 综合: 多🔴 空🔴
2026-04-18 00:27:06,598 | [余额同步] 本地模式，初始资金: 10000.0 U
2026-04-18 00:27:06,598 | [账户监控] 无持仓
2026-04-18 00:27:08,529 | [开仓雷达] 1.震荡市:代码✅(评分:75) | 5K✅ | 2.基础✅(K:15 A:89.4 W:316.1) | 3.盈亏比✅(2.70≥1.3 需W>0.0) | 4.靠轨✅(多:❌ 空:✅) | 5.过滤✅(偏:neutral 触:10 向:sell) | 6.时效✅(剩:113s) | ==> 综合: 多🔴 空🟢
2026-04-18 00:27:10,710 | [开仓雷达] 1.震荡市:代码✅(评分:75) | 5K✅ | 2.基础✅(K:15 A:89.4 W:316.1) | 3.盈亏比✅(2.70≥1.3 需W>0.0) | 4.靠轨✅(多:❌ 空:✅) | 5.过滤✅(偏:neutral 触:10 向:buy) | 6.时效✅(剩:110s) | ==> 综合: 多🔴 空🔴
2026-04-18 00:27:11,464 | [价格] Last:78100.0 | Mark:78130.5 | 延迟:0.0s | aggDelay:0.0s
2026-04-18 00:27:12,812 | [开仓雷达] 1.震荡市:代码✅(评分:75) | 5K✅ | 2.基础✅(K:15 A:89.4 W:316.1) | 3.盈亏比✅(2.70≥1.3 需W>0.0) | 4.靠轨✅(多:❌ 空:✅) | 5.过滤✅(偏:neutral 触:10 向:buy) | 6.时效✅(剩:108s) | ==> 综合: 多🔴 空🔴
2026-04-18 00:27:14,599 | [余额同步] 本地模式，初始资金: 10000.0 U
2026-04-18 00:27:14,599 | [账户监控] 无持仓
2026-04-18 00:27:15,014 | [开仓雷达] 1.震荡市:代码✅(评分:75) | 5K✅ | 2.基础✅(K:15 A:89.4 W:316.1) | 3.盈亏比✅(2.70≥1.3 需W>0.0) | 4.靠轨✅(多:❌ 空:✅) | 5.过滤✅(偏:neutral 触:10 向:buy) | 6.时效✅(剩:106s) | ==> 综合: 多🔴 空🔴
2026-04-18 00:27:16,876 | [价格] Last:78100.0 | Mark:78120.46855072 | 延迟:0.0s | aggDelay:0.0s
2026-04-18 00:27:17,374 | [开仓雷达] 1.震荡市:代码✅(评分:75) | 5K✅ | 2.基础✅(K:15 A:89.4 W:316.1) | 3.盈亏比✅(2.70≥1.3 需W>0.0) | 4.靠轨✅(多:❌ 空:✅) | 5.过滤✅(偏:neutral 触:10 向:buy) | 6.时效✅(剩:104s) | ==> 综合: 多🔴 空🔴
2026-04-18 00:27:19,523 | [开仓雷达] 1.震荡市:代码✅(评分:75) | 5K✅ | 2.基础✅(K:15 A:89.4 W:316.1) | 3.盈亏比✅(2.70≥1.3 需W>0.0) | 4.靠轨✅(多:❌ 空:✅) | 5.过滤✅(偏:neutral 触:10 向:buy) | 6.时效✅(剩:102s) | ==> 综合: 多🔴 空🔴
2026-04-18 00:27:21,546 | [开仓雷达] 1.震荡市:代码✅(评分:75) | 5K✅ | 2.基础✅(K:15 A:89.4 W:316.1) | 3.盈亏比✅(2.70≥1.3 需W>0.0) | 4.靠轨✅(多:❌ 空:✅) | 5.过滤✅(偏:neutral 触:10 向:buy) | 6.时效✅(剩:100s) | ==> 综合: 多🔴 空🔴
2026-04-18 00:27:22,163 | [价格] Last:78100.0 | Mark:78120.99061594 | 延迟:0.0s | aggDelay:0.4s
2026-04-18 00:27:22,599 | [余额同步] 本地模式，初始资金: 10000.0 U
2026-04-18 00:27:22,600 | [账户监控] 无持仓
2026-04-18 00:27:23,595 | [开仓雷达] 1.震荡市:代码✅(评分:75) | 5K✅ | 2.基础✅(K:15 A:89.4 W:316.1) | 3.盈亏比✅(2.70≥1.3 需W>0.0) | 4.靠轨✅(多:❌ 空:✅) | 5.过滤✅(偏:neutral 触:10 向:buy) | 6.时效✅(剩:98s) | ==> 综合: 多🔴 空🔴
2026-04-18 00:27:25,792 | [开仓雷达] 1.震荡市:代码✅(评分:75) | 5K✅ | 2.基础✅(K:15 A:89.4 W:316.1) | 3.盈亏比✅(2.70≥1.3 需W>0.0) | 4.靠轨✅(多:❌ 空:✅) | 5.过滤✅(偏:bear 触:10 向:buy) | 6.时效✅(剩:95s) | ==> 综合: 多🔴 空🔴
2026-04-18 00:27:27,203 | [价格] Last:81634.2 | Mark:78108.14353261 | 延迟:0.0s | aggDelay:0.0s
2026-04-18 00:27:27,876 | [开仓雷达] 1.震荡市:代码✅(评分:75) | 5K✅ | 2.基础✅(K:15 A:89.4 W:316.1) | 3.盈亏比✅(2.70≥1.3 需W>0.0) | 4.靠轨❌(多:❌ 空:❌) | 5.过滤✅(偏:bear 触:10 向:sell) | 6.时效✅(剩:93s) | ==> 综合: 多🔴 空🔴
2026-04-18 00:27:30,027 | [开仓雷达] 1.震荡市:代码✅(评分:75) | 5K✅ | 2.基础✅(K:15 A:89.4 W:316.1) | 3.盈亏比✅(2.70≥1.3 需W>0.0) | 4.靠轨❌(多:❌ 空:❌) | 5.过滤❌(偏:bull 触:10 向:sell) | 6.时效✅(剩:91s) | ==> 综合: 多🔴 空🔴
2026-04-18 00:27:30,600 | [余额同步] 本地模式，初始资金: 10000.0 U
2026-04-18 00:27:30,600 | [账户监控] 无持仓
2026-04-18 00:27:32,271 | [价格] Last:78075.3 | Mark:78113.43773551 | 延迟:0.0s | aggDelay:0.0s
2026-04-18 00:27:32,271 | [开仓雷达] 1.震荡市:代码✅(评分:75) | 5K✅ | 2.基础✅(K:15 A:89.4 W:316.1) | 3.盈亏比✅(2.70≥1.3 需W>0.0) | 4.靠轨❌(多:❌ 空:❌) | 5.过滤✅(偏:bear 触:10 向:sell) | 6.时效✅(剩:89s) | ==> 综合: 多🔴 空🔴
2026-04-18 00:27:34,291 | [开仓雷达] 1.震荡市:代码✅(评分:75) | 5K✅ | 2.基础✅(K:15 A:89.4 W:316.1) | 3.盈亏比✅(2.69≥1.3 需W>0.0) | 4.靠轨✅(多:❌ 空:✅) | 5.过滤✅(偏:bear 触:10 向:sell) | 6.时效✅(剩:87s) | ==> 综合: 多🔴 空🟢
2026-04-18 00:27:36,405 | [开仓雷达] 1.震荡市:代码✅(评分:75) | 5K✅ | 2.基础✅(K:15 A:89.4 W:316.1) | 3.盈亏比✅(2.67≥1.3 需W>0.0) | 4.靠轨✅(多:❌ 空:✅) | 5.过滤❌(偏:bull 触:10 向:sell) | 6.时效✅(剩:85s) | ==> 综合: 多🔴 空🔴
2026-04-18 00:27:37,319 | [价格] Last:78107.2 | Mark:78110.29603261 | 延迟:0.0s | aggDelay:0.0s
2026-04-18 00:27:38,423 | [开仓雷达] 1.震荡市:代码✅(评分:75) | 5K✅ | 2.基础✅(K:15 A:89.4 W:316.1) | 3.盈亏比✅(2.70≥1.3 需W>0.0) | 4.靠轨✅(多:❌ 空:✅) | 5.过滤✅(偏:bull 触:10 向:buy) | 6.时效✅(剩:83s) | ==> 综合: 多🔴 空🔴
2026-04-18 00:27:38,600 | [余额同步] 本地模式，初始资金: 10000.0 U
2026-04-18 00:27:38,600 | [账户监控] 无持仓
2026-04-18 00:27:40,549 | [开仓雷达] 1.震荡市:代码✅(评分:75) | 5K✅ | 2.基础✅(K:15 A:89.4 W:316.1) | 3.盈亏比✅(2.67≥1.3 需W>0.0) | 4.靠轨✅(多:❌ 空:✅) | 5.过滤❌(偏:bear 触:10 向:buy) | 6.时效✅(剩:81s) | ==> 综合: 多🔴 空🔴
2026-04-18 00:27:42,345 | [价格] Last:79123.1 | Mark:78108.87994565 | 延迟:0.0s | aggDelay:0.0s
2026-04-18 00:27:42,566 | [开仓雷达] 1.震荡市:代码✅(评分:75) | 5K✅ | 2.基础✅(K:15 A:89.4 W:316.1) | 3.盈亏比✅(2.64≥1.3 需W>0.0) | 4.靠轨✅(多:❌ 空:✅) | 5.过滤❌(偏:bear 触:10 向:buy) | 6.时效✅(剩:79s) | ==> 综合: 多🔴 空🔴
2026-04-18 00:27:44,570 | [开仓雷达] 1.震荡市:代码✅(评分:75) | 5K✅ | 2.基础✅(K:15 A:89.4 W:316.1) | 3.盈亏比✅(2.68≥1.3 需W>0.0) | 4.靠轨✅(多:❌ 空:✅) | 5.过滤❌(偏:bull 触:10 向:sell) | 6.时效✅(剩:77s) | ==> 综合: 多🔴 空🔴
2026-04-18 00:27:46,582 | [开仓雷达] 1.震荡市:代码✅(评分:75) | 5K✅ | 2.基础✅(K:15 A:89.4 W:316.1) | 3.盈亏比✅(2.65≥1.3 需W>0.0) | 4.靠轨✅(多:❌ 空:✅) | 5.过滤❌(偏:bear 触:10 向:buy) | 6.时效✅(剩:75s) | ==> 综合: 多🔴 空🔴
2026-04-18 00:27:46,600 | [余额同步] 本地模式，初始资金: 10000.0 U
2026-04-18 00:27:46,601 | [账户监控] 无持仓
2026-04-18 00:27:47,419 | [价格] Last:78833.9 | Mark:78100.88063406 | 延迟:0.0s | aggDelay:0.0s
2026-04-18 00:27:48,718 | [开仓雷达] 1.震荡市:代码✅(评分:75) | 5K✅ | 2.基础✅(K:15 A:89.4 W:316.1) | 3.盈亏比✅(2.65≥1.3 需W>0.0) | 4.靠轨✅(多:❌ 空:✅) | 5.过滤✅(偏:bull 触:10 向:buy) | 6.时效✅(剩:72s) | ==> 综合: 多🔴 空🔴
2026-04-18 00:27:50,808 | [开仓雷达] 1.震荡市:代码✅(评分:75) | 5K✅ | 2.基础✅(K:15 A:89.4 W:316.1) | 3.盈亏比✅(2.65≥1.3 需W>0.0) | 4.靠轨✅(多:❌ 空:✅) | 5.过滤✅(偏:bull 触:10 向:buy) | 6.时效✅(剩:70s) | ==> 综合: 多🔴 空🔴
2026-04-18 00:27:52,701 | [价格] Last:78145.9 | Mark:78084.0 | 延迟:0.0s | aggDelay:0.0s
2026-04-18 00:27:52,918 | [开仓雷达] 1.震荡市:代码✅(评分:75) | 5K✅ | 2.基础✅(K:15 A:89.4 W:316.1) | 3.盈亏比✅(2.68≥1.3 需W>0.0) | 4.靠轨✅(多:❌ 空:✅) | 5.过滤✅(偏:bull 触:10 向:buy) | 6.时效✅(剩:68s) | ==> 综合: 多🔴 空🔴
2026-04-18 00:27:54,602 | [余额同步] 本地模式，初始资金: 10000.0 U
2026-04-18 00:27:54,602 | [账户监控] 无持仓
2026-04-18 00:27:55,037 | [开仓雷达] 1.震荡市:代码✅(评分:75) | 5K✅ | 2.基础✅(K:15 A:89.4 W:316.1) | 3.盈亏比✅(2.69≥1.3 需W>0.0) | 4.靠轨✅(多:❌ 空:✅) | 5.过滤✅(偏:bear 触:10 向:sell) | 6.时效✅(剩:66s) | ==> 综合: 多🔴 空🟢
2026-04-18 00:27:57,188 | [开仓雷达] 1.震荡市:代码✅(评分:75) | 5K✅ | 2.基础✅(K:15 A:89.4 W:316.1) | 3.盈亏比✅(2.70≥1.3 需W>0.0) | 4.靠轨✅(多:❌ 空:✅) | 5.过滤❌(偏:bull 触:10 向:sell) | 6.时效✅(剩:64s) | ==> 综合: 多🔴 空🔴
2026-04-18 00:27:57,717 | [价格] Last:78657.3 | Mark:78083.9 | 延迟:0.0s | aggDelay:0.0s
2026-04-18 00:27:59,431 | [开仓雷达] 1.震荡市:代码✅(评分:75) | 5K✅ | 2.基础✅(K:15 A:89.4 W:316.1) | 3.盈亏比✅(2.67≥1.3 需W>0.0) | 4.靠轨✅(多:❌ 空:✅) | 5.过滤❌(偏:bear 触:10 向:buy) | 6.时效✅(剩:62s) | ==> 综合: 多🔴 空🔴
2026-04-18 00:28:01,651 | [开仓雷达] 1.震荡市:代码✅(评分:75) | 5K✅ | 2.基础✅(K:15 A:772.5 W:5196.6) | 3.盈亏比✅(44.37≥1.3 需W>0.0) | 4.靠轨❌(多:❌ 空:❌) | 5.过滤❌(偏:bull 触:0 向:buy) | 6.时效✅(剩:120s) | ==> 综合: 多🔴 空🔴
2026-04-18 00:28:02,602 | [余额同步] 本地模式，初始资金: 10000.0 U
2026-04-18 00:28:02,602 | [账户监控] 无持仓
2026-04-18 00:28:02,894 | [价格] Last:78082.2 | Mark:78078.93175725 | 延迟:0.0s | aggDelay:0.0s
2026-04-18 00:28:03,693 | [开仓雷达] 1.震荡市:代码✅(评分:75) | 5K✅ | 2.基础✅(K:15 A:772.5 W:5196.6) | 3.盈亏比✅(44.37≥1.3 需W>0.0) | 4.靠轨❌(多:❌ 空:❌) | 5.过滤❌(偏:bull 触:0 向:sell) | 6.时效✅(剩:117s) | ==> 综合: 多🔴 空🔴
2026-04-18 00:28:05,693 | [开仓雷达] 1.震荡市:代码✅(评分:75) | 5K✅ | 2.基础✅(K:15 A:772.5 W:5196.6) | 3.盈亏比✅(44.37≥1.3 需W>0.0) | 4.靠轨❌(多:❌ 空:❌) | 5.过滤❌(偏:neutral 触:0 向:sell) | 6.时效✅(剩:115s) | ==> 综合: 多🔴 空🔴
2026-04-18 00:28:07,816 | [开仓雷达] 1.震荡市:代码✅(评分:80) | 5K✅ | 2.基础✅(K:15 A:772.5 W:5196.6) | 3.盈亏比✅(42.07≥1.3 需W>0.0) | 4.靠轨❌(多:❌ 空:❌) | 5.过滤✅(偏:bull 触:4 向:buy) | 6.时效✅(剩:113s) | ==> 综合: 多🔴 空🔴
2026-04-18 00:28:07,937 | [价格] Last:79859.3 | Mark:78078.9 | 延迟:0.0s | aggDelay:0.0s
2026-04-18 00:28:09,968 | [开仓雷达] 1.震荡市:代码✅(评分:80) | 5K✅ | 2.基础✅(K:15 A:772.5 W:5196.6) | 3.盈亏比✅(43.21≥1.3 需W>0.0) | 4.靠轨❌(多:❌ 空:❌) | 5.过滤✅(偏:neutral 触:4 向:sell) | 6.时效✅(剩:111s) | ==> 综合: 多🔴 空🔴
2026-04-18 00:28:10,603 | [余额同步] 本地模式，初始资金: 10000.0 U
2026-04-18 00:28:10,603 | [账户监控] 无持仓
2026-04-18 00:28:12,025 | [开仓雷达] 1.震荡市:代码✅(评分:80) | 5K✅ | 2.基础✅(K:15 A:772.5 W:5196.6) | 3.盈亏比✅(43.43≥1.3 需W>0.0) | 4.靠轨❌(多:❌ 空:❌) | 5.过滤❌(偏:bull 触:4 向:sell) | 6.时效✅(剩:109s) | ==> 综合: 多🔴 空🔴
2026-04-18 00:28:12,965 | [价格] Last:78083.9 | Mark:78084.0 | 延迟:0.0s | aggDelay:0.0s
2026-04-18 00:28:14,040 | [开仓雷达] 1.震荡市:代码✅(评分:80) | 5K✅ | 2.基础✅(K:15 A:772.5 W:5196.6) | 3.盈亏比✅(42.25≥1.3 需W>0.0) | 4.靠轨❌(多:❌ 空:❌) | 5.过滤✅(偏:bull 触:4 向:buy) | 6.时效✅(剩:107s) | ==> 综合: 多🔴 空🔴
2026-04-18 00:28:16,043 | [开仓雷达] 1.震荡市:代码✅(评分:80) | 5K✅ | 2.基础✅(K:15 A:772.5 W:5196.6) | 3.盈亏比✅(44.35≥1.3 需W>0.0) | 4.靠轨❌(多:❌ 空:❌) | 5.过滤✅(偏:bull 触:4 向:buy) | 6.时效✅(剩:105s) | ==> 综合: 多🔴 空🔴
2026-04-18 00:28:18,005 | [价格] Last:78102.8 | Mark:78109.3 | 延迟:0.0s | aggDelay:0.0s
2026-04-18 00:28:18,213 | [开仓雷达] 1.震荡市:代码✅(评分:80) | 5K✅ | 2.基础✅(K:15 A:772.5 W:5196.6) | 3.盈亏比✅(44.36≥1.3 需W>0.0) | 4.靠轨❌(多:❌ 空:❌) | 5.过滤✅(偏:bull 触:4 向:buy) | 6.时效✅(剩:103s) | ==> 综合: 多🔴 空🔴
2026-04-18 00:28:18,603 | [余额同步] 本地模式，初始资金: 10000.0 U
2026-04-18 00:28:18,603 | [账户监控] 无持仓
2026-04-18 00:28:20,348 | [开仓雷达] 1.震荡市:代码✅(评分:80) | 5K✅ | 2.基础✅(K:15 A:772.5 W:5196.6) | 3.盈亏比✅(44.36≥1.3 需W>0.0) | 4.靠轨❌(多:❌ 空:❌) | 5.过滤✅(偏:bull 触:4 向:sell) | 6.时效✅(剩:101s) | ==> 综合: 多🔴 空🔴
2026-04-18 00:28:22,532 | [开仓雷达] 1.震荡市:代码✅(评分:80) | 5K✅ | 2.基础✅(K:15 A:772.5 W:5196.6) | 3.盈亏比✅(44.35≥1.3 需W>0.0) | 4.靠轨❌(多:❌ 空:❌) | 5.过滤✅(偏:bear 触:4 向:buy) | 6.时效✅(剩:99s) | ==> 综合: 多🔴 空🔴
2026-04-18 00:28:23,115 | [价格] Last:78107.3 | Mark:78084.3 | 延迟:0.0s | aggDelay:0.0s
2026-04-18 00:28:24,548 | [开仓雷达] 1.震荡市:代码✅(评分:80) | 5K✅ | 2.基础✅(K:15 A:772.5 W:5196.6) | 3.盈亏比✅(44.36≥1.3 需W>0.0) | 4.靠轨❌(多:❌ 空:❌) | 5.过滤✅(偏:neutral 触:4 向:sell) | 6.时效✅(剩:97s) | ==> 综合: 多🔴 空🔴
2026-04-18 00:28:26,604 | [余额同步] 本地模式，初始资金: 10000.0 U
2026-04-18 00:28:26,604 | [账户监控] 无持仓
2026-04-18 00:28:26,681 | [开仓雷达] 1.震荡市:代码✅(评分:80) | 5K✅ | 2.基础✅(K:15 A:772.5 W:5196.6) | 3.盈亏比✅(44.35≥1.3 需W>0.0) | 4.靠轨❌(多:❌ 空:❌) | 5.过滤✅(偏:bull 触:4 向:buy) | 6.时效✅(剩:95s) | ==> 综合: 多🔴 空🔴
2026-04-18 00:28:28,175 | [价格] Last:78106.9 | Mark:78091.8 | 延迟:0.0s | aggDelay:0.1s
2026-04-18 00:28:29,035 | [开仓雷达] 1.震荡市:代码✅(评分:80) | 5K✅ | 2.基础✅(K:15 A:772.5 W:5196.6) | 3.盈亏比✅(44.35≥1.3 需W>0.0) | 4.靠轨❌(多:❌ 空:❌) | 5.过滤✅(偏:bull 触:4 向:sell) | 6.时效✅(剩:92s) | ==> 综合: 多🔴 空🔴
2026-04-18 00:28:31,174 | [开仓雷达] 1.震荡市:代码✅(评分:80) | 5K✅ | 2.基础✅(K:15 A:772.5 W:5196.6) | 3.盈亏比✅(44.35≥1.3 需W>0.0) | 4.靠轨❌(多:❌ 空:❌) | 5.过滤✅(偏:bull 触:4 向:sell) | 6.时效✅(剩:90s) | ==> 综合: 多🔴 空🔴
2026-04-18 00:28:33,307 | [价格] Last:78107.0 | Mark:78088.06347826 | 延迟:0.0s | aggDelay:0.0s
2026-04-18 00:28:33,307 | [开仓雷达] 1.震荡市:代码✅(评分:80) | 5K✅ | 2.基础✅(K:15 A:772.5 W:5196.6) | 3.盈亏比✅(44.35≥1.3 需W>0.0) | 4.靠轨❌(多:❌ 空:❌) | 5.过滤✅(偏:bull 触:4 向:sell) | 6.时效✅(剩:88s) | ==> 综合: 多🔴 空🔴
2026-04-18 00:28:34,604 | [余额同步] 本地模式，初始资金: 10000.0 U
2026-04-18 00:28:34,605 | [账户监控] 无持仓
2026-04-18 00:28:35,413 | [开仓雷达] 1.震荡市:代码✅(评分:80) | 5K✅ | 2.基础✅(K:15 A:772.5 W:5196.6) | 3.盈亏比✅(44.35≥1.3 需W>0.0) | 4.靠轨❌(多:❌ 空:❌) | 5.过滤✅(偏:bull 触:4 向:sell) | 6.时效✅(剩:86s) | ==> 综合: 多🔴 空🔴
2026-04-18 00:28:37,973 | [开仓雷达] 1.震荡市:代码✅(评分:80) | 5K✅ | 2.基础✅(K:15 A:772.5 W:5196.6) | 3.盈亏比✅(44.35≥1.3 需W>0.0) | 4.靠轨❌(多:❌ 空:❌) | 5.过滤✅(偏:neutral 触:4 向:sell) | 6.时效✅(剩:83s) | ==> 综合: 多🔴 空🔴
2026-04-18 00:28:38,565 | [价格] Last:78107.3 | Mark:78078.9 | 延迟:0.0s | aggDelay:0.0s
2026-04-18 00:28:40,176 | [开仓雷达] 1.震荡市:代码✅(评分:80) | 5K✅ | 2.基础✅(K:15 A:772.5 W:5196.6) | 3.盈亏比✅(44.35≥1.3 需W>0.0) | 4.靠轨❌(多:❌ 空:❌) | 5.过滤✅(偏:neutral 触:4 向:sell) | 6.时效✅(剩:81s) | ==> 综合: 多🔴 空🔴
2026-04-18 00:28:42,415 | [开仓雷达] 1.震荡市:代码✅(评分:80) | 5K✅ | 2.基础✅(K:15 A:772.5 W:5196.6) | 3.盈亏比✅(44.35≥1.3 需W>0.0) | 4.靠轨❌(多:❌ 空:❌) | 5.过滤✅(偏:bull 触:4 向:sell) | 6.时效✅(剩:79s) | ==> 综合: 多🔴 空🔴
2026-04-18 00:28:42,605 | [余额同步] 本地模式，初始资金: 10000.0 U
2026-04-18 00:28:42,605 | [账户监控] 无持仓
2026-04-18 00:28:43,796 | [价格] Last:78107.3 | Mark:78077.35338768 | 延迟:0.0s | aggDelay:0.0s
2026-04-18 00:28:44,564 | [开仓雷达] 1.震荡市:代码✅(评分:80) | 5K✅ | 2.基础✅(K:15 A:772.5 W:5196.6) | 3.盈亏比✅(44.23≥1.3 需W>0.0) | 4.靠轨❌(多:❌ 空:❌) | 5.过滤✅(偏:bull 触:4 向:buy) | 6.时效✅(剩:77s) | ==> 综合: 多🔴 空🔴
2026-04-18 00:28:46,657 | [开仓雷达] 1.震荡市:代码✅(评分:80) | 5K✅ | 2.基础✅(K:15 A:772.5 W:5196.6) | 3.盈亏比✅(42.77≥1.3 需W>0.0) | 4.靠轨❌(多:❌ 空:❌) | 5.过滤❌(偏:bull 触:4 向:sell) | 6.时效✅(剩:75s) | ==> 综合: 多🔴 空🔴
2026-04-18 00:28:48,690 | [开仓雷达] 1.震荡市:代码✅(评分:80) | 5K✅ | 2.基础✅(K:15 A:772.5 W:5196.6) | 3.盈亏比✅(44.36≥1.3 需W>0.0) | 4.靠轨❌(多:❌ 空:❌) | 5.过滤❌(偏:bull 触:4 向:sell) | 6.时效✅(剩:72s) | ==> 综合: 多🔴 空🔴
2026-04-18 00:28:48,799 | [价格] Last:78478.3 | Mark:78069.21360507 | 延迟:0.0s | aggDelay:0.0s
2026-04-18 00:28:50,606 | [余额同步] 本地模式，初始资金: 10000.0 U
2026-04-18 00:28:50,606 | [账户监控] 无持仓
2026-04-18 00:28:50,790 | [开仓雷达] 1.震荡市:代码✅(评分:80) | 5K✅ | 2.基础✅(K:15 A:772.5 W:5196.6) | 3.盈亏比✅(44.14≥1.3 需W>0.0) | 4.靠轨❌(多:❌ 空:❌) | 5.过滤✅(偏:bull 触:4 向:buy) | 6.时效✅(剩:70s) | ==> 综合: 多🔴 空🔴
2026-04-18 00:28:52,828 | [开仓雷达] 1.震荡市:代码✅(评分:80) | 5K✅ | 2.基础✅(K:15 A:772.5 W:5196.6) | 3.盈亏比✅(44.35≥1.3 需W>0.0) | 4.靠轨❌(多:❌ 空:❌) | 5.过滤✅(偏:bull 触:4 向:buy) | 6.时效✅(剩:68s) | ==> 综合: 多🔴 空🔴
2026-04-18 00:28:53,906 | [价格] Last:79982.1 | Mark:78078.3 | 延迟:0.0s | aggDelay:0.0s
2026-04-18 00:28:54,908 | [开仓雷达] 1.震荡市:代码✅(评分:80) | 5K✅ | 2.基础✅(K:15 A:772.5 W:5196.6) | 3.盈亏比✅(43.10≥1.3 需W>0.0) | 4.靠轨❌(多:❌ 空:❌) | 5.过滤❌(偏:bull 触:4 向:sell) | 6.时效✅(剩:66s) | ==> 综合: 多🔴 空🔴
2026-04-18 00:28:57,231 | [开仓雷达] 1.震荡市:代码✅(评分:80) | 5K✅ | 2.基础✅(K:15 A:772.5 W:5196.6) | 3.盈亏比✅(43.97≥1.3 需W>0.0) | 4.靠轨❌(多:❌ 空:❌) | 5.过滤❌(偏:bull 触:4 向:sell) | 6.时效✅(剩:64s) | ==> 综合: 多🔴 空🔴
2026-04-18 00:28:58,677 | [余额同步] 本地模式，初始资金: 10000.0 U
2026-04-18 00:28:58,677 | [账户监控] 无持仓
2026-04-18 00:28:58,923 | [价格] Last:78106.7 | Mark:78092.7 | 延迟:0.0s | aggDelay:0.0s
2026-04-18 00:28:59,266 | [开仓雷达] 1.震荡市:代码✅(评分:80) | 5K✅ | 2.基础✅(K:15 A:772.5 W:5196.6) | 3.盈亏比✅(44.36≥1.3 需W>0.0) | 4.靠轨❌(多:❌ 空:❌) | 5.过滤✅(偏:bull 触:4 向:sell) | 6.时效✅(剩:62s) | ==> 综合: 多🔴 空🔴
2026-04-18 00:29:01,633 | [开仓雷达] 1.震荡市:代码✅(评分:100) | 5K✅ | 2.基础✅(K:15 A:1453.1 W:5188.5) | 3.盈亏比✅(44.29≥1.3 需W>0.0) | 4.靠轨❌(多:❌ 空:❌) | 5.过滤✅(偏:bull 触:4 向:buy) | 6.时效✅(剩:60s) | ==> 综合: 多🔴 空🔴
2026-04-18 00:29:03,654 | [开仓雷达] 1.震荡市:代码✅(评分:100) | 5K✅ | 2.基础✅(K:15 A:1453.1 W:5188.5) | 3.盈亏比✅(44.29≥1.3 需W>0.0) | 4.靠轨❌(多:❌ 空:❌) | 5.过滤✅(偏:bull 触:4 向:buy) | 6.时效✅(剩:58s) | ==> 综合: 多🔴 空🔴
2026-04-18 00:29:04,041 | [价格] Last:78106.0 | Mark:78092.6 | 延迟:0.0s | aggDelay:0.0s
2026-04-18 00:29:06,597 | [开仓雷达] 1.震荡市:代码✅(评分:100) | 5K✅ | 2.基础✅(K:15 A:1453.1 W:5188.5) | 3.盈亏比✅(44.29≥1.3 需W>0.0) | 4.靠轨❌(多:❌ 空:❌) | 5.过滤✅(偏:bull 触:4 向:buy) | 6.时效✅(剩:55s) | ==> 综合: 多🔴 空🔴
2026-04-18 00:29:06,677 | [余额同步] 本地模式，初始资金: 10000.0 U
2026-04-18 00:29:06,677 | [账户监控] 无持仓
2026-04-18 00:29:08,839 | [开仓雷达] 1.震荡市:代码✅(评分:100) | 5K✅ | 2.基础✅(K:15 A:1453.1 W:5188.5) | 3.盈亏比✅(44.29≥1.3 需W>0.0) | 4.靠轨❌(多:❌ 空:❌) | 5.过滤✅(偏:bull 触:4 向:sell) | 6.时效✅(剩:52s) | ==> 综合: 多🔴 空🔴
2026-04-18 00:29:09,165 | [价格] Last:78106.6 | Mark:78073.23248188 | 延迟:0.0s | aggDelay:0.0s
2026-04-18 00:29:11,426 | [开仓雷达] 1.震荡市:代码✅(评分:100) | 5K✅ | 2.基础✅(K:15 A:1453.1 W:5188.5) | 3.盈亏比✅(44.29≥1.3 需W>0.0) | 4.靠轨❌(多:❌ 空:❌) | 5.过滤✅(偏:bull 触:4 向:sell) | 6.时效✅(剩:50s) | ==> 综合: 多🔴 空🔴
2026-04-18 00:29:14,673 | [价格] Last:78106.2 | Mark:78082.30425725 | 延迟:0.0s | aggDelay:0.0s
2026-04-18 00:29:14,673 | [开仓雷达] 1.震荡市:代码✅(评分:100) | 5K✅ | 2.基础✅(K:15 A:1453.1 W:5188.5) | 3.盈亏比✅(44.29≥1.3 需W>0.0) | 4.靠轨❌(多:❌ 空:❌) | 5.过滤✅(偏:bull 触:4 向:sell) | 6.时效✅(剩:47s) | ==> 综合: 多🔴 空🔴
2026-04-18 00:29:14,677 | [余额同步] 本地模式，初始资金: 10000.0 U
2026-04-18 00:29:14,677 | [账户监控] 无持仓
2026-04-18 00:29:17,025 | [开仓雷达] 1.震荡市:代码✅(评分:100) | 5K✅ | 2.基础✅(K:15 A:1453.1 W:5188.5) | 3.盈亏比✅(44.29≥1.3 需W>0.0) | 4.靠轨❌(多:❌ 空:❌) | 5.过滤✅(偏:bull 触:4 向:sell) | 6.时效✅(剩:44s) | ==> 综合: 多🔴 空🔴
2026-04-18 00:29:19,110 | [开仓雷达] 1.震荡市:代码✅(评分:100) | 5K✅ | 2.基础✅(K:15 A:1453.1 W:5188.5) | 3.盈亏比✅(44.29≥1.3 需W>0.0) | 4.靠轨❌(多:❌ 空:❌) | 5.过滤✅(偏:bull 触:4 向:sell) | 6.时效✅(剩:42s) | ==> 综合: 多🔴 空🔴
2026-04-18 00:29:20,155 | [价格] Last:78106.3 | Mark:78099.4 | 延迟:0.0s | aggDelay:0.0s
2026-04-18 00:29:21,834 | [开仓雷达] 1.震荡市:代码✅(评分:100) | 5K✅ | 2.基础✅(K:15 A:1453.1 W:5188.5) | 3.盈亏比✅(44.29≥1.3 需W>0.0) | 4.靠轨❌(多:❌ 空:❌) | 5.过滤✅(偏:bull 触:4 向:sell) | 6.时效✅(剩:39s) | ==> 综合: 多🔴 空🔴
2026-04-18 00:29:22,678 | [余额同步] 本地模式，初始资金: 10000.0 U
2026-04-18 00:29:22,678 | [账户监控] 无持仓
2026-04-18 00:29:24,489 | [开仓雷达] 1.震荡市:代码✅(评分:100) | 5K✅ | 2.基础✅(K:15 A:1453.1 W:5188.5) | 3.盈亏比✅(44.29≥1.3 需W>0.0) | 4.靠轨❌(多:❌ 空:❌) | 5.过滤✅(偏:bull 触:4 向:sell) | 6.时效✅(剩:37s) | ==> 综合: 多🔴 空🔴
2026-04-18 00:29:25,181 | [价格] Last:78106.0 | Mark:78099.9 | 延迟:0.0s | aggDelay:0.0s
2026-04-18 00:29:27,150 | [开仓雷达] 1.震荡市:代码✅(评分:100) | 5K✅ | 2.基础✅(K:15 A:1453.1 W:5188.5) | 3.盈亏比✅(44.29≥1.3 需W>0.0) | 4.靠轨❌(多:❌ 空:❌) | 5.过滤✅(偏:bull 触:4 向:sell) | 6.时效✅(剩:34s) | ==> 综合: 多🔴 空🔴
2026-04-18 00:29:29,169 | [开仓雷达] 1.震荡市:代码✅(评分:100) | 5K✅ | 2.基础✅(K:15 A:1453.1 W:5188.5) | 3.盈亏比✅(44.28≥1.3 需W>0.0) | 4.靠轨❌(多:❌ 空:❌) | 5.过滤✅(偏:bull 触:4 向:buy) | 6.时效✅(剩:32s) | ==> 综合: 多🔴 空🔴
2026-04-18 00:29:30,678 | [余额同步] 本地模式，初始资金: 10000.0 U
2026-04-18 00:29:30,679 | [账户监控] 无持仓
2026-04-18 00:29:31,170 | [价格] Last:78111.4 | Mark:78111.3 | 延迟:0.0s | aggDelay:1.0s
2026-04-18 00:29:31,170 | [开仓雷达] 1.震荡市:代码✅(评分:100) | 5K✅ | 2.基础✅(K:15 A:1453.1 W:5188.5) | 3.盈亏比✅(44.28≥1.3 需W>0.0) | 4.靠轨❌(多:❌ 空:❌) | 5.过滤✅(偏:bull 触:4 向:buy) | 6.时效✅(剩:30s) | ==> 综合: 多🔴 空🔴
2026-04-18 00:29:33,350 | [开仓雷达] 1.震荡市:代码✅(评分:100) | 5K✅ | 2.基础✅(K:15 A:1453.1 W:5188.5) | 3.盈亏比✅(44.28≥1.3 需W>0.0) | 4.靠轨❌(多:❌ 空:❌) | 5.过滤✅(偏:bear 触:4 向:sell) | 6.时效✅(剩:28s) | ==> 综合: 多🔴 空🔴
2026-04-18 00:29:36,275 | [价格] Last:78109.7 | Mark:78109.7 | 延迟:0.0s | aggDelay:0.0s
2026-04-18 00:29:36,275 | [开仓雷达] 1.震荡市:代码✅(评分:100) | 5K✅ | 2.基础✅(K:15 A:1453.1 W:5188.5) | 3.盈亏比✅(44.28≥1.3 需W>0.0) | 4.靠轨❌(多:❌ 空:❌) | 5.过滤✅(偏:bull 触:4 向:buy) | 6.时效✅(剩:25s) | ==> 综合: 多🔴 空🔴
2026-04-18 00:29:38,426 | [开仓雷达] 1.震荡市:代码✅(评分:100) | 5K✅ | 2.基础✅(K:15 A:1453.1 W:5188.5) | 3.盈亏比✅(44.28≥1.3 需W>0.0) | 4.靠轨❌(多:❌ 空:❌) | 5.过滤✅(偏:bull 触:4 向:sell) | 6.时效✅(剩:23s) | ==> 综合: 多🔴 空🔴
2026-04-18 00:29:38,679 | [余额同步] 本地模式，初始资金: 10000.0 U
2026-04-18 00:29:38,679 | [账户监控] 无持仓
2026-04-18 00:29:40,746 | [开仓雷达] 1.震荡市:代码✅(评分:100) | 5K✅ | 2.基础✅(K:15 A:1453.1 W:5188.5) | 3.盈亏比✅(44.28≥1.3 需W>0.0) | 4.靠轨❌(多:❌ 空:❌) | 5.过滤✅(偏:neutral 触:4 向:sell) | 6.时效✅(剩:20s) | ==> 综合: 多🔴 空🔴
2026-04-18 00:29:41,427 | [价格] Last:78108.4 | Mark:78111.03643116 | 延迟:0.0s | aggDelay:0.0s
2026-04-18 00:29:43,016 | [开仓雷达] 1.震荡市:代码✅(评分:100) | 5K✅ | 2.基础✅(K:15 A:1453.1 W:5188.5) | 3.盈亏比✅(44.28≥1.3 需W>0.0) | 4.靠轨❌(多:❌ 空:❌) | 5.过滤✅(偏:bear 触:4 向:buy) | 6.时效✅(剩:18s) | ==> 综合: 多🔴 空🔴
2026-04-18 00:29:45,284 | [开仓雷达] 1.震荡市:代码✅(评分:100) | 5K✅ | 2.基础✅(K:15 A:1453.1 W:5188.5) | 3.盈亏比✅(44.28≥1.3 需W>0.0) | 4.靠轨❌(多:❌ 空:❌) | 5.过滤✅(偏:bear 触:4 向:buy) | 6.时效✅(剩:16s) | ==> 综合: 多🔴 空🔴
2026-04-18 00:29:46,575 | [价格] Last:78111.6 | Mark:78117.7 | 延迟:0.0s | aggDelay:0.0s
2026-04-18 00:29:46,679 | [余额同步] 本地模式，初始资金: 10000.0 U
2026-04-18 00:29:46,679 | [账户监控] 无持仓
2026-04-18 00:29:47,429 | [开仓雷达] 1.震荡市:代码✅(评分:100) | 5K✅ | 2.基础✅(K:15 A:1453.1 W:5188.5) | 3.盈亏比✅(44.28≥1.3 需W>0.0) | 4.靠轨❌(多:❌ 空:❌) | 5.过滤✅(偏:bear 触:4 向:buy) | 6.时效✅(剩:14s) | ==> 综合: 多🔴 空🔴
2026-04-18 00:29:49,656 | [开仓雷达] 1.震荡市:代码✅(评分:100) | 5K✅ | 2.基础✅(K:15 A:1453.1 W:5188.5) | 3.盈亏比✅(44.28≥1.3 需W>0.0) | 4.靠轨❌(多:❌ 空:❌) | 5.过滤✅(偏:bear 触:4 向:buy) | 6.时效✅(剩:12s) | ==> 综合: 多🔴 空🔴
2026-04-18 00:29:51,601 | [价格] Last:78111.6 | Mark:78117.9 | 延迟:0.0s | aggDelay:0.0s
2026-04-18 00:29:51,741 | [开仓雷达] 1.震荡市:代码✅(评分:100) | 5K✅ | 2.基础✅(K:15 A:1453.1 W:5188.5) | 3.盈亏比✅(44.28≥1.3 需W>0.0) | 4.靠轨❌(多:❌ 空:❌) | 5.过滤✅(偏:bear 触:4 向:sell) | 6.时效✅(剩:9s) | ==> 综合: 多🔴 空🔴
2026-04-18 00:29:54,021 | [开仓雷达] 1.震荡市:代码✅(评分:100) | 5K✅ | 2.基础✅(K:15 A:1453.1 W:5188.5) | 3.盈亏比✅(44.28≥1.3 需W>0.0) | 4.靠轨❌(多:❌ 空:❌) | 5.过滤✅(偏:bull 触:4 向:buy) | 6.时效✅(剩:7s) | ==> 综合: 多🔴 空🔴
2026-04-18 00:29:54,680 | [余额同步] 本地模式，初始资金: 10000.0 U
2026-04-18 00:29:54,680 | [账户监控] 无持仓
2026-04-18 00:29:56,225 | [开仓雷达] 1.震荡市:代码✅(评分:100) | 5K✅ | 2.基础✅(K:15 A:1453.1 W:5188.5) | 3.盈亏比✅(44.28≥1.3 需W>0.0) | 4.靠轨❌(多:❌ 空:❌) | 5.过滤✅(偏:bull 触:4 向:buy) | 6.时效✅(剩:5s) | ==> 综合: 多🔴 空🔴
2026-04-18 00:29:56,775 | [价格] Last:78112.2 | Mark:78115.61115942 | 延迟:0.0s | aggDelay:0.0s
2026-04-18 00:29:58,274 | [开仓雷达] 1.震荡市:代码✅(评分:100) | 5K✅ | 2.基础✅(K:15 A:1453.1 W:5188.5) | 3.盈亏比✅(44.28≥1.3 需W>0.0) | 4.靠轨❌(多:❌ 空:❌) | 5.过滤✅(偏:bull 触:4 向:buy) | 6.时效✅(剩:3s) | ==> 综合: 多🔴 空🔴
2026-04-18 00:30:00,341 | [开仓雷达] 1.震荡市:代码✅(评分:100) | 5K✅ | 2.基础✅(K:15 A:1453.1 W:5188.5) | 3.盈亏比✅(44.28≥1.3 需W>0.0) | 4.靠轨❌(多:❌ 空:❌) | 5.过滤✅(偏:neutral 触:4 向:sell) | 6.时效✅(剩:1s) | ==> 综合: 多🔴 空🔴
2026-04-18 00:30:01,882 | [价格] Last:78112.8 | Mark:78110.09155797 | 延迟:0.0s | aggDelay:0.0s
2026-04-18 00:30:02,519 | [开仓雷达] 1.震荡市:代码✅(评分:80) | 5K✅ | 2.基础✅(K:15 A:1415.6 W:5188.5) | 3.盈亏比✅(44.28≥1.3 需W>0.0) | 4.靠轨❌(多:❌ 空:❌) | 5.过滤❌(偏:bear 触:0 向:buy) | 6.时效✅(剩:119s) | ==> 综合: 多🔴 空🔴
2026-04-18 00:30:02,680 | [余额同步] 本地模式，初始资金: 10000.0 U
2026-04-18 00:30:02,680 | [账户监控] 无持仓
2026-04-18 00:30:05,536 | [开仓雷达] 1.震荡市:代码✅(评分:80) | 5K✅ | 2.基础✅(K:15 A:1415.6 W:5188.5) | 3.盈亏比✅(44.28≥1.3 需W>0.0) | 4.靠轨❌(多:❌ 空:❌) | 5.过滤❌(偏:bear 触:0 向:buy) | 6.时效✅(剩:116s) | ==> 综合: 多🔴 空🔴
2026-04-18 00:30:07,173 | [价格] Last:78112.9 | Mark:78107.7 | 延迟:0.0s | aggDelay:0.7s
2026-04-18 00:30:07,614 | [开仓雷达] 1.震荡市:代码✅(评分:80) | 5K✅ | 2.基础✅(K:15 A:1415.6 W:5188.5) | 3.盈亏比✅(44.28≥1.3 需W>0.0) | 4.靠轨❌(多:❌ 空:❌) | 5.过滤❌(偏:bear 触:0 向:sell) | 6.时效✅(剩:114s) | ==> 综合: 多🔴 空🔴
2026-04-18 00:30:09,792 | [开仓雷达] 1.震荡市:代码✅(评分:80) | 5K✅ | 2.基础✅(K:15 A:1415.6 W:5188.5) | 3.盈亏比✅(44.28≥1.3 需W>0.0) | 4.靠轨❌(多:❌ 空:❌) | 5.过滤❌(偏:bull 触:0 向:sell) | 6.时效✅(剩:112s) | ==> 综合: 多🔴 空🔴
2026-04-18 00:30:10,681 | [余额同步] 本地模式，初始资金: 10000.0 U
2026-04-18 00:30:10,681 | [账户监控] 无持仓
2026-04-18 00:30:12,162 | [开仓雷达] 1.震荡市:代码✅(评分:80) | 5K✅ | 2.基础✅(K:15 A:1415.6 W:5188.5) | 3.盈亏比✅(44.29≥1.3 需W>0.0) | 4.靠轨❌(多:❌ 空:❌) | 5.过滤❌(偏:bull 触:0 向:buy) | 6.时效✅(剩:109s) | ==> 综合: 多🔴 空🔴
2026-04-18 00:30:12,381 | [价格] Last:78106.6 | Mark:78098.82646739 | 延迟:0.0s | aggDelay:0.0s
2026-04-18 00:30:12,918 | [程序退出]
