2026-04-24 14:32:24,821 | ======================================
2026-04-24 14:32:24,821 |  V23 流动性剃头皮策略 (防卡死+防幽灵+防抢跑增强版) 启动成功
2026-04-24 14:32:24,821 |  当前运行模式: 本地撮合 (测试网行情)
2026-04-24 14:32:24,821 |  策略: 流动性+Sweep+区间评分 | 启动盈利:0.01% | 止损:2.5% | 区间有效期:动态ATR自适应
2026-04-24 14:32:24,822 | ======================================
2026-04-24 14:32:26,423 | [时间同步] 完成
2026-04-24 14:32:26,428 | [历史K线] 正在拉取初始1分钟和15分钟K线数据...
2026-04-24 14:32:27,777 | [历史K线] 成功加载 14 根 1分钟K线
2026-04-24 14:32:29,055 | [历史K线] 成功加载 2 根 15分钟K线
2026-04-24 14:32:29,058 | [余额同步] 本地模式，初始资金: 10000.0 U
2026-04-24 14:32:29,058 | [本地持仓] None
2026-04-24 14:32:29,062 | [余额同步] 本地模式，初始资金: 10000.0 U
2026-04-24 14:32:29,062 | [账户监控] 无持仓
2026-04-24 14:32:31,182 | Websocket connected
2026-04-24 14:32:31,183 | [WebSocket] 连接成功 ✅ (模式: 本地撮合-测试网行情)
2026-04-24 14:32:31,183 | [状态校准] 正在重新同步持仓与余额，清理幽灵状态...
2026-04-24 14:32:31,184 | [本地持仓] None
2026-04-24 14:32:31,684 | [余额同步] 本地模式，初始资金: 10000.0 U
2026-04-24 14:32:32,042 | [WebSocket] 行情订阅成功 ✅
2026-04-24 14:32:37,062 | [余额同步] 本地模式，初始资金: 10000.0 U
2026-04-24 14:32:37,063 | [账户监控] 无持仓
2026-04-24 14:32:45,063 | [余额同步] 本地模式，初始资金: 10000.0 U
2026-04-24 14:32:45,063 | [账户监控] 无持仓
2026-04-24 14:32:53,064 | [余额同步] 本地模式，初始资金: 10000.0 U
2026-04-24 14:32:53,064 | [账户监控] 无持仓
2026-04-24 14:33:01,064 | [余额同步] 本地模式，初始资金: 10000.0 U
2026-04-24 14:33:01,064 | [账户监控] 无持仓
2026-04-24 14:33:04,102 | ⚠️ aggTrade行情断流33秒！但底层连接存活，继续观察不重连...
2026-04-24 14:33:09,065 | [余额同步] 本地模式，初始资金: 10000.0 U
2026-04-24 14:33:09,065 | [账户监控] 无持仓
2026-04-24 14:33:09,103 | ⚠️ aggTrade行情断流38秒！但底层连接存活，继续观察不重连...
2026-04-24 14:33:14,106 | ⚠️ aggTrade行情断流43秒！但底层连接存活，继续观察不重连...
2026-04-24 14:33:17,065 | [余额同步] 本地模式，初始资金: 10000.0 U
2026-04-24 14:33:17,065 | [账户监控] 无持仓
2026-04-24 14:33:19,112 | ⚠️ aggTrade行情断流48秒！但底层连接存活，继续观察不重连...
2026-04-24 14:33:24,117 | ⚠️ aggTrade行情断流53秒！但底层连接存活，继续观察不重连...
2026-04-24 14:33:25,066 | [余额同步] 本地模式，初始资金: 10000.0 U
2026-04-24 14:33:25,066 | [账户监控] 无持仓
2026-04-24 14:33:29,118 | ⚠️ aggTrade行情断流58秒！但底层连接存活，继续观察不重连...
2026-04-24 14:33:33,066 | [余额同步] 本地模式，初始资金: 10000.0 U
2026-04-24 14:33:33,067 | [账户监控] 无持仓
2026-04-24 14:33:34,118 | ⚠️ aggTrade行情断流63秒！但底层连接存活，继续观察不重连...
2026-04-24 14:33:39,119 | ⚠️ aggTrade行情断流68秒！但底层连接存活，继续观察不重连...
2026-04-24 14:33:41,067 | [余额同步] 本地模式，初始资金: 10000.0 U
2026-04-24 14:33:41,067 | [账户监控] 无持仓
2026-04-24 14:33:44,119 | ⚠️ aggTrade行情断流73秒！但底层连接存活，继续观察不重连...
2026-04-24 14:33:49,068 | [余额同步] 本地模式，初始资金: 10000.0 U
2026-04-24 14:33:49,068 | [账户监控] 无持仓
2026-04-24 14:33:49,120 | ⚠️ aggTrade行情断流78秒！但底层连接存活，继续观察不重连...
2026-04-24 14:33:54,120 | ⚠️ aggTrade行情断流83秒！但底层连接存活，继续观察不重连...
2026-04-24 14:33:57,068 | [余额同步] 本地模式，初始资金: 10000.0 U
2026-04-24 14:33:57,068 | [账户监控] 无持仓
2026-04-24 14:33:59,120 | ⚠️ aggTrade行情断流88秒！但底层连接存活，继续观察不重连...
2026-04-24 14:34:04,121 | ⚠️ aggTrade行情断流93秒！但底层连接存活，继续观察不重连...
2026-04-24 14:34:05,069 | [余额同步] 本地模式，初始资金: 10000.0 U
2026-04-24 14:34:05,070 | [账户监控] 无持仓
2026-04-24 14:34:09,121 | ⚠️ aggTrade行情断流98秒！但底层连接存活，继续观察不重连...
2026-04-24 14:34:13,070 | [余额同步] 本地模式，初始资金: 10000.0 U
2026-04-24 14:34:13,070 | [账户监控] 无持仓
2026-04-24 14:34:14,121 | ⚠️ aggTrade行情断流103秒！但底层连接存活，继续观察不重连...
2026-04-24 14:34:19,122 | ⚠️ aggTrade行情断流108秒！但底层连接存活，继续观察不重连...
2026-04-24 14:34:21,070 | [余额同步] 本地模式，初始资金: 10000.0 U
2026-04-24 14:34:21,071 | [账户监控] 无持仓
2026-04-24 14:34:24,122 | ⚠️ aggTrade行情断流113秒！但底层连接存活，继续观察不重连...
2026-04-24 14:34:29,071 | [余额同步] 本地模式，初始资金: 10000.0 U
2026-04-24 14:34:29,071 | [账户监控] 无持仓
2026-04-24 14:34:29,123 | ⚠️ aggTrade行情断流118秒！但底层连接存活，继续观察不重连...
2026-04-24 14:34:34,123 | ⚠️ aggTrade行情断流123秒！但底层连接存活，继续观察不重连...
2026-04-24 14:34:37,072 | [余额同步] 本地模式，初始资金: 10000.0 U
2026-04-24 14:34:37,072 | [账户监控] 无持仓
2026-04-24 14:34:39,124 | ⚠️ aggTrade行情断流128秒！但底层连接存活，继续观察不重连...
2026-04-24 14:34:44,124 | ⚠️ aggTrade行情断流133秒！但底层连接存活，继续观察不重连...
2026-04-24 14:34:45,073 | [余额同步] 本地模式，初始资金: 10000.0 U
2026-04-24 14:34:45,073 | [账户监控] 无持仓
2026-04-24 14:34:49,124 | ⚠️ aggTrade行情断流138秒！但底层连接存活，继续观察不重连...
2026-04-24 14:34:53,074 | [余额同步] 本地模式，初始资金: 10000.0 U
2026-04-24 14:34:53,075 | [账户监控] 无持仓
2026-04-24 14:34:54,125 | ⚠️ aggTrade行情断流143秒！但底层连接存活，继续观察不重连...
2026-04-24 14:34:59,125 | ⚠️ aggTrade行情断流148秒！但底层连接存活，继续观察不重连...
2026-04-24 14:35:01,076 | [余额同步] 本地模式，初始资金: 10000.0 U
2026-04-24 14:35:01,076 | [账户监控] 无持仓
2026-04-24 14:35:04,126 | ⚠️ aggTrade行情断流153秒！但底层连接存活，继续观察不重连...
2026-04-24 14:35:09,076 | [余额同步] 本地模式，初始资金: 10000.0 U
2026-04-24 14:35:09,076 | [账户监控] 无持仓
2026-04-24 14:35:09,126 | ⚠️ aggTrade行情断流158秒！但底层连接存活，继续观察不重连...
2026-04-24 14:35:14,127 | ⚠️ aggTrade行情断流163秒！但底层连接存活，继续观察不重连...
2026-04-24 14:35:17,077 | [余额同步] 本地模式，初始资金: 10000.0 U
2026-04-24 14:35:17,077 | [账户监控] 无持仓
2026-04-24 14:35:19,127 | ⚠️ aggTrade行情断流168秒！但底层连接存活，继续观察不重连...
2026-04-24 14:35:24,129 | ⚠️ aggTrade行情断流173秒！但底层连接存活，继续观察不重连...
2026-04-24 14:35:25,077 | [余额同步] 本地模式，初始资金: 10000.0 U
2026-04-24 14:35:25,077 | [账户监控] 无持仓
2026-04-24 14:35:29,129 | ⚠️ aggTrade行情断流178秒！但底层连接存活，继续观察不重连...
2026-04-24 14:35:33,078 | [余额同步] 本地模式，初始资金: 10000.0 U
2026-04-24 14:35:33,078 | [账户监控] 无持仓
2026-04-24 14:35:34,129 | ⚠️ aggTrade行情断流183秒！但底层连接存活，继续观察不重连...
2026-04-24 14:35:39,130 | ⚠️ aggTrade行情断流188秒！但底层连接存活，继续观察不重连...
2026-04-24 14:35:41,109 | [余额同步] 本地模式，初始资金: 10000.0 U
2026-04-24 14:35:41,109 | [账户监控] 无持仓
2026-04-24 14:35:44,130 | ⚠️ aggTrade行情断流193秒！但底层连接存活，继续观察不重连...
2026-04-24 14:35:49,109 | [余额同步] 本地模式，初始资金: 10000.0 U
2026-04-24 14:35:49,109 | [账户监控] 无持仓
2026-04-24 14:35:49,131 | ⚠️ aggTrade行情断流198秒！但底层连接存活，继续观察不重连...
2026-04-24 14:35:54,131 | ⚠️ aggTrade行情断流203秒！但底层连接存活，继续观察不重连...
2026-04-24 14:35:57,110 | [余额同步] 本地模式，初始资金: 10000.0 U
2026-04-24 14:35:57,110 | [账户监控] 无持仓
2026-04-24 14:35:59,132 | ⚠️ aggTrade行情断流208秒！但底层连接存活，继续观察不重连...
2026-04-24 14:36:04,133 | ⚠️ aggTrade行情断流213秒！但底层连接存活，继续观察不重连...
2026-04-24 14:36:05,110 | [余额同步] 本地模式，初始资金: 10000.0 U
2026-04-24 14:36:05,110 | [账户监控] 无持仓
2026-04-24 14:36:09,134 | ⚠️ aggTrade行情断流218秒！但底层连接存活，继续观察不重连...
2026-04-24 14:36:13,110 | [余额同步] 本地模式，初始资金: 10000.0 U
2026-04-24 14:36:13,111 | [账户监控] 无持仓
2026-04-24 14:36:14,135 | ⚠️ aggTrade行情断流223秒！但底层连接存活，继续观察不重连...
2026-04-24 14:36:19,136 | ⚠️ aggTrade行情断流228秒！但底层连接存活，继续观察不重连...
2026-04-24 14:36:21,114 | [余额同步] 本地模式，初始资金: 10000.0 U
2026-04-24 14:36:21,118 | [账户监控] 无持仓
2026-04-24 14:36:24,136 | ⚠️ aggTrade行情断流233秒！但底层连接存活，继续观察不重连...
2026-04-24 14:36:29,120 | [余额同步] 本地模式，初始资金: 10000.0 U
2026-04-24 14:36:29,120 | [账户监控] 无持仓
2026-04-24 14:36:29,141 | ⚠️ aggTrade行情断流238秒！但底层连接存活，继续观察不重连...
2026-04-24 14:36:34,143 | ⚠️ aggTrade行情断流243秒！但底层连接存活，继续观察不重连...
2026-04-24 14:36:37,120 | [余额同步] 本地模式，初始资金: 10000.0 U
2026-04-24 14:36:37,121 | [账户监控] 无持仓
2026-04-24 14:36:39,145 | ⚠️ aggTrade行情断流248秒！但底层连接存活，继续观察不重连...
2026-04-24 14:36:44,145 | ⚠️ aggTrade行情断流253秒！但底层连接存活，继续观察不重连...
2026-04-24 14:36:45,122 | [余额同步] 本地模式，初始资金: 10000.0 U
2026-04-24 14:36:45,122 | [账户监控] 无持仓
2026-04-24 14:36:49,151 | ⚠️ aggTrade行情断流258秒！但底层连接存活，继续观察不重连...
2026-04-24 14:36:53,125 | [余额同步] 本地模式，初始资金: 10000.0 U
2026-04-24 14:36:53,125 | [账户监控] 无持仓
2026-04-24 14:36:54,153 | ⚠️ aggTrade行情断流263秒！但底层连接存活，继续观察不重连...
2026-04-24 14:36:59,154 | ⚠️ aggTrade行情断流268秒！但底层连接存活，继续观察不重连...
2026-04-24 14:37:01,131 | [余额同步] 本地模式，初始资金: 10000.0 U
2026-04-24 14:37:01,131 | [账户监控] 无持仓
2026-04-24 14:37:04,157 | ⚠️ aggTrade行情断流273秒！但底层连接存活，继续观察不重连...
2026-04-24 14:37:09,132 | [余额同步] 本地模式，初始资金: 10000.0 U
2026-04-24 14:37:09,132 | [账户监控] 无持仓
2026-04-24 14:37:09,158 | ⚠️ aggTrade行情断流278秒！但底层连接存活，继续观察不重连...
2026-04-24 14:37:14,158 | ⚠️ aggTrade行情断流283秒！但底层连接存活，继续观察不重连...
2026-04-24 14:37:17,133 | [余额同步] 本地模式，初始资金: 10000.0 U
2026-04-24 14:37:17,133 | [账户监控] 无持仓
2026-04-24 14:37:19,159 | ⚠️ aggTrade行情断流288秒！但底层连接存活，继续观察不重连...
2026-04-24 14:37:24,160 | ⚠️ aggTrade行情断流293秒！但底层连接存活，继续观察不重连...
2026-04-24 14:37:25,141 | [余额同步] 本地模式，初始资金: 10000.0 U
2026-04-24 14:37:25,141 | [账户监控] 无持仓
2026-04-24 14:37:29,160 | ⚠️ aggTrade行情断流298秒！但底层连接存活，继续观察不重连...
2026-04-24 14:37:33,142 | [余额同步] 本地模式，初始资金: 10000.0 U
2026-04-24 14:37:33,142 | [账户监控] 无持仓
2026-04-24 14:37:34,161 | ⚠️ aggTrade行情断流303秒！但底层连接存活，继续观察不重连...
2026-04-24 14:37:39,161 | ⚠️ aggTrade行情断流308秒！但底层连接存活，继续观察不重连...
2026-04-24 14:37:41,154 | [余额同步] 本地模式，初始资金: 10000.0 U
2026-04-24 14:37:41,154 | [账户监控] 无持仓
2026-04-24 14:37:44,162 | ⚠️ aggTrade行情断流313秒！但底层连接存活，继续观察不重连...
2026-04-24 14:37:49,154 | [余额同步] 本地模式，初始资金: 10000.0 U
2026-04-24 14:37:49,154 | [账户监控] 无持仓
2026-04-24 14:37:49,163 | ⚠️ aggTrade行情断流318秒！但底层连接存活，继续观察不重连...
2026-04-24 14:37:54,163 | ⚠️ aggTrade行情断流323秒！但底层连接存活，继续观察不重连...
2026-04-24 14:37:57,155 | [余额同步] 本地模式，初始资金: 10000.0 U
2026-04-24 14:37:57,155 | [账户监控] 无持仓
2026-04-24 14:37:59,163 | ⚠️ aggTrade行情断流328秒！但底层连接存活，继续观察不重连...
2026-04-24 14:38:04,164 | ⚠️ aggTrade行情断流333秒！但底层连接存活，继续观察不重连...
2026-04-24 14:38:05,156 | [余额同步] 本地模式，初始资金: 10000.0 U
2026-04-24 14:38:05,156 | [账户监控] 无持仓
2026-04-24 14:38:09,165 | ⚠️ aggTrade行情断流338秒！但底层连接存活，继续观察不重连...
2026-04-24 14:38:13,159 | [余额同步] 本地模式，初始资金: 10000.0 U
2026-04-24 14:38:13,159 | [账户监控] 无持仓
2026-04-24 14:38:14,165 | ⚠️ aggTrade行情断流343秒！但底层连接存活，继续观察不重连...
2026-04-24 14:38:19,166 | ⚠️ aggTrade行情断流348秒！但底层连接存活，继续观察不重连...
2026-04-24 14:38:21,161 | [余额同步] 本地模式，初始资金: 10000.0 U
2026-04-24 14:38:21,162 | [账户监控] 无持仓
2026-04-24 14:38:24,166 | ⚠️ aggTrade行情断流353秒！但底层连接存活，继续观察不重连...
2026-04-24 14:38:29,162 | [余额同步] 本地模式，初始资金: 10000.0 U
2026-04-24 14:38:29,162 | [账户监控] 无持仓
2026-04-24 14:38:29,167 | ⚠️ aggTrade行情断流358秒！但底层连接存活，继续观察不重连...
2026-04-24 14:38:34,167 | ⚠️ aggTrade行情断流363秒！但底层连接存活，继续观察不重连...
2026-04-24 14:38:37,162 | [余额同步] 本地模式，初始资金: 10000.0 U
2026-04-24 14:38:37,163 | [账户监控] 无持仓
2026-04-24 14:38:39,168 | ⚠️ aggTrade行情断流368秒！但底层连接存活，继续观察不重连...
2026-04-24 14:38:44,168 | ⚠️ aggTrade行情断流373秒！但底层连接存活，继续观察不重连...
2026-04-24 14:38:45,163 | [余额同步] 本地模式，初始资金: 10000.0 U
2026-04-24 14:38:45,164 | [账户监控] 无持仓
2026-04-24 14:38:49,169 | ⚠️ aggTrade行情断流378秒！但底层连接存活，继续观察不重连...
2026-04-24 14:38:53,164 | [余额同步] 本地模式，初始资金: 10000.0 U
2026-04-24 14:38:53,164 | [账户监控] 无持仓
2026-04-24 14:38:54,169 | ⚠️ aggTrade行情断流383秒！但底层连接存活，继续观察不重连...
2026-04-24 14:38:59,171 | ⚠️ aggTrade行情断流388秒！但底层连接存活，继续观察不重连...
2026-04-24 14:39:01,164 | [余额同步] 本地模式，初始资金: 10000.0 U
2026-04-24 14:39:01,165 | [账户监控] 无持仓
2026-04-24 14:39:04,173 | ⚠️ aggTrade行情断流393秒！但底层连接存活，继续观察不重连...
2026-04-24 14:39:09,165 | [余额同步] 本地模式，初始资金: 10000.0 U
2026-04-24 14:39:09,166 | [账户监控] 无持仓
2026-04-24 14:39:09,174 | ⚠️ aggTrade行情断流398秒！但底层连接存活，继续观察不重连...
2026-04-24 14:39:14,175 | ⚠️ aggTrade行情断流403秒！但底层连接存活，继续观察不重连...
2026-04-24 14:39:17,166 | [余额同步] 本地模式，初始资金: 10000.0 U
2026-04-24 14:39:17,167 | [账户监控] 无持仓
2026-04-24 14:39:19,177 | ⚠️ aggTrade行情断流408秒！但底层连接存活，继续观察不重连...
2026-04-24 14:39:24,178 | ⚠️ aggTrade行情断流413秒！但底层连接存活，继续观察不重连...
2026-04-24 14:39:25,167 | [余额同步] 本地模式，初始资金: 10000.0 U
2026-04-24 14:39:25,168 | [账户监控] 无持仓
2026-04-24 14:39:29,178 | ⚠️ aggTrade行情断流418秒！但底层连接存活，继续观察不重连...
2026-04-24 14:39:33,168 | [余额同步] 本地模式，初始资金: 10000.0 U
2026-04-24 14:39:33,168 | [账户监控] 无持仓
2026-04-24 14:39:34,179 | ⚠️ aggTrade行情断流423秒！但底层连接存活，继续观察不重连...
2026-04-24 14:39:39,180 | ⚠️ aggTrade行情断流428秒！但底层连接存活，继续观察不重连...
2026-04-24 14:39:41,177 | [余额同步] 本地模式，初始资金: 10000.0 U
2026-04-24 14:39:41,177 | [账户监控] 无持仓
2026-04-24 14:39:44,181 | ⚠️ aggTrade行情断流433秒！但底层连接存活，继续观察不重连...
2026-04-24 14:39:49,179 | [余额同步] 本地模式，初始资金: 10000.0 U
2026-04-24 14:39:49,179 | [账户监控] 无持仓
2026-04-24 14:39:49,182 | ⚠️ aggTrade行情断流438秒！但底层连接存活，继续观察不重连...
2026-04-24 14:39:54,182 | ⚠️ aggTrade行情断流443秒！但底层连接存活，继续观察不重连...
2026-04-24 14:39:57,180 | [余额同步] 本地模式，初始资金: 10000.0 U
2026-04-24 14:39:57,180 | [账户监控] 无持仓
2026-04-24 14:39:59,183 | ⚠️ aggTrade行情断流448秒！但底层连接存活，继续观察不重连...
2026-04-24 14:40:04,183 | ⚠️ aggTrade行情断流453秒！但底层连接存活，继续观察不重连...
2026-04-24 14:40:05,181 | [余额同步] 本地模式，初始资金: 10000.0 U
2026-04-24 14:40:05,181 | [账户监控] 无持仓
2026-04-24 14:40:09,184 | ⚠️ aggTrade行情断流458秒！但底层连接存活，继续观察不重连...
2026-04-24 14:40:13,181 | [余额同步] 本地模式，初始资金: 10000.0 U
2026-04-24 14:40:13,181 | [账户监控] 无持仓
2026-04-24 14:40:14,187 | ⚠️ aggTrade行情断流463秒！但底层连接存活，继续观察不重连...
2026-04-24 14:40:19,188 | ⚠️ aggTrade行情断流468秒！但底层连接存活，继续观察不重连...
2026-04-24 14:40:21,182 | [余额同步] 本地模式，初始资金: 10000.0 U
2026-04-24 14:40:21,182 | [账户监控] 无持仓
2026-04-24 14:40:24,188 | ⚠️ aggTrade行情断流473秒！但底层连接存活，继续观察不重连...
2026-04-24 14:40:29,183 | [余额同步] 本地模式，初始资金: 10000.0 U
2026-04-24 14:40:29,183 | [账户监控] 无持仓
2026-04-24 14:40:29,188 | ⚠️ aggTrade行情断流478秒！但底层连接存活，继续观察不重连...
2026-04-24 14:40:34,190 | ⚠️ aggTrade行情断流483秒！但底层连接存活，继续观察不重连...
2026-04-24 14:40:37,183 | [余额同步] 本地模式，初始资金: 10000.0 U
2026-04-24 14:40:37,183 | [账户监控] 无持仓
2026-04-24 14:40:39,191 | ⚠️ aggTrade行情断流488秒！但底层连接存活，继续观察不重连...
2026-04-24 14:40:44,191 | ⚠️ aggTrade行情断流493秒！但底层连接存活，继续观察不重连...
2026-04-24 14:40:45,183 | [余额同步] 本地模式，初始资金: 10000.0 U
2026-04-24 14:40:45,183 | [账户监控] 无持仓
2026-04-24 14:40:49,192 | ⚠️ aggTrade行情断流498秒！但底层连接存活，继续观察不重连...
2026-04-24 14:40:53,184 | [余额同步] 本地模式，初始资金: 10000.0 U
2026-04-24 14:40:53,185 | [账户监控] 无持仓
2026-04-24 14:40:54,192 | ⚠️ aggTrade行情断流503秒！但底层连接存活，继续观察不重连...
2026-04-24 14:40:59,193 | ⚠️ aggTrade行情断流508秒！但底层连接存活，继续观察不重连...
2026-04-24 14:41:01,185 | [余额同步] 本地模式，初始资金: 10000.0 U
2026-04-24 14:41:01,186 | [账户监控] 无持仓
2026-04-24 14:41:04,193 | ⚠️ aggTrade行情断流513秒！但底层连接存活，继续观察不重连...
2026-04-24 14:41:09,186 | [余额同步] 本地模式，初始资金: 10000.0 U
2026-04-24 14:41:09,186 | [账户监控] 无持仓
2026-04-24 14:41:09,194 | ⚠️ aggTrade行情断流518秒！但底层连接存活，继续观察不重连...
2026-04-24 14:41:14,194 | ⚠️ aggTrade行情断流523秒！但底层连接存活，继续观察不重连...
2026-04-24 14:41:17,187 | [余额同步] 本地模式，初始资金: 10000.0 U
2026-04-24 14:41:17,187 | [账户监控] 无持仓
2026-04-24 14:41:19,195 | ⚠️ aggTrade行情断流528秒！但底层连接存活，继续观察不重连...
2026-04-24 14:41:24,195 | ⚠️ aggTrade行情断流533秒！但底层连接存活，继续观察不重连...
2026-04-24 14:41:25,188 | [余额同步] 本地模式，初始资金: 10000.0 U
2026-04-24 14:41:25,188 | [账户监控] 无持仓
2026-04-24 14:41:29,196 | ⚠️ aggTrade行情断流538秒！但底层连接存活，继续观察不重连...
2026-04-24 14:41:33,191 | [余额同步] 本地模式，初始资金: 10000.0 U
2026-04-24 14:41:33,191 | [账户监控] 无持仓
2026-04-24 14:41:34,196 | ⚠️ aggTrade行情断流543秒！但底层连接存活，继续观察不重连...
2026-04-24 14:41:39,201 | ⚠️ aggTrade行情断流548秒！但底层连接存活，继续观察不重连...
2026-04-24 14:41:41,193 | [余额同步] 本地模式，初始资金: 10000.0 U
2026-04-24 14:41:41,194 | [账户监控] 无持仓
2026-04-24 14:41:44,201 | ⚠️ aggTrade行情断流553秒！但底层连接存活，继续观察不重连...
2026-04-24 14:41:49,194 | [余额同步] 本地模式，初始资金: 10000.0 U
2026-04-24 14:41:49,195 | [账户监控] 无持仓
2026-04-24 14:41:49,202 | ⚠️ aggTrade行情断流558秒！但底层连接存活，继续观察不重连...
2026-04-24 14:41:51,702 | [程序退出]
