2026-04-10 21:58:06,480 | Imported existing <module 'comtypes.gen' from 'F:\\PRO_BTC\\.venv\\Lib\\site-packages\\comtypes\\gen\\__init__.py'>
2026-04-10 21:58:06,480 | Using writeable comtypes cache directory: 'F:\PRO_BTC\.venv\Lib\site-packages\comtypes\gen'
2026-04-10 21:58:07,747 | ======================================
2026-04-10 21:58:07,747 |         V18 官方合规版 启动成功
2026-04-10 21:58:07,747 | ======================================
2026-04-10 21:58:09,346 | [时间同步] 完成
2026-04-10 21:58:10,838 | [持仓] short | 数量:0.004 | 均价:72153.3
2026-04-10 21:58:12,292 | [持仓监控] short | 数量:0.004 | 价值:288.61U | 均价:72153.3 | 浮盈:0.00U | 杠杆:20.0x
2026-04-10 21:58:12,824 | Websocket connected
2026-04-10 21:58:12,825 | [WebSocket] 连接成功 ✅
2026-04-10 21:58:14,352 | [持仓] short | 数量:0.004 | 均价:72153.3
2026-04-10 21:58:14,731 | [WebSocket] 行情订阅成功 ✅
2026-04-10 21:58:14,859 | [价格] 72194.2
2026-04-10 21:58:22,121 | [持仓监控] short | 数量:0.004 | 价值:288.78U | 均价:72153.3 | 浮盈:-0.16U | 杠杆:20.0x
2026-04-10 21:58:25,848 | ⚠️ WebSocket可能断流（10秒无数据）
2026-04-10 21:58:30,849 | ⚠️ WebSocket可能断流（10秒无数据）
2026-04-10 21:58:31,630 | [持仓监控] short | 数量:0.004 | 价值:288.78U | 均价:72153.3 | 浮盈:-0.16U | 杠杆:20.0x
2026-04-10 21:58:35,850 | ⚠️ WebSocket可能断流（10秒无数据）
2026-04-10 21:58:40,850 | ⚠️ WebSocket可能断流（10秒无数据）
2026-04-10 21:58:41,389 | [持仓监控] short | 数量:0.004 | 价值:288.78U | 均价:72153.3 | 浮盈:-0.16U | 杠杆:20.0x
2026-04-10 21:58:45,851 | ⚠️ WebSocket可能断流（10秒无数据）
2026-04-10 21:58:50,851 | ⚠️ WebSocket可能断流（10秒无数据）
2026-04-10 21:58:50,896 | [持仓监控] short | 数量:0.004 | 价值:288.78U | 均价:72153.3 | 浮盈:-0.16U | 杠杆:20.0x
2026-04-10 21:58:55,852 | ⚠️ WebSocket可能断流（10秒无数据）
2026-04-10 21:59:00,852 | ⚠️ WebSocket可能断流（10秒无数据）
2026-04-10 21:59:00,967 | [持仓监控] short | 数量:0.004 | 价值:288.78U | 均价:72153.3 | 浮盈:-0.16U | 杠杆:20.0x
2026-04-10 21:59:04,833 | [程序退出]
