2026-04-24 20:12:38,625 | ======================================
2026-04-24 20:12:38,626 |  V23 流动性剃头皮策略 (防卡死+防幽灵+防抢跑增强版) 启动成功
2026-04-24 20:12:38,626 |  当前运行模式: 本地撮合 (测试网行情)
2026-04-24 20:12:38,626 |  策略: 流动性+Sweep+区间评分 | 启动盈利:0.01% | 止损:2.5% | 区间有效期:动态ATR自适应
2026-04-24 20:12:38,626 | ======================================
2026-04-24 20:12:39,925 | [时间同步] 完成
2026-04-24 20:12:39,926 | [历史K线] 正在拉取初始1分钟和15分钟K线数据...
2026-04-24 20:12:40,873 | [历史K线] 成功加载 14 根 1分钟K线
2026-04-24 20:12:41,820 | [历史K线] 成功加载 2 根 15分钟K线
2026-04-24 20:12:41,831 | [余额同步] 本地模式，初始资金: 10000.0 U
2026-04-24 20:12:41,831 | [本地持仓] None
2026-04-24 20:12:41,834 | [余额同步] 本地模式，初始资金: 10000.0 U
2026-04-24 20:12:41,834 | [账户监控] 无持仓
2026-04-24 20:12:42,812 | Websocket connected
2026-04-24 20:12:42,814 | [WebSocket] 连接成功 ✅ (模式: 本地撮合-测试网行情)
2026-04-24 20:12:42,814 | [状态校准] 正在重新同步持仓与余额，清理幽灵状态...
2026-04-24 20:12:42,814 | [本地持仓] None
2026-04-24 20:12:43,314 | [余额同步] 本地模式，初始资金: 10000.0 U
2026-04-24 20:12:43,557 | [WebSocket] 行情订阅成功 ✅
2026-04-24 20:12:49,835 | [余额同步] 本地模式，初始资金: 10000.0 U
2026-04-24 20:12:49,835 | [账户监控] 无持仓
2026-04-24 20:12:57,835 | [余额同步] 本地模式，初始资金: 10000.0 U
2026-04-24 20:12:57,835 | [账户监控] 无持仓
2026-04-24 20:13:05,836 | [余额同步] 本地模式，初始资金: 10000.0 U
2026-04-24 20:13:05,836 | [账户监控] 无持仓
2026-04-24 20:13:13,850 | [余额同步] 本地模式，初始资金: 10000.0 U
2026-04-24 20:13:13,850 | [账户监控] 无持仓
2026-04-24 20:13:17,707 | ⚠️ aggTrade行情断流35秒！但底层连接存活，继续观察不重连...
2026-04-24 20:13:21,851 | [余额同步] 本地模式，初始资金: 10000.0 U
2026-04-24 20:13:21,851 | [账户监控] 无持仓
2026-04-24 20:13:23,128 | ⚠️ aggTrade行情断流40秒！但底层连接存活，继续观察不重连...
2026-04-24 20:13:27,409 | [WebSocket 错误] Connection to remote host was lost.
2026-04-24 20:13:27,409 | Connection to remote host was lost. - goodbye
2026-04-24 20:13:27,409 | [WebSocket] 断开，自动重连中...
2026-04-24 20:13:28,142 | ⚠️ aggTrade行情断流45秒！但底层连接存活，继续观察不重连...
2026-04-24 20:13:29,862 | [余额同步] 本地模式，初始资金: 10000.0 U
2026-04-24 20:13:29,862 | [账户监控] 无持仓
2026-04-24 20:13:32,412 | [程序退出]
