2026-04-24 21:13:01,773 | ======================================
2026-04-24 21:13:01,773 |         V19 终极防洗版 启动成功
2026-04-24 21:13:01,773 |         当前运行模式: 本地撮合 (实盘行情)
2026-04-24 21:13:01,773 |         仓位控制: 总资金 30% 动态开仓
2026-04-24 21:13:01,773 | ======================================
2026-04-24 21:13:02,376 | [时间同步] 完成
2026-04-24 21:13:02,377 | [余额同步] 本地模式，初始资金: 10000.0 U
2026-04-24 21:13:02,377 | [本地持仓] None
2026-04-24 21:13:02,379 | [余额同步] 本地模式，初始资金: 10000.0 U
2026-04-24 21:13:02,379 | [本地持仓监控] 无持仓 | 账户余额:10000.0 U | 预计开仓量:0.05
2026-04-24 21:13:07,379 | ⚠️ WebSocket可能断流（10秒无数据）
2026-04-24 21:13:10,382 | [余额同步] 本地模式，初始资金: 10000.0 U
2026-04-24 21:13:10,382 | [本地持仓监控] 无持仓 | 账户余额:10000.0 U | 预计开仓量:0.05
2026-04-24 21:13:12,380 | ⚠️ WebSocket可能断流（10秒无数据）
2026-04-24 21:13:17,380 | ⚠️ WebSocket可能断流（10秒无数据）
2026-04-24 21:13:18,382 | [余额同步] 本地模式，初始资金: 10000.0 U
2026-04-24 21:13:18,382 | [本地持仓监控] 无持仓 | 账户余额:10000.0 U | 预计开仓量:0.05
2026-04-24 21:13:19,973 | Websocket connected
2026-04-24 21:13:19,974 | [WebSocket] 连接成功 ✅ (模式: 本地撮合-实盘行情)
2026-04-24 21:13:19,974 | [本地持仓] None
2026-04-24 21:13:20,116 | [WebSocket] 行情订阅成功 ✅
2026-04-24 21:13:26,383 | [余额同步] 本地模式，初始资金: 10000.0 U
2026-04-24 21:13:26,383 | [本地持仓监控] 无持仓 | 账户余额:10000.0 U | 预计开仓量:0.05
2026-04-24 21:13:34,383 | [余额同步] 本地模式，初始资金: 10000.0 U
2026-04-24 21:13:34,383 | [本地持仓监控] 无持仓 | 账户余额:10000.0 U | 预计开仓量:0.05
2026-04-24 21:13:42,616 | [余额同步] 本地模式，初始资金: 10000.0 U
2026-04-24 21:13:42,616 | [本地持仓监控] 无持仓 | 账户余额:10000.0 U | 预计开仓量:0.05
2026-04-24 21:13:50,616 | [余额同步] 本地模式，初始资金: 10000.0 U
2026-04-24 21:13:50,616 | [本地持仓监控] 无持仓 | 账户余额:10000.0 U | 预计开仓量:0.05
2026-04-24 21:13:58,282 | [WebSocket 错误] Connection to remote host was lost.
2026-04-24 21:13:58,282 | Connection to remote host was lost. - goodbye
2026-04-24 21:13:58,282 | [WebSocket] 断开，自动重连中...
2026-04-24 21:13:58,629 | [余额同步] 本地模式，初始资金: 10000.0 U
2026-04-24 21:13:58,629 | [本地持仓监控] 无持仓 | 账户余额:10000.0 U | 预计开仓量:0.05
2026-04-24 21:14:02,401 | [程序退出]
