2026-04-17 23:22:51,977 | ======================================
2026-04-17 23:22:51,977 |  V23 流动性剃头皮策略 (防骗线+动能过滤版) 启动成功
2026-04-17 23:22:51,978 |  当前运行模式: 本地撮合 (测试网行情)
2026-04-17 23:22:51,978 |  策略: 流动性+Sweep | 启动盈利:0.01% | 止损:0.08% | 区间有效期:120秒
2026-04-17 23:22:51,978 | ======================================
2026-04-17 23:22:53,351 | [时间同步] 完成
2026-04-17 23:22:53,352 | [历史K线] 正在拉取初始1分钟和15分钟K线数据...
2026-04-17 23:22:54,697 | [历史K线] 成功加载 14 根 1分钟K线
2026-04-17 23:22:56,160 | [历史K线] 成功加载 2 根 15分钟K线
2026-04-17 23:22:56,171 | [余额同步] 本地模式，初始资金: 10000.0 U
2026-04-17 23:22:56,171 | [本地持仓] None
2026-04-17 23:22:56,174 | [余额同步] 本地模式，初始资金: 10000.0 U
2026-04-17 23:22:56,174 | [账户监控] 无持仓
2026-04-17 23:22:58,171 | Websocket connected
2026-04-17 23:22:58,172 | [WebSocket] 连接成功 ✅ (模式: 本地撮合-测试网行情)
2026-04-17 23:22:58,172 | [状态校准] 正在重新同步持仓与余额，清理幽灵状态...
2026-04-17 23:22:58,172 | [本地持仓] None
2026-04-17 23:22:58,673 | [余额同步] 本地模式，初始资金: 10000.0 U
2026-04-17 23:22:58,978 | [WebSocket] 行情订阅成功 ✅
2026-04-17 23:22:59,083 | [价格] Last:77812.4 | Mark:N/A | 延迟:0.0s | aggDelay:0.0s
2026-04-17 23:22:59,083 | [开仓雷达] 1.震荡市:代码✅ | 5K✅ | 2.基础✅(K:14 A:84.0 W:207.8) | 3.盈亏比✅(3.34≥1.3 需W>0.0) | 4.靠轨❌(多:❌ 空:❌) | 5.过滤❌(偏:bull 触:0 向:buy) | 6.时效✅(剩:120s) | ==> 综合: 多🔴 空🔴
2026-04-17 23:23:01,562 | [开仓雷达] 1.震荡市:代码✅ | 5K✅ | 2.基础✅(K:14 A:84.0 W:207.8) | 3.盈亏比✅(3.34≥1.3 需W>0.0) | 4.靠轨❌(多:❌ 空:❌) | 5.过滤❌(偏:bull 触:0 向:buy) | 6.时效✅(剩:118s) | ==> 综合: 多🔴 空🔴
2026-04-17 23:23:03,576 | [开仓雷达] 1.震荡市:代码✅ | 5K✅ | 2.基础✅(K:15 A:76.5 W:207.8) | 3.盈亏比✅(3.34≥1.3 需W>0.0) | 4.靠轨❌(多:❌ 空:❌) | 5.过滤❌(偏:bull 触:0 向:buy) | 6.时效✅(剩:116s) | ==> 综合: 多🔴 空🔴
2026-04-17 23:23:04,127 | [价格] Last:77812.4 | Mark:77888.7 | 延迟:0.0s | aggDelay:0.6s
2026-04-17 23:23:04,174 | [余额同步] 本地模式，初始资金: 10000.0 U
2026-04-17 23:23:04,174 | [账户监控] 无持仓
2026-04-17 23:23:05,870 | [开仓雷达] 1.震荡市:代码✅ | 5K✅ | 2.基础✅(K:15 A:76.5 W:207.8) | 3.盈亏比✅(3.34≥1.3 需W>0.0) | 4.靠轨❌(多:❌ 空:❌) | 5.过滤❌(偏:bull 触:0 向:buy) | 6.时效✅(剩:113s) | ==> 综合: 多🔴 空🔴
2026-04-17 23:23:07,136 | ⚠️ 价格偏离异常，暂停交易判断
2026-04-17 23:23:07,184 | ⚠️ 价格偏离异常，暂停交易判断
2026-04-17 23:23:07,844 | ⚠️ 价格偏离异常，暂停交易判断
2026-04-17 23:23:07,976 | ⚠️ 价格偏离异常，暂停交易判断
2026-04-17 23:23:08,539 | ⚠️ 价格偏离异常，暂停交易判断
2026-04-17 23:23:08,541 | [开仓雷达] 1.震荡市:代码✅ | 5K✅ | 2.基础✅(K:15 A:76.5 W:207.8) | 3.盈亏比✅(3.34≥1.3 需W>0.0) | 4.靠轨❌(多:❌ 空:❌) | 5.过滤❌(偏:bull 触:0 向:buy) | 6.时效✅(剩:111s) | ==> 综合: 多🔴 空🔴
2026-04-17 23:23:08,720 | ⚠️ 价格偏离异常，暂停交易判断
2026-04-17 23:23:09,499 | [价格] Last:77872.5 | Mark:77916.9 | 延迟:0.0s | aggDelay:0.0s
2026-04-17 23:23:11,624 | [开仓雷达] 1.震荡市:代码✅ | 5K✅ | 2.基础✅(K:15 A:76.5 W:207.8) | 3.盈亏比✅(3.34≥1.3 需W>0.0) | 4.靠轨❌(多:❌ 空:❌) | 5.过滤❌(偏:bear 触:0 向:buy) | 6.时效✅(剩:107s) | ==> 综合: 多🔴 空🔴
2026-04-17 23:23:11,770 | ⚠️ 价格偏离异常，暂停交易判断
2026-04-17 23:23:12,218 | [余额同步] 本地模式，初始资金: 10000.0 U
2026-04-17 23:23:12,219 | [账户监控] 无持仓
2026-04-17 23:23:12,605 | ⚠️ 价格偏离异常，暂停交易判断
2026-04-17 23:23:13,105 | ⚠️ 价格偏离异常，暂停交易判断
2026-04-17 23:23:13,134 | ⚠️ 价格偏离异常，暂停交易判断
2026-04-17 23:23:13,865 | [开仓雷达] 1.震荡市:代码✅ | 5K✅ | 2.基础✅(K:15 A:76.5 W:207.8) | 3.盈亏比✅(3.34≥1.3 需W>0.0) | 4.靠轨❌(多:❌ 空:❌) | 5.过滤❌(偏:bear 触:0 向:buy) | 6.时效✅(剩:105s) | ==> 综合: 多🔴 空🔴
2026-04-17 23:23:13,897 | ⚠️ 价格偏离异常，暂停交易判断
2026-04-17 23:23:13,999 | ⚠️ 价格偏离异常，暂停交易判断
2026-04-17 23:23:14,628 | [价格] Last:77910.4 | Mark:77923.1 | 延迟:0.0s | aggDelay:0.0s
2026-04-17 23:23:16,103 | [开仓雷达] 1.震荡市:代码✅ | 5K✅ | 2.基础✅(K:15 A:76.5 W:207.8) | 3.盈亏比✅(3.33≥1.3 需W>0.0) | 4.靠轨❌(多:❌ 空:❌) | 5.过滤✅(偏:bear 触:10 向:buy) | 6.时效✅(剩:103s) | ==> 综合: 多🔴 空🔴
2026-04-17 23:23:18,387 | [开仓雷达] 1.震荡市:代码✅ | 5K✅ | 2.基础✅(K:15 A:76.5 W:207.8) | 3.盈亏比✅(3.33≥1.3 需W>0.0) | 4.靠轨❌(多:❌ 空:❌) | 5.过滤✅(偏:bear 触:10 向:buy) | 6.时效✅(剩:101s) | ==> 综合: 多🔴 空🔴
2026-04-17 23:23:19,695 | [价格] Last:77916.8 | Mark:77910.1 | 延迟:0.0s | aggDelay:0.0s
2026-04-17 23:23:20,220 | [余额同步] 本地模式，初始资金: 10000.0 U
2026-04-17 23:23:20,220 | [账户监控] 无持仓
2026-04-17 23:23:21,642 | [开仓雷达] 1.震荡市:代码✅ | 5K✅ | 2.基础✅(K:15 A:76.5 W:207.8) | 3.盈亏比✅(3.33≥1.3 需W>0.0) | 4.靠轨❌(多:❌ 空:❌) | 5.过滤✅(偏:bull 触:10 向:sell) | 6.时效✅(剩:97s) | ==> 综合: 多🔴 空🔴
2026-04-17 23:23:23,980 | [开仓雷达] 1.震荡市:代码✅ | 5K✅ | 2.基础✅(K:15 A:76.5 W:207.8) | 3.盈亏比✅(3.33≥1.3 需W>0.0) | 4.靠轨❌(多:❌ 空:❌) | 5.过滤✅(偏:bull 触:10 向:sell) | 6.时效✅(剩:95s) | ==> 综合: 多🔴 空🔴
2026-04-17 23:23:25,118 | [价格] Last:77916.1 | Mark:77906.4 | 延迟:0.0s | aggDelay:0.6s
2026-04-17 23:23:26,148 | [开仓雷达] 1.震荡市:代码✅ | 5K✅ | 2.基础✅(K:15 A:76.5 W:207.8) | 3.盈亏比✅(3.33≥1.3 需W>0.0) | 4.靠轨❌(多:❌ 空:❌) | 5.过滤✅(偏:neutral 触:10 向:sell) | 6.时效✅(剩:93s) | ==> 综合: 多🔴 空🔴
2026-04-17 23:23:28,221 | [余额同步] 本地模式，初始资金: 10000.0 U
2026-04-17 23:23:28,221 | [账户监控] 无持仓
2026-04-17 23:23:28,404 | [开仓雷达] 1.震荡市:代码✅ | 5K✅ | 2.基础✅(K:15 A:76.5 W:207.8) | 3.盈亏比✅(3.33≥1.3 需W>0.0) | 4.靠轨❌(多:❌ 空:❌) | 5.过滤✅(偏:bull 触:10 向:buy) | 6.时效✅(剩:91s) | ==> 综合: 多🔴 空🔴
2026-04-17 23:23:30,760 | [价格] Last:77916.7 | Mark:77910.5 | 延迟:0.0s | aggDelay:0.0s
2026-04-17 23:23:30,760 | [开仓雷达] 1.震荡市:代码✅ | 5K✅ | 2.基础✅(K:15 A:76.5 W:207.8) | 3.盈亏比✅(3.33≥1.3 需W>0.0) | 4.靠轨❌(多:❌ 空:❌) | 5.过滤✅(偏:bull 触:10 向:buy) | 6.时效✅(剩:88s) | ==> 综合: 多🔴 空🔴
2026-04-17 23:23:32,969 | [开仓雷达] 1.震荡市:代码✅ | 5K✅ | 2.基础✅(K:15 A:76.5 W:207.8) | 3.盈亏比✅(3.33≥1.3 需W>0.0) | 4.靠轨❌(多:❌ 空:❌) | 5.过滤✅(偏:bear 触:10 向:sell) | 6.时效✅(剩:86s) | ==> 综合: 多🔴 空🔴
2026-04-17 23:23:35,202 | [开仓雷达] 1.震荡市:代码✅ | 5K✅ | 2.基础✅(K:15 A:76.5 W:207.8) | 3.盈亏比✅(3.33≥1.3 需W>0.0) | 4.靠轨❌(多:❌ 空:❌) | 5.过滤✅(偏:bear 触:10 向:sell) | 6.时效✅(剩:84s) | ==> 综合: 多🔴 空🔴
2026-04-17 23:23:36,194 | [价格] Last:77916.3 | Mark:77899.61724638 | 延迟:0.0s | aggDelay:0.0s
2026-04-17 23:23:36,222 | [余额同步] 本地模式，初始资金: 10000.0 U
2026-04-17 23:23:36,222 | [账户监控] 无持仓
2026-04-17 23:23:37,506 | [开仓雷达] 1.震荡市:代码✅ | 5K✅ | 2.基础✅(K:15 A:76.5 W:207.8) | 3.盈亏比✅(3.33≥1.3 需W>0.0) | 4.靠轨❌(多:❌ 空:❌) | 5.过滤✅(偏:bull 触:10 向:sell) | 6.时效✅(剩:82s) | ==> 综合: 多🔴 空🔴
2026-04-17 23:23:39,717 | [开仓雷达] 1.震荡市:代码✅ | 5K✅ | 2.基础✅(K:15 A:76.5 W:207.8) | 3.盈亏比✅(3.33≥1.3 需W>0.0) | 4.靠轨❌(多:❌ 空:❌) | 5.过滤✅(偏:bull 触:10 向:sell) | 6.时效✅(剩:79s) | ==> 综合: 多🔴 空🔴
2026-04-17 23:23:41,260 | [价格] Last:77914.1 | Mark:77902.98320158 | 延迟:0.0s | aggDelay:0.0s
2026-04-17 23:23:41,882 | [开仓雷达] 1.震荡市:代码✅ | 5K✅ | 2.基础✅(K:15 A:76.5 W:207.8) | 3.盈亏比✅(3.33≥1.3 需W>0.0) | 4.靠轨❌(多:❌ 空:❌) | 5.过滤✅(偏:bull 触:10 向:buy) | 6.时效✅(剩:77s) | ==> 综合: 多🔴 空🔴
2026-04-17 23:23:44,222 | [余额同步] 本地模式，初始资金: 10000.0 U
2026-04-17 23:23:44,222 | [账户监控] 无持仓
2026-04-17 23:23:44,827 | [开仓雷达] 1.震荡市:代码✅ | 5K✅ | 2.基础✅(K:15 A:76.5 W:207.8) | 3.盈亏比✅(3.33≥1.3 需W>0.0) | 4.靠轨❌(多:❌ 空:❌) | 5.过滤✅(偏:bull 触:10 向:sell) | 6.时效✅(剩:74s) | ==> 综合: 多🔴 空🔴
2026-04-17 23:23:46,774 | [价格] Last:77907.3 | Mark:77892.41509058 | 延迟:0.0s | aggDelay:0.0s
2026-04-17 23:23:47,168 | [开仓雷达] 1.震荡市:代码✅ | 5K✅ | 2.基础✅(K:15 A:76.5 W:207.8) | 3.盈亏比✅(3.33≥1.3 需W>0.0) | 4.靠轨❌(多:❌ 空:❌) | 5.过滤✅(偏:bear 触:10 向:sell) | 6.时效✅(剩:72s) | ==> 综合: 多🔴 空🔴
2026-04-17 23:23:49,219 | [开仓雷达] 1.震荡市:代码✅ | 5K✅ | 2.基础✅(K:15 A:76.5 W:207.8) | 3.盈亏比✅(3.33≥1.3 需W>0.0) | 4.靠轨❌(多:❌ 空:❌) | 5.过滤✅(偏:bull 触:10 向:sell) | 6.时效✅(剩:70s) | ==> 综合: 多🔴 空🔴
