2026-04-17 23:59:26,738 | ======================================
2026-04-17 23:59:26,738 |  V23 流动性剃头皮策略 (多因子评分增强版) 启动成功
2026-04-17 23:59:26,738 |  当前运行模式: 本地撮合 (测试网行情)
2026-04-17 23:59:26,738 |  策略: 流动性+Sweep+区间评分 | 启动盈利:0.01% | 止损:0.08% | 区间有效期:120秒
2026-04-17 23:59:26,738 | ======================================
2026-04-17 23:59:28,074 | [时间同步] 完成
2026-04-17 23:59:28,075 | [历史K线] 正在拉取初始1分钟和15分钟K线数据...
2026-04-17 23:59:29,381 | [历史K线] 成功加载 14 根 1分钟K线
2026-04-17 23:59:30,659 | [历史K线] 成功加载 2 根 15分钟K线
2026-04-17 23:59:30,670 | [余额同步] 本地模式，初始资金: 10000.0 U
2026-04-17 23:59:30,670 | [本地持仓] None
2026-04-17 23:59:30,672 | [余额同步] 本地模式，初始资金: 10000.0 U
2026-04-17 23:59:30,672 | [账户监控] 无持仓
2026-04-17 23:59:32,473 | Websocket connected
2026-04-17 23:59:32,474 | [WebSocket] 连接成功 ✅ (模式: 本地撮合-测试网行情)
2026-04-17 23:59:32,474 | [状态校准] 正在重新同步持仓与余额，清理幽灵状态...
2026-04-17 23:59:32,474 | [本地持仓] None
2026-04-17 23:59:32,974 | [余额同步] 本地模式，初始资金: 10000.0 U
2026-04-17 23:59:33,318 | [WebSocket] 行情订阅成功 ✅
2026-04-17 23:59:33,579 | [价格] Last:77734.2 | Mark:N/A | 延迟:0.0s | aggDelay:0.0s
2026-04-17 23:59:33,580 | [开仓雷达] 1.震荡市:代码✅(评分:75) | 5K✅ | 2.基础✅(K:14 A:82.4 W:452.8) | 3.盈亏比✅(7.28≥1.3 需W>0.0) | 4.靠轨❌(多:❌ 空:❌) | 5.过滤❌(偏:bull 触:0 向:sell) | 6.时效✅(剩:120s) | ==> 综合: 多🔴 空🔴
2026-04-17 23:59:35,687 | [开仓雷达] 1.震荡市:代码✅(评分:75) | 5K✅ | 2.基础✅(K:14 A:82.4 W:452.8) | 3.盈亏比✅(7.28≥1.3 需W>0.0) | 4.靠轨❌(多:❌ 空:❌) | 5.过滤❌(偏:bull 触:0 向:sell) | 6.时效✅(剩:118s) | ==> 综合: 多🔴 空🔴
2026-04-17 23:59:37,917 | [开仓雷达] 1.震荡市:代码✅(评分:75) | 5K✅ | 2.基础✅(K:14 A:82.4 W:452.8) | 3.盈亏比✅(7.28≥1.3 需W>0.0) | 4.靠轨❌(多:❌ 空:❌) | 5.过滤❌(偏:bull 触:0 向:sell) | 6.时效✅(剩:116s) | ==> 综合: 多🔴 空🔴
2026-04-17 23:59:38,581 | [价格] Last:77738.9 | Mark:77725.0 | 延迟:0.0s | aggDelay:0.0s
2026-04-17 23:59:38,673 | [余额同步] 本地模式，初始资金: 10000.0 U
2026-04-17 23:59:38,673 | [账户监控] 无持仓
2026-04-17 23:59:40,135 | [开仓雷达] 1.震荡市:代码✅(评分:75) | 5K✅ | 2.基础✅(K:14 A:82.4 W:452.8) | 3.盈亏比✅(7.28≥1.3 需W>0.0) | 4.靠轨❌(多:❌ 空:❌) | 5.过滤❌(偏:bull 触:0 向:sell) | 6.时效✅(剩:113s) | ==> 综合: 多🔴 空🔴
2026-04-17 23:59:43,011 | [开仓雷达] 1.震荡市:代码✅(评分:75) | 5K✅ | 2.基础✅(K:14 A:82.4 W:452.8) | 3.盈亏比✅(7.28≥1.3 需W>0.0) | 4.靠轨❌(多:❌ 空:❌) | 5.过滤❌(偏:bear 触:0 向:sell) | 6.时效✅(剩:111s) | ==> 综合: 多🔴 空🔴
2026-04-17 23:59:43,816 | [价格] Last:77746.1 | Mark:77727.7 | 延迟:0.0s | aggDelay:0.0s
2026-04-17 23:59:45,302 | [开仓雷达] 1.震荡市:代码✅(评分:75) | 5K✅ | 2.基础✅(K:14 A:82.4 W:452.8) | 3.盈亏比✅(7.28≥1.3 需W>0.0) | 4.靠轨❌(多:❌ 空:❌) | 5.过滤❌(偏:bear 触:0 向:buy) | 6.时效✅(剩:108s) | ==> 综合: 多🔴 空🔴
2026-04-17 23:59:46,673 | [余额同步] 本地模式，初始资金: 10000.0 U
2026-04-17 23:59:46,674 | [账户监控] 无持仓
2026-04-17 23:59:48,120 | [开仓雷达] 1.震荡市:代码✅(评分:75) | 5K✅ | 2.基础✅(K:14 A:82.4 W:452.8) | 3.盈亏比✅(7.28≥1.3 需W>0.0) | 4.靠轨❌(多:❌ 空:❌) | 5.过滤❌(偏:bear 触:0 向:sell) | 6.时效✅(剩:105s) | ==> 综合: 多🔴 空🔴
2026-04-17 23:59:49,179 | [价格] Last:77748.2 | Mark:77726.8 | 延迟:0.0s | aggDelay:0.6s
2026-04-17 23:59:50,270 | [开仓雷达] 1.震荡市:代码✅(评分:75) | 5K✅ | 2.基础✅(K:14 A:82.4 W:452.8) | 3.盈亏比✅(7.28≥1.3 需W>0.0) | 4.靠轨❌(多:❌ 空:❌) | 5.过滤❌(偏:bear 触:0 向:sell) | 6.时效✅(剩:103s) | ==> 综合: 多🔴 空🔴
2026-04-17 23:59:52,306 | [开仓雷达] 1.震荡市:代码✅(评分:75) | 5K✅ | 2.基础✅(K:14 A:82.4 W:452.8) | 3.盈亏比✅(7.28≥1.3 需W>0.0) | 4.靠轨❌(多:❌ 空:❌) | 5.过滤❌(偏:bear 触:0 向:sell) | 6.时效✅(剩:101s) | ==> 综合: 多🔴 空🔴
2026-04-17 23:59:54,340 | [价格] Last:77734.0 | Mark:77726.8 | 延迟:0.0s | aggDelay:0.0s
2026-04-17 23:59:54,340 | [开仓雷达] 1.震荡市:代码✅(评分:75) | 5K✅ | 2.基础✅(K:14 A:82.4 W:452.8) | 3.盈亏比✅(7.28≥1.3 需W>0.0) | 4.靠轨❌(多:❌ 空:❌) | 5.过滤❌(偏:bear 触:0 向:sell) | 6.时效✅(剩:99s) | ==> 综合: 多🔴 空🔴
2026-04-17 23:59:54,674 | [余额同步] 本地模式，初始资金: 10000.0 U
2026-04-17 23:59:54,674 | [账户监控] 无持仓
2026-04-17 23:59:57,103 | [开仓雷达] 1.震荡市:代码✅(评分:75) | 5K✅ | 2.基础✅(K:14 A:82.4 W:452.8) | 3.盈亏比✅(7.28≥1.3 需W>0.0) | 4.靠轨❌(多:❌ 空:❌) | 5.过滤❌(偏:bear 触:0 向:buy) | 6.时效✅(剩:96s) | ==> 综合: 多🔴 空🔴
2026-04-17 23:59:59,388 | [价格] Last:77734.0 | Mark:77726.8 | 延迟:0.0s | aggDelay:0.0s
2026-04-17 23:59:59,388 | [开仓雷达] 1.震荡市:代码✅(评分:75) | 5K✅ | 2.基础✅(K:14 A:82.4 W:452.8) | 3.盈亏比✅(7.28≥1.3 需W>0.0) | 4.靠轨❌(多:❌ 空:❌) | 5.过滤❌(偏:bear 触:0 向:sell) | 6.时效✅(剩:94s) | ==> 综合: 多🔴 空🔴
2026-04-18 00:00:01,633 | [开仓雷达] 1.震荡市:代码✅(评分:75) | 5K✅ | 2.基础✅(K:14 A:82.4 W:452.8) | 3.盈亏比✅(7.28≥1.3 需W>0.0) | 4.靠轨❌(多:❌ 空:❌) | 5.过滤❌(偏:bull 触:0 向:buy) | 6.时效✅(剩:92s) | ==> 综合: 多🔴 空🔴
2026-04-18 00:00:02,675 | [余额同步] 本地模式，初始资金: 10000.0 U
2026-04-18 00:00:02,675 | [账户监控] 无持仓
2026-04-18 00:00:04,152 | [开仓雷达] 1.震荡市:代码✅(评分:85) | 5K✅ | 2.基础✅(K:15 A:77.6 W:452.8) | 3.盈亏比✅(7.28≥1.3 需W>0.0) | 4.靠轨❌(多:❌ 空:❌) | 5.过滤❌(偏:bull 触:0 向:sell) | 6.时效✅(剩:89s) | ==> 综合: 多🔴 空🔴
2026-04-18 00:00:07,159 | [价格] Last:77726.4 | Mark:77724.3 | 延迟:0.0s | aggDelay:5.1s
2026-04-18 00:00:07,159 | [开仓雷达] 1.震荡市:代码✅(评分:85) | 5K✅ | 2.基础✅(K:15 A:77.6 W:452.8) | 3.盈亏比✅(7.28≥1.3 需W>0.0) | 4.靠轨❌(多:❌ 空:❌) | 5.过滤❌(偏:bull 触:0 向:sell) | 6.时效✅(剩:86s) | ==> 综合: 多🔴 空🔴
2026-04-18 00:00:10,152 | [开仓雷达] 1.震荡市:代码✅(评分:85) | 5K✅ | 2.基础✅(K:15 A:77.6 W:452.8) | 3.盈亏比✅(7.28≥1.3 需W>0.0) | 4.靠轨❌(多:❌ 空:❌) | 5.过滤❌(偏:bull 触:0 向:sell) | 6.时效✅(剩:83s) | ==> 综合: 多🔴 空🔴
2026-04-18 00:00:10,675 | [余额同步] 本地模式，初始资金: 10000.0 U
2026-04-18 00:00:10,675 | [账户监控] 无持仓
2026-04-18 00:00:12,449 | [价格] Last:77736.4 | Mark:77726.6 | 延迟:0.0s | aggDelay:0.0s
2026-04-18 00:00:12,449 | [开仓雷达] 1.震荡市:代码✅(评分:85) | 5K✅ | 2.基础✅(K:15 A:77.6 W:452.8) | 3.盈亏比✅(7.28≥1.3 需W>0.0) | 4.靠轨❌(多:❌ 空:❌) | 5.过滤❌(偏:bull 触:0 向:buy) | 6.时效✅(剩:81s) | ==> 综合: 多🔴 空🔴
2026-04-18 00:00:14,823 | [开仓雷达] 1.震荡市:代码✅(评分:85) | 5K✅ | 2.基础✅(K:15 A:77.6 W:452.8) | 3.盈亏比✅(7.28≥1.3 需W>0.0) | 4.靠轨❌(多:❌ 空:❌) | 5.过滤❌(偏:bull 触:0 向:sell) | 6.时效✅(剩:79s) | ==> 综合: 多🔴 空🔴
2026-04-18 00:00:16,983 | [开仓雷达] 1.震荡市:代码✅(评分:85) | 5K✅ | 2.基础✅(K:15 A:77.6 W:452.8) | 3.盈亏比✅(7.28≥1.3 需W>0.0) | 4.靠轨❌(多:❌ 空:❌) | 5.过滤❌(偏:bull 触:0 向:buy) | 6.时效✅(剩:77s) | ==> 综合: 多🔴 空🔴
2026-04-18 00:00:17,797 | [价格] Last:77726.4 | Mark:77728.8 | 延迟:0.0s | aggDelay:0.0s
2026-04-18 00:00:18,675 | [余额同步] 本地模式，初始资金: 10000.0 U
2026-04-18 00:00:18,675 | [账户监控] 无持仓
2026-04-18 00:00:19,143 | [开仓雷达] 1.震荡市:代码✅(评分:85) | 5K✅ | 2.基础✅(K:15 A:77.6 W:452.8) | 3.盈亏比✅(7.28≥1.3 需W>0.0) | 4.靠轨❌(多:❌ 空:❌) | 5.过滤❌(偏:bear 触:0 向:buy) | 6.时效✅(剩:74s) | ==> 综合: 多🔴 空🔴
2026-04-18 00:00:21,262 | [开仓雷达] 1.震荡市:代码✅(评分:85) | 5K✅ | 2.基础✅(K:15 A:77.6 W:452.8) | 3.盈亏比✅(7.28≥1.3 需W>0.0) | 4.靠轨❌(多:❌ 空:❌) | 5.过滤❌(偏:neutral 触:0 向:sell) | 6.时效✅(剩:72s) | ==> 综合: 多🔴 空🔴
2026-04-18 00:00:22,830 | [价格] Last:77741.6 | Mark:77740.1 | 延迟:0.0s | aggDelay:0.0s
2026-04-18 00:00:23,835 | [开仓雷达] 1.震荡市:代码✅(评分:85) | 5K✅ | 2.基础✅(K:15 A:77.6 W:452.8) | 3.盈亏比✅(7.28≥1.3 需W>0.0) | 4.靠轨❌(多:❌ 空:❌) | 5.过滤❌(偏:neutral 触:0 向:sell) | 6.时效✅(剩:70s) | ==> 综合: 多🔴 空🔴
2026-04-18 00:00:26,595 | [开仓雷达] 1.震荡市:代码✅(评分:85) | 5K✅ | 2.基础✅(K:15 A:77.6 W:452.8) | 3.盈亏比✅(7.28≥1.3 需W>0.0) | 4.靠轨❌(多:❌ 空:❌) | 5.过滤❌(偏:bear 触:0 向:sell) | 6.时效✅(剩:67s) | ==> 综合: 多🔴 空🔴
2026-04-18 00:00:26,676 | [余额同步] 本地模式，初始资金: 10000.0 U
2026-04-18 00:00:26,676 | [账户监控] 无持仓
2026-04-18 00:00:27,873 | [价格] Last:77727.0 | Mark:77735.1 | 延迟:0.0s | aggDelay:0.0s
2026-04-18 00:00:28,641 | [开仓雷达] 1.震荡市:代码✅(评分:85) | 5K✅ | 2.基础✅(K:15 A:77.6 W:452.8) | 3.盈亏比✅(7.28≥1.3 需W>0.0) | 4.靠轨❌(多:❌ 空:❌) | 5.过滤❌(偏:bull 触:0 向:sell) | 6.时效✅(剩:65s) | ==> 综合: 多🔴 空🔴
2026-04-18 00:00:31,052 | [开仓雷达] 1.震荡市:代码✅(评分:85) | 5K✅ | 2.基础✅(K:15 A:77.6 W:452.8) | 3.盈亏比✅(7.28≥1.3 需W>0.0) | 4.靠轨❌(多:❌ 空:❌) | 5.过滤❌(偏:bull 触:0 向:sell) | 6.时效✅(剩:63s) | ==> 综合: 多🔴 空🔴
2026-04-18 00:00:33,320 | [价格] Last:77735.9 | Mark:77689.82056159 | 延迟:0.0s | aggDelay:0.0s
2026-04-18 00:00:33,320 | [开仓雷达] 1.震荡市:代码✅(评分:85) | 5K✅ | 2.基础✅(K:15 A:77.6 W:452.8) | 3.盈亏比✅(7.28≥1.3 需W>0.0) | 4.靠轨❌(多:❌ 空:❌) | 5.过滤❌(偏:bull 触:0 向:sell) | 6.时效✅(剩:60s) | ==> 综合: 多🔴 空🔴
2026-04-18 00:00:34,722 | [余额同步] 本地模式，初始资金: 10000.0 U
2026-04-18 00:00:34,722 | [账户监控] 无持仓
2026-04-18 00:00:35,361 | [开仓雷达] 1.震荡市:代码✅(评分:85) | 5K✅ | 2.基础✅(K:15 A:77.6 W:452.8) | 3.盈亏比✅(7.28≥1.3 需W>0.0) | 4.靠轨❌(多:❌ 空:❌) | 5.过滤❌(偏:bear 触:0 向:sell) | 6.时效✅(剩:58s) | ==> 综合: 多🔴 空🔴
2026-04-18 00:00:37,832 | [开仓雷达] 1.震荡市:代码✅(评分:85) | 5K✅ | 2.基础✅(K:15 A:77.6 W:452.8) | 3.盈亏比✅(7.28≥1.3 需W>0.0) | 4.靠轨❌(多:❌ 空:❌) | 5.过滤❌(偏:bear 触:0 向:sell) | 6.时效✅(剩:56s) | ==> 综合: 多🔴 空🔴
2026-04-18 00:00:38,734 | [价格] Last:77726.4 | Mark:77693.50934783 | 延迟:0.0s | aggDelay:0.0s
2026-04-18 00:00:40,176 | [开仓雷达] 1.震荡市:代码✅(评分:85) | 5K✅ | 2.基础✅(K:15 A:77.6 W:452.8) | 3.盈亏比✅(7.28≥1.3 需W>0.0) | 4.靠轨❌(多:❌ 空:❌) | 5.过滤❌(偏:neutral 触:0 向:sell) | 6.时效✅(剩:53s) | ==> 综合: 多🔴 空🔴
2026-04-18 00:00:42,290 | [开仓雷达] 1.震荡市:代码✅(评分:85) | 5K✅ | 2.基础✅(K:15 A:77.6 W:452.8) | 3.盈亏比✅(7.28≥1.3 需W>0.0) | 4.靠轨❌(多:❌ 空:❌) | 5.过滤❌(偏:bull 触:0 向:sell) | 6.时效✅(剩:51s) | ==> 综合: 多🔴 空🔴
2026-04-18 00:00:42,723 | [余额同步] 本地模式，初始资金: 10000.0 U
2026-04-18 00:00:42,723 | [账户监控] 无持仓
2026-04-18 00:00:44,024 | [价格] Last:77731.0 | Mark:77684.95173913 | 延迟:0.0s | aggDelay:0.0s
2026-04-18 00:00:44,299 | [开仓雷达] 1.震荡市:代码✅(评分:85) | 5K✅ | 2.基础✅(K:15 A:77.6 W:452.8) | 3.盈亏比✅(7.28≥1.3 需W>0.0) | 4.靠轨❌(多:❌ 空:❌) | 5.过滤❌(偏:bear 触:0 向:buy) | 6.时效✅(剩:49s) | ==> 综合: 多🔴 空🔴
2026-04-18 00:00:46,740 | [开仓雷达] 1.震荡市:代码✅(评分:85) | 5K✅ | 2.基础✅(K:15 A:77.6 W:452.8) | 3.盈亏比✅(7.28≥1.3 需W>0.0) | 4.靠轨❌(多:❌ 空:❌) | 5.过滤❌(偏:bear 触:0 向:sell) | 6.时效✅(剩:47s) | ==> 综合: 多🔴 空🔴
2026-04-18 00:00:48,752 | [开仓雷达] 1.震荡市:代码✅(评分:85) | 5K✅ | 2.基础✅(K:15 A:77.6 W:452.8) | 3.盈亏比✅(7.28≥1.3 需W>0.0) | 4.靠轨❌(多:❌ 空:❌) | 5.过滤❌(偏:bear 触:0 向:sell) | 6.时效✅(剩:45s) | ==> 综合: 多🔴 空🔴
2026-04-18 00:00:49,154 | [价格] Last:77739.0 | Mark:77669.25695652 | 延迟:0.0s | aggDelay:0.4s
2026-04-18 00:00:50,723 | [余额同步] 本地模式，初始资金: 10000.0 U
2026-04-18 00:00:50,723 | [账户监控] 无持仓
2026-04-18 00:00:51,192 | [开仓雷达] 1.震荡市:代码✅(评分:85) | 5K✅ | 2.基础✅(K:15 A:77.6 W:452.8) | 3.盈亏比✅(7.28≥1.3 需W>0.0) | 4.靠轨❌(多:❌ 空:❌) | 5.过滤❌(偏:bear 触:0 向:sell) | 6.时效✅(剩:42s) | ==> 综合: 多🔴 空🔴
2026-04-18 00:00:53,590 | [开仓雷达] 1.震荡市:代码✅(评分:85) | 5K✅ | 2.基础✅(K:15 A:77.6 W:452.8) | 3.盈亏比✅(7.28≥1.3 需W>0.0) | 4.靠轨❌(多:❌ 空:❌) | 5.过滤❌(偏:bear 触:0 向:sell) | 6.时效✅(剩:40s) | ==> 综合: 多🔴 空🔴
2026-04-18 00:00:54,225 | [价格] Last:77737.4 | Mark:77678.1 | 延迟:0.0s | aggDelay:0.0s
2026-04-18 00:00:55,660 | [开仓雷达] 1.震荡市:代码✅(评分:85) | 5K✅ | 2.基础✅(K:15 A:77.6 W:452.8) | 3.盈亏比✅(7.28≥1.3 需W>0.0) | 4.靠轨❌(多:❌ 空:❌) | 5.过滤❌(偏:bear 触:0 向:sell) | 6.时效✅(剩:38s) | ==> 综合: 多🔴 空🔴
2026-04-18 00:00:58,006 | [开仓雷达] 1.震荡市:代码✅(评分:85) | 5K✅ | 2.基础✅(K:15 A:77.6 W:452.8) | 3.盈亏比✅(7.28≥1.3 需W>0.0) | 4.靠轨❌(多:❌ 空:❌) | 5.过滤❌(偏:bear 触:0 向:sell) | 6.时效✅(剩:36s) | ==> 综合: 多🔴 空🔴
2026-04-18 00:00:58,724 | [余额同步] 本地模式，初始资金: 10000.0 U
2026-04-18 00:00:58,724 | [账户监控] 无持仓
2026-04-18 00:00:59,410 | [价格] Last:77741.0 | Mark:77682.34190217 | 延迟:0.0s | aggDelay:0.0s
2026-04-18 00:01:00,175 | [开仓雷达] 1.震荡市:代码✅(评分:85) | 5K✅ | 2.基础✅(K:15 A:77.6 W:452.8) | 3.盈亏比✅(7.28≥1.3 需W>0.0) | 4.靠轨❌(多:❌ 空:❌) | 5.过滤❌(偏:bear 触:0 向:sell) | 6.时效✅(剩:33s) | ==> 综合: 多🔴 空🔴
2026-04-18 00:01:02,620 | [开仓雷达] 1.震荡市:代码✅(评分:75) | 5K✅ | 2.基础✅(K:15 A:54.1 W:320.3) | 3.盈亏比✅(5.15≥1.3 需W>0.0) | 4.靠轨❌(多:❌ 空:❌) | 5.过滤❌(偏:bull 触:0 向:sell) | 6.时效✅(剩:119s) | ==> 综合: 多🔴 空🔴
2026-04-18 00:01:04,709 | [价格] Last:77711.5 | Mark:77692.7 | 延迟:0.0s | aggDelay:0.0s
2026-04-18 00:01:04,710 | [开仓雷达] 1.震荡市:代码✅(评分:75) | 5K✅ | 2.基础✅(K:15 A:54.1 W:320.3) | 3.盈亏比✅(5.15≥1.3 需W>0.0) | 4.靠轨❌(多:❌ 空:❌) | 5.过滤❌(偏:bull 触:0 向:sell) | 6.时效✅(剩:117s) | ==> 综合: 多🔴 空🔴
2026-04-18 00:01:06,725 | [余额同步] 本地模式，初始资金: 10000.0 U
2026-04-18 00:01:06,725 | [账户监控] 无持仓
2026-04-18 00:01:06,881 | [开仓雷达] 1.震荡市:代码✅(评分:75) | 5K✅ | 2.基础✅(K:15 A:54.1 W:320.3) | 3.盈亏比✅(5.15≥1.3 需W>0.0) | 4.靠轨❌(多:❌ 空:❌) | 5.过滤❌(偏:bull 触:0 向:sell) | 6.时效✅(剩:115s) | ==> 综合: 多🔴 空🔴
2026-04-18 00:01:09,117 | [开仓雷达] 1.震荡市:代码✅(评分:75) | 5K✅ | 2.基础✅(K:15 A:54.1 W:320.3) | 3.盈亏比✅(5.15≥1.3 需W>0.0) | 4.靠轨❌(多:❌ 空:❌) | 5.过滤❌(偏:bull 触:0 向:buy) | 6.时效✅(剩:112s) | ==> 综合: 多🔴 空🔴
2026-04-18 00:01:09,777 | [价格] Last:77699.3 | Mark:77696.0 | 延迟:0.0s | aggDelay:0.0s
2026-04-18 00:01:11,585 | [开仓雷达] 1.震荡市:代码✅(评分:75) | 5K✅ | 2.基础✅(K:15 A:54.1 W:320.3) | 3.盈亏比✅(5.15≥1.3 需W>0.0) | 4.靠轨❌(多:❌ 空:❌) | 5.过滤❌(偏:bull 触:0 向:buy) | 6.时效✅(剩:110s) | ==> 综合: 多🔴 空🔴
2026-04-18 00:01:13,730 | [开仓雷达] 1.震荡市:代码✅(评分:75) | 5K✅ | 2.基础✅(K:15 A:54.1 W:320.3) | 3.盈亏比✅(5.15≥1.3 需W>0.0) | 4.靠轨❌(多:❌ 空:❌) | 5.过滤❌(偏:bull 触:0 向:buy) | 6.时效✅(剩:108s) | ==> 综合: 多🔴 空🔴
2026-04-18 00:01:14,725 | [余额同步] 本地模式，初始资金: 10000.0 U
2026-04-18 00:01:14,726 | [账户监控] 无持仓
2026-04-18 00:01:14,849 | [价格] Last:77699.3 | Mark:77700.0 | 延迟:0.0s | aggDelay:0.0s
2026-04-18 00:01:15,779 | [开仓雷达] 1.震荡市:代码✅(评分:75) | 5K✅ | 2.基础✅(K:15 A:54.1 W:320.3) | 3.盈亏比✅(5.15≥1.3 需W>0.0) | 4.靠轨❌(多:❌ 空:❌) | 5.过滤❌(偏:bull 触:0 向:buy) | 6.时效✅(剩:106s) | ==> 综合: 多🔴 空🔴
2026-04-18 00:01:17,778 | [开仓雷达] 1.震荡市:代码✅(评分:75) | 5K✅ | 2.基础✅(K:15 A:54.1 W:320.3) | 3.盈亏比✅(5.15≥1.3 需W>0.0) | 4.靠轨❌(多:❌ 空:❌) | 5.过滤❌(偏:neutral 触:0 向:buy) | 6.时效✅(剩:104s) | ==> 综合: 多🔴 空🔴
2026-04-18 00:01:20,393 | [价格] Last:77700.0 | Mark:77717.6 | 延迟:0.0s | aggDelay:0.0s
2026-04-18 00:01:20,393 | [开仓雷达] 1.震荡市:代码✅(评分:75) | 5K✅ | 2.基础✅(K:15 A:54.1 W:320.3) | 3.盈亏比✅(5.15≥1.3 需W>0.0) | 4.靠轨❌(多:❌ 空:❌) | 5.过滤❌(偏:neutral 触:0 向:buy) | 6.时效✅(剩:101s) | ==> 综合: 多🔴 空🔴
2026-04-18 00:01:22,617 | [开仓雷达] 1.震荡市:代码✅(评分:75) | 5K✅ | 2.基础✅(K:15 A:54.1 W:320.3) | 3.盈亏比✅(5.15≥1.3 需W>0.0) | 4.靠轨❌(多:❌ 空:❌) | 5.过滤❌(偏:bear 触:0 向:buy) | 6.时效✅(剩:99s) | ==> 综合: 多🔴 空🔴
2026-04-18 00:01:22,726 | [余额同步] 本地模式，初始资金: 10000.0 U
2026-04-18 00:01:22,726 | [账户监控] 无持仓
2026-04-18 00:01:24,684 | [开仓雷达] 1.震荡市:代码✅(评分:75) | 5K✅ | 2.基础✅(K:15 A:54.1 W:320.3) | 3.盈亏比✅(5.15≥1.3 需W>0.0) | 4.靠轨❌(多:❌ 空:❌) | 5.过滤❌(偏:bear 触:0 向:sell) | 6.时效✅(剩:97s) | ==> 综合: 多🔴 空🔴
2026-04-18 00:01:26,285 | [价格] Last:77704.3 | Mark:77717.6 | 延迟:0.0s | aggDelay:0.0s
2026-04-18 00:01:26,716 | [开仓雷达] 1.震荡市:代码✅(评分:75) | 5K✅ | 2.基础✅(K:15 A:54.1 W:320.3) | 3.盈亏比✅(5.15≥1.3 需W>0.0) | 4.靠轨❌(多:❌ 空:❌) | 5.过滤❌(偏:bear 触:0 向:buy) | 6.时效✅(剩:95s) | ==> 综合: 多🔴 空🔴
2026-04-18 00:01:28,750 | [开仓雷达] 1.震荡市:代码✅(评分:75) | 5K✅ | 2.基础✅(K:15 A:54.1 W:320.3) | 3.盈亏比✅(5.15≥1.3 需W>0.0) | 4.靠轨❌(多:❌ 空:❌) | 5.过滤❌(偏:bear 触:0 向:buy) | 6.时效✅(剩:93s) | ==> 综合: 多🔴 空🔴
2026-04-18 00:01:30,727 | [余额同步] 本地模式，初始资金: 10000.0 U
2026-04-18 00:01:30,727 | [账户监控] 无持仓
2026-04-18 00:01:31,155 | [开仓雷达] 1.震荡市:代码✅(评分:75) | 5K✅ | 2.基础✅(K:15 A:54.1 W:320.3) | 3.盈亏比✅(5.15≥1.3 需W>0.0) | 4.靠轨❌(多:❌ 空:❌) | 5.过滤❌(偏:bear 触:0 向:sell) | 6.时效✅(剩:90s) | ==> 综合: 多🔴 空🔴
2026-04-18 00:01:31,523 | [价格] Last:77706.2 | Mark:77732.2 | 延迟:0.0s | aggDelay:0.0s
2026-04-18 00:01:34,010 | [开仓雷达] 1.震荡市:代码✅(评分:75) | 5K✅ | 2.基础✅(K:15 A:54.1 W:320.3) | 3.盈亏比✅(5.15≥1.3 需W>0.0) | 4.靠轨❌(多:❌ 空:❌) | 5.过滤❌(偏:bear 触:0 向:buy) | 6.时效✅(剩:88s) | ==> 综合: 多🔴 空🔴
2026-04-18 00:01:36,081 | [开仓雷达] 1.震荡市:代码✅(评分:75) | 5K✅ | 2.基础✅(K:15 A:54.1 W:320.3) | 3.盈亏比✅(5.15≥1.3 需W>0.0) | 4.靠轨❌(多:❌ 空:❌) | 5.过滤❌(偏:bear 触:0 向:buy) | 6.时效✅(剩:85s) | ==> 综合: 多🔴 空🔴
2026-04-18 00:01:36,599 | [价格] Last:77709.6 | Mark:77739.9 | 延迟:0.0s | aggDelay:0.0s
2026-04-18 00:01:38,376 | [开仓雷达] 1.震荡市:代码✅(评分:75) | 5K✅ | 2.基础✅(K:15 A:54.1 W:320.3) | 3.盈亏比✅(5.15≥1.3 需W>0.0) | 4.靠轨❌(多:❌ 空:❌) | 5.过滤❌(偏:bear 触:0 向:buy) | 6.时效✅(剩:83s) | ==> 综合: 多🔴 空🔴
2026-04-18 00:01:38,727 | [余额同步] 本地模式，初始资金: 10000.0 U
2026-04-18 00:01:38,727 | [账户监控] 无持仓
2026-04-18 00:01:40,618 | [开仓雷达] 1.震荡市:代码✅(评分:75) | 5K✅ | 2.基础✅(K:15 A:54.1 W:320.3) | 3.盈亏比✅(5.15≥1.3 需W>0.0) | 4.靠轨❌(多:❌ 空:❌) | 5.过滤❌(偏:bull 触:0 向:buy) | 6.时效✅(剩:81s) | ==> 综合: 多🔴 空🔴
2026-04-18 00:01:42,069 | [价格] Last:77713.0 | Mark:77739.9 | 延迟:0.0s | aggDelay:0.0s
2026-04-18 00:01:42,685 | [开仓雷达] 1.震荡市:代码✅(评分:75) | 5K✅ | 2.基础✅(K:15 A:54.1 W:320.3) | 3.盈亏比✅(5.15≥1.3 需W>0.0) | 4.靠轨❌(多:❌ 空:❌) | 5.过滤❌(偏:neutral 触:0 向:buy) | 6.时效✅(剩:79s) | ==> 综合: 多🔴 空🔴
2026-04-18 00:01:45,268 | [开仓雷达] 1.震荡市:代码✅(评分:75) | 5K✅ | 2.基础✅(K:15 A:54.1 W:320.3) | 3.盈亏比✅(5.15≥1.3 需W>0.0) | 4.靠轨❌(多:❌ 空:❌) | 5.过滤❌(偏:bear 触:0 向:buy) | 6.时效✅(剩:76s) | ==> 综合: 多🔴 空🔴
2026-04-18 00:01:46,728 | [余额同步] 本地模式，初始资金: 10000.0 U
2026-04-18 00:01:46,728 | [账户监控] 无持仓
2026-04-18 00:01:47,395 | [价格] Last:77717.9 | Mark:77737.7 | 延迟:0.0s | aggDelay:0.0s
2026-04-18 00:01:47,396 | [开仓雷达] 1.震荡市:代码✅(评分:75) | 5K✅ | 2.基础✅(K:15 A:54.1 W:320.3) | 3.盈亏比✅(5.15≥1.3 需W>0.0) | 4.靠轨❌(多:❌ 空:❌) | 5.过滤❌(偏:bear 触:0 向:buy) | 6.时效✅(剩:74s) | ==> 综合: 多🔴 空🔴
2026-04-18 00:01:49,575 | [开仓雷达] 1.震荡市:代码✅(评分:75) | 5K✅ | 2.基础✅(K:15 A:54.1 W:320.3) | 3.盈亏比✅(5.15≥1.3 需W>0.0) | 4.靠轨❌(多:❌ 空:❌) | 5.过滤❌(偏:bear 触:0 向:buy) | 6.时效✅(剩:72s) | ==> 综合: 多🔴 空🔴
2026-04-18 00:01:51,893 | [开仓雷达] 1.震荡市:代码✅(评分:75) | 5K✅ | 2.基础✅(K:15 A:54.1 W:320.3) | 3.盈亏比✅(5.15≥1.3 需W>0.0) | 4.靠轨❌(多:❌ 空:❌) | 5.过滤❌(偏:bear 触:0 向:buy) | 6.时效✅(剩:70s) | ==> 综合: 多🔴 空🔴
2026-04-18 00:01:52,837 | [价格] Last:77717.0 | Mark:77749.0 | 延迟:0.0s | aggDelay:0.0s
2026-04-18 00:01:54,292 | [开仓雷达] 1.震荡市:代码✅(评分:75) | 5K✅ | 2.基础✅(K:15 A:54.1 W:320.3) | 3.盈亏比✅(5.15≥1.3 需W>0.0) | 4.靠轨❌(多:❌ 空:❌) | 5.过滤❌(偏:bear 触:0 向:sell) | 6.时效✅(剩:67s) | ==> 综合: 多🔴 空🔴
2026-04-18 00:01:54,729 | [余额同步] 本地模式，初始资金: 10000.0 U
2026-04-18 00:01:54,729 | [账户监控] 无持仓
2026-04-18 00:01:56,943 | [开仓雷达] 1.震荡市:代码✅(评分:75) | 5K✅ | 2.基础✅(K:15 A:54.1 W:320.3) | 3.盈亏比✅(5.15≥1.3 需W>0.0) | 4.靠轨❌(多:❌ 空:❌) | 5.过滤❌(偏:bear 触:0 向:sell) | 6.时效✅(剩:65s) | ==> 综合: 多🔴 空🔴
2026-04-18 00:01:57,976 | [价格] Last:77710.4 | Mark:77753.2 | 延迟:0.0s | aggDelay:0.0s
2026-04-18 00:01:59,280 | [开仓雷达] 1.震荡市:代码✅(评分:75) | 5K✅ | 2.基础✅(K:15 A:54.1 W:320.3) | 3.盈亏比✅(5.15≥1.3 需W>0.0) | 4.靠轨❌(多:❌ 空:❌) | 5.过滤❌(偏:bull 触:0 向:buy) | 6.时效✅(剩:62s) | ==> 综合: 多🔴 空🔴
2026-04-18 00:02:01,305 | [开仓雷达] 1.震荡市:代码✅(评分:75) | 5K✅ | 2.基础✅(K:15 A:54.1 W:320.3) | 3.盈亏比✅(5.15≥1.3 需W>0.0) | 4.靠轨❌(多:❌ 空:❌) | 5.过滤❌(偏:bull 触:0 向:buy) | 6.时效✅(剩:60s) | ==> 综合: 多🔴 空🔴
2026-04-18 00:02:02,729 | [余额同步] 本地模式，初始资金: 10000.0 U
2026-04-18 00:02:02,729 | [账户监控] 无持仓
2026-04-18 00:02:03,096 | [价格] Last:77715.8 | Mark:77753.2 | 延迟:0.0s | aggDelay:0.0s
2026-04-18 00:02:03,542 | [开仓雷达] 1.震荡市:代码✅(评分:70) | 5K✅ | 2.基础✅(K:15 A:50.7 W:270.3) | 3.盈亏比✅(4.35≥1.3 需W>0.0) | 4.靠轨❌(多:❌ 空:❌) | 5.过滤❌(偏:bull 触:0 向:buy) | 6.时效✅(剩:118s) | ==> 综合: 多🔴 空🔴
2026-04-18 00:02:05,671 | [开仓雷达] 1.震荡市:代码✅(评分:70) | 5K✅ | 2.基础✅(K:15 A:50.7 W:270.3) | 3.盈亏比✅(4.35≥1.3 需W>0.0) | 4.靠轨❌(多:❌ 空:❌) | 5.过滤❌(偏:bull 触:0 向:buy) | 6.时效✅(剩:116s) | ==> 综合: 多🔴 空🔴
2026-04-18 00:02:08,148 | [价格] Last:77707.3 | Mark:77776.9 | 延迟:0.0s | aggDelay:0.0s
2026-04-18 00:02:08,148 | [开仓雷达] 1.震荡市:代码✅(评分:70) | 5K✅ | 2.基础✅(K:15 A:50.7 W:270.3) | 3.盈亏比✅(4.35≥1.3 需W>0.0) | 4.靠轨❌(多:❌ 空:❌) | 5.过滤❌(偏:bull 触:0 向:buy) | 6.时效✅(剩:113s) | ==> 综合: 多🔴 空🔴
2026-04-18 00:02:10,175 | [开仓雷达] 1.震荡市:代码✅(评分:70) | 5K✅ | 2.基础✅(K:15 A:50.7 W:270.3) | 3.盈亏比✅(4.35≥1.3 需W>0.0) | 4.靠轨❌(多:❌ 空:❌) | 5.过滤❌(偏:bull 触:0 向:sell) | 6.时效✅(剩:111s) | ==> 综合: 多🔴 空🔴
2026-04-18 00:02:10,730 | [余额同步] 本地模式，初始资金: 10000.0 U
2026-04-18 00:02:10,730 | [账户监控] 无持仓
2026-04-18 00:02:12,469 | [开仓雷达] 1.震荡市:代码✅(评分:70) | 5K✅ | 2.基础✅(K:15 A:50.7 W:270.3) | 3.盈亏比✅(4.35≥1.3 需W>0.0) | 4.靠轨❌(多:❌ 空:❌) | 5.过滤❌(偏:bull 触:0 向:sell) | 6.时效✅(剩:109s) | ==> 综合: 多🔴 空🔴
2026-04-18 00:02:13,161 | [价格] Last:77703.3 | Mark:77769.0 | 延迟:0.0s | aggDelay:0.1s
2026-04-18 00:02:14,494 | [开仓雷达] 1.震荡市:代码✅(评分:70) | 5K✅ | 2.基础✅(K:15 A:50.7 W:270.3) | 3.盈亏比✅(4.35≥1.3 需W>0.0) | 4.靠轨❌(多:❌ 空:❌) | 5.过滤❌(偏:bull 触:0 向:buy) | 6.时效✅(剩:107s) | ==> 综合: 多🔴 空🔴
2026-04-18 00:02:16,943 | [开仓雷达] 1.震荡市:代码✅(评分:70) | 5K✅ | 2.基础✅(K:15 A:50.7 W:270.3) | 3.盈亏比✅(4.34≥1.3 需W>0.0) | 4.靠轨❌(多:❌ 空:❌) | 5.过滤❌(偏:bull 触:0 向:buy) | 6.时效✅(剩:105s) | ==> 综合: 多🔴 空🔴
2026-04-18 00:02:18,405 | [价格] Last:77767.0 | Mark:77779.3 | 延迟:0.0s | aggDelay:0.0s
2026-04-18 00:02:18,730 | [余额同步] 本地模式，初始资金: 10000.0 U
2026-04-18 00:02:18,730 | [账户监控] 无持仓
2026-04-18 00:02:18,992 | [开仓雷达] 1.震荡市:代码✅(评分:70) | 5K✅ | 2.基础✅(K:15 A:50.7 W:270.3) | 3.盈亏比✅(4.34≥1.3 需W>0.0) | 4.靠轨❌(多:❌ 空:❌) | 5.过滤❌(偏:bear 触:0 向:buy) | 6.时效✅(剩:102s) | ==> 综合: 多🔴 空🔴
2026-04-18 00:02:21,615 | [开仓雷达] 1.震荡市:代码✅(评分:70) | 5K✅ | 2.基础✅(K:15 A:50.7 W:270.3) | 3.盈亏比✅(4.34≥1.3 需W>0.0) | 4.靠轨❌(多:❌ 空:❌) | 5.过滤❌(偏:bull 触:0 向:buy) | 6.时效✅(剩:100s) | ==> 综合: 多🔴 空🔴
2026-04-18 00:02:23,814 | [价格] Last:77779.1 | Mark:77791.5 | 延迟:0.0s | aggDelay:0.0s
2026-04-18 00:02:23,814 | [开仓雷达] 1.震荡市:代码✅(评分:70) | 5K✅ | 2.基础✅(K:15 A:50.7 W:270.3) | 3.盈亏比✅(4.34≥1.3 需W>0.0) | 4.靠轨❌(多:❌ 空:❌) | 5.过滤❌(偏:bear 触:0 向:buy) | 6.时效✅(剩:98s) | ==> 综合: 多🔴 空🔴
2026-04-18 00:02:25,909 | [开仓雷达] 1.震荡市:代码✅(评分:70) | 5K✅ | 2.基础✅(K:15 A:50.7 W:270.3) | 3.盈亏比✅(4.34≥1.3 需W>0.0) | 4.靠轨❌(多:❌ 空:❌) | 5.过滤❌(偏:bear 触:0 向:buy) | 6.时效✅(剩:96s) | ==> 综合: 多🔴 空🔴
2026-04-18 00:02:26,731 | [余额同步] 本地模式，初始资金: 10000.0 U
2026-04-18 00:02:26,731 | [账户监控] 无持仓
2026-04-18 00:02:28,061 | [开仓雷达] 1.震荡市:代码✅(评分:70) | 5K✅ | 2.基础✅(K:15 A:50.7 W:270.3) | 3.盈亏比✅(4.34≥1.3 需W>0.0) | 4.靠轨❌(多:❌ 空:❌) | 5.过滤❌(偏:bear 触:0 向:buy) | 6.时效✅(剩:93s) | ==> 综合: 多🔴 空🔴
2026-04-18 00:02:28,914 | [价格] Last:77780.9 | Mark:77805.64961203 | 延迟:0.0s | aggDelay:0.0s
2026-04-18 00:02:30,323 | [开仓雷达] 1.震荡市:代码✅(评分:70) | 5K✅ | 2.基础✅(K:15 A:50.7 W:270.3) | 3.盈亏比✅(4.34≥1.3 需W>0.0) | 4.靠轨❌(多:❌ 空:❌) | 5.过滤❌(偏:bear 触:0 向:buy) | 6.时效✅(剩:91s) | ==> 综合: 多🔴 空🔴
2026-04-18 00:02:32,594 | [开仓雷达] 1.震荡市:代码✅(评分:70) | 5K✅ | 2.基础✅(K:15 A:50.7 W:270.3) | 3.盈亏比✅(4.34≥1.3 需W>0.0) | 4.靠轨❌(多:❌ 空:❌) | 5.过滤❌(偏:neutral 触:0 向:buy) | 6.时效✅(剩:89s) | ==> 综合: 多🔴 空🔴
2026-04-18 00:02:34,128 | [价格] Last:77783.2 | Mark:77812.9 | 延迟:0.0s | aggDelay:0.0s
2026-04-18 00:02:34,731 | [余额同步] 本地模式，初始资金: 10000.0 U
2026-04-18 00:02:34,731 | [账户监控] 无持仓
2026-04-18 00:02:34,959 | [开仓雷达] 1.震荡市:代码✅(评分:70) | 5K✅ | 2.基础✅(K:15 A:50.7 W:270.3) | 3.盈亏比✅(4.34≥1.3 需W>0.0) | 4.靠轨❌(多:❌ 空:❌) | 5.过滤❌(偏:bear 触:0 向:sell) | 6.时效✅(剩:86s) | ==> 综合: 多🔴 空🔴
2026-04-18 00:02:37,155 | [开仓雷达] 1.震荡市:代码✅(评分:70) | 5K✅ | 2.基础✅(K:15 A:50.7 W:270.3) | 3.盈亏比✅(4.34≥1.3 需W>0.0) | 4.靠轨❌(多:❌ 空:❌) | 5.过滤❌(偏:bear 触:0 向:sell) | 6.时效✅(剩:84s) | ==> 综合: 多🔴 空🔴
2026-04-18 00:02:39,141 | [价格] Last:77783.3 | Mark:77816.4 | 延迟:0.0s | aggDelay:0.0s
2026-04-18 00:02:39,170 | [开仓雷达] 1.震荡市:代码✅(评分:70) | 5K✅ | 2.基础✅(K:15 A:50.7 W:270.3) | 3.盈亏比✅(4.34≥1.3 需W>0.0) | 4.靠轨❌(多:❌ 空:❌) | 5.过滤❌(偏:bear 触:0 向:buy) | 6.时效✅(剩:82s) | ==> 综合: 多🔴 空🔴
2026-04-18 00:02:41,277 | [开仓雷达] 1.震荡市:代码✅(评分:70) | 5K✅ | 2.基础✅(K:15 A:50.7 W:270.3) | 3.盈亏比✅(4.34≥1.3 需W>0.0) | 4.靠轨❌(多:❌ 空:❌) | 5.过滤❌(偏:bear 触:0 向:buy) | 6.时效✅(剩:80s) | ==> 综合: 多🔴 空🔴
2026-04-18 00:02:44,149 | [余额同步] 本地模式，初始资金: 10000.0 U
2026-04-18 00:02:44,149 | [账户监控] 无持仓
2026-04-18 00:02:44,153 | [价格] Last:77783.2 | Mark:77805.90838768 | 延迟:0.0s | aggDelay:0.0s
2026-04-18 00:02:44,153 | [开仓雷达] 1.震荡市:代码✅(评分:70) | 5K✅ | 2.基础✅(K:15 A:50.7 W:270.3) | 3.盈亏比✅(4.34≥1.3 需W>0.0) | 4.靠轨❌(多:❌ 空:❌) | 5.过滤❌(偏:neutral 触:0 向:sell) | 6.时效✅(剩:77s) | ==> 综合: 多🔴 空🔴
2026-04-18 00:02:46,494 | [开仓雷达] 1.震荡市:代码✅(评分:70) | 5K✅ | 2.基础✅(K:15 A:50.7 W:270.3) | 3.盈亏比✅(4.34≥1.3 需W>0.0) | 4.靠轨❌(多:❌ 空:❌) | 5.过滤❌(偏:bear 触:0 向:buy) | 6.时效✅(剩:75s) | ==> 综合: 多🔴 空🔴
2026-04-18 00:02:48,636 | [开仓雷达] 1.震荡市:代码✅(评分:70) | 5K✅ | 2.基础✅(K:15 A:50.7 W:270.3) | 3.盈亏比✅(4.34≥1.3 需W>0.0) | 4.靠轨❌(多:❌ 空:❌) | 5.过滤❌(偏:bear 触:0 向:sell) | 6.时效✅(剩:73s) | ==> 综合: 多🔴 空🔴
2026-04-18 00:02:49,243 | [价格] Last:77783.3 | Mark:77813.1 | 延迟:0.0s | aggDelay:0.0s
2026-04-18 00:02:50,741 | [开仓雷达] 1.震荡市:代码✅(评分:70) | 5K✅ | 2.基础✅(K:15 A:50.7 W:270.3) | 3.盈亏比✅(4.34≥1.3 需W>0.0) | 4.靠轨❌(多:❌ 空:❌) | 5.过滤❌(偏:bear 触:0 向:buy) | 6.时效✅(剩:71s) | ==> 综合: 多🔴 空🔴
2026-04-18 00:02:52,150 | [余额同步] 本地模式，初始资金: 10000.0 U
2026-04-18 00:02:52,150 | [账户监控] 无持仓
2026-04-18 00:02:53,411 | [开仓雷达] 1.震荡市:代码✅(评分:70) | 5K✅ | 2.基础✅(K:15 A:50.7 W:270.3) | 3.盈亏比✅(4.34≥1.3 需W>0.0) | 4.靠轨❌(多:❌ 空:❌) | 5.过滤❌(偏:bear 触:0 向:buy) | 6.时效✅(剩:68s) | ==> 综合: 多🔴 空🔴
2026-04-18 00:02:54,256 | [价格] Last:77783.8 | Mark:77814.6 | 延迟:0.0s | aggDelay:0.0s
2026-04-18 00:02:55,878 | [开仓雷达] 1.震荡市:代码✅(评分:70) | 5K✅ | 2.基础✅(K:15 A:50.7 W:270.3) | 3.盈亏比✅(4.34≥1.3 需W>0.0) | 4.靠轨❌(多:❌ 空:❌) | 5.过滤❌(偏:bear 触:0 向:buy) | 6.时效✅(剩:66s) | ==> 综合: 多🔴 空🔴
2026-04-18 00:02:58,022 | [开仓雷达] 1.震荡市:代码✅(评分:70) | 5K✅ | 2.基础✅(K:15 A:50.7 W:270.3) | 3.盈亏比✅(4.34≥1.3 需W>0.0) | 4.靠轨❌(多:❌ 空:❌) | 5.过滤❌(偏:bear 触:0 向:buy) | 6.时效✅(剩:63s) | ==> 综合: 多🔴 空🔴
2026-04-18 00:03:01,281 | [余额同步] 本地模式，初始资金: 10000.0 U
2026-04-18 00:03:01,281 | [账户监控] 无持仓
2026-04-18 00:03:01,429 | [价格] Last:77784.9 | Mark:77823.2 | 延迟:0.0s | aggDelay:0.0s
2026-04-18 00:03:01,429 | [开仓雷达] 1.震荡市:代码❌(评分:70) | 5K✅ | 2.基础✅(K:15 A:56.4 W:266.7) | 3.盈亏比✅(4.29≥1.3 需W>0.0) | 4.靠轨❌(多:❌ 空:❌) | 5.过滤❌(偏:bear 触:0 向:buy) | 6.时效✅(剩:60s) | ==> 综合: 多🔴 空🔴
2026-04-18 00:03:03,629 | [开仓雷达] 1.震荡市:代码❌(评分:70) | 5K✅ | 2.基础✅(K:15 A:56.4 W:266.7) | 3.盈亏比✅(4.29≥1.3 需W>0.0) | 4.靠轨❌(多:❌ 空:❌) | 5.过滤❌(偏:neutral 触:0 向:buy) | 6.时效✅(剩:58s) | ==> 综合: 多🔴 空🔴
2026-04-18 00:03:05,904 | [开仓雷达] 1.震荡市:代码❌(评分:70) | 5K✅ | 2.基础✅(K:15 A:56.4 W:266.7) | 3.盈亏比✅(4.29≥1.3 需W>0.0) | 4.靠轨❌(多:❌ 空:❌) | 5.过滤❌(偏:bear 触:0 向:buy) | 6.时效✅(剩:56s) | ==> 综合: 多🔴 空🔴
2026-04-18 00:03:07,639 | [价格] Last:77780.6 | Mark:77813.4 | 延迟:0.0s | aggDelay:0.0s
2026-04-18 00:03:09,209 | [开仓雷达] 1.震荡市:代码❌(评分:70) | 5K✅ | 2.基础✅(K:15 A:56.4 W:266.7) | 3.盈亏比✅(4.29≥1.3 需W>0.0) | 4.靠轨❌(多:❌ 空:❌) | 5.过滤❌(偏:bear 触:0 向:buy) | 6.时效✅(剩:52s) | ==> 综合: 多🔴 空🔴
2026-04-18 00:03:09,288 | [余额同步] 本地模式，初始资金: 10000.0 U
2026-04-18 00:03:09,289 | [账户监控] 无持仓
2026-04-18 00:03:11,430 | [开仓雷达] 1.震荡市:代码❌(评分:70) | 5K✅ | 2.基础✅(K:15 A:56.4 W:266.7) | 3.盈亏比✅(4.29≥1.3 需W>0.0) | 4.靠轨❌(多:❌ 空:❌) | 5.过滤❌(偏:bear 触:0 向:buy) | 6.时效✅(剩:50s) | ==> 综合: 多🔴 空🔴
2026-04-18 00:03:12,741 | [价格] Last:77778.6 | Mark:77828.0 | 延迟:0.0s | aggDelay:0.0s
2026-04-18 00:03:13,476 | [开仓雷达] 1.震荡市:代码❌(评分:70) | 5K✅ | 2.基础✅(K:15 A:56.4 W:266.7) | 3.盈亏比✅(4.29≥1.3 需W>0.0) | 4.靠轨❌(多:❌ 空:❌) | 5.过滤❌(偏:bear 触:0 向:buy) | 6.时效✅(剩:48s) | ==> 综合: 多🔴 空🔴
2026-04-18 00:03:15,543 | [开仓雷达] 1.震荡市:代码❌(评分:70) | 5K✅ | 2.基础✅(K:15 A:56.4 W:266.7) | 3.盈亏比✅(4.29≥1.3 需W>0.0) | 4.靠轨❌(多:❌ 空:❌) | 5.过滤❌(偏:bear 触:0 向:buy) | 6.时效✅(剩:46s) | ==> 综合: 多🔴 空🔴
2026-04-18 00:03:17,289 | [余额同步] 本地模式，初始资金: 10000.0 U
2026-04-18 00:03:17,289 | [账户监控] 无持仓
2026-04-18 00:03:17,919 | [价格] Last:77776.8 | Mark:77829.7 | 延迟:0.0s | aggDelay:0.0s
2026-04-18 00:03:17,919 | [开仓雷达] 1.震荡市:代码❌(评分:70) | 5K✅ | 2.基础✅(K:15 A:56.4 W:266.7) | 3.盈亏比✅(4.29≥1.3 需W>0.0) | 4.靠轨❌(多:❌ 空:❌) | 5.过滤❌(偏:bear 触:0 向:buy) | 6.时效✅(剩:44s) | ==> 综合: 多🔴 空🔴
2026-04-18 00:03:20,117 | [开仓雷达] 1.震荡市:代码❌(评分:70) | 5K✅ | 2.基础✅(K:15 A:56.4 W:266.7) | 3.盈亏比✅(4.29≥1.3 需W>0.0) | 4.靠轨❌(多:❌ 空:❌) | 5.过滤❌(偏:bear 触:0 向:buy) | 6.时效✅(剩:41s) | ==> 综合: 多🔴 空🔴
2026-04-18 00:03:22,179 | [开仓雷达] 1.震荡市:代码❌(评分:70) | 5K✅ | 2.基础✅(K:15 A:56.4 W:266.7) | 3.盈亏比✅(4.29≥1.3 需W>0.0) | 4.靠轨❌(多:❌ 空:❌) | 5.过滤❌(偏:bear 触:0 向:buy) | 6.时效✅(剩:39s) | ==> 综合: 多🔴 空🔴
2026-04-18 00:03:22,929 | [价格] Last:77778.3 | Mark:77852.34059189 | 延迟:0.0s | aggDelay:0.0s
2026-04-18 00:03:24,202 | [开仓雷达] 1.震荡市:代码❌(评分:70) | 5K✅ | 2.基础✅(K:15 A:56.4 W:266.7) | 3.盈亏比✅(4.29≥1.3 需W>0.0) | 4.靠轨❌(多:❌ 空:❌) | 5.过滤❌(偏:bear 触:0 向:sell) | 6.时效✅(剩:37s) | ==> 综合: 多🔴 空🔴
2026-04-18 00:03:25,290 | [余额同步] 本地模式，初始资金: 10000.0 U
2026-04-18 00:03:25,290 | [账户监控] 无持仓
2026-04-18 00:03:26,207 | [开仓雷达] 1.震荡市:代码❌(评分:70) | 5K✅ | 2.基础✅(K:15 A:56.4 W:266.7) | 3.盈亏比✅(4.29≥1.3 需W>0.0) | 4.靠轨❌(多:❌ 空:❌) | 5.过滤❌(偏:bear 触:0 向:buy) | 6.时效✅(剩:35s) | ==> 综合: 多🔴 空🔴
2026-04-18 00:03:28,162 | [价格] Last:77778.4 | Mark:77849.7 | 延迟:0.0s | aggDelay:0.4s
2026-04-18 00:03:28,371 | [开仓雷达] 1.震荡市:代码❌(评分:70) | 5K✅ | 2.基础✅(K:15 A:56.4 W:266.7) | 3.盈亏比✅(4.29≥1.3 需W>0.0) | 4.靠轨❌(多:❌ 空:❌) | 5.过滤❌(偏:bear 触:0 向:sell) | 6.时效✅(剩:33s) | ==> 综合: 多🔴 空🔴
2026-04-18 00:03:30,383 | [开仓雷达] 1.震荡市:代码❌(评分:70) | 5K✅ | 2.基础✅(K:15 A:56.4 W:266.7) | 3.盈亏比✅(4.29≥1.3 需W>0.0) | 4.靠轨❌(多:❌ 空:❌) | 5.过滤❌(偏:bear 触:0 向:buy) | 6.时效✅(剩:31s) | ==> 综合: 多🔴 空🔴
2026-04-18 00:03:32,775 | [开仓雷达] 1.震荡市:代码❌(评分:70) | 5K✅ | 2.基础✅(K:15 A:56.4 W:266.7) | 3.盈亏比✅(4.29≥1.3 需W>0.0) | 4.靠轨❌(多:❌ 空:❌) | 5.过滤❌(偏:bear 触:0 向:buy) | 6.时效✅(剩:29s) | ==> 综合: 多🔴 空🔴
2026-04-18 00:03:33,291 | [余额同步] 本地模式，初始资金: 10000.0 U
2026-04-18 00:03:33,291 | [账户监控] 无持仓
2026-04-18 00:03:33,747 | [价格] Last:77778.6 | Mark:77849.6 | 延迟:0.0s | aggDelay:0.0s
2026-04-18 00:03:34,930 | [开仓雷达] 1.震荡市:代码❌(评分:70) | 5K✅ | 2.基础✅(K:15 A:56.4 W:266.7) | 3.盈亏比✅(4.29≥1.3 需W>0.0) | 4.靠轨❌(多:❌ 空:❌) | 5.过滤❌(偏:bear 触:0 向:buy) | 6.时效✅(剩:27s) | ==> 综合: 多🔴 空🔴
2026-04-18 00:03:36,998 | [开仓雷达] 1.震荡市:代码❌(评分:70) | 5K✅ | 2.基础✅(K:15 A:56.4 W:266.7) | 3.盈亏比✅(4.29≥1.3 需W>0.0) | 4.靠轨❌(多:❌ 空:❌) | 5.过滤❌(偏:bear 触:0 向:buy) | 6.时效✅(剩:24s) | ==> 综合: 多🔴 空🔴
2026-04-18 00:03:39,031 | [价格] Last:77778.6 | Mark:77868.58210145 | 延迟:0.0s | aggDelay:0.0s
2026-04-18 00:03:39,031 | [开仓雷达] 1.震荡市:代码❌(评分:70) | 5K✅ | 2.基础✅(K:15 A:56.4 W:266.7) | 3.盈亏比✅(4.29≥1.3 需W>0.0) | 4.靠轨❌(多:❌ 空:❌) | 5.过滤❌(偏:neutral 触:0 向:sell) | 6.时效✅(剩:22s) | ==> 综合: 多🔴 空🔴
2026-04-18 00:03:41,291 | [余额同步] 本地模式，初始资金: 10000.0 U
2026-04-18 00:03:41,291 | [账户监控] 无持仓
2026-04-18 00:03:41,625 | [开仓雷达] 1.震荡市:代码❌(评分:70) | 5K✅ | 2.基础✅(K:15 A:56.4 W:266.7) | 3.盈亏比✅(4.29≥1.3 需W>0.0) | 4.靠轨❌(多:❌ 空:❌) | 5.过滤❌(偏:bull 触:0 向:buy) | 6.时效✅(剩:20s) | ==> 综合: 多🔴 空🔴
2026-04-18 00:03:44,294 | [价格] Last:77822.2 | Mark:77876.00085145 | 延迟:0.0s | aggDelay:0.0s
2026-04-18 00:03:44,294 | [开仓雷达] 1.震荡市:代码❌(评分:70) | 5K✅ | 2.基础✅(K:15 A:56.4 W:266.7) | 3.盈亏比✅(4.28≥1.3 需W>0.0) | 4.靠轨❌(多:❌ 空:❌) | 5.过滤✅(偏:bear 触:10 向:buy) | 6.时效✅(剩:17s) | ==> 综合: 多🔴 空🔴
2026-04-18 00:03:46,677 | [开仓雷达] 1.震荡市:代码❌(评分:70) | 5K✅ | 2.基础✅(K:15 A:56.4 W:266.7) | 3.盈亏比✅(4.28≥1.3 需W>0.0) | 4.靠轨❌(多:❌ 空:❌) | 5.过滤✅(偏:bear 触:10 向:buy) | 6.时效✅(剩:15s) | ==> 综合: 多🔴 空🔴
2026-04-18 00:03:48,741 | [开仓雷达] 1.震荡市:代码❌(评分:70) | 5K✅ | 2.基础✅(K:15 A:56.4 W:266.7) | 3.盈亏比✅(4.29≥1.3 需W>0.0) | 4.靠轨❌(多:❌ 空:❌) | 5.过滤✅(偏:bear 触:10 向:sell) | 6.时效✅(剩:13s) | ==> 综合: 多🔴 空🔴
2026-04-18 00:03:49,292 | [余额同步] 本地模式，初始资金: 10000.0 U
2026-04-18 00:03:49,292 | [账户监控] 无持仓
2026-04-18 00:03:49,583 | [价格] Last:77823.3 | Mark:77869.51476449 | 延迟:0.0s | aggDelay:0.0s
2026-04-18 00:03:50,798 | [开仓雷达] 1.震荡市:代码❌(评分:70) | 5K✅ | 2.基础✅(K:15 A:56.4 W:266.7) | 3.盈亏比✅(4.28≥1.3 需W>0.0) | 4.靠轨❌(多:❌ 空:❌) | 5.过滤✅(偏:bear 触:10 向:buy) | 6.时效✅(剩:11s) | ==> 综合: 多🔴 空🔴
2026-04-18 00:03:53,148 | [开仓雷达] 1.震荡市:代码❌(评分:70) | 5K✅ | 2.基础✅(K:15 A:56.4 W:266.7) | 3.盈亏比✅(4.29≥1.3 需W>0.0) | 4.靠轨❌(多:❌ 空:❌) | 5.过滤✅(偏:bear 触:10 向:sell) | 6.时效✅(剩:8s) | ==> 综合: 多🔴 空🔴
2026-04-18 00:03:54,606 | [价格] Last:77824.8 | Mark:77869.25128623 | 延迟:0.0s | aggDelay:0.0s
2026-04-18 00:03:55,169 | [开仓雷达] 1.震荡市:代码❌(评分:70) | 5K✅ | 2.基础✅(K:15 A:56.4 W:266.7) | 3.盈亏比✅(4.28≥1.3 需W>0.0) | 4.靠轨❌(多:❌ 空:❌) | 5.过滤✅(偏:neutral 触:10 向:buy) | 6.时效✅(剩:6s) | ==> 综合: 多🔴 空🔴
2026-04-18 00:03:57,293 | [余额同步] 本地模式，初始资金: 10000.0 U
2026-04-18 00:03:57,293 | [账户监控] 无持仓
2026-04-18 00:03:57,408 | [开仓雷达] 1.震荡市:代码❌(评分:70) | 5K✅ | 2.基础✅(K:15 A:56.4 W:266.7) | 3.盈亏比✅(4.28≥1.3 需W>0.0) | 4.靠轨❌(多:❌ 空:❌) | 5.过滤✅(偏:neutral 触:10 向:buy) | 6.时效✅(剩:4s) | ==> 综合: 多🔴 空🔴
2026-04-18 00:03:59,450 | [开仓雷达] 1.震荡市:代码❌(评分:70) | 5K✅ | 2.基础✅(K:15 A:56.4 W:266.7) | 3.盈亏比✅(4.28≥1.3 需W>0.0) | 4.靠轨✅(多:❌ 空:✅) | 5.过滤✅(偏:neutral 触:10 向:buy) | 6.时效✅(剩:2s) | ==> 综合: 多🔴 空🔴
2026-04-18 00:03:59,772 | [价格] Last:77855.0 | Mark:77868.5373913 | 延迟:0.0s | aggDelay:0.0s
2026-04-18 00:04:01,833 | [开仓雷达] 1.震荡市:代码✅(评分:85) | 5K✅ | 2.基础✅(K:15 A:54.9 W:155.8) | 3.盈亏比✅(2.50≥1.3 需W>0.0) | 4.靠轨✅(多:❌ 空:✅) | 5.过滤✅(偏:bear 触:1 向:buy) | 6.时效✅(剩:120s) | ==> 综合: 多🔴 空🔴
2026-04-18 00:04:03,965 | [开仓雷达] 1.震荡市:代码✅(评分:90) | 5K✅ | 2.基础✅(K:15 A:54.9 W:155.8) | 3.盈亏比✅(2.50≥1.3 需W>0.0) | 4.靠轨✅(多:❌ 空:✅) | 5.过滤✅(偏:bear 触:10 向:sell) | 6.时效✅(剩:118s) | ==> 综合: 多🔴 空🟢
2026-04-18 00:04:05,188 | [价格] Last:77854.5 | Mark:77863.64914855 | 延迟:0.0s | aggDelay:0.0s
2026-04-18 00:04:05,293 | [余额同步] 本地模式，初始资金: 10000.0 U
2026-04-18 00:04:05,293 | [账户监控] 无持仓
2026-04-18 00:04:06,094 | [开仓雷达] 1.震荡市:代码✅(评分:90) | 5K✅ | 2.基础✅(K:15 A:54.9 W:155.8) | 3.盈亏比✅(2.50≥1.3 需W>0.0) | 4.靠轨✅(多:❌ 空:✅) | 5.过滤✅(偏:bear 触:10 向:sell) | 6.时效✅(剩:116s) | ==> 综合: 多🔴 空🟢
2026-04-18 00:04:08,294 | [开仓雷达] 1.震荡市:代码✅(评分:90) | 5K✅ | 2.基础✅(K:15 A:54.9 W:155.8) | 3.盈亏比✅(2.50≥1.3 需W>0.0) | 4.靠轨✅(多:❌ 空:✅) | 5.过滤✅(偏:bear 触:10 向:buy) | 6.时效✅(剩:114s) | ==> 综合: 多🔴 空🔴
2026-04-18 00:04:10,346 | [价格] Last:77854.2 | Mark:77843.71166667 | 延迟:0.0s | aggDelay:0.0s
2026-04-18 00:04:10,346 | [开仓雷达] 1.震荡市:代码✅(评分:90) | 5K✅ | 2.基础✅(K:15 A:54.9 W:155.8) | 3.盈亏比✅(2.50≥1.3 需W>0.0) | 4.靠轨✅(多:❌ 空:✅) | 5.过滤✅(偏:bear 触:10 向:sell) | 6.时效✅(剩:111s) | ==> 综合: 多🔴 空🟢
2026-04-18 00:04:12,788 | [开仓雷达] 1.震荡市:代码✅(评分:90) | 5K✅ | 2.基础✅(K:15 A:54.9 W:155.8) | 3.盈亏比✅(2.50≥1.3 需W>0.0) | 4.靠轨✅(多:❌ 空:✅) | 5.过滤✅(偏:bear 触:10 向:buy) | 6.时效✅(剩:109s) | ==> 综合: 多🔴 空🔴
2026-04-18 00:04:13,294 | [余额同步] 本地模式，初始资金: 10000.0 U
2026-04-18 00:04:13,294 | [账户监控] 无持仓
2026-04-18 00:04:14,925 | [开仓雷达] 1.震荡市:代码✅(评分:90) | 5K✅ | 2.基础✅(K:15 A:54.9 W:155.8) | 3.盈亏比✅(2.50≥1.3 需W>0.0) | 4.靠轨✅(多:❌ 空:✅) | 5.过滤✅(偏:bear 触:10 向:sell) | 6.时效✅(剩:107s) | ==> 综合: 多🔴 空🟢
2026-04-18 00:04:15,426 | [价格] Last:77854.5 | Mark:77839.64059783 | 延迟:0.0s | aggDelay:0.0s
2026-04-18 00:04:17,032 | [开仓雷达] 1.震荡市:代码✅(评分:90) | 5K✅ | 2.基础✅(K:15 A:54.9 W:155.8) | 3.盈亏比✅(2.50≥1.3 需W>0.0) | 4.靠轨✅(多:❌ 空:✅) | 5.过滤✅(偏:bear 触:10 向:sell) | 6.时效✅(剩:105s) | ==> 综合: 多🔴 空🟢
2026-04-18 00:04:19,085 | [开仓雷达] 1.震荡市:代码✅(评分:90) | 5K✅ | 2.基础✅(K:15 A:54.9 W:155.8) | 3.盈亏比✅(2.50≥1.3 需W>0.0) | 4.靠轨✅(多:❌ 空:✅) | 5.过滤✅(偏:bear 触:10 向:buy) | 6.时效✅(剩:103s) | ==> 综合: 多🔴 空🔴
2026-04-18 00:04:20,436 | [价格] Last:77854.9 | Mark:77875.02335145 | 延迟:0.0s | aggDelay:0.0s
2026-04-18 00:04:21,101 | [开仓雷达] 1.震荡市:代码✅(评分:90) | 5K✅ | 2.基础✅(K:15 A:54.9 W:155.8) | 3.盈亏比✅(2.50≥1.3 需W>0.0) | 4.靠轨✅(多:❌ 空:✅) | 5.过滤✅(偏:bear 触:10 向:buy) | 6.时效✅(剩:101s) | ==> 综合: 多🔴 空🔴
2026-04-18 00:04:21,294 | [余额同步] 本地模式，初始资金: 10000.0 U
2026-04-18 00:04:21,294 | [账户监控] 无持仓
2026-04-18 00:04:23,802 | [开仓雷达] 1.震荡市:代码✅(评分:90) | 5K✅ | 2.基础✅(K:15 A:54.9 W:155.8) | 3.盈亏比✅(2.50≥1.3 需W>0.0) | 4.靠轨✅(多:❌ 空:✅) | 5.过滤✅(偏:bear 触:10 向:sell) | 6.时效✅(剩:98s) | ==> 综合: 多🔴 空🟢
2026-04-18 00:04:25,609 | [价格] Last:77854.3 | Mark:77880.50371377 | 延迟:0.0s | aggDelay:0.0s
2026-04-18 00:04:25,971 | [开仓雷达] 1.震荡市:代码✅(评分:90) | 5K✅ | 2.基础✅(K:15 A:54.9 W:155.8) | 3.盈亏比✅(2.50≥1.3 需W>0.0) | 4.靠轨✅(多:❌ 空:✅) | 5.过滤✅(偏:bear 触:10 向:buy) | 6.时效✅(剩:96s) | ==> 综合: 多🔴 空🔴
2026-04-18 00:04:28,179 | [开仓雷达] 1.震荡市:代码✅(评分:90) | 5K✅ | 2.基础✅(K:15 A:54.9 W:155.8) | 3.盈亏比✅(2.50≥1.3 需W>0.0) | 4.靠轨✅(多:❌ 空:✅) | 5.过滤✅(偏:bear 触:10 向:buy) | 6.时效✅(剩:94s) | ==> 综合: 多🔴 空🔴
2026-04-18 00:04:29,295 | [余额同步] 本地模式，初始资金: 10000.0 U
2026-04-18 00:04:29,295 | [账户监控] 无持仓
2026-04-18 00:04:31,102 | [价格] Last:77854.8 | Mark:77883.52327899 | 延迟:0.0s | aggDelay:0.0s
2026-04-18 00:04:31,102 | [开仓雷达] 1.震荡市:代码✅(评分:90) | 5K✅ | 2.基础✅(K:15 A:54.9 W:155.8) | 3.盈亏比✅(2.50≥1.3 需W>0.0) | 4.靠轨✅(多:❌ 空:✅) | 5.过滤✅(偏:bear 触:10 向:buy) | 6.时效✅(剩:91s) | ==> 综合: 多🔴 空🔴
2026-04-18 00:04:34,164 | [开仓雷达] 1.震荡市:代码✅(评分:90) | 5K✅ | 2.基础✅(K:15 A:54.9 W:155.8) | 3.盈亏比✅(2.50≥1.3 需W>0.0) | 4.靠轨✅(多:❌ 空:✅) | 5.过滤✅(偏:bear 触:10 向:buy) | 6.时效✅(剩:88s) | ==> 综合: 多🔴 空🔴
2026-04-18 00:04:36,669 | [价格] Last:77854.1 | Mark:77882.53519928 | 延迟:0.0s | aggDelay:0.0s
2026-04-18 00:04:36,669 | [开仓雷达] 1.震荡市:代码✅(评分:90) | 5K✅ | 2.基础✅(K:15 A:54.9 W:155.8) | 3.盈亏比✅(2.50≥1.3 需W>0.0) | 4.靠轨✅(多:❌ 空:✅) | 5.过滤✅(偏:bear 触:10 向:sell) | 6.时效✅(剩:85s) | ==> 综合: 多🔴 空🟢
2026-04-18 00:04:37,295 | [余额同步] 本地模式，初始资金: 10000.0 U
2026-04-18 00:04:37,295 | [账户监控] 无持仓
2026-04-18 00:04:39,778 | [开仓雷达] 1.震荡市:代码✅(评分:90) | 5K✅ | 2.基础✅(K:15 A:54.9 W:155.8) | 3.盈亏比✅(2.50≥1.3 需W>0.0) | 4.靠轨✅(多:❌ 空:✅) | 5.过滤✅(偏:bear 触:10 向:buy) | 6.时效✅(剩:82s) | ==> 综合: 多🔴 空🔴
2026-04-18 00:04:41,840 | [价格] Last:77854.7 | Mark:77871.81842391 | 延迟:0.0s | aggDelay:0.0s
2026-04-18 00:04:41,840 | [开仓雷达] 1.震荡市:代码✅(评分:90) | 5K✅ | 2.基础✅(K:15 A:54.9 W:155.8) | 3.盈亏比✅(2.50≥1.3 需W>0.0) | 4.靠轨✅(多:❌ 空:✅) | 5.过滤✅(偏:bear 触:10 向:buy) | 6.时效✅(剩:80s) | ==> 综合: 多🔴 空🔴
2026-04-18 00:04:44,023 | [开仓雷达] 1.震荡市:代码✅(评分:90) | 5K✅ | 2.基础✅(K:15 A:54.9 W:155.8) | 3.盈亏比✅(2.50≥1.3 需W>0.0) | 4.靠轨✅(多:❌ 空:✅) | 5.过滤✅(偏:bear 触:10 向:sell) | 6.时效✅(剩:78s) | ==> 综合: 多🔴 空🟢
2026-04-18 00:04:45,296 | [余额同步] 本地模式，初始资金: 10000.0 U
2026-04-18 00:04:45,296 | [账户监控] 无持仓
2026-04-18 00:04:46,174 | [开仓雷达] 1.震荡市:代码✅(评分:90) | 5K✅ | 2.基础✅(K:15 A:54.9 W:155.8) | 3.盈亏比✅(2.50≥1.3 需W>0.0) | 4.靠轨✅(多:❌ 空:✅) | 5.过滤✅(偏:bear 触:10 向:buy) | 6.时效✅(剩:76s) | ==> 综合: 多🔴 空🔴
2026-04-18 00:04:47,553 | [价格] Last:77854.2 | Mark:77862.7373913 | 延迟:0.0s | aggDelay:0.0s
2026-04-18 00:04:48,284 | [开仓雷达] 1.震荡市:代码✅(评分:90) | 5K✅ | 2.基础✅(K:15 A:54.9 W:155.8) | 3.盈亏比✅(2.50≥1.3 需W>0.0) | 4.靠轨✅(多:❌ 空:✅) | 5.过滤✅(偏:bear 触:10 向:sell) | 6.时效✅(剩:74s) | ==> 综合: 多🔴 空🟢
2026-04-18 00:04:50,309 | [开仓雷达] 1.震荡市:代码✅(评分:90) | 5K✅ | 2.基础✅(K:15 A:54.9 W:155.8) | 3.盈亏比✅(2.50≥1.3 需W>0.0) | 4.靠轨✅(多:❌ 空:✅) | 5.过滤✅(偏:bear 触:10 向:sell) | 6.时效✅(剩:72s) | ==> 综合: 多🔴 空🟢
2026-04-18 00:04:52,743 | [价格] Last:77854.2 | Mark:77856.98496377 | 延迟:0.0s | aggDelay:0.0s
2026-04-18 00:04:52,743 | [开仓雷达] 1.震荡市:代码✅(评分:90) | 5K✅ | 2.基础✅(K:15 A:54.9 W:155.8) | 3.盈亏比✅(2.50≥1.3 需W>0.0) | 4.靠轨✅(多:❌ 空:✅) | 5.过滤✅(偏:bear 触:10 向:sell) | 6.时效✅(剩:69s) | ==> 综合: 多🔴 空🟢
2026-04-18 00:04:53,296 | [余额同步] 本地模式，初始资金: 10000.0 U
2026-04-18 00:04:53,296 | [账户监控] 无持仓
2026-04-18 00:04:55,146 | [开仓雷达] 1.震荡市:代码✅(评分:90) | 5K✅ | 2.基础✅(K:15 A:54.9 W:155.8) | 3.盈亏比✅(2.50≥1.3 需W>0.0) | 4.靠轨✅(多:❌ 空:✅) | 5.过滤✅(偏:bear 触:10 向:sell) | 6.时效✅(剩:67s) | ==> 综合: 多🔴 空🟢
2026-04-18 00:04:57,415 | [开仓雷达] 1.震荡市:代码✅(评分:90) | 5K✅ | 2.基础✅(K:15 A:54.9 W:155.8) | 3.盈亏比✅(2.50≥1.3 需W>0.0) | 4.靠轨✅(多:❌ 空:✅) | 5.过滤✅(偏:bear 触:10 向:sell) | 6.时效✅(剩:64s) | ==> 综合: 多🔴 空🟢
2026-04-18 00:04:57,910 | [价格] Last:77854.9 | Mark:77853.97789855 | 延迟:0.0s | aggDelay:0.0s
2026-04-18 00:04:59,510 | [开仓雷达] 1.震荡市:代码✅(评分:90) | 5K✅ | 2.基础✅(K:15 A:54.9 W:155.8) | 3.盈亏比✅(2.50≥1.3 需W>0.0) | 4.靠轨✅(多:❌ 空:✅) | 5.过滤✅(偏:bear 触:10 向:buy) | 6.时效✅(剩:62s) | ==> 综合: 多🔴 空🔴
2026-04-18 00:05:01,297 | [余额同步] 本地模式，初始资金: 10000.0 U
2026-04-18 00:05:01,297 | [账户监控] 无持仓
2026-04-18 00:05:01,793 | [开仓雷达] 1.震荡市:代码✅(评分:90) | 5K✅ | 2.基础✅(K:15 A:44.1 W:155.8) | 3.盈亏比✅(2.50≥1.3 需W>0.0) | 4.靠轨✅(多:❌ 空:✅) | 5.过滤✅(偏:bear 触:10 向:sell) | 6.时效✅(剩:60s) | ==> 综合: 多🔴 空🟢
2026-04-18 00:05:03,079 | [价格] Last:77855.0 | Mark:77852.48436594 | 延迟:0.0s | aggDelay:0.0s
2026-04-18 00:05:03,935 | [开仓雷达] 1.震荡市:代码✅(评分:90) | 5K✅ | 2.基础✅(K:15 A:44.1 W:155.8) | 3.盈亏比✅(2.50≥1.3 需W>0.0) | 4.靠轨✅(多:❌ 空:✅) | 5.过滤✅(偏:bear 触:10 向:sell) | 6.时效✅(剩:58s) | ==> 综合: 多🔴 空🟢
2026-04-18 00:05:05,982 | [开仓雷达] 1.震荡市:代码✅(评分:90) | 5K✅ | 2.基础✅(K:15 A:44.1 W:155.8) | 3.盈亏比✅(2.50≥1.3 需W>0.0) | 4.靠轨✅(多:❌ 空:✅) | 5.过滤✅(偏:bear 触:10 向:sell) | 6.时效✅(剩:56s) | ==> 综合: 多🔴 空🟢
2026-04-18 00:05:08,350 | [价格] Last:77854.9 | Mark:77848.1 | 延迟:0.0s | aggDelay:0.0s
2026-04-18 00:05:08,350 | [开仓雷达] 1.震荡市:代码✅(评分:90) | 5K✅ | 2.基础✅(K:15 A:44.1 W:155.8) | 3.盈亏比✅(2.50≥1.3 需W>0.0) | 4.靠轨✅(多:❌ 空:✅) | 5.过滤✅(偏:bear 触:10 向:sell) | 6.时效✅(剩:53s) | ==> 综合: 多🔴 空🟢
2026-04-18 00:05:09,297 | [余额同步] 本地模式，初始资金: 10000.0 U
2026-04-18 00:05:09,297 | [账户监控] 无持仓
2026-04-18 00:05:10,820 | [开仓雷达] 1.震荡市:代码✅(评分:90) | 5K✅ | 2.基础✅(K:15 A:44.1 W:155.8) | 3.盈亏比✅(2.50≥1.3 需W>0.0) | 4.靠轨✅(多:❌ 空:✅) | 5.过滤✅(偏:bear 触:10 向:buy) | 6.时效✅(剩:51s) | ==> 综合: 多🔴 空🔴
2026-04-18 00:05:12,909 | [开仓雷达] 1.震荡市:代码✅(评分:90) | 5K✅ | 2.基础✅(K:15 A:44.1 W:155.8) | 3.盈亏比✅(2.50≥1.3 需W>0.0) | 4.靠轨✅(多:❌ 空:✅) | 5.过滤✅(偏:bear 触:10 向:buy) | 6.时效✅(剩:49s) | ==> 综合: 多🔴 空🔴
2026-04-18 00:05:13,430 | [价格] Last:77854.8 | Mark:77846.3 | 延迟:0.0s | aggDelay:0.0s
2026-04-18 00:05:14,962 | [开仓雷达] 1.震荡市:代码✅(评分:90) | 5K✅ | 2.基础✅(K:15 A:44.1 W:155.8) | 3.盈亏比✅(2.50≥1.3 需W>0.0) | 4.靠轨✅(多:❌ 空:✅) | 5.过滤✅(偏:bear 触:10 向:sell) | 6.时效✅(剩:47s) | ==> 综合: 多🔴 空🟢
2026-04-18 00:05:17,001 | [开仓雷达] 1.震荡市:代码✅(评分:90) | 5K✅ | 2.基础✅(K:15 A:44.1 W:155.8) | 3.盈亏比✅(2.50≥1.3 需W>0.0) | 4.靠轨✅(多:❌ 空:✅) | 5.过滤✅(偏:bear 触:10 向:sell) | 6.时效✅(剩:45s) | ==> 综合: 多🔴 空🟢
2026-04-18 00:05:17,298 | [余额同步] 本地模式，初始资金: 10000.0 U
2026-04-18 00:05:17,298 | [账户监控] 无持仓
2026-04-18 00:05:18,601 | [价格] Last:77854.9 | Mark:77849.24791667 | 延迟:0.0s | aggDelay:0.0s
2026-04-18 00:05:19,182 | [开仓雷达] 1.震荡市:代码✅(评分:90) | 5K✅ | 2.基础✅(K:15 A:44.1 W:155.8) | 3.盈亏比✅(2.50≥1.3 需W>0.0) | 4.靠轨✅(多:❌ 空:✅) | 5.过滤✅(偏:bear 触:10 向:buy) | 6.时效✅(剩:43s) | ==> 综合: 多🔴 空🔴
2026-04-18 00:05:21,246 | [开仓雷达] 1.震荡市:代码✅(评分:90) | 5K✅ | 2.基础✅(K:15 A:44.1 W:155.8) | 3.盈亏比✅(2.50≥1.3 需W>0.0) | 4.靠轨✅(多:❌ 空:✅) | 5.过滤✅(偏:bear 触:10 向:sell) | 6.时效✅(剩:41s) | ==> 综合: 多🔴 空🟢
2026-04-18 00:05:23,346 | [开仓雷达] 1.震荡市:代码✅(评分:90) | 5K✅ | 2.基础✅(K:15 A:44.1 W:155.8) | 3.盈亏比✅(2.50≥1.3 需W>0.0) | 4.靠轨✅(多:❌ 空:✅) | 5.过滤✅(偏:bear 触:10 向:sell) | 6.时效✅(剩:38s) | ==> 综合: 多🔴 空🟢
2026-04-18 00:05:23,807 | [价格] Last:77854.9 | Mark:77852.7 | 延迟:0.0s | aggDelay:0.0s
2026-04-18 00:05:25,298 | [余额同步] 本地模式，初始资金: 10000.0 U
2026-04-18 00:05:25,298 | [账户监控] 无持仓
2026-04-18 00:05:25,476 | [开仓雷达] 1.震荡市:代码✅(评分:90) | 5K✅ | 2.基础✅(K:15 A:44.1 W:155.8) | 3.盈亏比✅(2.50≥1.3 需W>0.0) | 4.靠轨✅(多:❌ 空:✅) | 5.过滤✅(偏:bear 触:10 向:sell) | 6.时效✅(剩:36s) | ==> 综合: 多🔴 空🟢
2026-04-18 00:05:27,482 | [开仓雷达] 1.震荡市:代码✅(评分:90) | 5K✅ | 2.基础✅(K:15 A:44.1 W:155.8) | 3.盈亏比✅(2.50≥1.3 需W>0.0) | 4.靠轨✅(多:❌ 空:✅) | 5.过滤✅(偏:bear 触:10 向:sell) | 6.时效✅(剩:34s) | ==> 综合: 多🔴 空🟢
2026-04-18 00:05:28,973 | [价格] Last:77854.9 | Mark:77849.1590942 | 延迟:0.0s | aggDelay:0.0s
2026-04-18 00:05:29,584 | [开仓雷达] 1.震荡市:代码✅(评分:90) | 5K✅ | 2.基础✅(K:15 A:44.1 W:155.8) | 3.盈亏比✅(2.50≥1.3 需W>0.0) | 4.靠轨✅(多:❌ 空:✅) | 5.过滤✅(偏:bear 触:10 向:sell) | 6.时效✅(剩:32s) | ==> 综合: 多🔴 空🟢
2026-04-18 00:05:31,735 | [开仓雷达] 1.震荡市:代码✅(评分:90) | 5K✅ | 2.基础✅(K:15 A:44.1 W:155.8) | 3.盈亏比✅(2.50≥1.3 需W>0.0) | 4.靠轨✅(多:❌ 空:✅) | 5.过滤✅(偏:bear 触:10 向:sell) | 6.时效✅(剩:30s) | ==> 综合: 多🔴 空🟢
2026-04-18 00:05:33,299 | [余额同步] 本地模式，初始资金: 10000.0 U
2026-04-18 00:05:33,299 | [账户监控] 无持仓
2026-04-18 00:05:33,896 | [开仓雷达] 1.震荡市:代码✅(评分:90) | 5K✅ | 2.基础✅(K:15 A:44.1 W:155.8) | 3.盈亏比✅(2.50≥1.3 需W>0.0) | 4.靠轨✅(多:❌ 空:✅) | 5.过滤✅(偏:bear 触:10 向:sell) | 6.时效✅(剩:28s) | ==> 综合: 多🔴 空🟢
2026-04-18 00:05:34,263 | [价格] Last:77854.9 | Mark:77847.83849638 | 延迟:0.0s | aggDelay:0.4s
2026-04-18 00:05:36,019 | [开仓雷达] 1.震荡市:代码✅(评分:90) | 5K✅ | 2.基础✅(K:15 A:44.1 W:155.8) | 3.盈亏比✅(2.50≥1.3 需W>0.0) | 4.靠轨✅(多:❌ 空:✅) | 5.过滤✅(偏:bear 触:10 向:sell) | 6.时效✅(剩:26s) | ==> 综合: 多🔴 空🟢
2026-04-18 00:05:38,512 | [开仓雷达] 1.震荡市:代码✅(评分:90) | 5K✅ | 2.基础✅(K:15 A:44.1 W:155.8) | 3.盈亏比✅(2.50≥1.3 需W>0.0) | 4.靠轨✅(多:❌ 空:✅) | 5.过滤✅(偏:bear 触:10 向:buy) | 6.时效✅(剩:23s) | ==> 综合: 多🔴 空🔴
2026-04-18 00:05:39,265 | [价格] Last:77855.0 | Mark:77852.23219203 | 延迟:0.0s | aggDelay:0.0s
2026-04-18 00:05:40,612 | [开仓雷达] 1.震荡市:代码✅(评分:90) | 5K✅ | 2.基础✅(K:15 A:44.1 W:155.8) | 3.盈亏比✅(2.50≥1.3 需W>0.0) | 4.靠轨✅(多:❌ 空:✅) | 5.过滤✅(偏:bear 触:10 向:buy) | 6.时效✅(剩:21s) | ==> 综合: 多🔴 空🔴
2026-04-18 00:05:41,299 | [余额同步] 本地模式，初始资金: 10000.0 U
2026-04-18 00:05:41,300 | [账户监控] 无持仓
2026-04-18 00:05:42,882 | [开仓雷达] 1.震荡市:代码✅(评分:90) | 5K✅ | 2.基础✅(K:15 A:44.1 W:155.8) | 3.盈亏比✅(2.50≥1.3 需W>0.0) | 4.靠轨✅(多:❌ 空:✅) | 5.过滤✅(偏:bear 触:10 向:buy) | 6.时效✅(剩:19s) | ==> 综合: 多🔴 空🔴
2026-04-18 00:05:44,387 | [价格] Last:77855.0 | Mark:77910.0 | 延迟:0.0s | aggDelay:0.0s
2026-04-18 00:05:45,764 | [开仓雷达] 1.震荡市:代码✅(评分:90) | 5K✅ | 2.基础✅(K:15 A:44.1 W:155.8) | 3.盈亏比✅(2.50≥1.3 需W>0.0) | 4.靠轨✅(多:❌ 空:✅) | 5.过滤✅(偏:bear 触:10 向:buy) | 6.时效✅(剩:16s) | ==> 综合: 多🔴 空🔴
2026-04-18 00:05:48,823 | [开仓雷达] 1.震荡市:代码✅(评分:90) | 5K✅ | 2.基础✅(K:15 A:44.1 W:155.8) | 3.盈亏比✅(2.50≥1.3 需W>0.0) | 4.靠轨✅(多:❌ 空:✅) | 5.过滤✅(偏:bear 触:10 向:sell) | 6.时效✅(剩:13s) | ==> 综合: 多🔴 空🟢
2026-04-18 00:05:49,300 | [余额同步] 本地模式，初始资金: 10000.0 U
2026-04-18 00:05:49,300 | [账户监控] 无持仓
2026-04-18 00:05:50,006 | [价格] Last:77854.5 | Mark:77894.6 | 延迟:0.0s | aggDelay:0.0s
2026-04-18 00:05:51,454 | [开仓雷达] 1.震荡市:代码✅(评分:90) | 5K✅ | 2.基础✅(K:15 A:44.1 W:155.8) | 3.盈亏比✅(2.50≥1.3 需W>0.0) | 4.靠轨✅(多:❌ 空:✅) | 5.过滤✅(偏:bear 触:10 向:buy) | 6.时效✅(剩:10s) | ==> 综合: 多🔴 空🔴
2026-04-18 00:05:55,160 | [价格] Last:77854.6 | Mark:77896.7 | 延迟:0.0s | aggDelay:2.2s
2026-04-18 00:05:55,160 | [开仓雷达] 1.震荡市:代码✅(评分:90) | 5K✅ | 2.基础✅(K:15 A:44.1 W:155.8) | 3.盈亏比✅(2.50≥1.3 需W>0.0) | 4.靠轨✅(多:❌ 空:✅) | 5.过滤✅(偏:bear 触:10 向:buy) | 6.时效✅(剩:7s) | ==> 综合: 多🔴 空🔴
2026-04-18 00:05:57,301 | [余额同步] 本地模式，初始资金: 10000.0 U
2026-04-18 00:05:57,301 | [账户监控] 无持仓
2026-04-18 00:05:57,389 | [开仓雷达] 1.震荡市:代码✅(评分:90) | 5K✅ | 2.基础✅(K:15 A:44.1 W:155.8) | 3.盈亏比✅(2.50≥1.3 需W>0.0) | 4.靠轨✅(多:❌ 空:✅) | 5.过滤✅(偏:bear 触:10 向:sell) | 6.时效✅(剩:4s) | ==> 综合: 多🔴 空🟢
2026-04-18 00:05:59,463 | [开仓雷达] 1.震荡市:代码✅(评分:90) | 5K✅ | 2.基础✅(K:15 A:44.1 W:155.8) | 3.盈亏比✅(2.50≥1.3 需W>0.0) | 4.靠轨✅(多:❌ 空:✅) | 5.过滤✅(偏:bear 触:10 向:sell) | 6.时效✅(剩:2s) | ==> 综合: 多🔴 空🟢
2026-04-18 00:06:00,482 | [价格] Last:77854.1 | Mark:77871.82837945 | 延迟:0.0s | aggDelay:0.0s
2026-04-18 00:06:01,524 | [开仓雷达] 1.震荡市:代码✅(评分:90) | 5K✅ | 2.基础✅(K:15 A:44.1 W:155.8) | 3.盈亏比✅(2.50≥1.3 需W>0.0) | 4.靠轨✅(多:❌ 空:✅) | 5.过滤✅(偏:bear 触:10 向:sell) | 6.时效✅(剩:0s) | ==> 综合: 多🔴 空🟢
2026-04-18 00:06:03,656 | [开仓雷达] 1.震荡市:代码✅(评分:100) | 5K✅ | 2.基础✅(K:15 A:36.2 W:155.8) | 3.盈亏比✅(2.50≥1.3 需W>0.0) | 4.靠轨✅(多:❌ 空:✅) | 5.过滤✅(偏:bull 触:5 向:sell) | 6.时效✅(剩:119s) | ==> 综合: 多🔴 空🟢
2026-04-18 00:06:05,302 | [余额同步] 本地模式，初始资金: 10000.0 U
2026-04-18 00:06:05,302 | [账户监控] 无持仓
2026-04-18 00:06:05,551 | [价格] Last:77855.4 | Mark:77869.27519928 | 延迟:0.0s | aggDelay:0.0s
2026-04-18 00:06:05,716 | [开仓雷达] 1.震荡市:代码✅(评分:100) | 5K✅ | 2.基础✅(K:15 A:36.2 W:155.8) | 3.盈亏比✅(2.50≥1.3 需W>0.0) | 4.靠轨✅(多:❌ 空:✅) | 5.过滤✅(偏:bear 触:10 向:buy) | 6.时效✅(剩:117s) | ==> 综合: 多🔴 空🔴
2026-04-18 00:06:08,024 | [开仓雷达] 1.震荡市:代码✅(评分:100) | 5K✅ | 2.基础✅(K:15 A:36.2 W:155.8) | 3.盈亏比✅(2.50≥1.3 需W>0.0) | 4.靠轨✅(多:❌ 空:✅) | 5.过滤✅(偏:bear 触:10 向:sell) | 6.时效✅(剩:115s) | ==> 综合: 多🔴 空🟢
2026-04-18 00:06:10,165 | [开仓雷达] 1.震荡市:代码✅(评分:100) | 5K✅ | 2.基础✅(K:15 A:36.2 W:155.8) | 3.盈亏比✅(2.50≥1.3 需W>0.0) | 4.靠轨✅(多:❌ 空:✅) | 5.过滤✅(偏:neutral 触:10 向:sell) | 6.时效✅(剩:113s) | ==> 综合: 多🔴 空🟢
2026-04-18 00:06:10,652 | [价格] Last:77855.3 | Mark:77856.90217391 | 延迟:0.0s | aggDelay:0.0s
2026-04-18 00:06:12,255 | [开仓雷达] 1.震荡市:代码✅(评分:100) | 5K✅ | 2.基础✅(K:15 A:36.2 W:155.8) | 3.盈亏比✅(2.50≥1.3 需W>0.0) | 4.靠轨✅(多:❌ 空:✅) | 5.过滤✅(偏:neutral 触:10 向:buy) | 6.时效✅(剩:111s) | ==> 综合: 多🔴 空🔴
2026-04-18 00:06:13,302 | [余额同步] 本地模式，初始资金: 10000.0 U
2026-04-18 00:06:13,302 | [账户监控] 无持仓
2026-04-18 00:06:14,581 | [开仓雷达] 1.震荡市:代码✅(评分:100) | 5K✅ | 2.基础✅(K:15 A:36.2 W:155.8) | 3.盈亏比✅(2.50≥1.3 需W>0.0) | 4.靠轨✅(多:❌ 空:✅) | 5.过滤✅(偏:bear 触:10 向:sell) | 6.时效✅(剩:108s) | ==> 综合: 多🔴 空🟢
2026-04-18 00:06:16,019 | [价格] Last:77855.3 | Mark:77856.59891304 | 延迟:0.0s | aggDelay:0.0s
2026-04-18 00:06:16,862 | [开仓雷达] 1.震荡市:代码✅(评分:100) | 5K✅ | 2.基础✅(K:15 A:36.2 W:155.8) | 3.盈亏比✅(2.50≥1.3 需W>0.0) | 4.靠轨✅(多:❌ 空:✅) | 5.过滤✅(偏:bear 触:10 向:buy) | 6.时效✅(剩:106s) | ==> 综合: 多🔴 空🔴
2026-04-18 00:06:19,156 | [开仓雷达] 1.震荡市:代码✅(评分:100) | 5K✅ | 2.基础✅(K:15 A:36.2 W:155.8) | 3.盈亏比✅(2.50≥1.3 需W>0.0) | 4.靠轨✅(多:❌ 空:✅) | 5.过滤✅(偏:bear 触:10 向:sell) | 6.时效✅(剩:104s) | ==> 综合: 多🔴 空🟢
2026-04-18 00:06:21,260 | [价格] Last:77855.4 | Mark:77837.37273551 | 延迟:0.0s | aggDelay:0.0s
2026-04-18 00:06:21,260 | [开仓雷达] 1.震荡市:代码✅(评分:100) | 5K✅ | 2.基础✅(K:15 A:36.2 W:155.8) | 3.盈亏比✅(2.50≥1.3 需W>0.0) | 4.靠轨✅(多:❌ 空:✅) | 5.过滤✅(偏:bear 触:10 向:buy) | 6.时效✅(剩:102s) | ==> 综合: 多🔴 空🔴
2026-04-18 00:06:21,303 | [余额同步] 本地模式，初始资金: 10000.0 U
2026-04-18 00:06:21,303 | [账户监控] 无持仓
2026-04-18 00:06:23,675 | [开仓雷达] 1.震荡市:代码✅(评分:100) | 5K✅ | 2.基础✅(K:15 A:36.2 W:155.8) | 3.盈亏比✅(2.50≥1.3 需W>0.0) | 4.靠轨✅(多:❌ 空:✅) | 5.过滤✅(偏:bear 触:10 向:sell) | 6.时效✅(剩:99s) | ==> 综合: 多🔴 空🟢
2026-04-18 00:06:25,958 | [开仓雷达] 1.震荡市:代码✅(评分:100) | 5K✅ | 2.基础✅(K:15 A:36.2 W:155.8) | 3.盈亏比✅(2.50≥1.3 需W>0.0) | 4.靠轨✅(多:❌ 空:✅) | 5.过滤✅(偏:bear 触:10 向:sell) | 6.时效✅(剩:97s) | ==> 综合: 多🔴 空🟢
2026-04-18 00:06:26,332 | [价格] Last:77855.3 | Mark:77834.85105072 | 延迟:0.0s | aggDelay:0.0s
2026-04-18 00:06:28,169 | [开仓雷达] 1.震荡市:代码✅(评分:100) | 5K✅ | 2.基础✅(K:15 A:36.2 W:155.8) | 3.盈亏比✅(2.50≥1.3 需W>0.0) | 4.靠轨✅(多:❌ 空:✅) | 5.过滤✅(偏:bear 触:10 向:sell) | 6.时效✅(剩:95s) | ==> 综合: 多🔴 空🟢
2026-04-18 00:06:29,304 | [余额同步] 本地模式，初始资金: 10000.0 U
2026-04-18 00:06:29,304 | [账户监控] 无持仓
2026-04-18 00:06:31,145 | [开仓雷达] 1.震荡市:代码✅(评分:100) | 5K✅ | 2.基础✅(K:15 A:36.2 W:155.8) | 3.盈亏比✅(2.50≥1.3 需W>0.0) | 4.靠轨✅(多:❌ 空:✅) | 5.过滤✅(偏:bear 触:10 向:sell) | 6.时效✅(剩:92s) | ==> 综合: 多🔴 空🟢
2026-04-18 00:06:31,480 | [价格] Last:77855.3 | Mark:77826.46894928 | 延迟:0.0s | aggDelay:0.0s
2026-04-18 00:06:33,504 | [开仓雷达] 1.震荡市:代码✅(评分:100) | 5K✅ | 2.基础✅(K:15 A:36.2 W:155.8) | 3.盈亏比✅(2.50≥1.3 需W>0.0) | 4.靠轨✅(多:❌ 空:✅) | 5.过滤✅(偏:bear 触:10 向:sell) | 6.时效✅(剩:89s) | ==> 综合: 多🔴 空🟢
2026-04-18 00:06:35,796 | [开仓雷达] 1.震荡市:代码✅(评分:100) | 5K✅ | 2.基础✅(K:15 A:36.2 W:155.8) | 3.盈亏比✅(2.50≥1.3 需W>0.0) | 4.靠轨✅(多:❌ 空:✅) | 5.过滤✅(偏:bear 触:10 向:sell) | 6.时效✅(剩:87s) | ==> 综合: 多🔴 空🟢
2026-04-18 00:06:36,905 | [价格] Last:77855.3 | Mark:77828.07103261 | 延迟:0.0s | aggDelay:0.0s
2026-04-18 00:06:37,304 | [余额同步] 本地模式，初始资金: 10000.0 U
2026-04-18 00:06:37,304 | [账户监控] 无持仓
2026-04-18 00:06:38,248 | [开仓雷达] 1.震荡市:代码✅(评分:100) | 5K✅ | 2.基础✅(K:15 A:36.2 W:155.8) | 3.盈亏比✅(2.50≥1.3 需W>0.0) | 4.靠轨✅(多:❌ 空:✅) | 5.过滤✅(偏:bear 触:10 向:sell) | 6.时效✅(剩:85s) | ==> 综合: 多🔴 空🟢
2026-04-18 00:06:40,465 | [开仓雷达] 1.震荡市:代码✅(评分:100) | 5K✅ | 2.基础✅(K:15 A:36.2 W:155.8) | 3.盈亏比✅(2.50≥1.3 需W>0.0) | 4.靠轨✅(多:❌ 空:✅) | 5.过滤✅(偏:bear 触:10 向:sell) | 6.时效✅(剩:82s) | ==> 综合: 多🔴 空🟢
2026-04-18 00:06:42,753 | [价格] Last:77855.4 | Mark:77892.0 | 延迟:0.0s | aggDelay:0.0s
2026-04-18 00:06:42,753 | [开仓雷达] 1.震荡市:代码✅(评分:100) | 5K✅ | 2.基础✅(K:15 A:36.2 W:155.8) | 3.盈亏比✅(2.50≥1.3 需W>0.0) | 4.靠轨✅(多:❌ 空:✅) | 5.过滤✅(偏:bear 触:10 向:buy) | 6.时效✅(剩:80s) | ==> 综合: 多🔴 空🔴
2026-04-18 00:06:44,755 | [开仓雷达] 1.震荡市:代码✅(评分:100) | 5K✅ | 2.基础✅(K:15 A:36.2 W:155.8) | 3.盈亏比✅(2.50≥1.3 需W>0.0) | 4.靠轨✅(多:❌ 空:✅) | 5.过滤✅(偏:bear 触:10 向:buy) | 6.时效✅(剩:78s) | ==> 综合: 多🔴 空🔴
2026-04-18 00:06:45,305 | [余额同步] 本地模式，初始资金: 10000.0 U
2026-04-18 00:06:45,305 | [账户监控] 无持仓
2026-04-18 00:06:46,783 | [开仓雷达] 1.震荡市:代码✅(评分:100) | 5K✅ | 2.基础✅(K:15 A:36.2 W:155.8) | 3.盈亏比✅(2.50≥1.3 需W>0.0) | 4.靠轨✅(多:❌ 空:✅) | 5.过滤✅(偏:bear 触:10 向:buy) | 6.时效✅(剩:76s) | ==> 综合: 多🔴 空🔴
2026-04-18 00:06:47,976 | [价格] Last:77854.8 | Mark:77883.0 | 延迟:0.0s | aggDelay:0.0s
2026-04-18 00:06:48,804 | [开仓雷达] 1.震荡市:代码✅(评分:100) | 5K✅ | 2.基础✅(K:15 A:36.2 W:155.8) | 3.盈亏比✅(2.50≥1.3 需W>0.0) | 4.靠轨✅(多:❌ 空:✅) | 5.过滤✅(偏:bear 触:10 向:buy) | 6.时效✅(剩:74s) | ==> 综合: 多🔴 空🔴
2026-04-18 00:06:50,936 | [开仓雷达] 1.震荡市:代码✅(评分:100) | 5K✅ | 2.基础✅(K:15 A:36.2 W:155.8) | 3.盈亏比✅(2.50≥1.3 需W>0.0) | 4.靠轨✅(多:❌ 空:✅) | 5.过滤✅(偏:bear 触:10 向:sell) | 6.时效✅(剩:72s) | ==> 综合: 多🔴 空🟢
2026-04-18 00:06:53,306 | [余额同步] 本地模式，初始资金: 10000.0 U
2026-04-18 00:06:53,306 | [账户监控] 无持仓
2026-04-18 00:06:53,408 | [价格] Last:77858.2 | Mark:77879.1 | 延迟:0.0s | aggDelay:0.0s
2026-04-18 00:06:53,409 | [开仓雷达] 1.震荡市:代码✅(评分:100) | 5K✅ | 2.基础✅(K:15 A:36.2 W:155.8) | 3.盈亏比✅(2.50≥1.3 需W>0.0) | 4.靠轨✅(多:❌ 空:✅) | 5.过滤✅(偏:bear 触:10 向:buy) | 6.时效✅(剩:69s) | ==> 综合: 多🔴 空🔴
2026-04-18 00:06:56,635 | [开仓雷达] 1.震荡市:代码✅(评分:100) | 5K✅ | 2.基础✅(K:15 A:36.2 W:155.8) | 3.盈亏比✅(2.50≥1.3 需W>0.0) | 4.靠轨✅(多:❌ 空:✅) | 5.过滤✅(偏:bear 触:10 向:buy) | 6.时效✅(剩:66s) | ==> 综合: 多🔴 空🔴
2026-04-18 00:06:59,156 | [价格] Last:77859.1 | Mark:77903.8 | 延迟:0.0s | aggDelay:0.0s
2026-04-18 00:06:59,157 | [开仓雷达] 1.震荡市:代码✅(评分:100) | 5K✅ | 2.基础✅(K:15 A:36.2 W:155.8) | 3.盈亏比✅(2.50≥1.3 需W>0.0) | 4.靠轨✅(多:❌ 空:✅) | 5.过滤✅(偏:bear 触:10 向:sell) | 6.时效✅(剩:64s) | ==> 综合: 多🔴 空🟢
2026-04-18 00:07:01,276 | [开仓雷达] 1.震荡市:代码✅(评分:100) | 5K✅ | 2.基础✅(K:15 A:32.6 W:160.0) | 3.盈亏比✅(2.57≥1.3 需W>0.0) | 4.靠轨✅(多:❌ 空:✅) | 5.过滤✅(偏:bear 触:10 向:buy) | 6.时效✅(剩:62s) | ==> 综合: 多🔴 空🔴
2026-04-18 00:07:01,306 | [余额同步] 本地模式，初始资金: 10000.0 U
2026-04-18 00:07:01,306 | [账户监控] 无持仓
2026-04-18 00:07:03,630 | [开仓雷达] 1.震荡市:代码✅(评分:100) | 5K✅ | 2.基础✅(K:15 A:32.6 W:160.0) | 3.盈亏比✅(2.57≥1.3 需W>0.0) | 4.靠轨✅(多:❌ 空:✅) | 5.过滤✅(偏:bear 触:10 向:buy) | 6.时效✅(剩:59s) | ==> 综合: 多🔴 空🔴
2026-04-18 00:07:04,162 | [价格] Last:77859.1 | Mark:77903.9 | 延迟:0.0s | aggDelay:0.2s
2026-04-18 00:07:06,007 | [开仓雷达] 1.震荡市:代码✅(评分:100) | 5K✅ | 2.基础✅(K:15 A:32.6 W:160.0) | 3.盈亏比✅(2.57≥1.3 需W>0.0) | 4.靠轨✅(多:❌ 空:✅) | 5.过滤✅(偏:bear 触:10 向:buy) | 6.时效✅(剩:57s) | ==> 综合: 多🔴 空🔴
2026-04-18 00:07:08,188 | [开仓雷达] 1.震荡市:代码✅(评分:100) | 5K✅ | 2.基础✅(K:15 A:32.6 W:160.0) | 3.盈亏比✅(2.57≥1.3 需W>0.0) | 4.靠轨✅(多:❌ 空:✅) | 5.过滤✅(偏:bear 触:10 向:buy) | 6.时效✅(剩:55s) | ==> 综合: 多🔴 空🔴
2026-04-18 00:07:09,272 | [价格] Last:77859.7 | Mark:77939.7 | 延迟:0.0s | aggDelay:0.0s
2026-04-18 00:07:09,307 | [余额同步] 本地模式，初始资金: 10000.0 U
2026-04-18 00:07:09,307 | [账户监控] 无持仓
2026-04-18 00:07:11,443 | [开仓雷达] 1.震荡市:代码✅(评分:100) | 5K✅ | 2.基础✅(K:15 A:32.6 W:160.0) | 3.盈亏比✅(2.57≥1.3 需W>0.0) | 4.靠轨✅(多:❌ 空:✅) | 5.过滤✅(偏:bear 触:10 向:sell) | 6.时效✅(剩:51s) | ==> 综合: 多🔴 空🟢
2026-04-18 00:07:13,582 | [开仓雷达] 1.震荡市:代码✅(评分:100) | 5K✅ | 2.基础✅(K:15 A:32.6 W:160.0) | 3.盈亏比✅(2.57≥1.3 需W>0.0) | 4.靠轨✅(多:❌ 空:✅) | 5.过滤✅(偏:bull 触:10 向:buy) | 6.时效✅(剩:49s) | ==> 综合: 多🔴 空🔴
2026-04-18 00:07:14,724 | [价格] Last:77850.8 | Mark:77923.0 | 延迟:0.0s | aggDelay:0.0s
2026-04-18 00:07:16,164 | [开仓雷达] 1.震荡市:代码✅(评分:100) | 5K✅ | 2.基础✅(K:15 A:32.6 W:160.0) | 3.盈亏比✅(2.57≥1.3 需W>0.0) | 4.靠轨✅(多:❌ 空:✅) | 5.过滤✅(偏:bear 触:10 向:sell) | 6.时效✅(剩:47s) | ==> 综合: 多🔴 空🟢
2026-04-18 00:07:17,307 | [余额同步] 本地模式，初始资金: 10000.0 U
2026-04-18 00:07:17,307 | [账户监控] 无持仓
2026-04-18 00:07:19,156 | [开仓雷达] 1.震荡市:代码✅(评分:100) | 5K✅ | 2.基础✅(K:15 A:32.6 W:160.0) | 3.盈亏比✅(2.57≥1.3 需W>0.0) | 4.靠轨✅(多:❌ 空:✅) | 5.过滤✅(偏:bear 触:10 向:sell) | 6.时效✅(剩:44s) | ==> 综合: 多🔴 空🟢
2026-04-18 00:07:19,866 | [价格] Last:77850.6 | Mark:77950.0 | 延迟:0.0s | aggDelay:0.0s
2026-04-18 00:07:22,168 | [开仓雷达] 1.震荡市:代码✅(评分:100) | 5K✅ | 2.基础✅(K:15 A:32.6 W:160.0) | 3.盈亏比✅(2.57≥1.3 需W>0.0) | 4.靠轨✅(多:❌ 空:✅) | 5.过滤✅(偏:bull 触:10 向:sell) | 6.时效✅(剩:41s) | ==> 综合: 多🔴 空🟢
2026-04-18 00:07:24,202 | [开仓雷达] 1.震荡市:代码✅(评分:100) | 5K✅ | 2.基础✅(K:15 A:32.6 W:160.0) | 3.盈亏比✅(2.57≥1.3 需W>0.0) | 4.靠轨✅(多:❌ 空:✅) | 5.过滤✅(偏:bear 触:10 向:buy) | 6.时效✅(剩:39s) | ==> 综合: 多🔴 空🔴
2026-04-18 00:07:25,231 | [价格] Last:77851.5 | Mark:77931.68706522 | 延迟:0.0s | aggDelay:0.9s
2026-04-18 00:07:25,308 | [余额同步] 本地模式，初始资金: 10000.0 U
2026-04-18 00:07:25,308 | [账户监控] 无持仓
2026-04-18 00:07:28,166 | [开仓雷达] 1.震荡市:代码✅(评分:100) | 5K✅ | 2.基础✅(K:15 A:32.6 W:160.0) | 3.盈亏比✅(2.57≥1.3 需W>0.0) | 4.靠轨✅(多:❌ 空:✅) | 5.过滤✅(偏:bear 触:10 向:sell) | 6.时效✅(剩:35s) | ==> 综合: 多🔴 空🟢
2026-04-18 00:07:31,155 | [价格] Last:77858.8 | Mark:77932.27394928 | 延迟:0.0s | aggDelay:1.7s
2026-04-18 00:07:31,156 | [开仓雷达] 1.震荡市:代码✅(评分:100) | 5K✅ | 2.基础✅(K:15 A:32.6 W:160.0) | 3.盈亏比✅(2.57≥1.3 需W>0.0) | 4.靠轨✅(多:❌ 空:✅) | 5.过滤✅(偏:bear 触:10 向:buy) | 6.时效✅(剩:32s) | ==> 综合: 多🔴 空🔴
2026-04-18 00:07:33,308 | [余额同步] 本地模式，初始资金: 10000.0 U
2026-04-18 00:07:33,308 | [账户监控] 无持仓
2026-04-18 00:07:34,115 | [开仓雷达] 1.震荡市:代码✅(评分:100) | 5K✅ | 2.基础✅(K:15 A:32.6 W:160.0) | 3.盈亏比✅(2.57≥1.3 需W>0.0) | 4.靠轨✅(多:❌ 空:✅) | 5.过滤✅(偏:bear 触:10 向:sell) | 6.时效✅(剩:29s) | ==> 综合: 多🔴 空🟢
2026-04-18 00:07:36,503 | [价格] Last:77859.7 | Mark:77930.1 | 延迟:0.0s | aggDelay:0.0s
2026-04-18 00:07:36,503 | [开仓雷达] 1.震荡市:代码✅(评分:100) | 5K✅ | 2.基础✅(K:15 A:32.6 W:160.0) | 3.盈亏比✅(2.57≥1.3 需W>0.0) | 4.靠轨✅(多:❌ 空:✅) | 5.过滤✅(偏:bear 触:10 向:buy) | 6.时效✅(剩:26s) | ==> 综合: 多🔴 空🔴
2026-04-18 00:07:39,029 | [开仓雷达] 1.震荡市:代码✅(评分:100) | 5K✅ | 2.基础✅(K:15 A:32.6 W:160.0) | 3.盈亏比✅(2.57≥1.3 需W>0.0) | 4.靠轨✅(多:❌ 空:✅) | 5.过滤✅(偏:bear 触:10 向:buy) | 6.时效✅(剩:24s) | ==> 综合: 多🔴 空🔴
2026-04-18 00:07:41,309 | [余额同步] 本地模式，初始资金: 10000.0 U
2026-04-18 00:07:41,309 | [账户监控] 无持仓
2026-04-18 00:07:41,589 | [价格] Last:77852.1 | Mark:77969.7 | 延迟:0.0s | aggDelay:0.0s
2026-04-18 00:07:41,589 | [开仓雷达] 1.震荡市:代码✅(评分:100) | 5K✅ | 2.基础✅(K:15 A:32.6 W:160.0) | 3.盈亏比✅(2.57≥1.3 需W>0.0) | 4.靠轨✅(多:❌ 空:✅) | 5.过滤✅(偏:bear 触:10 向:sell) | 6.时效✅(剩:21s) | ==> 综合: 多🔴 空🟢
2026-04-18 00:07:45,986 | [开仓雷达] 1.震荡市:代码✅(评分:100) | 5K✅ | 2.基础✅(K:15 A:32.6 W:160.0) | 3.盈亏比✅(2.57≥1.3 需W>0.0) | 4.靠轨✅(多:❌ 空:✅) | 5.过滤✅(偏:bear 触:10 向:sell) | 6.时效✅(剩:17s) | ==> 综合: 多🔴 空🟢
2026-04-18 00:07:47,150 | [价格] Last:77857.4 | Mark:77958.98708333 | 延迟:0.0s | aggDelay:0.0s
2026-04-18 00:07:48,143 | [开仓雷达] 1.震荡市:代码✅(评分:100) | 5K✅ | 2.基础✅(K:15 A:32.6 W:160.0) | 3.盈亏比✅(2.57≥1.3 需W>0.0) | 4.靠轨✅(多:❌ 空:✅) | 5.过滤✅(偏:bear 触:10 向:buy) | 6.时效✅(剩:15s) | ==> 综合: 多🔴 空🔴
2026-04-18 00:07:49,310 | [余额同步] 本地模式，初始资金: 10000.0 U
2026-04-18 00:07:49,310 | [账户监控] 无持仓
2026-04-18 00:07:52,163 | [价格] Last:77855.3 | Mark:77953.67085145 | 延迟:0.0s | aggDelay:2.9s
2026-04-18 00:07:52,163 | [开仓雷达] 1.震荡市:代码✅(评分:100) | 5K✅ | 2.基础✅(K:15 A:32.6 W:160.0) | 3.盈亏比✅(2.57≥1.3 需W>0.0) | 4.靠轨✅(多:❌ 空:✅) | 5.过滤✅(偏:bear 触:10 向:sell) | 6.时效✅(剩:11s) | ==> 综合: 多🔴 空🟢
2026-04-18 00:07:55,158 | [开仓雷达] 1.震荡市:代码✅(评分:100) | 5K✅ | 2.基础✅(K:15 A:32.6 W:160.0) | 3.盈亏比✅(2.57≥1.3 需W>0.0) | 4.靠轨✅(多:❌ 空:✅) | 5.过滤✅(偏:bear 触:10 向:sell) | 6.时效✅(剩:8s) | ==> 综合: 多🔴 空🟢
2026-04-18 00:07:57,205 | [价格] Last:77855.3 | Mark:77946.35768116 | 延迟:0.0s | aggDelay:0.0s
2026-04-18 00:07:57,205 | [开仓雷达] 1.震荡市:代码✅(评分:100) | 5K✅ | 2.基础✅(K:15 A:32.6 W:160.0) | 3.盈亏比✅(2.57≥1.3 需W>0.0) | 4.靠轨✅(多:❌ 空:✅) | 5.过滤✅(偏:bear 触:10 向:sell) | 6.时效✅(剩:6s) | ==> 综合: 多🔴 空🟢
2026-04-18 00:07:57,310 | [余额同步] 本地模式，初始资金: 10000.0 U
2026-04-18 00:07:57,310 | [账户监控] 无持仓
2026-04-18 00:07:59,473 | [开仓雷达] 1.震荡市:代码✅(评分:100) | 5K✅ | 2.基础✅(K:15 A:32.6 W:160.0) | 3.盈亏比✅(2.57≥1.3 需W>0.0) | 4.靠轨✅(多:❌ 空:✅) | 5.过滤✅(偏:bear 触:10 向:sell) | 6.时效✅(剩:3s) | ==> 综合: 多🔴 空🟢
2026-04-18 00:08:04,370 | [价格] Last:77850.1 | Mark:77966.3 | 延迟:0.0s | aggDelay:0.0s
2026-04-18 00:08:04,370 | [开仓雷达] 1.震荡市:代码✅(评分:95) | 5K✅ | 2.基础✅(K:15 A:30.1 W:160.5) | 3.盈亏比✅(2.58≥1.3 需W>0.0) | 4.靠轨✅(多:❌ 空:✅) | 5.过滤✅(偏:bear 触:1 向:sell) | 6.时效✅(剩:120s) | ==> 综合: 多🔴 空🟢
2026-04-18 00:08:05,311 | [余额同步] 本地模式，初始资金: 10000.0 U
2026-04-18 00:08:05,311 | [账户监控] 无持仓
2026-04-18 00:08:07,200 | [开仓雷达] 1.震荡市:代码✅(评分:100) | 5K✅ | 2.基础✅(K:15 A:30.1 W:160.5) | 3.盈亏比✅(2.58≥1.3 需W>0.0) | 4.靠轨✅(多:❌ 空:✅) | 5.过滤✅(偏:bear 触:7 向:sell) | 6.时效✅(剩:117s) | ==> 综合: 多🔴 空🟢
2026-04-18 00:08:11,931 | [价格] Last:77859.5 | Mark:77965.81331522 | 延迟:0.0s | aggDelay:3.3s
2026-04-18 00:08:11,943 | [开仓雷达] 1.震荡市:代码✅(评分:100) | 5K✅ | 2.基础✅(K:15 A:30.1 W:160.5) | 3.盈亏比✅(2.58≥1.3 需W>0.0) | 4.靠轨✅(多:❌ 空:✅) | 5.过滤✅(偏:bear 触:10 向:buy) | 6.时效✅(剩:112s) | ==> 综合: 多🔴 空🔴
2026-04-18 00:08:13,613 | [余额同步] 本地模式，初始资金: 10000.0 U
2026-04-18 00:08:13,613 | [账户监控] 无持仓
2026-04-18 00:08:15,585 | [开仓雷达] 1.震荡市:代码✅(评分:100) | 5K✅ | 2.基础✅(K:15 A:30.1 W:160.5) | 3.盈亏比✅(2.58≥1.3 需W>0.0) | 4.靠轨✅(多:❌ 空:✅) | 5.过滤✅(偏:bear 触:10 向:sell) | 6.时效✅(剩:109s) | ==> 综合: 多🔴 空🟢
2026-04-18 00:08:17,787 | [价格] Last:77857.0 | Mark:77967.0123913 | 延迟:0.0s | aggDelay:0.0s
2026-04-18 00:08:17,787 | [开仓雷达] 1.震荡市:代码✅(评分:100) | 5K✅ | 2.基础✅(K:15 A:30.1 W:160.5) | 3.盈亏比✅(2.58≥1.3 需W>0.0) | 4.靠轨✅(多:❌ 空:✅) | 5.过滤✅(偏:bear 触:10 向:buy) | 6.时效✅(剩:107s) | ==> 综合: 多🔴 空🔴
2026-04-18 00:08:19,793 | [开仓雷达] 1.震荡市:代码✅(评分:100) | 5K✅ | 2.基础✅(K:15 A:30.1 W:160.5) | 3.盈亏比✅(2.58≥1.3 需W>0.0) | 4.靠轨✅(多:❌ 空:✅) | 5.过滤✅(偏:neutral 触:10 向:sell) | 6.时效✅(剩:105s) | ==> 综合: 多🔴 空🟢
2026-04-18 00:08:22,071 | [余额同步] 本地模式，初始资金: 10000.0 U
2026-04-18 00:08:22,072 | [账户监控] 无持仓
2026-04-18 00:08:22,479 | [开仓雷达] 1.震荡市:代码✅(评分:100) | 5K✅ | 2.基础✅(K:15 A:30.1 W:160.5) | 3.盈亏比✅(2.58≥1.3 需W>0.0) | 4.靠轨✅(多:❌ 空:✅) | 5.过滤✅(偏:bear 触:10 向:sell) | 6.时效✅(剩:102s) | ==> 综合: 多🔴 空🟢
2026-04-18 00:08:23,328 | [价格] Last:77856.8 | Mark:77974.5 | 延迟:0.0s | aggDelay:0.0s
2026-04-18 00:08:24,621 | [开仓雷达] 1.震荡市:代码✅(评分:100) | 5K✅ | 2.基础✅(K:15 A:30.1 W:160.5) | 3.盈亏比✅(2.58≥1.3 需W>0.0) | 4.靠轨✅(多:❌ 空:✅) | 5.过滤✅(偏:bear 触:10 向:sell) | 6.时效✅(剩:100s) | ==> 综合: 多🔴 空🟢
2026-04-18 00:08:27,327 | [开仓雷达] 1.震荡市:代码✅(评分:100) | 5K✅ | 2.基础✅(K:15 A:30.1 W:160.5) | 3.盈亏比✅(2.58≥1.3 需W>0.0) | 4.靠轨✅(多:❌ 空:✅) | 5.过滤✅(偏:bear 触:10 向:buy) | 6.时效✅(剩:97s) | ==> 综合: 多🔴 空🔴
2026-04-18 00:08:30,073 | [余额同步] 本地模式，初始资金: 10000.0 U
2026-04-18 00:08:30,073 | [账户监控] 无持仓
2026-04-18 00:08:30,485 | [价格] Last:77856.0 | Mark:77965.80929348 | 延迟:0.0s | aggDelay:0.0s
2026-04-18 00:08:30,486 | [开仓雷达] 1.震荡市:代码✅(评分:100) | 5K✅ | 2.基础✅(K:15 A:30.1 W:160.5) | 3.盈亏比✅(2.58≥1.3 需W>0.0) | 4.靠轨✅(多:❌ 空:✅) | 5.过滤✅(偏:neutral 触:10 向:buy) | 6.时效✅(剩:94s) | ==> 综合: 多🔴 空🔴
2026-04-18 00:08:32,707 | [开仓雷达] 1.震荡市:代码✅(评分:100) | 5K✅ | 2.基础✅(K:15 A:30.1 W:160.5) | 3.盈亏比✅(2.58≥1.3 需W>0.0) | 4.靠轨✅(多:❌ 空:✅) | 5.过滤✅(偏:bear 触:10 向:buy) | 6.时效✅(剩:92s) | ==> 综合: 多🔴 空🔴
2026-04-18 00:08:35,939 | [价格] Last:77859.2 | Mark:77949.61802536 | 延迟:0.0s | aggDelay:0.0s
2026-04-18 00:08:35,939 | [开仓雷达] 1.震荡市:代码✅(评分:100) | 5K✅ | 2.基础✅(K:15 A:30.1 W:160.5) | 3.盈亏比✅(2.58≥1.3 需W>0.0) | 4.靠轨✅(多:❌ 空:✅) | 5.过滤✅(偏:bear 触:10 向:buy) | 6.时效✅(剩:88s) | ==> 综合: 多🔴 空🔴
2026-04-18 00:08:38,067 | [开仓雷达] 1.震荡市:代码✅(评分:100) | 5K✅ | 2.基础✅(K:15 A:30.1 W:160.5) | 3.盈亏比✅(2.58≥1.3 需W>0.0) | 4.靠轨✅(多:❌ 空:✅) | 5.过滤✅(偏:bear 触:10 向:buy) | 6.时效✅(剩:86s) | ==> 综合: 多🔴 空🔴
2026-04-18 00:08:38,073 | [余额同步] 本地模式，初始资金: 10000.0 U
2026-04-18 00:08:38,073 | [账户监控] 无持仓
2026-04-18 00:08:40,163 | [开仓雷达] 1.震荡市:代码✅(评分:100) | 5K✅ | 2.基础✅(K:15 A:30.1 W:160.5) | 3.盈亏比✅(2.58≥1.3 需W>0.0) | 4.靠轨✅(多:❌ 空:✅) | 5.过滤✅(偏:bear 触:10 向:sell) | 6.时效✅(剩:84s) | ==> 综合: 多🔴 空🟢
2026-04-18 00:08:40,163 | ✅ 本地挂单成功 SELL | 价格:77855 | 数量:0.038 | 平仓单:False
2026-04-18 00:08:41,020 | [价格] Last:77855.4 | Mark:77930.01231884 | 延迟:0.0s | aggDelay:0.0s
2026-04-18 00:08:43,152 | 🎉 [本地限价单成交] SELL | 成交价:77855.0 | 数量:0.038
2026-04-18 00:08:43,594 | [本地持仓状态-ROI修正] short | 当前ROI:0.02% | 最高ROI:0.02% | 状态面板: 追踪止盈(手续费不足🟡 当前ROI:0.02%<0.8%)
2026-04-18 00:08:46,074 | [余额同步] 本地模式，初始资金: 10000.0 U
2026-04-18 00:08:46,074 | [本地账户监控] short | 数量:0.038 | 均价:77855.0 | 现价:77850.2 | 浮盈:0.18U | ROI:0.12%
2026-04-18 00:08:46,152 | [价格] Last:77850.2 | Mark:77913.67128623 | 延迟:0.0s | aggDelay:1.2s
2026-04-18 00:08:46,152 | [本地持仓状态-ROI修正] short | 当前ROI:0.12% | 最高ROI:0.13% | 状态面板: 追踪止盈(手续费不足🟡 当前ROI:0.12%<0.8%)
2026-04-18 00:08:49,183 | [平仓触发] 硬止损(0.08%)
2026-04-18 00:08:49,183 | [本地市价平仓成功] BUY | 价格:77850.2
2026-04-18 00:08:49,429 | [开仓雷达] 1.震荡市:代码✅(评分:100) | 5K✅ | 2.基础✅(K:15 A:30.1 W:160.5) | 3.盈亏比✅(2.58≥1.3 需W>0.0) | 4.靠轨✅(多:❌ 空:✅) | 5.过滤✅(偏:bear 触:10 向:buy) | 6.时效✅(剩:75s) | ==> 综合: 多🔴 空🔴
2026-04-18 00:08:51,408 | [价格] Last:77854.4 | Mark:77898.55594203 | 延迟:0.0s | aggDelay:0.0s
2026-04-18 00:08:52,164 | [开仓雷达] 1.震荡市:代码✅(评分:100) | 5K✅ | 2.基础✅(K:15 A:30.1 W:160.5) | 3.盈亏比✅(2.58≥1.3 需W>0.0) | 4.靠轨✅(多:❌ 空:✅) | 5.过滤✅(偏:bear 触:10 向:buy) | 6.时效✅(剩:72s) | ==> 综合: 多🔴 空🔴
2026-04-18 00:08:53,440 | ✅ 本地挂单成功 SELL | 价格:77855 | 数量:0.038 | 平仓单:False
2026-04-18 00:08:54,075 | [余额同步] 本地模式，初始资金: 10000.0 U
2026-04-18 00:08:54,075 | [账户监控] 无持仓
2026-04-18 00:08:55,096 | [开仓雷达] 1.震荡市:代码✅(评分:100) | 5K✅ | 2.基础✅(K:15 A:30.1 W:160.5) | 3.盈亏比✅(2.58≥1.3 需W>0.0) | 4.靠轨✅(多:❌ 空:✅) | 5.过滤✅(偏:bear 触:10 向:buy) | 6.时效✅(剩:69s) | ==> 综合: 多🔴 空🔴
2026-04-18 00:08:56,446 | [价格] Last:77854.4 | Mark:77884.85402174 | 延迟:0.0s | aggDelay:0.0s
2026-04-18 00:08:57,643 | 🎉 [本地限价单成交] SELL | 成交价:77855.0 | 数量:0.038
2026-04-18 00:08:58,187 | [本地持仓状态-ROI修正] short | 当前ROI:-0.03% | 最高ROI:0.00% | 状态面板: 追踪止盈(未启动🟢)
2026-04-18 00:09:00,636 | [本地持仓状态-ROI修正] short | 当前ROI:-0.03% | 最高ROI:0.00% | 状态面板: 追踪止盈(未启动🟢)
2026-04-18 00:09:00,790 | [平仓触发] 硬止损(0.08%)
2026-04-18 00:09:00,790 | [本地市价平仓成功] BUY | 价格:77859.9
2026-04-18 00:09:00,998 | [开仓雷达] 1.震荡市:代码✅(评分:100) | 5K✅ | 2.基础✅(K:15 A:30.1 W:160.5) | 3.盈亏比✅(2.58≥1.3 需W>0.0) | 4.靠轨✅(多:❌ 空:✅) | 5.过滤✅(偏:bear 触:10 向:buy) | 6.时效✅(剩:63s) | ==> 综合: 多🔴 空🔴
2026-04-18 00:09:01,605 | [价格] Last:77859.9 | Mark:77886.61793478 | 延迟:0.0s | aggDelay:0.0s
2026-04-18 00:09:02,075 | [余额同步] 本地模式，初始资金: 10000.0 U
2026-04-18 00:09:02,076 | [账户监控] 无持仓
2026-04-18 00:09:03,693 | [开仓雷达] 1.震荡市:代码✅(评分:100) | 5K✅ | 2.基础✅(K:15 A:27.6 W:160.7) | 3.盈亏比✅(2.58≥1.3 需W>0.0) | 4.靠轨✅(多:❌ 空:✅) | 5.过滤✅(偏:bear 触:10 向:buy) | 6.时效✅(剩:61s) | ==> 综合: 多🔴 空🔴
2026-04-18 00:09:05,778 | [开仓雷达] 1.震荡市:代码✅(评分:100) | 5K✅ | 2.基础✅(K:15 A:27.6 W:160.7) | 3.盈亏比✅(2.58≥1.3 需W>0.0) | 4.靠轨✅(多:❌ 空:✅) | 5.过滤✅(偏:bear 触:10 向:buy) | 6.时效✅(剩:59s) | ==> 综合: 多🔴 空🔴
2026-04-18 00:09:06,659 | [价格] Last:77855.0 | Mark:77880.63770751 | 延迟:0.0s | aggDelay:0.0s
2026-04-18 00:09:07,886 | [开仓雷达] 1.震荡市:代码✅(评分:100) | 5K✅ | 2.基础✅(K:15 A:27.6 W:160.7) | 3.盈亏比✅(2.58≥1.3 需W>0.0) | 4.靠轨✅(多:❌ 空:✅) | 5.过滤✅(偏:bear 触:10 向:sell) | 6.时效✅(剩:56s) | ==> 综合: 多🔴 空🟢
2026-04-18 00:09:09,949 | [开仓雷达] 1.震荡市:代码✅(评分:100) | 5K✅ | 2.基础✅(K:15 A:27.6 W:160.7) | 3.盈亏比✅(2.58≥1.3 需W>0.0) | 4.靠轨✅(多:❌ 空:✅) | 5.过滤✅(偏:bear 触:10 向:buy) | 6.时效✅(剩:54s) | ==> 综合: 多🔴 空🔴
2026-04-18 00:09:10,076 | [余额同步] 本地模式，初始资金: 10000.0 U
2026-04-18 00:09:10,076 | [账户监控] 无持仓
2026-04-18 00:09:11,980 | [价格] Last:77859.9 | Mark:77866.98552536 | 延迟:0.0s | aggDelay:0.0s
2026-04-18 00:09:11,981 | [开仓雷达] 1.震荡市:代码✅(评分:100) | 5K✅ | 2.基础✅(K:15 A:27.6 W:160.7) | 3.盈亏比✅(2.58≥1.3 需W>0.0) | 4.靠轨✅(多:❌ 空:✅) | 5.过滤✅(偏:bear 触:10 向:buy) | 6.时效✅(剩:52s) | ==> 综合: 多🔴 空🔴
2026-04-18 00:09:14,319 | [开仓雷达] 1.震荡市:代码✅(评分:100) | 5K✅ | 2.基础✅(K:15 A:27.6 W:160.7) | 3.盈亏比✅(2.58≥1.3 需W>0.0) | 4.靠轨✅(多:❌ 空:✅) | 5.过滤✅(偏:bear 触:10 向:buy) | 6.时效✅(剩:50s) | ==> 综合: 多🔴 空🔴
2026-04-18 00:09:16,668 | [开仓雷达] 1.震荡市:代码✅(评分:100) | 5K✅ | 2.基础✅(K:15 A:27.6 W:160.7) | 3.盈亏比✅(2.58≥1.3 需W>0.0) | 4.靠轨✅(多:❌ 空:✅) | 5.过滤✅(偏:bear 触:10 向:sell) | 6.时效✅(剩:48s) | ==> 综合: 多🔴 空🟢
2026-04-18 00:09:17,256 | [价格] Last:77855.7 | Mark:77865.02425725 | 延迟:0.0s | aggDelay:0.0s
2026-04-18 00:09:18,077 | [余额同步] 本地模式，初始资金: 10000.0 U
2026-04-18 00:09:18,077 | [账户监控] 无持仓
2026-04-18 00:09:19,149 | [开仓雷达] 1.震荡市:代码✅(评分:100) | 5K✅ | 2.基础✅(K:15 A:27.6 W:160.7) | 3.盈亏比✅(2.58≥1.3 需W>0.0) | 4.靠轨✅(多:❌ 空:✅) | 5.过滤✅(偏:bull 触:10 向:sell) | 6.时效✅(剩:45s) | ==> 综合: 多🔴 空🟢
2026-04-18 00:09:21,181 | [开仓雷达] 1.震荡市:代码✅(评分:100) | 5K✅ | 2.基础✅(K:15 A:27.6 W:160.7) | 3.盈亏比✅(2.58≥1.3 需W>0.0) | 4.靠轨✅(多:❌ 空:✅) | 5.过滤✅(偏:bull 触:10 向:sell) | 6.时效✅(剩:43s) | ==> 综合: 多🔴 空🟢
2026-04-18 00:09:22,641 | [价格] Last:77857.0 | Mark:77850.6 | 延迟:0.0s | aggDelay:0.0s
2026-04-18 00:09:23,427 | [开仓雷达] 1.震荡市:代码✅(评分:100) | 5K✅ | 2.基础✅(K:15 A:27.6 W:160.7) | 3.盈亏比✅(2.58≥1.3 需W>0.0) | 4.靠轨✅(多:❌ 空:✅) | 5.过滤✅(偏:bear 触:10 向:sell) | 6.时效✅(剩:41s) | ==> 综合: 多🔴 空🟢
2026-04-18 00:09:25,528 | [开仓雷达] 1.震荡市:代码✅(评分:100) | 5K✅ | 2.基础✅(K:15 A:27.6 W:160.7) | 3.盈亏比✅(2.58≥1.3 需W>0.0) | 4.靠轨✅(多:❌ 空:✅) | 5.过滤✅(偏:bear 触:10 向:sell) | 6.时效✅(剩:39s) | ==> 综合: 多🔴 空🟢
2026-04-18 00:09:26,077 | [余额同步] 本地模式，初始资金: 10000.0 U
2026-04-18 00:09:26,077 | [账户监控] 无持仓
2026-04-18 00:09:28,039 | [价格] Last:77856.6 | Mark:77833.05302536 | 延迟:0.0s | aggDelay:0.0s
2026-04-18 00:09:28,040 | [开仓雷达] 1.震荡市:代码✅(评分:100) | 5K✅ | 2.基础✅(K:15 A:27.6 W:160.7) | 3.盈亏比✅(2.58≥1.3 需W>0.0) | 4.靠轨✅(多:❌ 空:✅) | 5.过滤✅(偏:bear 触:10 向:sell) | 6.时效✅(剩:36s) | ==> 综合: 多🔴 空🟢
2026-04-18 00:09:30,336 | [开仓雷达] 1.震荡市:代码✅(评分:100) | 5K✅ | 2.基础✅(K:15 A:27.6 W:160.7) | 3.盈亏比✅(2.58≥1.3 需W>0.0) | 4.靠轨✅(多:❌ 空:✅) | 5.过滤✅(偏:neutral 触:10 向:sell) | 6.时效✅(剩:34s) | ==> 综合: 多🔴 空🟢
2026-04-18 00:09:32,456 | [开仓雷达] 1.震荡市:代码✅(评分:100) | 5K✅ | 2.基础✅(K:15 A:27.6 W:160.7) | 3.盈亏比✅(2.58≥1.3 需W>0.0) | 4.靠轨✅(多:❌ 空:✅) | 5.过滤✅(偏:bull 触:10 向:sell) | 6.时效✅(剩:32s) | ==> 综合: 多🔴 空🟢
2026-04-18 00:09:33,085 | [价格] Last:77855.0 | Mark:77812.37549407 | 延迟:0.0s | aggDelay:0.0s
2026-04-18 00:09:34,078 | [余额同步] 本地模式，初始资金: 10000.0 U
2026-04-18 00:09:34,078 | [账户监控] 无持仓
2026-04-18 00:09:34,723 | [开仓雷达] 1.震荡市:代码✅(评分:100) | 5K✅ | 2.基础✅(K:15 A:27.6 W:160.7) | 3.盈亏比✅(2.58≥1.3 需W>0.0) | 4.靠轨✅(多:❌ 空:✅) | 5.过滤✅(偏:bear 触:10 向:sell) | 6.时效✅(剩:30s) | ==> 综合: 多🔴 空🟢
2026-04-18 00:09:36,879 | [开仓雷达] 1.震荡市:代码✅(评分:100) | 5K✅ | 2.基础✅(K:15 A:27.6 W:160.7) | 3.盈亏比✅(2.58≥1.3 需W>0.0) | 4.靠轨✅(多:❌ 空:✅) | 5.过滤✅(偏:bear 触:10 向:sell) | 6.时效✅(剩:27s) | ==> 综合: 多🔴 空🟢
2026-04-18 00:09:38,481 | [价格] Last:77857.1 | Mark:77809.16427536 | 延迟:0.0s | aggDelay:0.0s
2026-04-18 00:09:39,297 | [开仓雷达] 1.震荡市:代码✅(评分:100) | 5K✅ | 2.基础✅(K:15 A:27.6 W:160.7) | 3.盈亏比✅(2.58≥1.3 需W>0.0) | 4.靠轨✅(多:❌ 空:✅) | 5.过滤✅(偏:bear 触:10 向:sell) | 6.时效✅(剩:25s) | ==> 综合: 多🔴 空🟢
2026-04-18 00:09:41,438 | [开仓雷达] 1.震荡市:代码✅(评分:100) | 5K✅ | 2.基础✅(K:15 A:27.6 W:160.7) | 3.盈亏比✅(2.58≥1.3 需W>0.0) | 4.靠轨✅(多:❌ 空:✅) | 5.过滤✅(偏:bear 触:10 向:buy) | 6.时效✅(剩:23s) | ==> 综合: 多🔴 空🔴
2026-04-18 00:09:42,078 | [余额同步] 本地模式，初始资金: 10000.0 U
2026-04-18 00:09:42,078 | [账户监控] 无持仓
2026-04-18 00:09:44,447 | [价格] Last:77855.2 | Mark:77800.30887681 | 延迟:0.0s | aggDelay:0.0s
2026-04-18 00:09:44,447 | [开仓雷达] 1.震荡市:代码✅(评分:100) | 5K✅ | 2.基础✅(K:15 A:27.6 W:160.7) | 3.盈亏比✅(2.58≥1.3 需W>0.0) | 4.靠轨✅(多:❌ 空:✅) | 5.过滤✅(偏:bear 触:10 向:sell) | 6.时效✅(剩:20s) | ==> 综合: 多🔴 空🟢
2026-04-18 00:09:46,536 | [开仓雷达] 1.震荡市:代码✅(评分:100) | 5K✅ | 2.基础✅(K:15 A:27.6 W:160.7) | 3.盈亏比✅(2.58≥1.3 需W>0.0) | 4.靠轨✅(多:❌ 空:✅) | 5.过滤✅(偏:bear 触:10 向:sell) | 6.时效✅(剩:18s) | ==> 综合: 多🔴 空🟢
2026-04-18 00:09:49,153 | [开仓雷达] 1.震荡市:代码✅(评分:100) | 5K✅ | 2.基础✅(K:15 A:27.6 W:160.7) | 3.盈亏比✅(2.58≥1.3 需W>0.0) | 4.靠轨✅(多:❌ 空:✅) | 5.过滤✅(偏:bear 触:10 向:sell) | 6.时效✅(剩:15s) | ==> 综合: 多🔴 空🟢
2026-04-18 00:09:50,079 | [余额同步] 本地模式，初始资金: 10000.0 U
2026-04-18 00:09:50,079 | [账户监控] 无持仓
2026-04-18 00:09:50,151 | [价格] Last:77855.2 | Mark:77809.7 | 延迟:0.0s | aggDelay:0.0s
2026-04-18 00:09:51,209 | [开仓雷达] 1.震荡市:代码✅(评分:100) | 5K✅ | 2.基础✅(K:15 A:27.6 W:160.7) | 3.盈亏比✅(2.58≥1.3 需W>0.0) | 4.靠轨✅(多:❌ 空:✅) | 5.过滤✅(偏:bear 触:10 向:buy) | 6.时效✅(剩:13s) | ==> 综合: 多🔴 空🔴
2026-04-18 00:09:53,235 | [开仓雷达] 1.震荡市:代码✅(评分:100) | 5K✅ | 2.基础✅(K:15 A:27.6 W:160.7) | 3.盈亏比✅(2.58≥1.3 需W>0.0) | 4.靠轨✅(多:❌ 空:✅) | 5.过滤✅(偏:bear 触:10 向:sell) | 6.时效✅(剩:11s) | ==> 综合: 多🔴 空🟢
2026-04-18 00:09:55,167 | [价格] Last:77855.2 | Mark:77819.9 | 延迟:0.0s | aggDelay:0.4s
2026-04-18 00:09:55,310 | [开仓雷达] 1.震荡市:代码✅(评分:100) | 5K✅ | 2.基础✅(K:15 A:27.6 W:160.7) | 3.盈亏比✅(2.58≥1.3 需W>0.0) | 4.靠轨✅(多:❌ 空:✅) | 5.过滤✅(偏:bear 触:10 向:sell) | 6.时效✅(剩:9s) | ==> 综合: 多🔴 空🟢
2026-04-18 00:09:57,336 | [开仓雷达] 1.震荡市:代码✅(评分:100) | 5K✅ | 2.基础✅(K:15 A:27.6 W:160.7) | 3.盈亏比✅(2.58≥1.3 需W>0.0) | 4.靠轨✅(多:❌ 空:✅) | 5.过滤✅(偏:bear 触:10 向:sell) | 6.时效✅(剩:7s) | ==> 综合: 多🔴 空🟢
2026-04-18 00:09:58,080 | [余额同步] 本地模式，初始资金: 10000.0 U
2026-04-18 00:09:58,080 | [账户监控] 无持仓
2026-04-18 00:09:59,454 | [开仓雷达] 1.震荡市:代码✅(评分:100) | 5K✅ | 2.基础✅(K:15 A:27.6 W:160.7) | 3.盈亏比✅(2.58≥1.3 需W>0.0) | 4.靠轨✅(多:❌ 空:✅) | 5.过滤✅(偏:bear 触:10 向:sell) | 6.时效✅(剩:5s) | ==> 综合: 多🔴 空🟢
2026-04-18 00:10:00,412 | [价格] Last:77855.2 | Mark:77816.9 | 延迟:0.0s | aggDelay:0.0s
2026-04-18 00:10:02,119 | [开仓雷达] 1.震荡市:代码✅(评分:80) | 5K✅ | 2.基础✅(K:15 A:16.1 W:160.7) | 3.盈亏比✅(2.58≥1.3 需W>0.0) | 4.靠轨✅(多:❌ 空:✅) | 5.过滤✅(偏:bear 触:10 向:sell) | 6.时效✅(剩:2s) | ==> 综合: 多🔴 空🟢
2026-04-18 00:10:04,160 | [开仓雷达] 1.震荡市:代码✅(评分:80) | 5K✅ | 2.基础✅(K:15 A:16.1 W:160.7) | 3.盈亏比✅(2.58≥1.3 需W>0.0) | 4.靠轨✅(多:❌ 空:✅) | 5.过滤✅(偏:bull 触:10 向:sell) | 6.时效✅(剩:0s) | ==> 综合: 多🔴 空🟢
2026-04-18 00:10:05,450 | [价格] Last:77844.8 | Mark:77816.0 | 延迟:0.0s | aggDelay:0.0s
2026-04-18 00:10:06,080 | [余额同步] 本地模式，初始资金: 10000.0 U
2026-04-18 00:10:06,080 | [账户监控] 无持仓
2026-04-18 00:10:06,433 | [开仓雷达] 1.震荡市:代码✅(评分:80) | 5K✅ | 2.基础✅(K:15 A:16.1 W:160.7) | 3.盈亏比✅(2.58≥1.3 需W>0.0) | 4.靠轨✅(多:❌ 空:✅) | 5.过滤✅(偏:bull 触:8 向:buy) | 6.时效✅(剩:118s) | ==> 综合: 多🔴 空🔴
2026-04-18 00:10:08,957 | [开仓雷达] 1.震荡市:代码✅(评分:80) | 5K✅ | 2.基础✅(K:15 A:16.1 W:160.7) | 3.盈亏比✅(2.58≥1.3 需W>0.0) | 4.靠轨❌(多:❌ 空:❌) | 5.过滤✅(偏:bull 触:10 向:buy) | 6.时效✅(剩:115s) | ==> 综合: 多🔴 空🔴
2026-04-18 00:10:11,407 | [价格] Last:77844.9 | Mark:77807.4 | 延迟:0.0s | aggDelay:0.0s
2026-04-18 00:10:11,407 | [开仓雷达] 1.震荡市:代码✅(评分:80) | 5K✅ | 2.基础✅(K:15 A:16.1 W:160.7) | 3.盈亏比✅(2.58≥1.3 需W>0.0) | 4.靠轨❌(多:❌ 空:❌) | 5.过滤✅(偏:bull 触:10 向:buy) | 6.时效✅(剩:113s) | ==> 综合: 多🔴 空🔴
2026-04-18 00:10:13,520 | [开仓雷达] 1.震荡市:代码✅(评分:80) | 5K✅ | 2.基础✅(K:15 A:16.1 W:160.7) | 3.盈亏比✅(2.58≥1.3 需W>0.0) | 4.靠轨❌(多:❌ 空:❌) | 5.过滤✅(偏:bull 触:10 向:sell) | 6.时效✅(剩:111s) | ==> 综合: 多🔴 空🔴
2026-04-18 00:10:14,081 | [余额同步] 本地模式，初始资金: 10000.0 U
2026-04-18 00:10:14,081 | [账户监控] 无持仓
2026-04-18 00:10:15,692 | [开仓雷达] 1.震荡市:代码✅(评分:80) | 5K✅ | 2.基础✅(K:15 A:16.1 W:160.7) | 3.盈亏比✅(2.58≥1.3 需W>0.0) | 4.靠轨❌(多:❌ 空:❌) | 5.过滤✅(偏:bear 触:10 向:buy) | 6.时效✅(剩:109s) | ==> 综合: 多🔴 空🔴
2026-04-18 00:10:16,650 | [价格] Last:77842.3 | Mark:77836.0 | 延迟:0.0s | aggDelay:0.0s
2026-04-18 00:10:18,062 | [开仓雷达] 1.震荡市:代码✅(评分:80) | 5K✅ | 2.基础✅(K:15 A:16.1 W:160.7) | 3.盈亏比✅(2.58≥1.3 需W>0.0) | 4.靠轨❌(多:❌ 空:❌) | 5.过滤✅(偏:bull 触:10 向:sell) | 6.时效✅(剩:106s) | ==> 综合: 多🔴 空🔴
2026-04-18 00:10:20,251 | [开仓雷达] 1.震荡市:代码✅(评分:80) | 5K✅ | 2.基础✅(K:15 A:16.1 W:160.7) | 3.盈亏比✅(2.58≥1.3 需W>0.0) | 4.靠轨❌(多:❌ 空:❌) | 5.过滤✅(偏:bear 触:10 向:sell) | 6.时效✅(剩:104s) | ==> 综合: 多🔴 空🔴
2026-04-18 00:10:22,011 | [价格] Last:77838.2 | Mark:77834.3 | 延迟:0.0s | aggDelay:0.0s
2026-04-18 00:10:22,081 | [余额同步] 本地模式，初始资金: 10000.0 U
2026-04-18 00:10:22,081 | [账户监控] 无持仓
2026-04-18 00:10:24,055 | [开仓雷达] 1.震荡市:代码✅(评分:80) | 5K✅ | 2.基础✅(K:15 A:16.1 W:160.7) | 3.盈亏比✅(2.58≥1.3 需W>0.0) | 4.靠轨❌(多:❌ 空:❌) | 5.过滤✅(偏:bear 触:10 向:sell) | 6.时效✅(剩:100s) | ==> 综合: 多🔴 空🔴
2026-04-18 00:10:26,340 | [开仓雷达] 1.震荡市:代码✅(评分:80) | 5K✅ | 2.基础✅(K:15 A:16.1 W:160.7) | 3.盈亏比✅(2.58≥1.3 需W>0.0) | 4.靠轨❌(多:❌ 空:❌) | 5.过滤✅(偏:bull 触:10 向:buy) | 6.时效✅(剩:98s) | ==> 综合: 多🔴 空🔴
2026-04-18 00:10:27,085 | [价格] Last:77834.0 | Mark:77831.0 | 延迟:0.0s | aggDelay:0.0s
2026-04-18 00:10:28,455 | [开仓雷达] 1.震荡市:代码✅(评分:80) | 5K✅ | 2.基础✅(K:15 A:16.1 W:160.7) | 3.盈亏比✅(2.58≥1.3 需W>0.0) | 4.靠轨❌(多:❌ 空:❌) | 5.过滤✅(偏:bull 触:10 向:buy) | 6.时效✅(剩:96s) | ==> 综合: 多🔴 空🔴
2026-04-18 00:10:30,082 | [余额同步] 本地模式，初始资金: 10000.0 U
2026-04-18 00:10:30,082 | [账户监控] 无持仓
2026-04-18 00:10:30,466 | [开仓雷达] 1.震荡市:代码✅(评分:80) | 5K✅ | 2.基础✅(K:15 A:16.1 W:160.7) | 3.盈亏比✅(2.58≥1.3 需W>0.0) | 4.靠轨❌(多:❌ 空:❌) | 5.过滤✅(偏:bull 触:10 向:sell) | 6.时效✅(剩:94s) | ==> 综合: 多🔴 空🔴
2026-04-18 00:10:32,626 | [价格] Last:77834.0 | Mark:77830.9 | 延迟:0.0s | aggDelay:0.0s
2026-04-18 00:10:32,627 | [开仓雷达] 1.震荡市:代码✅(评分:80) | 5K✅ | 2.基础✅(K:15 A:16.1 W:160.7) | 3.盈亏比✅(2.58≥1.3 需W>0.0) | 4.靠轨❌(多:❌ 空:❌) | 5.过滤✅(偏:bull 触:10 向:sell) | 6.时效✅(剩:92s) | ==> 综合: 多🔴 空🔴
2026-04-18 00:10:35,090 | [开仓雷达] 1.震荡市:代码✅(评分:80) | 5K✅ | 2.基础✅(K:15 A:16.1 W:160.7) | 3.盈亏比✅(2.58≥1.3 需W>0.0) | 4.靠轨❌(多:❌ 空:❌) | 5.过滤✅(偏:bull 触:10 向:sell) | 6.时效✅(剩:89s) | ==> 综合: 多🔴 空🔴
2026-04-18 00:10:37,177 | [开仓雷达] 1.震荡市:代码✅(评分:80) | 5K✅ | 2.基础✅(K:15 A:16.1 W:160.7) | 3.盈亏比✅(2.58≥1.3 需W>0.0) | 4.靠轨❌(多:❌ 空:❌) | 5.过滤✅(偏:bull 触:10 向:sell) | 6.时效✅(剩:87s) | ==> 综合: 多🔴 空🔴
2026-04-18 00:10:37,776 | [价格] Last:77831.2 | Mark:77830.8 | 延迟:0.0s | aggDelay:0.0s
2026-04-18 00:10:38,083 | [余额同步] 本地模式，初始资金: 10000.0 U
2026-04-18 00:10:38,083 | [账户监控] 无持仓
2026-04-18 00:10:39,243 | [开仓雷达] 1.震荡市:代码✅(评分:80) | 5K✅ | 2.基础✅(K:15 A:16.1 W:160.7) | 3.盈亏比✅(2.58≥1.3 需W>0.0) | 4.靠轨❌(多:❌ 空:❌) | 5.过滤✅(偏:bull 触:10 向:buy) | 6.时效✅(剩:85s) | ==> 综合: 多🔴 空🔴
2026-04-18 00:10:41,557 | [开仓雷达] 1.震荡市:代码✅(评分:80) | 5K✅ | 2.基础✅(K:15 A:16.1 W:160.7) | 3.盈亏比✅(2.58≥1.3 需W>0.0) | 4.靠轨❌(多:❌ 空:❌) | 5.过滤✅(偏:bull 触:10 向:buy) | 6.时效✅(剩:83s) | ==> 综合: 多🔴 空🔴
2026-04-18 00:10:43,159 | [价格] Last:77848.7 | Mark:77852.4 | 延迟:0.0s | aggDelay:0.5s
2026-04-18 00:10:43,580 | [开仓雷达] 1.震荡市:代码✅(评分:80) | 5K✅ | 2.基础✅(K:15 A:16.1 W:160.7) | 3.盈亏比✅(2.58≥1.3 需W>0.0) | 4.靠轨❌(多:❌ 空:❌) | 5.过滤✅(偏:neutral 触:10 向:buy) | 6.时效✅(剩:81s) | ==> 综合: 多🔴 空🔴
2026-04-18 00:10:44,819 | ✅ 本地挂单成功 SELL | 价格:77855 | 数量:0.038 | 平仓单:False
2026-04-18 00:10:45,722 | [开仓雷达] 1.震荡市:代码✅(评分:80) | 5K✅ | 2.基础✅(K:15 A:16.1 W:160.7) | 3.盈亏比✅(2.58≥1.3 需W>0.0) | 4.靠轨✅(多:❌ 空:✅) | 5.过滤✅(偏:bull 触:10 向:buy) | 6.时效✅(剩:79s) | ==> 综合: 多🔴 空🔴
2026-04-18 00:10:46,083 | [余额同步] 本地模式，初始资金: 10000.0 U
2026-04-18 00:10:46,083 | [账户监控] 无持仓
2026-04-18 00:10:46,164 | 🎉 [本地限价单成交] SELL | 成交价:77855.0 | 数量:0.038
2026-04-18 00:10:46,490 | [本地持仓状态-ROI修正] short | 当前ROI:0.06% | 最高ROI:0.06% | 状态面板: 追踪止盈(手续费不足🟡 当前ROI:0.06%<0.8%)
2026-04-18 00:10:48,229 | [价格] Last:77855.7 | Mark:77852.4 | 延迟:0.0s | aggDelay:0.0s
2026-04-18 00:10:49,109 | [本地持仓状态-ROI修正] short | 当前ROI:-0.05% | 最高ROI:0.06% | 状态面板: 追踪止盈(手续费不足🟡 当前ROI:-0.05%<0.8%)
2026-04-18 00:10:51,229 | [本地持仓状态-ROI修正] short | 当前ROI:-0.05% | 最高ROI:0.06% | 状态面板: 追踪止盈(手续费不足🟡 当前ROI:-0.05%<0.8%)
2026-04-18 00:10:54,084 | [余额同步] 本地模式，初始资金: 10000.0 U
2026-04-18 00:10:54,084 | [本地账户监控] short | 数量:0.038 | 均价:77855.0 | 现价:77857.0 | 浮盈:-0.08U | ROI:-0.05%
2026-04-18 00:10:54,128 | [价格] Last:77857.0 | Mark:77830.4 | 延迟:0.0s | aggDelay:0.0s
2026-04-18 00:10:54,128 | [本地持仓状态-ROI修正] short | 当前ROI:-0.05% | 最高ROI:0.06% | 状态面板: 追踪止盈(手续费不足🟡 当前ROI:-0.05%<0.8%)
2026-04-18 00:10:57,028 | [本地持仓状态-ROI修正] short | 当前ROI:0.54% | 最高ROI:0.61% | 状态面板: 追踪止盈(手续费不足🟡 当前ROI:0.54%<0.8%)
2026-04-18 00:10:59,579 | [价格] Last:77843.5 | Mark:77841.1 | 延迟:0.0s | aggDelay:0.0s
2026-04-18 00:10:59,579 | [本地持仓状态-ROI修正] short | 当前ROI:0.30% | 最高ROI:0.61% | 状态面板: 追踪止盈(手续费不足🟡 当前ROI:0.30%<0.8%)
2026-04-18 00:11:01,870 | [本地持仓状态-ROI修正] short | 当前ROI:0.33% | 最高ROI:0.61% | 状态面板: 追踪止盈(手续费不足🟡 当前ROI:0.33%<0.8%)
2026-04-18 00:11:02,084 | [余额同步] 本地模式，初始资金: 10000.0 U
2026-04-18 00:11:02,084 | [本地账户监控] short | 数量:0.038 | 均价:77855.0 | 现价:77842.1 | 浮盈:0.49U | ROI:0.33%
2026-04-18 00:11:03,960 | [本地持仓状态-ROI修正] short | 当前ROI:0.04% | 最高ROI:0.61% | 状态面板: 追踪止盈(手续费不足🟡 当前ROI:0.04%<0.8%)
2026-04-18 00:11:05,060 | [价格] Last:77846.2 | Mark:77834.2 | 延迟:0.0s | aggDelay:0.0s
2026-04-18 00:11:06,317 | [本地持仓状态-ROI修正] short | 当前ROI:0.13% | 最高ROI:0.61% | 状态面板: 追踪止盈(手续费不足🟡 当前ROI:0.13%<0.8%)
2026-04-18 00:11:08,353 | [本地持仓状态-ROI修正] short | 当前ROI:0.34% | 最高ROI:0.61% | 状态面板: 追踪止盈(手续费不足🟡 当前ROI:0.34%<0.8%)
2026-04-18 00:11:10,085 | [余额同步] 本地模式，初始资金: 10000.0 U
2026-04-18 00:11:10,085 | [本地账户监控] short | 数量:0.038 | 均价:77855.0 | 现价:77834.9 | 浮盈:0.76U | ROI:0.52%
2026-04-18 00:11:10,266 | [价格] Last:77834.9 | Mark:77842.35461957 | 延迟:0.0s | aggDelay:0.5s
2026-04-18 00:11:10,487 | [本地持仓状态-ROI修正] short | 当前ROI:0.45% | 最高ROI:0.61% | 状态面板: 追踪止盈(手续费不足🟡 当前ROI:0.45%<0.8%)
2026-04-18 00:11:13,046 | [本地持仓状态-ROI修正] short | 当前ROI:-0.05% | 最高ROI:0.61% | 状态面板: 追踪止盈(手续费不足🟡 当前ROI:-0.05%<0.8%)
2026-04-18 00:11:15,064 | [本地持仓状态-ROI修正] short | 当前ROI:-0.05% | 最高ROI:0.61% | 状态面板: 追踪止盈(手续费不足🟡 当前ROI:-0.05%<0.8%)
2026-04-18 00:11:15,544 | [价格] Last:77840.9 | Mark:77869.7 | 延迟:0.0s | aggDelay:0.0s
2026-04-18 00:11:17,351 | [本地持仓状态-ROI修正] short | 当前ROI:-0.05% | 最高ROI:0.61% | 状态面板: 追踪止盈(手续费不足🟡 当前ROI:-0.05%<0.8%)
2026-04-18 00:11:18,086 | [余额同步] 本地模式，初始资金: 10000.0 U
2026-04-18 00:11:18,086 | [本地账户监控] short | 数量:0.038 | 均价:77855.0 | 现价:77857.0 | 浮盈:-0.08U | ROI:-0.05%
2026-04-18 00:11:20,272 | [本地持仓状态-ROI修正] short | 当前ROI:-0.05% | 最高ROI:0.61% | 状态面板: 追踪止盈(手续费不足🟡 当前ROI:-0.05%<0.8%)
2026-04-18 00:11:21,009 | [价格] Last:77857.0 | Mark:77866.7 | 延迟:0.0s | aggDelay:0.0s
2026-04-18 00:11:22,619 | [本地持仓状态-ROI修正] short | 当前ROI:-0.05% | 最高ROI:0.61% | 状态面板: 追踪止盈(手续费不足🟡 当前ROI:-0.05%<0.8%)
2026-04-18 00:11:24,634 | [本地持仓状态-ROI修正] short | 当前ROI:0.11% | 最高ROI:0.61% | 状态面板: 追踪止盈(手续费不足🟡 当前ROI:0.11%<0.8%)
2026-04-18 00:11:26,086 | [余额同步] 本地模式，初始资金: 10000.0 U
2026-04-18 00:11:26,086 | [本地账户监控] short | 数量:0.038 | 均价:77855.0 | 现价:77857.0 | 浮盈:-0.08U | ROI:-0.05%
2026-04-18 00:11:26,149 | [价格] Last:77857.0 | Mark:77870.31617754 | 延迟:0.0s | aggDelay:0.0s
2026-04-18 00:11:27,073 | [本地持仓状态-ROI修正] short | 当前ROI:-0.05% | 最高ROI:0.61% | 状态面板: 追踪止盈(手续费不足🟡 当前ROI:-0.05%<0.8%)
2026-04-18 00:11:29,361 | [本地持仓状态-ROI修正] short | 当前ROI:-0.05% | 最高ROI:0.61% | 状态面板: 追踪止盈(手续费不足🟡 当前ROI:-0.05%<0.8%)
2026-04-18 00:11:31,170 | [价格] Last:77857.1 | Mark:77869.76251812 | 延迟:0.0s | aggDelay:0.1s
2026-04-18 00:11:31,462 | [本地持仓状态-ROI修正] short | 当前ROI:-0.05% | 最高ROI:0.61% | 状态面板: 追踪止盈(手续费不足🟡 当前ROI:-0.05%<0.8%)
2026-04-18 00:11:33,580 | [本地持仓状态-ROI修正] short | 当前ROI:-0.05% | 最高ROI:0.61% | 状态面板: 追踪止盈(手续费不足🟡 当前ROI:-0.05%<0.8%)
2026-04-18 00:11:34,086 | [余额同步] 本地模式，初始资金: 10000.0 U
2026-04-18 00:11:34,087 | [本地账户监控] short | 数量:0.038 | 均价:77855.0 | 现价:77857.1 | 浮盈:-0.08U | ROI:-0.05%
2026-04-18 00:11:35,785 | [本地持仓状态-ROI修正] short | 当前ROI:-0.05% | 最高ROI:0.61% | 状态面板: 追踪止盈(手续费不足🟡 当前ROI:-0.05%<0.8%)
2026-04-18 00:11:36,366 | [价格] Last:77857.1 | Mark:77869.78186594 | 延迟:0.0s | aggDelay:0.0s
2026-04-18 00:11:37,793 | [本地持仓状态-ROI修正] short | 当前ROI:-0.05% | 最高ROI:0.61% | 状态面板: 追踪止盈(手续费不足🟡 当前ROI:-0.05%<0.8%)
2026-04-18 00:11:40,147 | [本地持仓状态-ROI修正] short | 当前ROI:-0.05% | 最高ROI:0.61% | 状态面板: 追踪止盈(手续费不足🟡 当前ROI:-0.05%<0.8%)
2026-04-18 00:11:41,386 | [价格] Last:77857.1 | Mark:77867.87150362 | 延迟:0.0s | aggDelay:0.0s
2026-04-18 00:11:42,087 | [余额同步] 本地模式，初始资金: 10000.0 U
2026-04-18 00:11:42,087 | [本地账户监控] short | 数量:0.038 | 均价:77855.0 | 现价:77857.1 | 浮盈:-0.08U | ROI:-0.05%
2026-04-18 00:11:42,713 | [本地持仓状态-ROI修正] short | 当前ROI:-0.05% | 最高ROI:0.61% | 状态面板: 追踪止盈(手续费不足🟡 当前ROI:-0.05%<0.8%)
2026-04-18 00:11:42,870 | [平仓触发] 硬止损(0.08%)
2026-04-18 00:11:42,870 | [本地市价平仓成功] BUY | 价格:77859.9
2026-04-18 00:11:42,963 | [开仓雷达] 1.震荡市:代码✅(评分:70) | 5K✅ | 2.基础✅(K:15 A:8.6 W:160.7) | 3.盈亏比✅(2.58≥1.3 需W>0.0) | 4.靠轨✅(多:❌ 空:✅) | 5.过滤✅(偏:bear 触:10 向:buy) | 6.时效✅(剩:21s) | ==> 综合: 多🔴 空🔴
2026-04-18 00:11:45,012 | [开仓雷达] 1.震荡市:代码✅(评分:70) | 5K✅ | 2.基础✅(K:15 A:8.6 W:160.7) | 3.盈亏比✅(2.58≥1.3 需W>0.0) | 4.靠轨✅(多:❌ 空:✅) | 5.过滤✅(偏:bear 触:10 向:buy) | 6.时效✅(剩:19s) | ==> 综合: 多🔴 空🔴
2026-04-18 00:11:46,642 | [价格] Last:77857.8 | Mark:77864.93166667 | 延迟:0.0s | aggDelay:0.0s
2026-04-18 00:11:47,078 | [开仓雷达] 1.震荡市:代码✅(评分:70) | 5K✅ | 2.基础✅(K:15 A:8.6 W:160.7) | 3.盈亏比✅(2.58≥1.3 需W>0.0) | 4.靠轨✅(多:❌ 空:✅) | 5.过滤✅(偏:bear 触:10 向:sell) | 6.时效✅(剩:17s) | ==> 综合: 多🔴 空🟢
2026-04-18 00:11:49,140 | [开仓雷达] 1.震荡市:代码✅(评分:70) | 5K✅ | 2.基础✅(K:15 A:8.6 W:160.7) | 3.盈亏比✅(2.58≥1.3 需W>0.0) | 4.靠轨✅(多:❌ 空:✅) | 5.过滤✅(偏:bear 触:10 向:sell) | 6.时效✅(剩:15s) | ==> 综合: 多🔴 空🟢
2026-04-18 00:11:50,088 | [余额同步] 本地模式，初始资金: 10000.0 U
2026-04-18 00:11:50,088 | [账户监控] 无持仓
2026-04-18 00:11:51,359 | [开仓雷达] 1.震荡市:代码✅(评分:70) | 5K✅ | 2.基础✅(K:15 A:8.6 W:160.7) | 3.盈亏比✅(2.58≥1.3 需W>0.0) | 4.靠轨✅(多:❌ 空:✅) | 5.过滤✅(偏:bear 触:10 向:buy) | 6.时效✅(剩:13s) | ==> 综合: 多🔴 空🔴
2026-04-18 00:11:51,693 | [价格] Last:77859.9 | Mark:77861.62192029 | 延迟:0.0s | aggDelay:0.0s
2026-04-18 00:11:53,389 | [开仓雷达] 1.震荡市:代码✅(评分:70) | 5K✅ | 2.基础✅(K:15 A:8.6 W:160.7) | 3.盈亏比✅(2.58≥1.3 需W>0.0) | 4.靠轨✅(多:❌ 空:✅) | 5.过滤✅(偏:bear 触:10 向:buy) | 6.时效✅(剩:11s) | ==> 综合: 多🔴 空🔴
2026-04-18 00:11:55,784 | [开仓雷达] 1.震荡市:代码✅(评分:70) | 5K✅ | 2.基础✅(K:15 A:8.6 W:160.7) | 3.盈亏比✅(2.58≥1.3 需W>0.0) | 4.靠轨✅(多:❌ 空:✅) | 5.过滤✅(偏:bear 触:10 向:buy) | 6.时效✅(剩:9s) | ==> 综合: 多🔴 空🔴
2026-04-18 00:11:56,698 | [价格] Last:77858.0 | Mark:77863.3965942 | 延迟:0.0s | aggDelay:0.0s
2026-04-18 00:11:58,089 | [余额同步] 本地模式，初始资金: 10000.0 U
2026-04-18 00:11:58,089 | [账户监控] 无持仓
2026-04-18 00:11:58,163 | [开仓雷达] 1.震荡市:代码✅(评分:70) | 5K✅ | 2.基础✅(K:15 A:8.6 W:160.7) | 3.盈亏比✅(2.58≥1.3 需W>0.0) | 4.靠轨✅(多:❌ 空:✅) | 5.过滤✅(偏:bear 触:10 向:buy) | 6.时效✅(剩:6s) | ==> 综合: 多🔴 空🔴
2026-04-18 00:12:00,349 | [开仓雷达] 1.震荡市:代码✅(评分:70) | 5K✅ | 2.基础✅(K:15 A:8.6 W:160.7) | 3.盈亏比✅(2.58≥1.3 需W>0.0) | 4.靠轨✅(多:❌ 空:✅) | 5.过滤✅(偏:bear 触:10 向:buy) | 6.时效✅(剩:4s) | ==> 综合: 多🔴 空🔴
2026-04-18 00:12:01,746 | [价格] Last:77859.9 | Mark:77863.3 | 延迟:0.0s | aggDelay:0.0s
2026-04-18 00:12:03,259 | [开仓雷达] 1.震荡市:代码✅(评分:80) | 5K✅ | 2.基础✅(K:15 A:12.0 W:160.5) | 3.盈亏比✅(2.58≥1.3 需W>0.0) | 4.靠轨✅(多:❌ 空:✅) | 5.过滤✅(偏:bear 触:10 向:buy) | 6.时效✅(剩:1s) | ==> 综合: 多🔴 空🔴
2026-04-18 00:12:05,511 | [开仓雷达] 1.震荡市:代码✅(评分:80) | 5K✅ | 2.基础✅(K:15 A:12.0 W:160.5) | 3.盈亏比✅(2.58≥1.3 需W>0.0) | 4.靠轨✅(多:❌ 空:✅) | 5.过滤✅(偏:bear 触:2 向:buy) | 6.时效✅(剩:120s) | ==> 综合: 多🔴 空🔴
2026-04-18 00:12:06,090 | [余额同步] 本地模式，初始资金: 10000.0 U
2026-04-18 00:12:06,090 | [账户监控] 无持仓
2026-04-18 00:12:07,165 | [价格] Last:77859.9 | Mark:77886.4 | 延迟:0.0s | aggDelay:0.7s
2026-04-18 00:12:07,540 | [开仓雷达] 1.震荡市:代码✅(评分:80) | 5K✅ | 2.基础✅(K:15 A:12.0 W:160.5) | 3.盈亏比✅(2.58≥1.3 需W>0.0) | 4.靠轨✅(多:❌ 空:✅) | 5.过滤✅(偏:bear 触:9 向:sell) | 6.时效✅(剩:118s) | ==> 综合: 多🔴 空🟢
2026-04-18 00:12:10,038 | [开仓雷达] 1.震荡市:代码✅(评分:80) | 5K✅ | 2.基础✅(K:15 A:12.0 W:160.5) | 3.盈亏比✅(2.58≥1.3 需W>0.0) | 4.靠轨✅(多:❌ 空:✅) | 5.过滤✅(偏:bear 触:10 向:buy) | 6.时效✅(剩:115s) | ==> 综合: 多🔴 空🔴
2026-04-18 00:12:12,268 | [价格] Last:77859.8 | Mark:77889.5 | 延迟:0.0s | aggDelay:0.0s
2026-04-18 00:12:12,268 | [开仓雷达] 1.震荡市:代码✅(评分:80) | 5K✅ | 2.基础✅(K:15 A:12.0 W:160.5) | 3.盈亏比✅(2.58≥1.3 需W>0.0) | 4.靠轨✅(多:❌ 空:✅) | 5.过滤✅(偏:bear 触:10 向:sell) | 6.时效✅(剩:113s) | ==> 综合: 多🔴 空🟢
2026-04-18 00:12:14,091 | [余额同步] 本地模式，初始资金: 10000.0 U
2026-04-18 00:12:14,091 | [账户监控] 无持仓
2026-04-18 00:12:14,300 | [开仓雷达] 1.震荡市:代码✅(评分:80) | 5K✅ | 2.基础✅(K:15 A:12.0 W:160.5) | 3.盈亏比✅(2.58≥1.3 需W>0.0) | 4.靠轨✅(多:❌ 空:✅) | 5.过滤✅(偏:bear 触:10 向:buy) | 6.时效✅(剩:111s) | ==> 综合: 多🔴 空🔴
2026-04-18 00:12:16,303 | [开仓雷达] 1.震荡市:代码✅(评分:80) | 5K✅ | 2.基础✅(K:15 A:12.0 W:160.5) | 3.盈亏比✅(2.58≥1.3 需W>0.0) | 4.靠轨✅(多:❌ 空:✅) | 5.过滤✅(偏:bear 触:10 向:buy) | 6.时效✅(剩:109s) | ==> 综合: 多🔴 空🔴
2026-04-18 00:12:19,140 | [价格] Last:77879.2 | Mark:77919.9 | 延迟:0.0s | aggDelay:0.0s
2026-04-18 00:12:19,140 | [开仓雷达] 1.震荡市:代码✅(评分:80) | 5K✅ | 2.基础✅(K:15 A:12.0 W:160.5) | 3.盈亏比✅(2.58≥1.3 需W>0.0) | 4.靠轨✅(多:❌ 空:✅) | 5.过滤✅(偏:bear 触:10 向:buy) | 6.时效✅(剩:106s) | ==> 综合: 多🔴 空🔴
2026-04-18 00:12:21,456 | [开仓雷达] 1.震荡市:代码✅(评分:80) | 5K✅ | 2.基础✅(K:15 A:12.0 W:160.5) | 3.盈亏比✅(2.58≥1.3 需W>0.0) | 4.靠轨✅(多:❌ 空:✅) | 5.过滤✅(偏:bear 触:10 向:buy) | 6.时效✅(剩:104s) | ==> 综合: 多🔴 空🔴
2026-04-18 00:12:22,091 | [余额同步] 本地模式，初始资金: 10000.0 U
2026-04-18 00:12:22,091 | [账户监控] 无持仓
2026-04-18 00:12:23,694 | [开仓雷达] 1.震荡市:代码✅(评分:80) | 5K✅ | 2.基础✅(K:15 A:12.0 W:160.5) | 3.盈亏比✅(2.58≥1.3 需W>0.0) | 4.靠轨✅(多:❌ 空:✅) | 5.过滤✅(偏:bear 触:10 向:sell) | 6.时效✅(剩:101s) | ==> 综合: 多🔴 空🟢
2026-04-18 00:12:24,202 | [价格] Last:77911.3 | Mark:77912.89228261 | 延迟:0.0s | aggDelay:0.0s
2026-04-18 00:12:25,964 | [开仓雷达] 1.震荡市:代码✅(评分:80) | 5K✅ | 2.基础✅(K:15 A:12.0 W:160.5) | 3.盈亏比✅(2.58≥1.3 需W>0.0) | 4.靠轨✅(多:❌ 空:✅) | 5.过滤✅(偏:bear 触:10 向:sell) | 6.时效✅(剩:99s) | ==> 综合: 多🔴 空🟢
2026-04-18 00:12:28,020 | [开仓雷达] 1.震荡市:代码✅(评分:80) | 5K✅ | 2.基础✅(K:15 A:12.0 W:160.5) | 3.盈亏比✅(2.58≥1.3 需W>0.0) | 4.靠轨✅(多:❌ 空:✅) | 5.过滤✅(偏:bear 触:10 向:buy) | 6.时效✅(剩:97s) | ==> 综合: 多🔴 空🔴
2026-04-18 00:12:29,697 | [价格] Last:77911.2 | Mark:77909.9 | 延迟:0.0s | aggDelay:0.0s
2026-04-18 00:12:30,059 | [开仓雷达] 1.震荡市:代码✅(评分:80) | 5K✅ | 2.基础✅(K:15 A:12.0 W:160.5) | 3.盈亏比✅(2.58≥1.3 需W>0.0) | 4.靠轨✅(多:❌ 空:✅) | 5.过滤✅(偏:bear 触:10 向:sell) | 6.时效✅(剩:95s) | ==> 综合: 多🔴 空🟢
2026-04-18 00:12:30,091 | [余额同步] 本地模式，初始资金: 10000.0 U
2026-04-18 00:12:30,091 | [账户监控] 无持仓
2026-04-18 00:12:33,242 | [开仓雷达] 1.震荡市:代码✅(评分:80) | 5K✅ | 2.基础✅(K:15 A:12.0 W:160.5) | 3.盈亏比✅(2.58≥1.3 需W>0.0) | 4.靠轨✅(多:❌ 空:✅) | 5.过滤✅(偏:bear 触:10 向:buy) | 6.时效✅(剩:92s) | ==> 综合: 多🔴 空🔴
2026-04-18 00:12:35,609 | [价格] Last:77911.2 | Mark:77916.3 | 延迟:0.0s | aggDelay:0.0s
2026-04-18 00:12:35,609 | [开仓雷达] 1.震荡市:代码✅(评分:80) | 5K✅ | 2.基础✅(K:15 A:12.0 W:160.5) | 3.盈亏比✅(2.58≥1.3 需W>0.0) | 4.靠轨✅(多:❌ 空:✅) | 5.过滤✅(偏:bear 触:10 向:sell) | 6.时效✅(剩:90s) | ==> 综合: 多🔴 空🟢
2026-04-18 00:12:37,924 | [开仓雷达] 1.震荡市:代码✅(评分:80) | 5K✅ | 2.基础✅(K:15 A:12.0 W:160.5) | 3.盈亏比✅(2.58≥1.3 需W>0.0) | 4.靠轨✅(多:❌ 空:✅) | 5.过滤✅(偏:bear 触:10 向:sell) | 6.时效✅(剩:87s) | ==> 综合: 多🔴 空🟢
2026-04-18 00:12:38,092 | [余额同步] 本地模式，初始资金: 10000.0 U
2026-04-18 00:12:38,092 | [账户监控] 无持仓
2026-04-18 00:12:42,293 | [价格] Last:77911.3 | Mark:77916.2 | 延迟:0.0s | aggDelay:0.0s
2026-04-18 00:12:42,293 | [开仓雷达] 1.震荡市:代码✅(评分:80) | 5K✅ | 2.基础✅(K:15 A:12.0 W:160.5) | 3.盈亏比✅(2.58≥1.3 需W>0.0) | 4.靠轨✅(多:❌ 空:✅) | 5.过滤✅(偏:bear 触:10 向:sell) | 6.时效✅(剩:83s) | ==> 综合: 多🔴 空🟢
2026-04-18 00:12:45,245 | [开仓雷达] 1.震荡市:代码✅(评分:80) | 5K✅ | 2.基础✅(K:15 A:12.0 W:160.5) | 3.盈亏比✅(2.58≥1.3 需W>0.0) | 4.靠轨✅(多:❌ 空:✅) | 5.过滤✅(偏:bull 触:10 向:buy) | 6.时效✅(剩:80s) | ==> 综合: 多🔴 空🔴
2026-04-18 00:12:46,110 | [余额同步] 本地模式，初始资金: 10000.0 U
2026-04-18 00:12:46,111 | [账户监控] 无持仓
2026-04-18 00:12:49,041 | [价格] Last:77911.2 | Mark:77935.0 | 延迟:0.0s | aggDelay:0.0s
2026-04-18 00:12:49,043 | [开仓雷达] 1.震荡市:代码✅(评分:80) | 5K✅ | 2.基础✅(K:15 A:12.0 W:160.5) | 3.盈亏比✅(2.58≥1.3 需W>0.0) | 4.靠轨✅(多:❌ 空:✅) | 5.过滤✅(偏:bear 触:10 向:sell) | 6.时效✅(剩:76s) | ==> 综合: 多🔴 空🟢
2026-04-18 00:12:51,347 | [开仓雷达] 1.震荡市:代码✅(评分:80) | 5K✅ | 2.基础✅(K:15 A:12.0 W:160.5) | 3.盈亏比✅(2.57≥1.3 需W>0.0) | 4.靠轨✅(多:❌ 空:✅) | 5.过滤✅(偏:bear 触:10 向:sell) | 6.时效✅(剩:74s) | ==> 综合: 多🔴 空🟢
2026-04-18 00:12:54,246 | [余额同步] 本地模式，初始资金: 10000.0 U
2026-04-18 00:12:54,246 | [账户监控] 无持仓
2026-04-18 00:12:54,421 | [价格] Last:77916.9 | Mark:77939.2 | 延迟:0.0s | aggDelay:0.0s
2026-04-18 00:12:54,422 | [开仓雷达] 1.震荡市:代码✅(评分:80) | 5K✅ | 2.基础✅(K:15 A:12.0 W:160.5) | 3.盈亏比✅(2.57≥1.3 需W>0.0) | 4.靠轨✅(多:❌ 空:✅) | 5.过滤✅(偏:bear 触:10 向:buy) | 6.时效✅(剩:71s) | ==> 综合: 多🔴 空🔴
2026-04-18 00:12:57,310 | [开仓雷达] 1.震荡市:代码✅(评分:80) | 5K✅ | 2.基础✅(K:15 A:12.0 W:160.5) | 3.盈亏比✅(2.57≥1.3 需W>0.0) | 4.靠轨✅(多:❌ 空:✅) | 5.过滤✅(偏:bear 触:10 向:buy) | 6.时效✅(剩:68s) | ==> 综合: 多🔴 空🔴
2026-04-18 00:12:59,346 | [开仓雷达] 1.震荡市:代码✅(评分:80) | 5K✅ | 2.基础✅(K:15 A:12.0 W:160.5) | 3.盈亏比✅(2.57≥1.3 需W>0.0) | 4.靠轨✅(多:❌ 空:✅) | 5.过滤✅(偏:bear 触:10 向:buy) | 6.时效✅(剩:66s) | ==> 综合: 多🔴 空🔴
2026-04-18 00:13:01,962 | [价格] Last:77916.9 | Mark:77937.0 | 延迟:0.0s | aggDelay:0.0s
2026-04-18 00:13:01,962 | [开仓雷达] 1.震荡市:代码✅(评分:80) | 5K✅ | 2.基础✅(K:15 A:12.0 W:160.5) | 3.盈亏比✅(2.57≥1.3 需W>0.0) | 4.靠轨✅(多:❌ 空:✅) | 5.过滤✅(偏:bear 触:10 向:buy) | 6.时效✅(剩:63s) | ==> 综合: 多🔴 空🔴
2026-04-18 00:13:02,246 | [余额同步] 本地模式，初始资金: 10000.0 U
2026-04-18 00:13:02,246 | [账户监控] 无持仓
2026-04-18 00:13:04,071 | [开仓雷达] 1.震荡市:代码❌(评分:80) | 5K✅ | 2.基础✅(K:15 A:20.3 W:142.3) | 3.盈亏比✅(2.28≥1.3 需W>0.0) | 4.靠轨✅(多:❌ 空:✅) | 5.过滤✅(偏:bear 触:10 向:buy) | 6.时效✅(剩:118s) | ==> 综合: 多🔴 空🔴
2026-04-18 00:13:06,135 | [开仓雷达] 1.震荡市:代码❌(评分:80) | 5K✅ | 2.基础✅(K:15 A:20.3 W:142.3) | 3.盈亏比✅(2.28≥1.3 需W>0.0) | 4.靠轨✅(多:❌ 空:✅) | 5.过滤✅(偏:bear 触:10 向:sell) | 6.时效✅(剩:116s) | ==> 综合: 多🔴 空🔴
2026-04-18 00:13:08,292 | [价格] Last:77918.9 | Mark:77935.35172101 | 延迟:0.0s | aggDelay:0.0s
2026-04-18 00:13:08,292 | [开仓雷达] 1.震荡市:代码❌(评分:80) | 5K✅ | 2.基础✅(K:15 A:20.3 W:142.3) | 3.盈亏比✅(2.28≥1.3 需W>0.0) | 4.靠轨✅(多:❌ 空:✅) | 5.过滤✅(偏:bear 触:10 向:buy) | 6.时效✅(剩:114s) | ==> 综合: 多🔴 空🔴
2026-04-18 00:13:10,381 | [余额同步] 本地模式，初始资金: 10000.0 U
2026-04-18 00:13:10,381 | [账户监控] 无持仓
2026-04-18 00:13:10,433 | [开仓雷达] 1.震荡市:代码❌(评分:80) | 5K✅ | 2.基础✅(K:15 A:20.3 W:142.3) | 3.盈亏比✅(2.28≥1.3 需W>0.0) | 4.靠轨✅(多:❌ 空:✅) | 5.过滤✅(偏:bear 触:10 向:sell) | 6.时效✅(剩:112s) | ==> 综合: 多🔴 空🔴
2026-04-18 00:13:13,305 | [价格] Last:77918.7 | Mark:77933.51447464 | 延迟:0.0s | aggDelay:0.0s
2026-04-18 00:13:13,305 | [开仓雷达] 1.震荡市:代码❌(评分:80) | 5K✅ | 2.基础✅(K:15 A:20.3 W:142.3) | 3.盈亏比✅(2.28≥1.3 需W>0.0) | 4.靠轨✅(多:❌ 空:✅) | 5.过滤✅(偏:bear 触:10 向:sell) | 6.时效✅(剩:109s) | ==> 综合: 多🔴 空🔴
2026-04-18 00:13:16,372 | [开仓雷达] 1.震荡市:代码❌(评分:80) | 5K✅ | 2.基础✅(K:15 A:20.3 W:142.3) | 3.盈亏比✅(2.28≥1.3 需W>0.0) | 4.靠轨✅(多:❌ 空:✅) | 5.过滤✅(偏:bear 触:10 向:sell) | 6.时效✅(剩:106s) | ==> 综合: 多🔴 空🔴
2026-04-18 00:13:18,381 | [余额同步] 本地模式，初始资金: 10000.0 U
2026-04-18 00:13:18,381 | [账户监控] 无持仓
2026-04-18 00:13:19,538 | [价格] Last:77918.7 | Mark:77925.81378623 | 延迟:0.0s | aggDelay:0.0s
2026-04-18 00:13:19,538 | [开仓雷达] 1.震荡市:代码❌(评分:80) | 5K✅ | 2.基础✅(K:15 A:20.3 W:142.3) | 3.盈亏比✅(2.28≥1.3 需W>0.0) | 4.靠轨✅(多:❌ 空:✅) | 5.过滤✅(偏:bear 触:10 向:sell) | 6.时效✅(剩:103s) | ==> 综合: 多🔴 空🔴
2026-04-18 00:13:22,564 | [开仓雷达] 1.震荡市:代码❌(评分:80) | 5K✅ | 2.基础✅(K:15 A:20.3 W:142.3) | 3.盈亏比✅(2.28≥1.3 需W>0.0) | 4.靠轨✅(多:❌ 空:✅) | 5.过滤✅(偏:bear 触:10 向:buy) | 6.时效✅(剩:100s) | ==> 综合: 多🔴 空🔴
2026-04-18 00:13:24,715 | [价格] Last:77918.9 | Mark:77932.47181159 | 延迟:0.0s | aggDelay:0.0s
2026-04-18 00:13:24,715 | [开仓雷达] 1.震荡市:代码❌(评分:80) | 5K✅ | 2.基础✅(K:15 A:20.3 W:142.3) | 3.盈亏比✅(2.28≥1.3 需W>0.0) | 4.靠轨✅(多:❌ 空:✅) | 5.过滤✅(偏:bear 触:10 向:buy) | 6.时效✅(剩:97s) | ==> 综合: 多🔴 空🔴
2026-04-18 00:13:26,943 | [余额同步] 本地模式，初始资金: 10000.0 U
2026-04-18 00:13:26,943 | [账户监控] 无持仓
2026-04-18 00:13:27,389 | [开仓雷达] 1.震荡市:代码❌(评分:80) | 5K✅ | 2.基础✅(K:15 A:20.3 W:142.3) | 3.盈亏比✅(2.28≥1.3 需W>0.0) | 4.靠轨✅(多:❌ 空:✅) | 5.过滤✅(偏:bear 触:10 向:buy) | 6.时效✅(剩:95s) | ==> 综合: 多🔴 空🔴
2026-04-18 00:13:30,578 | [价格] Last:77918.9 | Mark:77939.31290514 | 延迟:0.0s | aggDelay:0.0s
2026-04-18 00:13:30,578 | [开仓雷达] 1.震荡市:代码❌(评分:80) | 5K✅ | 2.基础✅(K:15 A:20.3 W:142.3) | 3.盈亏比✅(2.28≥1.3 需W>0.0) | 4.靠轨✅(多:❌ 空:✅) | 5.过滤✅(偏:neutral 触:10 向:buy) | 6.时效✅(剩:91s) | ==> 综合: 多🔴 空🔴
2026-04-18 00:13:33,232 | [开仓雷达] 1.震荡市:代码❌(评分:80) | 5K✅ | 2.基础✅(K:15 A:20.3 W:142.3) | 3.盈亏比✅(2.28≥1.3 需W>0.0) | 4.靠轨✅(多:❌ 空:✅) | 5.过滤✅(偏:neutral 触:10 向:buy) | 6.时效✅(剩:89s) | ==> 综合: 多🔴 空🔴
2026-04-18 00:13:33,511 | [程序退出]
