2026-04-24 11:02:09,769 | [UserDataWS] 启动异常: name 'base_listen_url' is not defined
2026-04-24 11:02:09,769 | ======================================
2026-04-24 11:02:09,770 |  V24 趋势共振+凯利仓位+状态机止损 启动成功
2026-04-24 11:02:09,770 |  当前运行模式: 本地撮合 (测试网行情)
2026-04-24 11:02:09,770 |  策略: 流动性+Sweep+区间评分 | 启动盈利:0.01% | 止损:2.5% | 区间有效期:动态ATR自适应
2026-04-24 11:02:09,770 | ======================================
2026-04-24 11:02:11,125 | [时间同步] 完成
2026-04-24 11:02:11,126 | [历史K线] 正在拉取初始1分钟和15分钟K线数据...
2026-04-24 11:02:12,498 | [历史K线] 成功加载 14 根 1分钟K线
2026-04-24 11:02:13,859 | [历史K线] 成功加载 4 根 15分钟K线
2026-04-24 11:02:13,859 | [余额同步] 本地模式，初始资金: 10000.0 U
2026-04-24 11:02:13,859 | [本地持仓] None
2026-04-24 11:02:13,861 | [余额同步] 本地模式，初始资金: 10000.0 U
2026-04-24 11:02:13,861 | [账户监控] 无持仓
2026-04-24 11:02:15,151 | Websocket connected
2026-04-24 11:02:15,152 | [WebSocket] 连接成功 ✅ (模式: 本地撮合-测试网行情)
2026-04-24 11:02:15,152 | [状态校准] 正在重新同步持仓与余额，清理幽灵状态...
2026-04-24 11:02:15,152 | [本地持仓] None
2026-04-24 11:02:15,653 | [余额同步] 本地模式，初始资金: 10000.0 U
2026-04-24 11:02:15,963 | [WebSocket] 行情订阅成功 ✅
2026-04-24 11:02:21,862 | [余额同步] 本地模式，初始资金: 10000.0 U
2026-04-24 11:02:21,862 | [账户监控] 无持仓
2026-04-24 11:02:31,412 | [余额同步] 本地模式，初始资金: 10000.0 U
2026-04-24 11:02:31,414 | [账户监控] 无持仓
2026-04-24 11:02:43,020 | [余额同步] 本地模式，初始资金: 10000.0 U
2026-04-24 11:02:43,021 | [账户监控] 无持仓
2026-04-24 11:02:51,021 | [余额同步] 本地模式，初始资金: 10000.0 U
2026-04-24 11:02:51,021 | [账户监控] 无持仓
2026-04-24 11:02:59,022 | [余额同步] 本地模式，初始资金: 10000.0 U
2026-04-24 11:02:59,022 | [账户监控] 无持仓
2026-04-24 11:03:07,023 | [余额同步] 本地模式，初始资金: 10000.0 U
2026-04-24 11:03:07,024 | [账户监控] 无持仓
2026-04-24 11:03:15,025 | [余额同步] 本地模式，初始资金: 10000.0 U
2026-04-24 11:03:15,026 | [账户监控] 无持仓
2026-04-24 11:03:23,029 | [余额同步] 本地模式，初始资金: 10000.0 U
2026-04-24 11:03:23,032 | [账户监控] 无持仓
2026-04-24 11:03:31,033 | [余额同步] 本地模式，初始资金: 10000.0 U
2026-04-24 11:03:31,034 | [账户监控] 无持仓
2026-04-24 11:03:39,036 | [余额同步] 本地模式，初始资金: 10000.0 U
2026-04-24 11:03:39,036 | [账户监控] 无持仓
2026-04-24 11:03:47,037 | [余额同步] 本地模式，初始资金: 10000.0 U
2026-04-24 11:03:47,041 | [账户监控] 无持仓
2026-04-24 11:03:55,042 | [余额同步] 本地模式，初始资金: 10000.0 U
2026-04-24 11:03:55,043 | [账户监控] 无持仓
2026-04-24 11:04:03,044 | [余额同步] 本地模式，初始资金: 10000.0 U
2026-04-24 11:04:03,045 | [账户监控] 无持仓
2026-04-24 11:04:11,045 | [余额同步] 本地模式，初始资金: 10000.0 U
2026-04-24 11:04:11,046 | [账户监控] 无持仓
2026-04-24 11:04:19,047 | [余额同步] 本地模式，初始资金: 10000.0 U
2026-04-24 11:04:19,048 | [账户监控] 无持仓
2026-04-24 11:04:27,061 | [余额同步] 本地模式，初始资金: 10000.0 U
2026-04-24 11:04:27,064 | [账户监控] 无持仓
2026-04-24 11:04:35,077 | [余额同步] 本地模式，初始资金: 10000.0 U
2026-04-24 11:04:35,092 | [账户监控] 无持仓
2026-04-24 11:04:43,093 | [余额同步] 本地模式，初始资金: 10000.0 U
2026-04-24 11:04:43,094 | [账户监控] 无持仓
2026-04-24 11:04:51,094 | [余额同步] 本地模式，初始资金: 10000.0 U
2026-04-24 11:04:51,095 | [账户监控] 无持仓
2026-04-24 11:04:59,095 | [余额同步] 本地模式，初始资金: 10000.0 U
2026-04-24 11:04:59,096 | [账户监控] 无持仓
2026-04-24 11:05:07,097 | [余额同步] 本地模式，初始资金: 10000.0 U
2026-04-24 11:05:07,097 | [账户监控] 无持仓
2026-04-24 11:05:15,098 | [余额同步] 本地模式，初始资金: 10000.0 U
2026-04-24 11:05:15,100 | [账户监控] 无持仓
2026-04-24 11:05:23,101 | [余额同步] 本地模式，初始资金: 10000.0 U
2026-04-24 11:05:23,102 | [账户监控] 无持仓
2026-04-24 11:05:31,103 | [余额同步] 本地模式，初始资金: 10000.0 U
2026-04-24 11:05:31,104 | [账户监控] 无持仓
2026-04-24 11:05:39,105 | [余额同步] 本地模式，初始资金: 10000.0 U
2026-04-24 11:05:39,105 | [账户监控] 无持仓
2026-04-24 11:05:47,106 | [余额同步] 本地模式，初始资金: 10000.0 U
2026-04-24 11:05:47,107 | [账户监控] 无持仓
2026-04-24 11:05:55,198 | [余额同步] 本地模式，初始资金: 10000.0 U
2026-04-24 11:05:55,316 | [账户监控] 无持仓
2026-04-24 11:06:03,317 | [余额同步] 本地模式，初始资金: 10000.0 U
2026-04-24 11:06:03,319 | [账户监控] 无持仓
2026-04-24 11:06:11,329 | [余额同步] 本地模式，初始资金: 10000.0 U
2026-04-24 11:06:11,331 | [账户监控] 无持仓
2026-04-24 11:06:19,332 | [余额同步] 本地模式，初始资金: 10000.0 U
2026-04-24 11:06:19,333 | [账户监控] 无持仓
2026-04-24 11:06:27,333 | [余额同步] 本地模式，初始资金: 10000.0 U
2026-04-24 11:06:27,335 | [账户监控] 无持仓
2026-04-24 11:06:35,342 | [余额同步] 本地模式，初始资金: 10000.0 U
2026-04-24 11:06:35,346 | [账户监控] 无持仓
2026-04-24 11:06:43,361 | [余额同步] 本地模式，初始资金: 10000.0 U
2026-04-24 11:06:43,365 | [账户监控] 无持仓
2026-04-24 11:06:51,367 | [余额同步] 本地模式，初始资金: 10000.0 U
2026-04-24 11:06:51,368 | [账户监控] 无持仓
2026-04-24 11:06:59,370 | [余额同步] 本地模式，初始资金: 10000.0 U
2026-04-24 11:06:59,370 | [账户监控] 无持仓
2026-04-24 11:07:07,372 | [余额同步] 本地模式，初始资金: 10000.0 U
2026-04-24 11:07:07,373 | [账户监控] 无持仓
2026-04-24 11:07:15,373 | [余额同步] 本地模式，初始资金: 10000.0 U
2026-04-24 11:07:15,374 | [账户监控] 无持仓
2026-04-24 11:07:23,375 | [余额同步] 本地模式，初始资金: 10000.0 U
2026-04-24 11:07:23,376 | [账户监控] 无持仓
2026-04-24 11:07:31,376 | [余额同步] 本地模式，初始资金: 10000.0 U
2026-04-24 11:07:31,377 | [账户监控] 无持仓
2026-04-24 11:07:39,378 | [余额同步] 本地模式，初始资金: 10000.0 U
2026-04-24 11:07:39,378 | [账户监控] 无持仓
2026-04-24 11:07:47,379 | [余额同步] 本地模式，初始资金: 10000.0 U
2026-04-24 11:07:47,381 | [账户监控] 无持仓
2026-04-24 11:07:55,382 | [余额同步] 本地模式，初始资金: 10000.0 U
2026-04-24 11:07:55,383 | [账户监控] 无持仓
2026-04-24 11:08:03,383 | [余额同步] 本地模式，初始资金: 10000.0 U
2026-04-24 11:08:03,384 | [账户监控] 无持仓
2026-04-24 11:08:11,385 | [余额同步] 本地模式，初始资金: 10000.0 U
2026-04-24 11:08:11,385 | [账户监控] 无持仓
2026-04-24 11:08:19,386 | [余额同步] 本地模式，初始资金: 10000.0 U
2026-04-24 11:08:19,387 | [账户监控] 无持仓
2026-04-24 11:08:27,388 | [余额同步] 本地模式，初始资金: 10000.0 U
2026-04-24 11:08:27,388 | [账户监控] 无持仓
2026-04-24 11:08:35,389 | [余额同步] 本地模式，初始资金: 10000.0 U
2026-04-24 11:08:35,390 | [账户监控] 无持仓
2026-04-24 11:08:43,391 | [余额同步] 本地模式，初始资金: 10000.0 U
2026-04-24 11:08:43,392 | [账户监控] 无持仓
2026-04-24 11:08:51,393 | [余额同步] 本地模式，初始资金: 10000.0 U
2026-04-24 11:08:51,395 | [账户监控] 无持仓
2026-04-24 11:08:59,396 | [余额同步] 本地模式，初始资金: 10000.0 U
2026-04-24 11:08:59,396 | [账户监控] 无持仓
2026-04-24 11:09:07,397 | [余额同步] 本地模式，初始资金: 10000.0 U
2026-04-24 11:09:07,397 | [账户监控] 无持仓
2026-04-24 11:09:15,398 | [余额同步] 本地模式，初始资金: 10000.0 U
2026-04-24 11:09:15,399 | [账户监控] 无持仓
2026-04-24 11:09:23,400 | [余额同步] 本地模式，初始资金: 10000.0 U
2026-04-24 11:09:23,401 | [账户监控] 无持仓
2026-04-24 11:09:31,402 | [余额同步] 本地模式，初始资金: 10000.0 U
2026-04-24 11:09:31,405 | [账户监控] 无持仓
2026-04-24 11:09:39,408 | [余额同步] 本地模式，初始资金: 10000.0 U
2026-04-24 11:09:39,410 | [账户监控] 无持仓
2026-04-24 11:09:47,410 | [余额同步] 本地模式，初始资金: 10000.0 U
2026-04-24 11:09:47,411 | [账户监控] 无持仓
2026-04-24 11:09:55,412 | [余额同步] 本地模式，初始资金: 10000.0 U
2026-04-24 11:09:55,414 | [账户监控] 无持仓
2026-04-24 11:10:03,414 | [余额同步] 本地模式，初始资金: 10000.0 U
2026-04-24 11:10:03,415 | [账户监控] 无持仓
2026-04-24 11:10:12,532 | [余额同步] 本地模式，初始资金: 10000.0 U
2026-04-24 11:10:12,762 | [账户监控] 无持仓
2026-04-24 11:10:20,763 | [余额同步] 本地模式，初始资金: 10000.0 U
2026-04-24 11:10:20,764 | [账户监控] 无持仓
2026-04-24 11:10:28,764 | [余额同步] 本地模式，初始资金: 10000.0 U
2026-04-24 11:10:28,765 | [账户监控] 无持仓
2026-04-24 11:10:36,766 | [余额同步] 本地模式，初始资金: 10000.0 U
2026-04-24 11:10:36,766 | [账户监控] 无持仓
2026-04-24 11:10:44,767 | [余额同步] 本地模式，初始资金: 10000.0 U
2026-04-24 11:10:44,769 | [账户监控] 无持仓
2026-04-24 11:10:52,771 | [余额同步] 本地模式，初始资金: 10000.0 U
2026-04-24 11:10:52,773 | [账户监控] 无持仓
2026-04-24 11:11:01,768 | [余额同步] 本地模式，初始资金: 10000.0 U
2026-04-24 11:11:01,924 | [账户监控] 无持仓
2026-04-24 11:11:09,925 | [余额同步] 本地模式，初始资金: 10000.0 U
2026-04-24 11:11:09,926 | [账户监控] 无持仓
2026-04-24 11:11:17,926 | [余额同步] 本地模式，初始资金: 10000.0 U
2026-04-24 11:11:17,927 | [账户监控] 无持仓
2026-04-24 11:11:25,928 | [余额同步] 本地模式，初始资金: 10000.0 U
2026-04-24 11:11:25,928 | [账户监控] 无持仓
2026-04-24 11:11:33,929 | [余额同步] 本地模式，初始资金: 10000.0 U
2026-04-24 11:11:33,929 | [账户监控] 无持仓
2026-04-24 11:11:41,934 | [余额同步] 本地模式，初始资金: 10000.0 U
2026-04-24 11:11:41,934 | [账户监控] 无持仓
2026-04-24 11:11:49,935 | [余额同步] 本地模式，初始资金: 10000.0 U
2026-04-24 11:11:49,938 | [账户监控] 无持仓
2026-04-24 11:11:57,938 | [余额同步] 本地模式，初始资金: 10000.0 U
2026-04-24 11:11:57,939 | [账户监控] 无持仓
2026-04-24 11:12:05,940 | [余额同步] 本地模式，初始资金: 10000.0 U
2026-04-24 11:12:05,940 | [账户监控] 无持仓
2026-04-24 11:12:13,941 | [余额同步] 本地模式，初始资金: 10000.0 U
2026-04-24 11:12:13,941 | [账户监控] 无持仓
2026-04-24 11:12:21,997 | [余额同步] 本地模式，初始资金: 10000.0 U
2026-04-24 11:12:22,040 | [账户监控] 无持仓
2026-04-24 11:12:30,041 | [余额同步] 本地模式，初始资金: 10000.0 U
2026-04-24 11:12:30,042 | [账户监控] 无持仓
2026-04-24 11:12:38,042 | [余额同步] 本地模式，初始资金: 10000.0 U
2026-04-24 11:12:38,043 | [账户监控] 无持仓
2026-04-24 11:12:46,044 | [余额同步] 本地模式，初始资金: 10000.0 U
2026-04-24 11:12:46,044 | [账户监控] 无持仓
2026-04-24 11:12:54,045 | [余额同步] 本地模式，初始资金: 10000.0 U
2026-04-24 11:12:54,046 | [账户监控] 无持仓
2026-04-24 11:13:02,046 | [余额同步] 本地模式，初始资金: 10000.0 U
2026-04-24 11:13:02,047 | [账户监控] 无持仓
2026-04-24 11:13:10,049 | [余额同步] 本地模式，初始资金: 10000.0 U
2026-04-24 11:13:10,051 | [账户监控] 无持仓
2026-04-24 11:13:18,052 | [余额同步] 本地模式，初始资金: 10000.0 U
2026-04-24 11:13:18,053 | [账户监控] 无持仓
2026-04-24 11:13:26,054 | [余额同步] 本地模式，初始资金: 10000.0 U
2026-04-24 11:13:26,055 | [账户监控] 无持仓
2026-04-24 11:13:34,056 | [余额同步] 本地模式，初始资金: 10000.0 U
2026-04-24 11:13:34,056 | [账户监控] 无持仓
2026-04-24 11:13:42,057 | [余额同步] 本地模式，初始资金: 10000.0 U
2026-04-24 11:13:42,057 | [账户监控] 无持仓
2026-04-24 11:13:50,058 | [余额同步] 本地模式，初始资金: 10000.0 U
2026-04-24 11:13:50,059 | [账户监控] 无持仓
2026-04-24 11:13:58,081 | [余额同步] 本地模式，初始资金: 10000.0 U
2026-04-24 11:13:58,082 | [账户监控] 无持仓
2026-04-24 11:14:06,086 | [余额同步] 本地模式，初始资金: 10000.0 U
2026-04-24 11:14:06,088 | [账户监控] 无持仓
2026-04-24 11:14:14,092 | [余额同步] 本地模式，初始资金: 10000.0 U
2026-04-24 11:14:14,100 | [账户监控] 无持仓
2026-04-24 11:14:22,102 | [余额同步] 本地模式，初始资金: 10000.0 U
2026-04-24 11:14:22,103 | [账户监控] 无持仓
2026-04-24 11:14:30,104 | [余额同步] 本地模式，初始资金: 10000.0 U
2026-04-24 11:14:30,105 | [账户监控] 无持仓
2026-04-24 11:14:38,106 | [余额同步] 本地模式，初始资金: 10000.0 U
2026-04-24 11:14:38,106 | [账户监控] 无持仓
2026-04-24 11:14:46,107 | [余额同步] 本地模式，初始资金: 10000.0 U
2026-04-24 11:14:46,108 | [账户监控] 无持仓
2026-04-24 11:14:54,108 | [余额同步] 本地模式，初始资金: 10000.0 U
2026-04-24 11:14:54,109 | [账户监控] 无持仓
2026-04-24 11:15:02,109 | [余额同步] 本地模式，初始资金: 10000.0 U
2026-04-24 11:15:02,110 | [账户监控] 无持仓
2026-04-24 11:15:10,120 | [余额同步] 本地模式，初始资金: 10000.0 U
2026-04-24 11:15:10,120 | [账户监控] 无持仓
2026-04-24 11:15:18,121 | [余额同步] 本地模式，初始资金: 10000.0 U
2026-04-24 11:15:18,122 | [账户监控] 无持仓
2026-04-24 11:15:26,122 | [余额同步] 本地模式，初始资金: 10000.0 U
2026-04-24 11:15:26,123 | [账户监控] 无持仓
2026-04-24 11:15:34,130 | [余额同步] 本地模式，初始资金: 10000.0 U
2026-04-24 11:15:34,130 | [账户监控] 无持仓
2026-04-24 11:15:42,131 | [余额同步] 本地模式，初始资金: 10000.0 U
2026-04-24 11:15:42,131 | [账户监控] 无持仓
2026-04-24 11:15:50,132 | [余额同步] 本地模式，初始资金: 10000.0 U
2026-04-24 11:15:50,133 | [账户监控] 无持仓
2026-04-24 11:15:58,135 | [余额同步] 本地模式，初始资金: 10000.0 U
2026-04-24 11:15:58,138 | [账户监控] 无持仓
2026-04-24 11:16:06,140 | [余额同步] 本地模式，初始资金: 10000.0 U
2026-04-24 11:16:06,144 | [账户监控] 无持仓
2026-04-24 11:16:14,145 | [余额同步] 本地模式，初始资金: 10000.0 U
2026-04-24 11:16:14,146 | [账户监控] 无持仓
2026-04-24 11:16:22,147 | [余额同步] 本地模式，初始资金: 10000.0 U
2026-04-24 11:16:22,147 | [账户监控] 无持仓
2026-04-24 11:16:30,148 | [余额同步] 本地模式，初始资金: 10000.0 U
2026-04-24 11:16:30,149 | [账户监控] 无持仓
2026-04-24 11:16:38,150 | [余额同步] 本地模式，初始资金: 10000.0 U
2026-04-24 11:16:38,150 | [账户监控] 无持仓
2026-04-24 11:16:47,458 | [余额同步] 本地模式，初始资金: 10000.0 U
2026-04-24 11:16:47,957 | [账户监控] 无持仓
2026-04-24 11:16:55,958 | [余额同步] 本地模式，初始资金: 10000.0 U
2026-04-24 11:16:55,958 | [账户监控] 无持仓
2026-04-24 11:17:03,959 | [余额同步] 本地模式，初始资金: 10000.0 U
2026-04-24 11:17:03,959 | [账户监控] 无持仓
2026-04-24 11:17:11,960 | [余额同步] 本地模式，初始资金: 10000.0 U
2026-04-24 11:17:11,960 | [账户监控] 无持仓
2026-04-24 11:17:20,187 | [余额同步] 本地模式，初始资金: 10000.0 U
2026-04-24 11:17:20,188 | [账户监控] 无持仓
2026-04-24 11:17:28,189 | [余额同步] 本地模式，初始资金: 10000.0 U
2026-04-24 11:17:28,191 | [账户监控] 无持仓
2026-04-24 11:17:36,193 | [余额同步] 本地模式，初始资金: 10000.0 U
2026-04-24 11:17:36,194 | [账户监控] 无持仓
2026-04-24 11:17:44,195 | [余额同步] 本地模式，初始资金: 10000.0 U
2026-04-24 11:17:44,196 | [账户监控] 无持仓
2026-04-24 11:17:52,196 | [余额同步] 本地模式，初始资金: 10000.0 U
2026-04-24 11:17:52,197 | [账户监控] 无持仓
2026-04-24 11:18:00,198 | [余额同步] 本地模式，初始资金: 10000.0 U
2026-04-24 11:18:00,198 | [账户监控] 无持仓
2026-04-24 11:18:08,199 | [余额同步] 本地模式，初始资金: 10000.0 U
2026-04-24 11:18:08,199 | [账户监控] 无持仓
2026-04-24 11:18:16,200 | [余额同步] 本地模式，初始资金: 10000.0 U
2026-04-24 11:18:16,201 | [账户监控] 无持仓
2026-04-24 11:18:24,202 | [余额同步] 本地模式，初始资金: 10000.0 U
2026-04-24 11:18:24,202 | [账户监控] 无持仓
2026-04-24 11:18:32,203 | [余额同步] 本地模式，初始资金: 10000.0 U
2026-04-24 11:18:32,205 | [账户监控] 无持仓
2026-04-24 11:18:40,206 | [余额同步] 本地模式，初始资金: 10000.0 U
2026-04-24 11:18:40,207 | [账户监控] 无持仓
2026-04-24 11:18:48,207 | [余额同步] 本地模式，初始资金: 10000.0 U
2026-04-24 11:18:48,208 | [账户监控] 无持仓
2026-04-24 11:18:56,209 | [余额同步] 本地模式，初始资金: 10000.0 U
2026-04-24 11:18:56,210 | [账户监控] 无持仓
2026-04-24 11:19:04,210 | [余额同步] 本地模式，初始资金: 10000.0 U
2026-04-24 11:19:04,211 | [账户监控] 无持仓
2026-04-24 11:19:12,211 | [余额同步] 本地模式，初始资金: 10000.0 U
2026-04-24 11:19:12,212 | [账户监控] 无持仓
2026-04-24 11:19:20,213 | [余额同步] 本地模式，初始资金: 10000.0 U
2026-04-24 11:19:20,213 | [账户监控] 无持仓
2026-04-24 11:19:28,214 | [余额同步] 本地模式，初始资金: 10000.0 U
2026-04-24 11:19:28,215 | [账户监控] 无持仓
2026-04-24 11:19:36,215 | [余额同步] 本地模式，初始资金: 10000.0 U
2026-04-24 11:19:36,216 | [账户监控] 无持仓
2026-04-24 11:19:44,217 | [余额同步] 本地模式，初始资金: 10000.0 U
2026-04-24 11:19:44,217 | [账户监控] 无持仓
2026-04-24 11:19:52,219 | [余额同步] 本地模式，初始资金: 10000.0 U
2026-04-24 11:19:52,220 | [账户监控] 无持仓
2026-04-24 11:20:00,221 | [余额同步] 本地模式，初始资金: 10000.0 U
2026-04-24 11:20:00,227 | [账户监控] 无持仓
2026-04-24 11:20:08,228 | [余额同步] 本地模式，初始资金: 10000.0 U
2026-04-24 11:20:08,229 | [账户监控] 无持仓
2026-04-24 11:20:16,230 | [余额同步] 本地模式，初始资金: 10000.0 U
2026-04-24 11:20:16,230 | [账户监控] 无持仓
2026-04-24 11:20:24,231 | [余额同步] 本地模式，初始资金: 10000.0 U
2026-04-24 11:20:24,231 | [账户监控] 无持仓
2026-04-24 11:20:32,232 | [余额同步] 本地模式，初始资金: 10000.0 U
2026-04-24 11:20:32,233 | [账户监控] 无持仓
2026-04-24 11:20:40,233 | [余额同步] 本地模式，初始资金: 10000.0 U
2026-04-24 11:20:40,235 | [账户监控] 无持仓
2026-04-24 11:20:48,236 | [余额同步] 本地模式，初始资金: 10000.0 U
2026-04-24 11:20:48,236 | [账户监控] 无持仓
2026-04-24 11:20:56,237 | [余额同步] 本地模式，初始资金: 10000.0 U
2026-04-24 11:20:56,237 | [账户监控] 无持仓
2026-04-24 11:21:04,240 | [余额同步] 本地模式，初始资金: 10000.0 U
2026-04-24 11:21:04,240 | [账户监控] 无持仓
2026-04-24 11:21:12,241 | [余额同步] 本地模式，初始资金: 10000.0 U
2026-04-24 11:21:12,242 | [账户监控] 无持仓
2026-04-24 11:21:20,242 | [余额同步] 本地模式，初始资金: 10000.0 U
2026-04-24 11:21:20,243 | [账户监控] 无持仓
2026-04-24 11:21:28,244 | [余额同步] 本地模式，初始资金: 10000.0 U
2026-04-24 11:21:28,245 | [账户监控] 无持仓
2026-04-24 11:21:36,245 | [余额同步] 本地模式，初始资金: 10000.0 U
2026-04-24 11:21:36,246 | [账户监控] 无持仓
2026-04-24 11:21:44,384 | [余额同步] 本地模式，初始资金: 10000.0 U
2026-04-24 11:21:44,404 | [账户监控] 无持仓
2026-04-24 11:21:52,404 | [余额同步] 本地模式，初始资金: 10000.0 U
2026-04-24 11:21:52,405 | [账户监控] 无持仓
2026-04-24 11:22:00,406 | [余额同步] 本地模式，初始资金: 10000.0 U
2026-04-24 11:22:00,407 | [账户监控] 无持仓
2026-04-24 11:22:08,408 | [余额同步] 本地模式，初始资金: 10000.0 U
2026-04-24 11:22:08,410 | [账户监控] 无持仓
2026-04-24 11:22:16,411 | [余额同步] 本地模式，初始资金: 10000.0 U
2026-04-24 11:22:16,411 | [账户监控] 无持仓
2026-04-24 11:22:24,412 | [余额同步] 本地模式，初始资金: 10000.0 U
2026-04-24 11:22:24,413 | [账户监控] 无持仓
2026-04-24 11:22:32,414 | [余额同步] 本地模式，初始资金: 10000.0 U
2026-04-24 11:22:32,414 | [账户监控] 无持仓
2026-04-24 11:22:40,415 | [余额同步] 本地模式，初始资金: 10000.0 U
2026-04-24 11:22:40,416 | [账户监控] 无持仓
2026-04-24 11:22:48,416 | [余额同步] 本地模式，初始资金: 10000.0 U
2026-04-24 11:22:48,417 | [账户监控] 无持仓
2026-04-24 11:22:56,417 | [余额同步] 本地模式，初始资金: 10000.0 U
2026-04-24 11:22:56,418 | [账户监控] 无持仓
2026-04-24 11:23:04,418 | [余额同步] 本地模式，初始资金: 10000.0 U
2026-04-24 11:23:04,419 | [账户监控] 无持仓
2026-04-24 11:23:12,420 | [余额同步] 本地模式，初始资金: 10000.0 U
2026-04-24 11:23:12,421 | [账户监控] 无持仓
2026-04-24 11:23:20,421 | [余额同步] 本地模式，初始资金: 10000.0 U
2026-04-24 11:23:20,422 | [账户监控] 无持仓
2026-04-24 11:23:28,423 | [余额同步] 本地模式，初始资金: 10000.0 U
2026-04-24 11:23:28,423 | [账户监控] 无持仓
2026-04-24 11:23:36,424 | [余额同步] 本地模式，初始资金: 10000.0 U
2026-04-24 11:23:36,425 | [账户监控] 无持仓
2026-04-24 11:23:44,426 | [余额同步] 本地模式，初始资金: 10000.0 U
2026-04-24 11:23:44,426 | [账户监控] 无持仓
2026-04-24 11:23:52,427 | [余额同步] 本地模式，初始资金: 10000.0 U
2026-04-24 11:23:52,428 | [账户监控] 无持仓
2026-04-24 11:24:00,432 | [余额同步] 本地模式，初始资金: 10000.0 U
2026-04-24 11:24:00,432 | [账户监控] 无持仓
2026-04-24 11:24:08,433 | [余额同步] 本地模式，初始资金: 10000.0 U
2026-04-24 11:24:08,434 | [账户监控] 无持仓
2026-04-24 11:24:16,434 | [余额同步] 本地模式，初始资金: 10000.0 U
2026-04-24 11:24:16,435 | [账户监控] 无持仓
2026-04-24 11:24:24,436 | [余额同步] 本地模式，初始资金: 10000.0 U
2026-04-24 11:24:24,436 | [账户监控] 无持仓
2026-04-24 11:24:32,437 | [余额同步] 本地模式，初始资金: 10000.0 U
2026-04-24 11:24:32,438 | [账户监控] 无持仓
2026-04-24 11:24:40,439 | [余额同步] 本地模式，初始资金: 10000.0 U
2026-04-24 11:24:40,439 | [账户监控] 无持仓
2026-04-24 11:24:48,440 | [余额同步] 本地模式，初始资金: 10000.0 U
2026-04-24 11:24:48,440 | [账户监控] 无持仓
2026-04-24 11:24:56,441 | [余额同步] 本地模式，初始资金: 10000.0 U
2026-04-24 11:24:56,441 | [账户监控] 无持仓
2026-04-24 11:25:04,442 | [余额同步] 本地模式，初始资金: 10000.0 U
2026-04-24 11:25:04,444 | [账户监控] 无持仓
2026-04-24 11:25:12,445 | [余额同步] 本地模式，初始资金: 10000.0 U
2026-04-24 11:25:12,445 | [账户监控] 无持仓
2026-04-24 11:25:20,446 | [余额同步] 本地模式，初始资金: 10000.0 U
2026-04-24 11:25:20,447 | [账户监控] 无持仓
2026-04-24 11:25:28,447 | [余额同步] 本地模式，初始资金: 10000.0 U
2026-04-24 11:25:28,448 | [账户监控] 无持仓
2026-04-24 11:25:36,449 | [余额同步] 本地模式，初始资金: 10000.0 U
2026-04-24 11:25:36,449 | [账户监控] 无持仓
2026-04-24 11:25:44,450 | [余额同步] 本地模式，初始资金: 10000.0 U
2026-04-24 11:25:44,450 | [账户监控] 无持仓
2026-04-24 11:25:52,451 | [余额同步] 本地模式，初始资金: 10000.0 U
2026-04-24 11:25:52,451 | [账户监控] 无持仓
2026-04-24 11:26:00,452 | [余额同步] 本地模式，初始资金: 10000.0 U
2026-04-24 11:26:00,453 | [账户监控] 无持仓
2026-04-24 11:26:08,453 | [余额同步] 本地模式，初始资金: 10000.0 U
2026-04-24 11:26:08,455 | [账户监控] 无持仓
2026-04-24 11:26:16,456 | [余额同步] 本地模式，初始资金: 10000.0 U
2026-04-24 11:26:16,457 | [账户监控] 无持仓
2026-04-24 11:26:24,457 | [余额同步] 本地模式，初始资金: 10000.0 U
2026-04-24 11:26:24,458 | [账户监控] 无持仓
2026-04-24 11:26:32,459 | [余额同步] 本地模式，初始资金: 10000.0 U
2026-04-24 11:26:32,460 | [账户监控] 无持仓
2026-04-24 11:26:40,460 | [余额同步] 本地模式，初始资金: 10000.0 U
2026-04-24 11:26:40,460 | [账户监控] 无持仓
2026-04-24 11:26:48,461 | [余额同步] 本地模式，初始资金: 10000.0 U
2026-04-24 11:26:48,462 | [账户监控] 无持仓
2026-04-24 11:26:56,462 | [余额同步] 本地模式，初始资金: 10000.0 U
2026-04-24 11:26:56,463 | [账户监控] 无持仓
2026-04-24 11:27:04,464 | [余额同步] 本地模式，初始资金: 10000.0 U
2026-04-24 11:27:04,465 | [账户监控] 无持仓
2026-04-24 11:27:12,465 | [余额同步] 本地模式，初始资金: 10000.0 U
2026-04-24 11:27:12,465 | [账户监控] 无持仓
2026-04-24 11:27:20,473 | [余额同步] 本地模式，初始资金: 10000.0 U
2026-04-24 11:27:20,478 | [账户监控] 无持仓
2026-04-24 11:27:28,483 | [余额同步] 本地模式，初始资金: 10000.0 U
2026-04-24 11:27:28,484 | [账户监控] 无持仓
2026-04-24 11:27:36,484 | [余额同步] 本地模式，初始资金: 10000.0 U
2026-04-24 11:27:36,485 | [账户监控] 无持仓
2026-04-24 11:27:44,486 | [余额同步] 本地模式，初始资金: 10000.0 U
2026-04-24 11:27:44,486 | [账户监控] 无持仓
2026-04-24 11:27:52,584 | [余额同步] 本地模式，初始资金: 10000.0 U
2026-04-24 11:27:52,599 | [账户监控] 无持仓
2026-04-24 11:28:00,600 | [余额同步] 本地模式，初始资金: 10000.0 U
2026-04-24 11:28:00,600 | [账户监控] 无持仓
2026-04-24 11:28:08,601 | [余额同步] 本地模式，初始资金: 10000.0 U
2026-04-24 11:28:08,602 | [账户监控] 无持仓
2026-04-24 11:28:16,602 | [余额同步] 本地模式，初始资金: 10000.0 U
2026-04-24 11:28:16,603 | [账户监控] 无持仓
2026-04-24 11:28:24,603 | [余额同步] 本地模式，初始资金: 10000.0 U
2026-04-24 11:28:24,604 | [账户监控] 无持仓
2026-04-24 11:28:32,605 | [余额同步] 本地模式，初始资金: 10000.0 U
2026-04-24 11:28:32,607 | [账户监控] 无持仓
2026-04-24 11:28:40,609 | [余额同步] 本地模式，初始资金: 10000.0 U
2026-04-24 11:28:40,612 | [账户监控] 无持仓
2026-04-24 11:28:48,613 | [余额同步] 本地模式，初始资金: 10000.0 U
2026-04-24 11:28:48,613 | [账户监控] 无持仓
2026-04-24 11:28:56,614 | [余额同步] 本地模式，初始资金: 10000.0 U
2026-04-24 11:28:56,615 | [账户监控] 无持仓
2026-04-24 11:29:04,615 | [余额同步] 本地模式，初始资金: 10000.0 U
2026-04-24 11:29:04,616 | [账户监控] 无持仓
2026-04-24 11:29:12,617 | [余额同步] 本地模式，初始资金: 10000.0 U
2026-04-24 11:29:12,617 | [账户监控] 无持仓
2026-04-24 11:29:20,629 | [余额同步] 本地模式，初始资金: 10000.0 U
2026-04-24 11:29:20,630 | [账户监控] 无持仓
2026-04-24 11:29:28,631 | [余额同步] 本地模式，初始资金: 10000.0 U
2026-04-24 11:29:28,632 | [账户监控] 无持仓
2026-04-24 11:29:36,634 | [余额同步] 本地模式，初始资金: 10000.0 U
2026-04-24 11:29:36,634 | [账户监控] 无持仓
