2026-04-24 00:56:34,723 | [UserDataWS] 启动异常: name 'base_listen_url' is not defined
2026-04-24 00:56:34,725 | ======================================
2026-04-24 00:56:34,725 |  V24 趋势共振+凯利仓位+状态机止损 启动成功
2026-04-24 00:56:34,725 |  当前运行模式: 本地撮合 (测试网行情)
2026-04-24 00:56:34,725 |  策略: 流动性+Sweep+区间评分 | 启动盈利:0.01% | 止损:2.5% | 区间有效期:动态ATR自适应
2026-04-24 00:56:34,752 | ======================================
2026-04-24 00:56:36,115 | [时间同步] 完成
2026-04-24 00:56:36,117 | [历史K线] 正在拉取初始1分钟和15分钟K线数据...
2026-04-24 00:56:37,390 | [历史K线] 成功加载 14 根 1分钟K线
2026-04-24 00:56:38,667 | [历史K线] 成功加载 4 根 15分钟K线
2026-04-24 00:56:38,667 | [余额同步] 本地模式，初始资金: 10000.0 U
2026-04-24 00:56:38,667 | [本地持仓] None
2026-04-24 00:56:38,669 | [余额同步] 本地模式，初始资金: 10000.0 U
2026-04-24 00:56:38,669 | [账户监控] 无持仓
2026-04-24 00:56:41,922 | Websocket connected
2026-04-24 00:56:41,996 | [WebSocket] 连接成功 ✅ (模式: 本地撮合-测试网行情)
2026-04-24 00:56:42,052 | [状态校准] 正在重新同步持仓与余额，清理幽灵状态...
2026-04-24 00:56:42,055 | [本地持仓] None
2026-04-24 00:56:42,555 | [余额同步] 本地模式，初始资金: 10000.0 U
2026-04-24 00:56:42,901 | [WebSocket] 行情订阅成功 ✅
2026-04-24 00:56:46,669 | [余额同步] 本地模式，初始资金: 10000.0 U
2026-04-24 00:56:46,670 | [账户监控] 无持仓
2026-04-24 00:56:54,920 | [余额同步] 本地模式，初始资金: 10000.0 U
2026-04-24 00:56:55,085 | [账户监控] 无持仓
2026-04-24 00:57:03,085 | [余额同步] 本地模式，初始资金: 10000.0 U
2026-04-24 00:57:03,086 | [账户监控] 无持仓
2026-04-24 00:57:11,291 | [余额同步] 本地模式，初始资金: 10000.0 U
2026-04-24 00:57:11,327 | [账户监控] 无持仓
