2026-04-24 10:57:50,478 | [UserDataWS] 启动异常: name 'base_listen_url' is not defined
2026-04-24 10:57:50,478 | ======================================
2026-04-24 10:57:50,478 |  V24 趋势共振+凯利仓位+状态机止损 启动成功
2026-04-24 10:57:50,478 |  当前运行模式: 本地撮合 (测试网行情)
2026-04-24 10:57:50,479 |  策略: 流动性+Sweep+区间评分 | 启动盈利:0.01% | 止损:2.5% | 区间有效期:动态ATR自适应
2026-04-24 10:57:50,479 | ======================================
2026-04-24 10:57:51,945 | [时间同步] 完成
2026-04-24 10:57:51,947 | [历史K线] 正在拉取初始1分钟和15分钟K线数据...
2026-04-24 10:57:53,282 | [历史K线] 成功加载 14 根 1分钟K线
2026-04-24 10:57:54,698 | [历史K线] 成功加载 4 根 15分钟K线
2026-04-24 10:57:54,698 | [余额同步] 本地模式，初始资金: 10000.0 U
2026-04-24 10:57:54,698 | [本地持仓] None
2026-04-24 10:57:54,700 | [余额同步] 本地模式，初始资金: 10000.0 U
2026-04-24 10:57:54,700 | [账户监控] 无持仓
2026-04-24 10:57:56,372 | Websocket connected
2026-04-24 10:57:56,624 | [WebSocket] 连接成功 ✅ (模式: 本地撮合-测试网行情)
2026-04-24 10:57:56,718 | [状态校准] 正在重新同步持仓与余额，清理幽灵状态...
2026-04-24 10:57:56,815 | [本地持仓] None
2026-04-24 10:57:57,961 | [余额同步] 本地模式，初始资金: 10000.0 U
2026-04-24 10:57:58,264 | [WebSocket] 行情订阅成功 ✅
2026-04-24 10:58:02,701 | [余额同步] 本地模式，初始资金: 10000.0 U
2026-04-24 10:58:02,702 | [账户监控] 无持仓
