2026-04-17 23:13:22,693 | ======================================
2026-04-17 23:13:22,698 |  V23 流动性剃头皮策略 (多因子评分增强版) 启动成功
2026-04-17 23:13:22,729 |  当前运行模式: 本地撮合 (测试网行情)
2026-04-17 23:13:22,729 |  策略: 流动性+Sweep+区间评分 | 启动盈利:0.01% | 止损:0.08% | 区间有效期:120秒
2026-04-17 23:13:22,729 | ======================================
2026-04-17 23:13:24,392 | [时间同步] 完成
2026-04-17 23:13:24,393 | [历史K线] 正在拉取初始1分钟和15分钟K线数据...
2026-04-17 23:13:25,821 | [历史K线] 成功加载 14 根 1分钟K线
2026-04-17 23:13:28,279 | [历史K线] 成功加载 2 根 15分钟K线
2026-04-17 23:13:28,290 | [余额同步] 本地模式，初始资金: 10000.0 U
2026-04-17 23:13:28,290 | [本地持仓] None
2026-04-17 23:13:28,310 | [余额同步] 本地模式，初始资金: 10000.0 U
2026-04-17 23:13:28,310 | [账户监控] 无持仓
2026-04-17 23:13:30,123 | Websocket connected
2026-04-17 23:13:30,123 | [WebSocket] 连接成功 ✅ (模式: 本地撮合-测试网行情)
2026-04-17 23:13:30,123 | [状态校准] 正在重新同步持仓与余额，清理幽灵状态...
2026-04-17 23:13:30,123 | [本地持仓] None
2026-04-17 23:13:30,624 | [余额同步] 本地模式，初始资金: 10000.0 U
2026-04-17 23:13:30,980 | [WebSocket] 行情订阅成功 ✅
2026-04-17 23:13:31,100 | [价格] Last:77856.6 | Mark:N/A | 延迟:0.0s | aggDelay:0.0s
2026-04-17 23:13:31,103 | [开仓雷达] 1.震荡市:代码✅(评分:75) | 5K✅ | 2.基础✅(K:14 A:87.4 W:398.8) | 3.盈亏比✅(6.40≥1.3 需W>0.0) | 4.靠轨❌(多:❌ 空:❌) | 5.过滤❌(偏:bear 触:0 向:sell) | 6.时效✅(剩:120s) | ==> 综合: 多🔴 空🔴
2026-04-17 23:13:33,419 | [开仓雷达] 1.震荡市:代码✅(评分:75) | 5K✅ | 2.基础✅(K:14 A:87.4 W:398.8) | 3.盈亏比✅(6.41≥1.3 需W>0.0) | 4.靠轨❌(多:❌ 空:❌) | 5.过滤❌(偏:bear 触:0 向:sell) | 6.时效✅(剩:118s) | ==> 综合: 多🔴 空🔴
2026-04-17 23:13:34,984 | ⚠️ 价格偏离异常，暂停交易判断
2026-04-17 23:13:35,227 | ⚠️ 价格偏离异常，暂停交易判断
2026-04-17 23:13:35,570 | [开仓雷达] 1.震荡市:代码✅(评分:75) | 5K✅ | 2.基础✅(K:14 A:87.4 W:398.8) | 3.盈亏比✅(6.41≥1.3 需W>0.0) | 4.靠轨❌(多:❌ 空:❌) | 5.过滤❌(偏:bull 触:0 向:sell) | 6.时效✅(剩:116s) | ==> 综合: 多🔴 空🔴
2026-04-17 23:13:36,310 | [余额同步] 本地模式，初始资金: 10000.0 U
2026-04-17 23:13:36,311 | [账户监控] 无持仓
2026-04-17 23:13:36,460 | [价格] Last:77825.3 | Mark:77825.3 | 延迟:0.0s | aggDelay:0.0s
2026-04-17 23:13:37,796 | [开仓雷达] 1.震荡市:代码✅(评分:75) | 5K✅ | 2.基础✅(K:14 A:87.4 W:398.8) | 3.盈亏比✅(6.40≥1.3 需W>0.0) | 4.靠轨❌(多:❌ 空:❌) | 5.过滤❌(偏:neutral 触:0 向:buy) | 6.时效✅(剩:113s) | ==> 综合: 多🔴 空🔴
2026-04-17 23:13:37,985 | ⚠️ 价格偏离异常，暂停交易判断
2026-04-17 23:13:39,979 | [开仓雷达] 1.震荡市:代码✅(评分:75) | 5K✅ | 2.基础✅(K:14 A:87.4 W:398.8) | 3.盈亏比✅(6.40≥1.3 需W>0.0) | 4.靠轨❌(多:❌ 空:❌) | 5.过滤❌(偏:bear 触:0 向:buy) | 6.时效✅(剩:111s) | ==> 综合: 多🔴 空🔴
2026-04-17 23:13:41,698 | [价格] Last:77824.8 | Mark:77818.9 | 延迟:0.0s | aggDelay:0.0s
2026-04-17 23:13:42,492 | [开仓雷达] 1.震荡市:代码✅(评分:75) | 5K✅ | 2.基础✅(K:14 A:87.4 W:398.8) | 3.盈亏比✅(6.41≥1.3 需W>0.0) | 4.靠轨❌(多:❌ 空:❌) | 5.过滤❌(偏:bear 触:0 向:sell) | 6.时效✅(剩:109s) | ==> 综合: 多🔴 空🔴
2026-04-17 23:13:44,311 | [余额同步] 本地模式，初始资金: 10000.0 U
2026-04-17 23:13:44,311 | [账户监控] 无持仓
2026-04-17 23:13:44,709 | [开仓雷达] 1.震荡市:代码✅(评分:75) | 5K✅ | 2.基础✅(K:14 A:87.4 W:398.8) | 3.盈亏比✅(6.41≥1.3 需W>0.0) | 4.靠轨❌(多:❌ 空:❌) | 5.过滤❌(偏:bear 触:0 向:sell) | 6.时效✅(剩:106s) | ==> 综合: 多🔴 空🔴
2026-04-17 23:13:47,161 | [价格] Last:77832.6 | Mark:77800.6 | 延迟:0.0s | aggDelay:0.0s
2026-04-17 23:13:47,161 | [开仓雷达] 1.震荡市:代码✅(评分:75) | 5K✅ | 2.基础✅(K:14 A:87.4 W:398.8) | 3.盈亏比✅(6.40≥1.3 需W>0.0) | 4.靠轨❌(多:❌ 空:❌) | 5.过滤❌(偏:bear 触:0 向:buy) | 6.时效✅(剩:104s) | ==> 综合: 多🔴 空🔴
2026-04-17 23:13:49,829 | [开仓雷达] 1.震荡市:代码✅(评分:75) | 5K✅ | 2.基础✅(K:14 A:87.4 W:398.8) | 3.盈亏比✅(6.41≥1.3 需W>0.0) | 4.靠轨❌(多:❌ 空:❌) | 5.过滤❌(偏:bear 触:0 向:sell) | 6.时效✅(剩:101s) | ==> 综合: 多🔴 空🔴
2026-04-17 23:13:52,071 | [开仓雷达] 1.震荡市:代码✅(评分:75) | 5K✅ | 2.基础✅(K:14 A:87.4 W:398.8) | 3.盈亏比✅(6.41≥1.3 需W>0.0) | 4.靠轨❌(多:❌ 空:❌) | 5.过滤❌(偏:bear 触:0 向:sell) | 6.时效✅(剩:99s) | ==> 综合: 多🔴 空🔴
2026-04-17 23:13:52,219 | [价格] Last:77823.7 | Mark:77794.87800725 | 延迟:0.0s | aggDelay:0.0s
2026-04-17 23:13:52,312 | [余额同步] 本地模式，初始资金: 10000.0 U
2026-04-17 23:13:52,312 | [账户监控] 无持仓
2026-04-17 23:13:54,732 | [开仓雷达] 1.震荡市:代码✅(评分:75) | 5K✅ | 2.基础✅(K:14 A:87.4 W:398.8) | 3.盈亏比✅(6.41≥1.3 需W>0.0) | 4.靠轨❌(多:❌ 空:❌) | 5.过滤❌(偏:bear 触:0 向:sell) | 6.时效✅(剩:96s) | ==> 综合: 多🔴 空🔴
2026-04-17 23:13:56,909 | [开仓雷达] 1.震荡市:代码✅(评分:75) | 5K✅ | 2.基础✅(K:14 A:87.4 W:398.8) | 3.盈亏比✅(6.41≥1.3 需W>0.0) | 4.靠轨❌(多:❌ 空:❌) | 5.过滤❌(偏:bear 触:0 向:sell) | 6.时效✅(剩:94s) | ==> 综合: 多🔴 空🔴
2026-04-17 23:13:57,454 | [价格] Last:77823.7 | Mark:77794.12018116 | 延迟:0.0s | aggDelay:0.0s
2026-04-17 23:13:59,303 | [开仓雷达] 1.震荡市:代码✅(评分:75) | 5K✅ | 2.基础✅(K:14 A:87.4 W:398.8) | 3.盈亏比✅(6.41≥1.3 需W>0.0) | 4.靠轨❌(多:❌ 空:❌) | 5.过滤❌(偏:bear 触:0 向:sell) | 6.时效✅(剩:92s) | ==> 综合: 多🔴 空🔴
2026-04-17 23:14:00,317 | [余额同步] 本地模式，初始资金: 10000.0 U
2026-04-17 23:14:00,320 | [账户监控] 无持仓
2026-04-17 23:14:01,522 | [开仓雷达] 1.震荡市:代码✅(评分:75) | 5K✅ | 2.基础✅(K:15 A:94.4 W:450.8) | 3.盈亏比✅(7.24≥1.3 需W>0.0) | 4.靠轨❌(多:❌ 空:❌) | 5.过滤❌(偏:bear 触:0 向:sell) | 6.时效✅(剩:120s) | ==> 综合: 多🔴 空🔴
2026-04-17 23:14:02,889 | [价格] Last:77819.8 | Mark:77799.2 | 延迟:0.0s | aggDelay:0.0s
2026-04-17 23:14:03,524 | [开仓雷达] 1.震荡市:代码✅(评分:75) | 5K✅ | 2.基础✅(K:15 A:94.4 W:450.8) | 3.盈亏比✅(7.24≥1.3 需W>0.0) | 4.靠轨❌(多:❌ 空:❌) | 5.过滤❌(偏:neutral 触:0 向:sell) | 6.时效✅(剩:118s) | ==> 综合: 多🔴 空🔴
2026-04-17 23:14:05,650 | [开仓雷达] 1.震荡市:代码✅(评分:75) | 5K✅ | 2.基础✅(K:15 A:94.4 W:450.8) | 3.盈亏比✅(7.24≥1.3 需W>0.0) | 4.靠轨❌(多:❌ 空:❌) | 5.过滤❌(偏:bull 触:0 向:sell) | 6.时效✅(剩:116s) | ==> 综合: 多🔴 空🔴
2026-04-17 23:14:07,834 | [开仓雷达] 1.震荡市:代码✅(评分:75) | 5K✅ | 2.基础✅(K:15 A:94.4 W:450.8) | 3.盈亏比✅(7.24≥1.3 需W>0.0) | 4.靠轨❌(多:❌ 空:❌) | 5.过滤❌(偏:bull 触:0 向:sell) | 6.时效✅(剩:114s) | ==> 综合: 多🔴 空🔴
2026-04-17 23:14:07,987 | [价格] Last:77818.9 | Mark:77805.78393281 | 延迟:0.0s | aggDelay:0.0s
2026-04-17 23:14:08,321 | [余额同步] 本地模式，初始资金: 10000.0 U
2026-04-17 23:14:08,323 | [账户监控] 无持仓
2026-04-17 23:14:09,955 | [开仓雷达] 1.震荡市:代码✅(评分:75) | 5K✅ | 2.基础✅(K:15 A:94.4 W:450.8) | 3.盈亏比✅(7.24≥1.3 需W>0.0) | 4.靠轨❌(多:❌ 空:❌) | 5.过滤❌(偏:bull 触:0 向:sell) | 6.时效✅(剩:112s) | ==> 综合: 多🔴 空🔴
2026-04-17 23:14:12,476 | [开仓雷达] 1.震荡市:代码✅(评分:75) | 5K✅ | 2.基础✅(K:15 A:94.4 W:450.8) | 3.盈亏比✅(7.24≥1.3 需W>0.0) | 4.靠轨❌(多:❌ 空:❌) | 5.过滤❌(偏:neutral 触:0 向:buy) | 6.时效✅(剩:109s) | ==> 综合: 多🔴 空🔴
2026-04-17 23:14:13,178 | [价格] Last:77822.7 | Mark:77825.0 | 延迟:0.0s | aggDelay:0.3s
2026-04-17 23:14:14,570 | [开仓雷达] 1.震荡市:代码✅(评分:75) | 5K✅ | 2.基础✅(K:15 A:94.4 W:450.8) | 3.盈亏比✅(7.24≥1.3 需W>0.0) | 4.靠轨❌(多:❌ 空:❌) | 5.过滤❌(偏:bull 触:0 向:sell) | 6.时效✅(剩:107s) | ==> 综合: 多🔴 空🔴
2026-04-17 23:14:16,323 | [余额同步] 本地模式，初始资金: 10000.0 U
2026-04-17 23:14:16,324 | [账户监控] 无持仓
2026-04-17 23:14:16,688 | [开仓雷达] 1.震荡市:代码✅(评分:75) | 5K✅ | 2.基础✅(K:15 A:94.4 W:450.8) | 3.盈亏比✅(7.24≥1.3 需W>0.0) | 4.靠轨❌(多:❌ 空:❌) | 5.过滤❌(偏:bull 触:0 向:buy) | 6.时效✅(剩:105s) | ==> 综合: 多🔴 空🔴
2026-04-17 23:14:18,177 | [价格] Last:77815.7 | Mark:77825.3 | 延迟:0.0s | aggDelay:0.0s
2026-04-17 23:14:19,070 | [开仓雷达] 1.震荡市:代码✅(评分:75) | 5K✅ | 2.基础✅(K:15 A:94.4 W:450.8) | 3.盈亏比✅(7.24≥1.3 需W>0.0) | 4.靠轨❌(多:❌ 空:❌) | 5.过滤❌(偏:bull 触:0 向:buy) | 6.时效✅(剩:102s) | ==> 综合: 多🔴 空🔴
2026-04-17 23:14:21,445 | [开仓雷达] 1.震荡市:代码✅(评分:75) | 5K✅ | 2.基础✅(K:15 A:94.4 W:450.8) | 3.盈亏比✅(7.24≥1.3 需W>0.0) | 4.靠轨❌(多:❌ 空:❌) | 5.过滤❌(偏:bull 触:0 向:sell) | 6.时效✅(剩:100s) | ==> 综合: 多🔴 空🔴
2026-04-17 23:14:23,451 | [价格] Last:77815.2 | Mark:77815.2 | 延迟:0.0s | aggDelay:0.0s
2026-04-17 23:14:23,452 | [开仓雷达] 1.震荡市:代码✅(评分:75) | 5K✅ | 2.基础✅(K:15 A:94.4 W:450.8) | 3.盈亏比✅(7.24≥1.3 需W>0.0) | 4.靠轨❌(多:❌ 空:❌) | 5.过滤❌(偏:bull 触:0 向:sell) | 6.时效✅(剩:98s) | ==> 综合: 多🔴 空🔴
2026-04-17 23:14:24,343 | [余额同步] 本地模式，初始资金: 10000.0 U
2026-04-17 23:14:24,350 | [账户监控] 无持仓
2026-04-17 23:14:25,668 | [开仓雷达] 1.震荡市:代码✅(评分:75) | 5K✅ | 2.基础✅(K:15 A:94.4 W:450.8) | 3.盈亏比✅(7.24≥1.3 需W>0.0) | 4.靠轨❌(多:❌ 空:❌) | 5.过滤❌(偏:bull 触:0 向:buy) | 6.时效✅(剩:96s) | ==> 综合: 多🔴 空🔴
2026-04-17 23:14:27,813 | [开仓雷达] 1.震荡市:代码✅(评分:75) | 5K✅ | 2.基础✅(K:15 A:94.4 W:450.8) | 3.盈亏比✅(7.24≥1.3 需W>0.0) | 4.靠轨❌(多:❌ 空:❌) | 5.过滤❌(偏:bull 触:0 向:buy) | 6.时效✅(剩:94s) | ==> 综合: 多🔴 空🔴
2026-04-17 23:14:28,600 | [价格] Last:77815.5 | Mark:77816.6 | 延迟:0.0s | aggDelay:0.0s
2026-04-17 23:14:30,210 | [开仓雷达] 1.震荡市:代码✅(评分:75) | 5K✅ | 2.基础✅(K:15 A:94.4 W:450.8) | 3.盈亏比✅(7.24≥1.3 需W>0.0) | 4.靠轨❌(多:❌ 空:❌) | 5.过滤❌(偏:bull 触:0 向:buy) | 6.时效✅(剩:91s) | ==> 综合: 多🔴 空🔴
2026-04-17 23:14:32,353 | [余额同步] 本地模式，初始资金: 10000.0 U
2026-04-17 23:14:32,353 | [账户监控] 无持仓
2026-04-17 23:14:32,421 | [开仓雷达] 1.震荡市:代码✅(评分:75) | 5K✅ | 2.基础✅(K:15 A:94.4 W:450.8) | 3.盈亏比✅(7.24≥1.3 需W>0.0) | 4.靠轨❌(多:❌ 空:❌) | 5.过滤❌(偏:bull 触:0 向:buy) | 6.时效✅(剩:89s) | ==> 综合: 多🔴 空🔴
2026-04-17 23:14:34,104 | [价格] Last:77815.5 | Mark:77807.93237319 | 延迟:0.0s | aggDelay:0.6s
2026-04-17 23:14:34,424 | [开仓雷达] 1.震荡市:代码✅(评分:75) | 5K✅ | 2.基础✅(K:15 A:94.4 W:450.8) | 3.盈亏比✅(7.24≥1.3 需W>0.0) | 4.靠轨❌(多:❌ 空:❌) | 5.过滤❌(偏:bull 触:0 向:buy) | 6.时效✅(剩:87s) | ==> 综合: 多🔴 空🔴
2026-04-17 23:14:36,667 | [开仓雷达] 1.震荡市:代码✅(评分:75) | 5K✅ | 2.基础✅(K:15 A:94.4 W:450.8) | 3.盈亏比✅(7.24≥1.3 需W>0.0) | 4.靠轨❌(多:❌ 空:❌) | 5.过滤❌(偏:bull 触:0 向:buy) | 6.时效✅(剩:85s) | ==> 综合: 多🔴 空🔴
2026-04-17 23:14:39,788 | [价格] Last:77813.5 | Mark:77783.47411232 | 延迟:0.0s | aggDelay:0.0s
2026-04-17 23:14:39,792 | [开仓雷达] 1.震荡市:代码✅(评分:75) | 5K✅ | 2.基础✅(K:15 A:94.4 W:450.8) | 3.盈亏比✅(7.24≥1.3 需W>0.0) | 4.靠轨❌(多:❌ 空:❌) | 5.过滤❌(偏:neutral 触:0 向:sell) | 6.时效✅(剩:82s) | ==> 综合: 多🔴 空🔴
2026-04-17 23:14:40,354 | [余额同步] 本地模式，初始资金: 10000.0 U
2026-04-17 23:14:40,354 | [账户监控] 无持仓
2026-04-17 23:14:41,878 | [开仓雷达] 1.震荡市:代码✅(评分:75) | 5K✅ | 2.基础✅(K:15 A:94.4 W:450.8) | 3.盈亏比✅(7.24≥1.3 需W>0.0) | 4.靠轨❌(多:❌ 空:❌) | 5.过滤❌(偏:bull 触:0 向:sell) | 6.时效✅(剩:80s) | ==> 综合: 多🔴 空🔴
2026-04-17 23:14:44,049 | [开仓雷达] 1.震荡市:代码✅(评分:75) | 5K✅ | 2.基础✅(K:15 A:94.4 W:450.8) | 3.盈亏比✅(7.24≥1.3 需W>0.0) | 4.靠轨❌(多:❌ 空:❌) | 5.过滤❌(偏:bull 触:0 向:sell) | 6.时效✅(剩:77s) | ==> 综合: 多🔴 空🔴
2026-04-17 23:14:45,063 | [价格] Last:77804.4 | Mark:77768.86128623 | 延迟:0.0s | aggDelay:0.0s
2026-04-17 23:14:46,117 | [开仓雷达] 1.震荡市:代码✅(评分:75) | 5K✅ | 2.基础✅(K:15 A:94.4 W:450.8) | 3.盈亏比✅(7.24≥1.3 需W>0.0) | 4.靠轨❌(多:❌ 空:❌) | 5.过滤❌(偏:bull 触:0 向:sell) | 6.时效✅(剩:75s) | ==> 综合: 多🔴 空🔴
2026-04-17 23:14:49,919 | [开仓雷达] 1.震荡市:代码✅(评分:75) | 5K✅ | 2.基础✅(K:15 A:94.4 W:450.8) | 3.盈亏比✅(7.24≥1.3 需W>0.0) | 4.靠轨❌(多:❌ 空:❌) | 5.过滤❌(偏:bull 触:0 向:buy) | 6.时效✅(剩:72s) | ==> 综合: 多🔴 空🔴
2026-04-17 23:14:49,929 | [余额同步] 本地模式，初始资金: 10000.0 U
2026-04-17 23:14:49,931 | [账户监控] 无持仓
2026-04-17 23:14:50,360 | [价格] Last:77804.4 | Mark:77770.42112319 | 延迟:0.0s | aggDelay:0.0s
2026-04-17 23:14:51,857 | [开仓雷达] 1.震荡市:代码✅(评分:75) | 5K✅ | 2.基础✅(K:15 A:94.4 W:450.8) | 3.盈亏比✅(7.24≥1.3 需W>0.0) | 4.靠轨❌(多:❌ 空:❌) | 5.过滤❌(偏:bull 触:0 向:sell) | 6.时效✅(剩:70s) | ==> 综合: 多🔴 空🔴
2026-04-17 23:14:54,154 | [开仓雷达] 1.震荡市:代码✅(评分:75) | 5K✅ | 2.基础✅(K:15 A:94.4 W:450.8) | 3.盈亏比✅(7.24≥1.3 需W>0.0) | 4.靠轨❌(多:❌ 空:❌) | 5.过滤❌(偏:bull 触:0 向:sell) | 6.时效✅(剩:67s) | ==> 综合: 多🔴 空🔴
2026-04-17 23:14:55,950 | [价格] Last:77804.4 | Mark:77750.01769928 | 延迟:0.0s | aggDelay:1.1s
2026-04-17 23:14:56,311 | [开仓雷达] 1.震荡市:代码✅(评分:75) | 5K✅ | 2.基础✅(K:15 A:94.4 W:450.8) | 3.盈亏比✅(7.24≥1.3 需W>0.0) | 4.靠轨❌(多:❌ 空:❌) | 5.过滤❌(偏:neutral 触:0 向:sell) | 6.时效✅(剩:65s) | ==> 综合: 多🔴 空🔴
2026-04-17 23:14:57,932 | [余额同步] 本地模式，初始资金: 10000.0 U
2026-04-17 23:14:57,933 | [账户监控] 无持仓
2026-04-17 23:14:58,725 | [开仓雷达] 1.震荡市:代码✅(评分:75) | 5K✅ | 2.基础✅(K:15 A:94.4 W:450.8) | 3.盈亏比✅(7.24≥1.3 需W>0.0) | 4.靠轨❌(多:❌ 空:❌) | 5.过滤❌(偏:bull 触:0 向:sell) | 6.时效✅(剩:63s) | ==> 综合: 多🔴 空🔴
2026-04-17 23:15:01,226 | [价格] Last:77800.5 | Mark:77773.81252964 | 延迟:0.0s | aggDelay:0.7s
2026-04-17 23:15:01,245 | [开仓雷达] 1.震荡市:代码✅(评分:75) | 5K✅ | 2.基础✅(K:15 A:94.4 W:450.8) | 3.盈亏比✅(7.24≥1.3 需W>0.0) | 4.靠轨❌(多:❌ 空:❌) | 5.过滤❌(偏:bull 触:0 向:sell) | 6.时效✅(剩:60s) | ==> 综合: 多🔴 空🔴
2026-04-17 23:15:04,746 | [开仓雷达] 1.震荡市:代码✅(评分:85) | 5K✅ | 2.基础✅(K:15 A:90.1 W:370.3) | 3.盈亏比✅(5.95≥1.3 需W>0.0) | 4.靠轨❌(多:❌ 空:❌) | 5.过滤❌(偏:bull 触:0 向:buy) | 6.时效✅(剩:117s) | ==> 综合: 多🔴 空🔴
2026-04-17 23:15:05,934 | [余额同步] 本地模式，初始资金: 10000.0 U
2026-04-17 23:15:05,934 | [账户监控] 无持仓
2026-04-17 23:15:06,237 | [价格] Last:77800.2 | Mark:77779.9 | 延迟:0.0s | aggDelay:0.0s
2026-04-17 23:15:06,799 | [开仓雷达] 1.震荡市:代码✅(评分:85) | 5K✅ | 2.基础✅(K:15 A:90.1 W:370.3) | 3.盈亏比✅(5.95≥1.3 需W>0.0) | 4.靠轨❌(多:❌ 空:❌) | 5.过滤❌(偏:bull 触:0 向:sell) | 6.时效✅(剩:115s) | ==> 综合: 多🔴 空🔴
2026-04-17 23:15:09,011 | [开仓雷达] 1.震荡市:代码✅(评分:85) | 5K✅ | 2.基础✅(K:15 A:90.1 W:370.3) | 3.盈亏比✅(5.95≥1.3 需W>0.0) | 4.靠轨❌(多:❌ 空:❌) | 5.过滤❌(偏:bull 触:0 向:sell) | 6.时效✅(剩:112s) | ==> 综合: 多🔴 空🔴
2026-04-17 23:15:11,239 | [价格] Last:77800.0 | Mark:77794.1 | 延迟:0.0s | aggDelay:0.0s
2026-04-17 23:15:11,239 | [开仓雷达] 1.震荡市:代码✅(评分:85) | 5K✅ | 2.基础✅(K:15 A:90.1 W:370.3) | 3.盈亏比✅(5.95≥1.3 需W>0.0) | 4.靠轨❌(多:❌ 空:❌) | 5.过滤❌(偏:bull 触:0 向:sell) | 6.时效✅(剩:110s) | ==> 综合: 多🔴 空🔴
2026-04-17 23:15:13,644 | [开仓雷达] 1.震荡市:代码✅(评分:85) | 5K✅ | 2.基础✅(K:15 A:90.1 W:370.3) | 3.盈亏比✅(5.95≥1.3 需W>0.0) | 4.靠轨❌(多:❌ 空:❌) | 5.过滤❌(偏:bull 触:0 向:buy) | 6.时效✅(剩:108s) | ==> 综合: 多🔴 空🔴
2026-04-17 23:15:13,935 | [余额同步] 本地模式，初始资金: 10000.0 U
2026-04-17 23:15:13,936 | [账户监控] 无持仓
2026-04-17 23:15:15,961 | [开仓雷达] 1.震荡市:代码✅(评分:85) | 5K✅ | 2.基础✅(K:15 A:90.1 W:370.3) | 3.盈亏比✅(5.95≥1.3 需W>0.0) | 4.靠轨❌(多:❌ 空:❌) | 5.过滤❌(偏:neutral 触:0 向:buy) | 6.时效✅(剩:105s) | ==> 综合: 多🔴 空🔴
2026-04-17 23:15:16,275 | [价格] Last:77800.3 | Mark:77841.3 | 延迟:0.0s | aggDelay:0.0s
2026-04-17 23:15:18,106 | [开仓雷达] 1.震荡市:代码✅(评分:85) | 5K✅ | 2.基础✅(K:15 A:90.1 W:370.3) | 3.盈亏比✅(5.95≥1.3 需W>0.0) | 4.靠轨❌(多:❌ 空:❌) | 5.过滤❌(偏:bull 触:0 向:buy) | 6.时效✅(剩:103s) | ==> 综合: 多🔴 空🔴
2026-04-17 23:15:20,673 | [开仓雷达] 1.震荡市:代码✅(评分:85) | 5K✅ | 2.基础✅(K:15 A:90.1 W:370.3) | 3.盈亏比✅(5.95≥1.3 需W>0.0) | 4.靠轨❌(多:❌ 空:❌) | 5.过滤❌(偏:bull 触:0 向:buy) | 6.时效✅(剩:101s) | ==> 综合: 多🔴 空🔴
2026-04-17 23:15:21,604 | [价格] Last:77806.9 | Mark:77832.7 | 延迟:0.0s | aggDelay:0.0s
2026-04-17 23:15:21,936 | [余额同步] 本地模式，初始资金: 10000.0 U
2026-04-17 23:15:21,938 | [账户监控] 无持仓
2026-04-17 23:15:22,894 | [开仓雷达] 1.震荡市:代码✅(评分:85) | 5K✅ | 2.基础✅(K:15 A:90.1 W:370.3) | 3.盈亏比✅(5.95≥1.3 需W>0.0) | 4.靠轨❌(多:❌ 空:❌) | 5.过滤❌(偏:bear 触:0 向:buy) | 6.时效✅(剩:99s) | ==> 综合: 多🔴 空🔴
2026-04-17 23:15:25,035 | [开仓雷达] 1.震荡市:代码✅(评分:85) | 5K✅ | 2.基础✅(K:15 A:90.1 W:370.3) | 3.盈亏比✅(5.95≥1.3 需W>0.0) | 4.靠轨❌(多:❌ 空:❌) | 5.过滤❌(偏:bull 触:0 向:buy) | 6.时效✅(剩:96s) | ==> 综合: 多🔴 空🔴
2026-04-17 23:15:26,942 | [价格] Last:77805.0 | Mark:77864.9 | 延迟:0.0s | aggDelay:0.0s
2026-04-17 23:15:27,099 | [开仓雷达] 1.震荡市:代码✅(评分:85) | 5K✅ | 2.基础✅(K:15 A:90.1 W:370.3) | 3.盈亏比✅(5.95≥1.3 需W>0.0) | 4.靠轨❌(多:❌ 空:❌) | 5.过滤❌(偏:bull 触:0 向:buy) | 6.时效✅(剩:94s) | ==> 综合: 多🔴 空🔴
2026-04-17 23:15:29,572 | [开仓雷达] 1.震荡市:代码✅(评分:85) | 5K✅ | 2.基础✅(K:15 A:90.1 W:370.3) | 3.盈亏比✅(5.95≥1.3 需W>0.0) | 4.靠轨❌(多:❌ 空:❌) | 5.过滤❌(偏:bull 触:0 向:sell) | 6.时效✅(剩:92s) | ==> 综合: 多🔴 空🔴
2026-04-17 23:15:30,014 | [余额同步] 本地模式，初始资金: 10000.0 U
2026-04-17 23:15:30,039 | [账户监控] 无持仓
2026-04-17 23:15:31,713 | [开仓雷达] 1.震荡市:代码✅(评分:85) | 5K✅ | 2.基础✅(K:15 A:90.1 W:370.3) | 3.盈亏比✅(5.95≥1.3 需W>0.0) | 4.靠轨❌(多:❌ 空:❌) | 5.过滤❌(偏:bull 触:0 向:buy) | 6.时效✅(剩:90s) | ==> 综合: 多🔴 空🔴
2026-04-17 23:15:32,124 | [价格] Last:77804.3 | Mark:77855.9 | 延迟:0.0s | aggDelay:0.0s
2026-04-17 23:15:34,022 | [开仓雷达] 1.震荡市:代码✅(评分:85) | 5K✅ | 2.基础✅(K:15 A:90.1 W:370.3) | 3.盈亏比✅(5.95≥1.3 需W>0.0) | 4.靠轨❌(多:❌ 空:❌) | 5.过滤❌(偏:bull 触:0 向:buy) | 6.时效✅(剩:87s) | ==> 综合: 多🔴 空🔴
2026-04-17 23:15:36,288 | [开仓雷达] 1.震荡市:代码✅(评分:85) | 5K✅ | 2.基础✅(K:15 A:90.1 W:370.3) | 3.盈亏比✅(5.95≥1.3 需W>0.0) | 4.靠轨❌(多:❌ 空:❌) | 5.过滤❌(偏:bull 触:0 向:sell) | 6.时效✅(剩:85s) | ==> 综合: 多🔴 空🔴
2026-04-17 23:15:38,027 | [价格] Last:77800.0 | Mark:77840.9 | 延迟:0.0s | aggDelay:0.3s
2026-04-17 23:15:38,140 | [余额同步] 本地模式，初始资金: 10000.0 U
2026-04-17 23:15:38,284 | [账户监控] 无持仓
2026-04-17 23:15:38,318 | [开仓雷达] 1.震荡市:代码✅(评分:85) | 5K✅ | 2.基础✅(K:15 A:90.1 W:370.3) | 3.盈亏比✅(5.95≥1.3 需W>0.0) | 4.靠轨❌(多:❌ 空:❌) | 5.过滤❌(偏:bull 触:0 向:sell) | 6.时效✅(剩:83s) | ==> 综合: 多🔴 空🔴
2026-04-17 23:15:40,378 | [开仓雷达] 1.震荡市:代码✅(评分:85) | 5K✅ | 2.基础✅(K:15 A:90.1 W:370.3) | 3.盈亏比✅(5.95≥1.3 需W>0.0) | 4.靠轨❌(多:❌ 空:❌) | 5.过滤❌(偏:bull 触:0 向:buy) | 6.时效✅(剩:81s) | ==> 综合: 多🔴 空🔴
2026-04-17 23:15:43,127 | [价格] Last:77804.6 | Mark:77840.7 | 延迟:0.0s | aggDelay:0.8s
2026-04-17 23:15:43,128 | [开仓雷达] 1.震荡市:代码✅(评分:85) | 5K✅ | 2.基础✅(K:15 A:90.1 W:370.3) | 3.盈亏比✅(5.95≥1.3 需W>0.0) | 4.靠轨❌(多:❌ 空:❌) | 5.过滤❌(偏:bull 触:0 向:buy) | 6.时效✅(剩:78s) | ==> 综合: 多🔴 空🔴
2026-04-17 23:15:45,377 | [开仓雷达] 1.震荡市:代码✅(评分:85) | 5K✅ | 2.基础✅(K:15 A:90.1 W:370.3) | 3.盈亏比✅(5.95≥1.3 需W>0.0) | 4.靠轨❌(多:❌ 空:❌) | 5.过滤❌(偏:bull 触:0 向:buy) | 6.时效✅(剩:76s) | ==> 综合: 多🔴 空🔴
2026-04-17 23:15:46,286 | [余额同步] 本地模式，初始资金: 10000.0 U
2026-04-17 23:15:46,286 | [账户监控] 无持仓
2026-04-17 23:15:47,715 | [开仓雷达] 1.震荡市:代码✅(评分:85) | 5K✅ | 2.基础✅(K:15 A:90.1 W:370.3) | 3.盈亏比✅(5.95≥1.3 需W>0.0) | 4.靠轨❌(多:❌ 空:❌) | 5.过滤❌(偏:bull 触:0 向:sell) | 6.时效✅(剩:74s) | ==> 综合: 多🔴 空🔴
2026-04-17 23:15:48,421 | [价格] Last:77805.4 | Mark:77845.7 | 延迟:0.0s | aggDelay:0.0s
2026-04-17 23:15:50,099 | [开仓雷达] 1.震荡市:代码✅(评分:85) | 5K✅ | 2.基础✅(K:15 A:90.1 W:370.3) | 3.盈亏比✅(5.95≥1.3 需W>0.0) | 4.靠轨❌(多:❌ 空:❌) | 5.过滤❌(偏:bull 触:0 向:sell) | 6.时效✅(剩:71s) | ==> 综合: 多🔴 空🔴
2026-04-17 23:15:52,109 | [开仓雷达] 1.震荡市:代码✅(评分:85) | 5K✅ | 2.基础✅(K:15 A:90.1 W:370.3) | 3.盈亏比✅(5.95≥1.3 需W>0.0) | 4.靠轨❌(多:❌ 空:❌) | 5.过滤❌(偏:bull 触:0 向:buy) | 6.时效✅(剩:69s) | ==> 综合: 多🔴 空🔴
2026-04-17 23:15:53,669 | [价格] Last:77805.4 | Mark:77833.97983696 | 延迟:0.0s | aggDelay:0.0s
2026-04-17 23:15:54,235 | [开仓雷达] 1.震荡市:代码✅(评分:85) | 5K✅ | 2.基础✅(K:15 A:90.1 W:370.3) | 3.盈亏比✅(5.95≥1.3 需W>0.0) | 4.靠轨❌(多:❌ 空:❌) | 5.过滤❌(偏:bull 触:0 向:buy) | 6.时效✅(剩:67s) | ==> 综合: 多🔴 空🔴
2026-04-17 23:15:54,287 | [余额同步] 本地模式，初始资金: 10000.0 U
2026-04-17 23:15:54,287 | [账户监控] 无持仓
2026-04-17 23:15:56,374 | [开仓雷达] 1.震荡市:代码✅(评分:85) | 5K✅ | 2.基础✅(K:15 A:90.1 W:370.3) | 3.盈亏比✅(5.95≥1.3 需W>0.0) | 4.靠轨❌(多:❌ 空:❌) | 5.过滤❌(偏:bull 触:0 向:buy) | 6.时效✅(剩:65s) | ==> 综合: 多🔴 空🔴
2026-04-17 23:15:58,957 | [价格] Last:77805.4 | Mark:77849.9 | 延迟:0.0s | aggDelay:0.0s
2026-04-17 23:15:58,958 | [开仓雷达] 1.震荡市:代码✅(评分:85) | 5K✅ | 2.基础✅(K:15 A:90.1 W:370.3) | 3.盈亏比✅(5.95≥1.3 需W>0.0) | 4.靠轨❌(多:❌ 空:❌) | 5.过滤❌(偏:bull 触:0 向:buy) | 6.时效✅(剩:62s) | ==> 综合: 多🔴 空🔴
2026-04-17 23:16:01,049 | [开仓雷达] 1.震荡市:代码✅(评分:85) | 5K✅ | 2.基础✅(K:15 A:90.1 W:370.3) | 3.盈亏比✅(5.95≥1.3 需W>0.0) | 4.靠轨❌(多:❌ 空:❌) | 5.过滤❌(偏:bull 触:0 向:buy) | 6.时效✅(剩:60s) | ==> 综合: 多🔴 空🔴
2026-04-17 23:16:02,288 | [余额同步] 本地模式，初始资金: 10000.0 U
2026-04-17 23:16:02,289 | [账户监控] 无持仓
2026-04-17 23:16:03,668 | [开仓雷达] 1.震荡市:代码✅(评分:85) | 5K✅ | 2.基础✅(K:15 A:82.9 W:370.3) | 3.盈亏比✅(5.95≥1.3 需W>0.0) | 4.靠轨❌(多:❌ 空:❌) | 5.过滤❌(偏:bull 触:0 向:buy) | 6.时效✅(剩:58s) | ==> 综合: 多🔴 空🔴
2026-04-17 23:16:04,114 | [价格] Last:77805.4 | Mark:77864.9 | 延迟:0.0s | aggDelay:0.0s
2026-04-17 23:16:05,950 | [开仓雷达] 1.震荡市:代码✅(评分:85) | 5K✅ | 2.基础✅(K:15 A:82.9 W:370.3) | 3.盈亏比✅(5.95≥1.3 需W>0.0) | 4.靠轨❌(多:❌ 空:❌) | 5.过滤❌(偏:bull 触:0 向:buy) | 6.时效✅(剩:55s) | ==> 综合: 多🔴 空🔴
2026-04-17 23:16:08,601 | [开仓雷达] 1.震荡市:代码✅(评分:85) | 5K✅ | 2.基础✅(K:15 A:82.9 W:370.3) | 3.盈亏比✅(5.95≥1.3 需W>0.0) | 4.靠轨❌(多:❌ 空:❌) | 5.过滤❌(偏:bull 触:0 向:buy) | 6.时效✅(剩:53s) | ==> 综合: 多🔴 空🔴
2026-04-17 23:16:09,541 | [价格] Last:77803.7 | Mark:77865.64072464 | 延迟:0.0s | aggDelay:0.0s
2026-04-17 23:16:10,367 | [余额同步] 本地模式，初始资金: 10000.0 U
2026-04-17 23:16:11,572 | [账户监控] 无持仓
2026-04-17 23:16:11,598 | [开仓雷达] 1.震荡市:代码✅(评分:85) | 5K✅ | 2.基础✅(K:15 A:82.9 W:370.3) | 3.盈亏比✅(5.95≥1.3 需W>0.0) | 4.靠轨❌(多:❌ 空:❌) | 5.过滤❌(偏:bull 触:0 向:buy) | 6.时效✅(剩:50s) | ==> 综合: 多🔴 空🔴
2026-04-17 23:16:13,645 | [开仓雷达] 1.震荡市:代码✅(评分:85) | 5K✅ | 2.基础✅(K:15 A:82.9 W:370.3) | 3.盈亏比✅(5.95≥1.3 需W>0.0) | 4.靠轨❌(多:❌ 空:❌) | 5.过滤❌(偏:bull 触:0 向:buy) | 6.时效✅(剩:48s) | ==> 综合: 多🔴 空🔴
2026-04-17 23:16:14,791 | [价格] Last:77800.0 | Mark:77862.36617754 | 延迟:0.0s | aggDelay:0.0s
2026-04-17 23:16:16,047 | [开仓雷达] 1.震荡市:代码✅(评分:85) | 5K✅ | 2.基础✅(K:15 A:82.9 W:370.3) | 3.盈亏比✅(5.95≥1.3 需W>0.0) | 4.靠轨❌(多:❌ 空:❌) | 5.过滤❌(偏:bull 触:0 向:buy) | 6.时效✅(剩:45s) | ==> 综合: 多🔴 空🔴
2026-04-17 23:16:18,077 | [开仓雷达] 1.震荡市:代码✅(评分:85) | 5K✅ | 2.基础✅(K:15 A:82.9 W:370.3) | 3.盈亏比✅(5.95≥1.3 需W>0.0) | 4.靠轨❌(多:❌ 空:❌) | 5.过滤❌(偏:bull 触:0 向:buy) | 6.时效✅(剩:43s) | ==> 综合: 多🔴 空🔴
2026-04-17 23:16:19,573 | [余额同步] 本地模式，初始资金: 10000.0 U
2026-04-17 23:16:19,577 | [账户监控] 无持仓
2026-04-17 23:16:20,084 | [价格] Last:77804.0 | Mark:77861.93383399 | 延迟:0.0s | aggDelay:0.0s
2026-04-17 23:16:20,084 | [开仓雷达] 1.震荡市:代码✅(评分:85) | 5K✅ | 2.基础✅(K:15 A:82.9 W:370.3) | 3.盈亏比✅(5.95≥1.3 需W>0.0) | 4.靠轨❌(多:❌ 空:❌) | 5.过滤❌(偏:bull 触:0 向:buy) | 6.时效✅(剩:41s) | ==> 综合: 多🔴 空🔴
2026-04-17 23:16:22,127 | [开仓雷达] 1.震荡市:代码✅(评分:85) | 5K✅ | 2.基础✅(K:15 A:82.9 W:370.3) | 3.盈亏比✅(5.95≥1.3 需W>0.0) | 4.靠轨❌(多:❌ 空:❌) | 5.过滤❌(偏:bull 触:0 向:buy) | 6.时效✅(剩:39s) | ==> 综合: 多🔴 空🔴
2026-04-17 23:16:24,331 | [开仓雷达] 1.震荡市:代码✅(评分:85) | 5K✅ | 2.基础✅(K:15 A:82.9 W:370.3) | 3.盈亏比✅(5.95≥1.3 需W>0.0) | 4.靠轨❌(多:❌ 空:❌) | 5.过滤❌(偏:bear 触:0 向:buy) | 6.时效✅(剩:37s) | ==> 综合: 多🔴 空🔴
2026-04-17 23:16:26,057 | [价格] Last:77804.7 | Mark:77857.98731225 | 延迟:0.0s | aggDelay:0.0s
2026-04-17 23:16:26,520 | [开仓雷达] 1.震荡市:代码✅(评分:85) | 5K✅ | 2.基础✅(K:15 A:82.9 W:370.3) | 3.盈亏比✅(5.95≥1.3 需W>0.0) | 4.靠轨❌(多:❌ 空:❌) | 5.过滤❌(偏:bear 触:0 向:buy) | 6.时效✅(剩:35s) | ==> 综合: 多🔴 空🔴
2026-04-17 23:16:27,581 | [余额同步] 本地模式，初始资金: 10000.0 U
2026-04-17 23:16:27,586 | [账户监控] 无持仓
2026-04-17 23:16:28,966 | [开仓雷达] 1.震荡市:代码✅(评分:85) | 5K✅ | 2.基础✅(K:15 A:82.9 W:370.3) | 3.盈亏比✅(5.95≥1.3 需W>0.0) | 4.靠轨❌(多:❌ 空:❌) | 5.过滤❌(偏:bear 触:0 向:buy) | 6.时效✅(剩:32s) | ==> 综合: 多🔴 空🔴
2026-04-17 23:16:31,119 | [价格] Last:77804.8 | Mark:77861.8 | 延迟:0.0s | aggDelay:0.7s
2026-04-17 23:16:31,120 | [开仓雷达] 1.震荡市:代码✅(评分:85) | 5K✅ | 2.基础✅(K:15 A:82.9 W:370.3) | 3.盈亏比✅(5.95≥1.3 需W>0.0) | 4.靠轨❌(多:❌ 空:❌) | 5.过滤❌(偏:bear 触:0 向:buy) | 6.时效✅(剩:30s) | ==> 综合: 多🔴 空🔴
2026-04-17 23:16:33,346 | [开仓雷达] 1.震荡市:代码✅(评分:85) | 5K✅ | 2.基础✅(K:15 A:82.9 W:370.3) | 3.盈亏比✅(5.95≥1.3 需W>0.0) | 4.靠轨❌(多:❌ 空:❌) | 5.过滤❌(偏:bull 触:0 向:buy) | 6.时效✅(剩:28s) | ==> 综合: 多🔴 空🔴
2026-04-17 23:16:35,380 | [开仓雷达] 1.震荡市:代码✅(评分:85) | 5K✅ | 2.基础✅(K:15 A:82.9 W:370.3) | 3.盈亏比✅(5.95≥1.3 需W>0.0) | 4.靠轨❌(多:❌ 空:❌) | 5.过滤❌(偏:bull 触:0 向:sell) | 6.时效✅(剩:26s) | ==> 综合: 多🔴 空🔴
2026-04-17 23:16:35,586 | [余额同步] 本地模式，初始资金: 10000.0 U
2026-04-17 23:16:35,587 | [账户监控] 无持仓
2026-04-17 23:16:36,145 | [价格] Last:77804.8 | Mark:77857.91438406 | 延迟:0.0s | aggDelay:0.0s
2026-04-17 23:16:37,628 | [开仓雷达] 1.震荡市:代码✅(评分:85) | 5K✅ | 2.基础✅(K:15 A:82.9 W:370.3) | 3.盈亏比✅(5.95≥1.3 需W>0.0) | 4.靠轨❌(多:❌ 空:❌) | 5.过滤❌(偏:bull 触:0 向:buy) | 6.时效✅(剩:24s) | ==> 综合: 多🔴 空🔴
2026-04-17 23:16:40,126 | [开仓雷达] 1.震荡市:代码✅(评分:85) | 5K✅ | 2.基础✅(K:15 A:82.9 W:370.3) | 3.盈亏比✅(5.95≥1.3 需W>0.0) | 4.靠轨❌(多:❌ 空:❌) | 5.过滤❌(偏:bull 触:0 向:buy) | 6.时效✅(剩:21s) | ==> 综合: 多🔴 空🔴
2026-04-17 23:16:41,615 | [价格] Last:77805.4 | Mark:77844.46106884 | 延迟:0.0s | aggDelay:0.0s
2026-04-17 23:16:42,282 | [开仓雷达] 1.震荡市:代码✅(评分:85) | 5K✅ | 2.基础✅(K:15 A:82.9 W:370.3) | 3.盈亏比✅(5.95≥1.3 需W>0.0) | 4.靠轨❌(多:❌ 空:❌) | 5.过滤❌(偏:bull 触:0 向:buy) | 6.时效✅(剩:19s) | ==> 综合: 多🔴 空🔴
2026-04-17 23:16:43,588 | [余额同步] 本地模式，初始资金: 10000.0 U
2026-04-17 23:16:43,589 | [账户监控] 无持仓
2026-04-17 23:16:44,340 | [开仓雷达] 1.震荡市:代码✅(评分:85) | 5K✅ | 2.基础✅(K:15 A:82.9 W:370.3) | 3.盈亏比✅(5.95≥1.3 需W>0.0) | 4.靠轨❌(多:❌ 空:❌) | 5.过滤❌(偏:bull 触:0 向:buy) | 6.时效✅(剩:17s) | ==> 综合: 多🔴 空🔴
2026-04-17 23:16:46,422 | [开仓雷达] 1.震荡市:代码✅(评分:85) | 5K✅ | 2.基础✅(K:15 A:82.9 W:370.3) | 3.盈亏比✅(5.95≥1.3 需W>0.0) | 4.靠轨❌(多:❌ 空:❌) | 5.过滤❌(偏:bull 触:0 向:buy) | 6.时效✅(剩:15s) | ==> 综合: 多🔴 空🔴
2026-04-17 23:16:46,619 | [价格] Last:77805.4 | Mark:77861.8 | 延迟:0.0s | aggDelay:0.0s
2026-04-17 23:16:48,616 | [开仓雷达] 1.震荡市:代码✅(评分:85) | 5K✅ | 2.基础✅(K:15 A:82.9 W:370.3) | 3.盈亏比✅(5.95≥1.3 需W>0.0) | 4.靠轨❌(多:❌ 空:❌) | 5.过滤❌(偏:bull 触:0 向:buy) | 6.时效✅(剩:13s) | ==> 综合: 多🔴 空🔴
2026-04-17 23:16:51,264 | [开仓雷达] 1.震荡市:代码✅(评分:85) | 5K✅ | 2.基础✅(K:15 A:82.9 W:370.3) | 3.盈亏比✅(5.95≥1.3 需W>0.0) | 4.靠轨❌(多:❌ 空:❌) | 5.过滤❌(偏:bull 触:0 向:buy) | 6.时效✅(剩:10s) | ==> 综合: 多🔴 空🔴
2026-04-17 23:16:51,593 | [余额同步] 本地模式，初始资金: 10000.0 U
2026-04-17 23:16:51,594 | [账户监控] 无持仓
2026-04-17 23:16:51,771 | [价格] Last:77799.9 | Mark:77861.7 | 延迟:0.0s | aggDelay:0.0s
2026-04-17 23:16:53,311 | [开仓雷达] 1.震荡市:代码✅(评分:85) | 5K✅ | 2.基础✅(K:15 A:82.9 W:370.3) | 3.盈亏比✅(5.95≥1.3 需W>0.0) | 4.靠轨❌(多:❌ 空:❌) | 5.过滤❌(偏:bull 触:0 向:buy) | 6.时效✅(剩:8s) | ==> 综合: 多🔴 空🔴
2026-04-17 23:16:55,433 | [开仓雷达] 1.震荡市:代码✅(评分:85) | 5K✅ | 2.基础✅(K:15 A:82.9 W:370.3) | 3.盈亏比✅(5.95≥1.3 需W>0.0) | 4.靠轨❌(多:❌ 空:❌) | 5.过滤❌(偏:bull 触:0 向:sell) | 6.时效✅(剩:6s) | ==> 综合: 多🔴 空🔴
2026-04-17 23:16:56,939 | [价格] Last:77805.4 | Mark:77853.85871377 | 延迟:0.0s | aggDelay:0.0s
2026-04-17 23:16:57,451 | [开仓雷达] 1.震荡市:代码✅(评分:85) | 5K✅ | 2.基础✅(K:15 A:82.9 W:370.3) | 3.盈亏比✅(5.95≥1.3 需W>0.0) | 4.靠轨❌(多:❌ 空:❌) | 5.过滤❌(偏:bull 触:0 向:buy) | 6.时效✅(剩:4s) | ==> 综合: 多🔴 空🔴
2026-04-17 23:16:59,596 | [余额同步] 本地模式，初始资金: 10000.0 U
2026-04-17 23:16:59,598 | [账户监控] 无持仓
2026-04-17 23:16:59,766 | [开仓雷达] 1.震荡市:代码✅(评分:85) | 5K✅ | 2.基础✅(K:15 A:82.9 W:370.3) | 3.盈亏比✅(5.95≥1.3 需W>0.0) | 4.靠轨❌(多:❌ 空:❌) | 5.过滤❌(偏:bull 触:0 向:buy) | 6.时效✅(剩:2s) | ==> 综合: 多🔴 空🔴
2026-04-17 23:17:02,300 | [价格] Last:77804.6 | Mark:77869.8 | 延迟:0.0s | aggDelay:0.0s
2026-04-17 23:17:02,301 | [开仓雷达] 1.震荡市:代码✅(评分:70) | 5K✅ | 2.基础✅(K:15 A:73.6 W:324.9) | 3.盈亏比✅(5.22≥1.3 需W>0.0) | 4.靠轨❌(多:❌ 空:❌) | 5.过滤❌(偏:bull 触:0 向:buy) | 6.时效✅(剩:119s) | ==> 综合: 多🔴 空🔴
2026-04-17 23:17:04,334 | [开仓雷达] 1.震荡市:代码✅(评分:70) | 5K✅ | 2.基础✅(K:15 A:73.6 W:324.9) | 3.盈亏比✅(5.22≥1.3 需W>0.0) | 4.靠轨❌(多:❌ 空:❌) | 5.过滤❌(偏:bull 触:0 向:buy) | 6.时效✅(剩:117s) | ==> 综合: 多🔴 空🔴
2026-04-17 23:17:06,411 | [开仓雷达] 1.震荡市:代码✅(评分:70) | 5K✅ | 2.基础✅(K:15 A:73.6 W:324.9) | 3.盈亏比✅(5.22≥1.3 需W>0.0) | 4.靠轨❌(多:❌ 空:❌) | 5.过滤❌(偏:bear 触:0 向:buy) | 6.时效✅(剩:115s) | ==> 综合: 多🔴 空🔴
2026-04-17 23:17:07,111 | ⚠️ 价格偏离异常，暂停交易判断
2026-04-17 23:17:07,223 | ⚠️ 价格偏离异常，暂停交易判断
2026-04-17 23:17:07,491 | ⚠️ 价格偏离异常，暂停交易判断
2026-04-17 23:17:07,598 | [余额同步] 本地模式，初始资金: 10000.0 U
2026-04-17 23:17:07,602 | [账户监控] 无持仓
2026-04-17 23:17:08,217 | ⚠️ 价格偏离异常，暂停交易判断
2026-04-17 23:17:08,711 | ⚠️ 价格偏离异常，暂停交易判断
2026-04-17 23:17:08,973 | ⚠️ 价格偏离异常，暂停交易判断
2026-04-17 23:17:09,441 | ⚠️ 价格偏离异常，暂停交易判断
2026-04-17 23:17:09,712 | ⚠️ 价格偏离异常，暂停交易判断
2026-04-17 23:17:09,979 | ⚠️ 价格偏离异常，暂停交易判断
2026-04-17 23:17:10,008 | ⚠️ 价格偏离异常，暂停交易判断
2026-04-17 23:17:10,117 | ⚠️ 价格偏离异常，暂停交易判断
2026-04-17 23:17:10,338 | ⚠️ 价格偏离异常，暂停交易判断
2026-04-17 23:17:10,856 | ⚠️ 价格偏离异常，暂停交易判断
2026-04-17 23:17:11,662 | ⚠️ 价格偏离异常，暂停交易判断
2026-04-17 23:17:11,775 | ⚠️ 价格偏离异常，暂停交易判断
2026-04-17 23:17:11,929 | ⚠️ 价格偏离异常，暂停交易判断
2026-04-17 23:17:12,440 | ⚠️ 价格偏离异常，暂停交易判断
2026-04-17 23:17:12,978 | ⚠️ 价格偏离异常，暂停交易判断
2026-04-17 23:17:12,982 | [价格] Last:77856.8 | Mark:77895.7 | 延迟:0.0s | aggDelay:0.0s
2026-04-17 23:17:12,982 | [开仓雷达] 1.震荡市:代码✅(评分:70) | 5K✅ | 2.基础✅(K:15 A:73.6 W:324.9) | 3.盈亏比✅(5.22≥1.3 需W>0.0) | 4.靠轨❌(多:❌ 空:❌) | 5.过滤❌(偏:neutral 触:0 向:buy) | 6.时效✅(剩:108s) | ==> 综合: 多🔴 空🔴
2026-04-17 23:17:14,338 | ⚠️ 价格偏离异常，暂停交易判断
2026-04-17 23:17:15,079 | [开仓雷达] 1.震荡市:代码✅(评分:70) | 5K✅ | 2.基础✅(K:15 A:73.6 W:324.9) | 3.盈亏比✅(5.22≥1.3 需W>0.0) | 4.靠轨❌(多:❌ 空:❌) | 5.过滤❌(偏:neutral 触:0 向:buy) | 6.时效✅(剩:106s) | ==> 综合: 多🔴 空🔴
2026-04-17 23:17:15,603 | [余额同步] 本地模式，初始资金: 10000.0 U
2026-04-17 23:17:15,604 | [账户监控] 无持仓
2026-04-17 23:17:15,876 | ⚠️ 价格偏离异常，暂停交易判断
2026-04-17 23:17:17,612 | ⚠️ 价格偏离异常，暂停交易判断
2026-04-17 23:17:17,759 | ⚠️ 价格偏离异常，暂停交易判断
2026-04-17 23:17:18,135 | [价格] Last:77852.9 | Mark:77898.4 | 延迟:0.0s | aggDelay:0.0s
2026-04-17 23:17:18,208 | [开仓雷达] 1.震荡市:代码✅(评分:70) | 5K✅ | 2.基础✅(K:15 A:73.6 W:324.9) | 3.盈亏比✅(5.22≥1.3 需W>0.0) | 4.靠轨❌(多:❌ 空:❌) | 5.过滤❌(偏:bear 触:0 向:buy) | 6.时效✅(剩:103s) | ==> 综合: 多🔴 空🔴
2026-04-17 23:17:18,543 | ⚠️ 价格偏离异常，暂停交易判断
2026-04-17 23:17:19,820 | ⚠️ 价格偏离异常，暂停交易判断
2026-04-17 23:17:19,823 | ⚠️ 价格偏离异常，暂停交易判断
2026-04-17 23:17:20,041 | ⚠️ 价格偏离异常，暂停交易判断
2026-04-17 23:17:20,765 | [开仓雷达] 1.震荡市:代码✅(评分:70) | 5K✅ | 2.基础✅(K:15 A:73.6 W:324.9) | 3.盈亏比✅(5.22≥1.3 需W>0.0) | 4.靠轨❌(多:❌ 空:❌) | 5.过滤❌(偏:bull 触:0 向:buy) | 6.时效✅(剩:101s) | ==> 综合: 多🔴 空🔴
2026-04-17 23:17:22,776 | [开仓雷达] 1.震荡市:代码✅(评分:70) | 5K✅ | 2.基础✅(K:15 A:73.6 W:324.9) | 3.盈亏比✅(5.22≥1.3 需W>0.0) | 4.靠轨❌(多:❌ 空:❌) | 5.过滤❌(偏:bull 触:0 向:buy) | 6.时效✅(剩:98s) | ==> 综合: 多🔴 空🔴
2026-04-17 23:17:22,895 | ⚠️ 价格偏离异常，暂停交易判断
2026-04-17 23:17:23,605 | [余额同步] 本地模式，初始资金: 10000.0 U
2026-04-17 23:17:23,605 | [账户监控] 无持仓
2026-04-17 23:17:23,870 | [价格] Last:77855.9 | Mark:77889.9 | 延迟:0.0s | aggDelay:0.0s
2026-04-17 23:17:25,128 | [开仓雷达] 1.震荡市:代码✅(评分:70) | 5K✅ | 2.基础✅(K:15 A:73.6 W:324.9) | 3.盈亏比✅(5.22≥1.3 需W>0.0) | 4.靠轨❌(多:❌ 空:❌) | 5.过滤❌(偏:neutral 触:0 向:buy) | 6.时效✅(剩:96s) | ==> 综合: 多🔴 空🔴
2026-04-17 23:17:25,860 | ⚠️ 价格偏离异常，暂停交易判断
2026-04-17 23:17:26,750 | ⚠️ 价格偏离异常，暂停交易判断
2026-04-17 23:17:27,269 | [开仓雷达] 1.震荡市:代码✅(评分:70) | 5K✅ | 2.基础✅(K:15 A:73.6 W:324.9) | 3.盈亏比✅(5.22≥1.3 需W>0.0) | 4.靠轨❌(多:❌ 空:❌) | 5.过滤❌(偏:bull 触:0 向:buy) | 6.时效✅(剩:94s) | ==> 综合: 多🔴 空🔴
2026-04-17 23:17:28,766 | ⚠️ 价格偏离异常，暂停交易判断
2026-04-17 23:17:28,933 | [价格] Last:77849.2 | Mark:77899.4 | 延迟:0.0s | aggDelay:0.0s
2026-04-17 23:17:30,001 | [开仓雷达] 1.震荡市:代码✅(评分:70) | 5K✅ | 2.基础✅(K:15 A:73.6 W:324.9) | 3.盈亏比✅(5.22≥1.3 需W>0.0) | 4.靠轨❌(多:❌ 空:❌) | 5.过滤❌(偏:bull 触:0 向:buy) | 6.时效✅(剩:91s) | ==> 综合: 多🔴 空🔴
2026-04-17 23:17:30,063 | ⚠️ 价格偏离异常，暂停交易判断
2026-04-17 23:17:31,313 | ⚠️ 价格偏离异常，暂停交易判断
2026-04-17 23:17:31,606 | [余额同步] 本地模式，初始资金: 10000.0 U
2026-04-17 23:17:31,606 | [账户监控] 无持仓
2026-04-17 23:17:32,505 | ⚠️ 价格偏离异常，暂停交易判断
2026-04-17 23:17:32,677 | [开仓雷达] 1.震荡市:代码✅(评分:70) | 5K✅ | 2.基础✅(K:15 A:73.6 W:324.9) | 3.盈亏比✅(5.22≥1.3 需W>0.0) | 4.靠轨❌(多:❌ 空:❌) | 5.过滤❌(偏:neutral 触:0 向:buy) | 6.时效✅(剩:88s) | ==> 综合: 多🔴 空🔴
2026-04-17 23:17:33,087 | ⚠️ 价格偏离异常，暂停交易判断
2026-04-17 23:17:34,140 | [价格] Last:77846.1 | Mark:77892.1 | 延迟:0.0s | aggDelay:0.2s
2026-04-17 23:17:34,545 | ⚠️ 价格偏离异常，暂停交易判断
2026-04-17 23:17:34,754 | [开仓雷达] 1.震荡市:代码✅(评分:70) | 5K✅ | 2.基础✅(K:15 A:73.6 W:324.9) | 3.盈亏比✅(5.22≥1.3 需W>0.0) | 4.靠轨❌(多:❌ 空:❌) | 5.过滤❌(偏:bull 触:0 向:buy) | 6.时效✅(剩:86s) | ==> 综合: 多🔴 空🔴
2026-04-17 23:17:35,552 | ⚠️ 价格偏离异常，暂停交易判断
2026-04-17 23:17:36,495 | ⚠️ 价格偏离异常，暂停交易判断
2026-04-17 23:17:37,117 | [开仓雷达] 1.震荡市:代码✅(评分:70) | 5K✅ | 2.基础✅(K:15 A:73.6 W:324.9) | 3.盈亏比✅(5.22≥1.3 需W>0.0) | 4.靠轨❌(多:❌ 空:❌) | 5.过滤❌(偏:neutral 触:0 向:buy) | 6.时效✅(剩:84s) | ==> 综合: 多🔴 空🔴
2026-04-17 23:17:39,146 | [价格] Last:77841.1 | Mark:77887.9 | 延迟:0.0s | aggDelay:0.0s
2026-04-17 23:17:39,147 | [开仓雷达] 1.震荡市:代码✅(评分:70) | 5K✅ | 2.基础✅(K:15 A:73.6 W:324.9) | 3.盈亏比✅(5.22≥1.3 需W>0.0) | 4.靠轨❌(多:❌ 空:❌) | 5.过滤❌(偏:bull 触:0 向:buy) | 6.时效✅(剩:82s) | ==> 综合: 多🔴 空🔴
2026-04-17 23:17:39,170 | ⚠️ 价格偏离异常，暂停交易判断
2026-04-17 23:17:39,607 | [余额同步] 本地模式，初始资金: 10000.0 U
2026-04-17 23:17:39,607 | [账户监控] 无持仓
2026-04-17 23:17:40,138 | ⚠️ 价格偏离异常，暂停交易判断
2026-04-17 23:17:40,178 | ⚠️ 价格偏离异常，暂停交易判断
2026-04-17 23:17:40,799 | ⚠️ 价格偏离异常，暂停交易判断
2026-04-17 23:17:41,636 | ⚠️ 价格偏离异常，暂停交易判断
2026-04-17 23:17:41,878 | [开仓雷达] 1.震荡市:代码✅(评分:70) | 5K✅ | 2.基础✅(K:15 A:73.6 W:324.9) | 3.盈亏比✅(5.22≥1.3 需W>0.0) | 4.靠轨❌(多:❌ 空:❌) | 5.过滤❌(偏:neutral 触:0 向:buy) | 6.时效✅(剩:79s) | ==> 综合: 多🔴 空🔴
2026-04-17 23:17:42,552 | ⚠️ 价格偏离异常，暂停交易判断
2026-04-17 23:17:43,487 | ⚠️ 价格偏离异常，暂停交易判断
2026-04-17 23:17:44,006 | [开仓雷达] 1.震荡市:代码✅(评分:70) | 5K✅ | 2.基础✅(K:15 A:73.6 W:324.9) | 3.盈亏比✅(5.22≥1.3 需W>0.0) | 4.靠轨❌(多:❌ 空:❌) | 5.过滤❌(偏:neutral 触:0 向:buy) | 6.时效✅(剩:77s) | ==> 综合: 多🔴 空🔴
2026-04-17 23:17:44,513 | [价格] Last:77850.0 | Mark:77924.9 | 延迟:0.0s | aggDelay:0.0s
2026-04-17 23:17:45,064 | ⚠️ 价格偏离异常，暂停交易判断
2026-04-17 23:17:46,125 | ⚠️ 价格偏离异常，暂停交易判断
2026-04-17 23:17:46,311 | ⚠️ 价格偏离异常，暂停交易判断
2026-04-17 23:17:46,462 | ⚠️ 价格偏离异常，暂停交易判断
2026-04-17 23:17:46,892 | ⚠️ 价格偏离异常，暂停交易判断
2026-04-17 23:17:47,074 | ⚠️ 价格偏离异常，暂停交易判断
2026-04-17 23:17:47,094 | ⚠️ 价格偏离异常，暂停交易判断
2026-04-17 23:17:47,205 | ⚠️ 价格偏离异常，暂停交易判断
2026-04-17 23:17:47,215 | ⚠️ 价格偏离异常，暂停交易判断
2026-04-17 23:17:47,364 | ⚠️ 价格偏离异常，暂停交易判断
2026-04-17 23:17:47,589 | ⚠️ 价格偏离异常，暂停交易判断
2026-04-17 23:17:47,608 | [余额同步] 本地模式，初始资金: 10000.0 U
2026-04-17 23:17:47,608 | [账户监控] 无持仓
2026-04-17 23:17:47,743 | ⚠️ 价格偏离异常，暂停交易判断
2026-04-17 23:17:48,007 | ⚠️ 价格偏离异常，暂停交易判断
2026-04-17 23:17:48,164 | [开仓雷达] 1.震荡市:代码✅(评分:70) | 5K✅ | 2.基础✅(K:15 A:73.6 W:324.9) | 3.盈亏比✅(5.22≥1.3 需W>0.0) | 4.靠轨❌(多:❌ 空:❌) | 5.过滤❌(偏:neutral 触:0 向:buy) | 6.时效✅(剩:73s) | ==> 综合: 多🔴 空🔴
2026-04-17 23:17:48,335 | ⚠️ 价格偏离异常，暂停交易判断
2026-04-17 23:17:49,178 | ⚠️ 价格偏离异常，暂停交易判断
2026-04-17 23:17:49,243 | ⚠️ 价格偏离异常，暂停交易判断
2026-04-17 23:17:49,389 | ⚠️ 价格偏离异常，暂停交易判断
2026-04-17 23:17:50,037 | [价格] Last:77861.8 | Mark:77925.0 | 延迟:0.0s | aggDelay:0.0s
2026-04-17 23:17:50,206 | [开仓雷达] 1.震荡市:代码✅(评分:70) | 5K✅ | 2.基础✅(K:15 A:73.6 W:324.9) | 3.盈亏比✅(5.22≥1.3 需W>0.0) | 4.靠轨❌(多:❌ 空:❌) | 5.过滤❌(偏:bull 触:0 向:buy) | 6.时效✅(剩:71s) | ==> 综合: 多🔴 空🔴
2026-04-17 23:17:50,945 | ⚠️ 价格偏离异常，暂停交易判断
2026-04-17 23:17:51,911 | ⚠️ 价格偏离异常，暂停交易判断
2026-04-17 23:17:52,437 | [开仓雷达] 1.震荡市:代码✅(评分:70) | 5K✅ | 2.基础✅(K:15 A:73.6 W:324.9) | 3.盈亏比✅(5.22≥1.3 需W>0.0) | 4.靠轨❌(多:❌ 空:❌) | 5.过滤❌(偏:bear 触:0 向:buy) | 6.时效✅(剩:69s) | ==> 综合: 多🔴 空🔴
2026-04-17 23:17:52,712 | ⚠️ 价格偏离异常，暂停交易判断
2026-04-17 23:17:53,099 | ⚠️ 价格偏离异常，暂停交易判断
2026-04-17 23:17:53,497 | ⚠️ 价格偏离异常，暂停交易判断
2026-04-17 23:17:54,102 | ⚠️ 价格偏离异常，暂停交易判断
2026-04-17 23:17:54,291 | ⚠️ 价格偏离异常，暂停交易判断
2026-04-17 23:17:54,756 | [开仓雷达] 1.震荡市:代码✅(评分:70) | 5K✅ | 2.基础✅(K:15 A:73.6 W:324.9) | 3.盈亏比✅(5.22≥1.3 需W>0.0) | 4.靠轨❌(多:❌ 空:❌) | 5.过滤❌(偏:bear 触:0 向:buy) | 6.时效✅(剩:66s) | ==> 综合: 多🔴 空🔴
2026-04-17 23:17:55,121 | [价格] Last:77864.9 | Mark:77925.0 | 延迟:0.0s | aggDelay:0.4s
2026-04-17 23:17:55,148 | ⚠️ 价格偏离异常，暂停交易判断
2026-04-17 23:17:55,654 | [余额同步] 本地模式，初始资金: 10000.0 U
2026-04-17 23:17:55,656 | [账户监控] 无持仓
2026-04-17 23:17:56,162 | ⚠️ 价格偏离异常，暂停交易判断
2026-04-17 23:17:56,783 | [开仓雷达] 1.震荡市:代码✅(评分:70) | 5K✅ | 2.基础✅(K:15 A:73.6 W:324.9) | 3.盈亏比✅(5.22≥1.3 需W>0.0) | 4.靠轨❌(多:❌ 空:❌) | 5.过滤❌(偏:bear 触:0 向:buy) | 6.时效✅(剩:64s) | ==> 综合: 多🔴 空🔴
2026-04-17 23:17:57,194 | ⚠️ 价格偏离异常，暂停交易判断
2026-04-17 23:17:58,477 | ⚠️ 价格偏离异常，暂停交易判断
2026-04-17 23:17:59,100 | [开仓雷达] 1.震荡市:代码✅(评分:70) | 5K✅ | 2.基础✅(K:15 A:73.6 W:324.9) | 3.盈亏比✅(5.22≥1.3 需W>0.0) | 4.靠轨❌(多:❌ 空:❌) | 5.过滤❌(偏:bear 触:0 向:buy) | 6.时效✅(剩:62s) | ==> 综合: 多🔴 空🔴
2026-04-17 23:17:59,263 | ⚠️ 价格偏离异常，暂停交易判断
2026-04-17 23:17:59,455 | ⚠️ 价格偏离异常，暂停交易判断
2026-04-17 23:18:00,253 | ⚠️ 价格偏离异常，暂停交易判断
2026-04-17 23:18:00,443 | ⚠️ 价格偏离异常，暂停交易判断
2026-04-17 23:18:00,784 | [价格] Last:77864.9 | Mark:77925.1 | 延迟:0.0s | aggDelay:0.0s
2026-04-17 23:18:01,132 | ⚠️ 价格偏离异常，暂停交易判断
2026-04-17 23:18:01,762 | ⚠️ 价格偏离异常，暂停交易判断
2026-04-17 23:18:01,919 | ⚠️ 价格偏离异常，暂停交易判断
2026-04-17 23:18:02,766 | ⚠️ 价格偏离异常，暂停交易判断
2026-04-17 23:18:02,895 | ⚠️ 价格偏离异常，暂停交易判断
2026-04-17 23:18:03,387 | ⚠️ 价格偏离异常，暂停交易判断
2026-04-17 23:18:03,390 | ⚠️ 价格偏离异常，暂停交易判断
2026-04-17 23:18:03,555 | ⚠️ 价格偏离异常，暂停交易判断
2026-04-17 23:18:03,632 | ⚠️ 价格偏离异常，暂停交易判断
2026-04-17 23:18:03,657 | [余额同步] 本地模式，初始资金: 10000.0 U
2026-04-17 23:18:03,658 | [账户监控] 无持仓
2026-04-17 23:18:03,790 | ⚠️ 价格偏离异常，暂停交易判断
2026-04-17 23:18:04,010 | ⚠️ 价格偏离异常，暂停交易判断
2026-04-17 23:18:04,120 | ⚠️ 价格偏离异常，暂停交易判断
2026-04-17 23:18:04,614 | ⚠️ 价格偏离异常，暂停交易判断
2026-04-17 23:18:04,937 | ⚠️ 价格偏离异常，暂停交易判断
2026-04-17 23:18:05,086 | ⚠️ 价格偏离异常，暂停交易判断
2026-04-17 23:18:05,953 | ⚠️ 价格偏离异常，暂停交易判断
2026-04-17 23:18:06,426 | ⚠️ 价格偏离异常，暂停交易判断
2026-04-17 23:18:06,672 | ⚠️ 价格偏离异常，暂停交易判断
2026-04-17 23:18:06,882 | ⚠️ 价格偏离异常，暂停交易判断
2026-04-17 23:18:07,032 | ⚠️ 价格偏离异常，暂停交易判断
2026-04-17 23:18:07,118 | [价格] Last:77842.6 | Mark:77914.17693676 | 延迟:0.0s | aggDelay:0.1s
2026-04-17 23:18:07,118 | [开仓雷达] 1.震荡市:代码✅(评分:75) | 5K✅ | 2.基础✅(K:15 A:68.4 W:324.9) | 3.盈亏比✅(5.22≥1.3 需W>0.0) | 4.靠轨❌(多:❌ 空:❌) | 5.过滤❌(偏:neutral 触:0 向:buy) | 6.时效✅(剩:54s) | ==> 综合: 多🔴 空🔴
2026-04-17 23:18:09,624 | [开仓雷达] 1.震荡市:代码✅(评分:75) | 5K✅ | 2.基础✅(K:15 A:68.4 W:324.9) | 3.盈亏比✅(5.22≥1.3 需W>0.0) | 4.靠轨❌(多:❌ 空:❌) | 5.过滤❌(偏:bear 触:0 向:buy) | 6.时效✅(剩:51s) | ==> 综合: 多🔴 空🔴
2026-04-17 23:18:10,938 | ⚠️ 价格偏离异常，暂停交易判断
2026-04-17 23:18:11,367 | ⚠️ 价格偏离异常，暂停交易判断
2026-04-17 23:18:11,658 | [余额同步] 本地模式，初始资金: 10000.0 U
2026-04-17 23:18:11,659 | [账户监控] 无持仓
2026-04-17 23:18:11,748 | [开仓雷达] 1.震荡市:代码✅(评分:75) | 5K✅ | 2.基础✅(K:15 A:68.4 W:324.9) | 3.盈亏比✅(5.22≥1.3 需W>0.0) | 4.靠轨❌(多:❌ 空:❌) | 5.过滤❌(偏:bear 触:0 向:buy) | 6.时效✅(剩:49s) | ==> 综合: 多🔴 空🔴
2026-04-17 23:18:11,750 | ⚠️ 价格偏离异常，暂停交易判断
2026-04-17 23:18:11,898 | ⚠️ 价格偏离异常，暂停交易判断
2026-04-17 23:18:12,639 | [价格] Last:77842.1 | Mark:77906.11406719 | 延迟:0.0s | aggDelay:0.0s
2026-04-17 23:18:14,243 | [开仓雷达] 1.震荡市:代码✅(评分:75) | 5K✅ | 2.基础✅(K:15 A:68.4 W:324.9) | 3.盈亏比✅(5.22≥1.3 需W>0.0) | 4.靠轨❌(多:❌ 空:❌) | 5.过滤❌(偏:bear 触:0 向:buy) | 6.时效✅(剩:47s) | ==> 综合: 多🔴 空🔴
2026-04-17 23:18:15,399 | ⚠️ 价格偏离异常，暂停交易判断
2026-04-17 23:18:16,146 | ⚠️ 价格偏离异常，暂停交易判断
2026-04-17 23:18:16,377 | [开仓雷达] 1.震荡市:代码✅(评分:75) | 5K✅ | 2.基础✅(K:15 A:68.4 W:324.9) | 3.盈亏比✅(5.22≥1.3 需W>0.0) | 4.靠轨❌(多:❌ 空:❌) | 5.过滤❌(偏:bear 触:0 向:buy) | 6.时效✅(剩:45s) | ==> 综合: 多🔴 空🔴
2026-04-17 23:18:16,683 | ⚠️ 价格偏离异常，暂停交易判断
2026-04-17 23:18:17,801 | [价格] Last:77833.1 | Mark:77908.5 | 延迟:0.0s | aggDelay:0.0s
2026-04-17 23:18:18,010 | ⚠️ 价格偏离异常，暂停交易判断
2026-04-17 23:18:18,442 | [开仓雷达] 1.震荡市:代码✅(评分:75) | 5K✅ | 2.基础✅(K:15 A:68.4 W:324.9) | 3.盈亏比✅(5.22≥1.3 需W>0.0) | 4.靠轨❌(多:❌ 空:❌) | 5.过滤❌(偏:bear 触:0 向:buy) | 6.时效✅(剩:43s) | ==> 综合: 多🔴 空🔴
2026-04-17 23:18:19,661 | [余额同步] 本地模式，初始资金: 10000.0 U
2026-04-17 23:18:19,662 | [账户监控] 无持仓
2026-04-17 23:18:20,744 | ⚠️ 价格偏离异常，暂停交易判断
2026-04-17 23:18:20,896 | ⚠️ 价格偏离异常，暂停交易判断
2026-04-17 23:18:21,054 | ⚠️ 价格偏离异常，暂停交易判断
2026-04-17 23:18:21,289 | ⚠️ 价格偏离异常，暂停交易判断
2026-04-17 23:18:21,632 | ⚠️ 价格偏离异常，暂停交易判断
2026-04-17 23:18:21,816 | ⚠️ 价格偏离异常，暂停交易判断
2026-04-17 23:18:21,827 | ⚠️ 价格偏离异常，暂停交易判断
2026-04-17 23:18:21,981 | ⚠️ 价格偏离异常，暂停交易判断
2026-04-17 23:18:22,160 | ⚠️ 价格偏离异常，暂停交易判断
2026-04-17 23:18:22,873 | ⚠️ 价格偏离异常，暂停交易判断
2026-04-17 23:18:23,385 | ⚠️ 价格偏离异常，暂停交易判断
2026-04-17 23:18:24,260 | ⚠️ 价格偏离异常，暂停交易判断
2026-04-17 23:18:24,595 | ⚠️ 价格偏离异常，暂停交易判断
2026-04-17 23:18:24,824 | ⚠️ 价格偏离异常，暂停交易判断
2026-04-17 23:18:25,111 | [价格] Last:77806.9 | Mark:77881.32870199 | 延迟:0.0s | aggDelay:0.3s
2026-04-17 23:18:25,112 | [开仓雷达] 1.震荡市:代码✅(评分:75) | 5K✅ | 2.基础✅(K:15 A:68.4 W:324.9) | 3.盈亏比✅(5.22≥1.3 需W>0.0) | 4.靠轨❌(多:❌ 空:❌) | 5.过滤❌(偏:bear 触:0 向:buy) | 6.时效✅(剩:36s) | ==> 综合: 多🔴 空🔴
2026-04-17 23:18:27,374 | [开仓雷达] 1.震荡市:代码✅(评分:75) | 5K✅ | 2.基础✅(K:15 A:68.4 W:324.9) | 3.盈亏比✅(5.22≥1.3 需W>0.0) | 4.靠轨❌(多:❌ 空:❌) | 5.过滤❌(偏:bear 触:0 向:buy) | 6.时效✅(剩:34s) | ==> 综合: 多🔴 空🔴
2026-04-17 23:18:27,664 | [余额同步] 本地模式，初始资金: 10000.0 U
2026-04-17 23:18:27,667 | [账户监控] 无持仓
2026-04-17 23:18:28,115 | ⚠️ 价格偏离异常，暂停交易判断
2026-04-17 23:18:28,357 | ⚠️ 价格偏离异常，暂停交易判断
2026-04-17 23:18:29,440 | ⚠️ 价格偏离异常，暂停交易判断
2026-04-17 23:18:29,589 | ⚠️ 价格偏离异常，暂停交易判断
2026-04-17 23:18:30,279 | ⚠️ 价格偏离异常，暂停交易判断
2026-04-17 23:18:30,383 | ⚠️ 价格偏离异常，暂停交易判断
2026-04-17 23:18:30,535 | ⚠️ 价格偏离异常，暂停交易判断
2026-04-17 23:18:30,892 | ⚠️ 价格偏离异常，暂停交易判断
2026-04-17 23:18:31,115 | ⚠️ 价格偏离异常，暂停交易判断
2026-04-17 23:18:31,232 | ⚠️ 价格偏离异常，暂停交易判断
2026-04-17 23:18:31,383 | ⚠️ 价格偏离异常，暂停交易判断
2026-04-17 23:18:31,676 | ⚠️ 价格偏离异常，暂停交易判断
2026-04-17 23:18:32,291 | ⚠️ 价格偏离异常，暂停交易判断
2026-04-17 23:18:32,890 | ⚠️ 价格偏离异常，暂停交易判断
2026-04-17 23:18:33,124 | ⚠️ 价格偏离异常，暂停交易判断
2026-04-17 23:18:33,470 | ⚠️ 价格偏离异常，暂停交易判断
2026-04-17 23:18:33,660 | ⚠️ 价格偏离异常，暂停交易判断
2026-04-17 23:18:33,862 | ⚠️ 价格偏离异常，暂停交易判断
2026-04-17 23:18:34,003 | ⚠️ 价格偏离异常，暂停交易判断
2026-04-17 23:18:34,095 | ⚠️ 价格偏离异常，暂停交易判断
2026-04-17 23:18:34,936 | ⚠️ 价格偏离异常，暂停交易判断
2026-04-17 23:18:35,601 | ⚠️ 价格偏离异常，暂停交易判断
2026-04-17 23:18:35,669 | [余额同步] 本地模式，初始资金: 10000.0 U
2026-04-17 23:18:35,669 | [账户监控] 无持仓
2026-04-17 23:18:35,890 | ⚠️ 价格偏离异常，暂停交易判断
2026-04-17 23:18:36,380 | ⚠️ 价格偏离异常，暂停交易判断
2026-04-17 23:18:36,678 | ⚠️ 价格偏离异常，暂停交易判断
2026-04-17 23:18:37,113 | ⚠️ 价格偏离异常，暂停交易判断
2026-04-17 23:18:37,767 | ⚠️ 价格偏离异常，暂停交易判断
2026-04-17 23:18:38,337 | ⚠️ 价格偏离异常，暂停交易判断
2026-04-17 23:18:38,500 | ⚠️ 价格偏离异常，暂停交易判断
2026-04-17 23:18:38,816 | ⚠️ 价格偏离异常，暂停交易判断
2026-04-17 23:18:39,202 | ⚠️ 价格偏离异常，暂停交易判断
2026-04-17 23:18:39,362 | ⚠️ 价格偏离异常，暂停交易判断
2026-04-17 23:18:39,580 | ⚠️ 价格偏离异常，暂停交易判断
2026-04-17 23:18:39,888 | ⚠️ 价格偏离异常，暂停交易判断
2026-04-17 23:18:40,104 | ⚠️ 价格偏离异常，暂停交易判断
2026-04-17 23:18:40,126 | [价格] Last:77806.9 | Mark:77884.62523007 | 延迟:0.0s | aggDelay:0.0s
2026-04-17 23:18:40,127 | [开仓雷达] 1.震荡市:代码✅(评分:75) | 5K✅ | 2.基础✅(K:15 A:68.4 W:324.9) | 3.盈亏比✅(5.22≥1.3 需W>0.0) | 4.靠轨❌(多:❌ 空:❌) | 5.过滤❌(偏:bear 触:0 向:buy) | 6.时效✅(剩:21s) | ==> 综合: 多🔴 空🔴
2026-04-17 23:18:42,212 | [开仓雷达] 1.震荡市:代码✅(评分:75) | 5K✅ | 2.基础✅(K:15 A:68.4 W:324.9) | 3.盈亏比✅(5.22≥1.3 需W>0.0) | 4.靠轨❌(多:❌ 空:❌) | 5.过滤❌(偏:bear 触:0 向:buy) | 6.时效✅(剩:19s) | ==> 综合: 多🔴 空🔴
2026-04-17 23:18:43,669 | [余额同步] 本地模式，初始资金: 10000.0 U
2026-04-17 23:18:43,670 | [账户监控] 无持仓
2026-04-17 23:18:44,446 | [开仓雷达] 1.震荡市:代码✅(评分:75) | 5K✅ | 2.基础✅(K:15 A:68.4 W:324.9) | 3.盈亏比✅(5.22≥1.3 需W>0.0) | 4.靠轨❌(多:❌ 空:❌) | 5.过滤❌(偏:bear 触:0 向:buy) | 6.时效✅(剩:17s) | ==> 综合: 多🔴 空🔴
2026-04-17 23:18:45,511 | [价格] Last:77806.8 | Mark:77862.5951404 | 延迟:0.0s | aggDelay:0.0s
2026-04-17 23:18:46,453 | [开仓雷达] 1.震荡市:代码✅(评分:75) | 5K✅ | 2.基础✅(K:15 A:68.4 W:324.9) | 3.盈亏比✅(5.22≥1.3 需W>0.0) | 4.靠轨❌(多:❌ 空:❌) | 5.过滤❌(偏:bear 触:0 向:buy) | 6.时效✅(剩:15s) | ==> 综合: 多🔴 空🔴
2026-04-17 23:18:48,799 | [开仓雷达] 1.震荡市:代码✅(评分:75) | 5K✅ | 2.基础✅(K:15 A:68.4 W:324.9) | 3.盈亏比✅(5.22≥1.3 需W>0.0) | 4.靠轨❌(多:❌ 空:❌) | 5.过滤❌(偏:neutral 触:0 向:buy) | 6.时效✅(剩:12s) | ==> 综合: 多🔴 空🔴
2026-04-17 23:18:50,796 | [价格] Last:77806.8 | Mark:77859.83348732 | 延迟:0.0s | aggDelay:0.0s
2026-04-17 23:18:50,953 | [开仓雷达] 1.震荡市:代码✅(评分:75) | 5K✅ | 2.基础✅(K:15 A:68.4 W:324.9) | 3.盈亏比✅(5.22≥1.3 需W>0.0) | 4.靠轨❌(多:❌ 空:❌) | 5.过滤❌(偏:neutral 触:0 向:buy) | 6.时效✅(剩:10s) | ==> 综合: 多🔴 空🔴
2026-04-17 23:18:51,671 | [余额同步] 本地模式，初始资金: 10000.0 U
2026-04-17 23:18:51,671 | [账户监控] 无持仓
2026-04-17 23:18:53,596 | [开仓雷达] 1.震荡市:代码✅(评分:75) | 5K✅ | 2.基础✅(K:15 A:68.4 W:324.9) | 3.盈亏比✅(5.22≥1.3 需W>0.0) | 4.靠轨❌(多:❌ 空:❌) | 5.过滤❌(偏:bear 触:0 向:buy) | 6.时效✅(剩:8s) | ==> 综合: 多🔴 空🔴
2026-04-17 23:18:55,710 | [开仓雷达] 1.震荡市:代码✅(评分:75) | 5K✅ | 2.基础✅(K:15 A:68.4 W:324.9) | 3.盈亏比✅(5.22≥1.3 需W>0.0) | 4.靠轨❌(多:❌ 空:❌) | 5.过滤❌(偏:bear 触:0 向:buy) | 6.时效✅(剩:5s) | ==> 综合: 多🔴 空🔴
2026-04-17 23:18:56,267 | [价格] Last:77806.9 | Mark:77861.37099909 | 延迟:0.0s | aggDelay:0.0s
2026-04-17 23:18:58,085 | [开仓雷达] 1.震荡市:代码✅(评分:75) | 5K✅ | 2.基础✅(K:15 A:68.4 W:324.9) | 3.盈亏比✅(5.22≥1.3 需W>0.0) | 4.靠轨❌(多:❌ 空:❌) | 5.过滤❌(偏:bull 触:0 向:buy) | 6.时效✅(剩:3s) | ==> 综合: 多🔴 空🔴
2026-04-17 23:18:59,672 | [余额同步] 本地模式，初始资金: 10000.0 U
2026-04-17 23:18:59,673 | [账户监控] 无持仓
2026-04-17 23:19:00,107 | [开仓雷达] 1.震荡市:代码✅(评分:75) | 5K✅ | 2.基础✅(K:15 A:68.4 W:324.9) | 3.盈亏比✅(5.22≥1.3 需W>0.0) | 4.靠轨❌(多:❌ 空:❌) | 5.过滤❌(偏:bull 触:0 向:buy) | 6.时效✅(剩:1s) | ==> 综合: 多🔴 空🔴
2026-04-17 23:19:01,531 | [价格] Last:77807.0 | Mark:77856.05999909 | 延迟:0.0s | aggDelay:0.0s
2026-04-17 23:19:02,359 | [开仓雷达] 1.震荡市:代码✅(评分:75) | 5K✅ | 2.基础✅(K:15 A:65.3 W:272.5) | 3.盈亏比✅(4.38≥1.3 需W>0.0) | 4.靠轨❌(多:❌ 空:❌) | 5.过滤❌(偏:bear 触:0 向:buy) | 6.时效✅(剩:119s) | ==> 综合: 多🔴 空🔴
2026-04-17 23:19:04,836 | [开仓雷达] 1.震荡市:代码✅(评分:75) | 5K✅ | 2.基础✅(K:15 A:65.3 W:272.5) | 3.盈亏比✅(4.38≥1.3 需W>0.0) | 4.靠轨❌(多:❌ 空:❌) | 5.过滤❌(偏:bull 触:0 向:buy) | 6.时效✅(剩:117s) | ==> 综合: 多🔴 空🔴
2026-04-17 23:19:06,573 | [价格] Last:77806.9 | Mark:77842.36798913 | 延迟:0.0s | aggDelay:0.0s
2026-04-17 23:19:07,097 | [开仓雷达] 1.震荡市:代码✅(评分:75) | 5K✅ | 2.基础✅(K:15 A:65.3 W:272.5) | 3.盈亏比✅(4.38≥1.3 需W>0.0) | 4.靠轨❌(多:❌ 空:❌) | 5.过滤❌(偏:bull 触:0 向:sell) | 6.时效✅(剩:114s) | ==> 综合: 多🔴 空🔴
2026-04-17 23:19:07,674 | [余额同步] 本地模式，初始资金: 10000.0 U
2026-04-17 23:19:07,675 | [账户监控] 无持仓
2026-04-17 23:19:09,803 | [开仓雷达] 1.震荡市:代码✅(评分:75) | 5K✅ | 2.基础✅(K:15 A:65.3 W:272.5) | 3.盈亏比✅(4.38≥1.3 需W>0.0) | 4.靠轨❌(多:❌ 空:❌) | 5.过滤❌(偏:bull 触:0 向:sell) | 6.时效✅(剩:112s) | ==> 综合: 多🔴 空🔴
2026-04-17 23:19:11,805 | [价格] Last:77806.9 | Mark:77790.64729257 | 延迟:0.0s | aggDelay:0.0s
2026-04-17 23:19:11,806 | [开仓雷达] 1.震荡市:代码✅(评分:75) | 5K✅ | 2.基础✅(K:15 A:65.3 W:272.5) | 3.盈亏比✅(4.38≥1.3 需W>0.0) | 4.靠轨❌(多:❌ 空:❌) | 5.过滤❌(偏:bull 触:0 向:sell) | 6.时效✅(剩:110s) | ==> 综合: 多🔴 空🔴
2026-04-17 23:19:14,706 | [开仓雷达] 1.震荡市:代码✅(评分:75) | 5K✅ | 2.基础✅(K:15 A:65.3 W:272.5) | 3.盈亏比✅(4.38≥1.3 需W>0.0) | 4.靠轨❌(多:❌ 空:❌) | 5.过滤❌(偏:bull 触:0 向:buy) | 6.时效✅(剩:107s) | ==> 综合: 多🔴 空🔴
2026-04-17 23:19:15,676 | [余额同步] 本地模式，初始资金: 10000.0 U
2026-04-17 23:19:15,679 | [账户监控] 无持仓
2026-04-17 23:19:17,142 | [价格] Last:77806.9 | Mark:77767.76516938 | 延迟:0.0s | aggDelay:0.0s
2026-04-17 23:19:17,142 | [开仓雷达] 1.震荡市:代码✅(评分:75) | 5K✅ | 2.基础✅(K:15 A:65.3 W:272.5) | 3.盈亏比✅(4.38≥1.3 需W>0.0) | 4.靠轨❌(多:❌ 空:❌) | 5.过滤❌(偏:bull 触:0 向:sell) | 6.时效✅(剩:104s) | ==> 综合: 多🔴 空🔴
2026-04-17 23:19:20,033 | [开仓雷达] 1.震荡市:代码✅(评分:75) | 5K✅ | 2.基础✅(K:15 A:65.3 W:272.5) | 3.盈亏比✅(4.38≥1.3 需W>0.0) | 4.靠轨❌(多:❌ 空:❌) | 5.过滤❌(偏:bull 触:0 向:sell) | 6.时效✅(剩:101s) | ==> 综合: 多🔴 空🔴
2026-04-17 23:19:22,110 | [开仓雷达] 1.震荡市:代码✅(评分:75) | 5K✅ | 2.基础✅(K:15 A:65.3 W:272.5) | 3.盈亏比✅(4.38≥1.3 需W>0.0) | 4.靠轨❌(多:❌ 空:❌) | 5.过滤❌(偏:bull 触:0 向:sell) | 6.时效✅(剩:99s) | ==> 综合: 多🔴 空🔴
2026-04-17 23:19:22,717 | [价格] Last:77807.0 | Mark:77769.1301096 | 延迟:0.0s | aggDelay:0.0s
2026-04-17 23:19:23,680 | [余额同步] 本地模式，初始资金: 10000.0 U
2026-04-17 23:19:23,680 | [账户监控] 无持仓
2026-04-17 23:19:24,144 | [开仓雷达] 1.震荡市:代码✅(评分:75) | 5K✅ | 2.基础✅(K:15 A:65.3 W:272.5) | 3.盈亏比✅(4.38≥1.3 需W>0.0) | 4.靠轨❌(多:❌ 空:❌) | 5.过滤❌(偏:bull 触:0 向:buy) | 6.时效✅(剩:97s) | ==> 综合: 多🔴 空🔴
2026-04-17 23:19:26,758 | [开仓雷达] 1.震荡市:代码✅(评分:75) | 5K✅ | 2.基础✅(K:15 A:65.3 W:272.5) | 3.盈亏比✅(4.38≥1.3 需W>0.0) | 4.靠轨❌(多:❌ 空:❌) | 5.过滤❌(偏:bull 触:0 向:sell) | 6.时效✅(剩:95s) | ==> 综合: 多🔴 空🔴
2026-04-17 23:19:27,123 | ⚠️ 价格偏离异常，暂停交易判断
2026-04-17 23:19:27,374 | ⚠️ 价格偏离异常，暂停交易判断
2026-04-17 23:19:27,771 | [价格] Last:77808.0 | Mark:77763.4177183 | 延迟:0.0s | aggDelay:0.0s
2026-04-17 23:19:29,099 | [开仓雷达] 1.震荡市:代码✅(评分:75) | 5K✅ | 2.基础✅(K:15 A:65.3 W:272.5) | 3.盈亏比✅(4.38≥1.3 需W>0.0) | 4.靠轨❌(多:❌ 空:❌) | 5.过滤❌(偏:bear 触:0 向:sell) | 6.时效✅(剩:92s) | ==> 综合: 多🔴 空🔴
2026-04-17 23:19:29,437 | ⚠️ 价格偏离异常，暂停交易判断
2026-04-17 23:19:31,123 | [开仓雷达] 1.震荡市:代码✅(评分:75) | 5K✅ | 2.基础✅(K:15 A:65.3 W:272.5) | 3.盈亏比✅(4.38≥1.3 需W>0.0) | 4.靠轨❌(多:❌ 空:❌) | 5.过滤❌(偏:bull 触:0 向:sell) | 6.时效✅(剩:90s) | ==> 综合: 多🔴 空🔴
2026-04-17 23:19:31,681 | [余额同步] 本地模式，初始资金: 10000.0 U
2026-04-17 23:19:31,682 | [账户监控] 无持仓
2026-04-17 23:19:33,052 | [价格] Last:77815.9 | Mark:77751.18827536 | 延迟:0.0s | aggDelay:0.0s
2026-04-17 23:19:33,209 | [开仓雷达] 1.震荡市:代码✅(评分:75) | 5K✅ | 2.基础✅(K:15 A:65.3 W:272.5) | 3.盈亏比✅(4.38≥1.3 需W>0.0) | 4.靠轨❌(多:❌ 空:❌) | 5.过滤❌(偏:bull 触:0 向:sell) | 6.时效✅(剩:88s) | ==> 综合: 多🔴 空🔴
2026-04-17 23:19:33,835 | ⚠️ 价格偏离异常，暂停交易判断
2026-04-17 23:19:35,085 | ⚠️ 价格偏离异常，暂停交易判断
2026-04-17 23:19:35,357 | [开仓雷达] 1.震荡市:代码✅(评分:75) | 5K✅ | 2.基础✅(K:15 A:65.3 W:272.5) | 3.盈亏比✅(4.38≥1.3 需W>0.0) | 4.靠轨❌(多:❌ 空:❌) | 5.过滤❌(偏:bear 触:0 向:sell) | 6.时效✅(剩:86s) | ==> 综合: 多🔴 空🔴
2026-04-17 23:19:36,578 | ⚠️ 价格偏离异常，暂停交易判断
2026-04-17 23:19:37,462 | [开仓雷达] 1.震荡市:代码✅(评分:75) | 5K✅ | 2.基础✅(K:15 A:65.3 W:272.5) | 3.盈亏比✅(4.38≥1.3 需W>0.0) | 4.靠轨❌(多:❌ 空:❌) | 5.过滤❌(偏:bull 触:0 向:sell) | 6.时效✅(剩:84s) | ==> 综合: 多🔴 空🔴
2026-04-17 23:19:38,052 | [价格] Last:77794.1 | Mark:77756.43184601 | 延迟:0.0s | aggDelay:0.0s
2026-04-17 23:19:38,355 | ⚠️ 价格偏离异常，暂停交易判断
2026-04-17 23:19:39,435 | ⚠️ 价格偏离异常，暂停交易判断
2026-04-17 23:19:39,683 | [余额同步] 本地模式，初始资金: 10000.0 U
2026-04-17 23:19:39,684 | [账户监控] 无持仓
2026-04-17 23:19:40,129 | [开仓雷达] 1.震荡市:代码✅(评分:75) | 5K✅ | 2.基础✅(K:15 A:65.3 W:272.5) | 3.盈亏比✅(4.38≥1.3 需W>0.0) | 4.靠轨❌(多:❌ 空:❌) | 5.过滤❌(偏:bull 触:0 向:sell) | 6.时效✅(剩:81s) | ==> 综合: 多🔴 空🔴
2026-04-17 23:19:40,390 | ⚠️ 价格偏离异常，暂停交易判断
2026-04-17 23:19:40,952 | ⚠️ 价格偏离异常，暂停交易判断
2026-04-17 23:19:42,192 | [开仓雷达] 1.震荡市:代码✅(评分:75) | 5K✅ | 2.基础✅(K:15 A:65.3 W:272.5) | 3.盈亏比✅(4.38≥1.3 需W>0.0) | 4.靠轨❌(多:❌ 空:❌) | 5.过滤❌(偏:bear 触:0 向:sell) | 6.时效✅(剩:79s) | ==> 综合: 多🔴 空🔴
2026-04-17 23:19:42,538 | ⚠️ 价格偏离异常，暂停交易判断
2026-04-17 23:19:43,114 | [价格] Last:77789.5 | Mark:77751.27561322 | 延迟:0.0s | aggDelay:0.4s
2026-04-17 23:19:43,870 | ⚠️ 价格偏离异常，暂停交易判断
2026-04-17 23:19:44,043 | ⚠️ 价格偏离异常，暂停交易判断
2026-04-17 23:19:44,205 | ⚠️ 价格偏离异常，暂停交易判断
2026-04-17 23:19:44,975 | [开仓雷达] 1.震荡市:代码✅(评分:75) | 5K✅ | 2.基础✅(K:15 A:65.3 W:272.5) | 3.盈亏比✅(4.38≥1.3 需W>0.0) | 4.靠轨❌(多:❌ 空:❌) | 5.过滤❌(偏:bear 触:0 向:sell) | 6.时效✅(剩:77s) | ==> 综合: 多🔴 空🔴
2026-04-17 23:19:47,267 | [开仓雷达] 1.震荡市:代码✅(评分:75) | 5K✅ | 2.基础✅(K:15 A:65.3 W:272.5) | 3.盈亏比✅(4.38≥1.3 需W>0.0) | 4.靠轨❌(多:❌ 空:❌) | 5.过滤❌(偏:bull 触:0 向:sell) | 6.时效✅(剩:74s) | ==> 综合: 多🔴 空🔴
2026-04-17 23:19:47,684 | [余额同步] 本地模式，初始资金: 10000.0 U
2026-04-17 23:19:47,686 | [账户监控] 无持仓
2026-04-17 23:19:48,138 | [价格] Last:77800.1 | Mark:77757.20421377 | 延迟:0.0s | aggDelay:0.0s
2026-04-17 23:19:49,288 | [开仓雷达] 1.震荡市:代码✅(评分:75) | 5K✅ | 2.基础✅(K:15 A:65.3 W:272.5) | 3.盈亏比✅(4.38≥1.3 需W>0.0) | 4.靠轨❌(多:❌ 空:❌) | 5.过滤❌(偏:bear 触:0 向:sell) | 6.时效✅(剩:72s) | ==> 综合: 多🔴 空🔴
2026-04-17 23:19:51,387 | [开仓雷达] 1.震荡市:代码✅(评分:75) | 5K✅ | 2.基础✅(K:15 A:65.3 W:272.5) | 3.盈亏比✅(4.38≥1.3 需W>0.0) | 4.靠轨❌(多:❌ 空:❌) | 5.过滤❌(偏:bear 触:0 向:sell) | 6.时效✅(剩:70s) | ==> 综合: 多🔴 空🔴
2026-04-17 23:19:53,268 | [价格] Last:77800.1 | Mark:77784.8 | 延迟:0.0s | aggDelay:0.0s
2026-04-17 23:19:54,153 | [开仓雷达] 1.震荡市:代码✅(评分:75) | 5K✅ | 2.基础✅(K:15 A:65.3 W:272.5) | 3.盈亏比✅(4.38≥1.3 需W>0.0) | 4.靠轨❌(多:❌ 空:❌) | 5.过滤❌(偏:bear 触:0 向:sell) | 6.时效✅(剩:67s) | ==> 综合: 多🔴 空🔴
2026-04-17 23:19:55,688 | [余额同步] 本地模式，初始资金: 10000.0 U
2026-04-17 23:19:55,690 | [账户监控] 无持仓
2026-04-17 23:19:56,158 | [开仓雷达] 1.震荡市:代码✅(评分:75) | 5K✅ | 2.基础✅(K:15 A:65.3 W:272.5) | 3.盈亏比✅(4.38≥1.3 需W>0.0) | 4.靠轨❌(多:❌ 空:❌) | 5.过滤❌(偏:bear 触:0 向:buy) | 6.时效✅(剩:65s) | ==> 综合: 多🔴 空🔴
2026-04-17 23:19:58,268 | [开仓雷达] 1.震荡市:代码✅(评分:75) | 5K✅ | 2.基础✅(K:15 A:65.3 W:272.5) | 3.盈亏比✅(4.38≥1.3 需W>0.0) | 4.靠轨❌(多:❌ 空:❌) | 5.过滤❌(偏:bear 触:0 向:buy) | 6.时效✅(剩:63s) | ==> 综合: 多🔴 空🔴
2026-04-17 23:19:58,416 | [价格] Last:77784.6 | Mark:77818.9 | 延迟:0.0s | aggDelay:0.0s
2026-04-17 23:20:00,303 | [开仓雷达] 1.震荡市:代码✅(评分:75) | 5K✅ | 2.基础✅(K:15 A:65.3 W:272.5) | 3.盈亏比✅(4.38≥1.3 需W>0.0) | 4.靠轨❌(多:❌ 空:❌) | 5.过滤❌(偏:bear 触:0 向:buy) | 6.时效✅(剩:61s) | ==> 综合: 多🔴 空🔴
2026-04-17 23:20:02,537 | [开仓雷达] 1.震荡市:代码✅(评分:60) | 5K✅ | 2.基础✅(K:15 A:56.9 W:230.4) | 3.盈亏比✅(3.70≥1.3 需W>0.0) | 4.靠轨❌(多:❌ 空:❌) | 5.过滤❌(偏:bull 触:0 向:buy) | 6.时效✅(剩:119s) | ==> 综合: 多🔴 空🔴
2026-04-17 23:20:03,438 | [价格] Last:77817.0 | Mark:77818.6 | 延迟:0.0s | aggDelay:0.0s
2026-04-17 23:20:03,698 | [余额同步] 本地模式，初始资金: 10000.0 U
2026-04-17 23:20:03,699 | [账户监控] 无持仓
2026-04-17 23:20:04,838 | [开仓雷达] 1.震荡市:代码✅(评分:60) | 5K✅ | 2.基础✅(K:15 A:56.9 W:230.4) | 3.盈亏比✅(3.70≥1.3 需W>0.0) | 4.靠轨❌(多:❌ 空:❌) | 5.过滤❌(偏:bull 触:0 向:sell) | 6.时效✅(剩:116s) | ==> 综合: 多🔴 空🔴
2026-04-17 23:20:06,938 | [开仓雷达] 1.震荡市:代码✅(评分:60) | 5K✅ | 2.基础✅(K:15 A:56.9 W:230.4) | 3.盈亏比✅(3.70≥1.3 需W>0.0) | 4.靠轨❌(多:❌ 空:❌) | 5.过滤❌(偏:bull 触:0 向:sell) | 6.时效✅(剩:114s) | ==> 综合: 多🔴 空🔴
2026-04-17 23:20:08,826 | [价格] Last:77813.2 | Mark:77826.9 | 延迟:0.0s | aggDelay:0.0s
2026-04-17 23:20:08,999 | [开仓雷达] 1.震荡市:代码✅(评分:60) | 5K✅ | 2.基础✅(K:15 A:56.9 W:230.4) | 3.盈亏比✅(3.70≥1.3 需W>0.0) | 4.靠轨❌(多:❌ 空:❌) | 5.过滤❌(偏:bear 触:0 向:sell) | 6.时效✅(剩:112s) | ==> 综合: 多🔴 空🔴
2026-04-17 23:20:11,225 | [开仓雷达] 1.震荡市:代码✅(评分:60) | 5K✅ | 2.基础✅(K:15 A:56.9 W:230.4) | 3.盈亏比✅(3.70≥1.3 需W>0.0) | 4.靠轨❌(多:❌ 空:❌) | 5.过滤❌(偏:bear 触:0 向:sell) | 6.时效✅(剩:110s) | ==> 综合: 多🔴 空🔴
2026-04-17 23:20:11,718 | [余额同步] 本地模式，初始资金: 10000.0 U
2026-04-17 23:20:11,721 | [账户监控] 无持仓
2026-04-17 23:20:13,451 | [开仓雷达] 1.震荡市:代码✅(评分:60) | 5K✅ | 2.基础✅(K:15 A:56.9 W:230.4) | 3.盈亏比✅(3.70≥1.3 需W>0.0) | 4.靠轨❌(多:❌ 空:❌) | 5.过滤❌(偏:bear 触:0 向:buy) | 6.时效✅(剩:108s) | ==> 综合: 多🔴 空🔴
2026-04-17 23:20:13,943 | [价格] Last:77818.8 | Mark:77809.6 | 延迟:0.0s | aggDelay:0.0s
2026-04-17 23:20:15,571 | [开仓雷达] 1.震荡市:代码✅(评分:60) | 5K✅ | 2.基础✅(K:15 A:56.9 W:230.4) | 3.盈亏比✅(3.70≥1.3 需W>0.0) | 4.靠轨❌(多:❌ 空:❌) | 5.过滤❌(偏:bear 触:0 向:buy) | 6.时效✅(剩:106s) | ==> 综合: 多🔴 空🔴
2026-04-17 23:20:18,750 | [开仓雷达] 1.震荡市:代码✅(评分:60) | 5K✅ | 2.基础✅(K:15 A:56.9 W:230.4) | 3.盈亏比✅(3.70≥1.3 需W>0.0) | 4.靠轨❌(多:❌ 空:❌) | 5.过滤❌(偏:bull 触:0 向:buy) | 6.时效✅(剩:103s) | ==> 综合: 多🔴 空🔴
2026-04-17 23:20:19,122 | [价格] Last:77818.9 | Mark:77843.9 | 延迟:0.0s | aggDelay:0.4s
2026-04-17 23:20:19,722 | [余额同步] 本地模式，初始资金: 10000.0 U
2026-04-17 23:20:19,722 | [账户监控] 无持仓
2026-04-17 23:20:21,033 | [开仓雷达] 1.震荡市:代码✅(评分:60) | 5K✅ | 2.基础✅(K:15 A:56.9 W:230.4) | 3.盈亏比✅(3.70≥1.3 需W>0.0) | 4.靠轨❌(多:❌ 空:❌) | 5.过滤❌(偏:bull 触:0 向:buy) | 6.时效✅(剩:100s) | ==> 综合: 多🔴 空🔴
2026-04-17 23:20:23,072 | [开仓雷达] 1.震荡市:代码✅(评分:60) | 5K✅ | 2.基础✅(K:15 A:56.9 W:230.4) | 3.盈亏比✅(3.70≥1.3 需W>0.0) | 4.靠轨❌(多:❌ 空:❌) | 5.过滤❌(偏:bull 触:0 向:buy) | 6.时效✅(剩:98s) | ==> 综合: 多🔴 空🔴
2026-04-17 23:20:24,278 | [价格] Last:77826.9 | Mark:77848.9 | 延迟:0.0s | aggDelay:0.0s
2026-04-17 23:20:25,146 | [开仓雷达] 1.震荡市:代码✅(评分:60) | 5K✅ | 2.基础✅(K:15 A:56.9 W:230.4) | 3.盈亏比✅(3.70≥1.3 需W>0.0) | 4.靠轨❌(多:❌ 空:❌) | 5.过滤❌(偏:bull 触:0 向:buy) | 6.时效✅(剩:96s) | ==> 综合: 多🔴 空🔴
2026-04-17 23:20:27,488 | [开仓雷达] 1.震荡市:代码✅(评分:60) | 5K✅ | 2.基础✅(K:15 A:56.9 W:230.4) | 3.盈亏比✅(3.70≥1.3 需W>0.0) | 4.靠轨❌(多:❌ 空:❌) | 5.过滤❌(偏:bull 触:0 向:buy) | 6.时效✅(剩:94s) | ==> 综合: 多🔴 空🔴
2026-04-17 23:20:27,723 | [余额同步] 本地模式，初始资金: 10000.0 U
2026-04-17 23:20:27,724 | [账户监控] 无持仓
2026-04-17 23:20:29,322 | [价格] Last:77828.9 | Mark:77825.16440217 | 延迟:0.0s | aggDelay:0.0s
2026-04-17 23:20:29,502 | [开仓雷达] 1.震荡市:代码✅(评分:60) | 5K✅ | 2.基础✅(K:15 A:56.9 W:230.4) | 3.盈亏比✅(3.70≥1.3 需W>0.0) | 4.靠轨❌(多:❌ 空:❌) | 5.过滤❌(偏:bull 触:0 向:sell) | 6.时效✅(剩:92s) | ==> 综合: 多🔴 空🔴
2026-04-17 23:20:32,057 | [开仓雷达] 1.震荡市:代码✅(评分:60) | 5K✅ | 2.基础✅(K:15 A:56.9 W:230.4) | 3.盈亏比✅(3.70≥1.3 需W>0.0) | 4.靠轨❌(多:❌ 空:❌) | 5.过滤❌(偏:bull 触:0 向:buy) | 6.时效✅(剩:89s) | ==> 综合: 多🔴 空🔴
2026-04-17 23:20:34,072 | [开仓雷达] 1.震荡市:代码✅(评分:60) | 5K✅ | 2.基础✅(K:15 A:56.9 W:230.4) | 3.盈亏比✅(3.70≥1.3 需W>0.0) | 4.靠轨❌(多:❌ 空:❌) | 5.过滤❌(偏:bull 触:0 向:sell) | 6.时效✅(剩:87s) | ==> 综合: 多🔴 空🔴
2026-04-17 23:20:34,561 | [价格] Last:77841.9 | Mark:77837.0 | 延迟:0.0s | aggDelay:0.0s
2026-04-17 23:20:35,730 | [余额同步] 本地模式，初始资金: 10000.0 U
2026-04-17 23:20:35,736 | [账户监控] 无持仓
2026-04-17 23:20:36,400 | [开仓雷达] 1.震荡市:代码✅(评分:60) | 5K✅ | 2.基础✅(K:15 A:56.9 W:230.4) | 3.盈亏比✅(3.70≥1.3 需W>0.0) | 4.靠轨❌(多:❌ 空:❌) | 5.过滤❌(偏:bull 触:0 向:buy) | 6.时效✅(剩:85s) | ==> 综合: 多🔴 空🔴
2026-04-17 23:20:38,938 | [开仓雷达] 1.震荡市:代码✅(评分:60) | 5K✅ | 2.基础✅(K:15 A:56.9 W:230.4) | 3.盈亏比✅(3.70≥1.3 需W>0.0) | 4.靠轨❌(多:❌ 空:❌) | 5.过滤❌(偏:bull 触:0 向:buy) | 6.时效✅(剩:82s) | ==> 综合: 多🔴 空🔴
2026-04-17 23:20:40,131 | [价格] Last:77845.2 | Mark:77846.0 | 延迟:0.0s | aggDelay:0.8s
2026-04-17 23:20:40,956 | [开仓雷达] 1.震荡市:代码✅(评分:60) | 5K✅ | 2.基础✅(K:15 A:56.9 W:230.4) | 3.盈亏比✅(3.70≥1.3 需W>0.0) | 4.靠轨❌(多:❌ 空:❌) | 5.过滤❌(偏:bull 触:0 向:sell) | 6.时效✅(剩:80s) | ==> 综合: 多🔴 空🔴
2026-04-17 23:20:42,986 | [开仓雷达] 1.震荡市:代码✅(评分:60) | 5K✅ | 2.基础✅(K:15 A:56.9 W:230.4) | 3.盈亏比✅(3.70≥1.3 需W>0.0) | 4.靠轨❌(多:❌ 空:❌) | 5.过滤❌(偏:bull 触:0 向:sell) | 6.时效✅(剩:78s) | ==> 综合: 多🔴 空🔴
2026-04-17 23:20:43,737 | [余额同步] 本地模式，初始资金: 10000.0 U
2026-04-17 23:20:43,738 | [账户监控] 无持仓
2026-04-17 23:20:45,141 | [价格] Last:77841.2 | Mark:77819.97969203 | 延迟:0.0s | aggDelay:0.0s
2026-04-17 23:20:45,141 | [开仓雷达] 1.震荡市:代码✅(评分:60) | 5K✅ | 2.基础✅(K:15 A:56.9 W:230.4) | 3.盈亏比✅(3.70≥1.3 需W>0.0) | 4.靠轨❌(多:❌ 空:❌) | 5.过滤❌(偏:bull 触:0 向:sell) | 6.时效✅(剩:76s) | ==> 综合: 多🔴 空🔴
2026-04-17 23:20:47,468 | [开仓雷达] 1.震荡市:代码✅(评分:60) | 5K✅ | 2.基础✅(K:15 A:56.9 W:230.4) | 3.盈亏比✅(3.70≥1.3 需W>0.0) | 4.靠轨❌(多:❌ 空:❌) | 5.过滤❌(偏:bear 触:0 向:buy) | 6.时效✅(剩:74s) | ==> 综合: 多🔴 空🔴
2026-04-17 23:20:49,523 | [开仓雷达] 1.震荡市:代码✅(评分:60) | 5K✅ | 2.基础✅(K:15 A:56.9 W:230.4) | 3.盈亏比✅(3.70≥1.3 需W>0.0) | 4.靠轨❌(多:❌ 空:❌) | 5.过滤❌(偏:bull 触:0 向:sell) | 6.时效✅(剩:72s) | ==> 综合: 多🔴 空🔴
2026-04-17 23:20:50,218 | [价格] Last:77828.9 | Mark:77788.98873188 | 延迟:0.0s | aggDelay:0.0s
2026-04-17 23:20:51,738 | [余额同步] 本地模式，初始资金: 10000.0 U
2026-04-17 23:20:51,739 | [账户监控] 无持仓
2026-04-17 23:20:52,098 | [开仓雷达] 1.震荡市:代码✅(评分:60) | 5K✅ | 2.基础✅(K:15 A:56.9 W:230.4) | 3.盈亏比✅(3.70≥1.3 需W>0.0) | 4.靠轨❌(多:❌ 空:❌) | 5.过滤❌(偏:bear 触:0 向:sell) | 6.时效✅(剩:69s) | ==> 综合: 多🔴 空🔴
2026-04-17 23:20:54,525 | [开仓雷达] 1.震荡市:代码✅(评分:60) | 5K✅ | 2.基础✅(K:15 A:56.9 W:230.4) | 3.盈亏比✅(3.70≥1.3 需W>0.0) | 4.靠轨❌(多:❌ 空:❌) | 5.过滤❌(偏:bear 触:0 向:sell) | 6.时效✅(剩:67s) | ==> 综合: 多🔴 空🔴
2026-04-17 23:20:55,537 | [价格] Last:77829.0 | Mark:77796.37695652 | 延迟:0.0s | aggDelay:0.0s
2026-04-17 23:20:57,124 | [开仓雷达] 1.震荡市:代码✅(评分:60) | 5K✅ | 2.基础✅(K:15 A:56.9 W:230.4) | 3.盈亏比✅(3.70≥1.3 需W>0.0) | 4.靠轨❌(多:❌ 空:❌) | 5.过滤❌(偏:bear 触:0 向:sell) | 6.时效✅(剩:64s) | ==> 综合: 多🔴 空🔴
2026-04-17 23:20:59,259 | [开仓雷达] 1.震荡市:代码✅(评分:60) | 5K✅ | 2.基础✅(K:15 A:56.9 W:230.4) | 3.盈亏比✅(3.70≥1.3 需W>0.0) | 4.靠轨❌(多:❌ 空:❌) | 5.过滤❌(偏:bear 触:0 向:buy) | 6.时效✅(剩:62s) | ==> 综合: 多🔴 空🔴
2026-04-17 23:20:59,740 | [余额同步] 本地模式，初始资金: 10000.0 U
2026-04-17 23:20:59,740 | [账户监控] 无持仓
2026-04-17 23:21:00,734 | [价格] Last:77829.0 | Mark:77800.3 | 延迟:0.0s | aggDelay:0.0s
2026-04-17 23:21:01,539 | [开仓雷达] 1.震荡市:代码✅(评分:70) | 5K✅ | 2.基础✅(K:15 A:40.9 W:194.1) | 3.盈亏比✅(3.12≥1.3 需W>0.0) | 4.靠轨❌(多:❌ 空:❌) | 5.过滤❌(偏:bear 触:0 向:sell) | 6.时效✅(剩:120s) | ==> 综合: 多🔴 空🔴
2026-04-17 23:21:03,615 | [开仓雷达] 1.震荡市:代码✅(评分:70) | 5K✅ | 2.基础✅(K:15 A:40.9 W:194.1) | 3.盈亏比✅(3.12≥1.3 需W>0.0) | 4.靠轨❌(多:❌ 空:❌) | 5.过滤❌(偏:bear 触:0 向:buy) | 6.时效✅(剩:118s) | ==> 综合: 多🔴 空🔴
2026-04-17 23:21:05,902 | [价格] Last:77828.9 | Mark:77798.2938587 | 延迟:0.0s | aggDelay:0.0s
2026-04-17 23:21:05,903 | [开仓雷达] 1.震荡市:代码✅(评分:70) | 5K✅ | 2.基础✅(K:15 A:40.9 W:194.1) | 3.盈亏比✅(3.12≥1.3 需W>0.0) | 4.靠轨❌(多:❌ 空:❌) | 5.过滤❌(偏:bear 触:0 向:sell) | 6.时效✅(剩:116s) | ==> 综合: 多🔴 空🔴
2026-04-17 23:21:07,741 | [余额同步] 本地模式，初始资金: 10000.0 U
2026-04-17 23:21:07,741 | [账户监控] 无持仓
2026-04-17 23:21:08,117 | [开仓雷达] 1.震荡市:代码✅(评分:70) | 5K✅ | 2.基础✅(K:15 A:40.9 W:194.1) | 3.盈亏比✅(3.12≥1.3 需W>0.0) | 4.靠轨❌(多:❌ 空:❌) | 5.过滤❌(偏:bear 触:0 向:sell) | 6.时效✅(剩:113s) | ==> 综合: 多🔴 空🔴
2026-04-17 23:21:10,125 | [开仓雷达] 1.震荡市:代码✅(评分:70) | 5K✅ | 2.基础✅(K:15 A:40.9 W:194.1) | 3.盈亏比✅(3.12≥1.3 需W>0.0) | 4.靠轨❌(多:❌ 空:❌) | 5.过滤❌(偏:bear 触:0 向:sell) | 6.时效✅(剩:111s) | ==> 综合: 多🔴 空🔴
2026-04-17 23:21:11,402 | [价格] Last:77828.9 | Mark:77797.96688406 | 延迟:0.0s | aggDelay:0.0s
2026-04-17 23:21:12,382 | [开仓雷达] 1.震荡市:代码✅(评分:70) | 5K✅ | 2.基础✅(K:15 A:40.9 W:194.1) | 3.盈亏比✅(3.12≥1.3 需W>0.0) | 4.靠轨❌(多:❌ 空:❌) | 5.过滤❌(偏:bear 触:0 向:sell) | 6.时效✅(剩:109s) | ==> 综合: 多🔴 空🔴
2026-04-17 23:21:14,502 | [开仓雷达] 1.震荡市:代码✅(评分:70) | 5K✅ | 2.基础✅(K:15 A:40.9 W:194.1) | 3.盈亏比✅(3.12≥1.3 需W>0.0) | 4.靠轨❌(多:❌ 空:❌) | 5.过滤❌(偏:bear 触:0 向:sell) | 6.时效✅(剩:107s) | ==> 综合: 多🔴 空🔴
2026-04-17 23:21:15,742 | [余额同步] 本地模式，初始资金: 10000.0 U
2026-04-17 23:21:15,743 | [账户监控] 无持仓
2026-04-17 23:21:16,517 | [价格] Last:77794.0 | Mark:77792.1 | 延迟:0.0s | aggDelay:0.0s
2026-04-17 23:21:16,518 | [开仓雷达] 1.震荡市:代码✅(评分:75) | 5K✅ | 2.基础✅(K:15 A:40.9 W:194.1) | 3.盈亏比✅(3.12≥1.3 需W>0.0) | 4.靠轨❌(多:❌ 空:❌) | 5.过滤✅(偏:bull 触:4 向:sell) | 6.时效✅(剩:105s) | ==> 综合: 多🔴 空🔴
2026-04-17 23:21:18,883 | [开仓雷达] 1.震荡市:代码✅(评分:75) | 5K✅ | 2.基础✅(K:15 A:40.9 W:194.1) | 3.盈亏比✅(3.12≥1.3 需W>0.0) | 4.靠轨❌(多:❌ 空:❌) | 5.过滤✅(偏:bull 触:7 向:sell) | 6.时效✅(剩:103s) | ==> 综合: 多🔴 空🔴
2026-04-17 23:21:21,572 | [价格] Last:77820.3 | Mark:77803.2 | 延迟:0.0s | aggDelay:0.0s
2026-04-17 23:21:21,573 | [开仓雷达] 1.震荡市:代码✅(评分:75) | 5K✅ | 2.基础✅(K:15 A:40.9 W:194.1) | 3.盈亏比✅(3.12≥1.3 需W>0.0) | 4.靠轨❌(多:❌ 空:❌) | 5.过滤✅(偏:bull 触:10 向:buy) | 6.时效✅(剩:100s) | ==> 综合: 多🔴 空🔴
2026-04-17 23:21:23,719 | [开仓雷达] 1.震荡市:代码✅(评分:75) | 5K✅ | 2.基础✅(K:15 A:40.9 W:194.1) | 3.盈亏比✅(3.12≥1.3 需W>0.0) | 4.靠轨❌(多:❌ 空:❌) | 5.过滤✅(偏:bull 触:10 向:sell) | 6.时效✅(剩:98s) | ==> 综合: 多🔴 空🔴
2026-04-17 23:21:23,745 | [余额同步] 本地模式，初始资金: 10000.0 U
2026-04-17 23:21:23,747 | [账户监控] 无持仓
2026-04-17 23:21:25,832 | [开仓雷达] 1.震荡市:代码✅(评分:75) | 5K✅ | 2.基础✅(K:15 A:40.9 W:194.1) | 3.盈亏比✅(3.12≥1.3 需W>0.0) | 4.靠轨❌(多:❌ 空:❌) | 5.过滤✅(偏:bull 触:10 向:buy) | 6.时效✅(剩:96s) | ==> 综合: 多🔴 空🔴
2026-04-17 23:21:27,003 | [价格] Last:77795.5 | Mark:77786.52179348 | 延迟:0.0s | aggDelay:0.0s
2026-04-17 23:21:27,898 | [开仓雷达] 1.震荡市:代码✅(评分:75) | 5K✅ | 2.基础✅(K:15 A:40.9 W:194.1) | 3.盈亏比✅(3.12≥1.3 需W>0.0) | 4.靠轨❌(多:❌ 空:❌) | 5.过滤✅(偏:bull 触:10 向:sell) | 6.时效✅(剩:94s) | ==> 综合: 多🔴 空🔴
2026-04-17 23:21:30,541 | [开仓雷达] 1.震荡市:代码✅(评分:75) | 5K✅ | 2.基础✅(K:15 A:40.9 W:194.1) | 3.盈亏比✅(3.12≥1.3 需W>0.0) | 4.靠轨❌(多:❌ 空:❌) | 5.过滤✅(偏:bull 触:10 向:sell) | 6.时效✅(剩:91s) | ==> 综合: 多🔴 空🔴
2026-04-17 23:21:31,748 | [余额同步] 本地模式，初始资金: 10000.0 U
2026-04-17 23:21:31,748 | [账户监控] 无持仓
2026-04-17 23:21:32,340 | [价格] Last:77802.4 | Mark:77786.44523551 | 延迟:0.0s | aggDelay:0.0s
2026-04-17 23:21:32,585 | [开仓雷达] 1.震荡市:代码✅(评分:75) | 5K✅ | 2.基础✅(K:15 A:40.9 W:194.1) | 3.盈亏比✅(3.12≥1.3 需W>0.0) | 4.靠轨❌(多:❌ 空:❌) | 5.过滤✅(偏:bull 触:10 向:sell) | 6.时效✅(剩:89s) | ==> 综合: 多🔴 空🔴
2026-04-17 23:21:34,649 | [开仓雷达] 1.震荡市:代码✅(评分:75) | 5K✅ | 2.基础✅(K:15 A:40.9 W:194.1) | 3.盈亏比✅(3.12≥1.3 需W>0.0) | 4.靠轨❌(多:❌ 空:❌) | 5.过滤✅(偏:neutral 触:10 向:sell) | 6.时效✅(剩:87s) | ==> 综合: 多🔴 空🔴
2026-04-17 23:21:36,914 | [开仓雷达] 1.震荡市:代码✅(评分:75) | 5K✅ | 2.基础✅(K:15 A:40.9 W:194.1) | 3.盈亏比✅(3.12≥1.3 需W>0.0) | 4.靠轨❌(多:❌ 空:❌) | 5.过滤✅(偏:bull 触:10 向:buy) | 6.时效✅(剩:85s) | ==> 综合: 多🔴 空🔴
2026-04-17 23:21:37,448 | [价格] Last:77800.0 | Mark:77809.67094203 | 延迟:0.0s | aggDelay:0.0s
2026-04-17 23:21:39,133 | [开仓雷达] 1.震荡市:代码✅(评分:75) | 5K✅ | 2.基础✅(K:15 A:40.9 W:194.1) | 3.盈亏比✅(3.12≥1.3 需W>0.0) | 4.靠轨❌(多:❌ 空:❌) | 5.过滤✅(偏:bull 触:10 向:buy) | 6.时效✅(剩:82s) | ==> 综合: 多🔴 空🔴
2026-04-17 23:21:39,750 | [余额同步] 本地模式，初始资金: 10000.0 U
2026-04-17 23:21:39,752 | [账户监控] 无持仓
2026-04-17 23:21:42,295 | [开仓雷达] 1.震荡市:代码✅(评分:75) | 5K✅ | 2.基础✅(K:15 A:40.9 W:194.1) | 3.盈亏比✅(3.12≥1.3 需W>0.0) | 4.靠轨❌(多:❌ 空:❌) | 5.过滤✅(偏:bull 触:10 向:buy) | 6.时效✅(剩:79s) | ==> 综合: 多🔴 空🔴
2026-04-17 23:21:42,560 | [价格] Last:77845.1 | Mark:77830.0 | 延迟:0.0s | aggDelay:0.0s
2026-04-17 23:21:44,628 | [开仓雷达] 1.震荡市:代码✅(评分:75) | 5K✅ | 2.基础✅(K:15 A:40.9 W:194.1) | 3.盈亏比✅(3.12≥1.3 需W>0.0) | 4.靠轨❌(多:❌ 空:❌) | 5.过滤✅(偏:bear 触:10 向:sell) | 6.时效✅(剩:77s) | ==> 综合: 多🔴 空🔴
2026-04-17 23:21:46,938 | [开仓雷达] 1.震荡市:代码✅(评分:75) | 5K✅ | 2.基础✅(K:15 A:40.9 W:194.1) | 3.盈亏比✅(3.12≥1.3 需W>0.0) | 4.靠轨❌(多:❌ 空:❌) | 5.过滤✅(偏:bear 触:10 向:sell) | 6.时效✅(剩:75s) | ==> 综合: 多🔴 空🔴
2026-04-17 23:21:47,598 | [价格] Last:77842.6 | Mark:77834.1 | 延迟:0.0s | aggDelay:0.0s
2026-04-17 23:21:47,753 | [余额同步] 本地模式，初始资金: 10000.0 U
2026-04-17 23:21:47,754 | [账户监控] 无持仓
2026-04-17 23:21:48,985 | [开仓雷达] 1.震荡市:代码✅(评分:75) | 5K✅ | 2.基础✅(K:15 A:40.9 W:194.1) | 3.盈亏比✅(3.12≥1.3 需W>0.0) | 4.靠轨❌(多:❌ 空:❌) | 5.过滤✅(偏:bear 触:10 向:sell) | 6.时效✅(剩:73s) | ==> 综合: 多🔴 空🔴
2026-04-17 23:21:51,098 | [开仓雷达] 1.震荡市:代码✅(评分:75) | 5K✅ | 2.基础✅(K:15 A:40.9 W:194.1) | 3.盈亏比✅(3.12≥1.3 需W>0.0) | 4.靠轨❌(多:❌ 空:❌) | 5.过滤✅(偏:bear 触:10 向:sell) | 6.时效✅(剩:70s) | ==> 综合: 多🔴 空🔴
2026-04-17 23:21:52,624 | [价格] Last:77835.8 | Mark:77828.5 | 延迟:0.0s | aggDelay:0.0s
2026-04-17 23:21:53,545 | [开仓雷达] 1.震荡市:代码✅(评分:75) | 5K✅ | 2.基础✅(K:15 A:40.9 W:194.1) | 3.盈亏比✅(3.12≥1.3 需W>0.0) | 4.靠轨❌(多:❌ 空:❌) | 5.过滤✅(偏:bear 触:10 向:buy) | 6.时效✅(剩:68s) | ==> 综合: 多🔴 空🔴
2026-04-17 23:21:55,561 | [开仓雷达] 1.震荡市:代码✅(评分:75) | 5K✅ | 2.基础✅(K:15 A:40.9 W:194.1) | 3.盈亏比✅(3.12≥1.3 需W>0.0) | 4.靠轨❌(多:❌ 空:❌) | 5.过滤✅(偏:bear 触:10 向:sell) | 6.时效✅(剩:66s) | ==> 综合: 多🔴 空🔴
2026-04-17 23:21:55,755 | [余额同步] 本地模式，初始资金: 10000.0 U
2026-04-17 23:21:55,756 | [账户监控] 无持仓
2026-04-17 23:21:57,989 | [价格] Last:77832.0 | Mark:77818.85974638 | 延迟:0.0s | aggDelay:0.0s
2026-04-17 23:21:57,993 | [开仓雷达] 1.震荡市:代码✅(评分:75) | 5K✅ | 2.基础✅(K:15 A:40.9 W:194.1) | 3.盈亏比✅(3.12≥1.3 需W>0.0) | 4.靠轨❌(多:❌ 空:❌) | 5.过滤✅(偏:bear 触:10 向:sell) | 6.时效✅(剩:64s) | ==> 综合: 多🔴 空🔴
2026-04-17 23:22:00,221 | [开仓雷达] 1.震荡市:代码✅(评分:75) | 5K✅ | 2.基础✅(K:15 A:40.9 W:194.1) | 3.盈亏比✅(3.12≥1.3 需W>0.0) | 4.靠轨❌(多:❌ 空:❌) | 5.过滤✅(偏:bear 触:10 向:sell) | 6.时效✅(剩:61s) | ==> 综合: 多🔴 空🔴
2026-04-17 23:22:03,065 | [价格] Last:77835.3 | Mark:77808.34425725 | 延迟:0.0s | aggDelay:0.0s
2026-04-17 23:22:03,067 | [开仓雷达] 1.震荡市:代码✅(评分:75) | 5K✅ | 2.基础✅(K:15 A:43.6 W:187.8) | 3.盈亏比✅(3.02≥1.3 需W>0.0) | 4.靠轨❌(多:❌ 空:❌) | 5.过滤✅(偏:neutral 触:10 向:buy) | 6.时效✅(剩:58s) | ==> 综合: 多🔴 空🔴
2026-04-17 23:22:03,756 | [余额同步] 本地模式，初始资金: 10000.0 U
2026-04-17 23:22:03,758 | [账户监控] 无持仓
2026-04-17 23:22:05,871 | [开仓雷达] 1.震荡市:代码✅(评分:75) | 5K✅ | 2.基础✅(K:15 A:43.6 W:187.8) | 3.盈亏比✅(3.02≥1.3 需W>0.0) | 4.靠轨❌(多:❌ 空:❌) | 5.过滤✅(偏:neutral 触:10 向:buy) | 6.时效✅(剩:56s) | ==> 综合: 多🔴 空🔴
2026-04-17 23:22:08,189 | [价格] Last:77820.7 | Mark:77819.60530797 | 延迟:0.0s | aggDelay:0.0s
2026-04-17 23:22:08,192 | [开仓雷达] 1.震荡市:代码✅(评分:75) | 5K✅ | 2.基础✅(K:15 A:43.6 W:187.8) | 3.盈亏比✅(3.02≥1.3 需W>0.0) | 4.靠轨❌(多:❌ 空:❌) | 5.过滤✅(偏:neutral 触:10 向:sell) | 6.时效✅(剩:53s) | ==> 综合: 多🔴 空🔴
2026-04-17 23:22:10,375 | [开仓雷达] 1.震荡市:代码✅(评分:75) | 5K✅ | 2.基础✅(K:15 A:43.6 W:187.8) | 3.盈亏比✅(3.02≥1.3 需W>0.0) | 4.靠轨❌(多:❌ 空:❌) | 5.过滤✅(偏:bull 触:10 向:sell) | 6.时效✅(剩:51s) | ==> 综合: 多🔴 空🔴
2026-04-17 23:22:11,759 | [余额同步] 本地模式，初始资金: 10000.0 U
2026-04-17 23:22:11,759 | [账户监控] 无持仓
2026-04-17 23:22:12,412 | [开仓雷达] 1.震荡市:代码✅(评分:75) | 5K✅ | 2.基础✅(K:15 A:43.6 W:187.8) | 3.盈亏比✅(3.02≥1.3 需W>0.0) | 4.靠轨❌(多:❌ 空:❌) | 5.过滤✅(偏:bull 触:10 向:sell) | 6.时效✅(剩:49s) | ==> 综合: 多🔴 空🔴
2026-04-17 23:22:13,266 | [价格] Last:77820.6 | Mark:77813.66903986 | 延迟:0.0s | aggDelay:0.0s
2026-04-17 23:22:14,546 | [开仓雷达] 1.震荡市:代码✅(评分:75) | 5K✅ | 2.基础✅(K:15 A:43.6 W:187.8) | 3.盈亏比✅(3.02≥1.3 需W>0.0) | 4.靠轨❌(多:❌ 空:❌) | 5.过滤✅(偏:bear 触:10 向:sell) | 6.时效✅(剩:47s) | ==> 综合: 多🔴 空🔴
2026-04-17 23:22:16,797 | [开仓雷达] 1.震荡市:代码✅(评分:75) | 5K✅ | 2.基础✅(K:15 A:43.6 W:187.8) | 3.盈亏比✅(3.02≥1.3 需W>0.0) | 4.靠轨❌(多:❌ 空:❌) | 5.过滤✅(偏:bear 触:10 向:buy) | 6.时效✅(剩:45s) | ==> 综合: 多🔴 空🔴
2026-04-17 23:22:18,588 | [价格] Last:77820.7 | Mark:77808.51056159 | 延迟:0.0s | aggDelay:0.0s
2026-04-17 23:22:18,806 | [开仓雷达] 1.震荡市:代码✅(评分:75) | 5K✅ | 2.基础✅(K:15 A:43.6 W:187.8) | 3.盈亏比✅(3.02≥1.3 需W>0.0) | 4.靠轨❌(多:❌ 空:❌) | 5.过滤✅(偏:bull 触:10 向:sell) | 6.时效✅(剩:43s) | ==> 综合: 多🔴 空🔴
2026-04-17 23:22:19,760 | [余额同步] 本地模式，初始资金: 10000.0 U
2026-04-17 23:22:19,760 | [账户监控] 无持仓
2026-04-17 23:22:20,988 | [开仓雷达] 1.震荡市:代码✅(评分:75) | 5K✅ | 2.基础✅(K:15 A:43.6 W:187.8) | 3.盈亏比✅(3.02≥1.3 需W>0.0) | 4.靠轨❌(多:❌ 空:❌) | 5.过滤✅(偏:bull 触:10 向:sell) | 6.时效✅(剩:41s) | ==> 综合: 多🔴 空🔴
2026-04-17 23:22:23,124 | [开仓雷达] 1.震荡市:代码✅(评分:75) | 5K✅ | 2.基础✅(K:15 A:43.6 W:187.8) | 3.盈亏比✅(3.02≥1.3 需W>0.0) | 4.靠轨❌(多:❌ 空:❌) | 5.过滤✅(偏:bull 触:10 向:sell) | 6.时效✅(剩:38s) | ==> 综合: 多🔴 空🔴
2026-04-17 23:22:23,733 | [价格] Last:77816.0 | Mark:77824.9 | 延迟:0.0s | aggDelay:0.0s
2026-04-17 23:22:25,126 | [开仓雷达] 1.震荡市:代码✅(评分:75) | 5K✅ | 2.基础✅(K:15 A:43.6 W:187.8) | 3.盈亏比✅(3.02≥1.3 需W>0.0) | 4.靠轨❌(多:❌ 空:❌) | 5.过滤✅(偏:bull 触:10 向:sell) | 6.时效✅(剩:36s) | ==> 综合: 多🔴 空🔴
2026-04-17 23:22:27,761 | [余额同步] 本地模式，初始资金: 10000.0 U
2026-04-17 23:22:27,765 | [账户监控] 无持仓
2026-04-17 23:22:27,952 | [开仓雷达] 1.震荡市:代码✅(评分:75) | 5K✅ | 2.基础✅(K:15 A:43.6 W:187.8) | 3.盈亏比✅(3.02≥1.3 需W>0.0) | 4.靠轨❌(多:❌ 空:❌) | 5.过滤✅(偏:bull 触:10 向:buy) | 6.时效✅(剩:34s) | ==> 综合: 多🔴 空🔴
2026-04-17 23:22:28,748 | [价格] Last:77812.4 | Mark:77837.3 | 延迟:0.0s | aggDelay:0.0s
2026-04-17 23:22:30,121 | [开仓雷达] 1.震荡市:代码✅(评分:75) | 5K✅ | 2.基础✅(K:15 A:43.6 W:187.8) | 3.盈亏比✅(3.02≥1.3 需W>0.0) | 4.靠轨❌(多:❌ 空:❌) | 5.过滤✅(偏:bear 触:10 向:buy) | 6.时效✅(剩:31s) | ==> 综合: 多🔴 空🔴
2026-04-17 23:22:32,311 | [开仓雷达] 1.震荡市:代码✅(评分:75) | 5K✅ | 2.基础✅(K:15 A:43.6 W:187.8) | 3.盈亏比✅(3.02≥1.3 需W>0.0) | 4.靠轨❌(多:❌ 空:❌) | 5.过滤✅(偏:neutral 触:10 向:buy) | 6.时效✅(剩:29s) | ==> 综合: 多🔴 空🔴
2026-04-17 23:22:34,048 | [价格] Last:77812.5 | Mark:77851.1 | 延迟:0.0s | aggDelay:0.0s
2026-04-17 23:22:36,691 | [余额同步] 本地模式，初始资金: 10000.0 U
2026-04-17 23:22:36,749 | [开仓雷达] 1.震荡市:代码✅(评分:75) | 5K✅ | 2.基础✅(K:15 A:43.6 W:187.8) | 3.盈亏比✅(3.02≥1.3 需W>0.0) | 4.靠轨❌(多:❌ 空:❌) | 5.过滤✅(偏:bull 触:10 向:sell) | 6.时效✅(剩:25s) | ==> 综合: 多🔴 空🔴
2026-04-17 23:22:36,764 | [账户监控] 无持仓
2026-04-17 23:22:38,849 | [开仓雷达] 1.震荡市:代码✅(评分:75) | 5K✅ | 2.基础✅(K:15 A:43.6 W:187.8) | 3.盈亏比✅(3.02≥1.3 需W>0.0) | 4.靠轨❌(多:❌ 空:❌) | 5.过滤✅(偏:bull 触:10 向:buy) | 6.时效✅(剩:23s) | ==> 综合: 多🔴 空🔴
2026-04-17 23:22:39,566 | [价格] Last:77842.3 | Mark:77854.6 | 延迟:0.0s | aggDelay:0.0s
2026-04-17 23:22:41,515 | [开仓雷达] 1.震荡市:代码✅(评分:75) | 5K✅ | 2.基础✅(K:15 A:43.6 W:187.8) | 3.盈亏比✅(3.02≥1.3 需W>0.0) | 4.靠轨❌(多:❌ 空:❌) | 5.过滤✅(偏:bull 触:10 向:buy) | 6.时效✅(剩:20s) | ==> 综合: 多🔴 空🔴
2026-04-17 23:22:44,445 | [开仓雷达] 1.震荡市:代码✅(评分:75) | 5K✅ | 2.基础✅(K:15 A:43.6 W:187.8) | 3.盈亏比✅(3.02≥1.3 需W>0.0) | 4.靠轨❌(多:❌ 空:❌) | 5.过滤✅(偏:bear 触:10 向:buy) | 6.时效✅(剩:17s) | ==> 综合: 多🔴 空🔴
2026-04-17 23:22:44,688 | [价格] Last:77844.1 | Mark:77846.23398551 | 延迟:0.0s | aggDelay:0.0s
2026-04-17 23:22:44,773 | [余额同步] 本地模式，初始资金: 10000.0 U
2026-04-17 23:22:44,782 | [账户监控] 无持仓
2026-04-17 23:22:47,482 | [开仓雷达] 1.震荡市:代码✅(评分:75) | 5K✅ | 2.基础✅(K:15 A:43.6 W:187.8) | 3.盈亏比✅(3.02≥1.3 需W>0.0) | 4.靠轨❌(多:❌ 空:❌) | 5.过滤✅(偏:bull 触:10 向:buy) | 6.时效✅(剩:14s) | ==> 综合: 多🔴 空🔴
2026-04-17 23:22:49,777 | [价格] Last:77812.4 | Mark:77837.71063406 | 延迟:0.0s | aggDelay:0.0s
2026-04-17 23:22:49,777 | [开仓雷达] 1.震荡市:代码✅(评分:75) | 5K✅ | 2.基础✅(K:15 A:43.6 W:187.8) | 3.盈亏比✅(3.02≥1.3 需W>0.0) | 4.靠轨❌(多:❌ 空:❌) | 5.过滤✅(偏:bull 触:10 向:buy) | 6.时效✅(剩:12s) | ==> 综合: 多🔴 空🔴
2026-04-17 23:22:51,849 | [开仓雷达] 1.震荡市:代码✅(评分:75) | 5K✅ | 2.基础✅(K:15 A:43.6 W:187.8) | 3.盈亏比✅(3.02≥1.3 需W>0.0) | 4.靠轨❌(多:❌ 空:❌) | 5.过滤✅(偏:bull 触:10 向:buy) | 6.时效✅(剩:10s) | ==> 综合: 多🔴 空🔴
2026-04-17 23:22:52,783 | [余额同步] 本地模式，初始资金: 10000.0 U
2026-04-17 23:22:52,783 | [账户监控] 无持仓
2026-04-17 23:22:54,046 | [开仓雷达] 1.震荡市:代码✅(评分:75) | 5K✅ | 2.基础✅(K:15 A:43.6 W:187.8) | 3.盈亏比✅(3.02≥1.3 需W>0.0) | 4.靠轨❌(多:❌ 空:❌) | 5.过滤✅(偏:bull 触:10 向:sell) | 6.时效✅(剩:7s) | ==> 综合: 多🔴 空🔴
2026-04-17 23:22:55,130 | [价格] Last:77812.4 | Mark:77841.33487319 | 延迟:0.0s | aggDelay:0.4s
2026-04-17 23:22:56,412 | [开仓雷达] 1.震荡市:代码✅(评分:75) | 5K✅ | 2.基础✅(K:15 A:43.6 W:187.8) | 3.盈亏比✅(3.02≥1.3 需W>0.0) | 4.靠轨❌(多:❌ 空:❌) | 5.过滤✅(偏:bull 触:10 向:buy) | 6.时效✅(剩:5s) | ==> 综合: 多🔴 空🔴
2026-04-17 23:22:59,088 | [开仓雷达] 1.震荡市:代码✅(评分:75) | 5K✅ | 2.基础✅(K:15 A:43.6 W:187.8) | 3.盈亏比✅(3.02≥1.3 需W>0.0) | 4.靠轨❌(多:❌ 空:❌) | 5.过滤✅(偏:bull 触:10 向:buy) | 6.时效✅(剩:2s) | ==> 综合: 多🔴 空🔴
2026-04-17 23:23:00,159 | [价格] Last:77812.4 | Mark:77856.0 | 延迟:0.0s | aggDelay:0.0s
2026-04-17 23:23:01,565 | [余额同步] 本地模式，初始资金: 10000.0 U
2026-04-17 23:23:01,614 | [开仓雷达] 1.震荡市:代码✅(评分:70) | 5K✅ | 2.基础✅(K:15 A:43.6 W:187.8) | 3.盈亏比✅(3.02≥1.3 需W>0.0) | 4.靠轨❌(多:❌ 空:❌) | 5.过滤✅(偏:bull 触:1 向:buy) | 6.时效✅(剩:120s) | ==> 综合: 多🔴 空🔴
2026-04-17 23:23:01,622 | [账户监控] 无持仓
2026-04-17 23:23:03,576 | [开仓雷达] 1.震荡市:代码✅(评分:85) | 5K✅ | 2.基础✅(K:15 A:46.2 W:187.8) | 3.盈亏比✅(3.02≥1.3 需W>0.0) | 4.靠轨❌(多:❌ 空:❌) | 5.过滤✅(偏:bull 触:9 向:buy) | 6.时效✅(剩:118s) | ==> 综合: 多🔴 空🔴
2026-04-17 23:23:05,212 | [价格] Last:77812.4 | Mark:77888.7 | 延迟:0.0s | aggDelay:0.0s
2026-04-17 23:23:05,871 | [开仓雷达] 1.震荡市:代码✅(评分:85) | 5K✅ | 2.基础✅(K:15 A:46.2 W:187.8) | 3.盈亏比✅(3.02≥1.3 需W>0.0) | 4.靠轨❌(多:❌ 空:❌) | 5.过滤✅(偏:bull 触:10 向:buy) | 6.时效✅(剩:116s) | ==> 综合: 多🔴 空🔴
2026-04-17 23:23:07,137 | ⚠️ 价格偏离异常，暂停交易判断
2026-04-17 23:23:07,185 | ⚠️ 价格偏离异常，暂停交易判断
2026-04-17 23:23:07,844 | ⚠️ 价格偏离异常，暂停交易判断
2026-04-17 23:23:07,977 | ⚠️ 价格偏离异常，暂停交易判断
2026-04-17 23:23:08,539 | [开仓雷达] 1.震荡市:代码✅(评分:85) | 5K✅ | 2.基础✅(K:15 A:46.2 W:187.8) | 3.盈亏比✅(3.02≥1.3 需W>0.0) | 4.靠轨❌(多:❌ 空:❌) | 5.过滤✅(偏:bull 触:10 向:buy) | 6.时效✅(剩:113s) | ==> 综合: 多🔴 空🔴
2026-04-17 23:23:08,696 | ⚠️ 价格偏离异常，暂停交易判断
2026-04-17 23:23:08,704 | ⚠️ 价格偏离异常，暂停交易判断
2026-04-17 23:23:09,628 | [余额同步] 本地模式，初始资金: 10000.0 U
2026-04-17 23:23:09,629 | [账户监控] 无持仓
2026-04-17 23:23:11,623 | [价格] Last:77872.5 | Mark:77926.2 | 延迟:0.0s | aggDelay:0.0s
2026-04-17 23:23:11,627 | [开仓雷达] 1.震荡市:代码✅(评分:85) | 5K✅ | 2.基础✅(K:15 A:46.2 W:187.8) | 3.盈亏比✅(3.01≥1.3 需W>0.0) | 4.靠轨❌(多:❌ 空:❌) | 5.过滤✅(偏:bear 触:10 向:buy) | 6.时效✅(剩:110s) | ==> 综合: 多🔴 空🔴
2026-04-17 23:23:11,770 | ⚠️ 价格偏离异常，暂停交易判断
2026-04-17 23:23:12,606 | ⚠️ 价格偏离异常，暂停交易判断
2026-04-17 23:23:13,105 | ⚠️ 价格偏离异常，暂停交易判断
2026-04-17 23:23:13,135 | ⚠️ 价格偏离异常，暂停交易判断
2026-04-17 23:23:13,866 | [开仓雷达] 1.震荡市:代码✅(评分:85) | 5K✅ | 2.基础✅(K:15 A:46.2 W:187.8) | 3.盈亏比✅(3.01≥1.3 需W>0.0) | 4.靠轨❌(多:❌ 空:❌) | 5.过滤✅(偏:bear 触:10 向:buy) | 6.时效✅(剩:108s) | ==> 综合: 多🔴 空🔴
2026-04-17 23:23:13,897 | ⚠️ 价格偏离异常，暂停交易判断
2026-04-17 23:23:14,000 | ⚠️ 价格偏离异常，暂停交易判断
2026-04-17 23:23:16,103 | [开仓雷达] 1.震荡市:代码✅(评分:85) | 5K✅ | 2.基础✅(K:15 A:46.2 W:187.8) | 3.盈亏比✅(3.01≥1.3 需W>0.0) | 4.靠轨❌(多:❌ 空:❌) | 5.过滤✅(偏:bear 触:10 向:buy) | 6.时效✅(剩:105s) | ==> 综合: 多🔴 空🔴
2026-04-17 23:23:16,650 | [价格] Last:77916.8 | Mark:77923.0 | 延迟:0.0s | aggDelay:0.0s
2026-04-17 23:23:17,634 | [余额同步] 本地模式，初始资金: 10000.0 U
2026-04-17 23:23:17,636 | [账户监控] 无持仓
2026-04-17 23:23:18,387 | [开仓雷达] 1.震荡市:代码✅(评分:85) | 5K✅ | 2.基础✅(K:15 A:46.2 W:187.8) | 3.盈亏比✅(3.01≥1.3 需W>0.0) | 4.靠轨❌(多:❌ 空:❌) | 5.过滤✅(偏:bear 触:10 向:buy) | 6.时效✅(剩:103s) | ==> 综合: 多🔴 空🔴
2026-04-17 23:23:21,642 | [开仓雷达] 1.震荡市:代码✅(评分:85) | 5K✅ | 2.基础✅(K:15 A:46.2 W:187.8) | 3.盈亏比✅(3.01≥1.3 需W>0.0) | 4.靠轨❌(多:❌ 空:❌) | 5.过滤✅(偏:bull 触:10 向:sell) | 6.时效✅(剩:100s) | ==> 综合: 多🔴 空🔴
2026-04-17 23:23:21,738 | [价格] Last:77916.7 | Mark:77910.1 | 延迟:0.0s | aggDelay:0.0s
2026-04-17 23:23:23,980 | [开仓雷达] 1.震荡市:代码✅(评分:85) | 5K✅ | 2.基础✅(K:15 A:46.2 W:187.8) | 3.盈亏比✅(3.01≥1.3 需W>0.0) | 4.靠轨❌(多:❌ 空:❌) | 5.过滤✅(偏:bull 触:10 向:sell) | 6.时效✅(剩:98s) | ==> 综合: 多🔴 空🔴
2026-04-17 23:23:25,637 | [余额同步] 本地模式，初始资金: 10000.0 U
2026-04-17 23:23:25,638 | [账户监控] 无持仓
2026-04-17 23:23:26,148 | [开仓雷达] 1.震荡市:代码✅(评分:85) | 5K✅ | 2.基础✅(K:15 A:46.2 W:187.8) | 3.盈亏比✅(3.01≥1.3 需W>0.0) | 4.靠轨❌(多:❌ 空:❌) | 5.过滤✅(偏:neutral 触:10 向:sell) | 6.时效✅(剩:95s) | ==> 综合: 多🔴 空🔴
2026-04-17 23:23:26,836 | [价格] Last:77916.7 | Mark:77906.4 | 延迟:0.0s | aggDelay:0.0s
2026-04-17 23:23:28,407 | [开仓雷达] 1.震荡市:代码✅(评分:85) | 5K✅ | 2.基础✅(K:15 A:46.2 W:187.8) | 3.盈亏比✅(3.01≥1.3 需W>0.0) | 4.靠轨❌(多:❌ 空:❌) | 5.过滤✅(偏:bull 触:10 向:buy) | 6.时效✅(剩:93s) | ==> 综合: 多🔴 空🔴
2026-04-17 23:23:30,760 | [开仓雷达] 1.震荡市:代码✅(评分:85) | 5K✅ | 2.基础✅(K:15 A:46.2 W:187.8) | 3.盈亏比✅(3.01≥1.3 需W>0.0) | 4.靠轨❌(多:❌ 空:❌) | 5.过滤✅(偏:bull 触:10 向:buy) | 6.时效✅(剩:91s) | ==> 综合: 多🔴 空🔴
2026-04-17 23:23:31,953 | [价格] Last:77916.7 | Mark:77919.7 | 延迟:0.0s | aggDelay:0.0s
2026-04-17 23:23:32,970 | [开仓雷达] 1.震荡市:代码✅(评分:85) | 5K✅ | 2.基础✅(K:15 A:46.2 W:187.8) | 3.盈亏比✅(3.01≥1.3 需W>0.0) | 4.靠轨❌(多:❌ 空:❌) | 5.过滤✅(偏:bear 触:10 向:sell) | 6.时效✅(剩:89s) | ==> 综合: 多🔴 空🔴
2026-04-17 23:23:33,640 | [余额同步] 本地模式，初始资金: 10000.0 U
2026-04-17 23:23:33,641 | [账户监控] 无持仓
2026-04-17 23:23:35,203 | [开仓雷达] 1.震荡市:代码✅(评分:85) | 5K✅ | 2.基础✅(K:15 A:46.2 W:187.8) | 3.盈亏比✅(3.01≥1.3 需W>0.0) | 4.靠轨❌(多:❌ 空:❌) | 5.过滤✅(偏:bear 触:10 向:sell) | 6.时效✅(剩:86s) | ==> 综合: 多🔴 空🔴
2026-04-17 23:23:36,975 | [价格] Last:77916.3 | Mark:77899.61724638 | 延迟:0.0s | aggDelay:0.0s
2026-04-17 23:23:37,506 | [开仓雷达] 1.震荡市:代码✅(评分:85) | 5K✅ | 2.基础✅(K:15 A:46.2 W:187.8) | 3.盈亏比✅(3.01≥1.3 需W>0.0) | 4.靠轨❌(多:❌ 空:❌) | 5.过滤✅(偏:bull 触:10 向:sell) | 6.时效✅(剩:84s) | ==> 综合: 多🔴 空🔴
2026-04-17 23:23:39,718 | [开仓雷达] 1.震荡市:代码✅(评分:85) | 5K✅ | 2.基础✅(K:15 A:46.2 W:187.8) | 3.盈亏比✅(3.01≥1.3 需W>0.0) | 4.靠轨❌(多:❌ 空:❌) | 5.过滤✅(偏:bull 触:10 向:sell) | 6.时效✅(剩:82s) | ==> 综合: 多🔴 空🔴
2026-04-17 23:23:41,642 | [余额同步] 本地模式，初始资金: 10000.0 U
2026-04-17 23:23:41,642 | [账户监控] 无持仓
2026-04-17 23:23:41,883 | [开仓雷达] 1.震荡市:代码✅(评分:85) | 5K✅ | 2.基础✅(K:15 A:46.2 W:187.8) | 3.盈亏比✅(3.01≥1.3 需W>0.0) | 4.靠轨❌(多:❌ 空:❌) | 5.过滤✅(偏:bull 触:10 向:buy) | 6.时效✅(剩:80s) | ==> 综合: 多🔴 空🔴
2026-04-17 23:23:42,002 | [价格] Last:77914.2 | Mark:77902.98320158 | 延迟:0.0s | aggDelay:0.0s
2026-04-17 23:23:44,827 | [开仓雷达] 1.震荡市:代码✅(评分:85) | 5K✅ | 2.基础✅(K:15 A:46.2 W:187.8) | 3.盈亏比✅(3.01≥1.3 需W>0.0) | 4.靠轨❌(多:❌ 空:❌) | 5.过滤✅(偏:bull 触:10 向:sell) | 6.时效✅(剩:77s) | ==> 综合: 多🔴 空🔴
2026-04-17 23:23:47,169 | [价格] Last:77907.3 | Mark:77892.41509058 | 延迟:0.0s | aggDelay:0.0s
2026-04-17 23:23:47,178 | [开仓雷达] 1.震荡市:代码✅(评分:85) | 5K✅ | 2.基础✅(K:15 A:46.2 W:187.8) | 3.盈亏比✅(3.01≥1.3 需W>0.0) | 4.靠轨❌(多:❌ 空:❌) | 5.过滤✅(偏:bear 触:10 向:sell) | 6.时效✅(剩:74s) | ==> 综合: 多🔴 空🔴
2026-04-17 23:23:49,265 | [开仓雷达] 1.震荡市:代码✅(评分:85) | 5K✅ | 2.基础✅(K:15 A:46.2 W:187.8) | 3.盈亏比✅(3.01≥1.3 需W>0.0) | 4.靠轨❌(多:❌ 空:❌) | 5.过滤✅(偏:bull 触:10 向:sell) | 6.时效✅(剩:72s) | ==> 综合: 多🔴 空🔴
