2026-04-24 00:30:24,557 | ======================================
2026-04-24 00:30:24,558 |  V24 趋势共振+凯利仓位+状态机止损 启动成功
2026-04-24 00:30:24,558 |  当前运行模式: 本地撮合 (测试网行情)
2026-04-24 00:30:24,559 |  策略: 流动性+Sweep+区间评分 | 启动盈利:0.01% | 止损:2.5% | 区间有效期:动态ATR自适应
2026-04-24 00:30:24,559 | ======================================
2026-04-24 00:30:25,894 | [UserDataWS] 创建ListenKey失败: {'code': -2015, 'msg': 'Invalid API-key, IP, or permissions for action'}
2026-04-24 00:30:25,957 | [时间同步] 完成
2026-04-24 00:30:25,959 | [历史K线] 正在拉取初始1分钟和15分钟K线数据...
2026-04-24 00:30:29,004 | [历史K线] 成功加载 14 根 1分钟K线
2026-04-24 00:30:30,395 | [历史K线] 成功加载 4 根 15分钟K线
2026-04-24 00:30:30,395 | [余额同步] 本地模式，初始资金: 10000.0 U
2026-04-24 00:30:30,396 | [本地持仓] None
2026-04-24 00:30:30,398 | [余额同步] 本地模式，初始资金: 10000.0 U
2026-04-24 00:30:30,398 | [账户监控] 无持仓
2026-04-24 00:30:31,828 | Websocket connected
2026-04-24 00:30:31,830 | [WebSocket] 连接成功 ✅ (模式: 本地撮合-测试网行情)
2026-04-24 00:30:31,830 | [状态校准] 正在重新同步持仓与余额，清理幽灵状态...
2026-04-24 00:30:31,831 | [本地持仓] None
2026-04-24 00:30:32,331 | [余额同步] 本地模式，初始资金: 10000.0 U
2026-04-24 00:30:32,630 | [WebSocket] 行情订阅成功 ✅
2026-04-24 00:30:38,399 | [余额同步] 本地模式，初始资金: 10000.0 U
2026-04-24 00:30:38,399 | [账户监控] 无持仓
