2026-04-24 00:33:28,641 | ======================================
2026-04-24 00:33:28,642 |  V24 趋势共振+凯利仓位+状态机止损 启动成功
2026-04-24 00:33:28,642 |  当前运行模式: 本地撮合 (测试网行情)
2026-04-24 00:33:28,643 |  策略: 流动性+Sweep+区间评分 | 启动盈利:0.01% | 止损:2.5% | 区间有效期:动态ATR自适应
2026-04-24 00:33:28,644 | ======================================
2026-04-24 00:33:29,962 | [UserDataWS] 创建ListenKey失败: {'code': -2015, 'msg': 'Invalid API-key, IP, or permissions for action'}
2026-04-24 00:33:29,992 | [时间同步] 完成
2026-04-24 00:33:29,993 | [历史K线] 正在拉取初始1分钟和15分钟K线数据...
2026-04-24 00:33:31,283 | [历史K线] 成功加载 14 根 1分钟K线
2026-04-24 00:33:32,526 | [历史K线] 成功加载 4 根 15分钟K线
2026-04-24 00:33:32,526 | [余额同步] 本地模式，初始资金: 10000.0 U
2026-04-24 00:33:32,526 | [本地持仓] None
2026-04-24 00:33:32,528 | [余额同步] 本地模式，初始资金: 10000.0 U
2026-04-24 00:33:32,529 | [账户监控] 无持仓
2026-04-24 00:33:33,674 | Websocket connected
2026-04-24 00:33:33,675 | [WebSocket] 连接成功 ✅ (模式: 本地撮合-测试网行情)
2026-04-24 00:33:33,675 | [状态校准] 正在重新同步持仓与余额，清理幽灵状态...
2026-04-24 00:33:33,675 | [本地持仓] None
2026-04-24 00:33:34,176 | [余额同步] 本地模式，初始资金: 10000.0 U
2026-04-24 00:33:34,512 | [WebSocket] 行情订阅成功 ✅
2026-04-24 00:33:40,530 | [余额同步] 本地模式，初始资金: 10000.0 U
2026-04-24 00:33:40,530 | [账户监控] 无持仓
2026-04-24 00:33:48,530 | [余额同步] 本地模式，初始资金: 10000.0 U
2026-04-24 00:33:48,531 | [账户监控] 无持仓
