2026-04-24 14:32:37,661 | ======================================
2026-04-24 14:32:37,661 |  V23 流动性剃头皮策略 (防卡死+防幽灵+防抢跑增强版) 启动成功
2026-04-24 14:32:37,661 |  当前运行模式: 本地撮合 (测试网行情)
2026-04-24 14:32:37,661 |  策略: 流动性+Sweep+区间评分 | 启动盈利:0.01% | 止损:2.5% | 区间有效期:动态ATR自适应
2026-04-24 14:32:37,661 | ======================================
2026-04-24 14:32:40,958 | [时间同步] 完成
2026-04-24 14:32:40,960 | [历史K线] 正在拉取初始1分钟和15分钟K线数据...
2026-04-24 14:32:45,103 | [历史K线] 成功加载 14 根 1分钟K线
2026-04-24 14:32:47,171 | [历史K线] 成功加载 2 根 15分钟K线
2026-04-24 14:32:47,182 | [余额同步] 本地模式，初始资金: 10000.0 U
2026-04-24 14:32:47,182 | [本地持仓] None
2026-04-24 14:32:47,187 | [余额同步] 本地模式，初始资金: 10000.0 U
2026-04-24 14:32:47,187 | [账户监控] 无持仓
2026-04-24 14:32:49,402 | Websocket connected
2026-04-24 14:32:49,402 | [WebSocket] 连接成功 ✅ (模式: 本地撮合-测试网行情)
2026-04-24 14:32:49,403 | [状态校准] 正在重新同步持仓与余额，清理幽灵状态...
2026-04-24 14:32:49,403 | [本地持仓] None
2026-04-24 14:32:49,905 | [余额同步] 本地模式，初始资金: 10000.0 U
2026-04-24 14:32:50,718 | [WebSocket] 行情订阅成功 ✅
2026-04-24 14:32:52,188 | 🚨 WS心跳正常，但aggTrade行情断流超过10秒！可能TCP假死，强制重连！
2026-04-24 14:32:52,364 | [WebSocket] 断开，自动重连中...
2026-04-24 14:32:54,953 | Websocket connected
2026-04-24 14:32:54,956 | [WebSocket] 连接成功 ✅ (模式: 本地撮合-测试网行情)
2026-04-24 14:32:54,956 | [状态校准] 正在重新同步持仓与余额，清理幽灵状态...
2026-04-24 14:32:54,956 | [本地持仓] None
2026-04-24 14:32:55,187 | [余额同步] 本地模式，初始资金: 10000.0 U
2026-04-24 14:32:55,187 | [账户监控] 无持仓
2026-04-24 14:32:55,495 | [余额同步] 本地模式，初始资金: 10000.0 U
