2026-04-24 11:35:52,550 | ======================================
2026-04-24 11:35:52,551 |  V23 流动性剃头皮策略 (防卡死+防幽灵+防抢跑增强版) 启动成功
2026-04-24 11:35:52,551 |  当前运行模式: 本地撮合 (测试网行情)
2026-04-24 11:35:52,551 |  策略: 流动性+Sweep+区间评分 | 启动盈利:0.01% | 止损:2.5% | 区间有效期:动态ATR自适应
2026-04-24 11:35:52,551 | ======================================
2026-04-24 11:35:53,940 | [时间同步] 完成
2026-04-24 11:35:53,942 | [历史K线] 正在拉取初始1分钟和15分钟K线数据...
2026-04-24 11:35:55,361 | [历史K线] 成功加载 14 根 1分钟K线
2026-04-24 11:35:56,728 | [历史K线] 成功加载 2 根 15分钟K线
2026-04-24 11:35:56,739 | [余额同步] 本地模式，初始资金: 10000.0 U
2026-04-24 11:35:56,739 | [本地持仓] None
2026-04-24 11:35:56,741 | [余额同步] 本地模式，初始资金: 10000.0 U
2026-04-24 11:35:56,742 | [账户监控] 无持仓
2026-04-24 11:35:59,270 | Websocket connected
2026-04-24 11:35:59,271 | [WebSocket] 连接成功 ✅ (模式: 本地撮合-测试网行情)
2026-04-24 11:35:59,271 | [状态校准] 正在重新同步持仓与余额，清理幽灵状态...
2026-04-24 11:35:59,272 | [本地持仓] None
2026-04-24 11:35:59,773 | [余额同步] 本地模式，初始资金: 10000.0 U
2026-04-24 11:36:00,133 | [WebSocket] 行情订阅成功 ✅
2026-04-24 11:36:00,196 | [价格] Last:77593.2 | Mark:N/A | 延迟:0.0s | aggDelay:0.0s
2026-04-24 11:36:00,198 | [开仓雷达] 1.震荡:✅(评分:85) | 5K:✅ | 2.基础:✅(K:✅ A:✅ W:✅:322.9) | 3.盈亏比:✅(区:✅ RR:✅:13.98 止损:23.1) | 4.靠轨:❌(多:❌ 空:❌) | 5.过滤:❌(触:❌:0 偏:bear) | 6.时效:✅(剩:120s) | ==> 多🔴 空🔴
2026-04-24 11:36:02,764 | [开仓雷达] 1.震荡:✅(评分:85) | 5K:✅ | 2.基础:✅(K:✅ A:✅ W:✅:322.9) | 3.盈亏比:✅(区:✅ RR:✅:13.27 止损:24.3) | 4.靠轨:❌(多:❌ 空:❌) | 5.过滤:❌(触:❌:0 偏:bear) | 6.时效:✅(剩:118s) | ==> 多🔴 空🔴
2026-04-24 11:36:04,517 | [开仓雷达] 1.震荡:✅(评分:85) | 5K:✅ | 2.基础:✅(K:✅ A:✅ W:✅:322.9) | 3.盈亏比:✅(区:✅ RR:✅:13.27 止损:24.3) | 4.靠轨:❌(多:❌ 空:❌) | 5.过滤:❌(触:❌:0 偏:neutral) | 6.时效:✅(剩:116s) | ==> 多🔴 空🔴
2026-04-24 11:36:04,742 | [余额同步] 本地模式，初始资金: 10000.0 U
2026-04-24 11:36:04,742 | [账户监控] 无持仓
2026-04-24 11:36:05,357 | [价格] Last:77590.1 | Mark:77597.15657246 | 延迟:0.0s | aggDelay:0.0s
2026-04-24 11:36:06,656 | [开仓雷达] 1.震荡:✅(评分:85) | 5K:✅ | 2.基础:✅(K:✅ A:✅ W:✅:322.9) | 3.盈亏比:✅(区:✅ RR:✅:13.27 止损:24.3) | 4.靠轨:❌(多:❌ 空:❌) | 5.过滤:❌(触:❌:0 偏:bull) | 6.时效:✅(剩:114s) | ==> 多🔴 空🔴
2026-04-24 11:36:09,208 | [开仓雷达] 1.震荡:✅(评分:85) | 5K:✅ | 2.基础:✅(K:✅ A:✅ W:✅:322.9) | 3.盈亏比:✅(区:✅ RR:✅:13.27 止损:24.3) | 4.靠轨:❌(多:❌ 空:❌) | 5.过滤:❌(触:❌:0 偏:bull) | 6.时效:✅(剩:111s) | ==> 多🔴 空🔴
2026-04-24 11:36:10,366 | [价格] Last:77612.0 | Mark:77610.6 | 延迟:0.0s | aggDelay:0.0s
2026-04-24 11:36:11,375 | [开仓雷达] 1.震荡:✅(评分:85) | 5K:✅ | 2.基础:✅(K:✅ A:✅ W:✅:322.9) | 3.盈亏比:✅(区:✅ RR:✅:13.27 止损:24.3) | 4.靠轨:❌(多:❌ 空:❌) | 5.过滤:❌(触:❌:0 偏:bull) | 6.时效:✅(剩:109s) | ==> 多🔴 空🔴
2026-04-24 11:36:12,743 | [余额同步] 本地模式，初始资金: 10000.0 U
2026-04-24 11:36:12,744 | [账户监控] 无持仓
2026-04-24 11:36:13,537 | [开仓雷达] 1.震荡:✅(评分:85) | 5K:✅ | 2.基础:✅(K:✅ A:✅ W:✅:322.9) | 3.盈亏比:✅(区:✅ RR:✅:13.27 止损:24.3) | 4.靠轨:❌(多:❌ 空:❌) | 5.过滤:❌(触:❌:0 偏:bull) | 6.时效:✅(剩:107s) | ==> 多🔴 空🔴
2026-04-24 11:36:15,371 | [价格] Last:77630.4 | Mark:77621.1 | 延迟:0.0s | aggDelay:0.0s
2026-04-24 11:36:15,591 | [开仓雷达] 1.震荡:✅(评分:85) | 5K:✅ | 2.基础:✅(K:✅ A:✅ W:✅:322.9) | 3.盈亏比:✅(区:✅ RR:✅:13.27 止损:24.3) | 4.靠轨:❌(多:❌ 空:❌) | 5.过滤:❌(触:❌:0 偏:bull) | 6.时效:✅(剩:105s) | ==> 多🔴 空🔴
2026-04-24 11:36:18,628 | [开仓雷达] 1.震荡:✅(评分:85) | 5K:✅ | 2.基础:✅(K:✅ A:✅ W:✅:322.9) | 3.盈亏比:✅(区:✅ RR:✅:13.27 止损:24.3) | 4.靠轨:❌(多:❌ 空:❌) | 5.过滤:❌(触:❌:0 偏:bear) | 6.时效:✅(剩:102s) | ==> 多🔴 空🔴
2026-04-24 11:36:20,661 | [价格] Last:77646.3 | Mark:77642.8 | 延迟:0.0s | aggDelay:0.0s
2026-04-24 11:36:20,662 | [开仓雷达] 1.震荡:✅(评分:85) | 5K:✅ | 2.基础:✅(K:✅ A:✅ W:✅:322.9) | 3.盈亏比:✅(区:✅ RR:✅:13.27 止损:24.3) | 4.靠轨:❌(多:❌ 空:❌) | 5.过滤:❌(触:❌:0 偏:bull) | 6.时效:✅(剩:100s) | ==> 多🔴 空🔴
2026-04-24 11:36:20,744 | [余额同步] 本地模式，初始资金: 10000.0 U
2026-04-24 11:36:20,745 | [账户监控] 无持仓
2026-04-24 11:36:22,982 | [开仓雷达] 1.震荡:✅(评分:85) | 5K:✅ | 2.基础:✅(K:✅ A:✅ W:✅:322.9) | 3.盈亏比:✅(区:✅ RR:✅:13.27 止损:24.3) | 4.靠轨:❌(多:❌ 空:❌) | 5.过滤:❌(触:❌:0 偏:bull) | 6.时效:✅(剩:97s) | ==> 多🔴 空🔴
2026-04-24 11:36:25,100 | [开仓雷达] 1.震荡:✅(评分:85) | 5K:✅ | 2.基础:✅(K:✅ A:✅ W:✅:322.9) | 3.盈亏比:✅(区:✅ RR:✅:13.27 止损:24.3) | 4.靠轨:❌(多:❌ 空:❌) | 5.过滤:❌(触:❌:0 偏:bull) | 6.时效:✅(剩:95s) | ==> 多🔴 空🔴
2026-04-24 11:36:25,859 | [价格] Last:77650.9 | Mark:77650.9 | 延迟:0.0s | aggDelay:0.0s
2026-04-24 11:36:27,358 | [开仓雷达] 1.震荡:✅(评分:85) | 5K:✅ | 2.基础:✅(K:✅ A:✅ W:✅:322.9) | 3.盈亏比:✅(区:✅ RR:✅:13.27 止损:24.3) | 4.靠轨:❌(多:❌ 空:❌) | 5.过滤:❌(触:❌:0 偏:bull) | 6.时效:✅(剩:93s) | ==> 多🔴 空🔴
2026-04-24 11:36:28,745 | [余额同步] 本地模式，初始资金: 10000.0 U
2026-04-24 11:36:28,746 | [账户监控] 无持仓
2026-04-24 11:36:29,476 | [开仓雷达] 1.震荡:✅(评分:85) | 5K:✅ | 2.基础:✅(K:✅ A:✅ W:✅:322.9) | 3.盈亏比:✅(区:✅ RR:✅:13.27 止损:24.3) | 4.靠轨:❌(多:❌ 空:❌) | 5.过滤:❌(触:❌:0 偏:neutral) | 6.时效:✅(剩:91s) | ==> 多🔴 空🔴
2026-04-24 11:36:30,987 | [价格] Last:77651.2 | Mark:77648.80566717 | 延迟:0.0s | aggDelay:0.0s
2026-04-24 11:36:31,677 | [开仓雷达] 1.震荡:✅(评分:85) | 5K:✅ | 2.基础:✅(K:✅ A:✅ W:✅:322.9) | 3.盈亏比:✅(区:✅ RR:✅:13.27 止损:24.3) | 4.靠轨:❌(多:❌ 空:❌) | 5.过滤:❌(触:❌:0 偏:neutral) | 6.时效:✅(剩:89s) | ==> 多🔴 空🔴
2026-04-24 11:36:33,796 | [开仓雷达] 1.震荡:✅(评分:85) | 5K:✅ | 2.基础:✅(K:✅ A:✅ W:✅:322.9) | 3.盈亏比:✅(区:✅ RR:✅:13.27 止损:24.3) | 4.靠轨:❌(多:❌ 空:❌) | 5.过滤:❌(触:❌:0 偏:bull) | 6.时效:✅(剩:86s) | ==> 多🔴 空🔴
2026-04-24 11:36:35,900 | [开仓雷达] 1.震荡:✅(评分:85) | 5K:✅ | 2.基础:✅(K:✅ A:✅ W:✅:322.9) | 3.盈亏比:✅(区:✅ RR:✅:13.27 止损:24.3) | 4.靠轨:❌(多:❌ 空:❌) | 5.过滤:❌(触:❌:0 偏:bear) | 6.时效:✅(剩:84s) | ==> 多🔴 空🔴
2026-04-24 11:36:36,268 | [价格] Last:77650.8 | Mark:77659.5 | 延迟:0.0s | aggDelay:0.0s
2026-04-24 11:36:36,747 | [余额同步] 本地模式，初始资金: 10000.0 U
2026-04-24 11:36:36,747 | [账户监控] 无持仓
2026-04-24 11:36:38,034 | [开仓雷达] 1.震荡:✅(评分:85) | 5K:✅ | 2.基础:✅(K:✅ A:✅ W:✅:322.9) | 3.盈亏比:✅(区:✅ RR:✅:13.27 止损:24.3) | 4.靠轨:❌(多:❌ 空:❌) | 5.过滤:❌(触:❌:0 偏:bear) | 6.时效:✅(剩:82s) | ==> 多🔴 空🔴
2026-04-24 11:36:40,153 | [开仓雷达] 1.震荡:✅(评分:85) | 5K:✅ | 2.基础:✅(K:✅ A:✅ W:✅:322.9) | 3.盈亏比:✅(区:✅ RR:✅:13.27 止损:24.3) | 4.靠轨:❌(多:❌ 空:❌) | 5.过滤:❌(触:❌:0 偏:bear) | 6.时效:✅(剩:80s) | ==> 多🔴 空🔴
2026-04-24 11:36:41,398 | [价格] Last:77650.9 | Mark:77660.10427536 | 延迟:0.0s | aggDelay:0.0s
2026-04-24 11:36:42,367 | [开仓雷达] 1.震荡:✅(评分:85) | 5K:✅ | 2.基础:✅(K:✅ A:✅ W:✅:322.9) | 3.盈亏比:✅(区:✅ RR:✅:13.27 止损:24.3) | 4.靠轨:❌(多:❌ 空:❌) | 5.过滤:❌(触:❌:0 偏:neutral) | 6.时效:✅(剩:78s) | ==> 多🔴 空🔴
2026-04-24 11:36:44,580 | [开仓雷达] 1.震荡:✅(评分:85) | 5K:✅ | 2.基础:✅(K:✅ A:✅ W:✅:322.9) | 3.盈亏比:✅(区:✅ RR:✅:13.27 止损:24.3) | 4.靠轨:❌(多:❌ 空:❌) | 5.过滤:❌(触:❌:0 偏:neutral) | 6.时效:✅(剩:76s) | ==> 多🔴 空🔴
2026-04-24 11:36:44,748 | [余额同步] 本地模式，初始资金: 10000.0 U
2026-04-24 11:36:44,748 | [账户监控] 无持仓
2026-04-24 11:36:46,641 | [价格] Last:77653.5 | Mark:77659.12863043 | 延迟:0.0s | aggDelay:0.0s
2026-04-24 11:36:46,692 | [开仓雷达] 1.震荡:✅(评分:85) | 5K:✅ | 2.基础:✅(K:✅ A:✅ W:✅:322.9) | 3.盈亏比:✅(区:✅ RR:✅:13.27 止损:24.3) | 4.靠轨:❌(多:❌ 空:❌) | 5.过滤:❌(触:❌:0 偏:neutral) | 6.时效:✅(剩:74s) | ==> 多🔴 空🔴
2026-04-24 11:36:48,938 | [开仓雷达] 1.震荡:✅(评分:85) | 5K:✅ | 2.基础:✅(K:✅ A:✅ W:✅:322.9) | 3.盈亏比:✅(区:✅ RR:✅:13.27 止损:24.3) | 4.靠轨:❌(多:❌ 空:❌) | 5.过滤:❌(触:❌:0 偏:bear) | 6.时效:✅(剩:71s) | ==> 多🔴 空🔴
2026-04-24 11:36:51,231 | [开仓雷达] 1.震荡:✅(评分:85) | 5K:✅ | 2.基础:✅(K:✅ A:✅ W:✅:322.9) | 3.盈亏比:✅(区:✅ RR:✅:13.27 止损:24.3) | 4.靠轨:❌(多:❌ 空:❌) | 5.过滤:❌(触:❌:0 偏:bear) | 6.时效:✅(剩:69s) | ==> 多🔴 空🔴
2026-04-24 11:36:51,740 | [价格] Last:77630.0 | Mark:77652.77657971 | 延迟:0.0s | aggDelay:0.0s
2026-04-24 11:36:52,749 | [余额同步] 本地模式，初始资金: 10000.0 U
2026-04-24 11:36:52,750 | [账户监控] 无持仓
2026-04-24 11:36:53,567 | [开仓雷达] 1.震荡:✅(评分:85) | 5K:✅ | 2.基础:✅(K:✅ A:✅ W:✅:322.9) | 3.盈亏比:✅(区:✅ RR:✅:13.27 止损:24.3) | 4.靠轨:❌(多:❌ 空:❌) | 5.过滤:❌(触:❌:0 偏:neutral) | 6.时效:✅(剩:67s) | ==> 多🔴 空🔴
2026-04-24 11:36:55,610 | [开仓雷达] 1.震荡:✅(评分:85) | 5K:✅ | 2.基础:✅(K:✅ A:✅ W:✅:322.9) | 3.盈亏比:✅(区:✅ RR:✅:13.27 止损:24.3) | 4.靠轨:❌(多:❌ 空:❌) | 5.过滤:❌(触:❌:0 偏:bear) | 6.时效:✅(剩:65s) | ==> 多🔴 空🔴
2026-04-24 11:36:57,128 | [价格] Last:77629.9 | Mark:77637.71373188 | 延迟:0.0s | aggDelay:0.0s
2026-04-24 11:36:57,830 | [开仓雷达] 1.震荡:✅(评分:85) | 5K:✅ | 2.基础:✅(K:✅ A:✅ W:✅:322.9) | 3.盈亏比:✅(区:✅ RR:✅:13.27 止损:24.3) | 4.靠轨:❌(多:❌ 空:❌) | 5.过滤:❌(触:❌:0 偏:bear) | 6.时效:✅(剩:62s) | ==> 多🔴 空🔴
2026-04-24 11:36:59,847 | [开仓雷达] 1.震荡:✅(评分:85) | 5K:✅ | 2.基础:✅(K:✅ A:✅ W:✅:322.9) | 3.盈亏比:✅(区:✅ RR:✅:13.27 止损:24.3) | 4.靠轨:❌(多:❌ 空:❌) | 5.过滤:❌(触:❌:0 偏:bull) | 6.时效:✅(剩:60s) | ==> 多🔴 空🔴
2026-04-24 11:37:00,750 | [余额同步] 本地模式，初始资金: 10000.0 U
2026-04-24 11:37:00,751 | [账户监控] 无持仓
2026-04-24 11:37:02,266 | [开仓雷达] 1.震荡:✅(评分:85) | 5K:✅ | 2.基础:✅(K:✅ A:✅ W:✅:289.9) | 3.盈亏比:✅(区:✅ RR:✅:11.45 止损:25.3) | 4.靠轨:❌(多:❌ 空:❌) | 5.过滤:❌(触:❌:0 偏:bull) | 6.时效:✅(剩:119s) | ==> 多🔴 空🔴
2026-04-24 11:37:02,517 | [价格] Last:77629.3 | Mark:77634.24149275 | 延迟:0.0s | aggDelay:0.0s
2026-04-24 11:37:04,248 | [开仓雷达] 1.震荡:✅(评分:85) | 5K:✅ | 2.基础:✅(K:✅ A:✅ W:✅:289.9) | 3.盈亏比:✅(区:✅ RR:✅:11.45 止损:25.3) | 4.靠轨:❌(多:❌ 空:❌) | 5.过滤:❌(触:❌:0 偏:bull) | 6.时效:✅(剩:117s) | ==> 多🔴 空🔴
2026-04-24 11:37:06,252 | [开仓雷达] 1.震荡:✅(评分:85) | 5K:✅ | 2.基础:✅(K:✅ A:✅ W:✅:289.9) | 3.盈亏比:✅(区:✅ RR:✅:11.45 止损:25.3) | 4.靠轨:❌(多:❌ 空:❌) | 5.过滤:❌(触:❌:0 偏:bull) | 6.时效:✅(剩:115s) | ==> 多🔴 空🔴
2026-04-24 11:37:07,374 | [价格] Last:77636.6 | Mark:77644.0 | 延迟:0.0s | aggDelay:0.0s
2026-04-24 11:37:08,496 | [开仓雷达] 1.震荡:✅(评分:85) | 5K:✅ | 2.基础:✅(K:✅ A:✅ W:✅:289.9) | 3.盈亏比:✅(区:✅ RR:✅:11.45 止损:25.3) | 4.靠轨:❌(多:❌ 空:❌) | 5.过滤:❌(触:❌:0 偏:bull) | 6.时效:✅(剩:113s) | ==> 多🔴 空🔴
2026-04-24 11:37:08,751 | [余额同步] 本地模式，初始资金: 10000.0 U
2026-04-24 11:37:08,752 | [账户监控] 无持仓
2026-04-24 11:37:10,781 | [开仓雷达] 1.震荡:✅(评分:85) | 5K:✅ | 2.基础:✅(K:✅ A:✅ W:✅:289.9) | 3.盈亏比:✅(区:✅ RR:✅:11.45 止损:25.3) | 4.靠轨:❌(多:❌ 空:❌) | 5.过滤:❌(触:❌:0 偏:bull) | 6.时效:✅(剩:111s) | ==> 多🔴 空🔴
2026-04-24 11:37:12,416 | [价格] Last:77639.0 | Mark:77639.59147676 | 延迟:0.0s | aggDelay:0.0s
2026-04-24 11:37:12,906 | [开仓雷达] 1.震荡:✅(评分:85) | 5K:✅ | 2.基础:✅(K:✅ A:✅ W:✅:289.9) | 3.盈亏比:✅(区:✅ RR:✅:11.45 止损:25.3) | 4.靠轨:❌(多:❌ 空:❌) | 5.过滤:❌(触:❌:0 偏:bull) | 6.时效:✅(剩:109s) | ==> 多🔴 空🔴
2026-04-24 11:37:14,920 | [开仓雷达] 1.震荡:✅(评分:85) | 5K:✅ | 2.基础:✅(K:✅ A:✅ W:✅:289.9) | 3.盈亏比:✅(区:✅ RR:✅:11.45 止损:25.3) | 4.靠轨:❌(多:❌ 空:❌) | 5.过滤:❌(触:❌:0 偏:bull) | 6.时效:✅(剩:107s) | ==> 多🔴 空🔴
2026-04-24 11:37:16,896 | [余额同步] 本地模式，初始资金: 10000.0 U
2026-04-24 11:37:16,984 | [账户监控] 无持仓
2026-04-24 11:37:17,327 | [开仓雷达] 1.震荡:✅(评分:85) | 5K:✅ | 2.基础:✅(K:✅ A:✅ W:✅:289.9) | 3.盈亏比:✅(区:✅ RR:✅:11.45 止损:25.3) | 4.靠轨:❌(多:❌ 空:❌) | 5.过滤:❌(触:❌:0 偏:bull) | 6.时效:✅(剩:104s) | ==> 多🔴 空🔴
2026-04-24 11:37:17,516 | [价格] Last:77648.6 | Mark:77648.6 | 延迟:0.0s | aggDelay:0.0s
2026-04-24 11:37:19,314 | [开仓雷达] 1.震荡:✅(评分:85) | 5K:✅ | 2.基础:✅(K:✅ A:✅ W:✅:289.9) | 3.盈亏比:✅(区:✅ RR:✅:11.45 止损:25.3) | 4.靠轨:❌(多:❌ 空:❌) | 5.过滤:❌(触:❌:0 偏:bull) | 6.时效:✅(剩:102s) | ==> 多🔴 空🔴
2026-04-24 11:37:21,513 | [开仓雷达] 1.震荡:✅(评分:85) | 5K:✅ | 2.基础:✅(K:✅ A:✅ W:✅:289.9) | 3.盈亏比:✅(区:✅ RR:✅:11.45 止损:25.3) | 4.靠轨:❌(多:❌ 空:❌) | 5.过滤:❌(触:❌:0 偏:bear) | 6.时效:✅(剩:100s) | ==> 多🔴 空🔴
2026-04-24 11:37:22,550 | [价格] Last:77657.3 | Mark:77662.0 | 延迟:0.0s | aggDelay:0.0s
2026-04-24 11:37:23,640 | [开仓雷达] 1.震荡:✅(评分:85) | 5K:✅ | 2.基础:✅(K:✅ A:✅ W:✅:289.9) | 3.盈亏比:✅(区:✅ RR:✅:11.45 止损:25.3) | 4.靠轨:❌(多:❌ 空:❌) | 5.过滤:❌(触:❌:0 偏:bear) | 6.时效:✅(剩:98s) | ==> 多🔴 空🔴
2026-04-24 11:37:24,984 | [余额同步] 本地模式，初始资金: 10000.0 U
2026-04-24 11:37:24,985 | [账户监控] 无持仓
2026-04-24 11:37:25,842 | [开仓雷达] 1.震荡:✅(评分:85) | 5K:✅ | 2.基础:✅(K:✅ A:✅ W:✅:289.9) | 3.盈亏比:✅(区:✅ RR:✅:11.45 止损:25.3) | 4.靠轨:❌(多:❌ 空:❌) | 5.过滤:❌(触:❌:0 偏:bear) | 6.时效:✅(剩:96s) | ==> 多🔴 空🔴
2026-04-24 11:37:27,695 | [价格] Last:77658.2 | Mark:77652.4 | 延迟:0.0s | aggDelay:0.0s
2026-04-24 11:37:27,937 | [开仓雷达] 1.震荡:✅(评分:85) | 5K:✅ | 2.基础:✅(K:✅ A:✅ W:✅:289.9) | 3.盈亏比:✅(区:✅ RR:✅:11.45 止损:25.3) | 4.靠轨:❌(多:❌ 空:❌) | 5.过滤:❌(触:❌:0 偏:bear) | 6.时效:✅(剩:94s) | ==> 多🔴 空🔴
2026-04-24 11:37:30,375 | [开仓雷达] 1.震荡:✅(评分:85) | 5K:✅ | 2.基础:✅(K:✅ A:✅ W:✅:289.9) | 3.盈亏比:✅(区:✅ RR:✅:11.45 止损:25.3) | 4.靠轨:❌(多:❌ 空:❌) | 5.过滤:❌(触:❌:0 偏:bear) | 6.时效:✅(剩:91s) | ==> 多🔴 空🔴
2026-04-24 11:37:33,800 | [价格] Last:77657.8 | Mark:77658.50847826 | 延迟:0.0s | aggDelay:0.0s
2026-04-24 11:37:33,822 | [余额同步] 本地模式，初始资金: 10000.0 U
2026-04-24 11:37:33,826 | [开仓雷达] 1.震荡:✅(评分:85) | 5K:✅ | 2.基础:✅(K:✅ A:✅ W:✅:289.9) | 3.盈亏比:✅(区:✅ RR:✅:11.45 止损:25.3) | 4.靠轨:❌(多:❌ 空:❌) | 5.过滤:❌(触:❌:0 偏:bull) | 6.时效:✅(剩:88s) | ==> 多🔴 空🔴
2026-04-24 11:37:33,924 | [账户监控] 无持仓
2026-04-24 11:37:35,936 | [开仓雷达] 1.震荡:✅(评分:85) | 5K:✅ | 2.基础:✅(K:✅ A:✅ W:✅:289.9) | 3.盈亏比:✅(区:✅ RR:✅:11.45 止损:25.3) | 4.靠轨:❌(多:❌ 空:❌) | 5.过滤:❌(触:❌:0 偏:bull) | 6.时效:✅(剩:86s) | ==> 多🔴 空🔴
2026-04-24 11:37:38,180 | [开仓雷达] 1.震荡:✅(评分:85) | 5K:✅ | 2.基础:✅(K:✅ A:✅ W:✅:289.9) | 3.盈亏比:✅(区:✅ RR:✅:11.45 止损:25.3) | 4.靠轨:❌(多:❌ 空:❌) | 5.过滤:❌(触:❌:0 偏:bull) | 6.时效:✅(剩:83s) | ==> 多🔴 空🔴
2026-04-24 11:37:38,881 | [价格] Last:77655.1 | Mark:77655.95919565 | 延迟:0.0s | aggDelay:0.0s
2026-04-24 11:37:40,268 | [开仓雷达] 1.震荡:✅(评分:85) | 5K:✅ | 2.基础:✅(K:✅ A:✅ W:✅:289.9) | 3.盈亏比:✅(区:✅ RR:✅:11.45 止损:25.3) | 4.靠轨:❌(多:❌ 空:❌) | 5.过滤:❌(触:❌:0 偏:bear) | 6.时效:✅(剩:81s) | ==> 多🔴 空🔴
2026-04-24 11:37:41,925 | [余额同步] 本地模式，初始资金: 10000.0 U
2026-04-24 11:37:41,928 | [账户监控] 无持仓
2026-04-24 11:37:42,444 | [开仓雷达] 1.震荡:✅(评分:85) | 5K:✅ | 2.基础:✅(K:✅ A:✅ W:✅:289.9) | 3.盈亏比:✅(区:✅ RR:✅:11.45 止损:25.3) | 4.靠轨:❌(多:❌ 空:❌) | 5.过滤:❌(触:❌:0 偏:bear) | 6.时效:✅(剩:79s) | ==> 多🔴 空🔴
2026-04-24 11:37:43,972 | [价格] Last:77652.9 | Mark:77655.23781159 | 延迟:0.0s | aggDelay:0.0s
2026-04-24 11:37:44,465 | [开仓雷达] 1.震荡:✅(评分:85) | 5K:✅ | 2.基础:✅(K:✅ A:✅ W:✅:289.9) | 3.盈亏比:✅(区:✅ RR:✅:11.45 止损:25.3) | 4.靠轨:❌(多:❌ 空:❌) | 5.过滤:❌(触:❌:0 偏:bull) | 6.时效:✅(剩:77s) | ==> 多🔴 空🔴
2026-04-24 11:37:47,069 | [开仓雷达] 1.震荡:✅(评分:85) | 5K:✅ | 2.基础:✅(K:✅ A:✅ W:✅:289.9) | 3.盈亏比:✅(区:✅ RR:✅:11.45 止损:25.3) | 4.靠轨:❌(多:❌ 空:❌) | 5.过滤:❌(触:❌:0 偏:bull) | 6.时效:✅(剩:75s) | ==> 多🔴 空🔴
2026-04-24 11:37:49,388 | [价格] Last:77647.9 | Mark:77651.4055 | 延迟:0.0s | aggDelay:0.0s
2026-04-24 11:37:49,389 | [开仓雷达] 1.震荡:✅(评分:85) | 5K:✅ | 2.基础:✅(K:✅ A:✅ W:✅:289.9) | 3.盈亏比:✅(区:✅ RR:✅:11.45 止损:25.3) | 4.靠轨:❌(多:❌ 空:❌) | 5.过滤:❌(触:❌:0 偏:neutral) | 6.时效:✅(剩:72s) | ==> 多🔴 空🔴
2026-04-24 11:37:49,928 | [余额同步] 本地模式，初始资金: 10000.0 U
2026-04-24 11:37:49,929 | [账户监控] 无持仓
2026-04-24 11:37:51,846 | [开仓雷达] 1.震荡:✅(评分:85) | 5K:✅ | 2.基础:✅(K:✅ A:✅ W:✅:289.9) | 3.盈亏比:✅(区:✅ RR:✅:11.45 止损:25.3) | 4.靠轨:❌(多:❌ 空:❌) | 5.过滤:❌(触:❌:0 偏:bear) | 6.时效:✅(剩:70s) | ==> 多🔴 空🔴
2026-04-24 11:37:54,273 | [开仓雷达] 1.震荡:✅(评分:85) | 5K:✅ | 2.基础:✅(K:✅ A:✅ W:✅:289.9) | 3.盈亏比:✅(区:✅ RR:✅:11.45 止损:25.3) | 4.靠轨:❌(多:❌ 空:❌) | 5.过滤:❌(触:❌:0 偏:bear) | 6.时效:✅(剩:67s) | ==> 多🔴 空🔴
2026-04-24 11:37:54,543 | [价格] Last:77642.6 | Mark:77647.13268116 | 延迟:0.0s | aggDelay:0.0s
2026-04-24 11:37:56,421 | [开仓雷达] 1.震荡:✅(评分:85) | 5K:✅ | 2.基础:✅(K:✅ A:✅ W:✅:289.9) | 3.盈亏比:✅(区:✅ RR:✅:11.45 止损:25.3) | 4.靠轨:❌(多:❌ 空:❌) | 5.过滤:❌(触:❌:0 偏:bear) | 6.时效:✅(剩:65s) | ==> 多🔴 空🔴
2026-04-24 11:37:57,930 | [余额同步] 本地模式，初始资金: 10000.0 U
2026-04-24 11:37:57,930 | [账户监控] 无持仓
2026-04-24 11:37:58,719 | [开仓雷达] 1.震荡:✅(评分:85) | 5K:✅ | 2.基础:✅(K:✅ A:✅ W:✅:289.9) | 3.盈亏比:✅(区:✅ RR:✅:11.45 止损:25.3) | 4.靠轨:❌(多:❌ 空:❌) | 5.过滤:❌(触:❌:0 偏:bear) | 6.时效:✅(剩:63s) | ==> 多🔴 空🔴
2026-04-24 11:37:59,864 | [价格] Last:77642.5 | Mark:77645.53103623 | 延迟:0.0s | aggDelay:0.0s
2026-04-24 11:38:00,962 | [开仓雷达] 1.震荡:✅(评分:85) | 5K:✅ | 2.基础:✅(K:✅ A:✅ W:✅:289.9) | 3.盈亏比:✅(区:✅ RR:✅:11.45 止损:25.3) | 4.靠轨:❌(多:❌ 空:❌) | 5.过滤:❌(触:❌:0 偏:neutral) | 6.时效:✅(剩:61s) | ==> 多🔴 空🔴
2026-04-24 11:38:03,854 | [开仓雷达] 1.震荡:✅(评分:85) | 5K:✅ | 2.基础:✅(K:✅ A:✅ W:✅:279.2) | 3.盈亏比:✅(区:✅ RR:✅:11.02 止损:25.3) | 4.靠轨:❌(多:❌ 空:❌) | 5.过滤:❌(触:❌:0 偏:bull) | 6.时效:✅(剩:58s) | ==> 多🔴 空🔴
2026-04-24 11:38:05,010 | [价格] Last:77649.9 | Mark:77650.0 | 延迟:0.0s | aggDelay:0.0s
2026-04-24 11:38:05,931 | [余额同步] 本地模式，初始资金: 10000.0 U
2026-04-24 11:38:05,932 | [账户监控] 无持仓
2026-04-24 11:38:05,981 | [开仓雷达] 1.震荡:✅(评分:85) | 5K:✅ | 2.基础:✅(K:✅ A:✅ W:✅:279.2) | 3.盈亏比:✅(区:✅ RR:✅:11.02 止损:25.3) | 4.靠轨:❌(多:❌ 空:❌) | 5.过滤:❌(触:❌:0 偏:neutral) | 6.时效:✅(剩:56s) | ==> 多🔴 空🔴
2026-04-24 11:38:08,171 | [开仓雷达] 1.震荡:✅(评分:85) | 5K:✅ | 2.基础:✅(K:✅ A:✅ W:✅:279.2) | 3.盈亏比:✅(区:✅ RR:✅:11.02 止损:25.3) | 4.靠轨:❌(多:❌ 空:❌) | 5.过滤:❌(触:❌:0 偏:bull) | 6.时效:✅(剩:53s) | ==> 多🔴 空🔴
2026-04-24 11:38:10,107 | [价格] Last:77655.5 | Mark:77650.0 | 延迟:0.0s | aggDelay:0.0s
2026-04-24 11:38:10,369 | [开仓雷达] 1.震荡:✅(评分:85) | 5K:✅ | 2.基础:✅(K:✅ A:✅ W:✅:279.2) | 3.盈亏比:✅(区:✅ RR:✅:11.02 止损:25.3) | 4.靠轨:❌(多:❌ 空:❌) | 5.过滤:❌(触:❌:0 偏:bull) | 6.时效:✅(剩:51s) | ==> 多🔴 空🔴
2026-04-24 11:38:12,555 | [开仓雷达] 1.震荡:✅(评分:85) | 5K:✅ | 2.基础:✅(K:✅ A:✅ W:✅:279.2) | 3.盈亏比:✅(区:✅ RR:✅:11.02 止损:25.3) | 4.靠轨:❌(多:❌ 空:❌) | 5.过滤:❌(触:❌:0 偏:neutral) | 6.时效:✅(剩:49s) | ==> 多🔴 空🔴
2026-04-24 11:38:13,932 | [余额同步] 本地模式，初始资金: 10000.0 U
2026-04-24 11:38:13,933 | [账户监控] 无持仓
2026-04-24 11:38:14,677 | [开仓雷达] 1.震荡:✅(评分:85) | 5K:✅ | 2.基础:✅(K:✅ A:✅ W:✅:279.2) | 3.盈亏比:✅(区:✅ RR:✅:11.02 止损:25.3) | 4.靠轨:❌(多:❌ 空:❌) | 5.过滤:❌(触:❌:0 偏:bull) | 6.时效:✅(剩:47s) | ==> 多🔴 空🔴
2026-04-24 11:38:15,400 | [价格] Last:77660.9 | Mark:77659.6 | 延迟:0.0s | aggDelay:0.0s
2026-04-24 11:38:17,043 | [开仓雷达] 1.震荡:✅(评分:85) | 5K:✅ | 2.基础:✅(K:✅ A:✅ W:✅:279.2) | 3.盈亏比:✅(区:✅ RR:✅:11.02 止损:25.3) | 4.靠轨:❌(多:❌ 空:❌) | 5.过滤:❌(触:❌:0 偏:bull) | 6.时效:✅(剩:45s) | ==> 多🔴 空🔴
2026-04-24 11:38:18,972 | [开仓雷达] 1.震荡:✅(评分:85) | 5K:✅ | 2.基础:✅(K:✅ A:✅ W:✅:279.2) | 3.盈亏比:✅(区:✅ RR:✅:11.02 止损:25.3) | 4.靠轨:❌(多:❌ 空:❌) | 5.过滤:❌(触:❌:0 偏:bear) | 6.时效:✅(剩:43s) | ==> 多🔴 空🔴
2026-04-24 11:38:20,448 | [价格] Last:77653.7 | Mark:77662.2 | 延迟:0.0s | aggDelay:0.0s
2026-04-24 11:38:21,213 | [开仓雷达] 1.震荡:✅(评分:85) | 5K:✅ | 2.基础:✅(K:✅ A:✅ W:✅:279.2) | 3.盈亏比:✅(区:✅ RR:✅:11.02 止损:25.3) | 4.靠轨:❌(多:❌ 空:❌) | 5.过滤:❌(触:❌:0 偏:bear) | 6.时效:✅(剩:40s) | ==> 多🔴 空🔴
2026-04-24 11:38:21,933 | [余额同步] 本地模式，初始资金: 10000.0 U
2026-04-24 11:38:21,934 | [账户监控] 无持仓
2026-04-24 11:38:23,354 | [开仓雷达] 1.震荡:✅(评分:85) | 5K:✅ | 2.基础:✅(K:✅ A:✅ W:✅:279.2) | 3.盈亏比:✅(区:✅ RR:✅:11.02 止损:25.3) | 4.靠轨:❌(多:❌ 空:❌) | 5.过滤:❌(触:❌:0 偏:bear) | 6.时效:✅(剩:38s) | ==> 多🔴 空🔴
2026-04-24 11:38:25,537 | [价格] Last:77642.7 | Mark:77656.18723913 | 延迟:0.0s | aggDelay:0.0s
2026-04-24 11:38:25,538 | [开仓雷达] 1.震荡:✅(评分:85) | 5K:✅ | 2.基础:✅(K:✅ A:✅ W:✅:279.2) | 3.盈亏比:✅(区:✅ RR:✅:11.02 止损:25.3) | 4.靠轨:❌(多:❌ 空:❌) | 5.过滤:❌(触:❌:0 偏:bear) | 6.时效:✅(剩:36s) | ==> 多🔴 空🔴
2026-04-24 11:38:27,758 | [开仓雷达] 1.震荡:✅(评分:85) | 5K:✅ | 2.基础:✅(K:✅ A:✅ W:✅:279.2) | 3.盈亏比:✅(区:✅ RR:✅:11.02 止损:25.3) | 4.靠轨:❌(多:❌ 空:❌) | 5.过滤:❌(触:❌:0 偏:bear) | 6.时效:✅(剩:34s) | ==> 多🔴 空🔴
2026-04-24 11:38:29,934 | [余额同步] 本地模式，初始资金: 10000.0 U
2026-04-24 11:38:29,935 | [账户监控] 无持仓
2026-04-24 11:38:30,075 | [开仓雷达] 1.震荡:✅(评分:85) | 5K:✅ | 2.基础:✅(K:✅ A:✅ W:✅:279.2) | 3.盈亏比:✅(区:✅ RR:✅:11.02 止损:25.3) | 4.靠轨:❌(多:❌ 空:❌) | 5.过滤:❌(触:❌:0 偏:bear) | 6.时效:✅(剩:31s) | ==> 多🔴 空🔴
2026-04-24 11:38:30,544 | [价格] Last:77642.6 | Mark:77650.1881087 | 延迟:0.0s | aggDelay:0.0s
2026-04-24 11:38:34,146 | [开仓雷达] 1.震荡:✅(评分:85) | 5K:✅ | 2.基础:✅(K:✅ A:✅ W:✅:279.2) | 3.盈亏比:✅(区:✅ RR:✅:11.02 止损:25.3) | 4.靠轨:❌(多:❌ 空:❌) | 5.过滤:❌(触:❌:0 偏:bear) | 6.时效:✅(剩:27s) | ==> 多🔴 空🔴
2026-04-24 11:38:35,770 | [价格] Last:77642.7 | Mark:77648.54569565 | 延迟:0.0s | aggDelay:0.0s
2026-04-24 11:38:36,271 | [开仓雷达] 1.震荡:✅(评分:85) | 5K:✅ | 2.基础:✅(K:✅ A:✅ W:✅:279.2) | 3.盈亏比:✅(区:✅ RR:✅:11.02 止损:25.3) | 4.靠轨:❌(多:❌ 空:❌) | 5.过滤:❌(触:❌:0 偏:bear) | 6.时效:✅(剩:25s) | ==> 多🔴 空🔴
2026-04-24 11:38:37,936 | [余额同步] 本地模式，初始资金: 10000.0 U
2026-04-24 11:38:37,938 | [账户监控] 无持仓
2026-04-24 11:38:38,548 | [开仓雷达] 1.震荡:✅(评分:85) | 5K:✅ | 2.基础:✅(K:✅ A:✅ W:✅:279.2) | 3.盈亏比:✅(区:✅ RR:✅:11.02 止损:25.3) | 4.靠轨:❌(多:❌ 空:❌) | 5.过滤:❌(触:❌:0 偏:bear) | 6.时效:✅(剩:23s) | ==> 多🔴 空🔴
2026-04-24 11:38:40,622 | [开仓雷达] 1.震荡:✅(评分:85) | 5K:✅ | 2.基础:✅(K:✅ A:✅ W:✅:279.2) | 3.盈亏比:✅(区:✅ RR:✅:11.02 止损:25.3) | 4.靠轨:❌(多:❌ 空:❌) | 5.过滤:❌(触:❌:0 偏:bear) | 6.时效:✅(剩:21s) | ==> 多🔴 空🔴
2026-04-24 11:38:40,880 | [价格] Last:77642.6 | Mark:77645.56782609 | 延迟:0.0s | aggDelay:0.0s
2026-04-24 11:38:42,921 | [开仓雷达] 1.震荡:✅(评分:85) | 5K:✅ | 2.基础:✅(K:✅ A:✅ W:✅:279.2) | 3.盈亏比:✅(区:✅ RR:✅:11.02 止损:25.3) | 4.靠轨:❌(多:❌ 空:❌) | 5.过滤:❌(触:❌:0 偏:bear) | 6.时效:✅(剩:19s) | ==> 多🔴 空🔴
2026-04-24 11:38:45,121 | [开仓雷达] 1.震荡:✅(评分:85) | 5K:✅ | 2.基础:✅(K:✅ A:✅ W:✅:279.2) | 3.盈亏比:✅(区:✅ RR:✅:11.02 止损:25.3) | 4.靠轨:❌(多:❌ 空:❌) | 5.过滤:❌(触:❌:0 偏:bear) | 6.时效:✅(剩:16s) | ==> 多🔴 空🔴
2026-04-24 11:38:45,883 | [价格] Last:77642.5 | Mark:77645.35913043 | 延迟:0.0s | aggDelay:0.0s
2026-04-24 11:38:45,939 | [余额同步] 本地模式，初始资金: 10000.0 U
2026-04-24 11:38:45,940 | [账户监控] 无持仓
2026-04-24 11:38:47,501 | [开仓雷达] 1.震荡:✅(评分:85) | 5K:✅ | 2.基础:✅(K:✅ A:✅ W:✅:279.2) | 3.盈亏比:✅(区:✅ RR:✅:11.02 止损:25.3) | 4.靠轨:❌(多:❌ 空:❌) | 5.过滤:❌(触:❌:0 偏:bear) | 6.时效:✅(剩:14s) | ==> 多🔴 空🔴
2026-04-24 11:38:49,855 | [开仓雷达] 1.震荡:✅(评分:85) | 5K:✅ | 2.基础:✅(K:✅ A:✅ W:✅:279.2) | 3.盈亏比:✅(区:✅ RR:✅:11.02 止损:25.3) | 4.靠轨:❌(多:❌ 空:❌) | 5.过滤:❌(触:❌:0 偏:bear) | 6.时效:✅(剩:12s) | ==> 多🔴 空🔴
2026-04-24 11:38:50,986 | [价格] Last:77642.6 | Mark:77643.53523913 | 延迟:0.0s | aggDelay:0.0s
2026-04-24 11:38:51,769 | [开仓雷达] 1.震荡:✅(评分:85) | 5K:✅ | 2.基础:✅(K:✅ A:✅ W:✅:279.2) | 3.盈亏比:✅(区:✅ RR:✅:11.02 止损:25.3) | 4.靠轨:❌(多:❌ 空:❌) | 5.过滤:❌(触:❌:0 偏:bear) | 6.时效:✅(剩:10s) | ==> 多🔴 空🔴
2026-04-24 11:38:53,941 | [余额同步] 本地模式，初始资金: 10000.0 U
2026-04-24 11:38:53,942 | [账户监控] 无持仓
2026-04-24 11:38:53,980 | [开仓雷达] 1.震荡:✅(评分:85) | 5K:✅ | 2.基础:✅(K:✅ A:✅ W:✅:279.2) | 3.盈亏比:✅(区:✅ RR:✅:11.02 止损:25.3) | 4.靠轨:❌(多:❌ 空:❌) | 5.过滤:❌(触:❌:0 偏:bear) | 6.时效:✅(剩:8s) | ==> 多🔴 空🔴
2026-04-24 11:38:56,043 | [价格] Last:77641.7 | Mark:77642.6 | 延迟:0.0s | aggDelay:0.0s
2026-04-24 11:38:56,044 | [开仓雷达] 1.震荡:✅(评分:85) | 5K:✅ | 2.基础:✅(K:✅ A:✅ W:✅:279.2) | 3.盈亏比:✅(区:✅ RR:✅:11.02 止损:25.3) | 4.靠轨:❌(多:❌ 空:❌) | 5.过滤:❌(触:❌:0 偏:bull) | 6.时效:✅(剩:5s) | ==> 多🔴 空🔴
2026-04-24 11:38:58,281 | [开仓雷达] 1.震荡:✅(评分:85) | 5K:✅ | 2.基础:✅(K:✅ A:✅ W:✅:279.2) | 3.盈亏比:✅(区:✅ RR:✅:11.02 止损:25.3) | 4.靠轨:❌(多:❌ 空:❌) | 5.过滤:❌(触:❌:0 偏:bear) | 6.时效:✅(剩:3s) | ==> 多🔴 空🔴
2026-04-24 11:39:00,505 | [开仓雷达] 1.震荡:✅(评分:85) | 5K:✅ | 2.基础:✅(K:✅ A:✅ W:✅:279.2) | 3.盈亏比:✅(区:✅ RR:✅:11.02 止损:25.3) | 4.靠轨:❌(多:❌ 空:❌) | 5.过滤:❌(触:❌:0 偏:bull) | 6.时效:✅(剩:1s) | ==> 多🔴 空🔴
2026-04-24 11:39:01,373 | [价格] Last:77629.6 | Mark:77638.5630942 | 延迟:0.0s | aggDelay:0.0s
2026-04-24 11:39:02,080 | [余额同步] 本地模式，初始资金: 10000.0 U
2026-04-24 11:39:02,257 | [账户监控] 无持仓
2026-04-24 11:39:04,020 | [开仓雷达] 1.震荡:✅(评分:85) | 5K:✅ | 2.基础:✅(K:✅ A:✅ W:✅:249.2) | 3.盈亏比:✅(区:✅ RR:✅:10.86 止损:22.9) | 4.靠轨:❌(多:❌ 空:❌) | 5.过滤:❌(触:❌:0 偏:bear) | 6.时效:✅(剩:117s) | ==> 多🔴 空🔴
2026-04-24 11:39:06,315 | [开仓雷达] 1.震荡:✅(评分:85) | 5K:✅ | 2.基础:✅(K:✅ A:✅ W:✅:249.2) | 3.盈亏比:✅(区:✅ RR:✅:10.86 止损:22.9) | 4.靠轨:❌(多:❌ 空:❌) | 5.过滤:❌(触:❌:0 偏:bear) | 6.时效:✅(剩:115s) | ==> 多🔴 空🔴
2026-04-24 11:39:06,546 | [价格] Last:77612.5 | Mark:77636.21744203 | 延迟:0.0s | aggDelay:0.0s
2026-04-24 11:39:08,755 | [开仓雷达] 1.震荡:✅(评分:85) | 5K:✅ | 2.基础:✅(K:✅ A:✅ W:✅:249.2) | 3.盈亏比:✅(区:✅ RR:✅:10.86 止损:22.9) | 4.靠轨:❌(多:❌ 空:❌) | 5.过滤:❌(触:❌:0 偏:neutral) | 6.时效:✅(剩:113s) | ==> 多🔴 空🔴
2026-04-24 11:39:10,258 | [余额同步] 本地模式，初始资金: 10000.0 U
2026-04-24 11:39:10,259 | [账户监控] 无持仓
2026-04-24 11:39:10,846 | [开仓雷达] 1.震荡:✅(评分:85) | 5K:✅ | 2.基础:✅(K:✅ A:✅ W:✅:249.2) | 3.盈亏比:✅(区:✅ RR:✅:10.86 止损:22.9) | 4.靠轨:❌(多:❌ 空:❌) | 5.过滤:❌(触:❌:0 偏:neutral) | 6.时效:✅(剩:111s) | ==> 多🔴 空🔴
2026-04-24 11:39:11,749 | [价格] Last:77612.5 | Mark:77619.96912294 | 延迟:0.0s | aggDelay:0.0s
2026-04-24 11:39:12,933 | [开仓雷达] 1.震荡:✅(评分:85) | 5K:✅ | 2.基础:✅(K:✅ A:✅ W:✅:249.2) | 3.盈亏比:✅(区:✅ RR:✅:10.86 止损:22.9) | 4.靠轨:❌(多:❌ 空:❌) | 5.过滤:❌(触:❌:0 偏:bear) | 6.时效:✅(剩:108s) | ==> 多🔴 空🔴
2026-04-24 11:39:15,101 | [开仓雷达] 1.震荡:✅(评分:85) | 5K:✅ | 2.基础:✅(K:✅ A:✅ W:✅:249.2) | 3.盈亏比:✅(区:✅ RR:✅:10.86 止损:22.9) | 4.靠轨:❌(多:❌ 空:❌) | 5.过滤:❌(触:❌:0 偏:bull) | 6.时效:✅(剩:106s) | ==> 多🔴 空🔴
2026-04-24 11:39:17,239 | [价格] Last:77632.7 | Mark:77632.2 | 延迟:0.0s | aggDelay:0.0s
2026-04-24 11:39:17,378 | [开仓雷达] 1.震荡:✅(评分:85) | 5K:✅ | 2.基础:✅(K:✅ A:✅ W:✅:249.2) | 3.盈亏比:✅(区:✅ RR:✅:10.86 止损:22.9) | 4.靠轨:❌(多:❌ 空:❌) | 5.过滤:❌(触:❌:0 偏:bear) | 6.时效:✅(剩:104s) | ==> 多🔴 空🔴
2026-04-24 11:39:19,101 | [余额同步] 本地模式，初始资金: 10000.0 U
2026-04-24 11:39:19,109 | [账户监控] 无持仓
2026-04-24 11:39:19,296 | [开仓雷达] 1.震荡:✅(评分:85) | 5K:✅ | 2.基础:✅(K:✅ A:✅ W:✅:249.2) | 3.盈亏比:✅(区:✅ RR:✅:10.86 止损:22.9) | 4.靠轨:❌(多:❌ 空:❌) | 5.过滤:❌(触:❌:0 偏:bear) | 6.时效:✅(剩:102s) | ==> 多🔴 空🔴
2026-04-24 11:39:21,394 | [开仓雷达] 1.震荡:✅(评分:85) | 5K:✅ | 2.基础:✅(K:✅ A:✅ W:✅:249.2) | 3.盈亏比:✅(区:✅ RR:✅:10.86 止损:22.9) | 4.靠轨:❌(多:❌ 空:❌) | 5.过滤:❌(触:❌:0 偏:bear) | 6.时效:✅(剩:100s) | ==> 多🔴 空🔴
2026-04-24 11:39:22,092 | [价格] Last:77632.3 | Mark:77632.3 | 延迟:0.0s | aggDelay:0.0s
2026-04-24 11:39:23,426 | [开仓雷达] 1.震荡:✅(评分:85) | 5K:✅ | 2.基础:✅(K:✅ A:✅ W:✅:249.2) | 3.盈亏比:✅(区:✅ RR:✅:10.86 止损:22.9) | 4.靠轨:❌(多:❌ 空:❌) | 5.过滤:❌(触:❌:0 偏:bear) | 6.时效:✅(剩:98s) | ==> 多🔴 空🔴
2026-04-24 11:39:25,560 | [开仓雷达] 1.震荡:✅(评分:85) | 5K:✅ | 2.基础:✅(K:✅ A:✅ W:✅:249.2) | 3.盈亏比:✅(区:✅ RR:✅:10.86 止损:22.9) | 4.靠轨:❌(多:❌ 空:❌) | 5.过滤:❌(触:❌:0 偏:bear) | 6.时效:✅(剩:96s) | ==> 多🔴 空🔴
2026-04-24 11:39:27,110 | [余额同步] 本地模式，初始资金: 10000.0 U
2026-04-24 11:39:27,110 | [账户监控] 无持仓
2026-04-24 11:39:27,303 | [价格] Last:77632.3 | Mark:77632.2 | 延迟:0.0s | aggDelay:0.0s
2026-04-24 11:39:27,579 | [开仓雷达] 1.震荡:✅(评分:85) | 5K:✅ | 2.基础:✅(K:✅ A:✅ W:✅:249.2) | 3.盈亏比:✅(区:✅ RR:✅:10.86 止损:22.9) | 4.靠轨:❌(多:❌ 空:❌) | 5.过滤:❌(触:❌:0 偏:bear) | 6.时效:✅(剩:94s) | ==> 多🔴 空🔴
2026-04-24 11:39:29,791 | [开仓雷达] 1.震荡:✅(评分:85) | 5K:✅ | 2.基础:✅(K:✅ A:✅ W:✅:249.2) | 3.盈亏比:✅(区:✅ RR:✅:10.86 止损:22.9) | 4.靠轨:❌(多:❌ 空:❌) | 5.过滤:❌(触:❌:0 偏:bull) | 6.时效:✅(剩:92s) | ==> 多🔴 空🔴
2026-04-24 11:39:32,269 | [开仓雷达] 1.震荡:✅(评分:85) | 5K:✅ | 2.基础:✅(K:✅ A:✅ W:✅:249.2) | 3.盈亏比:✅(区:✅ RR:✅:10.86 止损:22.9) | 4.靠轨:❌(多:❌ 空:❌) | 5.过滤:❌(触:❌:0 偏:neutral) | 6.时效:✅(剩:89s) | ==> 多🔴 空🔴
2026-04-24 11:39:32,958 | [价格] Last:77633.5 | Mark:77632.9 | 延迟:0.0s | aggDelay:0.0s
2026-04-24 11:39:34,358 | [开仓雷达] 1.震荡:✅(评分:85) | 5K:✅ | 2.基础:✅(K:✅ A:✅ W:✅:249.2) | 3.盈亏比:✅(区:✅ RR:✅:10.86 止损:22.9) | 4.靠轨:❌(多:❌ 空:❌) | 5.过滤:❌(触:❌:0 偏:bear) | 6.时效:✅(剩:87s) | ==> 多🔴 空🔴
2026-04-24 11:39:35,111 | [余额同步] 本地模式，初始资金: 10000.0 U
2026-04-24 11:39:35,111 | [账户监控] 无持仓
2026-04-24 11:39:36,901 | [开仓雷达] 1.震荡:✅(评分:85) | 5K:✅ | 2.基础:✅(K:✅ A:✅ W:✅:249.2) | 3.盈亏比:✅(区:✅ RR:✅:10.86 止损:22.9) | 4.靠轨:❌(多:❌ 空:❌) | 5.过滤:❌(触:❌:0 偏:bear) | 6.时效:✅(剩:84s) | ==> 多🔴 空🔴
2026-04-24 11:39:38,101 | [价格] Last:77632.3 | Mark:77632.3 | 延迟:0.0s | aggDelay:0.0s
2026-04-24 11:39:39,123 | [开仓雷达] 1.震荡:✅(评分:85) | 5K:✅ | 2.基础:✅(K:✅ A:✅ W:✅:249.2) | 3.盈亏比:✅(区:✅ RR:✅:10.86 止损:22.9) | 4.靠轨:❌(多:❌ 空:❌) | 5.过滤:❌(触:❌:0 偏:bear) | 6.时效:✅(剩:82s) | ==> 多🔴 空🔴
2026-04-24 11:39:41,577 | [开仓雷达] 1.震荡:✅(评分:85) | 5K:✅ | 2.基础:✅(K:✅ A:✅ W:✅:249.2) | 3.盈亏比:✅(区:✅ RR:✅:10.86 止损:22.9) | 4.靠轨:❌(多:❌ 空:❌) | 5.过滤:❌(触:❌:0 偏:bear) | 6.时效:✅(剩:80s) | ==> 多🔴 空🔴
2026-04-24 11:39:43,112 | [余额同步] 本地模式，初始资金: 10000.0 U
2026-04-24 11:39:43,114 | [账户监控] 无持仓
2026-04-24 11:39:43,331 | [价格] Last:77632.2 | Mark:77632.3 | 延迟:0.0s | aggDelay:0.0s
2026-04-24 11:39:43,661 | [开仓雷达] 1.震荡:✅(评分:85) | 5K:✅ | 2.基础:✅(K:✅ A:✅ W:✅:249.2) | 3.盈亏比:✅(区:✅ RR:✅:10.86 止损:22.9) | 4.靠轨:❌(多:❌ 空:❌) | 5.过滤:❌(触:❌:0 偏:bear) | 6.时效:✅(剩:78s) | ==> 多🔴 空🔴
2026-04-24 11:39:45,860 | [开仓雷达] 1.震荡:✅(评分:85) | 5K:✅ | 2.基础:✅(K:✅ A:✅ W:✅:249.2) | 3.盈亏比:✅(区:✅ RR:✅:10.86 止损:22.9) | 4.靠轨:❌(多:❌ 空:❌) | 5.过滤:❌(触:❌:0 偏:bear) | 6.时效:✅(剩:76s) | ==> 多🔴 空🔴
2026-04-24 11:39:48,791 | [价格] Last:77629.8 | Mark:77634.09872464 | 延迟:0.0s | aggDelay:0.0s
2026-04-24 11:39:48,792 | [开仓雷达] 1.震荡:✅(评分:85) | 5K:✅ | 2.基础:✅(K:✅ A:✅ W:✅:249.2) | 3.盈亏比:✅(区:✅ RR:✅:10.86 止损:22.9) | 4.靠轨:❌(多:❌ 空:❌) | 5.过滤:❌(触:❌:0 偏:bull) | 6.时效:✅(剩:73s) | ==> 多🔴 空🔴
2026-04-24 11:39:50,802 | [开仓雷达] 1.震荡:✅(评分:85) | 5K:✅ | 2.基础:✅(K:✅ A:✅ W:✅:249.2) | 3.盈亏比:✅(区:✅ RR:✅:10.86 止损:22.9) | 4.靠轨:❌(多:❌ 空:❌) | 5.过滤:❌(触:❌:0 偏:bull) | 6.时效:✅(剩:71s) | ==> 多🔴 空🔴
2026-04-24 11:39:51,115 | [余额同步] 本地模式，初始资金: 10000.0 U
2026-04-24 11:39:51,115 | [账户监控] 无持仓
2026-04-24 11:39:53,204 | [开仓雷达] 1.震荡:✅(评分:85) | 5K:✅ | 2.基础:✅(K:✅ A:✅ W:✅:249.2) | 3.盈亏比:✅(区:✅ RR:✅:10.86 止损:22.9) | 4.靠轨:❌(多:❌ 空:❌) | 5.过滤:❌(触:❌:0 偏:bull) | 6.时效:✅(剩:68s) | ==> 多🔴 空🔴
2026-04-24 11:39:53,633 | [价格] Last:77632.1 | Mark:77633.09913768 | 延迟:0.0s | aggDelay:0.0s
2026-04-24 11:39:55,368 | [开仓雷达] 1.震荡:✅(评分:85) | 5K:✅ | 2.基础:✅(K:✅ A:✅ W:✅:249.2) | 3.盈亏比:✅(区:✅ RR:✅:10.86 止损:22.9) | 4.靠轨:❌(多:❌ 空:❌) | 5.过滤:❌(触:❌:0 偏:bull) | 6.时效:✅(剩:66s) | ==> 多🔴 空🔴
2026-04-24 11:39:57,378 | [开仓雷达] 1.震荡:✅(评分:85) | 5K:✅ | 2.基础:✅(K:✅ A:✅ W:✅:249.2) | 3.盈亏比:✅(区:✅ RR:✅:10.86 止损:22.9) | 4.靠轨:❌(多:❌ 空:❌) | 5.过滤:❌(触:❌:0 偏:bear) | 6.时效:✅(剩:64s) | ==> 多🔴 空🔴
2026-04-24 11:39:59,071 | [价格] Last:77632.1 | Mark:77632.44605797 | 延迟:0.0s | aggDelay:0.0s
2026-04-24 11:39:59,116 | [余额同步] 本地模式，初始资金: 10000.0 U
2026-04-24 11:39:59,116 | [账户监控] 无持仓
2026-04-24 11:39:59,560 | [开仓雷达] 1.震荡:✅(评分:85) | 5K:✅ | 2.基础:✅(K:✅ A:✅ W:✅:249.2) | 3.盈亏比:✅(区:✅ RR:✅:10.86 止损:22.9) | 4.靠轨:❌(多:❌ 空:❌) | 5.过滤:❌(触:❌:0 偏:bear) | 6.时效:✅(剩:62s) | ==> 多🔴 空🔴
2026-04-24 11:40:01,612 | [开仓雷达] 1.震荡:✅(评分:85) | 5K:✅ | 2.基础:✅(K:✅ A:✅ W:✅:200.0) | 3.盈亏比:✅(区:✅ RR:✅:10.00 止损:20.0) | 4.靠轨:❌(多:❌ 空:❌) | 5.过滤:❌(触:❌:0 偏:bear) | 6.时效:✅(剩:120s) | ==> 多🔴 空🔴
2026-04-24 11:40:05,225 | [价格] Last:77625.7 | Mark:77631.60496252 | 延迟:0.0s | aggDelay:0.0s
2026-04-24 11:40:05,226 | [开仓雷达] 1.震荡:✅(评分:85) | 5K:✅ | 2.基础:✅(K:✅ A:✅ W:✅:200.0) | 3.盈亏比:✅(区:✅ RR:✅:10.00 止损:20.0) | 4.靠轨:❌(多:❌ 空:❌) | 5.过滤:❌(触:❌:0 偏:bear) | 6.时效:✅(剩:116s) | ==> 多🔴 空🔴
2026-04-24 11:40:07,117 | [余额同步] 本地模式，初始资金: 10000.0 U
2026-04-24 11:40:07,119 | [账户监控] 无持仓
2026-04-24 11:40:07,571 | [开仓雷达] 1.震荡:✅(评分:85) | 5K:✅ | 2.基础:✅(K:✅ A:✅ W:✅:200.0) | 3.盈亏比:✅(区:✅ RR:✅:10.00 止损:20.0) | 4.靠轨:❌(多:❌ 空:❌) | 5.过滤:❌(触:❌:0 偏:bear) | 6.时效:✅(剩:114s) | ==> 多🔴 空🔴
2026-04-24 11:40:09,835 | [开仓雷达] 1.震荡:✅(评分:85) | 5K:✅ | 2.基础:✅(K:✅ A:✅ W:✅:200.0) | 3.盈亏比:✅(区:✅ RR:✅:10.00 止损:20.0) | 4.靠轨:❌(多:❌ 空:❌) | 5.过滤:❌(触:❌:0 偏:bear) | 6.时效:✅(剩:112s) | ==> 多🔴 空🔴
2026-04-24 11:40:10,382 | [价格] Last:77601.8 | Mark:77624.01136232 | 延迟:0.0s | aggDelay:0.0s
2026-04-24 11:40:11,930 | [开仓雷达] 1.震荡:✅(评分:85) | 5K:✅ | 2.基础:✅(K:✅ A:✅ W:✅:200.0) | 3.盈亏比:✅(区:✅ RR:✅:10.00 止损:20.0) | 4.靠轨:❌(多:❌ 空:❌) | 5.过滤:❌(触:❌:0 偏:bull) | 6.时效:✅(剩:109s) | ==> 多🔴 空🔴
2026-04-24 11:40:14,250 | [开仓雷达] 1.震荡:✅(评分:85) | 5K:✅ | 2.基础:✅(K:✅ A:✅ W:✅:200.0) | 3.盈亏比:✅(区:✅ RR:✅:10.00 止损:20.0) | 4.靠轨:❌(多:❌ 空:❌) | 5.过滤:❌(触:❌:0 偏:neutral) | 6.时效:✅(剩:107s) | ==> 多🔴 空🔴
2026-04-24 11:40:15,120 | [余额同步] 本地模式，初始资金: 10000.0 U
2026-04-24 11:40:15,120 | [账户监控] 无持仓
2026-04-24 11:40:15,882 | [价格] Last:77612.7 | Mark:77613.34745652 | 延迟:0.0s | aggDelay:0.0s
2026-04-24 11:40:16,384 | [开仓雷达] 1.震荡:✅(评分:85) | 5K:✅ | 2.基础:✅(K:✅ A:✅ W:✅:200.0) | 3.盈亏比:✅(区:✅ RR:✅:10.00 止损:20.0) | 4.靠轨:❌(多:❌ 空:❌) | 5.过滤:❌(触:❌:0 偏:neutral) | 6.时效:✅(剩:105s) | ==> 多🔴 空🔴
2026-04-24 11:40:19,345 | [开仓雷达] 1.震荡:✅(评分:85) | 5K:✅ | 2.基础:✅(K:✅ A:✅ W:✅:200.0) | 3.盈亏比:✅(区:✅ RR:✅:10.00 止损:20.0) | 4.靠轨:❌(多:❌ 空:❌) | 5.过滤:❌(触:❌:0 偏:bull) | 6.时效:✅(剩:102s) | ==> 多🔴 空🔴
2026-04-24 11:40:21,029 | [价格] Last:77612.7 | Mark:77612.6 | 延迟:0.0s | aggDelay:0.0s
2026-04-24 11:40:21,385 | [开仓雷达] 1.震荡:✅(评分:85) | 5K:✅ | 2.基础:✅(K:✅ A:✅ W:✅:200.0) | 3.盈亏比:✅(区:✅ RR:✅:10.00 止损:20.0) | 4.靠轨:❌(多:❌ 空:❌) | 5.过滤:❌(触:❌:0 偏:bull) | 6.时效:✅(剩:100s) | ==> 多🔴 空🔴
2026-04-24 11:40:23,121 | [余额同步] 本地模式，初始资金: 10000.0 U
2026-04-24 11:40:23,122 | [账户监控] 无持仓
2026-04-24 11:40:23,654 | [开仓雷达] 1.震荡:✅(评分:85) | 5K:✅ | 2.基础:✅(K:✅ A:✅ W:✅:200.0) | 3.盈亏比:✅(区:✅ RR:✅:10.00 止损:20.0) | 4.靠轨:❌(多:❌ 空:❌) | 5.过滤:❌(触:❌:0 偏:neutral) | 6.时效:✅(剩:98s) | ==> 多🔴 空🔴
2026-04-24 11:40:25,735 | [开仓雷达] 1.震荡:✅(评分:85) | 5K:✅ | 2.基础:✅(K:✅ A:✅ W:✅:200.0) | 3.盈亏比:✅(区:✅ RR:✅:10.00 止损:20.0) | 4.靠轨:❌(多:❌ 空:❌) | 5.过滤:❌(触:❌:0 偏:bull) | 6.时效:✅(剩:96s) | ==> 多🔴 空🔴
2026-04-24 11:40:26,317 | [价格] Last:77618.4 | Mark:77618.4 | 延迟:0.0s | aggDelay:0.0s
2026-04-24 11:40:27,839 | [开仓雷达] 1.震荡:✅(评分:85) | 5K:✅ | 2.基础:✅(K:✅ A:✅ W:✅:200.0) | 3.盈亏比:✅(区:✅ RR:✅:10.00 止损:20.0) | 4.靠轨:❌(多:❌ 空:❌) | 5.过滤:❌(触:❌:0 偏:bull) | 6.时效:✅(剩:94s) | ==> 多🔴 空🔴
2026-04-24 11:40:30,132 | [开仓雷达] 1.震荡:✅(评分:85) | 5K:✅ | 2.基础:✅(K:✅ A:✅ W:✅:200.0) | 3.盈亏比:✅(区:✅ RR:✅:10.00 止损:20.0) | 4.靠轨:❌(多:❌ 空:❌) | 5.过滤:❌(触:❌:0 偏:bull) | 6.时效:✅(剩:91s) | ==> 多🔴 空🔴
2026-04-24 11:40:31,123 | [余额同步] 本地模式，初始资金: 10000.0 U
2026-04-24 11:40:31,125 | [账户监控] 无持仓
2026-04-24 11:40:31,984 | [价格] Last:77618.4 | Mark:77618.4 | 延迟:0.0s | aggDelay:0.0s
2026-04-24 11:40:32,538 | [开仓雷达] 1.震荡:✅(评分:85) | 5K:✅ | 2.基础:✅(K:✅ A:✅ W:✅:200.0) | 3.盈亏比:✅(区:✅ RR:✅:10.00 止损:20.0) | 4.靠轨:❌(多:❌ 空:❌) | 5.过滤:❌(触:❌:0 偏:bull) | 6.时效:✅(剩:89s) | ==> 多🔴 空🔴
2026-04-24 11:40:34,463 | [开仓雷达] 1.震荡:✅(评分:85) | 5K:✅ | 2.基础:✅(K:✅ A:✅ W:✅:200.0) | 3.盈亏比:✅(区:✅ RR:✅:10.00 止损:20.0) | 4.靠轨:❌(多:❌ 空:❌) | 5.过滤:❌(触:❌:0 偏:bull) | 6.时效:✅(剩:87s) | ==> 多🔴 空🔴
2026-04-24 11:40:36,778 | [开仓雷达] 1.震荡:✅(评分:85) | 5K:✅ | 2.基础:✅(K:✅ A:✅ W:✅:200.0) | 3.盈亏比:✅(区:✅ RR:✅:10.00 止损:20.0) | 4.靠轨:❌(多:❌ 空:❌) | 5.过滤:❌(触:❌:0 偏:bull) | 6.时效:✅(剩:85s) | ==> 多🔴 空🔴
2026-04-24 11:40:37,064 | [价格] Last:77637.7 | Mark:77637.7 | 延迟:0.0s | aggDelay:0.0s
2026-04-24 11:40:38,942 | [开仓雷达] 1.震荡:✅(评分:85) | 5K:✅ | 2.基础:✅(K:✅ A:✅ W:✅:200.0) | 3.盈亏比:✅(区:✅ RR:✅:10.00 止损:20.0) | 4.靠轨:❌(多:❌ 空:❌) | 5.过滤:❌(触:❌:0 偏:bull) | 6.时效:✅(剩:82s) | ==> 多🔴 空🔴
2026-04-24 11:40:39,125 | [余额同步] 本地模式，初始资金: 10000.0 U
2026-04-24 11:40:39,126 | [账户监控] 无持仓
2026-04-24 11:40:40,960 | [开仓雷达] 1.震荡:✅(评分:85) | 5K:✅ | 2.基础:✅(K:✅ A:✅ W:✅:200.0) | 3.盈亏比:✅(区:✅ RR:✅:10.00 止损:20.0) | 4.靠轨:❌(多:❌ 空:❌) | 5.过滤:❌(触:❌:0 偏:bear) | 6.时效:✅(剩:80s) | ==> 多🔴 空🔴
2026-04-24 11:40:42,089 | [价格] Last:77627.5 | Mark:77637.7 | 延迟:0.0s | aggDelay:0.0s
2026-04-24 11:40:42,962 | [开仓雷达] 1.震荡:✅(评分:85) | 5K:✅ | 2.基础:✅(K:✅ A:✅ W:✅:200.0) | 3.盈亏比:✅(区:✅ RR:✅:10.00 止损:20.0) | 4.靠轨:❌(多:❌ 空:❌) | 5.过滤:❌(触:❌:0 偏:bear) | 6.时效:✅(剩:78s) | ==> 多🔴 空🔴
2026-04-24 11:40:44,978 | [开仓雷达] 1.震荡:✅(评分:85) | 5K:✅ | 2.基础:✅(K:✅ A:✅ W:✅:200.0) | 3.盈亏比:✅(区:✅ RR:✅:10.00 止损:20.0) | 4.靠轨:❌(多:❌ 空:❌) | 5.过滤:❌(触:❌:0 偏:bear) | 6.时效:✅(剩:76s) | ==> 多🔴 空🔴
2026-04-24 11:40:47,292 | [余额同步] 本地模式，初始资金: 10000.0 U
2026-04-24 11:40:47,294 | [账户监控] 无持仓
2026-04-24 11:40:47,295 | [价格] Last:77627.6 | Mark:77633.09113768 | 延迟:0.0s | aggDelay:0.0s
2026-04-24 11:40:47,295 | [开仓雷达] 1.震荡:✅(评分:85) | 5K:✅ | 2.基础:✅(K:✅ A:✅ W:✅:200.0) | 3.盈亏比:✅(区:✅ RR:✅:10.00 止损:20.0) | 4.靠轨:❌(多:❌ 空:❌) | 5.过滤:❌(触:❌:0 偏:bear) | 6.时效:✅(剩:74s) | ==> 多🔴 空🔴
2026-04-24 11:40:49,307 | [开仓雷达] 1.震荡:✅(评分:85) | 5K:✅ | 2.基础:✅(K:✅ A:✅ W:✅:200.0) | 3.盈亏比:✅(区:✅ RR:✅:10.00 止损:20.0) | 4.靠轨:❌(多:❌ 空:❌) | 5.过滤:❌(触:❌:0 偏:bear) | 6.时效:✅(剩:72s) | ==> 多🔴 空🔴
2026-04-24 11:40:51,949 | [开仓雷达] 1.震荡:✅(评分:85) | 5K:✅ | 2.基础:✅(K:✅ A:✅ W:✅:200.0) | 3.盈亏比:✅(区:✅ RR:✅:10.00 止损:20.0) | 4.靠轨:❌(多:❌ 空:❌) | 5.过滤:❌(触:❌:0 偏:bear) | 6.时效:✅(剩:69s) | ==> 多🔴 空🔴
2026-04-24 11:40:52,684 | [价格] Last:77627.6 | Mark:77632.58663768 | 延迟:0.0s | aggDelay:0.0s
2026-04-24 11:40:54,035 | [开仓雷达] 1.震荡:✅(评分:85) | 5K:✅ | 2.基础:✅(K:✅ A:✅ W:✅:200.0) | 3.盈亏比:✅(区:✅ RR:✅:10.00 止损:20.0) | 4.靠轨:❌(多:❌ 空:❌) | 5.过滤:❌(触:❌:0 偏:bear) | 6.时效:✅(剩:67s) | ==> 多🔴 空🔴
2026-04-24 11:40:55,296 | [余额同步] 本地模式，初始资金: 10000.0 U
2026-04-24 11:40:55,301 | [账户监控] 无持仓
2026-04-24 11:40:56,275 | [开仓雷达] 1.震荡:✅(评分:85) | 5K:✅ | 2.基础:✅(K:✅ A:✅ W:✅:200.0) | 3.盈亏比:✅(区:✅ RR:✅:10.00 止损:20.0) | 4.靠轨:❌(多:❌ 空:❌) | 5.过滤:❌(触:❌:0 偏:bear) | 6.时效:✅(剩:65s) | ==> 多🔴 空🔴
2026-04-24 11:40:57,946 | [价格] Last:77627.5 | Mark:77632.2518913 | 延迟:0.0s | aggDelay:0.6s
2026-04-24 11:40:58,297 | [开仓雷达] 1.震荡:✅(评分:85) | 5K:✅ | 2.基础:✅(K:✅ A:✅ W:✅:200.0) | 3.盈亏比:✅(区:✅ RR:✅:10.00 止损:20.0) | 4.靠轨:❌(多:❌ 空:❌) | 5.过滤:❌(触:❌:0 偏:bear) | 6.时效:✅(剩:63s) | ==> 多🔴 空🔴
2026-04-24 11:41:00,595 | [开仓雷达] 1.震荡:✅(评分:85) | 5K:✅ | 2.基础:✅(K:✅ A:✅ W:✅:200.0) | 3.盈亏比:✅(区:✅ RR:✅:10.00 止损:20.0) | 4.靠轨:❌(多:❌ 空:❌) | 5.过滤:❌(触:❌:0 偏:bear) | 6.时效:✅(剩:61s) | ==> 多🔴 空🔴
2026-04-24 11:41:02,856 | [开仓雷达] 1.震荡:✅(评分:85) | 5K:✅ | 2.基础:✅(K:✅ A:✅ W:✅:191.5) | 3.盈亏比:✅(区:✅ RR:✅:9.57 止损:20.0) | 4.靠轨:❌(多:❌ 空:❌) | 5.过滤:❌(触:❌:0 偏:bear) | 6.时效:✅(剩:59s) | ==> 多🔴 空🔴
2026-04-24 11:41:03,248 | [价格] Last:77618.5 | Mark:77631.14786357 | 延迟:0.0s | aggDelay:0.0s
2026-04-24 11:41:03,562 | [余额同步] 本地模式，初始资金: 10000.0 U
2026-04-24 11:41:04,411 | [账户监控] 无持仓
2026-04-24 11:41:04,895 | [开仓雷达] 1.震荡:✅(评分:85) | 5K:✅ | 2.基础:✅(K:✅ A:✅ W:✅:191.5) | 3.盈亏比:✅(区:✅ RR:✅:9.57 止损:20.0) | 4.靠轨:❌(多:❌ 空:❌) | 5.过滤:❌(触:❌:0 偏:bear) | 6.时效:✅(剩:56s) | ==> 多🔴 空🔴
2026-04-24 11:41:06,969 | [开仓雷达] 1.震荡:✅(评分:85) | 5K:✅ | 2.基础:✅(K:✅ A:✅ W:✅:191.5) | 3.盈亏比:✅(区:✅ RR:✅:9.57 止损:20.0) | 4.靠轨:❌(多:❌ 空:❌) | 5.过滤:❌(触:❌:0 偏:bear) | 6.时效:✅(剩:54s) | ==> 多🔴 空🔴
2026-04-24 11:41:08,361 | [价格] Last:77618.5 | Mark:77620.85931884 | 延迟:0.0s | aggDelay:0.0s
2026-04-24 11:41:09,435 | [开仓雷达] 1.震荡:✅(评分:85) | 5K:✅ | 2.基础:✅(K:✅ A:✅ W:✅:191.5) | 3.盈亏比:✅(区:✅ RR:✅:9.57 止损:20.0) | 4.靠轨:❌(多:❌ 空:❌) | 5.过滤:❌(触:❌:0 偏:bear) | 6.时效:✅(剩:52s) | ==> 多🔴 空🔴
2026-04-24 11:41:11,648 | [开仓雷达] 1.震荡:✅(评分:85) | 5K:✅ | 2.基础:✅(K:✅ A:✅ W:✅:191.5) | 3.盈亏比:✅(区:✅ RR:✅:9.57 止损:20.0) | 4.靠轨:❌(多:❌ 空:❌) | 5.过滤:❌(触:❌:0 偏:neutral) | 6.时效:✅(剩:50s) | ==> 多🔴 空🔴
2026-04-24 11:41:12,411 | [余额同步] 本地模式，初始资金: 10000.0 U
2026-04-24 11:41:12,412 | [账户监控] 无持仓
2026-04-24 11:41:13,436 | [价格] Last:77618.5 | Mark:77618.76168841 | 延迟:0.0s | aggDelay:0.0s
2026-04-24 11:41:13,678 | [开仓雷达] 1.震荡:✅(评分:85) | 5K:✅ | 2.基础:✅(K:✅ A:✅ W:✅:191.5) | 3.盈亏比:✅(区:✅ RR:✅:9.57 止损:20.0) | 4.靠轨:❌(多:❌ 空:❌) | 5.过滤:❌(触:❌:0 偏:bear) | 6.时效:✅(剩:48s) | ==> 多🔴 空🔴
2026-04-24 11:41:15,957 | [开仓雷达] 1.震荡:✅(评分:85) | 5K:✅ | 2.基础:✅(K:✅ A:✅ W:✅:191.5) | 3.盈亏比:✅(区:✅ RR:✅:9.57 止损:20.0) | 4.靠轨:❌(多:❌ 空:❌) | 5.过滤:❌(触:❌:0 偏:bull) | 6.时效:✅(剩:45s) | ==> 多🔴 空🔴
2026-04-24 11:41:18,006 | [开仓雷达] 1.震荡:✅(评分:85) | 5K:✅ | 2.基础:✅(K:✅ A:✅ W:✅:191.5) | 3.盈亏比:✅(区:✅ RR:✅:9.57 止损:20.0) | 4.靠轨:❌(多:❌ 空:❌) | 5.过滤:❌(触:❌:0 偏:bull) | 6.时效:✅(剩:43s) | ==> 多🔴 空🔴
2026-04-24 11:41:19,171 | [价格] Last:77613.1 | Mark:77613.2 | 延迟:0.0s | aggDelay:0.0s
2026-04-24 11:41:20,031 | [开仓雷达] 1.震荡:✅(评分:85) | 5K:✅ | 2.基础:✅(K:✅ A:✅ W:✅:191.5) | 3.盈亏比:✅(区:✅ RR:✅:9.57 止损:20.0) | 4.靠轨:❌(多:❌ 空:❌) | 5.过滤:❌(触:❌:0 偏:neutral) | 6.时效:✅(剩:41s) | ==> 多🔴 空🔴
2026-04-24 11:41:22,079 | [余额同步] 本地模式，初始资金: 10000.0 U
2026-04-24 11:41:22,080 | [开仓雷达] 1.震荡:✅(评分:85) | 5K:✅ | 2.基础:✅(K:✅ A:✅ W:✅:191.5) | 3.盈亏比:✅(区:✅ RR:✅:9.58 止损:20.0) | 4.靠轨:❌(多:❌ 空:❌) | 5.过滤:❌(触:❌:0 偏:neutral) | 6.时效:✅(剩:39s) | ==> 多🔴 空🔴
2026-04-24 11:41:22,082 | [账户监控] 无持仓
2026-04-24 11:41:24,232 | [价格] Last:77590.1 | Mark:77613.2 | 延迟:0.0s | aggDelay:0.0s
2026-04-24 11:41:24,233 | [开仓雷达] 1.震荡:✅(评分:85) | 5K:✅ | 2.基础:✅(K:✅ A:✅ W:✅:191.5) | 3.盈亏比:✅(区:✅ RR:✅:9.57 止损:20.0) | 4.靠轨:❌(多:❌ 空:❌) | 5.过滤:❌(触:❌:0 偏:bear) | 6.时效:✅(剩:37s) | ==> 多🔴 空🔴
2026-04-24 11:41:26,471 | [开仓雷达] 1.震荡:✅(评分:85) | 5K:✅ | 2.基础:✅(K:✅ A:✅ W:✅:191.5) | 3.盈亏比:✅(区:✅ RR:✅:9.57 止损:20.0) | 4.靠轨:❌(多:❌ 空:❌) | 5.过滤:❌(触:❌:0 偏:bear) | 6.时效:✅(剩:35s) | ==> 多🔴 空🔴
2026-04-24 11:41:28,482 | [开仓雷达] 1.震荡:✅(评分:85) | 5K:✅ | 2.基础:✅(K:✅ A:✅ W:✅:191.5) | 3.盈亏比:✅(区:✅ RR:✅:9.58 止损:20.0) | 4.靠轨:❌(多:❌ 空:❌) | 5.过滤:❌(触:❌:0 偏:bear) | 6.时效:✅(剩:33s) | ==> 多🔴 空🔴
2026-04-24 11:41:29,705 | [价格] Last:77586.0 | Mark:77595.7491087 | 延迟:0.0s | aggDelay:0.0s
2026-04-24 11:41:30,082 | [余额同步] 本地模式，初始资金: 10000.0 U
2026-04-24 11:41:30,083 | [账户监控] 无持仓
2026-04-24 11:41:30,770 | [开仓雷达] 1.震荡:✅(评分:85) | 5K:✅ | 2.基础:✅(K:✅ A:✅ W:✅:191.5) | 3.盈亏比:✅(区:✅ RR:✅:9.57 止损:20.0) | 4.靠轨:❌(多:❌ 空:❌) | 5.过滤:❌(触:❌:0 偏:bear) | 6.时效:✅(剩:31s) | ==> 多🔴 空🔴
2026-04-24 11:41:33,002 | [开仓雷达] 1.震荡:✅(评分:85) | 5K:✅ | 2.基础:✅(K:✅ A:✅ W:✅:191.5) | 3.盈亏比:✅(区:✅ RR:✅:9.58 止损:20.0) | 4.靠轨:❌(多:❌ 空:❌) | 5.过滤:❌(触:❌:0 偏:bull) | 6.时效:✅(剩:28s) | ==> 多🔴 空🔴
2026-04-24 11:41:34,768 | [价格] Last:77596.9 | Mark:77596.8 | 延迟:0.0s | aggDelay:0.0s
2026-04-24 11:41:35,015 | [开仓雷达] 1.震荡:✅(评分:85) | 5K:✅ | 2.基础:✅(K:✅ A:✅ W:✅:191.5) | 3.盈亏比:✅(区:✅ RR:✅:9.58 止损:20.0) | 4.靠轨:❌(多:❌ 空:❌) | 5.过滤:❌(触:❌:0 偏:bull) | 6.时效:✅(剩:26s) | ==> 多🔴 空🔴
2026-04-24 11:41:37,697 | [开仓雷达] 1.震荡:✅(评分:85) | 5K:✅ | 2.基础:✅(K:✅ A:✅ W:✅:191.5) | 3.盈亏比:✅(区:✅ RR:✅:9.57 止损:20.0) | 4.靠轨:❌(多:❌ 空:❌) | 5.过滤:❌(触:❌:0 偏:bear) | 6.时效:✅(剩:24s) | ==> 多🔴 空🔴
2026-04-24 11:41:38,083 | [余额同步] 本地模式，初始资金: 10000.0 U
2026-04-24 11:41:38,084 | [账户监控] 无持仓
2026-04-24 11:41:39,956 | [价格] Last:77594.9 | Mark:77594.9 | 延迟:0.0s | aggDelay:0.7s
2026-04-24 11:41:39,957 | [开仓雷达] 1.震荡:✅(评分:85) | 5K:✅ | 2.基础:✅(K:✅ A:✅ W:✅:191.5) | 3.盈亏比:✅(区:✅ RR:✅:9.58 止损:20.0) | 4.靠轨:❌(多:❌ 空:❌) | 5.过滤:❌(触:❌:0 偏:neutral) | 6.时效:✅(剩:21s) | ==> 多🔴 空🔴
2026-04-24 11:41:41,961 | [开仓雷达] 1.震荡:✅(评分:85) | 5K:✅ | 2.基础:✅(K:✅ A:✅ W:✅:191.5) | 3.盈亏比:✅(区:✅ RR:✅:9.58 止损:20.0) | 4.靠轨:❌(多:❌ 空:❌) | 5.过滤:❌(触:❌:0 偏:neutral) | 6.时效:✅(剩:19s) | ==> 多🔴 空🔴
2026-04-24 11:41:44,453 | [开仓雷达] 1.震荡:✅(评分:85) | 5K:✅ | 2.基础:✅(K:✅ A:✅ W:✅:191.5) | 3.盈亏比:✅(区:✅ RR:✅:9.57 止损:20.0) | 4.靠轨:❌(多:❌ 空:❌) | 5.过滤:❌(触:❌:0 偏:neutral) | 6.时效:✅(剩:17s) | ==> 多🔴 空🔴
2026-04-24 11:41:45,134 | [价格] Last:77589.6 | Mark:77596.8 | 延迟:0.0s | aggDelay:0.0s
2026-04-24 11:41:46,084 | [余额同步] 本地模式，初始资金: 10000.0 U
2026-04-24 11:41:46,085 | [账户监控] 无持仓
2026-04-24 11:41:46,624 | [开仓雷达] 1.震荡:✅(评分:85) | 5K:✅ | 2.基础:✅(K:✅ A:✅ W:✅:191.5) | 3.盈亏比:✅(区:✅ RR:✅:9.58 止损:20.0) | 4.靠轨:❌(多:❌ 空:❌) | 5.过滤:❌(触:❌:0 偏:bull) | 6.时效:✅(剩:15s) | ==> 多🔴 空🔴
2026-04-24 11:41:49,403 | [开仓雷达] 1.震荡:✅(评分:85) | 5K:✅ | 2.基础:✅(K:✅ A:✅ W:✅:191.5) | 3.盈亏比:✅(区:✅ RR:✅:9.57 止损:20.0) | 4.靠轨:❌(多:❌ 空:❌) | 5.过滤:❌(触:❌:0 偏:bear) | 6.时效:✅(剩:12s) | ==> 多🔴 空🔴
2026-04-24 11:41:50,234 | [价格] Last:77580.4 | Mark:77582.96186232 | 延迟:0.0s | aggDelay:0.0s
2026-04-24 11:41:51,545 | [开仓雷达] 1.震荡:✅(评分:85) | 5K:✅ | 2.基础:✅(K:✅ A:✅ W:✅:191.5) | 3.盈亏比:✅(区:✅ RR:✅:9.57 止损:20.0) | 4.靠轨:❌(多:❌ 空:❌) | 5.过滤:❌(触:❌:0 偏:bear) | 6.时效:✅(剩:10s) | ==> 多🔴 空🔴
2026-04-24 11:41:53,638 | [开仓雷达] 1.震荡:✅(评分:85) | 5K:✅ | 2.基础:✅(K:✅ A:✅ W:✅:191.5) | 3.盈亏比:✅(区:✅ RR:✅:9.57 止损:20.0) | 4.靠轨:❌(多:❌ 空:❌) | 5.过滤:❌(触:❌:0 偏:bear) | 6.时效:✅(剩:8s) | ==> 多🔴 空🔴
2026-04-24 11:41:54,085 | [余额同步] 本地模式，初始资金: 10000.0 U
2026-04-24 11:41:54,086 | [账户监控] 无持仓
2026-04-24 11:41:55,541 | [价格] Last:77575.6 | Mark:77577.92366667 | 延迟:0.0s | aggDelay:0.0s
2026-04-24 11:41:55,832 | [开仓雷达] 1.震荡:✅(评分:85) | 5K:✅ | 2.基础:✅(K:✅ A:✅ W:✅:191.5) | 3.盈亏比:✅(区:✅ RR:✅:9.58 止损:20.0) | 4.靠轨:❌(多:❌ 空:❌) | 5.过滤:❌(触:❌:0 偏:bear) | 6.时效:✅(剩:6s) | ==> 多🔴 空🔴
2026-04-24 11:41:57,956 | [开仓雷达] 1.震荡:✅(评分:85) | 5K:✅ | 2.基础:✅(K:✅ A:✅ W:✅:191.5) | 3.盈亏比:✅(区:✅ RR:✅:9.58 止损:20.0) | 4.靠轨:❌(多:❌ 空:❌) | 5.过滤:❌(触:❌:0 偏:bull) | 6.时效:✅(剩:3s) | ==> 多🔴 空🔴
2026-04-24 11:42:00,141 | [开仓雷达] 1.震荡:✅(评分:85) | 5K:✅ | 2.基础:✅(K:✅ A:✅ W:✅:191.5) | 3.盈亏比:✅(区:✅ RR:✅:9.58 止损:20.0) | 4.靠轨:❌(多:❌ 空:❌) | 5.过滤:❌(触:❌:0 偏:bull) | 6.时效:✅(剩:1s) | ==> 多🔴 空🔴
2026-04-24 11:42:00,654 | [价格] Last:77566.0 | Mark:77575.6 | 延迟:0.0s | aggDelay:0.0s
2026-04-24 11:42:02,249 | [余额同步] 本地模式，初始资金: 10000.0 U
2026-04-24 11:42:02,265 | [开仓雷达] 1.震荡:✅(评分:85) | 5K:✅ | 2.基础:✅(K:✅ A:✅ W:✅:165.1) | 3.盈亏比:✅(区:✅ RR:✅:8.26 止损:20.0) | 4.靠轨:❌(多:❌ 空:❌) | 5.过滤:❌(触:❌:0 偏:bull) | 6.时效:✅(剩:179s) | ==> 多🔴 空🔴
2026-04-24 11:42:02,312 | [账户监控] 无持仓
2026-04-24 11:42:05,116 | [开仓雷达] 1.震荡:✅(评分:85) | 5K:✅ | 2.基础:✅(K:✅ A:✅ W:✅:165.1) | 3.盈亏比:✅(区:✅ RR:✅:8.26 止损:20.0) | 4.靠轨:❌(多:❌ 空:❌) | 5.过滤:❌(触:❌:0 偏:bull) | 6.时效:✅(剩:176s) | ==> 多🔴 空🔴
2026-04-24 11:42:05,701 | [价格] Last:77573.8 | Mark:77570.7 | 延迟:0.0s | aggDelay:0.0s
2026-04-24 11:42:07,269 | [开仓雷达] 1.震荡:✅(评分:85) | 5K:✅ | 2.基础:✅(K:✅ A:✅ W:✅:165.1) | 3.盈亏比:✅(区:✅ RR:✅:8.26 止损:20.0) | 4.靠轨:❌(多:❌ 空:❌) | 5.过滤:❌(触:❌:0 偏:bull) | 6.时效:✅(剩:174s) | ==> 多🔴 空🔴
2026-04-24 11:42:09,337 | [开仓雷达] 1.震荡:✅(评分:85) | 5K:✅ | 2.基础:✅(K:✅ A:✅ W:✅:165.1) | 3.盈亏比:✅(区:✅ RR:✅:8.26 止损:20.0) | 4.靠轨:❌(多:❌ 空:❌) | 5.过滤:❌(触:❌:0 偏:bull) | 6.时效:✅(剩:172s) | ==> 多🔴 空🔴
2026-04-24 11:42:10,313 | [余额同步] 本地模式，初始资金: 10000.0 U
2026-04-24 11:42:10,314 | [账户监控] 无持仓
2026-04-24 11:42:10,751 | [价格] Last:77574.9 | Mark:77573.9 | 延迟:0.0s | aggDelay:0.0s
2026-04-24 11:42:11,534 | [开仓雷达] 1.震荡:✅(评分:85) | 5K:✅ | 2.基础:✅(K:✅ A:✅ W:✅:165.1) | 3.盈亏比:✅(区:✅ RR:✅:8.26 止损:20.0) | 4.靠轨:❌(多:❌ 空:❌) | 5.过滤:❌(触:❌:0 偏:bull) | 6.时效:✅(剩:170s) | ==> 多🔴 空🔴
2026-04-24 11:42:13,644 | [开仓雷达] 1.震荡:✅(评分:85) | 5K:✅ | 2.基础:✅(K:✅ A:✅ W:✅:165.1) | 3.盈亏比:✅(区:✅ RR:✅:8.26 止损:20.0) | 4.靠轨:❌(多:❌ 空:❌) | 5.过滤:❌(触:❌:0 偏:bull) | 6.时效:✅(剩:167s) | ==> 多🔴 空🔴
2026-04-24 11:42:15,898 | [价格] Last:77600.0 | Mark:77580.1 | 延迟:0.0s | aggDelay:0.0s
2026-04-24 11:42:15,899 | [开仓雷达] 1.震荡:✅(评分:85) | 5K:✅ | 2.基础:✅(K:✅ A:✅ W:✅:165.1) | 3.盈亏比:✅(区:✅ RR:✅:8.26 止损:20.0) | 4.靠轨:❌(多:❌ 空:❌) | 5.过滤:❌(触:❌:0 偏:bull) | 6.时效:✅(剩:165s) | ==> 多🔴 空🔴
2026-04-24 11:42:18,547 | [余额同步] 本地模式，初始资金: 10000.0 U
2026-04-24 11:42:19,138 | [开仓雷达] 1.震荡:✅(评分:85) | 5K:✅ | 2.基础:✅(K:✅ A:✅ W:✅:165.1) | 3.盈亏比:✅(区:✅ RR:✅:8.26 止损:20.0) | 4.靠轨:❌(多:❌ 空:❌) | 5.过滤:❌(触:❌:0 偏:bear) | 6.时效:✅(剩:163s) | ==> 多🔴 空🔴
2026-04-24 11:42:19,148 | [账户监控] 无持仓
2026-04-24 11:42:20,664 | [开仓雷达] 1.震荡:✅(评分:85) | 5K:✅ | 2.基础:✅(K:✅ A:✅ W:✅:165.1) | 3.盈亏比:✅(区:✅ RR:✅:8.26 止损:20.0) | 4.靠轨:❌(多:❌ 空:❌) | 5.过滤:❌(触:❌:0 偏:bull) | 6.时效:✅(剩:160s) | ==> 多🔴 空🔴
2026-04-24 11:42:20,906 | [价格] Last:77596.0 | Mark:77599.9 | 延迟:0.0s | aggDelay:0.0s
2026-04-24 11:42:22,741 | [开仓雷达] 1.震荡:✅(评分:85) | 5K:✅ | 2.基础:✅(K:✅ A:✅ W:✅:165.1) | 3.盈亏比:✅(区:✅ RR:✅:8.26 止损:20.0) | 4.靠轨:❌(多:❌ 空:❌) | 5.过滤:❌(触:❌:0 偏:bear) | 6.时效:✅(剩:158s) | ==> 多🔴 空🔴
2026-04-24 11:42:24,796 | [开仓雷达] 1.震荡:✅(评分:85) | 5K:✅ | 2.基础:✅(K:✅ A:✅ W:✅:165.1) | 3.盈亏比:✅(区:✅ RR:✅:8.26 止损:20.0) | 4.靠轨:❌(多:❌ 空:❌) | 5.过滤:❌(触:❌:0 偏:neutral) | 6.时效:✅(剩:156s) | ==> 多🔴 空🔴
2026-04-24 11:42:26,244 | [价格] Last:77596.8 | Mark:77596.8 | 延迟:0.0s | aggDelay:0.0s
2026-04-24 11:42:26,926 | [开仓雷达] 1.震荡:✅(评分:85) | 5K:✅ | 2.基础:✅(K:✅ A:✅ W:✅:165.1) | 3.盈亏比:✅(区:✅ RR:✅:8.26 止损:20.0) | 4.靠轨:❌(多:❌ 空:❌) | 5.过滤:❌(触:❌:0 偏:neutral) | 6.时效:✅(剩:154s) | ==> 多🔴 空🔴
2026-04-24 11:42:27,149 | [余额同步] 本地模式，初始资金: 10000.0 U
2026-04-24 11:42:27,150 | [账户监控] 无持仓
2026-04-24 11:42:29,059 | [开仓雷达] 1.震荡:✅(评分:85) | 5K:✅ | 2.基础:✅(K:✅ A:✅ W:✅:165.1) | 3.盈亏比:✅(区:✅ RR:✅:8.26 止损:20.0) | 4.靠轨:❌(多:❌ 空:❌) | 5.过滤:❌(触:❌:0 偏:bear) | 6.时效:✅(剩:152s) | ==> 多🔴 空🔴
2026-04-24 11:42:31,144 | [开仓雷达] 1.震荡:✅(评分:85) | 5K:✅ | 2.基础:✅(K:✅ A:✅ W:✅:165.1) | 3.盈亏比:✅(区:✅ RR:✅:8.26 止损:20.0) | 4.靠轨:❌(多:❌ 空:❌) | 5.过滤:❌(触:❌:0 偏:bear) | 6.时效:✅(剩:150s) | ==> 多🔴 空🔴
2026-04-24 11:42:31,536 | [价格] Last:77589.1 | Mark:77591.63997101 | 延迟:0.0s | aggDelay:0.0s
2026-04-24 11:42:34,496 | [开仓雷达] 1.震荡:✅(评分:85) | 5K:✅ | 2.基础:✅(K:✅ A:✅ W:✅:165.1) | 3.盈亏比:✅(区:✅ RR:✅:8.26 止损:20.0) | 4.靠轨:❌(多:❌ 空:❌) | 5.过滤:❌(触:❌:0 偏:bear) | 6.时效:✅(剩:147s) | ==> 多🔴 空🔴
2026-04-24 11:42:35,150 | [余额同步] 本地模式，初始资金: 10000.0 U
2026-04-24 11:42:35,151 | [账户监控] 无持仓
2026-04-24 11:42:36,537 | [价格] Last:77586.0 | Mark:77591.50214493 | 延迟:0.0s | aggDelay:0.0s
2026-04-24 11:42:36,538 | [开仓雷达] 1.震荡:✅(评分:85) | 5K:✅ | 2.基础:✅(K:✅ A:✅ W:✅:165.1) | 3.盈亏比:✅(区:✅ RR:✅:8.26 止损:20.0) | 4.靠轨:❌(多:❌ 空:❌) | 5.过滤:❌(触:❌:0 偏:neutral) | 6.时效:✅(剩:145s) | ==> 多🔴 空🔴
2026-04-24 11:42:38,792 | [开仓雷达] 1.震荡:✅(评分:85) | 5K:✅ | 2.基础:✅(K:✅ A:✅ W:✅:165.1) | 3.盈亏比:✅(区:✅ RR:✅:8.26 止损:20.0) | 4.靠轨:❌(多:❌ 空:❌) | 5.过滤:❌(触:❌:0 偏:neutral) | 6.时效:✅(剩:142s) | ==> 多🔴 空🔴
2026-04-24 11:42:41,244 | [开仓雷达] 1.震荡:✅(评分:85) | 5K:✅ | 2.基础:✅(K:✅ A:✅ W:✅:165.1) | 3.盈亏比:✅(区:✅ RR:✅:8.26 止损:20.0) | 4.靠轨:❌(多:❌ 空:❌) | 5.过滤:❌(触:❌:0 偏:bear) | 6.时效:✅(剩:140s) | ==> 多🔴 空🔴
2026-04-24 11:42:42,335 | [价格] Last:77586.1 | Mark:77589.09611594 | 延迟:0.0s | aggDelay:0.0s
2026-04-24 11:42:43,151 | [余额同步] 本地模式，初始资金: 10000.0 U
2026-04-24 11:42:43,152 | [账户监控] 无持仓
2026-04-24 11:42:43,781 | [开仓雷达] 1.震荡:✅(评分:85) | 5K:✅ | 2.基础:✅(K:✅ A:✅ W:✅:165.1) | 3.盈亏比:✅(区:✅ RR:✅:8.26 止损:20.0) | 4.靠轨:❌(多:❌ 空:❌) | 5.过滤:❌(触:❌:0 偏:bear) | 6.时效:✅(剩:137s) | ==> 多🔴 空🔴
2026-04-24 11:42:45,966 | [开仓雷达] 1.震荡:✅(评分:85) | 5K:✅ | 2.基础:✅(K:✅ A:✅ W:✅:165.1) | 3.盈亏比:✅(区:✅ RR:✅:8.26 止损:20.0) | 4.靠轨:❌(多:❌ 空:❌) | 5.过滤:❌(触:❌:0 偏:bear) | 6.时效:✅(剩:135s) | ==> 多🔴 空🔴
2026-04-24 11:42:47,632 | [价格] Last:77576.0 | Mark:77587.10143928 | 延迟:0.0s | aggDelay:0.0s
2026-04-24 11:42:49,396 | [开仓雷达] 1.震荡:✅(评分:85) | 5K:✅ | 2.基础:✅(K:✅ A:✅ W:✅:165.1) | 3.盈亏比:✅(区:✅ RR:✅:8.26 止损:20.0) | 4.靠轨:❌(多:❌ 空:❌) | 5.过滤:❌(触:❌:0 偏:bear) | 6.时效:✅(剩:133s) | ==> 多🔴 空🔴
2026-04-24 11:42:50,538 | [开仓雷达] 1.震荡:✅(评分:85) | 5K:✅ | 2.基础:✅(K:✅ A:✅ W:✅:165.1) | 3.盈亏比:✅(区:✅ RR:✅:8.26 止损:20.0) | 4.靠轨:❌(多:❌ 空:❌) | 5.过滤:❌(触:❌:0 偏:bull) | 6.时效:✅(剩:131s) | ==> 多🔴 空🔴
2026-04-24 11:42:51,152 | [余额同步] 本地模式，初始资金: 10000.0 U
2026-04-24 11:42:51,153 | [账户监控] 无持仓
2026-04-24 11:42:52,724 | [价格] Last:77587.6 | Mark:77587.6 | 延迟:0.0s | aggDelay:0.0s
2026-04-24 11:42:52,724 | [开仓雷达] 1.震荡:✅(评分:85) | 5K:✅ | 2.基础:✅(K:✅ A:✅ W:✅:165.1) | 3.盈亏比:✅(区:✅ RR:✅:8.26 止损:20.0) | 4.靠轨:❌(多:❌ 空:❌) | 5.过滤:❌(触:❌:0 偏:bull) | 6.时效:✅(剩:128s) | ==> 多🔴 空🔴
2026-04-24 11:42:55,185 | [开仓雷达] 1.震荡:✅(评分:85) | 5K:✅ | 2.基础:✅(K:✅ A:✅ W:✅:165.1) | 3.盈亏比:✅(区:✅ RR:✅:8.26 止损:20.0) | 4.靠轨:❌(多:❌ 空:❌) | 5.过滤:❌(触:❌:0 偏:bull) | 6.时效:✅(剩:126s) | ==> 多🔴 空🔴
2026-04-24 11:42:57,699 | [开仓雷达] 1.震荡:✅(评分:85) | 5K:✅ | 2.基础:✅(K:✅ A:✅ W:✅:165.1) | 3.盈亏比:✅(区:✅ RR:✅:8.26 止损:20.0) | 4.靠轨:❌(多:❌ 空:❌) | 5.过滤:❌(触:❌:0 偏:bull) | 6.时效:✅(剩:123s) | ==> 多🔴 空🔴
2026-04-24 11:42:57,960 | [价格] Last:77590.0 | Mark:77590.0 | 延迟:0.0s | aggDelay:0.3s
2026-04-24 11:42:59,153 | [余额同步] 本地模式，初始资金: 10000.0 U
2026-04-24 11:42:59,158 | [账户监控] 无持仓
2026-04-24 11:43:00,000 | [开仓雷达] 1.震荡:✅(评分:85) | 5K:✅ | 2.基础:✅(K:✅ A:✅ W:✅:165.1) | 3.盈亏比:✅(区:✅ RR:✅:8.26 止损:20.0) | 4.靠轨:❌(多:❌ 空:❌) | 5.过滤:❌(触:❌:0 偏:bull) | 6.时效:✅(剩:121s) | ==> 多🔴 空🔴
2026-04-24 11:43:02,077 | [开仓雷达] 1.震荡:✅(评分:85) | 5K:✅ | 2.基础:✅(K:✅ A:✅ W:✅:139.1) | 3.盈亏比:✅(区:✅ RR:✅:6.96 止损:20.0) | 4.靠轨:❌(多:❌ 空:❌) | 5.过滤:❌(触:❌:0 偏:bull) | 6.时效:✅(剩:179s) | ==> 多🔴 空🔴
2026-04-24 11:43:03,657 | [价格] Last:77593.2 | Mark:77593.2 | 延迟:0.0s | aggDelay:0.0s
2026-04-24 11:43:04,564 | [开仓雷达] 1.震荡:✅(评分:85) | 5K:✅ | 2.基础:✅(K:✅ A:✅ W:✅:139.1) | 3.盈亏比:✅(区:✅ RR:✅:6.96 止损:20.0) | 4.靠轨:❌(多:❌ 空:❌) | 5.过滤:❌(触:❌:0 偏:bull) | 6.时效:✅(剩:177s) | ==> 多🔴 空🔴
2026-04-24 11:43:06,969 | [开仓雷达] 1.震荡:✅(评分:85) | 5K:✅ | 2.基础:✅(K:✅ A:✅ W:✅:139.1) | 3.盈亏比:✅(区:✅ RR:✅:6.96 止损:20.0) | 4.靠轨:❌(多:❌ 空:❌) | 5.过滤:❌(触:❌:0 偏:bull) | 6.时效:✅(剩:174s) | ==> 多🔴 空🔴
2026-04-24 11:43:07,159 | [余额同步] 本地模式，初始资金: 10000.0 U
2026-04-24 11:43:07,160 | [账户监控] 无持仓
2026-04-24 11:43:08,948 | [价格] Last:77593.2 | Mark:77593.2 | 延迟:0.0s | aggDelay:0.0s
2026-04-24 11:43:09,209 | [开仓雷达] 1.震荡:✅(评分:85) | 5K:✅ | 2.基础:✅(K:✅ A:✅ W:✅:139.1) | 3.盈亏比:✅(区:✅ RR:✅:6.96 止损:20.0) | 4.靠轨:❌(多:❌ 空:❌) | 5.过滤:❌(触:❌:0 偏:neutral) | 6.时效:✅(剩:172s) | ==> 多🔴 空🔴
2026-04-24 11:43:11,615 | [开仓雷达] 1.震荡:✅(评分:85) | 5K:✅ | 2.基础:✅(K:✅ A:✅ W:✅:139.1) | 3.盈亏比:✅(区:✅ RR:✅:6.96 止损:20.0) | 4.靠轨:❌(多:❌ 空:❌) | 5.过滤:❌(触:❌:0 偏:neutral) | 6.时效:✅(剩:169s) | ==> 多🔴 空🔴
2026-04-24 11:43:13,696 | [开仓雷达] 1.震荡:✅(评分:85) | 5K:✅ | 2.基础:✅(K:✅ A:✅ W:✅:139.1) | 3.盈亏比:✅(区:✅ RR:✅:6.96 止损:20.0) | 4.靠轨:❌(多:❌ 空:❌) | 5.过滤:❌(触:❌:0 偏:neutral) | 6.时效:✅(剩:167s) | ==> 多🔴 空🔴
2026-04-24 11:43:13,966 | [价格] Last:77593.1 | Mark:77593.1 | 延迟:0.0s | aggDelay:0.0s
2026-04-24 11:43:15,160 | [余额同步] 本地模式，初始资金: 10000.0 U
2026-04-24 11:43:15,161 | [账户监控] 无持仓
2026-04-24 11:43:15,881 | [开仓雷达] 1.震荡:✅(评分:85) | 5K:✅ | 2.基础:✅(K:✅ A:✅ W:✅:139.1) | 3.盈亏比:✅(区:✅ RR:✅:6.96 止损:20.0) | 4.靠轨:❌(多:❌ 空:❌) | 5.过滤:❌(触:❌:0 偏:bull) | 6.时效:✅(剩:165s) | ==> 多🔴 空🔴
2026-04-24 11:43:18,097 | [开仓雷达] 1.震荡:✅(评分:85) | 5K:✅ | 2.基础:✅(K:✅ A:✅ W:✅:139.1) | 3.盈亏比:✅(区:✅ RR:✅:6.96 止损:20.0) | 4.靠轨:❌(多:❌ 空:❌) | 5.过滤:❌(触:❌:0 偏:bear) | 6.时效:✅(剩:163s) | ==> 多🔴 空🔴
2026-04-24 11:43:19,388 | [价格] Last:77587.5 | Mark:77593.2 | 延迟:0.0s | aggDelay:0.0s
2026-04-24 11:43:21,162 | [开仓雷达] 1.震荡:✅(评分:85) | 5K:✅ | 2.基础:✅(K:✅ A:✅ W:✅:139.1) | 3.盈亏比:✅(区:✅ RR:✅:6.96 止损:20.0) | 4.靠轨:❌(多:❌ 空:❌) | 5.过滤:❌(触:❌:0 偏:bear) | 6.时效:✅(剩:160s) | ==> 多🔴 空🔴
2026-04-24 11:43:23,162 | [余额同步] 本地模式，初始资金: 10000.0 U
2026-04-24 11:43:23,163 | [账户监控] 无持仓
2026-04-24 11:43:23,203 | [开仓雷达] 1.震荡:✅(评分:85) | 5K:✅ | 2.基础:✅(K:✅ A:✅ W:✅:139.1) | 3.盈亏比:✅(区:✅ RR:✅:6.96 止损:20.0) | 4.靠轨:❌(多:❌ 空:❌) | 5.过滤:❌(触:❌:0 偏:neutral) | 6.时效:✅(剩:158s) | ==> 多🔴 空🔴
2026-04-24 11:43:24,481 | [价格] Last:77587.6 | Mark:77592.97385507 | 延迟:0.0s | aggDelay:0.0s
2026-04-24 11:43:25,277 | [开仓雷达] 1.震荡:✅(评分:85) | 5K:✅ | 2.基础:✅(K:✅ A:✅ W:✅:139.1) | 3.盈亏比:✅(区:✅ RR:✅:6.96 止损:20.0) | 4.靠轨:❌(多:❌ 空:❌) | 5.过滤:❌(触:❌:0 偏:bull) | 6.时效:✅(剩:156s) | ==> 多🔴 空🔴
2026-04-24 11:43:27,294 | [开仓雷达] 1.震荡:✅(评分:85) | 5K:✅ | 2.基础:✅(K:✅ A:✅ W:✅:139.1) | 3.盈亏比:✅(区:✅ RR:✅:6.96 止损:20.0) | 4.靠轨:❌(多:❌ 空:❌) | 5.过滤:❌(触:❌:0 偏:neutral) | 6.时效:✅(剩:154s) | ==> 多🔴 空🔴
2026-04-24 11:43:29,680 | [价格] Last:77587.6 | Mark:77592.45472264 | 延迟:0.0s | aggDelay:0.0s
2026-04-24 11:43:29,681 | [开仓雷达] 1.震荡:✅(评分:85) | 5K:✅ | 2.基础:✅(K:✅ A:✅ W:✅:139.1) | 3.盈亏比:✅(区:✅ RR:✅:6.96 止损:20.0) | 4.靠轨:❌(多:❌ 空:❌) | 5.过滤:❌(触:❌:0 偏:bull) | 6.时效:✅(剩:151s) | ==> 多🔴 空🔴
2026-04-24 11:43:31,163 | [余额同步] 本地模式，初始资金: 10000.0 U
2026-04-24 11:43:31,164 | [账户监控] 无持仓
2026-04-24 11:43:31,813 | [开仓雷达] 1.震荡:✅(评分:85) | 5K:✅ | 2.基础:✅(K:✅ A:✅ W:✅:139.1) | 3.盈亏比:✅(区:✅ RR:✅:6.96 止损:20.0) | 4.靠轨:❌(多:❌ 空:❌) | 5.过滤:❌(触:❌:0 偏:bull) | 6.时效:✅(剩:149s) | ==> 多🔴 空🔴
2026-04-24 11:43:34,443 | [开仓雷达] 1.震荡:✅(评分:85) | 5K:✅ | 2.基础:✅(K:✅ A:✅ W:✅:139.1) | 3.盈亏比:✅(区:✅ RR:✅:6.96 止损:20.0) | 4.靠轨:❌(多:❌ 空:❌) | 5.过滤:❌(触:❌:0 偏:bull) | 6.时效:✅(剩:147s) | ==> 多🔴 空🔴
2026-04-24 11:43:34,886 | [价格] Last:77587.6 | Mark:77591.15237681 | 延迟:0.0s | aggDelay:0.0s
2026-04-24 11:43:36,671 | [开仓雷达] 1.震荡:✅(评分:85) | 5K:✅ | 2.基础:✅(K:✅ A:✅ W:✅:139.1) | 3.盈亏比:✅(区:✅ RR:✅:6.96 止损:20.0) | 4.靠轨:❌(多:❌ 空:❌) | 5.过滤:❌(触:❌:0 偏:neutral) | 6.时效:✅(剩:144s) | ==> 多🔴 空🔴
2026-04-24 11:43:38,798 | [开仓雷达] 1.震荡:✅(评分:85) | 5K:✅ | 2.基础:✅(K:✅ A:✅ W:✅:139.1) | 3.盈亏比:✅(区:✅ RR:✅:6.96 止损:20.0) | 4.靠轨:❌(多:❌ 空:❌) | 5.过滤:❌(触:❌:0 偏:bull) | 6.时效:✅(剩:142s) | ==> 多🔴 空🔴
2026-04-24 11:43:39,165 | [余额同步] 本地模式，初始资金: 10000.0 U
2026-04-24 11:43:39,166 | [账户监控] 无持仓
2026-04-24 11:43:39,943 | [价格] Last:77585.4 | Mark:77589.82710145 | 延迟:0.0s | aggDelay:0.3s
2026-04-24 11:43:41,464 | [开仓雷达] 1.震荡:✅(评分:85) | 5K:✅ | 2.基础:✅(K:✅ A:✅ W:✅:139.1) | 3.盈亏比:✅(区:✅ RR:✅:6.96 止损:20.0) | 4.靠轨:❌(多:❌ 空:❌) | 5.过滤:❌(触:❌:0 偏:neutral) | 6.时效:✅(剩:140s) | ==> 多🔴 空🔴
2026-04-24 11:43:43,711 | [开仓雷达] 1.震荡:✅(评分:85) | 5K:✅ | 2.基础:✅(K:✅ A:✅ W:✅:139.1) | 3.盈亏比:✅(区:✅ RR:✅:6.96 止损:20.0) | 4.靠轨:❌(多:❌ 空:❌) | 5.过滤:❌(触:❌:0 偏:bull) | 6.时效:✅(剩:137s) | ==> 多🔴 空🔴
2026-04-24 11:43:45,099 | [价格] Last:77578.9 | Mark:77586.88992754 | 延迟:0.0s | aggDelay:0.0s
2026-04-24 11:43:45,957 | [开仓雷达] 1.震荡:✅(评分:85) | 5K:✅ | 2.基础:✅(K:✅ A:✅ W:✅:139.1) | 3.盈亏比:✅(区:✅ RR:✅:6.96 止损:20.0) | 4.靠轨:❌(多:❌ 空:❌) | 5.过滤:❌(触:❌:0 偏:neutral) | 6.时效:✅(剩:135s) | ==> 多🔴 空🔴
2026-04-24 11:43:47,326 | [余额同步] 本地模式，初始资金: 10000.0 U
2026-04-24 11:43:47,385 | [账户监控] 无持仓
2026-04-24 11:43:49,701 | [开仓雷达] 1.震荡:✅(评分:85) | 5K:✅ | 2.基础:✅(K:✅ A:✅ W:✅:139.1) | 3.盈亏比:✅(区:✅ RR:✅:6.96 止损:20.0) | 4.靠轨:❌(多:❌ 空:❌) | 5.过滤:❌(触:❌:0 偏:bull) | 6.时效:✅(剩:133s) | ==> 多🔴 空🔴
2026-04-24 11:43:50,163 | [价格] Last:77597.8 | Mark:77597.7 | 延迟:0.0s | aggDelay:0.0s
2026-04-24 11:43:50,164 | [开仓雷达] 1.震荡:✅(评分:85) | 5K:✅ | 2.基础:✅(K:✅ A:✅ W:✅:139.1) | 3.盈亏比:✅(区:✅ RR:✅:6.96 止损:20.0) | 4.靠轨:❌(多:❌ 空:❌) | 5.过滤:❌(触:❌:0 偏:bull) | 6.时效:✅(剩:131s) | ==> 多🔴 空🔴
2026-04-24 11:43:52,479 | [开仓雷达] 1.震荡:✅(评分:85) | 5K:✅ | 2.基础:✅(K:✅ A:✅ W:✅:139.1) | 3.盈亏比:✅(区:✅ RR:✅:6.96 止损:20.0) | 4.靠轨:❌(多:❌ 空:❌) | 5.过滤:❌(触:❌:0 偏:bull) | 6.时效:✅(剩:129s) | ==> 多🔴 空🔴
2026-04-24 11:43:54,587 | [开仓雷达] 1.震荡:✅(评分:85) | 5K:✅ | 2.基础:✅(K:✅ A:✅ W:✅:139.1) | 3.盈亏比:✅(区:✅ RR:✅:6.96 止损:20.0) | 4.靠轨:❌(多:❌ 空:❌) | 5.过滤:❌(触:❌:0 偏:bull) | 6.时效:✅(剩:126s) | ==> 多🔴 空🔴
2026-04-24 11:43:55,390 | [余额同步] 本地模式，初始资金: 10000.0 U
2026-04-24 11:43:55,391 | [账户监控] 无持仓
2026-04-24 11:43:55,399 | [价格] Last:77602.0 | Mark:77600.0 | 延迟:0.0s | aggDelay:0.0s
2026-04-24 11:43:56,880 | [开仓雷达] 1.震荡:✅(评分:85) | 5K:✅ | 2.基础:✅(K:✅ A:✅ W:✅:139.1) | 3.盈亏比:✅(区:✅ RR:✅:6.96 止损:20.0) | 4.靠轨:❌(多:❌ 空:❌) | 5.过滤:❌(触:❌:0 偏:neutral) | 6.时效:✅(剩:124s) | ==> 多🔴 空🔴
2026-04-24 11:43:58,913 | [开仓雷达] 1.震荡:✅(评分:85) | 5K:✅ | 2.基础:✅(K:✅ A:✅ W:✅:139.1) | 3.盈亏比:✅(区:✅ RR:✅:6.96 止损:20.0) | 4.靠轨:❌(多:❌ 空:❌) | 5.过滤:❌(触:❌:0 偏:bull) | 6.时效:✅(剩:122s) | ==> 多🔴 空🔴
2026-04-24 11:44:00,644 | [价格] Last:77608.0 | Mark:77604.3 | 延迟:0.0s | aggDelay:0.0s
2026-04-24 11:44:00,914 | [开仓雷达] 1.震荡:✅(评分:85) | 5K:✅ | 2.基础:✅(K:✅ A:✅ W:✅:139.1) | 3.盈亏比:✅(区:✅ RR:✅:6.96 止损:20.0) | 4.靠轨:❌(多:❌ 空:❌) | 5.过滤:❌(触:❌:0 偏:neutral) | 6.时效:✅(剩:120s) | ==> 多🔴 空🔴
2026-04-24 11:44:03,361 | [开仓雷达] 1.震荡:✅(评分:85) | 5K:✅ | 2.基础:✅(K:✅ A:✅ W:✅:139.1) | 3.盈亏比:✅(区:✅ RR:✅:6.96 止损:20.0) | 4.靠轨:❌(多:❌ 空:❌) | 5.过滤:❌(触:❌:0 偏:bear) | 6.时效:✅(剩:118s) | ==> 多🔴 空🔴
2026-04-24 11:44:04,508 | [余额同步] 本地模式，初始资金: 10000.0 U
2026-04-24 11:44:04,580 | [账户监控] 无持仓
2026-04-24 11:44:05,608 | [开仓雷达] 1.震荡:✅(评分:85) | 5K:✅ | 2.基础:✅(K:✅ A:✅ W:✅:139.1) | 3.盈亏比:✅(区:✅ RR:✅:6.96 止损:20.0) | 4.靠轨:❌(多:❌ 空:❌) | 5.过滤:❌(触:❌:0 偏:bear) | 6.时效:✅(剩:115s) | ==> 多🔴 空🔴
2026-04-24 11:44:06,004 | [价格] Last:77594.9 | Mark:77604.4 | 延迟:0.0s | aggDelay:0.0s
2026-04-24 11:44:08,027 | [开仓雷达] 1.震荡:✅(评分:85) | 5K:✅ | 2.基础:✅(K:✅ A:✅ W:✅:139.1) | 3.盈亏比:✅(区:✅ RR:✅:6.96 止损:20.0) | 4.靠轨:❌(多:❌ 空:❌) | 5.过滤:❌(触:❌:0 偏:bear) | 6.时效:✅(剩:113s) | ==> 多🔴 空🔴
2026-04-24 11:44:10,369 | [开仓雷达] 1.震荡:✅(评分:85) | 5K:✅ | 2.基础:✅(K:✅ A:✅ W:✅:139.1) | 3.盈亏比:✅(区:✅ RR:✅:6.96 止损:20.0) | 4.靠轨:❌(多:❌ 空:❌) | 5.过滤:❌(触:❌:0 偏:bear) | 6.时效:✅(剩:111s) | ==> 多🔴 空🔴
2026-04-24 11:44:11,029 | [价格] Last:77600.0 | Mark:77596.34824588 | 延迟:0.0s | aggDelay:0.0s
2026-04-24 11:44:12,433 | [开仓雷达] 1.震荡:✅(评分:85) | 5K:✅ | 2.基础:✅(K:✅ A:✅ W:✅:139.1) | 3.盈亏比:✅(区:✅ RR:✅:6.96 止损:20.0) | 4.靠轨:❌(多:❌ 空:❌) | 5.过滤:❌(触:❌:0 偏:bear) | 6.时效:✅(剩:109s) | ==> 多🔴 空🔴
2026-04-24 11:44:12,581 | [余额同步] 本地模式，初始资金: 10000.0 U
2026-04-24 11:44:12,584 | [账户监控] 无持仓
2026-04-24 11:44:14,624 | [开仓雷达] 1.震荡:✅(评分:85) | 5K:✅ | 2.基础:✅(K:✅ A:✅ W:✅:139.1) | 3.盈亏比:✅(区:✅ RR:✅:6.96 止损:20.0) | 4.靠轨:❌(多:❌ 空:❌) | 5.过滤:❌(触:❌:0 偏:bull) | 6.时效:✅(剩:106s) | ==> 多🔴 空🔴
2026-04-24 11:44:16,327 | [价格] Last:77568.4 | Mark:77578.31446377 | 延迟:0.0s | aggDelay:0.0s
2026-04-24 11:44:16,751 | [开仓雷达] 1.震荡:✅(评分:85) | 5K:✅ | 2.基础:✅(K:✅ A:✅ W:✅:139.1) | 3.盈亏比:✅(区:✅ RR:✅:6.96 止损:20.0) | 4.靠轨:❌(多:❌ 空:❌) | 5.过滤:❌(触:❌:0 偏:bull) | 6.时效:✅(剩:104s) | ==> 多🔴 空🔴
2026-04-24 11:44:19,373 | [开仓雷达] 1.震荡:✅(评分:85) | 5K:✅ | 2.基础:✅(K:✅ A:✅ W:✅:139.1) | 3.盈亏比:✅(区:✅ RR:✅:6.96 止损:20.0) | 4.靠轨:❌(多:❌ 空:❌) | 5.过滤:❌(触:❌:0 偏:neutral) | 6.时效:✅(剩:102s) | ==> 多🔴 空🔴
2026-04-24 11:44:20,586 | [余额同步] 本地模式，初始资金: 10000.0 U
2026-04-24 11:44:20,587 | [账户监控] 无持仓
2026-04-24 11:44:21,426 | [价格] Last:77568.4 | Mark:77577.15900725 | 延迟:0.0s | aggDelay:0.0s
2026-04-24 11:44:21,426 | [开仓雷达] 1.震荡:✅(评分:85) | 5K:✅ | 2.基础:✅(K:✅ A:✅ W:✅:139.1) | 3.盈亏比:✅(区:✅ RR:✅:6.96 止损:20.0) | 4.靠轨:❌(多:❌ 空:❌) | 5.过滤:❌(触:❌:0 偏:bear) | 6.时效:✅(剩:100s) | ==> 多🔴 空🔴
2026-04-24 11:44:24,159 | [开仓雷达] 1.震荡:✅(评分:85) | 5K:✅ | 2.基础:✅(K:✅ A:✅ W:✅:139.1) | 3.盈亏比:✅(区:✅ RR:✅:6.96 止损:20.0) | 4.靠轨:❌(多:❌ 空:❌) | 5.过滤:❌(触:❌:0 偏:bear) | 6.时效:✅(剩:97s) | ==> 多🔴 空🔴
2026-04-24 11:44:26,341 | [开仓雷达] 1.震荡:✅(评分:85) | 5K:✅ | 2.基础:✅(K:✅ A:✅ W:✅:139.1) | 3.盈亏比:✅(区:✅ RR:✅:6.96 止损:20.0) | 4.靠轨:❌(多:❌ 空:❌) | 5.过滤:❌(触:❌:0 偏:bear) | 6.时效:✅(剩:95s) | ==> 多🔴 空🔴
2026-04-24 11:44:26,850 | [价格] Last:77568.4 | Mark:77573.02021739 | 延迟:0.0s | aggDelay:0.0s
2026-04-24 11:44:28,588 | [余额同步] 本地模式，初始资金: 10000.0 U
2026-04-24 11:44:28,589 | [账户监控] 无持仓
2026-04-24 11:44:28,688 | [开仓雷达] 1.震荡:✅(评分:85) | 5K:✅ | 2.基础:✅(K:✅ A:✅ W:✅:139.1) | 3.盈亏比:✅(区:✅ RR:✅:6.96 止损:20.0) | 4.靠轨:❌(多:❌ 空:❌) | 5.过滤:❌(触:❌:0 偏:bear) | 6.时效:✅(剩:92s) | ==> 多🔴 空🔴
2026-04-24 11:44:30,899 | [开仓雷达] 1.震荡:✅(评分:85) | 5K:✅ | 2.基础:✅(K:✅ A:✅ W:✅:139.1) | 3.盈亏比:✅(区:✅ RR:✅:6.96 止损:20.0) | 4.靠轨:❌(多:❌ 空:❌) | 5.过滤:❌(触:❌:0 偏:bear) | 6.时效:✅(剩:90s) | ==> 多🔴 空🔴
2026-04-24 11:44:32,358 | [价格] Last:77568.4 | Mark:77568.92486232 | 延迟:0.0s | aggDelay:0.0s
2026-04-24 11:44:33,284 | [开仓雷达] 1.震荡:✅(评分:85) | 5K:✅ | 2.基础:✅(K:✅ A:✅ W:✅:139.1) | 3.盈亏比:✅(区:✅ RR:✅:6.96 止损:20.0) | 4.靠轨:❌(多:❌ 空:❌) | 5.过滤:❌(触:❌:0 偏:bull) | 6.时效:✅(剩:88s) | ==> 多🔴 空🔴
2026-04-24 11:44:35,500 | [开仓雷达] 1.震荡:✅(评分:85) | 5K:✅ | 2.基础:✅(K:✅ A:✅ W:✅:139.1) | 3.盈亏比:✅(区:✅ RR:✅:6.96 止损:20.0) | 4.靠轨:❌(多:❌ 空:❌) | 5.过滤:❌(触:❌:0 偏:bull) | 6.时效:✅(剩:86s) | ==> 多🔴 空🔴
2026-04-24 11:44:36,590 | [余额同步] 本地模式，初始资金: 10000.0 U
2026-04-24 11:44:36,590 | [账户监控] 无持仓
2026-04-24 11:44:37,127 | [价格] Last:77576.3 | Mark:77576.2 | 延迟:0.0s | aggDelay:0.0s
2026-04-24 11:44:37,483 | [开仓雷达] 1.震荡:✅(评分:85) | 5K:✅ | 2.基础:✅(K:✅ A:✅ W:✅:139.1) | 3.盈亏比:✅(区:✅ RR:✅:6.96 止损:20.0) | 4.靠轨:❌(多:❌ 空:❌) | 5.过滤:❌(触:❌:0 偏:bull) | 6.时效:✅(剩:84s) | ==> 多🔴 空🔴
2026-04-24 11:44:39,643 | [开仓雷达] 1.震荡:✅(评分:85) | 5K:✅ | 2.基础:✅(K:✅ A:✅ W:✅:139.1) | 3.盈亏比:✅(区:✅ RR:✅:6.96 止损:20.0) | 4.靠轨:❌(多:❌ 空:❌) | 5.过滤:❌(触:❌:0 偏:bull) | 6.时效:✅(剩:81s) | ==> 多🔴 空🔴
2026-04-24 11:44:41,656 | [开仓雷达] 1.震荡:✅(评分:85) | 5K:✅ | 2.基础:✅(K:✅ A:✅ W:✅:139.1) | 3.盈亏比:✅(区:✅ RR:✅:6.96 止损:20.0) | 4.靠轨:❌(多:❌ 空:❌) | 5.过滤:❌(触:❌:0 偏:bull) | 6.时效:✅(剩:79s) | ==> 多🔴 空🔴
2026-04-24 11:44:42,363 | [价格] Last:77596.9 | Mark:77590.8 | 延迟:0.0s | aggDelay:0.0s
2026-04-24 11:44:44,150 | [开仓雷达] 1.震荡:✅(评分:85) | 5K:✅ | 2.基础:✅(K:✅ A:✅ W:✅:139.1) | 3.盈亏比:✅(区:✅ RR:✅:6.96 止损:20.0) | 4.靠轨:❌(多:❌ 空:❌) | 5.过滤:❌(触:❌:0 偏:bull) | 6.时效:✅(剩:77s) | ==> 多🔴 空🔴
2026-04-24 11:44:44,591 | [余额同步] 本地模式，初始资金: 10000.0 U
2026-04-24 11:44:44,592 | [账户监控] 无持仓
2026-04-24 11:44:46,494 | [开仓雷达] 1.震荡:✅(评分:85) | 5K:✅ | 2.基础:✅(K:✅ A:✅ W:✅:139.1) | 3.盈亏比:✅(区:✅ RR:✅:6.96 止损:20.0) | 4.靠轨:❌(多:❌ 空:❌) | 5.过滤:❌(触:❌:0 偏:bull) | 6.时效:✅(剩:75s) | ==> 多🔴 空🔴
2026-04-24 11:44:48,677 | [价格] Last:77600.5 | Mark:77602.4 | 延迟:0.0s | aggDelay:0.0s
2026-04-24 11:44:48,727 | [开仓雷达] 1.震荡:✅(评分:85) | 5K:✅ | 2.基础:✅(K:✅ A:✅ W:✅:139.1) | 3.盈亏比:✅(区:✅ RR:✅:6.96 止损:20.0) | 4.靠轨:❌(多:❌ 空:❌) | 5.过滤:❌(触:❌:0 偏:bull) | 6.时效:✅(剩:72s) | ==> 多🔴 空🔴
2026-04-24 11:44:50,944 | [开仓雷达] 1.震荡:✅(评分:85) | 5K:✅ | 2.基础:✅(K:✅ A:✅ W:✅:139.1) | 3.盈亏比:✅(区:✅ RR:✅:6.96 止损:20.0) | 4.靠轨:❌(多:❌ 空:❌) | 5.过滤:❌(触:❌:0 偏:bull) | 6.时效:✅(剩:70s) | ==> 多🔴 空🔴
2026-04-24 11:44:52,592 | [余额同步] 本地模式，初始资金: 10000.0 U
2026-04-24 11:44:52,593 | [账户监控] 无持仓
2026-04-24 11:44:53,223 | [开仓雷达] 1.震荡:✅(评分:85) | 5K:✅ | 2.基础:✅(K:✅ A:✅ W:✅:139.1) | 3.盈亏比:✅(区:✅ RR:✅:6.96 止损:20.0) | 4.靠轨:❌(多:❌ 空:❌) | 5.过滤:❌(触:❌:0 偏:bull) | 6.时效:✅(剩:68s) | ==> 多🔴 空🔴
2026-04-24 11:44:53,556 | [价格] Last:77600.5 | Mark:77600.5 | 延迟:0.0s | aggDelay:0.0s
2026-04-24 11:44:56,061 | [开仓雷达] 1.震荡:✅(评分:85) | 5K:✅ | 2.基础:✅(K:✅ A:✅ W:✅:139.1) | 3.盈亏比:✅(区:✅ RR:✅:6.96 止损:20.0) | 4.靠轨:❌(多:❌ 空:❌) | 5.过滤:❌(触:❌:0 偏:neutral) | 6.时效:✅(剩:65s) | ==> 多🔴 空🔴
2026-04-24 11:44:58,222 | [开仓雷达] 1.震荡:✅(评分:85) | 5K:✅ | 2.基础:✅(K:✅ A:✅ W:✅:139.1) | 3.盈亏比:✅(区:✅ RR:✅:6.96 止损:20.0) | 4.靠轨:❌(多:❌ 空:❌) | 5.过滤:❌(触:❌:0 偏:neutral) | 6.时效:✅(剩:63s) | ==> 多🔴 空🔴
2026-04-24 11:44:58,600 | [价格] Last:77600.4 | Mark:77600.4 | 延迟:0.0s | aggDelay:0.0s
2026-04-24 11:45:00,437 | [开仓雷达] 1.震荡:✅(评分:85) | 5K:✅ | 2.基础:✅(K:✅ A:✅ W:✅:139.1) | 3.盈亏比:✅(区:✅ RR:✅:6.96 止损:20.0) | 4.靠轨:❌(多:❌ 空:❌) | 5.过滤:❌(触:❌:0 偏:neutral) | 6.时效:✅(剩:61s) | ==> 多🔴 空🔴
2026-04-24 11:45:00,593 | [余额同步] 本地模式，初始资金: 10000.0 U
2026-04-24 11:45:00,596 | [账户监控] 无持仓
2026-04-24 11:45:02,698 | [开仓雷达] 1.震荡:✅(评分:85) | 5K:✅ | 2.基础:✅(K:✅ A:✅ W:✅:116.0) | 3.盈亏比:✅(区:✅ RR:✅:5.80 止损:20.0) | 4.靠轨:❌(多:❌ 空:❌) | 5.过滤:❌(触:❌:0 偏:neutral) | 6.时效:✅(剩:58s) | ==> 多🔴 空🔴
2026-04-24 11:45:04,364 | [价格] Last:77585.7 | Mark:77600.67183333 | 延迟:0.2s | aggDelay:0.2s
2026-04-24 11:45:04,860 | [开仓雷达] 1.震荡:✅(评分:85) | 5K:✅ | 2.基础:✅(K:✅ A:✅ W:✅:116.0) | 3.盈亏比:✅(区:✅ RR:✅:5.80 止损:20.0) | 4.靠轨:❌(多:❌ 空:❌) | 5.过滤:❌(触:❌:0 偏:bear) | 6.时效:✅(剩:56s) | ==> 多🔴 空🔴
2026-04-24 11:45:07,220 | [开仓雷达] 1.震荡:✅(评分:85) | 5K:✅ | 2.基础:✅(K:✅ A:✅ W:✅:116.0) | 3.盈亏比:✅(区:✅ RR:✅:5.80 止损:20.0) | 4.靠轨:❌(多:❌ 空:❌) | 5.过滤:❌(触:❌:0 偏:neutral) | 6.时效:✅(剩:54s) | ==> 多🔴 空🔴
2026-04-24 11:45:08,597 | [余额同步] 本地模式，初始资金: 10000.0 U
2026-04-24 11:45:08,609 | [账户监控] 无持仓
2026-04-24 11:45:08,935 | [价格] Last:77585.5 | Mark:77594.23044203 | 延迟:0.0s | aggDelay:0.0s
2026-04-24 11:45:09,266 | [开仓雷达] 1.震荡:✅(评分:85) | 5K:✅ | 2.基础:✅(K:✅ A:✅ W:✅:116.0) | 3.盈亏比:✅(区:✅ RR:✅:5.80 止损:20.0) | 4.靠轨:❌(多:❌ 空:❌) | 5.过滤:❌(触:❌:0 偏:bear) | 6.时效:✅(剩:52s) | ==> 多🔴 空🔴
2026-04-24 11:45:11,449 | [开仓雷达] 1.震荡:✅(评分:85) | 5K:✅ | 2.基础:✅(K:✅ A:✅ W:✅:116.0) | 3.盈亏比:✅(区:✅ RR:✅:5.80 止损:20.0) | 4.靠轨:❌(多:❌ 空:❌) | 5.过滤:❌(触:❌:0 偏:bull) | 6.时效:✅(剩:50s) | ==> 多🔴 空🔴
2026-04-24 11:45:13,455 | [开仓雷达] 1.震荡:✅(评分:85) | 5K:✅ | 2.基础:✅(K:✅ A:✅ W:✅:116.0) | 3.盈亏比:✅(区:✅ RR:✅:5.80 止损:20.0) | 4.靠轨:❌(多:❌ 空:❌) | 5.过滤:❌(触:❌:0 偏:bull) | 6.时效:✅(剩:48s) | ==> 多🔴 空🔴
2026-04-24 11:45:14,095 | [价格] Last:77600.9 | Mark:77595.9 | 延迟:0.0s | aggDelay:0.0s
2026-04-24 11:45:15,680 | [开仓雷达] 1.震荡:✅(评分:85) | 5K:✅ | 2.基础:✅(K:✅ A:✅ W:✅:116.0) | 3.盈亏比:✅(区:✅ RR:✅:5.80 止损:20.0) | 4.靠轨:❌(多:❌ 空:❌) | 5.过滤:❌(触:❌:0 偏:bull) | 6.时效:✅(剩:45s) | ==> 多🔴 空🔴
2026-04-24 11:45:16,633 | [余额同步] 本地模式，初始资金: 10000.0 U
2026-04-24 11:45:16,633 | [账户监控] 无持仓
2026-04-24 11:45:17,752 | [开仓雷达] 1.震荡:✅(评分:85) | 5K:✅ | 2.基础:✅(K:✅ A:✅ W:✅:116.0) | 3.盈亏比:✅(区:✅ RR:✅:5.80 止损:20.0) | 4.靠轨:❌(多:❌ 空:❌) | 5.过滤:❌(触:❌:0 偏:bull) | 6.时效:✅(剩:43s) | ==> 多🔴 空🔴
2026-04-24 11:45:19,483 | [价格] Last:77607.1 | Mark:77600.9 | 延迟:0.0s | aggDelay:0.0s
2026-04-24 11:45:20,113 | [开仓雷达] 1.震荡:✅(评分:85) | 5K:✅ | 2.基础:✅(K:✅ A:✅ W:✅:116.0) | 3.盈亏比:✅(区:✅ RR:✅:5.80 止损:20.0) | 4.靠轨:❌(多:❌ 空:❌) | 5.过滤:❌(触:❌:0 偏:bull) | 6.时效:✅(剩:41s) | ==> 多🔴 空🔴
2026-04-24 11:45:22,566 | [开仓雷达] 1.震荡:✅(评分:85) | 5K:✅ | 2.基础:✅(K:✅ A:✅ W:✅:116.0) | 3.盈亏比:✅(区:✅ RR:✅:5.80 止损:20.0) | 4.靠轨:❌(多:❌ 空:❌) | 5.过滤:❌(触:❌:0 偏:bear) | 6.时效:✅(剩:38s) | ==> 多🔴 空🔴
2026-04-24 11:45:24,519 | [价格] Last:77596.9 | Mark:77602.17878561 | 延迟:0.0s | aggDelay:0.0s
2026-04-24 11:45:24,647 | [余额同步] 本地模式，初始资金: 10000.0 U
2026-04-24 11:45:24,652 | [账户监控] 无持仓
2026-04-24 11:45:24,855 | [开仓雷达] 1.震荡:✅(评分:85) | 5K:✅ | 2.基础:✅(K:✅ A:✅ W:✅:116.0) | 3.盈亏比:✅(区:✅ RR:✅:5.80 止损:20.0) | 4.靠轨:❌(多:❌ 空:❌) | 5.过滤:❌(触:❌:0 偏:bear) | 6.时效:✅(剩:36s) | ==> 多🔴 空🔴
2026-04-24 11:45:26,916 | [开仓雷达] 1.震荡:✅(评分:85) | 5K:✅ | 2.基础:✅(K:✅ A:✅ W:✅:116.0) | 3.盈亏比:✅(区:✅ RR:✅:5.80 止损:20.0) | 4.靠轨:❌(多:❌ 空:❌) | 5.过滤:❌(触:❌:0 偏:bull) | 6.时效:✅(剩:34s) | ==> 多🔴 空🔴
2026-04-24 11:45:29,135 | [开仓雷达] 1.震荡:✅(评分:85) | 5K:✅ | 2.基础:✅(K:✅ A:✅ W:✅:116.0) | 3.盈亏比:✅(区:✅ RR:✅:5.80 止损:20.0) | 4.靠轨:❌(多:❌ 空:❌) | 5.过滤:❌(触:❌:0 偏:neutral) | 6.时效:✅(剩:32s) | ==> 多🔴 空🔴
2026-04-24 11:45:29,901 | [价格] Last:77604.0 | Mark:77600.0 | 延迟:0.0s | aggDelay:0.0s
2026-04-24 11:45:31,206 | [开仓雷达] 1.震荡:✅(评分:85) | 5K:✅ | 2.基础:✅(K:✅ A:✅ W:✅:116.0) | 3.盈亏比:✅(区:✅ RR:✅:5.80 止损:20.0) | 4.靠轨:❌(多:❌ 空:❌) | 5.过滤:❌(触:❌:0 偏:neutral) | 6.时效:✅(剩:30s) | ==> 多🔴 空🔴
